[2024-05-11T11:30:31.939+0000] {processor.py:161} INFO - Started process (PID=57) to work on /home/airflow/.local/lib/python3.12/site-packages/airflow/example_dags/example_python_operator.py
[2024-05-11T11:30:31.970+0000] {processor.py:830} INFO - Processing file /home/airflow/.local/lib/python3.12/site-packages/airflow/example_dags/example_python_operator.py for tasks to queue
[2024-05-11T11:30:32.011+0000] {logging_mixin.py:188} INFO - [2024-05-11T11:30:32.011+0000] {dagbag.py:545} INFO - Filling up the DagBag from /home/airflow/.local/lib/python3.12/site-packages/airflow/example_dags/example_python_operator.py
[2024-05-11T11:30:32.321+0000] {processor.py:840} INFO - DAG(s) 'example_python_operator' retrieved from /home/airflow/.local/lib/python3.12/site-packages/airflow/example_dags/example_python_operator.py
[2024-05-11T11:30:32.912+0000] {logging_mixin.py:188} INFO - [2024-05-11T11:30:32.911+0000] {override.py:1829} INFO - Created Permission View: can edit on DAG:example_python_operator
[2024-05-11T11:30:32.931+0000] {logging_mixin.py:188} INFO - [2024-05-11T11:30:32.930+0000] {override.py:1829} INFO - Created Permission View: can read on DAG:example_python_operator
[2024-05-11T11:30:32.939+0000] {logging_mixin.py:188} INFO - [2024-05-11T11:30:32.938+0000] {override.py:1829} INFO - Created Permission View: can delete on DAG:example_python_operator
[2024-05-11T11:30:32.940+0000] {logging_mixin.py:188} INFO - [2024-05-11T11:30:32.940+0000] {dag.py:3096} INFO - Sync 1 DAGs
[2024-05-11T11:30:32.966+0000] {logging_mixin.py:188} INFO - [2024-05-11T11:30:32.965+0000] {dag.py:3118} INFO - Creating ORM DAG for example_python_operator
[2024-05-11T11:30:32.967+0000] {logging_mixin.py:188} INFO - [2024-05-11T11:30:32.967+0000] {dag.py:3954} INFO - Setting next_dagrun for example_python_operator to None, run_after=None
[2024-05-11T11:30:33.015+0000] {processor.py:183} INFO - Processing /home/airflow/.local/lib/python3.12/site-packages/airflow/example_dags/example_python_operator.py took 1.349 seconds
[2024-05-11T11:31:12.174+0000] {processor.py:161} INFO - Started process (PID=115) to work on /home/airflow/.local/lib/python3.12/site-packages/airflow/example_dags/example_python_operator.py
[2024-05-11T11:31:12.185+0000] {processor.py:830} INFO - Processing file /home/airflow/.local/lib/python3.12/site-packages/airflow/example_dags/example_python_operator.py for tasks to queue
[2024-05-11T11:31:12.189+0000] {logging_mixin.py:188} INFO - [2024-05-11T11:31:12.188+0000] {dagbag.py:545} INFO - Filling up the DagBag from /home/airflow/.local/lib/python3.12/site-packages/airflow/example_dags/example_python_operator.py
[2024-05-11T11:31:12.214+0000] {processor.py:840} INFO - DAG(s) 'example_python_operator' retrieved from /home/airflow/.local/lib/python3.12/site-packages/airflow/example_dags/example_python_operator.py
[2024-05-11T11:31:12.259+0000] {logging_mixin.py:188} INFO - [2024-05-11T11:31:12.258+0000] {dag.py:3096} INFO - Sync 1 DAGs
[2024-05-11T11:31:12.274+0000] {logging_mixin.py:188} INFO - [2024-05-11T11:31:12.274+0000] {dag.py:3954} INFO - Setting next_dagrun for example_python_operator to None, run_after=None
[2024-05-11T11:31:12.479+0000] {processor.py:183} INFO - Processing /home/airflow/.local/lib/python3.12/site-packages/airflow/example_dags/example_python_operator.py took 0.313 seconds
[2024-05-11T11:31:43.270+0000] {processor.py:161} INFO - Started process (PID=171) to work on /home/airflow/.local/lib/python3.12/site-packages/airflow/example_dags/example_python_operator.py
[2024-05-11T11:31:43.270+0000] {processor.py:830} INFO - Processing file /home/airflow/.local/lib/python3.12/site-packages/airflow/example_dags/example_python_operator.py for tasks to queue
[2024-05-11T11:31:43.272+0000] {logging_mixin.py:188} INFO - [2024-05-11T11:31:43.272+0000] {dagbag.py:545} INFO - Filling up the DagBag from /home/airflow/.local/lib/python3.12/site-packages/airflow/example_dags/example_python_operator.py
[2024-05-11T11:31:43.281+0000] {processor.py:840} INFO - DAG(s) 'example_python_operator' retrieved from /home/airflow/.local/lib/python3.12/site-packages/airflow/example_dags/example_python_operator.py
[2024-05-11T11:31:43.303+0000] {logging_mixin.py:188} INFO - [2024-05-11T11:31:43.303+0000] {dag.py:3096} INFO - Sync 1 DAGs
[2024-05-11T11:31:43.315+0000] {logging_mixin.py:188} INFO - [2024-05-11T11:31:43.314+0000] {dag.py:3954} INFO - Setting next_dagrun for example_python_operator to None, run_after=None
[2024-05-11T11:31:43.334+0000] {processor.py:183} INFO - Processing /home/airflow/.local/lib/python3.12/site-packages/airflow/example_dags/example_python_operator.py took 0.069 seconds
[2024-05-11T11:32:13.478+0000] {processor.py:161} INFO - Started process (PID=229) to work on /home/airflow/.local/lib/python3.12/site-packages/airflow/example_dags/example_python_operator.py
[2024-05-11T11:32:13.479+0000] {processor.py:830} INFO - Processing file /home/airflow/.local/lib/python3.12/site-packages/airflow/example_dags/example_python_operator.py for tasks to queue
[2024-05-11T11:32:13.481+0000] {logging_mixin.py:188} INFO - [2024-05-11T11:32:13.481+0000] {dagbag.py:545} INFO - Filling up the DagBag from /home/airflow/.local/lib/python3.12/site-packages/airflow/example_dags/example_python_operator.py
[2024-05-11T11:32:13.491+0000] {processor.py:840} INFO - DAG(s) 'example_python_operator' retrieved from /home/airflow/.local/lib/python3.12/site-packages/airflow/example_dags/example_python_operator.py
[2024-05-11T11:32:13.511+0000] {logging_mixin.py:188} INFO - [2024-05-11T11:32:13.510+0000] {dag.py:3096} INFO - Sync 1 DAGs
[2024-05-11T11:32:13.522+0000] {logging_mixin.py:188} INFO - [2024-05-11T11:32:13.522+0000] {dag.py:3954} INFO - Setting next_dagrun for example_python_operator to None, run_after=None
[2024-05-11T11:32:13.540+0000] {processor.py:183} INFO - Processing /home/airflow/.local/lib/python3.12/site-packages/airflow/example_dags/example_python_operator.py took 0.066 seconds
[2024-05-11T11:32:44.515+0000] {processor.py:161} INFO - Started process (PID=287) to work on /home/airflow/.local/lib/python3.12/site-packages/airflow/example_dags/example_python_operator.py
[2024-05-11T11:32:44.515+0000] {processor.py:830} INFO - Processing file /home/airflow/.local/lib/python3.12/site-packages/airflow/example_dags/example_python_operator.py for tasks to queue
[2024-05-11T11:32:44.517+0000] {logging_mixin.py:188} INFO - [2024-05-11T11:32:44.517+0000] {dagbag.py:545} INFO - Filling up the DagBag from /home/airflow/.local/lib/python3.12/site-packages/airflow/example_dags/example_python_operator.py
[2024-05-11T11:32:44.528+0000] {processor.py:840} INFO - DAG(s) 'example_python_operator' retrieved from /home/airflow/.local/lib/python3.12/site-packages/airflow/example_dags/example_python_operator.py
[2024-05-11T11:32:44.550+0000] {logging_mixin.py:188} INFO - [2024-05-11T11:32:44.550+0000] {dag.py:3096} INFO - Sync 1 DAGs
[2024-05-11T11:32:44.563+0000] {logging_mixin.py:188} INFO - [2024-05-11T11:32:44.563+0000] {dag.py:3954} INFO - Setting next_dagrun for example_python_operator to None, run_after=None
[2024-05-11T11:32:44.583+0000] {processor.py:183} INFO - Processing /home/airflow/.local/lib/python3.12/site-packages/airflow/example_dags/example_python_operator.py took 0.073 seconds
[2024-05-11T11:33:14.695+0000] {processor.py:161} INFO - Started process (PID=345) to work on /home/airflow/.local/lib/python3.12/site-packages/airflow/example_dags/example_python_operator.py
[2024-05-11T11:33:14.697+0000] {processor.py:830} INFO - Processing file /home/airflow/.local/lib/python3.12/site-packages/airflow/example_dags/example_python_operator.py for tasks to queue
[2024-05-11T11:33:14.699+0000] {logging_mixin.py:188} INFO - [2024-05-11T11:33:14.699+0000] {dagbag.py:545} INFO - Filling up the DagBag from /home/airflow/.local/lib/python3.12/site-packages/airflow/example_dags/example_python_operator.py
[2024-05-11T11:33:14.716+0000] {processor.py:840} INFO - DAG(s) 'example_python_operator' retrieved from /home/airflow/.local/lib/python3.12/site-packages/airflow/example_dags/example_python_operator.py
[2024-05-11T11:33:14.746+0000] {logging_mixin.py:188} INFO - [2024-05-11T11:33:14.746+0000] {dag.py:3096} INFO - Sync 1 DAGs
[2024-05-11T11:33:14.789+0000] {logging_mixin.py:188} INFO - [2024-05-11T11:33:14.789+0000] {dag.py:3954} INFO - Setting next_dagrun for example_python_operator to None, run_after=None
[2024-05-11T11:33:14.858+0000] {processor.py:183} INFO - Processing /home/airflow/.local/lib/python3.12/site-packages/airflow/example_dags/example_python_operator.py took 0.169 seconds
[2024-05-11T11:33:45.731+0000] {processor.py:161} INFO - Started process (PID=403) to work on /home/airflow/.local/lib/python3.12/site-packages/airflow/example_dags/example_python_operator.py
[2024-05-11T11:33:45.733+0000] {processor.py:830} INFO - Processing file /home/airflow/.local/lib/python3.12/site-packages/airflow/example_dags/example_python_operator.py for tasks to queue
[2024-05-11T11:33:45.735+0000] {logging_mixin.py:188} INFO - [2024-05-11T11:33:45.734+0000] {dagbag.py:545} INFO - Filling up the DagBag from /home/airflow/.local/lib/python3.12/site-packages/airflow/example_dags/example_python_operator.py
[2024-05-11T11:33:45.744+0000] {processor.py:840} INFO - DAG(s) 'example_python_operator' retrieved from /home/airflow/.local/lib/python3.12/site-packages/airflow/example_dags/example_python_operator.py
[2024-05-11T11:33:45.771+0000] {logging_mixin.py:188} INFO - [2024-05-11T11:33:45.770+0000] {dag.py:3096} INFO - Sync 1 DAGs
[2024-05-11T11:33:45.783+0000] {logging_mixin.py:188} INFO - [2024-05-11T11:33:45.783+0000] {dag.py:3954} INFO - Setting next_dagrun for example_python_operator to None, run_after=None
[2024-05-11T11:33:45.807+0000] {processor.py:183} INFO - Processing /home/airflow/.local/lib/python3.12/site-packages/airflow/example_dags/example_python_operator.py took 0.081 seconds
[2024-05-11T11:34:16.612+0000] {processor.py:161} INFO - Started process (PID=461) to work on /home/airflow/.local/lib/python3.12/site-packages/airflow/example_dags/example_python_operator.py
[2024-05-11T11:34:16.614+0000] {processor.py:830} INFO - Processing file /home/airflow/.local/lib/python3.12/site-packages/airflow/example_dags/example_python_operator.py for tasks to queue
[2024-05-11T11:34:16.616+0000] {logging_mixin.py:188} INFO - [2024-05-11T11:34:16.615+0000] {dagbag.py:545} INFO - Filling up the DagBag from /home/airflow/.local/lib/python3.12/site-packages/airflow/example_dags/example_python_operator.py
[2024-05-11T11:34:16.627+0000] {processor.py:840} INFO - DAG(s) 'example_python_operator' retrieved from /home/airflow/.local/lib/python3.12/site-packages/airflow/example_dags/example_python_operator.py
[2024-05-11T11:34:16.637+0000] {logging_mixin.py:188} INFO - [2024-05-11T11:34:16.636+0000] {dag.py:3096} INFO - Sync 1 DAGs
[2024-05-11T11:34:16.649+0000] {logging_mixin.py:188} INFO - [2024-05-11T11:34:16.649+0000] {dag.py:3954} INFO - Setting next_dagrun for example_python_operator to None, run_after=None
[2024-05-11T11:34:16.666+0000] {processor.py:183} INFO - Processing /home/airflow/.local/lib/python3.12/site-packages/airflow/example_dags/example_python_operator.py took 0.065 seconds
[2024-05-11T11:34:47.031+0000] {processor.py:161} INFO - Started process (PID=519) to work on /home/airflow/.local/lib/python3.12/site-packages/airflow/example_dags/example_python_operator.py
[2024-05-11T11:34:47.032+0000] {processor.py:830} INFO - Processing file /home/airflow/.local/lib/python3.12/site-packages/airflow/example_dags/example_python_operator.py for tasks to queue
[2024-05-11T11:34:47.033+0000] {logging_mixin.py:188} INFO - [2024-05-11T11:34:47.033+0000] {dagbag.py:545} INFO - Filling up the DagBag from /home/airflow/.local/lib/python3.12/site-packages/airflow/example_dags/example_python_operator.py
[2024-05-11T11:34:47.042+0000] {processor.py:840} INFO - DAG(s) 'example_python_operator' retrieved from /home/airflow/.local/lib/python3.12/site-packages/airflow/example_dags/example_python_operator.py
[2024-05-11T11:34:47.128+0000] {logging_mixin.py:188} INFO - [2024-05-11T11:34:47.128+0000] {dag.py:3096} INFO - Sync 1 DAGs
[2024-05-11T11:34:47.138+0000] {logging_mixin.py:188} INFO - [2024-05-11T11:34:47.138+0000] {dag.py:3954} INFO - Setting next_dagrun for example_python_operator to None, run_after=None
[2024-05-11T11:34:47.160+0000] {processor.py:183} INFO - Processing /home/airflow/.local/lib/python3.12/site-packages/airflow/example_dags/example_python_operator.py took 0.134 seconds
[2024-05-11T15:07:40.609+0000] {processor.py:161} INFO - Started process (PID=39) to work on /home/airflow/.local/lib/python3.12/site-packages/airflow/example_dags/example_python_operator.py
[2024-05-11T15:07:40.610+0000] {processor.py:830} INFO - Processing file /home/airflow/.local/lib/python3.12/site-packages/airflow/example_dags/example_python_operator.py for tasks to queue
[2024-05-11T15:07:40.612+0000] {logging_mixin.py:188} INFO - [2024-05-11T15:07:40.612+0000] {dagbag.py:545} INFO - Filling up the DagBag from /home/airflow/.local/lib/python3.12/site-packages/airflow/example_dags/example_python_operator.py
[2024-05-11T15:07:40.621+0000] {processor.py:840} INFO - DAG(s) 'example_python_operator' retrieved from /home/airflow/.local/lib/python3.12/site-packages/airflow/example_dags/example_python_operator.py
[2024-05-11T15:07:40.787+0000] {logging_mixin.py:188} INFO - [2024-05-11T15:07:40.787+0000] {dag.py:3096} INFO - Sync 1 DAGs
[2024-05-11T15:07:40.805+0000] {logging_mixin.py:188} INFO - [2024-05-11T15:07:40.804+0000] {dag.py:3954} INFO - Setting next_dagrun for example_python_operator to None, run_after=None
[2024-05-11T15:07:40.839+0000] {processor.py:183} INFO - Processing /home/airflow/.local/lib/python3.12/site-packages/airflow/example_dags/example_python_operator.py took 0.236 seconds
[2024-05-11T15:08:11.015+0000] {processor.py:161} INFO - Started process (PID=97) to work on /home/airflow/.local/lib/python3.12/site-packages/airflow/example_dags/example_python_operator.py
[2024-05-11T15:08:11.017+0000] {processor.py:830} INFO - Processing file /home/airflow/.local/lib/python3.12/site-packages/airflow/example_dags/example_python_operator.py for tasks to queue
[2024-05-11T15:08:11.018+0000] {logging_mixin.py:188} INFO - [2024-05-11T15:08:11.018+0000] {dagbag.py:545} INFO - Filling up the DagBag from /home/airflow/.local/lib/python3.12/site-packages/airflow/example_dags/example_python_operator.py
[2024-05-11T15:08:11.028+0000] {processor.py:840} INFO - DAG(s) 'example_python_operator' retrieved from /home/airflow/.local/lib/python3.12/site-packages/airflow/example_dags/example_python_operator.py
[2024-05-11T15:08:11.050+0000] {logging_mixin.py:188} INFO - [2024-05-11T15:08:11.049+0000] {dag.py:3096} INFO - Sync 1 DAGs
[2024-05-11T15:08:11.062+0000] {logging_mixin.py:188} INFO - [2024-05-11T15:08:11.061+0000] {dag.py:3954} INFO - Setting next_dagrun for example_python_operator to None, run_after=None
[2024-05-11T15:08:11.078+0000] {processor.py:183} INFO - Processing /home/airflow/.local/lib/python3.12/site-packages/airflow/example_dags/example_python_operator.py took 0.068 seconds
[2024-05-11T15:18:26.817+0000] {processor.py:161} INFO - Started process (PID=39) to work on /home/airflow/.local/lib/python3.12/site-packages/airflow/example_dags/example_python_operator.py
[2024-05-11T15:18:26.819+0000] {processor.py:830} INFO - Processing file /home/airflow/.local/lib/python3.12/site-packages/airflow/example_dags/example_python_operator.py for tasks to queue
[2024-05-11T15:18:26.823+0000] {logging_mixin.py:188} INFO - [2024-05-11T15:18:26.822+0000] {dagbag.py:545} INFO - Filling up the DagBag from /home/airflow/.local/lib/python3.12/site-packages/airflow/example_dags/example_python_operator.py
[2024-05-11T15:18:26.840+0000] {processor.py:840} INFO - DAG(s) 'example_python_operator' retrieved from /home/airflow/.local/lib/python3.12/site-packages/airflow/example_dags/example_python_operator.py
[2024-05-11T15:18:26.857+0000] {logging_mixin.py:188} INFO - [2024-05-11T15:18:26.856+0000] {dag.py:3096} INFO - Sync 1 DAGs
[2024-05-11T15:18:26.883+0000] {logging_mixin.py:188} INFO - [2024-05-11T15:18:26.882+0000] {dag.py:3954} INFO - Setting next_dagrun for example_python_operator to None, run_after=None
[2024-05-11T15:18:26.924+0000] {processor.py:183} INFO - Processing /home/airflow/.local/lib/python3.12/site-packages/airflow/example_dags/example_python_operator.py took 0.117 seconds
[2024-05-11T15:18:57.263+0000] {processor.py:161} INFO - Started process (PID=97) to work on /home/airflow/.local/lib/python3.12/site-packages/airflow/example_dags/example_python_operator.py
[2024-05-11T15:18:57.264+0000] {processor.py:830} INFO - Processing file /home/airflow/.local/lib/python3.12/site-packages/airflow/example_dags/example_python_operator.py for tasks to queue
[2024-05-11T15:18:57.265+0000] {logging_mixin.py:188} INFO - [2024-05-11T15:18:57.265+0000] {dagbag.py:545} INFO - Filling up the DagBag from /home/airflow/.local/lib/python3.12/site-packages/airflow/example_dags/example_python_operator.py
[2024-05-11T15:18:57.277+0000] {processor.py:840} INFO - DAG(s) 'example_python_operator' retrieved from /home/airflow/.local/lib/python3.12/site-packages/airflow/example_dags/example_python_operator.py
[2024-05-11T15:18:57.287+0000] {logging_mixin.py:188} INFO - [2024-05-11T15:18:57.287+0000] {dag.py:3096} INFO - Sync 1 DAGs
[2024-05-11T15:18:57.302+0000] {logging_mixin.py:188} INFO - [2024-05-11T15:18:57.302+0000] {dag.py:3954} INFO - Setting next_dagrun for example_python_operator to None, run_after=None
[2024-05-11T15:18:57.321+0000] {processor.py:183} INFO - Processing /home/airflow/.local/lib/python3.12/site-packages/airflow/example_dags/example_python_operator.py took 0.063 seconds
[2024-05-11T15:19:27.868+0000] {processor.py:161} INFO - Started process (PID=155) to work on /home/airflow/.local/lib/python3.12/site-packages/airflow/example_dags/example_python_operator.py
[2024-05-11T15:19:27.869+0000] {processor.py:830} INFO - Processing file /home/airflow/.local/lib/python3.12/site-packages/airflow/example_dags/example_python_operator.py for tasks to queue
[2024-05-11T15:19:27.870+0000] {logging_mixin.py:188} INFO - [2024-05-11T15:19:27.870+0000] {dagbag.py:545} INFO - Filling up the DagBag from /home/airflow/.local/lib/python3.12/site-packages/airflow/example_dags/example_python_operator.py
[2024-05-11T15:19:27.879+0000] {processor.py:840} INFO - DAG(s) 'example_python_operator' retrieved from /home/airflow/.local/lib/python3.12/site-packages/airflow/example_dags/example_python_operator.py
[2024-05-11T15:19:27.975+0000] {logging_mixin.py:188} INFO - [2024-05-11T15:19:27.975+0000] {dag.py:3096} INFO - Sync 1 DAGs
[2024-05-11T15:19:27.985+0000] {logging_mixin.py:188} INFO - [2024-05-11T15:19:27.985+0000] {dag.py:3954} INFO - Setting next_dagrun for example_python_operator to None, run_after=None
[2024-05-11T15:19:28.003+0000] {processor.py:183} INFO - Processing /home/airflow/.local/lib/python3.12/site-packages/airflow/example_dags/example_python_operator.py took 0.139 seconds
[2024-05-11T15:19:58.099+0000] {processor.py:161} INFO - Started process (PID=213) to work on /home/airflow/.local/lib/python3.12/site-packages/airflow/example_dags/example_python_operator.py
[2024-05-11T15:19:58.100+0000] {processor.py:830} INFO - Processing file /home/airflow/.local/lib/python3.12/site-packages/airflow/example_dags/example_python_operator.py for tasks to queue
[2024-05-11T15:19:58.101+0000] {logging_mixin.py:188} INFO - [2024-05-11T15:19:58.101+0000] {dagbag.py:545} INFO - Filling up the DagBag from /home/airflow/.local/lib/python3.12/site-packages/airflow/example_dags/example_python_operator.py
[2024-05-11T15:19:58.110+0000] {processor.py:840} INFO - DAG(s) 'example_python_operator' retrieved from /home/airflow/.local/lib/python3.12/site-packages/airflow/example_dags/example_python_operator.py
[2024-05-11T15:19:58.130+0000] {logging_mixin.py:188} INFO - [2024-05-11T15:19:58.129+0000] {dag.py:3096} INFO - Sync 1 DAGs
[2024-05-11T15:19:58.141+0000] {logging_mixin.py:188} INFO - [2024-05-11T15:19:58.141+0000] {dag.py:3954} INFO - Setting next_dagrun for example_python_operator to None, run_after=None
[2024-05-11T15:19:58.158+0000] {processor.py:183} INFO - Processing /home/airflow/.local/lib/python3.12/site-packages/airflow/example_dags/example_python_operator.py took 0.063 seconds
[2024-05-11T15:20:28.405+0000] {processor.py:161} INFO - Started process (PID=271) to work on /home/airflow/.local/lib/python3.12/site-packages/airflow/example_dags/example_python_operator.py
[2024-05-11T15:20:28.407+0000] {processor.py:830} INFO - Processing file /home/airflow/.local/lib/python3.12/site-packages/airflow/example_dags/example_python_operator.py for tasks to queue
[2024-05-11T15:20:28.409+0000] {logging_mixin.py:188} INFO - [2024-05-11T15:20:28.408+0000] {dagbag.py:545} INFO - Filling up the DagBag from /home/airflow/.local/lib/python3.12/site-packages/airflow/example_dags/example_python_operator.py
[2024-05-11T15:20:28.422+0000] {processor.py:840} INFO - DAG(s) 'example_python_operator' retrieved from /home/airflow/.local/lib/python3.12/site-packages/airflow/example_dags/example_python_operator.py
[2024-05-11T15:20:28.446+0000] {logging_mixin.py:188} INFO - [2024-05-11T15:20:28.446+0000] {dag.py:3096} INFO - Sync 1 DAGs
[2024-05-11T15:20:28.461+0000] {logging_mixin.py:188} INFO - [2024-05-11T15:20:28.460+0000] {dag.py:3954} INFO - Setting next_dagrun for example_python_operator to None, run_after=None
[2024-05-11T15:20:28.482+0000] {processor.py:183} INFO - Processing /home/airflow/.local/lib/python3.12/site-packages/airflow/example_dags/example_python_operator.py took 0.084 seconds
[2024-05-11T15:26:48.678+0000] {processor.py:161} INFO - Started process (PID=40) to work on /home/airflow/.local/lib/python3.12/site-packages/airflow/example_dags/example_python_operator.py
[2024-05-11T15:26:48.680+0000] {processor.py:830} INFO - Processing file /home/airflow/.local/lib/python3.12/site-packages/airflow/example_dags/example_python_operator.py for tasks to queue
[2024-05-11T15:26:48.681+0000] {logging_mixin.py:188} INFO - [2024-05-11T15:26:48.681+0000] {dagbag.py:545} INFO - Filling up the DagBag from /home/airflow/.local/lib/python3.12/site-packages/airflow/example_dags/example_python_operator.py
[2024-05-11T15:26:48.704+0000] {processor.py:840} INFO - DAG(s) 'example_python_operator' retrieved from /home/airflow/.local/lib/python3.12/site-packages/airflow/example_dags/example_python_operator.py
[2024-05-11T15:26:48.828+0000] {logging_mixin.py:188} INFO - [2024-05-11T15:26:48.827+0000] {dag.py:3096} INFO - Sync 1 DAGs
[2024-05-11T15:26:48.846+0000] {logging_mixin.py:188} INFO - [2024-05-11T15:26:48.845+0000] {dag.py:3954} INFO - Setting next_dagrun for example_python_operator to None, run_after=None
[2024-05-11T15:26:48.879+0000] {processor.py:183} INFO - Processing /home/airflow/.local/lib/python3.12/site-packages/airflow/example_dags/example_python_operator.py took 0.206 seconds
[2024-05-11T15:27:21.466+0000] {processor.py:161} INFO - Started process (PID=99) to work on /home/airflow/.local/lib/python3.12/site-packages/airflow/example_dags/example_python_operator.py
[2024-05-11T15:27:21.472+0000] {processor.py:830} INFO - Processing file /home/airflow/.local/lib/python3.12/site-packages/airflow/example_dags/example_python_operator.py for tasks to queue
[2024-05-11T15:27:21.474+0000] {logging_mixin.py:188} INFO - [2024-05-11T15:27:21.474+0000] {dagbag.py:545} INFO - Filling up the DagBag from /home/airflow/.local/lib/python3.12/site-packages/airflow/example_dags/example_python_operator.py
[2024-05-11T15:27:21.487+0000] {processor.py:840} INFO - DAG(s) 'example_python_operator' retrieved from /home/airflow/.local/lib/python3.12/site-packages/airflow/example_dags/example_python_operator.py
[2024-05-11T15:27:21.512+0000] {logging_mixin.py:188} INFO - [2024-05-11T15:27:21.512+0000] {dag.py:3096} INFO - Sync 1 DAGs
[2024-05-11T15:27:21.526+0000] {logging_mixin.py:188} INFO - [2024-05-11T15:27:21.526+0000] {dag.py:3954} INFO - Setting next_dagrun for example_python_operator to None, run_after=None
[2024-05-11T15:27:21.551+0000] {processor.py:183} INFO - Processing /home/airflow/.local/lib/python3.12/site-packages/airflow/example_dags/example_python_operator.py took 0.090 seconds
[2024-05-11T15:27:51.941+0000] {processor.py:161} INFO - Started process (PID=157) to work on /home/airflow/.local/lib/python3.12/site-packages/airflow/example_dags/example_python_operator.py
[2024-05-11T15:27:51.963+0000] {processor.py:830} INFO - Processing file /home/airflow/.local/lib/python3.12/site-packages/airflow/example_dags/example_python_operator.py for tasks to queue
[2024-05-11T15:27:51.966+0000] {logging_mixin.py:188} INFO - [2024-05-11T15:27:51.965+0000] {dagbag.py:545} INFO - Filling up the DagBag from /home/airflow/.local/lib/python3.12/site-packages/airflow/example_dags/example_python_operator.py
[2024-05-11T15:27:51.976+0000] {processor.py:840} INFO - DAG(s) 'example_python_operator' retrieved from /home/airflow/.local/lib/python3.12/site-packages/airflow/example_dags/example_python_operator.py
[2024-05-11T15:27:51.998+0000] {logging_mixin.py:188} INFO - [2024-05-11T15:27:51.998+0000] {dag.py:3096} INFO - Sync 1 DAGs
[2024-05-11T15:27:52.013+0000] {logging_mixin.py:188} INFO - [2024-05-11T15:27:52.013+0000] {dag.py:3954} INFO - Setting next_dagrun for example_python_operator to None, run_after=None
[2024-05-11T15:27:52.039+0000] {processor.py:183} INFO - Processing /home/airflow/.local/lib/python3.12/site-packages/airflow/example_dags/example_python_operator.py took 0.103 seconds
[2024-05-11T15:28:22.078+0000] {processor.py:161} INFO - Started process (PID=221) to work on /home/airflow/.local/lib/python3.12/site-packages/airflow/example_dags/example_python_operator.py
[2024-05-11T15:28:22.079+0000] {processor.py:830} INFO - Processing file /home/airflow/.local/lib/python3.12/site-packages/airflow/example_dags/example_python_operator.py for tasks to queue
[2024-05-11T15:28:22.080+0000] {logging_mixin.py:188} INFO - [2024-05-11T15:28:22.080+0000] {dagbag.py:545} INFO - Filling up the DagBag from /home/airflow/.local/lib/python3.12/site-packages/airflow/example_dags/example_python_operator.py
[2024-05-11T15:28:22.089+0000] {processor.py:840} INFO - DAG(s) 'example_python_operator' retrieved from /home/airflow/.local/lib/python3.12/site-packages/airflow/example_dags/example_python_operator.py
[2024-05-11T15:28:22.107+0000] {logging_mixin.py:188} INFO - [2024-05-11T15:28:22.107+0000] {dag.py:3096} INFO - Sync 1 DAGs
[2024-05-11T15:28:22.118+0000] {logging_mixin.py:188} INFO - [2024-05-11T15:28:22.118+0000] {dag.py:3954} INFO - Setting next_dagrun for example_python_operator to None, run_after=None
[2024-05-11T15:28:22.135+0000] {processor.py:183} INFO - Processing /home/airflow/.local/lib/python3.12/site-packages/airflow/example_dags/example_python_operator.py took 0.061 seconds
[2024-05-11T15:28:52.244+0000] {processor.py:161} INFO - Started process (PID=279) to work on /home/airflow/.local/lib/python3.12/site-packages/airflow/example_dags/example_python_operator.py
[2024-05-11T15:28:52.245+0000] {processor.py:830} INFO - Processing file /home/airflow/.local/lib/python3.12/site-packages/airflow/example_dags/example_python_operator.py for tasks to queue
[2024-05-11T15:28:52.248+0000] {logging_mixin.py:188} INFO - [2024-05-11T15:28:52.247+0000] {dagbag.py:545} INFO - Filling up the DagBag from /home/airflow/.local/lib/python3.12/site-packages/airflow/example_dags/example_python_operator.py
[2024-05-11T15:28:52.260+0000] {processor.py:840} INFO - DAG(s) 'example_python_operator' retrieved from /home/airflow/.local/lib/python3.12/site-packages/airflow/example_dags/example_python_operator.py
[2024-05-11T15:28:52.289+0000] {logging_mixin.py:188} INFO - [2024-05-11T15:28:52.288+0000] {dag.py:3096} INFO - Sync 1 DAGs
[2024-05-11T15:28:52.304+0000] {logging_mixin.py:188} INFO - [2024-05-11T15:28:52.304+0000] {dag.py:3954} INFO - Setting next_dagrun for example_python_operator to None, run_after=None
[2024-05-11T15:28:52.332+0000] {processor.py:183} INFO - Processing /home/airflow/.local/lib/python3.12/site-packages/airflow/example_dags/example_python_operator.py took 0.094 seconds
[2024-05-11T15:46:05.932+0000] {processor.py:161} INFO - Started process (PID=39) to work on /home/airflow/.local/lib/python3.12/site-packages/airflow/example_dags/example_python_operator.py
[2024-05-11T15:46:05.934+0000] {processor.py:830} INFO - Processing file /home/airflow/.local/lib/python3.12/site-packages/airflow/example_dags/example_python_operator.py for tasks to queue
[2024-05-11T15:46:05.936+0000] {logging_mixin.py:188} INFO - [2024-05-11T15:46:05.936+0000] {dagbag.py:545} INFO - Filling up the DagBag from /home/airflow/.local/lib/python3.12/site-packages/airflow/example_dags/example_python_operator.py
[2024-05-11T15:46:05.953+0000] {processor.py:840} INFO - DAG(s) 'example_python_operator' retrieved from /home/airflow/.local/lib/python3.12/site-packages/airflow/example_dags/example_python_operator.py
[2024-05-11T15:46:06.072+0000] {logging_mixin.py:188} INFO - [2024-05-11T15:46:06.071+0000] {dag.py:3096} INFO - Sync 1 DAGs
[2024-05-11T15:46:06.086+0000] {logging_mixin.py:188} INFO - [2024-05-11T15:46:06.085+0000] {dag.py:3954} INFO - Setting next_dagrun for example_python_operator to None, run_after=None
[2024-05-11T15:46:06.108+0000] {processor.py:183} INFO - Processing /home/airflow/.local/lib/python3.12/site-packages/airflow/example_dags/example_python_operator.py took 0.181 seconds
[2024-05-11T15:46:36.383+0000] {processor.py:161} INFO - Started process (PID=97) to work on /home/airflow/.local/lib/python3.12/site-packages/airflow/example_dags/example_python_operator.py
[2024-05-11T15:46:36.385+0000] {processor.py:830} INFO - Processing file /home/airflow/.local/lib/python3.12/site-packages/airflow/example_dags/example_python_operator.py for tasks to queue
[2024-05-11T15:46:36.387+0000] {logging_mixin.py:188} INFO - [2024-05-11T15:46:36.387+0000] {dagbag.py:545} INFO - Filling up the DagBag from /home/airflow/.local/lib/python3.12/site-packages/airflow/example_dags/example_python_operator.py
[2024-05-11T15:46:36.424+0000] {processor.py:840} INFO - DAG(s) 'example_python_operator' retrieved from /home/airflow/.local/lib/python3.12/site-packages/airflow/example_dags/example_python_operator.py
[2024-05-11T15:46:36.468+0000] {logging_mixin.py:188} INFO - [2024-05-11T15:46:36.467+0000] {dag.py:3096} INFO - Sync 1 DAGs
[2024-05-11T15:46:36.484+0000] {logging_mixin.py:188} INFO - [2024-05-11T15:46:36.484+0000] {dag.py:3954} INFO - Setting next_dagrun for example_python_operator to None, run_after=None
[2024-05-11T15:46:36.523+0000] {processor.py:183} INFO - Processing /home/airflow/.local/lib/python3.12/site-packages/airflow/example_dags/example_python_operator.py took 0.146 seconds
[2024-05-11T15:47:07.597+0000] {processor.py:161} INFO - Started process (PID=155) to work on /home/airflow/.local/lib/python3.12/site-packages/airflow/example_dags/example_python_operator.py
[2024-05-11T15:47:07.650+0000] {processor.py:830} INFO - Processing file /home/airflow/.local/lib/python3.12/site-packages/airflow/example_dags/example_python_operator.py for tasks to queue
[2024-05-11T15:47:07.652+0000] {logging_mixin.py:188} INFO - [2024-05-11T15:47:07.652+0000] {dagbag.py:545} INFO - Filling up the DagBag from /home/airflow/.local/lib/python3.12/site-packages/airflow/example_dags/example_python_operator.py
[2024-05-11T15:47:07.663+0000] {processor.py:840} INFO - DAG(s) 'example_python_operator' retrieved from /home/airflow/.local/lib/python3.12/site-packages/airflow/example_dags/example_python_operator.py
[2024-05-11T15:47:07.743+0000] {logging_mixin.py:188} INFO - [2024-05-11T15:47:07.743+0000] {dag.py:3096} INFO - Sync 1 DAGs
[2024-05-11T15:47:07.857+0000] {logging_mixin.py:188} INFO - [2024-05-11T15:47:07.857+0000] {dag.py:3954} INFO - Setting next_dagrun for example_python_operator to None, run_after=None
[2024-05-11T15:47:08.457+0000] {processor.py:183} INFO - Processing /home/airflow/.local/lib/python3.12/site-packages/airflow/example_dags/example_python_operator.py took 0.865 seconds
[2024-05-11T15:47:39.044+0000] {processor.py:161} INFO - Started process (PID=213) to work on /home/airflow/.local/lib/python3.12/site-packages/airflow/example_dags/example_python_operator.py
[2024-05-11T15:47:39.045+0000] {processor.py:830} INFO - Processing file /home/airflow/.local/lib/python3.12/site-packages/airflow/example_dags/example_python_operator.py for tasks to queue
[2024-05-11T15:47:39.047+0000] {logging_mixin.py:188} INFO - [2024-05-11T15:47:39.047+0000] {dagbag.py:545} INFO - Filling up the DagBag from /home/airflow/.local/lib/python3.12/site-packages/airflow/example_dags/example_python_operator.py
[2024-05-11T15:47:39.055+0000] {processor.py:840} INFO - DAG(s) 'example_python_operator' retrieved from /home/airflow/.local/lib/python3.12/site-packages/airflow/example_dags/example_python_operator.py
[2024-05-11T15:47:39.072+0000] {logging_mixin.py:188} INFO - [2024-05-11T15:47:39.072+0000] {dag.py:3096} INFO - Sync 1 DAGs
[2024-05-11T15:47:39.083+0000] {logging_mixin.py:188} INFO - [2024-05-11T15:47:39.083+0000] {dag.py:3954} INFO - Setting next_dagrun for example_python_operator to None, run_after=None
[2024-05-11T15:47:39.101+0000] {processor.py:183} INFO - Processing /home/airflow/.local/lib/python3.12/site-packages/airflow/example_dags/example_python_operator.py took 0.062 seconds
[2024-05-11T15:48:09.268+0000] {processor.py:161} INFO - Started process (PID=271) to work on /home/airflow/.local/lib/python3.12/site-packages/airflow/example_dags/example_python_operator.py
[2024-05-11T15:48:09.269+0000] {processor.py:830} INFO - Processing file /home/airflow/.local/lib/python3.12/site-packages/airflow/example_dags/example_python_operator.py for tasks to queue
[2024-05-11T15:48:09.270+0000] {logging_mixin.py:188} INFO - [2024-05-11T15:48:09.270+0000] {dagbag.py:545} INFO - Filling up the DagBag from /home/airflow/.local/lib/python3.12/site-packages/airflow/example_dags/example_python_operator.py
[2024-05-11T15:48:09.278+0000] {processor.py:840} INFO - DAG(s) 'example_python_operator' retrieved from /home/airflow/.local/lib/python3.12/site-packages/airflow/example_dags/example_python_operator.py
[2024-05-11T15:48:09.297+0000] {logging_mixin.py:188} INFO - [2024-05-11T15:48:09.297+0000] {dag.py:3096} INFO - Sync 1 DAGs
[2024-05-11T15:48:09.309+0000] {logging_mixin.py:188} INFO - [2024-05-11T15:48:09.308+0000] {dag.py:3954} INFO - Setting next_dagrun for example_python_operator to None, run_after=None
[2024-05-11T15:48:09.331+0000] {processor.py:183} INFO - Processing /home/airflow/.local/lib/python3.12/site-packages/airflow/example_dags/example_python_operator.py took 0.067 seconds
[2024-05-11T15:48:39.374+0000] {processor.py:161} INFO - Started process (PID=328) to work on /home/airflow/.local/lib/python3.12/site-packages/airflow/example_dags/example_python_operator.py
[2024-05-11T15:48:39.374+0000] {processor.py:830} INFO - Processing file /home/airflow/.local/lib/python3.12/site-packages/airflow/example_dags/example_python_operator.py for tasks to queue
[2024-05-11T15:48:39.376+0000] {logging_mixin.py:188} INFO - [2024-05-11T15:48:39.376+0000] {dagbag.py:545} INFO - Filling up the DagBag from /home/airflow/.local/lib/python3.12/site-packages/airflow/example_dags/example_python_operator.py
[2024-05-11T15:48:39.384+0000] {processor.py:840} INFO - DAG(s) 'example_python_operator' retrieved from /home/airflow/.local/lib/python3.12/site-packages/airflow/example_dags/example_python_operator.py
[2024-05-11T15:48:39.402+0000] {logging_mixin.py:188} INFO - [2024-05-11T15:48:39.402+0000] {dag.py:3096} INFO - Sync 1 DAGs
[2024-05-11T15:48:39.413+0000] {logging_mixin.py:188} INFO - [2024-05-11T15:48:39.413+0000] {dag.py:3954} INFO - Setting next_dagrun for example_python_operator to None, run_after=None
[2024-05-11T15:48:39.429+0000] {processor.py:183} INFO - Processing /home/airflow/.local/lib/python3.12/site-packages/airflow/example_dags/example_python_operator.py took 0.060 seconds
[2024-05-11T15:49:10.083+0000] {processor.py:161} INFO - Started process (PID=387) to work on /home/airflow/.local/lib/python3.12/site-packages/airflow/example_dags/example_python_operator.py
[2024-05-11T15:49:10.084+0000] {processor.py:830} INFO - Processing file /home/airflow/.local/lib/python3.12/site-packages/airflow/example_dags/example_python_operator.py for tasks to queue
[2024-05-11T15:49:10.086+0000] {logging_mixin.py:188} INFO - [2024-05-11T15:49:10.085+0000] {dagbag.py:545} INFO - Filling up the DagBag from /home/airflow/.local/lib/python3.12/site-packages/airflow/example_dags/example_python_operator.py
[2024-05-11T15:49:10.094+0000] {processor.py:840} INFO - DAG(s) 'example_python_operator' retrieved from /home/airflow/.local/lib/python3.12/site-packages/airflow/example_dags/example_python_operator.py
[2024-05-11T15:49:10.114+0000] {logging_mixin.py:188} INFO - [2024-05-11T15:49:10.114+0000] {dag.py:3096} INFO - Sync 1 DAGs
[2024-05-11T15:49:10.126+0000] {logging_mixin.py:188} INFO - [2024-05-11T15:49:10.126+0000] {dag.py:3954} INFO - Setting next_dagrun for example_python_operator to None, run_after=None
[2024-05-11T15:49:10.144+0000] {processor.py:183} INFO - Processing /home/airflow/.local/lib/python3.12/site-packages/airflow/example_dags/example_python_operator.py took 0.066 seconds
[2024-05-11T15:49:40.225+0000] {processor.py:161} INFO - Started process (PID=445) to work on /home/airflow/.local/lib/python3.12/site-packages/airflow/example_dags/example_python_operator.py
[2024-05-11T15:49:40.226+0000] {processor.py:830} INFO - Processing file /home/airflow/.local/lib/python3.12/site-packages/airflow/example_dags/example_python_operator.py for tasks to queue
[2024-05-11T15:49:40.228+0000] {logging_mixin.py:188} INFO - [2024-05-11T15:49:40.227+0000] {dagbag.py:545} INFO - Filling up the DagBag from /home/airflow/.local/lib/python3.12/site-packages/airflow/example_dags/example_python_operator.py
[2024-05-11T15:49:40.236+0000] {processor.py:840} INFO - DAG(s) 'example_python_operator' retrieved from /home/airflow/.local/lib/python3.12/site-packages/airflow/example_dags/example_python_operator.py
[2024-05-11T15:49:40.256+0000] {logging_mixin.py:188} INFO - [2024-05-11T15:49:40.256+0000] {dag.py:3096} INFO - Sync 1 DAGs
[2024-05-11T15:49:40.268+0000] {logging_mixin.py:188} INFO - [2024-05-11T15:49:40.268+0000] {dag.py:3954} INFO - Setting next_dagrun for example_python_operator to None, run_after=None
[2024-05-11T15:49:40.285+0000] {processor.py:183} INFO - Processing /home/airflow/.local/lib/python3.12/site-packages/airflow/example_dags/example_python_operator.py took 0.065 seconds
[2024-05-11T15:50:10.807+0000] {processor.py:161} INFO - Started process (PID=504) to work on /home/airflow/.local/lib/python3.12/site-packages/airflow/example_dags/example_python_operator.py
[2024-05-11T15:50:10.808+0000] {processor.py:830} INFO - Processing file /home/airflow/.local/lib/python3.12/site-packages/airflow/example_dags/example_python_operator.py for tasks to queue
[2024-05-11T15:50:10.809+0000] {logging_mixin.py:188} INFO - [2024-05-11T15:50:10.809+0000] {dagbag.py:545} INFO - Filling up the DagBag from /home/airflow/.local/lib/python3.12/site-packages/airflow/example_dags/example_python_operator.py
[2024-05-11T15:50:10.817+0000] {processor.py:840} INFO - DAG(s) 'example_python_operator' retrieved from /home/airflow/.local/lib/python3.12/site-packages/airflow/example_dags/example_python_operator.py
[2024-05-11T15:50:10.836+0000] {logging_mixin.py:188} INFO - [2024-05-11T15:50:10.836+0000] {dag.py:3096} INFO - Sync 1 DAGs
[2024-05-11T15:50:10.846+0000] {logging_mixin.py:188} INFO - [2024-05-11T15:50:10.846+0000] {dag.py:3954} INFO - Setting next_dagrun for example_python_operator to None, run_after=None
[2024-05-11T15:50:10.863+0000] {processor.py:183} INFO - Processing /home/airflow/.local/lib/python3.12/site-packages/airflow/example_dags/example_python_operator.py took 0.060 seconds
[2024-05-11T15:50:41.056+0000] {processor.py:161} INFO - Started process (PID=560) to work on /home/airflow/.local/lib/python3.12/site-packages/airflow/example_dags/example_python_operator.py
[2024-05-11T15:50:41.056+0000] {processor.py:830} INFO - Processing file /home/airflow/.local/lib/python3.12/site-packages/airflow/example_dags/example_python_operator.py for tasks to queue
[2024-05-11T15:50:41.058+0000] {logging_mixin.py:188} INFO - [2024-05-11T15:50:41.058+0000] {dagbag.py:545} INFO - Filling up the DagBag from /home/airflow/.local/lib/python3.12/site-packages/airflow/example_dags/example_python_operator.py
[2024-05-11T15:50:41.067+0000] {processor.py:840} INFO - DAG(s) 'example_python_operator' retrieved from /home/airflow/.local/lib/python3.12/site-packages/airflow/example_dags/example_python_operator.py
[2024-05-11T15:50:41.086+0000] {logging_mixin.py:188} INFO - [2024-05-11T15:50:41.086+0000] {dag.py:3096} INFO - Sync 1 DAGs
[2024-05-11T15:50:41.097+0000] {logging_mixin.py:188} INFO - [2024-05-11T15:50:41.097+0000] {dag.py:3954} INFO - Setting next_dagrun for example_python_operator to None, run_after=None
[2024-05-11T15:50:41.113+0000] {processor.py:183} INFO - Processing /home/airflow/.local/lib/python3.12/site-packages/airflow/example_dags/example_python_operator.py took 0.061 seconds
[2024-05-11T15:51:11.802+0000] {processor.py:161} INFO - Started process (PID=618) to work on /home/airflow/.local/lib/python3.12/site-packages/airflow/example_dags/example_python_operator.py
[2024-05-11T15:51:11.802+0000] {processor.py:830} INFO - Processing file /home/airflow/.local/lib/python3.12/site-packages/airflow/example_dags/example_python_operator.py for tasks to queue
[2024-05-11T15:51:11.804+0000] {logging_mixin.py:188} INFO - [2024-05-11T15:51:11.803+0000] {dagbag.py:545} INFO - Filling up the DagBag from /home/airflow/.local/lib/python3.12/site-packages/airflow/example_dags/example_python_operator.py
[2024-05-11T15:51:11.812+0000] {processor.py:840} INFO - DAG(s) 'example_python_operator' retrieved from /home/airflow/.local/lib/python3.12/site-packages/airflow/example_dags/example_python_operator.py
[2024-05-11T15:51:11.829+0000] {logging_mixin.py:188} INFO - [2024-05-11T15:51:11.829+0000] {dag.py:3096} INFO - Sync 1 DAGs
[2024-05-11T15:51:11.839+0000] {logging_mixin.py:188} INFO - [2024-05-11T15:51:11.839+0000] {dag.py:3954} INFO - Setting next_dagrun for example_python_operator to None, run_after=None
[2024-05-11T15:51:11.856+0000] {processor.py:183} INFO - Processing /home/airflow/.local/lib/python3.12/site-packages/airflow/example_dags/example_python_operator.py took 0.058 seconds
[2024-05-11T15:51:42.129+0000] {processor.py:161} INFO - Started process (PID=676) to work on /home/airflow/.local/lib/python3.12/site-packages/airflow/example_dags/example_python_operator.py
[2024-05-11T15:51:42.145+0000] {processor.py:830} INFO - Processing file /home/airflow/.local/lib/python3.12/site-packages/airflow/example_dags/example_python_operator.py for tasks to queue
[2024-05-11T15:51:42.229+0000] {logging_mixin.py:188} INFO - [2024-05-11T15:51:42.227+0000] {dagbag.py:545} INFO - Filling up the DagBag from /home/airflow/.local/lib/python3.12/site-packages/airflow/example_dags/example_python_operator.py
[2024-05-11T15:51:42.479+0000] {processor.py:840} INFO - DAG(s) 'example_python_operator' retrieved from /home/airflow/.local/lib/python3.12/site-packages/airflow/example_dags/example_python_operator.py
[2024-05-11T15:51:42.753+0000] {logging_mixin.py:188} INFO - [2024-05-11T15:51:42.753+0000] {dag.py:3096} INFO - Sync 1 DAGs
[2024-05-11T15:51:42.804+0000] {logging_mixin.py:188} INFO - [2024-05-11T15:51:42.803+0000] {dag.py:3954} INFO - Setting next_dagrun for example_python_operator to None, run_after=None
[2024-05-11T15:51:42.949+0000] {processor.py:183} INFO - Processing /home/airflow/.local/lib/python3.12/site-packages/airflow/example_dags/example_python_operator.py took 0.881 seconds
[2024-05-11T15:52:13.462+0000] {processor.py:161} INFO - Started process (PID=734) to work on /home/airflow/.local/lib/python3.12/site-packages/airflow/example_dags/example_python_operator.py
[2024-05-11T15:52:13.467+0000] {processor.py:830} INFO - Processing file /home/airflow/.local/lib/python3.12/site-packages/airflow/example_dags/example_python_operator.py for tasks to queue
[2024-05-11T15:52:13.479+0000] {logging_mixin.py:188} INFO - [2024-05-11T15:52:13.478+0000] {dagbag.py:545} INFO - Filling up the DagBag from /home/airflow/.local/lib/python3.12/site-packages/airflow/example_dags/example_python_operator.py
[2024-05-11T15:52:13.544+0000] {processor.py:840} INFO - DAG(s) 'example_python_operator' retrieved from /home/airflow/.local/lib/python3.12/site-packages/airflow/example_dags/example_python_operator.py
[2024-05-11T15:52:13.618+0000] {logging_mixin.py:188} INFO - [2024-05-11T15:52:13.617+0000] {dag.py:3096} INFO - Sync 1 DAGs
[2024-05-11T15:52:13.640+0000] {logging_mixin.py:188} INFO - [2024-05-11T15:52:13.640+0000] {dag.py:3954} INFO - Setting next_dagrun for example_python_operator to None, run_after=None
[2024-05-11T15:52:13.667+0000] {processor.py:183} INFO - Processing /home/airflow/.local/lib/python3.12/site-packages/airflow/example_dags/example_python_operator.py took 0.319 seconds
[2024-05-11T15:52:44.338+0000] {processor.py:161} INFO - Started process (PID=792) to work on /home/airflow/.local/lib/python3.12/site-packages/airflow/example_dags/example_python_operator.py
[2024-05-11T15:52:44.339+0000] {processor.py:830} INFO - Processing file /home/airflow/.local/lib/python3.12/site-packages/airflow/example_dags/example_python_operator.py for tasks to queue
[2024-05-11T15:52:44.341+0000] {logging_mixin.py:188} INFO - [2024-05-11T15:52:44.341+0000] {dagbag.py:545} INFO - Filling up the DagBag from /home/airflow/.local/lib/python3.12/site-packages/airflow/example_dags/example_python_operator.py
[2024-05-11T15:52:44.358+0000] {processor.py:840} INFO - DAG(s) 'example_python_operator' retrieved from /home/airflow/.local/lib/python3.12/site-packages/airflow/example_dags/example_python_operator.py
[2024-05-11T15:52:44.379+0000] {logging_mixin.py:188} INFO - [2024-05-11T15:52:44.379+0000] {dag.py:3096} INFO - Sync 1 DAGs
[2024-05-11T15:52:44.391+0000] {logging_mixin.py:188} INFO - [2024-05-11T15:52:44.391+0000] {dag.py:3954} INFO - Setting next_dagrun for example_python_operator to None, run_after=None
[2024-05-11T15:52:44.413+0000] {processor.py:183} INFO - Processing /home/airflow/.local/lib/python3.12/site-packages/airflow/example_dags/example_python_operator.py took 0.084 seconds
[2024-05-11T15:53:14.861+0000] {processor.py:161} INFO - Started process (PID=850) to work on /home/airflow/.local/lib/python3.12/site-packages/airflow/example_dags/example_python_operator.py
[2024-05-11T15:53:14.862+0000] {processor.py:830} INFO - Processing file /home/airflow/.local/lib/python3.12/site-packages/airflow/example_dags/example_python_operator.py for tasks to queue
[2024-05-11T15:53:14.863+0000] {logging_mixin.py:188} INFO - [2024-05-11T15:53:14.863+0000] {dagbag.py:545} INFO - Filling up the DagBag from /home/airflow/.local/lib/python3.12/site-packages/airflow/example_dags/example_python_operator.py
[2024-05-11T15:53:14.873+0000] {processor.py:840} INFO - DAG(s) 'example_python_operator' retrieved from /home/airflow/.local/lib/python3.12/site-packages/airflow/example_dags/example_python_operator.py
[2024-05-11T15:53:14.894+0000] {logging_mixin.py:188} INFO - [2024-05-11T15:53:14.894+0000] {dag.py:3096} INFO - Sync 1 DAGs
[2024-05-11T15:53:14.907+0000] {logging_mixin.py:188} INFO - [2024-05-11T15:53:14.907+0000] {dag.py:3954} INFO - Setting next_dagrun for example_python_operator to None, run_after=None
[2024-05-11T15:53:14.926+0000] {processor.py:183} INFO - Processing /home/airflow/.local/lib/python3.12/site-packages/airflow/example_dags/example_python_operator.py took 0.069 seconds
[2024-05-11T15:53:45.314+0000] {processor.py:161} INFO - Started process (PID=908) to work on /home/airflow/.local/lib/python3.12/site-packages/airflow/example_dags/example_python_operator.py
[2024-05-11T15:53:45.316+0000] {processor.py:830} INFO - Processing file /home/airflow/.local/lib/python3.12/site-packages/airflow/example_dags/example_python_operator.py for tasks to queue
[2024-05-11T15:53:45.319+0000] {logging_mixin.py:188} INFO - [2024-05-11T15:53:45.318+0000] {dagbag.py:545} INFO - Filling up the DagBag from /home/airflow/.local/lib/python3.12/site-packages/airflow/example_dags/example_python_operator.py
[2024-05-11T15:53:45.335+0000] {processor.py:840} INFO - DAG(s) 'example_python_operator' retrieved from /home/airflow/.local/lib/python3.12/site-packages/airflow/example_dags/example_python_operator.py
[2024-05-11T15:53:45.361+0000] {logging_mixin.py:188} INFO - [2024-05-11T15:53:45.361+0000] {dag.py:3096} INFO - Sync 1 DAGs
[2024-05-11T15:53:45.381+0000] {logging_mixin.py:188} INFO - [2024-05-11T15:53:45.380+0000] {dag.py:3954} INFO - Setting next_dagrun for example_python_operator to None, run_after=None
[2024-05-11T15:53:45.406+0000] {processor.py:183} INFO - Processing /home/airflow/.local/lib/python3.12/site-packages/airflow/example_dags/example_python_operator.py took 0.098 seconds
[2024-05-11T15:54:16.251+0000] {processor.py:161} INFO - Started process (PID=966) to work on /home/airflow/.local/lib/python3.12/site-packages/airflow/example_dags/example_python_operator.py
[2024-05-11T15:54:16.252+0000] {processor.py:830} INFO - Processing file /home/airflow/.local/lib/python3.12/site-packages/airflow/example_dags/example_python_operator.py for tasks to queue
[2024-05-11T15:54:16.254+0000] {logging_mixin.py:188} INFO - [2024-05-11T15:54:16.253+0000] {dagbag.py:545} INFO - Filling up the DagBag from /home/airflow/.local/lib/python3.12/site-packages/airflow/example_dags/example_python_operator.py
[2024-05-11T15:54:16.262+0000] {processor.py:840} INFO - DAG(s) 'example_python_operator' retrieved from /home/airflow/.local/lib/python3.12/site-packages/airflow/example_dags/example_python_operator.py
[2024-05-11T15:54:16.292+0000] {logging_mixin.py:188} INFO - [2024-05-11T15:54:16.291+0000] {dag.py:3096} INFO - Sync 1 DAGs
[2024-05-11T15:54:16.304+0000] {logging_mixin.py:188} INFO - [2024-05-11T15:54:16.304+0000] {dag.py:3954} INFO - Setting next_dagrun for example_python_operator to None, run_after=None
[2024-05-11T15:54:16.322+0000] {processor.py:183} INFO - Processing /home/airflow/.local/lib/python3.12/site-packages/airflow/example_dags/example_python_operator.py took 0.075 seconds
[2024-05-11T15:54:46.799+0000] {processor.py:161} INFO - Started process (PID=1024) to work on /home/airflow/.local/lib/python3.12/site-packages/airflow/example_dags/example_python_operator.py
[2024-05-11T15:54:46.800+0000] {processor.py:830} INFO - Processing file /home/airflow/.local/lib/python3.12/site-packages/airflow/example_dags/example_python_operator.py for tasks to queue
[2024-05-11T15:54:46.803+0000] {logging_mixin.py:188} INFO - [2024-05-11T15:54:46.803+0000] {dagbag.py:545} INFO - Filling up the DagBag from /home/airflow/.local/lib/python3.12/site-packages/airflow/example_dags/example_python_operator.py
[2024-05-11T15:54:46.817+0000] {processor.py:840} INFO - DAG(s) 'example_python_operator' retrieved from /home/airflow/.local/lib/python3.12/site-packages/airflow/example_dags/example_python_operator.py
[2024-05-11T15:54:46.846+0000] {logging_mixin.py:188} INFO - [2024-05-11T15:54:46.845+0000] {dag.py:3096} INFO - Sync 1 DAGs
[2024-05-11T15:54:46.863+0000] {logging_mixin.py:188} INFO - [2024-05-11T15:54:46.863+0000] {dag.py:3954} INFO - Setting next_dagrun for example_python_operator to None, run_after=None
[2024-05-11T15:54:46.891+0000] {processor.py:183} INFO - Processing /home/airflow/.local/lib/python3.12/site-packages/airflow/example_dags/example_python_operator.py took 0.099 seconds
[2024-05-11T15:55:17.587+0000] {processor.py:161} INFO - Started process (PID=1082) to work on /home/airflow/.local/lib/python3.12/site-packages/airflow/example_dags/example_python_operator.py
[2024-05-11T15:55:17.588+0000] {processor.py:830} INFO - Processing file /home/airflow/.local/lib/python3.12/site-packages/airflow/example_dags/example_python_operator.py for tasks to queue
[2024-05-11T15:55:17.590+0000] {logging_mixin.py:188} INFO - [2024-05-11T15:55:17.590+0000] {dagbag.py:545} INFO - Filling up the DagBag from /home/airflow/.local/lib/python3.12/site-packages/airflow/example_dags/example_python_operator.py
[2024-05-11T15:55:17.602+0000] {processor.py:840} INFO - DAG(s) 'example_python_operator' retrieved from /home/airflow/.local/lib/python3.12/site-packages/airflow/example_dags/example_python_operator.py
[2024-05-11T15:55:17.638+0000] {logging_mixin.py:188} INFO - [2024-05-11T15:55:17.638+0000] {dag.py:3096} INFO - Sync 1 DAGs
[2024-05-11T15:55:17.654+0000] {logging_mixin.py:188} INFO - [2024-05-11T15:55:17.654+0000] {dag.py:3954} INFO - Setting next_dagrun for example_python_operator to None, run_after=None
[2024-05-11T15:55:17.686+0000] {processor.py:183} INFO - Processing /home/airflow/.local/lib/python3.12/site-packages/airflow/example_dags/example_python_operator.py took 0.106 seconds
[2024-05-11T15:55:48.344+0000] {processor.py:161} INFO - Started process (PID=1141) to work on /home/airflow/.local/lib/python3.12/site-packages/airflow/example_dags/example_python_operator.py
[2024-05-11T15:55:48.345+0000] {processor.py:830} INFO - Processing file /home/airflow/.local/lib/python3.12/site-packages/airflow/example_dags/example_python_operator.py for tasks to queue
[2024-05-11T15:55:48.346+0000] {logging_mixin.py:188} INFO - [2024-05-11T15:55:48.346+0000] {dagbag.py:545} INFO - Filling up the DagBag from /home/airflow/.local/lib/python3.12/site-packages/airflow/example_dags/example_python_operator.py
[2024-05-11T15:55:48.356+0000] {processor.py:840} INFO - DAG(s) 'example_python_operator' retrieved from /home/airflow/.local/lib/python3.12/site-packages/airflow/example_dags/example_python_operator.py
[2024-05-11T15:55:48.382+0000] {logging_mixin.py:188} INFO - [2024-05-11T15:55:48.382+0000] {dag.py:3096} INFO - Sync 1 DAGs
[2024-05-11T15:55:48.397+0000] {logging_mixin.py:188} INFO - [2024-05-11T15:55:48.397+0000] {dag.py:3954} INFO - Setting next_dagrun for example_python_operator to None, run_after=None
[2024-05-11T15:55:48.419+0000] {processor.py:183} INFO - Processing /home/airflow/.local/lib/python3.12/site-packages/airflow/example_dags/example_python_operator.py took 0.080 seconds
[2024-05-11T15:56:18.933+0000] {processor.py:161} INFO - Started process (PID=1205) to work on /home/airflow/.local/lib/python3.12/site-packages/airflow/example_dags/example_python_operator.py
[2024-05-11T15:56:18.933+0000] {processor.py:830} INFO - Processing file /home/airflow/.local/lib/python3.12/site-packages/airflow/example_dags/example_python_operator.py for tasks to queue
[2024-05-11T15:56:18.935+0000] {logging_mixin.py:188} INFO - [2024-05-11T15:56:18.935+0000] {dagbag.py:545} INFO - Filling up the DagBag from /home/airflow/.local/lib/python3.12/site-packages/airflow/example_dags/example_python_operator.py
[2024-05-11T15:56:18.943+0000] {processor.py:840} INFO - DAG(s) 'example_python_operator' retrieved from /home/airflow/.local/lib/python3.12/site-packages/airflow/example_dags/example_python_operator.py
[2024-05-11T15:56:18.968+0000] {logging_mixin.py:188} INFO - [2024-05-11T15:56:18.967+0000] {dag.py:3096} INFO - Sync 1 DAGs
[2024-05-11T15:56:18.987+0000] {logging_mixin.py:188} INFO - [2024-05-11T15:56:18.987+0000] {dag.py:3954} INFO - Setting next_dagrun for example_python_operator to None, run_after=None
[2024-05-11T15:56:19.009+0000] {processor.py:183} INFO - Processing /home/airflow/.local/lib/python3.12/site-packages/airflow/example_dags/example_python_operator.py took 0.081 seconds
[2024-05-11T15:56:49.609+0000] {processor.py:161} INFO - Started process (PID=1263) to work on /home/airflow/.local/lib/python3.12/site-packages/airflow/example_dags/example_python_operator.py
[2024-05-11T15:56:49.610+0000] {processor.py:830} INFO - Processing file /home/airflow/.local/lib/python3.12/site-packages/airflow/example_dags/example_python_operator.py for tasks to queue
[2024-05-11T15:56:49.612+0000] {logging_mixin.py:188} INFO - [2024-05-11T15:56:49.611+0000] {dagbag.py:545} INFO - Filling up the DagBag from /home/airflow/.local/lib/python3.12/site-packages/airflow/example_dags/example_python_operator.py
[2024-05-11T15:56:49.621+0000] {processor.py:840} INFO - DAG(s) 'example_python_operator' retrieved from /home/airflow/.local/lib/python3.12/site-packages/airflow/example_dags/example_python_operator.py
[2024-05-11T15:56:49.640+0000] {logging_mixin.py:188} INFO - [2024-05-11T15:56:49.640+0000] {dag.py:3096} INFO - Sync 1 DAGs
[2024-05-11T15:56:49.652+0000] {logging_mixin.py:188} INFO - [2024-05-11T15:56:49.651+0000] {dag.py:3954} INFO - Setting next_dagrun for example_python_operator to None, run_after=None
[2024-05-11T15:56:49.669+0000] {processor.py:183} INFO - Processing /home/airflow/.local/lib/python3.12/site-packages/airflow/example_dags/example_python_operator.py took 0.064 seconds
[2024-05-11T16:03:40.448+0000] {processor.py:161} INFO - Started process (PID=39) to work on /home/airflow/.local/lib/python3.12/site-packages/airflow/example_dags/example_python_operator.py
[2024-05-11T16:03:40.449+0000] {processor.py:830} INFO - Processing file /home/airflow/.local/lib/python3.12/site-packages/airflow/example_dags/example_python_operator.py for tasks to queue
[2024-05-11T16:03:40.452+0000] {logging_mixin.py:188} INFO - [2024-05-11T16:03:40.452+0000] {dagbag.py:545} INFO - Filling up the DagBag from /home/airflow/.local/lib/python3.12/site-packages/airflow/example_dags/example_python_operator.py
[2024-05-11T16:03:40.479+0000] {processor.py:840} INFO - DAG(s) 'example_python_operator' retrieved from /home/airflow/.local/lib/python3.12/site-packages/airflow/example_dags/example_python_operator.py
[2024-05-11T16:03:40.499+0000] {logging_mixin.py:188} INFO - [2024-05-11T16:03:40.498+0000] {dag.py:3096} INFO - Sync 1 DAGs
[2024-05-11T16:03:40.534+0000] {logging_mixin.py:188} INFO - [2024-05-11T16:03:40.534+0000] {dag.py:3954} INFO - Setting next_dagrun for example_python_operator to None, run_after=None
[2024-05-11T16:03:40.570+0000] {processor.py:183} INFO - Processing /home/airflow/.local/lib/python3.12/site-packages/airflow/example_dags/example_python_operator.py took 0.130 seconds
[2024-05-11T16:04:10.917+0000] {processor.py:161} INFO - Started process (PID=97) to work on /home/airflow/.local/lib/python3.12/site-packages/airflow/example_dags/example_python_operator.py
[2024-05-11T16:04:10.919+0000] {processor.py:830} INFO - Processing file /home/airflow/.local/lib/python3.12/site-packages/airflow/example_dags/example_python_operator.py for tasks to queue
[2024-05-11T16:04:10.920+0000] {logging_mixin.py:188} INFO - [2024-05-11T16:04:10.920+0000] {dagbag.py:545} INFO - Filling up the DagBag from /home/airflow/.local/lib/python3.12/site-packages/airflow/example_dags/example_python_operator.py
[2024-05-11T16:04:10.929+0000] {processor.py:840} INFO - DAG(s) 'example_python_operator' retrieved from /home/airflow/.local/lib/python3.12/site-packages/airflow/example_dags/example_python_operator.py
[2024-05-11T16:04:11.022+0000] {logging_mixin.py:188} INFO - [2024-05-11T16:04:11.022+0000] {dag.py:3096} INFO - Sync 1 DAGs
[2024-05-11T16:04:11.032+0000] {logging_mixin.py:188} INFO - [2024-05-11T16:04:11.032+0000] {dag.py:3954} INFO - Setting next_dagrun for example_python_operator to None, run_after=None
[2024-05-11T16:04:11.050+0000] {processor.py:183} INFO - Processing /home/airflow/.local/lib/python3.12/site-packages/airflow/example_dags/example_python_operator.py took 0.137 seconds
[2024-05-11T16:04:41.170+0000] {processor.py:161} INFO - Started process (PID=155) to work on /home/airflow/.local/lib/python3.12/site-packages/airflow/example_dags/example_python_operator.py
[2024-05-11T16:04:41.173+0000] {processor.py:830} INFO - Processing file /home/airflow/.local/lib/python3.12/site-packages/airflow/example_dags/example_python_operator.py for tasks to queue
[2024-05-11T16:04:41.175+0000] {logging_mixin.py:188} INFO - [2024-05-11T16:04:41.175+0000] {dagbag.py:545} INFO - Filling up the DagBag from /home/airflow/.local/lib/python3.12/site-packages/airflow/example_dags/example_python_operator.py
[2024-05-11T16:04:41.191+0000] {processor.py:840} INFO - DAG(s) 'example_python_operator' retrieved from /home/airflow/.local/lib/python3.12/site-packages/airflow/example_dags/example_python_operator.py
[2024-05-11T16:04:41.227+0000] {logging_mixin.py:188} INFO - [2024-05-11T16:04:41.226+0000] {dag.py:3096} INFO - Sync 1 DAGs
[2024-05-11T16:04:41.252+0000] {logging_mixin.py:188} INFO - [2024-05-11T16:04:41.251+0000] {dag.py:3954} INFO - Setting next_dagrun for example_python_operator to None, run_after=None
[2024-05-11T16:04:41.289+0000] {processor.py:183} INFO - Processing /home/airflow/.local/lib/python3.12/site-packages/airflow/example_dags/example_python_operator.py took 0.127 seconds
[2024-05-11T16:05:11.437+0000] {processor.py:161} INFO - Started process (PID=213) to work on /home/airflow/.local/lib/python3.12/site-packages/airflow/example_dags/example_python_operator.py
[2024-05-11T16:05:11.438+0000] {processor.py:830} INFO - Processing file /home/airflow/.local/lib/python3.12/site-packages/airflow/example_dags/example_python_operator.py for tasks to queue
[2024-05-11T16:05:11.439+0000] {logging_mixin.py:188} INFO - [2024-05-11T16:05:11.439+0000] {dagbag.py:545} INFO - Filling up the DagBag from /home/airflow/.local/lib/python3.12/site-packages/airflow/example_dags/example_python_operator.py
[2024-05-11T16:05:11.447+0000] {processor.py:840} INFO - DAG(s) 'example_python_operator' retrieved from /home/airflow/.local/lib/python3.12/site-packages/airflow/example_dags/example_python_operator.py
[2024-05-11T16:05:11.468+0000] {logging_mixin.py:188} INFO - [2024-05-11T16:05:11.468+0000] {dag.py:3096} INFO - Sync 1 DAGs
[2024-05-11T16:05:11.481+0000] {logging_mixin.py:188} INFO - [2024-05-11T16:05:11.481+0000] {dag.py:3954} INFO - Setting next_dagrun for example_python_operator to None, run_after=None
[2024-05-11T16:05:11.497+0000] {processor.py:183} INFO - Processing /home/airflow/.local/lib/python3.12/site-packages/airflow/example_dags/example_python_operator.py took 0.065 seconds
[2024-05-11T16:05:41.976+0000] {processor.py:161} INFO - Started process (PID=271) to work on /home/airflow/.local/lib/python3.12/site-packages/airflow/example_dags/example_python_operator.py
[2024-05-11T16:05:41.977+0000] {processor.py:830} INFO - Processing file /home/airflow/.local/lib/python3.12/site-packages/airflow/example_dags/example_python_operator.py for tasks to queue
[2024-05-11T16:05:41.979+0000] {logging_mixin.py:188} INFO - [2024-05-11T16:05:41.979+0000] {dagbag.py:545} INFO - Filling up the DagBag from /home/airflow/.local/lib/python3.12/site-packages/airflow/example_dags/example_python_operator.py
[2024-05-11T16:05:41.989+0000] {processor.py:840} INFO - DAG(s) 'example_python_operator' retrieved from /home/airflow/.local/lib/python3.12/site-packages/airflow/example_dags/example_python_operator.py
[2024-05-11T16:05:42.020+0000] {logging_mixin.py:188} INFO - [2024-05-11T16:05:42.020+0000] {dag.py:3096} INFO - Sync 1 DAGs
[2024-05-11T16:05:42.034+0000] {logging_mixin.py:188} INFO - [2024-05-11T16:05:42.033+0000] {dag.py:3954} INFO - Setting next_dagrun for example_python_operator to None, run_after=None
[2024-05-11T16:05:42.203+0000] {processor.py:183} INFO - Processing /home/airflow/.local/lib/python3.12/site-packages/airflow/example_dags/example_python_operator.py took 0.233 seconds
