[2024-05-11T11:30:54.759+0000] {processor.py:161} INFO - Started process (PID=71) to work on /home/airflow/.local/lib/python3.12/site-packages/airflow/example_dags/example_sensors.py
[2024-05-11T11:30:54.777+0000] {processor.py:830} INFO - Processing file /home/airflow/.local/lib/python3.12/site-packages/airflow/example_dags/example_sensors.py for tasks to queue
[2024-05-11T11:30:54.807+0000] {logging_mixin.py:188} INFO - [2024-05-11T11:30:54.802+0000] {dagbag.py:545} INFO - Filling up the DagBag from /home/airflow/.local/lib/python3.12/site-packages/airflow/example_dags/example_sensors.py
[2024-05-11T11:30:54.970+0000] {processor.py:840} INFO - DAG(s) 'example_sensors' retrieved from /home/airflow/.local/lib/python3.12/site-packages/airflow/example_dags/example_sensors.py
[2024-05-11T11:30:55.907+0000] {logging_mixin.py:188} INFO - [2024-05-11T11:30:55.898+0000] {override.py:1829} INFO - Created Permission View: can edit on DAG:example_sensors
[2024-05-11T11:30:55.961+0000] {logging_mixin.py:188} INFO - [2024-05-11T11:30:55.960+0000] {override.py:1829} INFO - Created Permission View: can read on DAG:example_sensors
[2024-05-11T11:30:55.979+0000] {logging_mixin.py:188} INFO - [2024-05-11T11:30:55.978+0000] {override.py:1829} INFO - Created Permission View: can delete on DAG:example_sensors
[2024-05-11T11:30:55.981+0000] {logging_mixin.py:188} INFO - [2024-05-11T11:30:55.981+0000] {dag.py:3096} INFO - Sync 1 DAGs
[2024-05-11T11:30:56.041+0000] {logging_mixin.py:188} INFO - [2024-05-11T11:30:56.040+0000] {dag.py:3118} INFO - Creating ORM DAG for example_sensors
[2024-05-11T11:30:56.046+0000] {logging_mixin.py:188} INFO - [2024-05-11T11:30:56.046+0000] {dag.py:3954} INFO - Setting next_dagrun for example_sensors to None, run_after=None
[2024-05-11T11:30:56.562+0000] {processor.py:183} INFO - Processing /home/airflow/.local/lib/python3.12/site-packages/airflow/example_dags/example_sensors.py took 1.918 seconds
[2024-05-11T11:31:26.783+0000] {processor.py:161} INFO - Started process (PID=129) to work on /home/airflow/.local/lib/python3.12/site-packages/airflow/example_dags/example_sensors.py
[2024-05-11T11:31:26.789+0000] {processor.py:830} INFO - Processing file /home/airflow/.local/lib/python3.12/site-packages/airflow/example_dags/example_sensors.py for tasks to queue
[2024-05-11T11:31:26.790+0000] {logging_mixin.py:188} INFO - [2024-05-11T11:31:26.790+0000] {dagbag.py:545} INFO - Filling up the DagBag from /home/airflow/.local/lib/python3.12/site-packages/airflow/example_dags/example_sensors.py
[2024-05-11T11:31:26.805+0000] {processor.py:840} INFO - DAG(s) 'example_sensors' retrieved from /home/airflow/.local/lib/python3.12/site-packages/airflow/example_dags/example_sensors.py
[2024-05-11T11:31:27.564+0000] {logging_mixin.py:188} INFO - [2024-05-11T11:31:27.564+0000] {dag.py:3096} INFO - Sync 1 DAGs
[2024-05-11T11:31:27.731+0000] {logging_mixin.py:188} INFO - [2024-05-11T11:31:27.730+0000] {dag.py:3954} INFO - Setting next_dagrun for example_sensors to None, run_after=None
[2024-05-11T11:31:27.805+0000] {processor.py:183} INFO - Processing /home/airflow/.local/lib/python3.12/site-packages/airflow/example_dags/example_sensors.py took 1.038 seconds
[2024-05-11T11:31:58.156+0000] {processor.py:161} INFO - Started process (PID=187) to work on /home/airflow/.local/lib/python3.12/site-packages/airflow/example_dags/example_sensors.py
[2024-05-11T11:31:58.157+0000] {processor.py:830} INFO - Processing file /home/airflow/.local/lib/python3.12/site-packages/airflow/example_dags/example_sensors.py for tasks to queue
[2024-05-11T11:31:58.158+0000] {logging_mixin.py:188} INFO - [2024-05-11T11:31:58.158+0000] {dagbag.py:545} INFO - Filling up the DagBag from /home/airflow/.local/lib/python3.12/site-packages/airflow/example_dags/example_sensors.py
[2024-05-11T11:31:58.166+0000] {processor.py:840} INFO - DAG(s) 'example_sensors' retrieved from /home/airflow/.local/lib/python3.12/site-packages/airflow/example_dags/example_sensors.py
[2024-05-11T11:31:58.191+0000] {logging_mixin.py:188} INFO - [2024-05-11T11:31:58.190+0000] {dag.py:3096} INFO - Sync 1 DAGs
[2024-05-11T11:31:58.203+0000] {logging_mixin.py:188} INFO - [2024-05-11T11:31:58.203+0000] {dag.py:3954} INFO - Setting next_dagrun for example_sensors to None, run_after=None
[2024-05-11T11:31:58.412+0000] {processor.py:183} INFO - Processing /home/airflow/.local/lib/python3.12/site-packages/airflow/example_dags/example_sensors.py took 0.261 seconds
[2024-05-11T11:32:29.214+0000] {processor.py:161} INFO - Started process (PID=245) to work on /home/airflow/.local/lib/python3.12/site-packages/airflow/example_dags/example_sensors.py
[2024-05-11T11:32:29.215+0000] {processor.py:830} INFO - Processing file /home/airflow/.local/lib/python3.12/site-packages/airflow/example_dags/example_sensors.py for tasks to queue
[2024-05-11T11:32:29.217+0000] {logging_mixin.py:188} INFO - [2024-05-11T11:32:29.216+0000] {dagbag.py:545} INFO - Filling up the DagBag from /home/airflow/.local/lib/python3.12/site-packages/airflow/example_dags/example_sensors.py
[2024-05-11T11:32:29.224+0000] {processor.py:840} INFO - DAG(s) 'example_sensors' retrieved from /home/airflow/.local/lib/python3.12/site-packages/airflow/example_dags/example_sensors.py
[2024-05-11T11:32:29.246+0000] {logging_mixin.py:188} INFO - [2024-05-11T11:32:29.245+0000] {dag.py:3096} INFO - Sync 1 DAGs
[2024-05-11T11:32:29.256+0000] {logging_mixin.py:188} INFO - [2024-05-11T11:32:29.256+0000] {dag.py:3954} INFO - Setting next_dagrun for example_sensors to None, run_after=None
[2024-05-11T11:32:29.273+0000] {processor.py:183} INFO - Processing /home/airflow/.local/lib/python3.12/site-packages/airflow/example_dags/example_sensors.py took 0.063 seconds
[2024-05-11T11:32:59.558+0000] {processor.py:161} INFO - Started process (PID=303) to work on /home/airflow/.local/lib/python3.12/site-packages/airflow/example_dags/example_sensors.py
[2024-05-11T11:32:59.559+0000] {processor.py:830} INFO - Processing file /home/airflow/.local/lib/python3.12/site-packages/airflow/example_dags/example_sensors.py for tasks to queue
[2024-05-11T11:32:59.560+0000] {logging_mixin.py:188} INFO - [2024-05-11T11:32:59.560+0000] {dagbag.py:545} INFO - Filling up the DagBag from /home/airflow/.local/lib/python3.12/site-packages/airflow/example_dags/example_sensors.py
[2024-05-11T11:32:59.567+0000] {processor.py:840} INFO - DAG(s) 'example_sensors' retrieved from /home/airflow/.local/lib/python3.12/site-packages/airflow/example_dags/example_sensors.py
[2024-05-11T11:32:59.590+0000] {logging_mixin.py:188} INFO - [2024-05-11T11:32:59.590+0000] {dag.py:3096} INFO - Sync 1 DAGs
[2024-05-11T11:32:59.602+0000] {logging_mixin.py:188} INFO - [2024-05-11T11:32:59.601+0000] {dag.py:3954} INFO - Setting next_dagrun for example_sensors to None, run_after=None
[2024-05-11T11:32:59.618+0000] {processor.py:183} INFO - Processing /home/airflow/.local/lib/python3.12/site-packages/airflow/example_dags/example_sensors.py took 0.064 seconds
[2024-05-11T11:33:29.874+0000] {processor.py:161} INFO - Started process (PID=361) to work on /home/airflow/.local/lib/python3.12/site-packages/airflow/example_dags/example_sensors.py
[2024-05-11T11:33:29.874+0000] {processor.py:830} INFO - Processing file /home/airflow/.local/lib/python3.12/site-packages/airflow/example_dags/example_sensors.py for tasks to queue
[2024-05-11T11:33:29.876+0000] {logging_mixin.py:188} INFO - [2024-05-11T11:33:29.876+0000] {dagbag.py:545} INFO - Filling up the DagBag from /home/airflow/.local/lib/python3.12/site-packages/airflow/example_dags/example_sensors.py
[2024-05-11T11:33:29.883+0000] {processor.py:840} INFO - DAG(s) 'example_sensors' retrieved from /home/airflow/.local/lib/python3.12/site-packages/airflow/example_dags/example_sensors.py
[2024-05-11T11:33:29.910+0000] {logging_mixin.py:188} INFO - [2024-05-11T11:33:29.910+0000] {dag.py:3096} INFO - Sync 1 DAGs
[2024-05-11T11:33:29.923+0000] {logging_mixin.py:188} INFO - [2024-05-11T11:33:29.923+0000] {dag.py:3954} INFO - Setting next_dagrun for example_sensors to None, run_after=None
[2024-05-11T11:33:29.941+0000] {processor.py:183} INFO - Processing /home/airflow/.local/lib/python3.12/site-packages/airflow/example_dags/example_sensors.py took 0.072 seconds
[2024-05-11T11:34:00.169+0000] {processor.py:161} INFO - Started process (PID=419) to work on /home/airflow/.local/lib/python3.12/site-packages/airflow/example_dags/example_sensors.py
[2024-05-11T11:34:00.180+0000] {processor.py:830} INFO - Processing file /home/airflow/.local/lib/python3.12/site-packages/airflow/example_dags/example_sensors.py for tasks to queue
[2024-05-11T11:34:00.182+0000] {logging_mixin.py:188} INFO - [2024-05-11T11:34:00.182+0000] {dagbag.py:545} INFO - Filling up the DagBag from /home/airflow/.local/lib/python3.12/site-packages/airflow/example_dags/example_sensors.py
[2024-05-11T11:34:00.190+0000] {processor.py:840} INFO - DAG(s) 'example_sensors' retrieved from /home/airflow/.local/lib/python3.12/site-packages/airflow/example_dags/example_sensors.py
[2024-05-11T11:34:00.212+0000] {logging_mixin.py:188} INFO - [2024-05-11T11:34:00.211+0000] {dag.py:3096} INFO - Sync 1 DAGs
[2024-05-11T11:34:00.223+0000] {logging_mixin.py:188} INFO - [2024-05-11T11:34:00.223+0000] {dag.py:3954} INFO - Setting next_dagrun for example_sensors to None, run_after=None
[2024-05-11T11:34:00.248+0000] {processor.py:183} INFO - Processing /home/airflow/.local/lib/python3.12/site-packages/airflow/example_dags/example_sensors.py took 0.083 seconds
[2024-05-11T11:34:30.489+0000] {processor.py:161} INFO - Started process (PID=477) to work on /home/airflow/.local/lib/python3.12/site-packages/airflow/example_dags/example_sensors.py
[2024-05-11T11:34:30.491+0000] {processor.py:830} INFO - Processing file /home/airflow/.local/lib/python3.12/site-packages/airflow/example_dags/example_sensors.py for tasks to queue
[2024-05-11T11:34:30.494+0000] {logging_mixin.py:188} INFO - [2024-05-11T11:34:30.493+0000] {dagbag.py:545} INFO - Filling up the DagBag from /home/airflow/.local/lib/python3.12/site-packages/airflow/example_dags/example_sensors.py
[2024-05-11T11:34:30.504+0000] {processor.py:840} INFO - DAG(s) 'example_sensors' retrieved from /home/airflow/.local/lib/python3.12/site-packages/airflow/example_dags/example_sensors.py
[2024-05-11T11:34:30.516+0000] {logging_mixin.py:188} INFO - [2024-05-11T11:34:30.516+0000] {dag.py:3096} INFO - Sync 1 DAGs
[2024-05-11T11:34:30.532+0000] {logging_mixin.py:188} INFO - [2024-05-11T11:34:30.531+0000] {dag.py:3954} INFO - Setting next_dagrun for example_sensors to None, run_after=None
[2024-05-11T11:34:30.552+0000] {processor.py:183} INFO - Processing /home/airflow/.local/lib/python3.12/site-packages/airflow/example_dags/example_sensors.py took 0.068 seconds
[2024-05-11T15:07:42.234+0000] {processor.py:161} INFO - Started process (PID=53) to work on /home/airflow/.local/lib/python3.12/site-packages/airflow/example_dags/example_sensors.py
[2024-05-11T15:07:42.235+0000] {processor.py:830} INFO - Processing file /home/airflow/.local/lib/python3.12/site-packages/airflow/example_dags/example_sensors.py for tasks to queue
[2024-05-11T15:07:42.238+0000] {logging_mixin.py:188} INFO - [2024-05-11T15:07:42.237+0000] {dagbag.py:545} INFO - Filling up the DagBag from /home/airflow/.local/lib/python3.12/site-packages/airflow/example_dags/example_sensors.py
[2024-05-11T15:07:42.249+0000] {processor.py:840} INFO - DAG(s) 'example_sensors' retrieved from /home/airflow/.local/lib/python3.12/site-packages/airflow/example_dags/example_sensors.py
[2024-05-11T15:07:42.414+0000] {logging_mixin.py:188} INFO - [2024-05-11T15:07:42.414+0000] {dag.py:3096} INFO - Sync 1 DAGs
[2024-05-11T15:07:42.434+0000] {logging_mixin.py:188} INFO - [2024-05-11T15:07:42.433+0000] {dag.py:3954} INFO - Setting next_dagrun for example_sensors to None, run_after=None
[2024-05-11T15:07:42.479+0000] {processor.py:183} INFO - Processing /home/airflow/.local/lib/python3.12/site-packages/airflow/example_dags/example_sensors.py took 0.252 seconds
[2024-05-11T15:08:13.592+0000] {processor.py:161} INFO - Started process (PID=111) to work on /home/airflow/.local/lib/python3.12/site-packages/airflow/example_dags/example_sensors.py
[2024-05-11T15:08:13.594+0000] {processor.py:830} INFO - Processing file /home/airflow/.local/lib/python3.12/site-packages/airflow/example_dags/example_sensors.py for tasks to queue
[2024-05-11T15:08:13.596+0000] {logging_mixin.py:188} INFO - [2024-05-11T15:08:13.595+0000] {dagbag.py:545} INFO - Filling up the DagBag from /home/airflow/.local/lib/python3.12/site-packages/airflow/example_dags/example_sensors.py
[2024-05-11T15:08:13.604+0000] {processor.py:840} INFO - DAG(s) 'example_sensors' retrieved from /home/airflow/.local/lib/python3.12/site-packages/airflow/example_dags/example_sensors.py
[2024-05-11T15:08:13.628+0000] {logging_mixin.py:188} INFO - [2024-05-11T15:08:13.628+0000] {dag.py:3096} INFO - Sync 1 DAGs
[2024-05-11T15:08:13.642+0000] {logging_mixin.py:188} INFO - [2024-05-11T15:08:13.641+0000] {dag.py:3954} INFO - Setting next_dagrun for example_sensors to None, run_after=None
[2024-05-11T15:08:13.676+0000] {processor.py:183} INFO - Processing /home/airflow/.local/lib/python3.12/site-packages/airflow/example_dags/example_sensors.py took 0.088 seconds
[2024-05-11T15:18:28.169+0000] {processor.py:161} INFO - Started process (PID=53) to work on /home/airflow/.local/lib/python3.12/site-packages/airflow/example_dags/example_sensors.py
[2024-05-11T15:18:28.171+0000] {processor.py:830} INFO - Processing file /home/airflow/.local/lib/python3.12/site-packages/airflow/example_dags/example_sensors.py for tasks to queue
[2024-05-11T15:18:28.176+0000] {logging_mixin.py:188} INFO - [2024-05-11T15:18:28.175+0000] {dagbag.py:545} INFO - Filling up the DagBag from /home/airflow/.local/lib/python3.12/site-packages/airflow/example_dags/example_sensors.py
[2024-05-11T15:18:28.192+0000] {processor.py:840} INFO - DAG(s) 'example_sensors' retrieved from /home/airflow/.local/lib/python3.12/site-packages/airflow/example_dags/example_sensors.py
[2024-05-11T15:18:28.217+0000] {logging_mixin.py:188} INFO - [2024-05-11T15:18:28.217+0000] {dag.py:3096} INFO - Sync 1 DAGs
[2024-05-11T15:18:28.246+0000] {logging_mixin.py:188} INFO - [2024-05-11T15:18:28.246+0000] {dag.py:3954} INFO - Setting next_dagrun for example_sensors to None, run_after=None
[2024-05-11T15:18:28.293+0000] {processor.py:183} INFO - Processing /home/airflow/.local/lib/python3.12/site-packages/airflow/example_dags/example_sensors.py took 0.133 seconds
[2024-05-11T15:18:58.997+0000] {processor.py:161} INFO - Started process (PID=111) to work on /home/airflow/.local/lib/python3.12/site-packages/airflow/example_dags/example_sensors.py
[2024-05-11T15:18:58.998+0000] {processor.py:830} INFO - Processing file /home/airflow/.local/lib/python3.12/site-packages/airflow/example_dags/example_sensors.py for tasks to queue
[2024-05-11T15:18:59.000+0000] {logging_mixin.py:188} INFO - [2024-05-11T15:18:59.000+0000] {dagbag.py:545} INFO - Filling up the DagBag from /home/airflow/.local/lib/python3.12/site-packages/airflow/example_dags/example_sensors.py
[2024-05-11T15:18:59.009+0000] {processor.py:840} INFO - DAG(s) 'example_sensors' retrieved from /home/airflow/.local/lib/python3.12/site-packages/airflow/example_dags/example_sensors.py
[2024-05-11T15:18:59.021+0000] {logging_mixin.py:188} INFO - [2024-05-11T15:18:59.021+0000] {dag.py:3096} INFO - Sync 1 DAGs
[2024-05-11T15:18:59.033+0000] {logging_mixin.py:188} INFO - [2024-05-11T15:18:59.033+0000] {dag.py:3954} INFO - Setting next_dagrun for example_sensors to None, run_after=None
[2024-05-11T15:18:59.055+0000] {processor.py:183} INFO - Processing /home/airflow/.local/lib/python3.12/site-packages/airflow/example_dags/example_sensors.py took 0.063 seconds
[2024-05-11T15:19:30.102+0000] {processor.py:161} INFO - Started process (PID=169) to work on /home/airflow/.local/lib/python3.12/site-packages/airflow/example_dags/example_sensors.py
[2024-05-11T15:19:30.103+0000] {processor.py:830} INFO - Processing file /home/airflow/.local/lib/python3.12/site-packages/airflow/example_dags/example_sensors.py for tasks to queue
[2024-05-11T15:19:30.104+0000] {logging_mixin.py:188} INFO - [2024-05-11T15:19:30.104+0000] {dagbag.py:545} INFO - Filling up the DagBag from /home/airflow/.local/lib/python3.12/site-packages/airflow/example_dags/example_sensors.py
[2024-05-11T15:19:30.112+0000] {processor.py:840} INFO - DAG(s) 'example_sensors' retrieved from /home/airflow/.local/lib/python3.12/site-packages/airflow/example_dags/example_sensors.py
[2024-05-11T15:19:30.203+0000] {logging_mixin.py:188} INFO - [2024-05-11T15:19:30.203+0000] {dag.py:3096} INFO - Sync 1 DAGs
[2024-05-11T15:19:30.212+0000] {logging_mixin.py:188} INFO - [2024-05-11T15:19:30.212+0000] {dag.py:3954} INFO - Setting next_dagrun for example_sensors to None, run_after=None
[2024-05-11T15:19:30.230+0000] {processor.py:183} INFO - Processing /home/airflow/.local/lib/python3.12/site-packages/airflow/example_dags/example_sensors.py took 0.133 seconds
[2024-05-11T15:20:00.894+0000] {processor.py:161} INFO - Started process (PID=227) to work on /home/airflow/.local/lib/python3.12/site-packages/airflow/example_dags/example_sensors.py
[2024-05-11T15:20:00.895+0000] {processor.py:830} INFO - Processing file /home/airflow/.local/lib/python3.12/site-packages/airflow/example_dags/example_sensors.py for tasks to queue
[2024-05-11T15:20:00.896+0000] {logging_mixin.py:188} INFO - [2024-05-11T15:20:00.896+0000] {dagbag.py:545} INFO - Filling up the DagBag from /home/airflow/.local/lib/python3.12/site-packages/airflow/example_dags/example_sensors.py
[2024-05-11T15:20:00.903+0000] {processor.py:840} INFO - DAG(s) 'example_sensors' retrieved from /home/airflow/.local/lib/python3.12/site-packages/airflow/example_dags/example_sensors.py
[2024-05-11T15:20:00.925+0000] {logging_mixin.py:188} INFO - [2024-05-11T15:20:00.924+0000] {dag.py:3096} INFO - Sync 1 DAGs
[2024-05-11T15:20:00.935+0000] {logging_mixin.py:188} INFO - [2024-05-11T15:20:00.935+0000] {dag.py:3954} INFO - Setting next_dagrun for example_sensors to None, run_after=None
[2024-05-11T15:20:00.953+0000] {processor.py:183} INFO - Processing /home/airflow/.local/lib/python3.12/site-packages/airflow/example_dags/example_sensors.py took 0.064 seconds
[2024-05-11T15:20:31.669+0000] {processor.py:161} INFO - Started process (PID=285) to work on /home/airflow/.local/lib/python3.12/site-packages/airflow/example_dags/example_sensors.py
[2024-05-11T15:20:31.672+0000] {processor.py:830} INFO - Processing file /home/airflow/.local/lib/python3.12/site-packages/airflow/example_dags/example_sensors.py for tasks to queue
[2024-05-11T15:20:31.675+0000] {logging_mixin.py:188} INFO - [2024-05-11T15:20:31.675+0000] {dagbag.py:545} INFO - Filling up the DagBag from /home/airflow/.local/lib/python3.12/site-packages/airflow/example_dags/example_sensors.py
[2024-05-11T15:20:31.687+0000] {processor.py:840} INFO - DAG(s) 'example_sensors' retrieved from /home/airflow/.local/lib/python3.12/site-packages/airflow/example_dags/example_sensors.py
[2024-05-11T15:20:31.722+0000] {logging_mixin.py:188} INFO - [2024-05-11T15:20:31.721+0000] {dag.py:3096} INFO - Sync 1 DAGs
[2024-05-11T15:20:31.743+0000] {logging_mixin.py:188} INFO - [2024-05-11T15:20:31.743+0000] {dag.py:3954} INFO - Setting next_dagrun for example_sensors to None, run_after=None
[2024-05-11T15:20:31.771+0000] {processor.py:183} INFO - Processing /home/airflow/.local/lib/python3.12/site-packages/airflow/example_dags/example_sensors.py took 0.111 seconds
[2024-05-11T15:26:59.580+0000] {processor.py:161} INFO - Started process (PID=61) to work on /home/airflow/.local/lib/python3.12/site-packages/airflow/example_dags/example_sensors.py
[2024-05-11T15:26:59.582+0000] {processor.py:830} INFO - Processing file /home/airflow/.local/lib/python3.12/site-packages/airflow/example_dags/example_sensors.py for tasks to queue
[2024-05-11T15:26:59.605+0000] {logging_mixin.py:188} INFO - [2024-05-11T15:26:59.600+0000] {dagbag.py:545} INFO - Filling up the DagBag from /home/airflow/.local/lib/python3.12/site-packages/airflow/example_dags/example_sensors.py
[2024-05-11T15:26:59.688+0000] {processor.py:840} INFO - DAG(s) 'example_sensors' retrieved from /home/airflow/.local/lib/python3.12/site-packages/airflow/example_dags/example_sensors.py
[2024-05-11T15:27:00.197+0000] {logging_mixin.py:188} INFO - [2024-05-11T15:27:00.196+0000] {dag.py:3096} INFO - Sync 1 DAGs
[2024-05-11T15:27:00.246+0000] {logging_mixin.py:188} INFO - [2024-05-11T15:27:00.246+0000] {dag.py:3954} INFO - Setting next_dagrun for example_sensors to None, run_after=None
[2024-05-11T15:27:00.327+0000] {processor.py:183} INFO - Processing /home/airflow/.local/lib/python3.12/site-packages/airflow/example_dags/example_sensors.py took 0.756 seconds
[2024-05-11T15:27:31.103+0000] {processor.py:161} INFO - Started process (PID=119) to work on /home/airflow/.local/lib/python3.12/site-packages/airflow/example_dags/example_sensors.py
[2024-05-11T15:27:31.175+0000] {processor.py:830} INFO - Processing file /home/airflow/.local/lib/python3.12/site-packages/airflow/example_dags/example_sensors.py for tasks to queue
[2024-05-11T15:27:31.177+0000] {logging_mixin.py:188} INFO - [2024-05-11T15:27:31.176+0000] {dagbag.py:545} INFO - Filling up the DagBag from /home/airflow/.local/lib/python3.12/site-packages/airflow/example_dags/example_sensors.py
[2024-05-11T15:27:31.185+0000] {processor.py:840} INFO - DAG(s) 'example_sensors' retrieved from /home/airflow/.local/lib/python3.12/site-packages/airflow/example_dags/example_sensors.py
[2024-05-11T15:27:31.207+0000] {logging_mixin.py:188} INFO - [2024-05-11T15:27:31.207+0000] {dag.py:3096} INFO - Sync 1 DAGs
[2024-05-11T15:27:31.438+0000] {logging_mixin.py:188} INFO - [2024-05-11T15:27:31.437+0000] {dag.py:3954} INFO - Setting next_dagrun for example_sensors to None, run_after=None
[2024-05-11T15:27:31.586+0000] {processor.py:183} INFO - Processing /home/airflow/.local/lib/python3.12/site-packages/airflow/example_dags/example_sensors.py took 0.488 seconds
[2024-05-11T15:28:01.726+0000] {processor.py:161} INFO - Started process (PID=177) to work on /home/airflow/.local/lib/python3.12/site-packages/airflow/example_dags/example_sensors.py
[2024-05-11T15:28:01.727+0000] {processor.py:830} INFO - Processing file /home/airflow/.local/lib/python3.12/site-packages/airflow/example_dags/example_sensors.py for tasks to queue
[2024-05-11T15:28:01.728+0000] {logging_mixin.py:188} INFO - [2024-05-11T15:28:01.728+0000] {dagbag.py:545} INFO - Filling up the DagBag from /home/airflow/.local/lib/python3.12/site-packages/airflow/example_dags/example_sensors.py
[2024-05-11T15:28:01.736+0000] {processor.py:840} INFO - DAG(s) 'example_sensors' retrieved from /home/airflow/.local/lib/python3.12/site-packages/airflow/example_dags/example_sensors.py
[2024-05-11T15:28:01.756+0000] {logging_mixin.py:188} INFO - [2024-05-11T15:28:01.756+0000] {dag.py:3096} INFO - Sync 1 DAGs
[2024-05-11T15:28:01.767+0000] {logging_mixin.py:188} INFO - [2024-05-11T15:28:01.767+0000] {dag.py:3954} INFO - Setting next_dagrun for example_sensors to None, run_after=None
[2024-05-11T15:28:01.784+0000] {processor.py:183} INFO - Processing /home/airflow/.local/lib/python3.12/site-packages/airflow/example_dags/example_sensors.py took 0.063 seconds
[2024-05-11T15:28:31.865+0000] {processor.py:161} INFO - Started process (PID=235) to work on /home/airflow/.local/lib/python3.12/site-packages/airflow/example_dags/example_sensors.py
[2024-05-11T15:28:31.866+0000] {processor.py:830} INFO - Processing file /home/airflow/.local/lib/python3.12/site-packages/airflow/example_dags/example_sensors.py for tasks to queue
[2024-05-11T15:28:31.867+0000] {logging_mixin.py:188} INFO - [2024-05-11T15:28:31.867+0000] {dagbag.py:545} INFO - Filling up the DagBag from /home/airflow/.local/lib/python3.12/site-packages/airflow/example_dags/example_sensors.py
[2024-05-11T15:28:31.875+0000] {processor.py:840} INFO - DAG(s) 'example_sensors' retrieved from /home/airflow/.local/lib/python3.12/site-packages/airflow/example_dags/example_sensors.py
[2024-05-11T15:28:31.900+0000] {logging_mixin.py:188} INFO - [2024-05-11T15:28:31.899+0000] {dag.py:3096} INFO - Sync 1 DAGs
[2024-05-11T15:28:31.912+0000] {logging_mixin.py:188} INFO - [2024-05-11T15:28:31.912+0000] {dag.py:3954} INFO - Setting next_dagrun for example_sensors to None, run_after=None
[2024-05-11T15:28:31.932+0000] {processor.py:183} INFO - Processing /home/airflow/.local/lib/python3.12/site-packages/airflow/example_dags/example_sensors.py took 0.072 seconds
[2024-05-11T15:46:10.326+0000] {processor.py:161} INFO - Started process (PID=53) to work on /home/airflow/.local/lib/python3.12/site-packages/airflow/example_dags/example_sensors.py
[2024-05-11T15:46:10.329+0000] {processor.py:830} INFO - Processing file /home/airflow/.local/lib/python3.12/site-packages/airflow/example_dags/example_sensors.py for tasks to queue
[2024-05-11T15:46:10.332+0000] {logging_mixin.py:188} INFO - [2024-05-11T15:46:10.332+0000] {dagbag.py:545} INFO - Filling up the DagBag from /home/airflow/.local/lib/python3.12/site-packages/airflow/example_dags/example_sensors.py
[2024-05-11T15:46:10.345+0000] {processor.py:840} INFO - DAG(s) 'example_sensors' retrieved from /home/airflow/.local/lib/python3.12/site-packages/airflow/example_dags/example_sensors.py
[2024-05-11T15:46:12.738+0000] {logging_mixin.py:188} INFO - [2024-05-11T15:46:12.737+0000] {dag.py:3096} INFO - Sync 1 DAGs
[2024-05-11T15:46:12.794+0000] {logging_mixin.py:188} INFO - [2024-05-11T15:46:12.793+0000] {dag.py:3954} INFO - Setting next_dagrun for example_sensors to None, run_after=None
[2024-05-11T15:46:12.849+0000] {processor.py:183} INFO - Processing /home/airflow/.local/lib/python3.12/site-packages/airflow/example_dags/example_sensors.py took 2.534 seconds
[2024-05-11T15:46:44.965+0000] {processor.py:161} INFO - Started process (PID=111) to work on /home/airflow/.local/lib/python3.12/site-packages/airflow/example_dags/example_sensors.py
[2024-05-11T15:46:45.022+0000] {processor.py:830} INFO - Processing file /home/airflow/.local/lib/python3.12/site-packages/airflow/example_dags/example_sensors.py for tasks to queue
[2024-05-11T15:46:45.151+0000] {logging_mixin.py:188} INFO - [2024-05-11T15:46:45.087+0000] {dagbag.py:545} INFO - Filling up the DagBag from /home/airflow/.local/lib/python3.12/site-packages/airflow/example_dags/example_sensors.py
[2024-05-11T15:46:45.287+0000] {processor.py:840} INFO - DAG(s) 'example_sensors' retrieved from /home/airflow/.local/lib/python3.12/site-packages/airflow/example_dags/example_sensors.py
[2024-05-11T15:46:45.898+0000] {logging_mixin.py:188} INFO - [2024-05-11T15:46:45.898+0000] {dag.py:3096} INFO - Sync 1 DAGs
[2024-05-11T15:46:45.909+0000] {logging_mixin.py:188} INFO - [2024-05-11T15:46:45.909+0000] {dag.py:3954} INFO - Setting next_dagrun for example_sensors to None, run_after=None
[2024-05-11T15:46:46.326+0000] {processor.py:183} INFO - Processing /home/airflow/.local/lib/python3.12/site-packages/airflow/example_dags/example_sensors.py took 1.367 seconds
[2024-05-11T15:47:16.370+0000] {processor.py:161} INFO - Started process (PID=170) to work on /home/airflow/.local/lib/python3.12/site-packages/airflow/example_dags/example_sensors.py
[2024-05-11T15:47:16.425+0000] {processor.py:830} INFO - Processing file /home/airflow/.local/lib/python3.12/site-packages/airflow/example_dags/example_sensors.py for tasks to queue
[2024-05-11T15:47:16.429+0000] {logging_mixin.py:188} INFO - [2024-05-11T15:47:16.428+0000] {dagbag.py:545} INFO - Filling up the DagBag from /home/airflow/.local/lib/python3.12/site-packages/airflow/example_dags/example_sensors.py
[2024-05-11T15:47:16.439+0000] {processor.py:840} INFO - DAG(s) 'example_sensors' retrieved from /home/airflow/.local/lib/python3.12/site-packages/airflow/example_dags/example_sensors.py
[2024-05-11T15:47:16.571+0000] {logging_mixin.py:188} INFO - [2024-05-11T15:47:16.571+0000] {dag.py:3096} INFO - Sync 1 DAGs
[2024-05-11T15:47:16.583+0000] {logging_mixin.py:188} INFO - [2024-05-11T15:47:16.583+0000] {dag.py:3954} INFO - Setting next_dagrun for example_sensors to None, run_after=None
[2024-05-11T15:47:16.834+0000] {processor.py:183} INFO - Processing /home/airflow/.local/lib/python3.12/site-packages/airflow/example_dags/example_sensors.py took 0.468 seconds
[2024-05-11T15:47:46.874+0000] {processor.py:161} INFO - Started process (PID=227) to work on /home/airflow/.local/lib/python3.12/site-packages/airflow/example_dags/example_sensors.py
[2024-05-11T15:47:46.875+0000] {processor.py:830} INFO - Processing file /home/airflow/.local/lib/python3.12/site-packages/airflow/example_dags/example_sensors.py for tasks to queue
[2024-05-11T15:47:46.877+0000] {logging_mixin.py:188} INFO - [2024-05-11T15:47:46.877+0000] {dagbag.py:545} INFO - Filling up the DagBag from /home/airflow/.local/lib/python3.12/site-packages/airflow/example_dags/example_sensors.py
[2024-05-11T15:47:46.884+0000] {processor.py:840} INFO - DAG(s) 'example_sensors' retrieved from /home/airflow/.local/lib/python3.12/site-packages/airflow/example_dags/example_sensors.py
[2024-05-11T15:47:46.906+0000] {logging_mixin.py:188} INFO - [2024-05-11T15:47:46.906+0000] {dag.py:3096} INFO - Sync 1 DAGs
[2024-05-11T15:47:46.917+0000] {logging_mixin.py:188} INFO - [2024-05-11T15:47:46.916+0000] {dag.py:3954} INFO - Setting next_dagrun for example_sensors to None, run_after=None
[2024-05-11T15:47:46.942+0000] {processor.py:183} INFO - Processing /home/airflow/.local/lib/python3.12/site-packages/airflow/example_dags/example_sensors.py took 0.073 seconds
[2024-05-11T15:48:17.013+0000] {processor.py:161} INFO - Started process (PID=285) to work on /home/airflow/.local/lib/python3.12/site-packages/airflow/example_dags/example_sensors.py
[2024-05-11T15:48:17.014+0000] {processor.py:830} INFO - Processing file /home/airflow/.local/lib/python3.12/site-packages/airflow/example_dags/example_sensors.py for tasks to queue
[2024-05-11T15:48:17.015+0000] {logging_mixin.py:188} INFO - [2024-05-11T15:48:17.015+0000] {dagbag.py:545} INFO - Filling up the DagBag from /home/airflow/.local/lib/python3.12/site-packages/airflow/example_dags/example_sensors.py
[2024-05-11T15:48:17.022+0000] {processor.py:840} INFO - DAG(s) 'example_sensors' retrieved from /home/airflow/.local/lib/python3.12/site-packages/airflow/example_dags/example_sensors.py
[2024-05-11T15:48:17.043+0000] {logging_mixin.py:188} INFO - [2024-05-11T15:48:17.043+0000] {dag.py:3096} INFO - Sync 1 DAGs
[2024-05-11T15:48:17.054+0000] {logging_mixin.py:188} INFO - [2024-05-11T15:48:17.054+0000] {dag.py:3954} INFO - Setting next_dagrun for example_sensors to None, run_after=None
[2024-05-11T15:48:17.071+0000] {processor.py:183} INFO - Processing /home/airflow/.local/lib/python3.12/site-packages/airflow/example_dags/example_sensors.py took 0.062 seconds
[2024-05-11T15:48:47.388+0000] {processor.py:161} INFO - Started process (PID=349) to work on /home/airflow/.local/lib/python3.12/site-packages/airflow/example_dags/example_sensors.py
[2024-05-11T15:48:47.390+0000] {processor.py:830} INFO - Processing file /home/airflow/.local/lib/python3.12/site-packages/airflow/example_dags/example_sensors.py for tasks to queue
[2024-05-11T15:48:47.392+0000] {logging_mixin.py:188} INFO - [2024-05-11T15:48:47.392+0000] {dagbag.py:545} INFO - Filling up the DagBag from /home/airflow/.local/lib/python3.12/site-packages/airflow/example_dags/example_sensors.py
[2024-05-11T15:48:47.400+0000] {processor.py:840} INFO - DAG(s) 'example_sensors' retrieved from /home/airflow/.local/lib/python3.12/site-packages/airflow/example_dags/example_sensors.py
[2024-05-11T15:48:47.424+0000] {logging_mixin.py:188} INFO - [2024-05-11T15:48:47.424+0000] {dag.py:3096} INFO - Sync 1 DAGs
[2024-05-11T15:48:47.436+0000] {logging_mixin.py:188} INFO - [2024-05-11T15:48:47.435+0000] {dag.py:3954} INFO - Setting next_dagrun for example_sensors to None, run_after=None
[2024-05-11T15:48:47.452+0000] {processor.py:183} INFO - Processing /home/airflow/.local/lib/python3.12/site-packages/airflow/example_dags/example_sensors.py took 0.070 seconds
[2024-05-11T15:49:17.868+0000] {processor.py:161} INFO - Started process (PID=407) to work on /home/airflow/.local/lib/python3.12/site-packages/airflow/example_dags/example_sensors.py
[2024-05-11T15:49:17.869+0000] {processor.py:830} INFO - Processing file /home/airflow/.local/lib/python3.12/site-packages/airflow/example_dags/example_sensors.py for tasks to queue
[2024-05-11T15:49:17.871+0000] {logging_mixin.py:188} INFO - [2024-05-11T15:49:17.871+0000] {dagbag.py:545} INFO - Filling up the DagBag from /home/airflow/.local/lib/python3.12/site-packages/airflow/example_dags/example_sensors.py
[2024-05-11T15:49:17.882+0000] {processor.py:840} INFO - DAG(s) 'example_sensors' retrieved from /home/airflow/.local/lib/python3.12/site-packages/airflow/example_dags/example_sensors.py
[2024-05-11T15:49:17.910+0000] {logging_mixin.py:188} INFO - [2024-05-11T15:49:17.910+0000] {dag.py:3096} INFO - Sync 1 DAGs
[2024-05-11T15:49:17.925+0000] {logging_mixin.py:188} INFO - [2024-05-11T15:49:17.924+0000] {dag.py:3954} INFO - Setting next_dagrun for example_sensors to None, run_after=None
[2024-05-11T15:49:17.952+0000] {processor.py:183} INFO - Processing /home/airflow/.local/lib/python3.12/site-packages/airflow/example_dags/example_sensors.py took 0.091 seconds
[2024-05-11T15:49:48.147+0000] {processor.py:161} INFO - Started process (PID=466) to work on /home/airflow/.local/lib/python3.12/site-packages/airflow/example_dags/example_sensors.py
[2024-05-11T15:49:48.148+0000] {processor.py:830} INFO - Processing file /home/airflow/.local/lib/python3.12/site-packages/airflow/example_dags/example_sensors.py for tasks to queue
[2024-05-11T15:49:48.150+0000] {logging_mixin.py:188} INFO - [2024-05-11T15:49:48.150+0000] {dagbag.py:545} INFO - Filling up the DagBag from /home/airflow/.local/lib/python3.12/site-packages/airflow/example_dags/example_sensors.py
[2024-05-11T15:49:48.157+0000] {processor.py:840} INFO - DAG(s) 'example_sensors' retrieved from /home/airflow/.local/lib/python3.12/site-packages/airflow/example_dags/example_sensors.py
[2024-05-11T15:49:48.178+0000] {logging_mixin.py:188} INFO - [2024-05-11T15:49:48.178+0000] {dag.py:3096} INFO - Sync 1 DAGs
[2024-05-11T15:49:48.189+0000] {logging_mixin.py:188} INFO - [2024-05-11T15:49:48.189+0000] {dag.py:3954} INFO - Setting next_dagrun for example_sensors to None, run_after=None
[2024-05-11T15:49:48.205+0000] {processor.py:183} INFO - Processing /home/airflow/.local/lib/python3.12/site-packages/airflow/example_dags/example_sensors.py took 0.062 seconds
[2024-05-11T15:50:18.660+0000] {processor.py:161} INFO - Started process (PID=524) to work on /home/airflow/.local/lib/python3.12/site-packages/airflow/example_dags/example_sensors.py
[2024-05-11T15:50:18.661+0000] {processor.py:830} INFO - Processing file /home/airflow/.local/lib/python3.12/site-packages/airflow/example_dags/example_sensors.py for tasks to queue
[2024-05-11T15:50:18.662+0000] {logging_mixin.py:188} INFO - [2024-05-11T15:50:18.662+0000] {dagbag.py:545} INFO - Filling up the DagBag from /home/airflow/.local/lib/python3.12/site-packages/airflow/example_dags/example_sensors.py
[2024-05-11T15:50:18.669+0000] {processor.py:840} INFO - DAG(s) 'example_sensors' retrieved from /home/airflow/.local/lib/python3.12/site-packages/airflow/example_dags/example_sensors.py
[2024-05-11T15:50:18.691+0000] {logging_mixin.py:188} INFO - [2024-05-11T15:50:18.690+0000] {dag.py:3096} INFO - Sync 1 DAGs
[2024-05-11T15:50:18.702+0000] {logging_mixin.py:188} INFO - [2024-05-11T15:50:18.701+0000] {dag.py:3954} INFO - Setting next_dagrun for example_sensors to None, run_after=None
[2024-05-11T15:50:18.719+0000] {processor.py:183} INFO - Processing /home/airflow/.local/lib/python3.12/site-packages/airflow/example_dags/example_sensors.py took 0.064 seconds
[2024-05-11T15:50:48.834+0000] {processor.py:161} INFO - Started process (PID=582) to work on /home/airflow/.local/lib/python3.12/site-packages/airflow/example_dags/example_sensors.py
[2024-05-11T15:50:48.835+0000] {processor.py:830} INFO - Processing file /home/airflow/.local/lib/python3.12/site-packages/airflow/example_dags/example_sensors.py for tasks to queue
[2024-05-11T15:50:48.837+0000] {logging_mixin.py:188} INFO - [2024-05-11T15:50:48.837+0000] {dagbag.py:545} INFO - Filling up the DagBag from /home/airflow/.local/lib/python3.12/site-packages/airflow/example_dags/example_sensors.py
[2024-05-11T15:50:48.846+0000] {processor.py:840} INFO - DAG(s) 'example_sensors' retrieved from /home/airflow/.local/lib/python3.12/site-packages/airflow/example_dags/example_sensors.py
[2024-05-11T15:50:48.870+0000] {logging_mixin.py:188} INFO - [2024-05-11T15:50:48.870+0000] {dag.py:3096} INFO - Sync 1 DAGs
[2024-05-11T15:50:48.885+0000] {logging_mixin.py:188} INFO - [2024-05-11T15:50:48.884+0000] {dag.py:3954} INFO - Setting next_dagrun for example_sensors to None, run_after=None
[2024-05-11T15:50:48.901+0000] {processor.py:183} INFO - Processing /home/airflow/.local/lib/python3.12/site-packages/airflow/example_dags/example_sensors.py took 0.072 seconds
[2024-05-11T15:51:19.033+0000] {processor.py:161} INFO - Started process (PID=640) to work on /home/airflow/.local/lib/python3.12/site-packages/airflow/example_dags/example_sensors.py
[2024-05-11T15:51:19.034+0000] {processor.py:830} INFO - Processing file /home/airflow/.local/lib/python3.12/site-packages/airflow/example_dags/example_sensors.py for tasks to queue
[2024-05-11T15:51:19.036+0000] {logging_mixin.py:188} INFO - [2024-05-11T15:51:19.035+0000] {dagbag.py:545} INFO - Filling up the DagBag from /home/airflow/.local/lib/python3.12/site-packages/airflow/example_dags/example_sensors.py
[2024-05-11T15:51:19.044+0000] {processor.py:840} INFO - DAG(s) 'example_sensors' retrieved from /home/airflow/.local/lib/python3.12/site-packages/airflow/example_dags/example_sensors.py
[2024-05-11T15:51:19.067+0000] {logging_mixin.py:188} INFO - [2024-05-11T15:51:19.066+0000] {dag.py:3096} INFO - Sync 1 DAGs
[2024-05-11T15:51:19.078+0000] {logging_mixin.py:188} INFO - [2024-05-11T15:51:19.077+0000] {dag.py:3954} INFO - Setting next_dagrun for example_sensors to None, run_after=None
[2024-05-11T15:51:19.093+0000] {processor.py:183} INFO - Processing /home/airflow/.local/lib/python3.12/site-packages/airflow/example_dags/example_sensors.py took 0.065 seconds
[2024-05-11T15:51:50.204+0000] {processor.py:161} INFO - Started process (PID=698) to work on /home/airflow/.local/lib/python3.12/site-packages/airflow/example_dags/example_sensors.py
[2024-05-11T15:51:50.235+0000] {processor.py:830} INFO - Processing file /home/airflow/.local/lib/python3.12/site-packages/airflow/example_dags/example_sensors.py for tasks to queue
[2024-05-11T15:51:50.285+0000] {logging_mixin.py:188} INFO - [2024-05-11T15:51:50.282+0000] {dagbag.py:545} INFO - Filling up the DagBag from /home/airflow/.local/lib/python3.12/site-packages/airflow/example_dags/example_sensors.py
[2024-05-11T15:51:50.325+0000] {processor.py:840} INFO - DAG(s) 'example_sensors' retrieved from /home/airflow/.local/lib/python3.12/site-packages/airflow/example_dags/example_sensors.py
[2024-05-11T15:51:50.614+0000] {logging_mixin.py:188} INFO - [2024-05-11T15:51:50.614+0000] {dag.py:3096} INFO - Sync 1 DAGs
[2024-05-11T15:51:50.710+0000] {logging_mixin.py:188} INFO - [2024-05-11T15:51:50.710+0000] {dag.py:3954} INFO - Setting next_dagrun for example_sensors to None, run_after=None
[2024-05-11T15:51:50.774+0000] {processor.py:183} INFO - Processing /home/airflow/.local/lib/python3.12/site-packages/airflow/example_dags/example_sensors.py took 0.655 seconds
[2024-05-11T15:52:21.647+0000] {processor.py:161} INFO - Started process (PID=756) to work on /home/airflow/.local/lib/python3.12/site-packages/airflow/example_dags/example_sensors.py
[2024-05-11T15:52:21.658+0000] {processor.py:830} INFO - Processing file /home/airflow/.local/lib/python3.12/site-packages/airflow/example_dags/example_sensors.py for tasks to queue
[2024-05-11T15:52:21.665+0000] {logging_mixin.py:188} INFO - [2024-05-11T15:52:21.662+0000] {dagbag.py:545} INFO - Filling up the DagBag from /home/airflow/.local/lib/python3.12/site-packages/airflow/example_dags/example_sensors.py
[2024-05-11T15:52:21.704+0000] {processor.py:840} INFO - DAG(s) 'example_sensors' retrieved from /home/airflow/.local/lib/python3.12/site-packages/airflow/example_dags/example_sensors.py
[2024-05-11T15:52:21.845+0000] {logging_mixin.py:188} INFO - [2024-05-11T15:52:21.844+0000] {dag.py:3096} INFO - Sync 1 DAGs
[2024-05-11T15:52:21.884+0000] {logging_mixin.py:188} INFO - [2024-05-11T15:52:21.884+0000] {dag.py:3954} INFO - Setting next_dagrun for example_sensors to None, run_after=None
[2024-05-11T15:52:21.915+0000] {processor.py:183} INFO - Processing /home/airflow/.local/lib/python3.12/site-packages/airflow/example_dags/example_sensors.py took 0.293 seconds
[2024-05-11T15:52:51.978+0000] {processor.py:161} INFO - Started process (PID=814) to work on /home/airflow/.local/lib/python3.12/site-packages/airflow/example_dags/example_sensors.py
[2024-05-11T15:52:51.979+0000] {processor.py:830} INFO - Processing file /home/airflow/.local/lib/python3.12/site-packages/airflow/example_dags/example_sensors.py for tasks to queue
[2024-05-11T15:52:51.980+0000] {logging_mixin.py:188} INFO - [2024-05-11T15:52:51.980+0000] {dagbag.py:545} INFO - Filling up the DagBag from /home/airflow/.local/lib/python3.12/site-packages/airflow/example_dags/example_sensors.py
[2024-05-11T15:52:51.987+0000] {processor.py:840} INFO - DAG(s) 'example_sensors' retrieved from /home/airflow/.local/lib/python3.12/site-packages/airflow/example_dags/example_sensors.py
[2024-05-11T15:52:52.009+0000] {logging_mixin.py:188} INFO - [2024-05-11T15:52:52.008+0000] {dag.py:3096} INFO - Sync 1 DAGs
[2024-05-11T15:52:52.019+0000] {logging_mixin.py:188} INFO - [2024-05-11T15:52:52.019+0000] {dag.py:3954} INFO - Setting next_dagrun for example_sensors to None, run_after=None
[2024-05-11T15:52:52.035+0000] {processor.py:183} INFO - Processing /home/airflow/.local/lib/python3.12/site-packages/airflow/example_dags/example_sensors.py took 0.061 seconds
[2024-05-11T15:53:22.216+0000] {processor.py:161} INFO - Started process (PID=872) to work on /home/airflow/.local/lib/python3.12/site-packages/airflow/example_dags/example_sensors.py
[2024-05-11T15:53:22.217+0000] {processor.py:830} INFO - Processing file /home/airflow/.local/lib/python3.12/site-packages/airflow/example_dags/example_sensors.py for tasks to queue
[2024-05-11T15:53:22.218+0000] {logging_mixin.py:188} INFO - [2024-05-11T15:53:22.218+0000] {dagbag.py:545} INFO - Filling up the DagBag from /home/airflow/.local/lib/python3.12/site-packages/airflow/example_dags/example_sensors.py
[2024-05-11T15:53:22.225+0000] {processor.py:840} INFO - DAG(s) 'example_sensors' retrieved from /home/airflow/.local/lib/python3.12/site-packages/airflow/example_dags/example_sensors.py
[2024-05-11T15:53:22.247+0000] {logging_mixin.py:188} INFO - [2024-05-11T15:53:22.247+0000] {dag.py:3096} INFO - Sync 1 DAGs
[2024-05-11T15:53:22.261+0000] {logging_mixin.py:188} INFO - [2024-05-11T15:53:22.261+0000] {dag.py:3954} INFO - Setting next_dagrun for example_sensors to None, run_after=None
[2024-05-11T15:53:22.277+0000] {processor.py:183} INFO - Processing /home/airflow/.local/lib/python3.12/site-packages/airflow/example_dags/example_sensors.py took 0.066 seconds
[2024-05-11T15:53:52.583+0000] {processor.py:161} INFO - Started process (PID=930) to work on /home/airflow/.local/lib/python3.12/site-packages/airflow/example_dags/example_sensors.py
[2024-05-11T15:53:52.584+0000] {processor.py:830} INFO - Processing file /home/airflow/.local/lib/python3.12/site-packages/airflow/example_dags/example_sensors.py for tasks to queue
[2024-05-11T15:53:52.586+0000] {logging_mixin.py:188} INFO - [2024-05-11T15:53:52.586+0000] {dagbag.py:545} INFO - Filling up the DagBag from /home/airflow/.local/lib/python3.12/site-packages/airflow/example_dags/example_sensors.py
[2024-05-11T15:53:52.593+0000] {processor.py:840} INFO - DAG(s) 'example_sensors' retrieved from /home/airflow/.local/lib/python3.12/site-packages/airflow/example_dags/example_sensors.py
[2024-05-11T15:53:52.613+0000] {logging_mixin.py:188} INFO - [2024-05-11T15:53:52.613+0000] {dag.py:3096} INFO - Sync 1 DAGs
[2024-05-11T15:53:52.624+0000] {logging_mixin.py:188} INFO - [2024-05-11T15:53:52.624+0000] {dag.py:3954} INFO - Setting next_dagrun for example_sensors to None, run_after=None
[2024-05-11T15:53:52.648+0000] {processor.py:183} INFO - Processing /home/airflow/.local/lib/python3.12/site-packages/airflow/example_dags/example_sensors.py took 0.069 seconds
[2024-05-11T15:54:23.080+0000] {processor.py:161} INFO - Started process (PID=988) to work on /home/airflow/.local/lib/python3.12/site-packages/airflow/example_dags/example_sensors.py
[2024-05-11T15:54:23.080+0000] {processor.py:830} INFO - Processing file /home/airflow/.local/lib/python3.12/site-packages/airflow/example_dags/example_sensors.py for tasks to queue
[2024-05-11T15:54:23.082+0000] {logging_mixin.py:188} INFO - [2024-05-11T15:54:23.082+0000] {dagbag.py:545} INFO - Filling up the DagBag from /home/airflow/.local/lib/python3.12/site-packages/airflow/example_dags/example_sensors.py
[2024-05-11T15:54:23.089+0000] {processor.py:840} INFO - DAG(s) 'example_sensors' retrieved from /home/airflow/.local/lib/python3.12/site-packages/airflow/example_dags/example_sensors.py
[2024-05-11T15:54:23.114+0000] {logging_mixin.py:188} INFO - [2024-05-11T15:54:23.114+0000] {dag.py:3096} INFO - Sync 1 DAGs
[2024-05-11T15:54:23.126+0000] {logging_mixin.py:188} INFO - [2024-05-11T15:54:23.125+0000] {dag.py:3954} INFO - Setting next_dagrun for example_sensors to None, run_after=None
[2024-05-11T15:54:23.144+0000] {processor.py:183} INFO - Processing /home/airflow/.local/lib/python3.12/site-packages/airflow/example_dags/example_sensors.py took 0.069 seconds
[2024-05-11T15:54:53.355+0000] {processor.py:161} INFO - Started process (PID=1046) to work on /home/airflow/.local/lib/python3.12/site-packages/airflow/example_dags/example_sensors.py
[2024-05-11T15:54:53.356+0000] {processor.py:830} INFO - Processing file /home/airflow/.local/lib/python3.12/site-packages/airflow/example_dags/example_sensors.py for tasks to queue
[2024-05-11T15:54:53.357+0000] {logging_mixin.py:188} INFO - [2024-05-11T15:54:53.357+0000] {dagbag.py:545} INFO - Filling up the DagBag from /home/airflow/.local/lib/python3.12/site-packages/airflow/example_dags/example_sensors.py
[2024-05-11T15:54:53.365+0000] {processor.py:840} INFO - DAG(s) 'example_sensors' retrieved from /home/airflow/.local/lib/python3.12/site-packages/airflow/example_dags/example_sensors.py
[2024-05-11T15:54:53.393+0000] {logging_mixin.py:188} INFO - [2024-05-11T15:54:53.393+0000] {dag.py:3096} INFO - Sync 1 DAGs
[2024-05-11T15:54:53.405+0000] {logging_mixin.py:188} INFO - [2024-05-11T15:54:53.404+0000] {dag.py:3954} INFO - Setting next_dagrun for example_sensors to None, run_after=None
[2024-05-11T15:54:53.434+0000] {processor.py:183} INFO - Processing /home/airflow/.local/lib/python3.12/site-packages/airflow/example_dags/example_sensors.py took 0.084 seconds
[2024-05-11T15:55:23.570+0000] {processor.py:161} INFO - Started process (PID=1105) to work on /home/airflow/.local/lib/python3.12/site-packages/airflow/example_dags/example_sensors.py
[2024-05-11T15:55:23.571+0000] {processor.py:830} INFO - Processing file /home/airflow/.local/lib/python3.12/site-packages/airflow/example_dags/example_sensors.py for tasks to queue
[2024-05-11T15:55:23.572+0000] {logging_mixin.py:188} INFO - [2024-05-11T15:55:23.572+0000] {dagbag.py:545} INFO - Filling up the DagBag from /home/airflow/.local/lib/python3.12/site-packages/airflow/example_dags/example_sensors.py
[2024-05-11T15:55:23.579+0000] {processor.py:840} INFO - DAG(s) 'example_sensors' retrieved from /home/airflow/.local/lib/python3.12/site-packages/airflow/example_dags/example_sensors.py
[2024-05-11T15:55:23.603+0000] {logging_mixin.py:188} INFO - [2024-05-11T15:55:23.603+0000] {dag.py:3096} INFO - Sync 1 DAGs
[2024-05-11T15:55:23.618+0000] {logging_mixin.py:188} INFO - [2024-05-11T15:55:23.618+0000] {dag.py:3954} INFO - Setting next_dagrun for example_sensors to None, run_after=None
[2024-05-11T15:55:23.648+0000] {processor.py:183} INFO - Processing /home/airflow/.local/lib/python3.12/site-packages/airflow/example_dags/example_sensors.py took 0.082 seconds
[2024-05-11T15:55:54.066+0000] {processor.py:161} INFO - Started process (PID=1161) to work on /home/airflow/.local/lib/python3.12/site-packages/airflow/example_dags/example_sensors.py
[2024-05-11T15:55:54.067+0000] {processor.py:830} INFO - Processing file /home/airflow/.local/lib/python3.12/site-packages/airflow/example_dags/example_sensors.py for tasks to queue
[2024-05-11T15:55:54.071+0000] {logging_mixin.py:188} INFO - [2024-05-11T15:55:54.071+0000] {dagbag.py:545} INFO - Filling up the DagBag from /home/airflow/.local/lib/python3.12/site-packages/airflow/example_dags/example_sensors.py
[2024-05-11T15:55:54.081+0000] {processor.py:840} INFO - DAG(s) 'example_sensors' retrieved from /home/airflow/.local/lib/python3.12/site-packages/airflow/example_dags/example_sensors.py
[2024-05-11T15:55:54.112+0000] {logging_mixin.py:188} INFO - [2024-05-11T15:55:54.112+0000] {dag.py:3096} INFO - Sync 1 DAGs
[2024-05-11T15:55:54.130+0000] {logging_mixin.py:188} INFO - [2024-05-11T15:55:54.130+0000] {dag.py:3954} INFO - Setting next_dagrun for example_sensors to None, run_after=None
[2024-05-11T15:55:54.161+0000] {processor.py:183} INFO - Processing /home/airflow/.local/lib/python3.12/site-packages/airflow/example_dags/example_sensors.py took 0.101 seconds
[2024-05-11T15:56:24.709+0000] {processor.py:161} INFO - Started process (PID=1219) to work on /home/airflow/.local/lib/python3.12/site-packages/airflow/example_dags/example_sensors.py
[2024-05-11T15:56:24.710+0000] {processor.py:830} INFO - Processing file /home/airflow/.local/lib/python3.12/site-packages/airflow/example_dags/example_sensors.py for tasks to queue
[2024-05-11T15:56:24.711+0000] {logging_mixin.py:188} INFO - [2024-05-11T15:56:24.711+0000] {dagbag.py:545} INFO - Filling up the DagBag from /home/airflow/.local/lib/python3.12/site-packages/airflow/example_dags/example_sensors.py
[2024-05-11T15:56:24.719+0000] {processor.py:840} INFO - DAG(s) 'example_sensors' retrieved from /home/airflow/.local/lib/python3.12/site-packages/airflow/example_dags/example_sensors.py
[2024-05-11T15:56:24.746+0000] {logging_mixin.py:188} INFO - [2024-05-11T15:56:24.745+0000] {dag.py:3096} INFO - Sync 1 DAGs
[2024-05-11T15:56:24.759+0000] {logging_mixin.py:188} INFO - [2024-05-11T15:56:24.759+0000] {dag.py:3954} INFO - Setting next_dagrun for example_sensors to None, run_after=None
[2024-05-11T15:56:24.777+0000] {processor.py:183} INFO - Processing /home/airflow/.local/lib/python3.12/site-packages/airflow/example_dags/example_sensors.py took 0.073 seconds
[2024-05-11T15:56:55.366+0000] {processor.py:161} INFO - Started process (PID=1277) to work on /home/airflow/.local/lib/python3.12/site-packages/airflow/example_dags/example_sensors.py
[2024-05-11T15:56:55.367+0000] {processor.py:830} INFO - Processing file /home/airflow/.local/lib/python3.12/site-packages/airflow/example_dags/example_sensors.py for tasks to queue
[2024-05-11T15:56:55.369+0000] {logging_mixin.py:188} INFO - [2024-05-11T15:56:55.369+0000] {dagbag.py:545} INFO - Filling up the DagBag from /home/airflow/.local/lib/python3.12/site-packages/airflow/example_dags/example_sensors.py
[2024-05-11T15:56:55.377+0000] {processor.py:840} INFO - DAG(s) 'example_sensors' retrieved from /home/airflow/.local/lib/python3.12/site-packages/airflow/example_dags/example_sensors.py
[2024-05-11T15:56:55.405+0000] {logging_mixin.py:188} INFO - [2024-05-11T15:56:55.405+0000] {dag.py:3096} INFO - Sync 1 DAGs
[2024-05-11T15:56:55.420+0000] {logging_mixin.py:188} INFO - [2024-05-11T15:56:55.419+0000] {dag.py:3954} INFO - Setting next_dagrun for example_sensors to None, run_after=None
[2024-05-11T15:56:55.441+0000] {processor.py:183} INFO - Processing /home/airflow/.local/lib/python3.12/site-packages/airflow/example_dags/example_sensors.py took 0.081 seconds
[2024-05-11T16:03:41.797+0000] {processor.py:161} INFO - Started process (PID=53) to work on /home/airflow/.local/lib/python3.12/site-packages/airflow/example_dags/example_sensors.py
[2024-05-11T16:03:41.799+0000] {processor.py:830} INFO - Processing file /home/airflow/.local/lib/python3.12/site-packages/airflow/example_dags/example_sensors.py for tasks to queue
[2024-05-11T16:03:41.802+0000] {logging_mixin.py:188} INFO - [2024-05-11T16:03:41.801+0000] {dagbag.py:545} INFO - Filling up the DagBag from /home/airflow/.local/lib/python3.12/site-packages/airflow/example_dags/example_sensors.py
[2024-05-11T16:03:41.813+0000] {processor.py:840} INFO - DAG(s) 'example_sensors' retrieved from /home/airflow/.local/lib/python3.12/site-packages/airflow/example_dags/example_sensors.py
[2024-05-11T16:03:41.829+0000] {logging_mixin.py:188} INFO - [2024-05-11T16:03:41.828+0000] {dag.py:3096} INFO - Sync 1 DAGs
[2024-05-11T16:03:41.848+0000] {logging_mixin.py:188} INFO - [2024-05-11T16:03:41.847+0000] {dag.py:3954} INFO - Setting next_dagrun for example_sensors to None, run_after=None
[2024-05-11T16:03:41.883+0000] {processor.py:183} INFO - Processing /home/airflow/.local/lib/python3.12/site-packages/airflow/example_dags/example_sensors.py took 0.096 seconds
[2024-05-11T16:04:12.289+0000] {processor.py:161} INFO - Started process (PID=111) to work on /home/airflow/.local/lib/python3.12/site-packages/airflow/example_dags/example_sensors.py
[2024-05-11T16:04:12.290+0000] {processor.py:830} INFO - Processing file /home/airflow/.local/lib/python3.12/site-packages/airflow/example_dags/example_sensors.py for tasks to queue
[2024-05-11T16:04:12.292+0000] {logging_mixin.py:188} INFO - [2024-05-11T16:04:12.292+0000] {dagbag.py:545} INFO - Filling up the DagBag from /home/airflow/.local/lib/python3.12/site-packages/airflow/example_dags/example_sensors.py
[2024-05-11T16:04:12.300+0000] {processor.py:840} INFO - DAG(s) 'example_sensors' retrieved from /home/airflow/.local/lib/python3.12/site-packages/airflow/example_dags/example_sensors.py
[2024-05-11T16:04:12.399+0000] {logging_mixin.py:188} INFO - [2024-05-11T16:04:12.399+0000] {dag.py:3096} INFO - Sync 1 DAGs
[2024-05-11T16:04:12.409+0000] {logging_mixin.py:188} INFO - [2024-05-11T16:04:12.408+0000] {dag.py:3954} INFO - Setting next_dagrun for example_sensors to None, run_after=None
[2024-05-11T16:04:12.426+0000] {processor.py:183} INFO - Processing /home/airflow/.local/lib/python3.12/site-packages/airflow/example_dags/example_sensors.py took 0.142 seconds
[2024-05-11T16:04:42.915+0000] {processor.py:161} INFO - Started process (PID=169) to work on /home/airflow/.local/lib/python3.12/site-packages/airflow/example_dags/example_sensors.py
[2024-05-11T16:04:42.916+0000] {processor.py:830} INFO - Processing file /home/airflow/.local/lib/python3.12/site-packages/airflow/example_dags/example_sensors.py for tasks to queue
[2024-05-11T16:04:42.918+0000] {logging_mixin.py:188} INFO - [2024-05-11T16:04:42.917+0000] {dagbag.py:545} INFO - Filling up the DagBag from /home/airflow/.local/lib/python3.12/site-packages/airflow/example_dags/example_sensors.py
[2024-05-11T16:04:42.925+0000] {processor.py:840} INFO - DAG(s) 'example_sensors' retrieved from /home/airflow/.local/lib/python3.12/site-packages/airflow/example_dags/example_sensors.py
[2024-05-11T16:04:42.950+0000] {logging_mixin.py:188} INFO - [2024-05-11T16:04:42.949+0000] {dag.py:3096} INFO - Sync 1 DAGs
[2024-05-11T16:04:42.961+0000] {logging_mixin.py:188} INFO - [2024-05-11T16:04:42.961+0000] {dag.py:3954} INFO - Setting next_dagrun for example_sensors to None, run_after=None
[2024-05-11T16:04:42.978+0000] {processor.py:183} INFO - Processing /home/airflow/.local/lib/python3.12/site-packages/airflow/example_dags/example_sensors.py took 0.067 seconds
[2024-05-11T16:05:13.070+0000] {processor.py:161} INFO - Started process (PID=227) to work on /home/airflow/.local/lib/python3.12/site-packages/airflow/example_dags/example_sensors.py
[2024-05-11T16:05:13.071+0000] {processor.py:830} INFO - Processing file /home/airflow/.local/lib/python3.12/site-packages/airflow/example_dags/example_sensors.py for tasks to queue
[2024-05-11T16:05:13.072+0000] {logging_mixin.py:188} INFO - [2024-05-11T16:05:13.072+0000] {dagbag.py:545} INFO - Filling up the DagBag from /home/airflow/.local/lib/python3.12/site-packages/airflow/example_dags/example_sensors.py
[2024-05-11T16:05:13.080+0000] {processor.py:840} INFO - DAG(s) 'example_sensors' retrieved from /home/airflow/.local/lib/python3.12/site-packages/airflow/example_dags/example_sensors.py
[2024-05-11T16:05:13.103+0000] {logging_mixin.py:188} INFO - [2024-05-11T16:05:13.103+0000] {dag.py:3096} INFO - Sync 1 DAGs
[2024-05-11T16:05:13.115+0000] {logging_mixin.py:188} INFO - [2024-05-11T16:05:13.114+0000] {dag.py:3954} INFO - Setting next_dagrun for example_sensors to None, run_after=None
[2024-05-11T16:05:13.130+0000] {processor.py:183} INFO - Processing /home/airflow/.local/lib/python3.12/site-packages/airflow/example_dags/example_sensors.py took 0.065 seconds
[2024-05-11T16:05:43.754+0000] {processor.py:161} INFO - Started process (PID=285) to work on /home/airflow/.local/lib/python3.12/site-packages/airflow/example_dags/example_sensors.py
[2024-05-11T16:05:43.756+0000] {processor.py:830} INFO - Processing file /home/airflow/.local/lib/python3.12/site-packages/airflow/example_dags/example_sensors.py for tasks to queue
[2024-05-11T16:05:43.759+0000] {logging_mixin.py:188} INFO - [2024-05-11T16:05:43.759+0000] {dagbag.py:545} INFO - Filling up the DagBag from /home/airflow/.local/lib/python3.12/site-packages/airflow/example_dags/example_sensors.py
[2024-05-11T16:05:43.768+0000] {processor.py:840} INFO - DAG(s) 'example_sensors' retrieved from /home/airflow/.local/lib/python3.12/site-packages/airflow/example_dags/example_sensors.py
[2024-05-11T16:05:43.807+0000] {logging_mixin.py:188} INFO - [2024-05-11T16:05:43.806+0000] {dag.py:3096} INFO - Sync 1 DAGs
[2024-05-11T16:05:43.822+0000] {logging_mixin.py:188} INFO - [2024-05-11T16:05:43.822+0000] {dag.py:3954} INFO - Setting next_dagrun for example_sensors to None, run_after=None
[2024-05-11T16:05:43.847+0000] {processor.py:183} INFO - Processing /home/airflow/.local/lib/python3.12/site-packages/airflow/example_dags/example_sensors.py took 0.101 seconds
