[2024-05-11T11:30:29.415+0000] {processor.py:161} INFO - Started process (PID=53) to work on /home/airflow/.local/lib/python3.12/site-packages/airflow/example_dags/example_branch_python_dop_operator_3.py
[2024-05-11T11:30:29.417+0000] {processor.py:830} INFO - Processing file /home/airflow/.local/lib/python3.12/site-packages/airflow/example_dags/example_branch_python_dop_operator_3.py for tasks to queue
[2024-05-11T11:30:29.421+0000] {logging_mixin.py:188} INFO - [2024-05-11T11:30:29.420+0000] {dagbag.py:545} INFO - Filling up the DagBag from /home/airflow/.local/lib/python3.12/site-packages/airflow/example_dags/example_branch_python_dop_operator_3.py
[2024-05-11T11:30:29.440+0000] {processor.py:840} INFO - DAG(s) 'example_branch_dop_operator_v3' retrieved from /home/airflow/.local/lib/python3.12/site-packages/airflow/example_dags/example_branch_python_dop_operator_3.py
[2024-05-11T11:30:29.942+0000] {logging_mixin.py:188} INFO - [2024-05-11T11:30:29.941+0000] {override.py:1829} INFO - Created Permission View: can edit on DAG:example_branch_dop_operator_v3
[2024-05-11T11:30:29.976+0000] {logging_mixin.py:188} INFO - [2024-05-11T11:30:29.975+0000] {override.py:1829} INFO - Created Permission View: can read on DAG:example_branch_dop_operator_v3
[2024-05-11T11:30:29.989+0000] {logging_mixin.py:188} INFO - [2024-05-11T11:30:29.989+0000] {override.py:1829} INFO - Created Permission View: can delete on DAG:example_branch_dop_operator_v3
[2024-05-11T11:30:29.990+0000] {logging_mixin.py:188} INFO - [2024-05-11T11:30:29.990+0000] {dag.py:3096} INFO - Sync 1 DAGs
[2024-05-11T11:30:30.017+0000] {logging_mixin.py:188} INFO - [2024-05-11T11:30:30.016+0000] {dag.py:3118} INFO - Creating ORM DAG for example_branch_dop_operator_v3
[2024-05-11T11:30:30.047+0000] {logging_mixin.py:188} INFO - [2024-05-11T11:30:30.047+0000] {dag.py:3954} INFO - Setting next_dagrun for example_branch_dop_operator_v3 to 2024-05-11 11:29:00+00:00, run_after=2024-05-11 11:30:00+00:00
[2024-05-11T11:30:30.136+0000] {processor.py:183} INFO - Processing /home/airflow/.local/lib/python3.12/site-packages/airflow/example_dags/example_branch_python_dop_operator_3.py took 0.764 seconds
[2024-05-11T11:31:11.607+0000] {processor.py:161} INFO - Started process (PID=111) to work on /home/airflow/.local/lib/python3.12/site-packages/airflow/example_dags/example_branch_python_dop_operator_3.py
[2024-05-11T11:31:11.609+0000] {processor.py:830} INFO - Processing file /home/airflow/.local/lib/python3.12/site-packages/airflow/example_dags/example_branch_python_dop_operator_3.py for tasks to queue
[2024-05-11T11:31:11.611+0000] {logging_mixin.py:188} INFO - [2024-05-11T11:31:11.610+0000] {dagbag.py:545} INFO - Filling up the DagBag from /home/airflow/.local/lib/python3.12/site-packages/airflow/example_dags/example_branch_python_dop_operator_3.py
[2024-05-11T11:31:11.620+0000] {processor.py:840} INFO - DAG(s) 'example_branch_dop_operator_v3' retrieved from /home/airflow/.local/lib/python3.12/site-packages/airflow/example_dags/example_branch_python_dop_operator_3.py
[2024-05-11T11:31:11.643+0000] {logging_mixin.py:188} INFO - [2024-05-11T11:31:11.643+0000] {dag.py:3096} INFO - Sync 1 DAGs
[2024-05-11T11:31:11.674+0000] {logging_mixin.py:188} INFO - [2024-05-11T11:31:11.674+0000] {dag.py:3954} INFO - Setting next_dagrun for example_branch_dop_operator_v3 to 2024-05-11 11:30:00+00:00, run_after=2024-05-11 11:31:00+00:00
[2024-05-11T11:31:11.699+0000] {processor.py:183} INFO - Processing /home/airflow/.local/lib/python3.12/site-packages/airflow/example_dags/example_branch_python_dop_operator_3.py took 0.099 seconds
[2024-05-11T11:31:41.908+0000] {processor.py:161} INFO - Started process (PID=167) to work on /home/airflow/.local/lib/python3.12/site-packages/airflow/example_dags/example_branch_python_dop_operator_3.py
[2024-05-11T11:31:41.910+0000] {processor.py:830} INFO - Processing file /home/airflow/.local/lib/python3.12/site-packages/airflow/example_dags/example_branch_python_dop_operator_3.py for tasks to queue
[2024-05-11T11:31:41.911+0000] {logging_mixin.py:188} INFO - [2024-05-11T11:31:41.911+0000] {dagbag.py:545} INFO - Filling up the DagBag from /home/airflow/.local/lib/python3.12/site-packages/airflow/example_dags/example_branch_python_dop_operator_3.py
[2024-05-11T11:31:41.921+0000] {processor.py:840} INFO - DAG(s) 'example_branch_dop_operator_v3' retrieved from /home/airflow/.local/lib/python3.12/site-packages/airflow/example_dags/example_branch_python_dop_operator_3.py
[2024-05-11T11:31:41.941+0000] {logging_mixin.py:188} INFO - [2024-05-11T11:31:41.940+0000] {dag.py:3096} INFO - Sync 1 DAGs
[2024-05-11T11:31:41.967+0000] {logging_mixin.py:188} INFO - [2024-05-11T11:31:41.966+0000] {dag.py:3954} INFO - Setting next_dagrun for example_branch_dop_operator_v3 to 2024-05-11 11:30:00+00:00, run_after=2024-05-11 11:31:00+00:00
[2024-05-11T11:31:41.985+0000] {processor.py:183} INFO - Processing /home/airflow/.local/lib/python3.12/site-packages/airflow/example_dags/example_branch_python_dop_operator_3.py took 0.082 seconds
[2024-05-11T11:32:12.222+0000] {processor.py:161} INFO - Started process (PID=225) to work on /home/airflow/.local/lib/python3.12/site-packages/airflow/example_dags/example_branch_python_dop_operator_3.py
[2024-05-11T11:32:12.223+0000] {processor.py:830} INFO - Processing file /home/airflow/.local/lib/python3.12/site-packages/airflow/example_dags/example_branch_python_dop_operator_3.py for tasks to queue
[2024-05-11T11:32:12.225+0000] {logging_mixin.py:188} INFO - [2024-05-11T11:32:12.224+0000] {dagbag.py:545} INFO - Filling up the DagBag from /home/airflow/.local/lib/python3.12/site-packages/airflow/example_dags/example_branch_python_dop_operator_3.py
[2024-05-11T11:32:12.232+0000] {processor.py:840} INFO - DAG(s) 'example_branch_dop_operator_v3' retrieved from /home/airflow/.local/lib/python3.12/site-packages/airflow/example_dags/example_branch_python_dop_operator_3.py
[2024-05-11T11:32:12.249+0000] {logging_mixin.py:188} INFO - [2024-05-11T11:32:12.249+0000] {dag.py:3096} INFO - Sync 1 DAGs
[2024-05-11T11:32:12.272+0000] {logging_mixin.py:188} INFO - [2024-05-11T11:32:12.272+0000] {dag.py:3954} INFO - Setting next_dagrun for example_branch_dop_operator_v3 to 2024-05-11 11:31:00+00:00, run_after=2024-05-11 11:32:00+00:00
[2024-05-11T11:32:12.290+0000] {processor.py:183} INFO - Processing /home/airflow/.local/lib/python3.12/site-packages/airflow/example_dags/example_branch_python_dop_operator_3.py took 0.072 seconds
[2024-05-11T11:32:42.568+0000] {processor.py:161} INFO - Started process (PID=271) to work on /home/airflow/.local/lib/python3.12/site-packages/airflow/example_dags/example_branch_python_dop_operator_3.py
[2024-05-11T11:32:42.569+0000] {processor.py:830} INFO - Processing file /home/airflow/.local/lib/python3.12/site-packages/airflow/example_dags/example_branch_python_dop_operator_3.py for tasks to queue
[2024-05-11T11:32:42.571+0000] {logging_mixin.py:188} INFO - [2024-05-11T11:32:42.571+0000] {dagbag.py:545} INFO - Filling up the DagBag from /home/airflow/.local/lib/python3.12/site-packages/airflow/example_dags/example_branch_python_dop_operator_3.py
[2024-05-11T11:32:42.579+0000] {processor.py:840} INFO - DAG(s) 'example_branch_dop_operator_v3' retrieved from /home/airflow/.local/lib/python3.12/site-packages/airflow/example_dags/example_branch_python_dop_operator_3.py
[2024-05-11T11:32:42.597+0000] {logging_mixin.py:188} INFO - [2024-05-11T11:32:42.597+0000] {dag.py:3096} INFO - Sync 1 DAGs
[2024-05-11T11:32:42.622+0000] {logging_mixin.py:188} INFO - [2024-05-11T11:32:42.622+0000] {dag.py:3954} INFO - Setting next_dagrun for example_branch_dop_operator_v3 to 2024-05-11 11:31:00+00:00, run_after=2024-05-11 11:32:00+00:00
[2024-05-11T11:32:42.641+0000] {processor.py:183} INFO - Processing /home/airflow/.local/lib/python3.12/site-packages/airflow/example_dags/example_branch_python_dop_operator_3.py took 0.078 seconds
[2024-05-11T11:33:12.687+0000] {processor.py:161} INFO - Started process (PID=329) to work on /home/airflow/.local/lib/python3.12/site-packages/airflow/example_dags/example_branch_python_dop_operator_3.py
[2024-05-11T11:33:12.688+0000] {processor.py:830} INFO - Processing file /home/airflow/.local/lib/python3.12/site-packages/airflow/example_dags/example_branch_python_dop_operator_3.py for tasks to queue
[2024-05-11T11:33:12.690+0000] {logging_mixin.py:188} INFO - [2024-05-11T11:33:12.690+0000] {dagbag.py:545} INFO - Filling up the DagBag from /home/airflow/.local/lib/python3.12/site-packages/airflow/example_dags/example_branch_python_dop_operator_3.py
[2024-05-11T11:33:12.701+0000] {processor.py:840} INFO - DAG(s) 'example_branch_dop_operator_v3' retrieved from /home/airflow/.local/lib/python3.12/site-packages/airflow/example_dags/example_branch_python_dop_operator_3.py
[2024-05-11T11:33:12.725+0000] {logging_mixin.py:188} INFO - [2024-05-11T11:33:12.724+0000] {dag.py:3096} INFO - Sync 1 DAGs
[2024-05-11T11:33:12.755+0000] {logging_mixin.py:188} INFO - [2024-05-11T11:33:12.754+0000] {dag.py:3954} INFO - Setting next_dagrun for example_branch_dop_operator_v3 to 2024-05-11 11:32:00+00:00, run_after=2024-05-11 11:33:00+00:00
[2024-05-11T11:33:12.779+0000] {processor.py:183} INFO - Processing /home/airflow/.local/lib/python3.12/site-packages/airflow/example_dags/example_branch_python_dop_operator_3.py took 0.099 seconds
[2024-05-11T11:33:42.881+0000] {processor.py:161} INFO - Started process (PID=387) to work on /home/airflow/.local/lib/python3.12/site-packages/airflow/example_dags/example_branch_python_dop_operator_3.py
[2024-05-11T11:33:42.887+0000] {processor.py:830} INFO - Processing file /home/airflow/.local/lib/python3.12/site-packages/airflow/example_dags/example_branch_python_dop_operator_3.py for tasks to queue
[2024-05-11T11:33:42.889+0000] {logging_mixin.py:188} INFO - [2024-05-11T11:33:42.888+0000] {dagbag.py:545} INFO - Filling up the DagBag from /home/airflow/.local/lib/python3.12/site-packages/airflow/example_dags/example_branch_python_dop_operator_3.py
[2024-05-11T11:33:42.896+0000] {processor.py:840} INFO - DAG(s) 'example_branch_dop_operator_v3' retrieved from /home/airflow/.local/lib/python3.12/site-packages/airflow/example_dags/example_branch_python_dop_operator_3.py
[2024-05-11T11:33:42.912+0000] {logging_mixin.py:188} INFO - [2024-05-11T11:33:42.912+0000] {dag.py:3096} INFO - Sync 1 DAGs
[2024-05-11T11:33:42.934+0000] {logging_mixin.py:188} INFO - [2024-05-11T11:33:42.934+0000] {dag.py:3954} INFO - Setting next_dagrun for example_branch_dop_operator_v3 to 2024-05-11 11:32:00+00:00, run_after=2024-05-11 11:33:00+00:00
[2024-05-11T11:33:42.954+0000] {processor.py:183} INFO - Processing /home/airflow/.local/lib/python3.12/site-packages/airflow/example_dags/example_branch_python_dop_operator_3.py took 0.077 seconds
[2024-05-11T11:34:13.657+0000] {processor.py:161} INFO - Started process (PID=445) to work on /home/airflow/.local/lib/python3.12/site-packages/airflow/example_dags/example_branch_python_dop_operator_3.py
[2024-05-11T11:34:13.658+0000] {processor.py:830} INFO - Processing file /home/airflow/.local/lib/python3.12/site-packages/airflow/example_dags/example_branch_python_dop_operator_3.py for tasks to queue
[2024-05-11T11:34:13.660+0000] {logging_mixin.py:188} INFO - [2024-05-11T11:34:13.659+0000] {dagbag.py:545} INFO - Filling up the DagBag from /home/airflow/.local/lib/python3.12/site-packages/airflow/example_dags/example_branch_python_dop_operator_3.py
[2024-05-11T11:34:13.668+0000] {processor.py:840} INFO - DAG(s) 'example_branch_dop_operator_v3' retrieved from /home/airflow/.local/lib/python3.12/site-packages/airflow/example_dags/example_branch_python_dop_operator_3.py
[2024-05-11T11:34:13.682+0000] {logging_mixin.py:188} INFO - [2024-05-11T11:34:13.682+0000] {dag.py:3096} INFO - Sync 1 DAGs
[2024-05-11T11:34:13.708+0000] {logging_mixin.py:188} INFO - [2024-05-11T11:34:13.707+0000] {dag.py:3954} INFO - Setting next_dagrun for example_branch_dop_operator_v3 to 2024-05-11 11:33:00+00:00, run_after=2024-05-11 11:34:00+00:00
[2024-05-11T11:34:13.726+0000] {processor.py:183} INFO - Processing /home/airflow/.local/lib/python3.12/site-packages/airflow/example_dags/example_branch_python_dop_operator_3.py took 0.091 seconds
[2024-05-11T11:34:43.810+0000] {processor.py:161} INFO - Started process (PID=503) to work on /home/airflow/.local/lib/python3.12/site-packages/airflow/example_dags/example_branch_python_dop_operator_3.py
[2024-05-11T11:34:43.811+0000] {processor.py:830} INFO - Processing file /home/airflow/.local/lib/python3.12/site-packages/airflow/example_dags/example_branch_python_dop_operator_3.py for tasks to queue
[2024-05-11T11:34:43.813+0000] {logging_mixin.py:188} INFO - [2024-05-11T11:34:43.813+0000] {dagbag.py:545} INFO - Filling up the DagBag from /home/airflow/.local/lib/python3.12/site-packages/airflow/example_dags/example_branch_python_dop_operator_3.py
[2024-05-11T11:34:43.820+0000] {processor.py:840} INFO - DAG(s) 'example_branch_dop_operator_v3' retrieved from /home/airflow/.local/lib/python3.12/site-packages/airflow/example_dags/example_branch_python_dop_operator_3.py
[2024-05-11T11:34:43.940+0000] {logging_mixin.py:188} INFO - [2024-05-11T11:34:43.940+0000] {dag.py:3096} INFO - Sync 1 DAGs
[2024-05-11T11:34:43.961+0000] {logging_mixin.py:188} INFO - [2024-05-11T11:34:43.960+0000] {dag.py:3954} INFO - Setting next_dagrun for example_branch_dop_operator_v3 to 2024-05-11 11:33:00+00:00, run_after=2024-05-11 11:34:00+00:00
[2024-05-11T11:34:43.978+0000] {processor.py:183} INFO - Processing /home/airflow/.local/lib/python3.12/site-packages/airflow/example_dags/example_branch_python_dop_operator_3.py took 0.172 seconds
[2024-05-11T15:07:40.324+0000] {processor.py:161} INFO - Started process (PID=35) to work on /home/airflow/.local/lib/python3.12/site-packages/airflow/example_dags/example_branch_python_dop_operator_3.py
[2024-05-11T15:07:40.334+0000] {processor.py:830} INFO - Processing file /home/airflow/.local/lib/python3.12/site-packages/airflow/example_dags/example_branch_python_dop_operator_3.py for tasks to queue
[2024-05-11T15:07:40.345+0000] {logging_mixin.py:188} INFO - [2024-05-11T15:07:40.344+0000] {dagbag.py:545} INFO - Filling up the DagBag from /home/airflow/.local/lib/python3.12/site-packages/airflow/example_dags/example_branch_python_dop_operator_3.py
[2024-05-11T15:07:40.357+0000] {processor.py:840} INFO - DAG(s) 'example_branch_dop_operator_v3' retrieved from /home/airflow/.local/lib/python3.12/site-packages/airflow/example_dags/example_branch_python_dop_operator_3.py
[2024-05-11T15:07:40.394+0000] {logging_mixin.py:188} INFO - [2024-05-11T15:07:40.394+0000] {dag.py:3096} INFO - Sync 1 DAGs
[2024-05-11T15:07:40.422+0000] {logging_mixin.py:188} INFO - [2024-05-11T15:07:40.422+0000] {dag.py:3954} INFO - Setting next_dagrun for example_branch_dop_operator_v3 to 2024-05-11 15:06:00+00:00, run_after=2024-05-11 15:07:00+00:00
[2024-05-11T15:07:40.443+0000] {processor.py:183} INFO - Processing /home/airflow/.local/lib/python3.12/site-packages/airflow/example_dags/example_branch_python_dop_operator_3.py took 0.125 seconds
[2024-05-11T15:08:10.613+0000] {processor.py:161} INFO - Started process (PID=93) to work on /home/airflow/.local/lib/python3.12/site-packages/airflow/example_dags/example_branch_python_dop_operator_3.py
[2024-05-11T15:08:10.614+0000] {processor.py:830} INFO - Processing file /home/airflow/.local/lib/python3.12/site-packages/airflow/example_dags/example_branch_python_dop_operator_3.py for tasks to queue
[2024-05-11T15:08:10.616+0000] {logging_mixin.py:188} INFO - [2024-05-11T15:08:10.616+0000] {dagbag.py:545} INFO - Filling up the DagBag from /home/airflow/.local/lib/python3.12/site-packages/airflow/example_dags/example_branch_python_dop_operator_3.py
[2024-05-11T15:08:10.628+0000] {processor.py:840} INFO - DAG(s) 'example_branch_dop_operator_v3' retrieved from /home/airflow/.local/lib/python3.12/site-packages/airflow/example_dags/example_branch_python_dop_operator_3.py
[2024-05-11T15:08:10.655+0000] {logging_mixin.py:188} INFO - [2024-05-11T15:08:10.654+0000] {dag.py:3096} INFO - Sync 1 DAGs
[2024-05-11T15:08:10.687+0000] {logging_mixin.py:188} INFO - [2024-05-11T15:08:10.687+0000] {dag.py:3954} INFO - Setting next_dagrun for example_branch_dop_operator_v3 to 2024-05-11 15:07:00+00:00, run_after=2024-05-11 15:08:00+00:00
[2024-05-11T15:08:10.714+0000] {processor.py:183} INFO - Processing /home/airflow/.local/lib/python3.12/site-packages/airflow/example_dags/example_branch_python_dop_operator_3.py took 0.108 seconds
[2024-05-11T15:18:26.480+0000] {processor.py:161} INFO - Started process (PID=35) to work on /home/airflow/.local/lib/python3.12/site-packages/airflow/example_dags/example_branch_python_dop_operator_3.py
[2024-05-11T15:18:26.481+0000] {processor.py:830} INFO - Processing file /home/airflow/.local/lib/python3.12/site-packages/airflow/example_dags/example_branch_python_dop_operator_3.py for tasks to queue
[2024-05-11T15:18:26.484+0000] {logging_mixin.py:188} INFO - [2024-05-11T15:18:26.484+0000] {dagbag.py:545} INFO - Filling up the DagBag from /home/airflow/.local/lib/python3.12/site-packages/airflow/example_dags/example_branch_python_dop_operator_3.py
[2024-05-11T15:18:26.502+0000] {processor.py:840} INFO - DAG(s) 'example_branch_dop_operator_v3' retrieved from /home/airflow/.local/lib/python3.12/site-packages/airflow/example_dags/example_branch_python_dop_operator_3.py
[2024-05-11T15:18:26.545+0000] {logging_mixin.py:188} INFO - [2024-05-11T15:18:26.545+0000] {dag.py:3096} INFO - Sync 1 DAGs
[2024-05-11T15:18:26.578+0000] {logging_mixin.py:188} INFO - [2024-05-11T15:18:26.578+0000] {dag.py:3954} INFO - Setting next_dagrun for example_branch_dop_operator_v3 to 2024-05-11 15:17:00+00:00, run_after=2024-05-11 15:18:00+00:00
[2024-05-11T15:18:26.605+0000] {processor.py:183} INFO - Processing /home/airflow/.local/lib/python3.12/site-packages/airflow/example_dags/example_branch_python_dop_operator_3.py took 0.138 seconds
[2024-05-11T15:18:56.993+0000] {processor.py:161} INFO - Started process (PID=93) to work on /home/airflow/.local/lib/python3.12/site-packages/airflow/example_dags/example_branch_python_dop_operator_3.py
[2024-05-11T15:18:56.995+0000] {processor.py:830} INFO - Processing file /home/airflow/.local/lib/python3.12/site-packages/airflow/example_dags/example_branch_python_dop_operator_3.py for tasks to queue
[2024-05-11T15:18:56.997+0000] {logging_mixin.py:188} INFO - [2024-05-11T15:18:56.997+0000] {dagbag.py:545} INFO - Filling up the DagBag from /home/airflow/.local/lib/python3.12/site-packages/airflow/example_dags/example_branch_python_dop_operator_3.py
[2024-05-11T15:18:57.007+0000] {processor.py:840} INFO - DAG(s) 'example_branch_dop_operator_v3' retrieved from /home/airflow/.local/lib/python3.12/site-packages/airflow/example_dags/example_branch_python_dop_operator_3.py
[2024-05-11T15:18:57.017+0000] {logging_mixin.py:188} INFO - [2024-05-11T15:18:57.017+0000] {dag.py:3096} INFO - Sync 1 DAGs
[2024-05-11T15:18:57.044+0000] {logging_mixin.py:188} INFO - [2024-05-11T15:18:57.044+0000] {dag.py:3954} INFO - Setting next_dagrun for example_branch_dop_operator_v3 to 2024-05-11 15:17:00+00:00, run_after=2024-05-11 15:18:00+00:00
[2024-05-11T15:18:57.061+0000] {processor.py:183} INFO - Processing /home/airflow/.local/lib/python3.12/site-packages/airflow/example_dags/example_branch_python_dop_operator_3.py took 0.074 seconds
[2024-05-11T15:19:27.343+0000] {processor.py:161} INFO - Started process (PID=151) to work on /home/airflow/.local/lib/python3.12/site-packages/airflow/example_dags/example_branch_python_dop_operator_3.py
[2024-05-11T15:19:27.344+0000] {processor.py:830} INFO - Processing file /home/airflow/.local/lib/python3.12/site-packages/airflow/example_dags/example_branch_python_dop_operator_3.py for tasks to queue
[2024-05-11T15:19:27.346+0000] {logging_mixin.py:188} INFO - [2024-05-11T15:19:27.346+0000] {dagbag.py:545} INFO - Filling up the DagBag from /home/airflow/.local/lib/python3.12/site-packages/airflow/example_dags/example_branch_python_dop_operator_3.py
[2024-05-11T15:19:27.353+0000] {processor.py:840} INFO - DAG(s) 'example_branch_dop_operator_v3' retrieved from /home/airflow/.local/lib/python3.12/site-packages/airflow/example_dags/example_branch_python_dop_operator_3.py
[2024-05-11T15:19:27.487+0000] {logging_mixin.py:188} INFO - [2024-05-11T15:19:27.487+0000] {dag.py:3096} INFO - Sync 1 DAGs
[2024-05-11T15:19:27.507+0000] {logging_mixin.py:188} INFO - [2024-05-11T15:19:27.507+0000] {dag.py:3954} INFO - Setting next_dagrun for example_branch_dop_operator_v3 to 2024-05-11 15:18:00+00:00, run_after=2024-05-11 15:19:00+00:00
[2024-05-11T15:19:27.524+0000] {processor.py:183} INFO - Processing /home/airflow/.local/lib/python3.12/site-packages/airflow/example_dags/example_branch_python_dop_operator_3.py took 0.185 seconds
[2024-05-11T15:19:57.843+0000] {processor.py:161} INFO - Started process (PID=209) to work on /home/airflow/.local/lib/python3.12/site-packages/airflow/example_dags/example_branch_python_dop_operator_3.py
[2024-05-11T15:19:57.844+0000] {processor.py:830} INFO - Processing file /home/airflow/.local/lib/python3.12/site-packages/airflow/example_dags/example_branch_python_dop_operator_3.py for tasks to queue
[2024-05-11T15:19:57.846+0000] {logging_mixin.py:188} INFO - [2024-05-11T15:19:57.845+0000] {dagbag.py:545} INFO - Filling up the DagBag from /home/airflow/.local/lib/python3.12/site-packages/airflow/example_dags/example_branch_python_dop_operator_3.py
[2024-05-11T15:19:57.852+0000] {processor.py:840} INFO - DAG(s) 'example_branch_dop_operator_v3' retrieved from /home/airflow/.local/lib/python3.12/site-packages/airflow/example_dags/example_branch_python_dop_operator_3.py
[2024-05-11T15:19:57.867+0000] {logging_mixin.py:188} INFO - [2024-05-11T15:19:57.866+0000] {dag.py:3096} INFO - Sync 1 DAGs
[2024-05-11T15:19:57.888+0000] {logging_mixin.py:188} INFO - [2024-05-11T15:19:57.888+0000] {dag.py:3954} INFO - Setting next_dagrun for example_branch_dop_operator_v3 to 2024-05-11 15:18:00+00:00, run_after=2024-05-11 15:19:00+00:00
[2024-05-11T15:19:57.904+0000] {processor.py:183} INFO - Processing /home/airflow/.local/lib/python3.12/site-packages/airflow/example_dags/example_branch_python_dop_operator_3.py took 0.066 seconds
[2024-05-11T15:20:28.054+0000] {processor.py:161} INFO - Started process (PID=267) to work on /home/airflow/.local/lib/python3.12/site-packages/airflow/example_dags/example_branch_python_dop_operator_3.py
[2024-05-11T15:20:28.056+0000] {processor.py:830} INFO - Processing file /home/airflow/.local/lib/python3.12/site-packages/airflow/example_dags/example_branch_python_dop_operator_3.py for tasks to queue
[2024-05-11T15:20:28.059+0000] {logging_mixin.py:188} INFO - [2024-05-11T15:20:28.058+0000] {dagbag.py:545} INFO - Filling up the DagBag from /home/airflow/.local/lib/python3.12/site-packages/airflow/example_dags/example_branch_python_dop_operator_3.py
[2024-05-11T15:20:28.072+0000] {processor.py:840} INFO - DAG(s) 'example_branch_dop_operator_v3' retrieved from /home/airflow/.local/lib/python3.12/site-packages/airflow/example_dags/example_branch_python_dop_operator_3.py
[2024-05-11T15:20:28.106+0000] {logging_mixin.py:188} INFO - [2024-05-11T15:20:28.105+0000] {dag.py:3096} INFO - Sync 1 DAGs
[2024-05-11T15:20:28.140+0000] {logging_mixin.py:188} INFO - [2024-05-11T15:20:28.140+0000] {dag.py:3954} INFO - Setting next_dagrun for example_branch_dop_operator_v3 to 2024-05-11 15:19:00+00:00, run_after=2024-05-11 15:20:00+00:00
[2024-05-11T15:20:28.168+0000] {processor.py:183} INFO - Processing /home/airflow/.local/lib/python3.12/site-packages/airflow/example_dags/example_branch_python_dop_operator_3.py took 0.121 seconds
[2024-05-11T15:26:47.631+0000] {processor.py:161} INFO - Started process (PID=36) to work on /home/airflow/.local/lib/python3.12/site-packages/airflow/example_dags/example_branch_python_dop_operator_3.py
[2024-05-11T15:26:47.636+0000] {processor.py:830} INFO - Processing file /home/airflow/.local/lib/python3.12/site-packages/airflow/example_dags/example_branch_python_dop_operator_3.py for tasks to queue
[2024-05-11T15:26:47.640+0000] {logging_mixin.py:188} INFO - [2024-05-11T15:26:47.639+0000] {dagbag.py:545} INFO - Filling up the DagBag from /home/airflow/.local/lib/python3.12/site-packages/airflow/example_dags/example_branch_python_dop_operator_3.py
[2024-05-11T15:26:47.655+0000] {processor.py:840} INFO - DAG(s) 'example_branch_dop_operator_v3' retrieved from /home/airflow/.local/lib/python3.12/site-packages/airflow/example_dags/example_branch_python_dop_operator_3.py
[2024-05-11T15:26:47.876+0000] {logging_mixin.py:188} INFO - [2024-05-11T15:26:47.876+0000] {dag.py:3096} INFO - Sync 1 DAGs
[2024-05-11T15:26:47.915+0000] {logging_mixin.py:188} INFO - [2024-05-11T15:26:47.915+0000] {dag.py:3954} INFO - Setting next_dagrun for example_branch_dop_operator_v3 to 2024-05-11 15:25:00+00:00, run_after=2024-05-11 15:26:00+00:00
[2024-05-11T15:26:47.950+0000] {processor.py:183} INFO - Processing /home/airflow/.local/lib/python3.12/site-packages/airflow/example_dags/example_branch_python_dop_operator_3.py took 0.337 seconds
[2024-05-11T15:27:20.859+0000] {processor.py:161} INFO - Started process (PID=95) to work on /home/airflow/.local/lib/python3.12/site-packages/airflow/example_dags/example_branch_python_dop_operator_3.py
[2024-05-11T15:27:20.898+0000] {processor.py:830} INFO - Processing file /home/airflow/.local/lib/python3.12/site-packages/airflow/example_dags/example_branch_python_dop_operator_3.py for tasks to queue
[2024-05-11T15:27:20.913+0000] {logging_mixin.py:188} INFO - [2024-05-11T15:27:20.913+0000] {dagbag.py:545} INFO - Filling up the DagBag from /home/airflow/.local/lib/python3.12/site-packages/airflow/example_dags/example_branch_python_dop_operator_3.py
[2024-05-11T15:27:20.987+0000] {processor.py:840} INFO - DAG(s) 'example_branch_dop_operator_v3' retrieved from /home/airflow/.local/lib/python3.12/site-packages/airflow/example_dags/example_branch_python_dop_operator_3.py
[2024-05-11T15:27:21.054+0000] {logging_mixin.py:188} INFO - [2024-05-11T15:27:21.054+0000] {dag.py:3096} INFO - Sync 1 DAGs
[2024-05-11T15:27:21.158+0000] {logging_mixin.py:188} INFO - [2024-05-11T15:27:21.158+0000] {dag.py:3954} INFO - Setting next_dagrun for example_branch_dop_operator_v3 to 2024-05-11 15:26:00+00:00, run_after=2024-05-11 15:27:00+00:00
[2024-05-11T15:27:21.201+0000] {processor.py:183} INFO - Processing /home/airflow/.local/lib/python3.12/site-packages/airflow/example_dags/example_branch_python_dop_operator_3.py took 0.438 seconds
[2024-05-11T15:27:51.487+0000] {processor.py:161} INFO - Started process (PID=153) to work on /home/airflow/.local/lib/python3.12/site-packages/airflow/example_dags/example_branch_python_dop_operator_3.py
[2024-05-11T15:27:51.488+0000] {processor.py:830} INFO - Processing file /home/airflow/.local/lib/python3.12/site-packages/airflow/example_dags/example_branch_python_dop_operator_3.py for tasks to queue
[2024-05-11T15:27:51.490+0000] {logging_mixin.py:188} INFO - [2024-05-11T15:27:51.490+0000] {dagbag.py:545} INFO - Filling up the DagBag from /home/airflow/.local/lib/python3.12/site-packages/airflow/example_dags/example_branch_python_dop_operator_3.py
[2024-05-11T15:27:51.497+0000] {processor.py:840} INFO - DAG(s) 'example_branch_dop_operator_v3' retrieved from /home/airflow/.local/lib/python3.12/site-packages/airflow/example_dags/example_branch_python_dop_operator_3.py
[2024-05-11T15:27:51.513+0000] {logging_mixin.py:188} INFO - [2024-05-11T15:27:51.512+0000] {dag.py:3096} INFO - Sync 1 DAGs
[2024-05-11T15:27:51.533+0000] {logging_mixin.py:188} INFO - [2024-05-11T15:27:51.533+0000] {dag.py:3954} INFO - Setting next_dagrun for example_branch_dop_operator_v3 to 2024-05-11 15:26:00+00:00, run_after=2024-05-11 15:27:00+00:00
[2024-05-11T15:27:51.561+0000] {processor.py:183} INFO - Processing /home/airflow/.local/lib/python3.12/site-packages/airflow/example_dags/example_branch_python_dop_operator_3.py took 0.079 seconds
[2024-05-11T15:28:21.795+0000] {processor.py:161} INFO - Started process (PID=211) to work on /home/airflow/.local/lib/python3.12/site-packages/airflow/example_dags/example_branch_python_dop_operator_3.py
[2024-05-11T15:28:21.796+0000] {processor.py:830} INFO - Processing file /home/airflow/.local/lib/python3.12/site-packages/airflow/example_dags/example_branch_python_dop_operator_3.py for tasks to queue
[2024-05-11T15:28:21.798+0000] {logging_mixin.py:188} INFO - [2024-05-11T15:28:21.798+0000] {dagbag.py:545} INFO - Filling up the DagBag from /home/airflow/.local/lib/python3.12/site-packages/airflow/example_dags/example_branch_python_dop_operator_3.py
[2024-05-11T15:28:21.805+0000] {processor.py:840} INFO - DAG(s) 'example_branch_dop_operator_v3' retrieved from /home/airflow/.local/lib/python3.12/site-packages/airflow/example_dags/example_branch_python_dop_operator_3.py
[2024-05-11T15:28:21.819+0000] {logging_mixin.py:188} INFO - [2024-05-11T15:28:21.819+0000] {dag.py:3096} INFO - Sync 1 DAGs
[2024-05-11T15:28:21.840+0000] {logging_mixin.py:188} INFO - [2024-05-11T15:28:21.840+0000] {dag.py:3954} INFO - Setting next_dagrun for example_branch_dop_operator_v3 to 2024-05-11 15:27:00+00:00, run_after=2024-05-11 15:28:00+00:00
[2024-05-11T15:28:21.857+0000] {processor.py:183} INFO - Processing /home/airflow/.local/lib/python3.12/site-packages/airflow/example_dags/example_branch_python_dop_operator_3.py took 0.065 seconds
[2024-05-11T15:28:51.918+0000] {processor.py:161} INFO - Started process (PID=269) to work on /home/airflow/.local/lib/python3.12/site-packages/airflow/example_dags/example_branch_python_dop_operator_3.py
[2024-05-11T15:28:51.919+0000] {processor.py:830} INFO - Processing file /home/airflow/.local/lib/python3.12/site-packages/airflow/example_dags/example_branch_python_dop_operator_3.py for tasks to queue
[2024-05-11T15:28:51.921+0000] {logging_mixin.py:188} INFO - [2024-05-11T15:28:51.920+0000] {dagbag.py:545} INFO - Filling up the DagBag from /home/airflow/.local/lib/python3.12/site-packages/airflow/example_dags/example_branch_python_dop_operator_3.py
[2024-05-11T15:28:51.929+0000] {processor.py:840} INFO - DAG(s) 'example_branch_dop_operator_v3' retrieved from /home/airflow/.local/lib/python3.12/site-packages/airflow/example_dags/example_branch_python_dop_operator_3.py
[2024-05-11T15:28:51.945+0000] {logging_mixin.py:188} INFO - [2024-05-11T15:28:51.945+0000] {dag.py:3096} INFO - Sync 1 DAGs
[2024-05-11T15:28:51.968+0000] {logging_mixin.py:188} INFO - [2024-05-11T15:28:51.968+0000] {dag.py:3954} INFO - Setting next_dagrun for example_branch_dop_operator_v3 to 2024-05-11 15:27:00+00:00, run_after=2024-05-11 15:28:00+00:00
[2024-05-11T15:28:51.986+0000] {processor.py:183} INFO - Processing /home/airflow/.local/lib/python3.12/site-packages/airflow/example_dags/example_branch_python_dop_operator_3.py took 0.073 seconds
[2024-05-11T15:46:05.170+0000] {processor.py:161} INFO - Started process (PID=35) to work on /home/airflow/.local/lib/python3.12/site-packages/airflow/example_dags/example_branch_python_dop_operator_3.py
[2024-05-11T15:46:05.171+0000] {processor.py:830} INFO - Processing file /home/airflow/.local/lib/python3.12/site-packages/airflow/example_dags/example_branch_python_dop_operator_3.py for tasks to queue
[2024-05-11T15:46:05.174+0000] {logging_mixin.py:188} INFO - [2024-05-11T15:46:05.173+0000] {dagbag.py:545} INFO - Filling up the DagBag from /home/airflow/.local/lib/python3.12/site-packages/airflow/example_dags/example_branch_python_dop_operator_3.py
[2024-05-11T15:46:05.185+0000] {processor.py:840} INFO - DAG(s) 'example_branch_dop_operator_v3' retrieved from /home/airflow/.local/lib/python3.12/site-packages/airflow/example_dags/example_branch_python_dop_operator_3.py
[2024-05-11T15:46:05.446+0000] {logging_mixin.py:188} INFO - [2024-05-11T15:46:05.446+0000] {dag.py:3096} INFO - Sync 1 DAGs
[2024-05-11T15:46:05.471+0000] {logging_mixin.py:188} INFO - [2024-05-11T15:46:05.470+0000] {dag.py:3954} INFO - Setting next_dagrun for example_branch_dop_operator_v3 to 2024-05-11 15:45:00+00:00, run_after=2024-05-11 15:46:00+00:00
[2024-05-11T15:46:05.491+0000] {processor.py:183} INFO - Processing /home/airflow/.local/lib/python3.12/site-packages/airflow/example_dags/example_branch_python_dop_operator_3.py took 0.328 seconds
[2024-05-11T15:46:35.980+0000] {processor.py:161} INFO - Started process (PID=93) to work on /home/airflow/.local/lib/python3.12/site-packages/airflow/example_dags/example_branch_python_dop_operator_3.py
[2024-05-11T15:46:35.983+0000] {processor.py:830} INFO - Processing file /home/airflow/.local/lib/python3.12/site-packages/airflow/example_dags/example_branch_python_dop_operator_3.py for tasks to queue
[2024-05-11T15:46:35.987+0000] {logging_mixin.py:188} INFO - [2024-05-11T15:46:35.987+0000] {dagbag.py:545} INFO - Filling up the DagBag from /home/airflow/.local/lib/python3.12/site-packages/airflow/example_dags/example_branch_python_dop_operator_3.py
[2024-05-11T15:46:36.002+0000] {processor.py:840} INFO - DAG(s) 'example_branch_dop_operator_v3' retrieved from /home/airflow/.local/lib/python3.12/site-packages/airflow/example_dags/example_branch_python_dop_operator_3.py
[2024-05-11T15:46:36.024+0000] {logging_mixin.py:188} INFO - [2024-05-11T15:46:36.023+0000] {dag.py:3096} INFO - Sync 1 DAGs
[2024-05-11T15:46:36.054+0000] {logging_mixin.py:188} INFO - [2024-05-11T15:46:36.053+0000] {dag.py:3954} INFO - Setting next_dagrun for example_branch_dop_operator_v3 to 2024-05-11 15:45:00+00:00, run_after=2024-05-11 15:46:00+00:00
[2024-05-11T15:46:36.080+0000] {processor.py:183} INFO - Processing /home/airflow/.local/lib/python3.12/site-packages/airflow/example_dags/example_branch_python_dop_operator_3.py took 0.114 seconds
[2024-05-11T15:47:06.372+0000] {processor.py:161} INFO - Started process (PID=151) to work on /home/airflow/.local/lib/python3.12/site-packages/airflow/example_dags/example_branch_python_dop_operator_3.py
[2024-05-11T15:47:06.413+0000] {processor.py:830} INFO - Processing file /home/airflow/.local/lib/python3.12/site-packages/airflow/example_dags/example_branch_python_dop_operator_3.py for tasks to queue
[2024-05-11T15:47:06.414+0000] {logging_mixin.py:188} INFO - [2024-05-11T15:47:06.414+0000] {dagbag.py:545} INFO - Filling up the DagBag from /home/airflow/.local/lib/python3.12/site-packages/airflow/example_dags/example_branch_python_dop_operator_3.py
[2024-05-11T15:47:06.423+0000] {processor.py:840} INFO - DAG(s) 'example_branch_dop_operator_v3' retrieved from /home/airflow/.local/lib/python3.12/site-packages/airflow/example_dags/example_branch_python_dop_operator_3.py
[2024-05-11T15:47:06.447+0000] {logging_mixin.py:188} INFO - [2024-05-11T15:47:06.446+0000] {dag.py:3096} INFO - Sync 1 DAGs
[2024-05-11T15:47:06.470+0000] {logging_mixin.py:188} INFO - [2024-05-11T15:47:06.470+0000] {dag.py:3954} INFO - Setting next_dagrun for example_branch_dop_operator_v3 to 2024-05-11 15:46:00+00:00, run_after=2024-05-11 15:47:00+00:00
[2024-05-11T15:47:06.718+0000] {processor.py:183} INFO - Processing /home/airflow/.local/lib/python3.12/site-packages/airflow/example_dags/example_branch_python_dop_operator_3.py took 0.350 seconds
[2024-05-11T15:47:36.864+0000] {processor.py:161} INFO - Started process (PID=209) to work on /home/airflow/.local/lib/python3.12/site-packages/airflow/example_dags/example_branch_python_dop_operator_3.py
[2024-05-11T15:47:36.865+0000] {processor.py:830} INFO - Processing file /home/airflow/.local/lib/python3.12/site-packages/airflow/example_dags/example_branch_python_dop_operator_3.py for tasks to queue
[2024-05-11T15:47:36.866+0000] {logging_mixin.py:188} INFO - [2024-05-11T15:47:36.866+0000] {dagbag.py:545} INFO - Filling up the DagBag from /home/airflow/.local/lib/python3.12/site-packages/airflow/example_dags/example_branch_python_dop_operator_3.py
[2024-05-11T15:47:36.874+0000] {processor.py:840} INFO - DAG(s) 'example_branch_dop_operator_v3' retrieved from /home/airflow/.local/lib/python3.12/site-packages/airflow/example_dags/example_branch_python_dop_operator_3.py
[2024-05-11T15:47:36.889+0000] {logging_mixin.py:188} INFO - [2024-05-11T15:47:36.889+0000] {dag.py:3096} INFO - Sync 1 DAGs
[2024-05-11T15:47:36.911+0000] {logging_mixin.py:188} INFO - [2024-05-11T15:47:36.911+0000] {dag.py:3954} INFO - Setting next_dagrun for example_branch_dop_operator_v3 to 2024-05-11 15:46:00+00:00, run_after=2024-05-11 15:47:00+00:00
[2024-05-11T15:47:36.942+0000] {processor.py:183} INFO - Processing /home/airflow/.local/lib/python3.12/site-packages/airflow/example_dags/example_branch_python_dop_operator_3.py took 0.083 seconds
[2024-05-11T15:48:07.045+0000] {processor.py:161} INFO - Started process (PID=267) to work on /home/airflow/.local/lib/python3.12/site-packages/airflow/example_dags/example_branch_python_dop_operator_3.py
[2024-05-11T15:48:07.046+0000] {processor.py:830} INFO - Processing file /home/airflow/.local/lib/python3.12/site-packages/airflow/example_dags/example_branch_python_dop_operator_3.py for tasks to queue
[2024-05-11T15:48:07.047+0000] {logging_mixin.py:188} INFO - [2024-05-11T15:48:07.047+0000] {dagbag.py:545} INFO - Filling up the DagBag from /home/airflow/.local/lib/python3.12/site-packages/airflow/example_dags/example_branch_python_dop_operator_3.py
[2024-05-11T15:48:07.054+0000] {processor.py:840} INFO - DAG(s) 'example_branch_dop_operator_v3' retrieved from /home/airflow/.local/lib/python3.12/site-packages/airflow/example_dags/example_branch_python_dop_operator_3.py
[2024-05-11T15:48:07.070+0000] {logging_mixin.py:188} INFO - [2024-05-11T15:48:07.070+0000] {dag.py:3096} INFO - Sync 1 DAGs
[2024-05-11T15:48:07.091+0000] {logging_mixin.py:188} INFO - [2024-05-11T15:48:07.091+0000] {dag.py:3954} INFO - Setting next_dagrun for example_branch_dop_operator_v3 to 2024-05-11 15:47:00+00:00, run_after=2024-05-11 15:48:00+00:00
[2024-05-11T15:48:07.121+0000] {processor.py:183} INFO - Processing /home/airflow/.local/lib/python3.12/site-packages/airflow/example_dags/example_branch_python_dop_operator_3.py took 0.081 seconds
[2024-05-11T15:48:37.259+0000] {processor.py:161} INFO - Started process (PID=325) to work on /home/airflow/.local/lib/python3.12/site-packages/airflow/example_dags/example_branch_python_dop_operator_3.py
[2024-05-11T15:48:37.259+0000] {processor.py:830} INFO - Processing file /home/airflow/.local/lib/python3.12/site-packages/airflow/example_dags/example_branch_python_dop_operator_3.py for tasks to queue
[2024-05-11T15:48:37.261+0000] {logging_mixin.py:188} INFO - [2024-05-11T15:48:37.261+0000] {dagbag.py:545} INFO - Filling up the DagBag from /home/airflow/.local/lib/python3.12/site-packages/airflow/example_dags/example_branch_python_dop_operator_3.py
[2024-05-11T15:48:37.268+0000] {processor.py:840} INFO - DAG(s) 'example_branch_dop_operator_v3' retrieved from /home/airflow/.local/lib/python3.12/site-packages/airflow/example_dags/example_branch_python_dop_operator_3.py
[2024-05-11T15:48:37.284+0000] {logging_mixin.py:188} INFO - [2024-05-11T15:48:37.284+0000] {dag.py:3096} INFO - Sync 1 DAGs
[2024-05-11T15:48:37.309+0000] {logging_mixin.py:188} INFO - [2024-05-11T15:48:37.308+0000] {dag.py:3954} INFO - Setting next_dagrun for example_branch_dop_operator_v3 to 2024-05-11 15:47:00+00:00, run_after=2024-05-11 15:48:00+00:00
[2024-05-11T15:48:37.325+0000] {processor.py:183} INFO - Processing /home/airflow/.local/lib/python3.12/site-packages/airflow/example_dags/example_branch_python_dop_operator_3.py took 0.072 seconds
[2024-05-11T15:49:07.705+0000] {processor.py:161} INFO - Started process (PID=383) to work on /home/airflow/.local/lib/python3.12/site-packages/airflow/example_dags/example_branch_python_dop_operator_3.py
[2024-05-11T15:49:07.706+0000] {processor.py:830} INFO - Processing file /home/airflow/.local/lib/python3.12/site-packages/airflow/example_dags/example_branch_python_dop_operator_3.py for tasks to queue
[2024-05-11T15:49:07.707+0000] {logging_mixin.py:188} INFO - [2024-05-11T15:49:07.707+0000] {dagbag.py:545} INFO - Filling up the DagBag from /home/airflow/.local/lib/python3.12/site-packages/airflow/example_dags/example_branch_python_dop_operator_3.py
[2024-05-11T15:49:07.715+0000] {processor.py:840} INFO - DAG(s) 'example_branch_dop_operator_v3' retrieved from /home/airflow/.local/lib/python3.12/site-packages/airflow/example_dags/example_branch_python_dop_operator_3.py
[2024-05-11T15:49:07.743+0000] {logging_mixin.py:188} INFO - [2024-05-11T15:49:07.742+0000] {dag.py:3096} INFO - Sync 1 DAGs
[2024-05-11T15:49:07.802+0000] {logging_mixin.py:188} INFO - [2024-05-11T15:49:07.802+0000] {dag.py:3954} INFO - Setting next_dagrun for example_branch_dop_operator_v3 to 2024-05-11 15:48:00+00:00, run_after=2024-05-11 15:49:00+00:00
[2024-05-11T15:49:07.830+0000] {processor.py:183} INFO - Processing /home/airflow/.local/lib/python3.12/site-packages/airflow/example_dags/example_branch_python_dop_operator_3.py took 0.129 seconds
[2024-05-11T15:49:38.315+0000] {processor.py:161} INFO - Started process (PID=439) to work on /home/airflow/.local/lib/python3.12/site-packages/airflow/example_dags/example_branch_python_dop_operator_3.py
[2024-05-11T15:49:38.317+0000] {processor.py:830} INFO - Processing file /home/airflow/.local/lib/python3.12/site-packages/airflow/example_dags/example_branch_python_dop_operator_3.py for tasks to queue
[2024-05-11T15:49:38.319+0000] {logging_mixin.py:188} INFO - [2024-05-11T15:49:38.319+0000] {dagbag.py:545} INFO - Filling up the DagBag from /home/airflow/.local/lib/python3.12/site-packages/airflow/example_dags/example_branch_python_dop_operator_3.py
[2024-05-11T15:49:38.336+0000] {processor.py:840} INFO - DAG(s) 'example_branch_dop_operator_v3' retrieved from /home/airflow/.local/lib/python3.12/site-packages/airflow/example_dags/example_branch_python_dop_operator_3.py
[2024-05-11T15:49:38.365+0000] {logging_mixin.py:188} INFO - [2024-05-11T15:49:38.364+0000] {dag.py:3096} INFO - Sync 1 DAGs
[2024-05-11T15:49:38.398+0000] {logging_mixin.py:188} INFO - [2024-05-11T15:49:38.398+0000] {dag.py:3954} INFO - Setting next_dagrun for example_branch_dop_operator_v3 to 2024-05-11 15:48:00+00:00, run_after=2024-05-11 15:49:00+00:00
[2024-05-11T15:49:38.421+0000] {processor.py:183} INFO - Processing /home/airflow/.local/lib/python3.12/site-packages/airflow/example_dags/example_branch_python_dop_operator_3.py took 0.114 seconds
[2024-05-11T15:50:08.580+0000] {processor.py:161} INFO - Started process (PID=498) to work on /home/airflow/.local/lib/python3.12/site-packages/airflow/example_dags/example_branch_python_dop_operator_3.py
[2024-05-11T15:50:08.581+0000] {processor.py:830} INFO - Processing file /home/airflow/.local/lib/python3.12/site-packages/airflow/example_dags/example_branch_python_dop_operator_3.py for tasks to queue
[2024-05-11T15:50:08.583+0000] {logging_mixin.py:188} INFO - [2024-05-11T15:50:08.583+0000] {dagbag.py:545} INFO - Filling up the DagBag from /home/airflow/.local/lib/python3.12/site-packages/airflow/example_dags/example_branch_python_dop_operator_3.py
[2024-05-11T15:50:08.597+0000] {processor.py:840} INFO - DAG(s) 'example_branch_dop_operator_v3' retrieved from /home/airflow/.local/lib/python3.12/site-packages/airflow/example_dags/example_branch_python_dop_operator_3.py
[2024-05-11T15:50:08.617+0000] {logging_mixin.py:188} INFO - [2024-05-11T15:50:08.617+0000] {dag.py:3096} INFO - Sync 1 DAGs
[2024-05-11T15:50:08.643+0000] {logging_mixin.py:188} INFO - [2024-05-11T15:50:08.643+0000] {dag.py:3954} INFO - Setting next_dagrun for example_branch_dop_operator_v3 to 2024-05-11 15:49:00+00:00, run_after=2024-05-11 15:50:00+00:00
[2024-05-11T15:50:08.665+0000] {processor.py:183} INFO - Processing /home/airflow/.local/lib/python3.12/site-packages/airflow/example_dags/example_branch_python_dop_operator_3.py took 0.093 seconds
[2024-05-11T15:50:38.873+0000] {processor.py:161} INFO - Started process (PID=556) to work on /home/airflow/.local/lib/python3.12/site-packages/airflow/example_dags/example_branch_python_dop_operator_3.py
[2024-05-11T15:50:38.874+0000] {processor.py:830} INFO - Processing file /home/airflow/.local/lib/python3.12/site-packages/airflow/example_dags/example_branch_python_dop_operator_3.py for tasks to queue
[2024-05-11T15:50:38.875+0000] {logging_mixin.py:188} INFO - [2024-05-11T15:50:38.875+0000] {dagbag.py:545} INFO - Filling up the DagBag from /home/airflow/.local/lib/python3.12/site-packages/airflow/example_dags/example_branch_python_dop_operator_3.py
[2024-05-11T15:50:38.882+0000] {processor.py:840} INFO - DAG(s) 'example_branch_dop_operator_v3' retrieved from /home/airflow/.local/lib/python3.12/site-packages/airflow/example_dags/example_branch_python_dop_operator_3.py
[2024-05-11T15:50:38.897+0000] {logging_mixin.py:188} INFO - [2024-05-11T15:50:38.897+0000] {dag.py:3096} INFO - Sync 1 DAGs
[2024-05-11T15:50:38.919+0000] {logging_mixin.py:188} INFO - [2024-05-11T15:50:38.919+0000] {dag.py:3954} INFO - Setting next_dagrun for example_branch_dop_operator_v3 to 2024-05-11 15:49:00+00:00, run_after=2024-05-11 15:50:00+00:00
[2024-05-11T15:50:38.936+0000] {processor.py:183} INFO - Processing /home/airflow/.local/lib/python3.12/site-packages/airflow/example_dags/example_branch_python_dop_operator_3.py took 0.068 seconds
[2024-05-11T15:51:09.611+0000] {processor.py:161} INFO - Started process (PID=614) to work on /home/airflow/.local/lib/python3.12/site-packages/airflow/example_dags/example_branch_python_dop_operator_3.py
[2024-05-11T15:51:09.612+0000] {processor.py:830} INFO - Processing file /home/airflow/.local/lib/python3.12/site-packages/airflow/example_dags/example_branch_python_dop_operator_3.py for tasks to queue
[2024-05-11T15:51:09.614+0000] {logging_mixin.py:188} INFO - [2024-05-11T15:51:09.613+0000] {dagbag.py:545} INFO - Filling up the DagBag from /home/airflow/.local/lib/python3.12/site-packages/airflow/example_dags/example_branch_python_dop_operator_3.py
[2024-05-11T15:51:09.622+0000] {processor.py:840} INFO - DAG(s) 'example_branch_dop_operator_v3' retrieved from /home/airflow/.local/lib/python3.12/site-packages/airflow/example_dags/example_branch_python_dop_operator_3.py
[2024-05-11T15:51:09.637+0000] {logging_mixin.py:188} INFO - [2024-05-11T15:51:09.637+0000] {dag.py:3096} INFO - Sync 1 DAGs
[2024-05-11T15:51:09.660+0000] {logging_mixin.py:188} INFO - [2024-05-11T15:51:09.660+0000] {dag.py:3954} INFO - Setting next_dagrun for example_branch_dop_operator_v3 to 2024-05-11 15:50:00+00:00, run_after=2024-05-11 15:51:00+00:00
[2024-05-11T15:51:09.676+0000] {processor.py:183} INFO - Processing /home/airflow/.local/lib/python3.12/site-packages/airflow/example_dags/example_branch_python_dop_operator_3.py took 0.069 seconds
[2024-05-11T15:51:40.821+0000] {processor.py:161} INFO - Started process (PID=672) to work on /home/airflow/.local/lib/python3.12/site-packages/airflow/example_dags/example_branch_python_dop_operator_3.py
[2024-05-11T15:51:40.827+0000] {processor.py:830} INFO - Processing file /home/airflow/.local/lib/python3.12/site-packages/airflow/example_dags/example_branch_python_dop_operator_3.py for tasks to queue
[2024-05-11T15:51:40.859+0000] {logging_mixin.py:188} INFO - [2024-05-11T15:51:40.856+0000] {dagbag.py:545} INFO - Filling up the DagBag from /home/airflow/.local/lib/python3.12/site-packages/airflow/example_dags/example_branch_python_dop_operator_3.py
[2024-05-11T15:51:40.926+0000] {processor.py:840} INFO - DAG(s) 'example_branch_dop_operator_v3' retrieved from /home/airflow/.local/lib/python3.12/site-packages/airflow/example_dags/example_branch_python_dop_operator_3.py
[2024-05-11T15:51:41.100+0000] {logging_mixin.py:188} INFO - [2024-05-11T15:51:41.100+0000] {dag.py:3096} INFO - Sync 1 DAGs
[2024-05-11T15:51:41.298+0000] {logging_mixin.py:188} INFO - [2024-05-11T15:51:41.298+0000] {dag.py:3954} INFO - Setting next_dagrun for example_branch_dop_operator_v3 to 2024-05-11 15:50:00+00:00, run_after=2024-05-11 15:51:00+00:00
[2024-05-11T15:51:41.358+0000] {processor.py:183} INFO - Processing /home/airflow/.local/lib/python3.12/site-packages/airflow/example_dags/example_branch_python_dop_operator_3.py took 0.697 seconds
[2024-05-11T15:52:11.817+0000] {processor.py:161} INFO - Started process (PID=730) to work on /home/airflow/.local/lib/python3.12/site-packages/airflow/example_dags/example_branch_python_dop_operator_3.py
[2024-05-11T15:52:11.819+0000] {processor.py:830} INFO - Processing file /home/airflow/.local/lib/python3.12/site-packages/airflow/example_dags/example_branch_python_dop_operator_3.py for tasks to queue
[2024-05-11T15:52:11.822+0000] {logging_mixin.py:188} INFO - [2024-05-11T15:52:11.822+0000] {dagbag.py:545} INFO - Filling up the DagBag from /home/airflow/.local/lib/python3.12/site-packages/airflow/example_dags/example_branch_python_dop_operator_3.py
[2024-05-11T15:52:11.877+0000] {processor.py:840} INFO - DAG(s) 'example_branch_dop_operator_v3' retrieved from /home/airflow/.local/lib/python3.12/site-packages/airflow/example_dags/example_branch_python_dop_operator_3.py
[2024-05-11T15:52:11.943+0000] {logging_mixin.py:188} INFO - [2024-05-11T15:52:11.943+0000] {dag.py:3096} INFO - Sync 1 DAGs
[2024-05-11T15:52:12.033+0000] {logging_mixin.py:188} INFO - [2024-05-11T15:52:12.033+0000] {dag.py:3954} INFO - Setting next_dagrun for example_branch_dop_operator_v3 to 2024-05-11 15:51:00+00:00, run_after=2024-05-11 15:52:00+00:00
[2024-05-11T15:52:12.061+0000] {processor.py:183} INFO - Processing /home/airflow/.local/lib/python3.12/site-packages/airflow/example_dags/example_branch_python_dop_operator_3.py took 0.264 seconds
[2024-05-11T15:52:42.105+0000] {processor.py:161} INFO - Started process (PID=788) to work on /home/airflow/.local/lib/python3.12/site-packages/airflow/example_dags/example_branch_python_dop_operator_3.py
[2024-05-11T15:52:42.106+0000] {processor.py:830} INFO - Processing file /home/airflow/.local/lib/python3.12/site-packages/airflow/example_dags/example_branch_python_dop_operator_3.py for tasks to queue
[2024-05-11T15:52:42.111+0000] {logging_mixin.py:188} INFO - [2024-05-11T15:52:42.110+0000] {dagbag.py:545} INFO - Filling up the DagBag from /home/airflow/.local/lib/python3.12/site-packages/airflow/example_dags/example_branch_python_dop_operator_3.py
[2024-05-11T15:52:42.122+0000] {processor.py:840} INFO - DAG(s) 'example_branch_dop_operator_v3' retrieved from /home/airflow/.local/lib/python3.12/site-packages/airflow/example_dags/example_branch_python_dop_operator_3.py
[2024-05-11T15:52:42.144+0000] {logging_mixin.py:188} INFO - [2024-05-11T15:52:42.144+0000] {dag.py:3096} INFO - Sync 1 DAGs
[2024-05-11T15:52:42.175+0000] {logging_mixin.py:188} INFO - [2024-05-11T15:52:42.175+0000] {dag.py:3954} INFO - Setting next_dagrun for example_branch_dop_operator_v3 to 2024-05-11 15:51:00+00:00, run_after=2024-05-11 15:52:00+00:00
[2024-05-11T15:52:42.196+0000] {processor.py:183} INFO - Processing /home/airflow/.local/lib/python3.12/site-packages/airflow/example_dags/example_branch_python_dop_operator_3.py took 0.097 seconds
[2024-05-11T15:53:12.659+0000] {processor.py:161} INFO - Started process (PID=846) to work on /home/airflow/.local/lib/python3.12/site-packages/airflow/example_dags/example_branch_python_dop_operator_3.py
[2024-05-11T15:53:12.660+0000] {processor.py:830} INFO - Processing file /home/airflow/.local/lib/python3.12/site-packages/airflow/example_dags/example_branch_python_dop_operator_3.py for tasks to queue
[2024-05-11T15:53:12.662+0000] {logging_mixin.py:188} INFO - [2024-05-11T15:53:12.661+0000] {dagbag.py:545} INFO - Filling up the DagBag from /home/airflow/.local/lib/python3.12/site-packages/airflow/example_dags/example_branch_python_dop_operator_3.py
[2024-05-11T15:53:12.670+0000] {processor.py:840} INFO - DAG(s) 'example_branch_dop_operator_v3' retrieved from /home/airflow/.local/lib/python3.12/site-packages/airflow/example_dags/example_branch_python_dop_operator_3.py
[2024-05-11T15:53:12.687+0000] {logging_mixin.py:188} INFO - [2024-05-11T15:53:12.687+0000] {dag.py:3096} INFO - Sync 1 DAGs
[2024-05-11T15:53:12.713+0000] {logging_mixin.py:188} INFO - [2024-05-11T15:53:12.713+0000] {dag.py:3954} INFO - Setting next_dagrun for example_branch_dop_operator_v3 to 2024-05-11 15:52:00+00:00, run_after=2024-05-11 15:53:00+00:00
[2024-05-11T15:53:12.732+0000] {processor.py:183} INFO - Processing /home/airflow/.local/lib/python3.12/site-packages/airflow/example_dags/example_branch_python_dop_operator_3.py took 0.078 seconds
[2024-05-11T15:53:43.335+0000] {processor.py:161} INFO - Started process (PID=904) to work on /home/airflow/.local/lib/python3.12/site-packages/airflow/example_dags/example_branch_python_dop_operator_3.py
[2024-05-11T15:53:43.397+0000] {processor.py:830} INFO - Processing file /home/airflow/.local/lib/python3.12/site-packages/airflow/example_dags/example_branch_python_dop_operator_3.py for tasks to queue
[2024-05-11T15:53:43.399+0000] {logging_mixin.py:188} INFO - [2024-05-11T15:53:43.399+0000] {dagbag.py:545} INFO - Filling up the DagBag from /home/airflow/.local/lib/python3.12/site-packages/airflow/example_dags/example_branch_python_dop_operator_3.py
[2024-05-11T15:53:43.407+0000] {processor.py:840} INFO - DAG(s) 'example_branch_dop_operator_v3' retrieved from /home/airflow/.local/lib/python3.12/site-packages/airflow/example_dags/example_branch_python_dop_operator_3.py
[2024-05-11T15:53:43.447+0000] {logging_mixin.py:188} INFO - [2024-05-11T15:53:43.447+0000] {dag.py:3096} INFO - Sync 1 DAGs
[2024-05-11T15:53:43.468+0000] {logging_mixin.py:188} INFO - [2024-05-11T15:53:43.468+0000] {dag.py:3954} INFO - Setting next_dagrun for example_branch_dop_operator_v3 to 2024-05-11 15:52:00+00:00, run_after=2024-05-11 15:53:00+00:00
[2024-05-11T15:53:43.756+0000] {processor.py:183} INFO - Processing /home/airflow/.local/lib/python3.12/site-packages/airflow/example_dags/example_branch_python_dop_operator_3.py took 0.426 seconds
[2024-05-11T15:54:14.488+0000] {processor.py:161} INFO - Started process (PID=962) to work on /home/airflow/.local/lib/python3.12/site-packages/airflow/example_dags/example_branch_python_dop_operator_3.py
[2024-05-11T15:54:14.489+0000] {processor.py:830} INFO - Processing file /home/airflow/.local/lib/python3.12/site-packages/airflow/example_dags/example_branch_python_dop_operator_3.py for tasks to queue
[2024-05-11T15:54:14.491+0000] {logging_mixin.py:188} INFO - [2024-05-11T15:54:14.491+0000] {dagbag.py:545} INFO - Filling up the DagBag from /home/airflow/.local/lib/python3.12/site-packages/airflow/example_dags/example_branch_python_dop_operator_3.py
[2024-05-11T15:54:14.498+0000] {processor.py:840} INFO - DAG(s) 'example_branch_dop_operator_v3' retrieved from /home/airflow/.local/lib/python3.12/site-packages/airflow/example_dags/example_branch_python_dop_operator_3.py
[2024-05-11T15:54:14.512+0000] {logging_mixin.py:188} INFO - [2024-05-11T15:54:14.512+0000] {dag.py:3096} INFO - Sync 1 DAGs
[2024-05-11T15:54:14.535+0000] {logging_mixin.py:188} INFO - [2024-05-11T15:54:14.535+0000] {dag.py:3954} INFO - Setting next_dagrun for example_branch_dop_operator_v3 to 2024-05-11 15:53:00+00:00, run_after=2024-05-11 15:54:00+00:00
[2024-05-11T15:54:14.553+0000] {processor.py:183} INFO - Processing /home/airflow/.local/lib/python3.12/site-packages/airflow/example_dags/example_branch_python_dop_operator_3.py took 0.069 seconds
[2024-05-11T15:54:44.603+0000] {processor.py:161} INFO - Started process (PID=1020) to work on /home/airflow/.local/lib/python3.12/site-packages/airflow/example_dags/example_branch_python_dop_operator_3.py
[2024-05-11T15:54:44.604+0000] {processor.py:830} INFO - Processing file /home/airflow/.local/lib/python3.12/site-packages/airflow/example_dags/example_branch_python_dop_operator_3.py for tasks to queue
[2024-05-11T15:54:44.607+0000] {logging_mixin.py:188} INFO - [2024-05-11T15:54:44.606+0000] {dagbag.py:545} INFO - Filling up the DagBag from /home/airflow/.local/lib/python3.12/site-packages/airflow/example_dags/example_branch_python_dop_operator_3.py
[2024-05-11T15:54:44.615+0000] {processor.py:840} INFO - DAG(s) 'example_branch_dop_operator_v3' retrieved from /home/airflow/.local/lib/python3.12/site-packages/airflow/example_dags/example_branch_python_dop_operator_3.py
[2024-05-11T15:54:44.640+0000] {logging_mixin.py:188} INFO - [2024-05-11T15:54:44.640+0000] {dag.py:3096} INFO - Sync 1 DAGs
[2024-05-11T15:54:44.673+0000] {logging_mixin.py:188} INFO - [2024-05-11T15:54:44.672+0000] {dag.py:3954} INFO - Setting next_dagrun for example_branch_dop_operator_v3 to 2024-05-11 15:53:00+00:00, run_after=2024-05-11 15:54:00+00:00
[2024-05-11T15:54:44.693+0000] {processor.py:183} INFO - Processing /home/airflow/.local/lib/python3.12/site-packages/airflow/example_dags/example_branch_python_dop_operator_3.py took 0.097 seconds
[2024-05-11T15:55:15.403+0000] {processor.py:161} INFO - Started process (PID=1078) to work on /home/airflow/.local/lib/python3.12/site-packages/airflow/example_dags/example_branch_python_dop_operator_3.py
[2024-05-11T15:55:15.404+0000] {processor.py:830} INFO - Processing file /home/airflow/.local/lib/python3.12/site-packages/airflow/example_dags/example_branch_python_dop_operator_3.py for tasks to queue
[2024-05-11T15:55:15.406+0000] {logging_mixin.py:188} INFO - [2024-05-11T15:55:15.406+0000] {dagbag.py:545} INFO - Filling up the DagBag from /home/airflow/.local/lib/python3.12/site-packages/airflow/example_dags/example_branch_python_dop_operator_3.py
[2024-05-11T15:55:15.413+0000] {processor.py:840} INFO - DAG(s) 'example_branch_dop_operator_v3' retrieved from /home/airflow/.local/lib/python3.12/site-packages/airflow/example_dags/example_branch_python_dop_operator_3.py
[2024-05-11T15:55:15.440+0000] {logging_mixin.py:188} INFO - [2024-05-11T15:55:15.440+0000] {dag.py:3096} INFO - Sync 1 DAGs
[2024-05-11T15:55:15.462+0000] {logging_mixin.py:188} INFO - [2024-05-11T15:55:15.461+0000] {dag.py:3954} INFO - Setting next_dagrun for example_branch_dop_operator_v3 to 2024-05-11 15:54:00+00:00, run_after=2024-05-11 15:55:00+00:00
[2024-05-11T15:55:15.483+0000] {processor.py:183} INFO - Processing /home/airflow/.local/lib/python3.12/site-packages/airflow/example_dags/example_branch_python_dop_operator_3.py took 0.084 seconds
[2024-05-11T15:55:46.092+0000] {processor.py:161} INFO - Started process (PID=1137) to work on /home/airflow/.local/lib/python3.12/site-packages/airflow/example_dags/example_branch_python_dop_operator_3.py
[2024-05-11T15:55:46.094+0000] {processor.py:830} INFO - Processing file /home/airflow/.local/lib/python3.12/site-packages/airflow/example_dags/example_branch_python_dop_operator_3.py for tasks to queue
[2024-05-11T15:55:46.097+0000] {logging_mixin.py:188} INFO - [2024-05-11T15:55:46.096+0000] {dagbag.py:545} INFO - Filling up the DagBag from /home/airflow/.local/lib/python3.12/site-packages/airflow/example_dags/example_branch_python_dop_operator_3.py
[2024-05-11T15:55:46.109+0000] {processor.py:840} INFO - DAG(s) 'example_branch_dop_operator_v3' retrieved from /home/airflow/.local/lib/python3.12/site-packages/airflow/example_dags/example_branch_python_dop_operator_3.py
[2024-05-11T15:55:46.138+0000] {logging_mixin.py:188} INFO - [2024-05-11T15:55:46.138+0000] {dag.py:3096} INFO - Sync 1 DAGs
[2024-05-11T15:55:46.167+0000] {logging_mixin.py:188} INFO - [2024-05-11T15:55:46.167+0000] {dag.py:3954} INFO - Setting next_dagrun for example_branch_dop_operator_v3 to 2024-05-11 15:54:00+00:00, run_after=2024-05-11 15:55:00+00:00
[2024-05-11T15:55:46.195+0000] {processor.py:183} INFO - Processing /home/airflow/.local/lib/python3.12/site-packages/airflow/example_dags/example_branch_python_dop_operator_3.py took 0.109 seconds
[2024-05-11T15:56:16.713+0000] {processor.py:161} INFO - Started process (PID=1195) to work on /home/airflow/.local/lib/python3.12/site-packages/airflow/example_dags/example_branch_python_dop_operator_3.py
[2024-05-11T15:56:16.714+0000] {processor.py:830} INFO - Processing file /home/airflow/.local/lib/python3.12/site-packages/airflow/example_dags/example_branch_python_dop_operator_3.py for tasks to queue
[2024-05-11T15:56:16.716+0000] {logging_mixin.py:188} INFO - [2024-05-11T15:56:16.716+0000] {dagbag.py:545} INFO - Filling up the DagBag from /home/airflow/.local/lib/python3.12/site-packages/airflow/example_dags/example_branch_python_dop_operator_3.py
[2024-05-11T15:56:16.724+0000] {processor.py:840} INFO - DAG(s) 'example_branch_dop_operator_v3' retrieved from /home/airflow/.local/lib/python3.12/site-packages/airflow/example_dags/example_branch_python_dop_operator_3.py
[2024-05-11T15:56:16.739+0000] {logging_mixin.py:188} INFO - [2024-05-11T15:56:16.739+0000] {dag.py:3096} INFO - Sync 1 DAGs
[2024-05-11T15:56:16.761+0000] {logging_mixin.py:188} INFO - [2024-05-11T15:56:16.761+0000] {dag.py:3954} INFO - Setting next_dagrun for example_branch_dop_operator_v3 to 2024-05-11 15:55:00+00:00, run_after=2024-05-11 15:56:00+00:00
[2024-05-11T15:56:16.777+0000] {processor.py:183} INFO - Processing /home/airflow/.local/lib/python3.12/site-packages/airflow/example_dags/example_branch_python_dop_operator_3.py took 0.069 seconds
[2024-05-11T15:56:47.325+0000] {processor.py:161} INFO - Started process (PID=1253) to work on /home/airflow/.local/lib/python3.12/site-packages/airflow/example_dags/example_branch_python_dop_operator_3.py
[2024-05-11T15:56:47.326+0000] {processor.py:830} INFO - Processing file /home/airflow/.local/lib/python3.12/site-packages/airflow/example_dags/example_branch_python_dop_operator_3.py for tasks to queue
[2024-05-11T15:56:47.329+0000] {logging_mixin.py:188} INFO - [2024-05-11T15:56:47.329+0000] {dagbag.py:545} INFO - Filling up the DagBag from /home/airflow/.local/lib/python3.12/site-packages/airflow/example_dags/example_branch_python_dop_operator_3.py
[2024-05-11T15:56:47.338+0000] {processor.py:840} INFO - DAG(s) 'example_branch_dop_operator_v3' retrieved from /home/airflow/.local/lib/python3.12/site-packages/airflow/example_dags/example_branch_python_dop_operator_3.py
[2024-05-11T15:56:47.359+0000] {logging_mixin.py:188} INFO - [2024-05-11T15:56:47.359+0000] {dag.py:3096} INFO - Sync 1 DAGs
[2024-05-11T15:56:47.386+0000] {logging_mixin.py:188} INFO - [2024-05-11T15:56:47.386+0000] {dag.py:3954} INFO - Setting next_dagrun for example_branch_dop_operator_v3 to 2024-05-11 15:55:00+00:00, run_after=2024-05-11 15:56:00+00:00
[2024-05-11T15:56:47.407+0000] {processor.py:183} INFO - Processing /home/airflow/.local/lib/python3.12/site-packages/airflow/example_dags/example_branch_python_dop_operator_3.py took 0.087 seconds
[2024-05-11T16:03:40.079+0000] {processor.py:161} INFO - Started process (PID=35) to work on /home/airflow/.local/lib/python3.12/site-packages/airflow/example_dags/example_branch_python_dop_operator_3.py
[2024-05-11T16:03:40.080+0000] {processor.py:830} INFO - Processing file /home/airflow/.local/lib/python3.12/site-packages/airflow/example_dags/example_branch_python_dop_operator_3.py for tasks to queue
[2024-05-11T16:03:40.090+0000] {logging_mixin.py:188} INFO - [2024-05-11T16:03:40.090+0000] {dagbag.py:545} INFO - Filling up the DagBag from /home/airflow/.local/lib/python3.12/site-packages/airflow/example_dags/example_branch_python_dop_operator_3.py
[2024-05-11T16:03:40.110+0000] {processor.py:840} INFO - DAG(s) 'example_branch_dop_operator_v3' retrieved from /home/airflow/.local/lib/python3.12/site-packages/airflow/example_dags/example_branch_python_dop_operator_3.py
[2024-05-11T16:03:40.148+0000] {logging_mixin.py:188} INFO - [2024-05-11T16:03:40.148+0000] {dag.py:3096} INFO - Sync 1 DAGs
[2024-05-11T16:03:40.183+0000] {logging_mixin.py:188} INFO - [2024-05-11T16:03:40.183+0000] {dag.py:3954} INFO - Setting next_dagrun for example_branch_dop_operator_v3 to 2024-05-11 16:02:00+00:00, run_after=2024-05-11 16:03:00+00:00
[2024-05-11T16:03:40.207+0000] {processor.py:183} INFO - Processing /home/airflow/.local/lib/python3.12/site-packages/airflow/example_dags/example_branch_python_dop_operator_3.py took 0.136 seconds
[2024-05-11T16:04:10.421+0000] {processor.py:161} INFO - Started process (PID=93) to work on /home/airflow/.local/lib/python3.12/site-packages/airflow/example_dags/example_branch_python_dop_operator_3.py
[2024-05-11T16:04:10.421+0000] {processor.py:830} INFO - Processing file /home/airflow/.local/lib/python3.12/site-packages/airflow/example_dags/example_branch_python_dop_operator_3.py for tasks to queue
[2024-05-11T16:04:10.424+0000] {logging_mixin.py:188} INFO - [2024-05-11T16:04:10.423+0000] {dagbag.py:545} INFO - Filling up the DagBag from /home/airflow/.local/lib/python3.12/site-packages/airflow/example_dags/example_branch_python_dop_operator_3.py
[2024-05-11T16:04:10.432+0000] {processor.py:840} INFO - DAG(s) 'example_branch_dop_operator_v3' retrieved from /home/airflow/.local/lib/python3.12/site-packages/airflow/example_dags/example_branch_python_dop_operator_3.py
[2024-05-11T16:04:10.522+0000] {logging_mixin.py:188} INFO - [2024-05-11T16:04:10.521+0000] {dag.py:3096} INFO - Sync 1 DAGs
[2024-05-11T16:04:10.542+0000] {logging_mixin.py:188} INFO - [2024-05-11T16:04:10.541+0000] {dag.py:3954} INFO - Setting next_dagrun for example_branch_dop_operator_v3 to 2024-05-11 16:03:00+00:00, run_after=2024-05-11 16:04:00+00:00
[2024-05-11T16:04:10.560+0000] {processor.py:183} INFO - Processing /home/airflow/.local/lib/python3.12/site-packages/airflow/example_dags/example_branch_python_dop_operator_3.py took 0.146 seconds
[2024-05-11T16:04:40.913+0000] {processor.py:161} INFO - Started process (PID=151) to work on /home/airflow/.local/lib/python3.12/site-packages/airflow/example_dags/example_branch_python_dop_operator_3.py
[2024-05-11T16:04:40.914+0000] {processor.py:830} INFO - Processing file /home/airflow/.local/lib/python3.12/site-packages/airflow/example_dags/example_branch_python_dop_operator_3.py for tasks to queue
[2024-05-11T16:04:40.917+0000] {logging_mixin.py:188} INFO - [2024-05-11T16:04:40.916+0000] {dagbag.py:545} INFO - Filling up the DagBag from /home/airflow/.local/lib/python3.12/site-packages/airflow/example_dags/example_branch_python_dop_operator_3.py
[2024-05-11T16:04:40.930+0000] {processor.py:840} INFO - DAG(s) 'example_branch_dop_operator_v3' retrieved from /home/airflow/.local/lib/python3.12/site-packages/airflow/example_dags/example_branch_python_dop_operator_3.py
[2024-05-11T16:04:40.950+0000] {logging_mixin.py:188} INFO - [2024-05-11T16:04:40.949+0000] {dag.py:3096} INFO - Sync 1 DAGs
[2024-05-11T16:04:40.976+0000] {logging_mixin.py:188} INFO - [2024-05-11T16:04:40.976+0000] {dag.py:3954} INFO - Setting next_dagrun for example_branch_dop_operator_v3 to 2024-05-11 16:03:00+00:00, run_after=2024-05-11 16:04:00+00:00
[2024-05-11T16:04:40.996+0000] {processor.py:183} INFO - Processing /home/airflow/.local/lib/python3.12/site-packages/airflow/example_dags/example_branch_python_dop_operator_3.py took 0.089 seconds
[2024-05-11T16:05:11.227+0000] {processor.py:161} INFO - Started process (PID=209) to work on /home/airflow/.local/lib/python3.12/site-packages/airflow/example_dags/example_branch_python_dop_operator_3.py
[2024-05-11T16:05:11.227+0000] {processor.py:830} INFO - Processing file /home/airflow/.local/lib/python3.12/site-packages/airflow/example_dags/example_branch_python_dop_operator_3.py for tasks to queue
[2024-05-11T16:05:11.229+0000] {logging_mixin.py:188} INFO - [2024-05-11T16:05:11.228+0000] {dagbag.py:545} INFO - Filling up the DagBag from /home/airflow/.local/lib/python3.12/site-packages/airflow/example_dags/example_branch_python_dop_operator_3.py
[2024-05-11T16:05:11.236+0000] {processor.py:840} INFO - DAG(s) 'example_branch_dop_operator_v3' retrieved from /home/airflow/.local/lib/python3.12/site-packages/airflow/example_dags/example_branch_python_dop_operator_3.py
[2024-05-11T16:05:11.252+0000] {logging_mixin.py:188} INFO - [2024-05-11T16:05:11.252+0000] {dag.py:3096} INFO - Sync 1 DAGs
[2024-05-11T16:05:11.274+0000] {logging_mixin.py:188} INFO - [2024-05-11T16:05:11.274+0000] {dag.py:3954} INFO - Setting next_dagrun for example_branch_dop_operator_v3 to 2024-05-11 16:04:00+00:00, run_after=2024-05-11 16:05:00+00:00
[2024-05-11T16:05:11.294+0000] {processor.py:183} INFO - Processing /home/airflow/.local/lib/python3.12/site-packages/airflow/example_dags/example_branch_python_dop_operator_3.py took 0.073 seconds
[2024-05-11T16:05:41.339+0000] {processor.py:161} INFO - Started process (PID=267) to work on /home/airflow/.local/lib/python3.12/site-packages/airflow/example_dags/example_branch_python_dop_operator_3.py
[2024-05-11T16:05:41.339+0000] {processor.py:830} INFO - Processing file /home/airflow/.local/lib/python3.12/site-packages/airflow/example_dags/example_branch_python_dop_operator_3.py for tasks to queue
[2024-05-11T16:05:41.342+0000] {logging_mixin.py:188} INFO - [2024-05-11T16:05:41.341+0000] {dagbag.py:545} INFO - Filling up the DagBag from /home/airflow/.local/lib/python3.12/site-packages/airflow/example_dags/example_branch_python_dop_operator_3.py
[2024-05-11T16:05:41.350+0000] {processor.py:840} INFO - DAG(s) 'example_branch_dop_operator_v3' retrieved from /home/airflow/.local/lib/python3.12/site-packages/airflow/example_dags/example_branch_python_dop_operator_3.py
[2024-05-11T16:05:41.366+0000] {logging_mixin.py:188} INFO - [2024-05-11T16:05:41.366+0000] {dag.py:3096} INFO - Sync 1 DAGs
[2024-05-11T16:05:41.390+0000] {logging_mixin.py:188} INFO - [2024-05-11T16:05:41.390+0000] {dag.py:3954} INFO - Setting next_dagrun for example_branch_dop_operator_v3 to 2024-05-11 16:04:00+00:00, run_after=2024-05-11 16:05:00+00:00
[2024-05-11T16:05:41.690+0000] {processor.py:183} INFO - Processing /home/airflow/.local/lib/python3.12/site-packages/airflow/example_dags/example_branch_python_dop_operator_3.py took 0.355 seconds
