[2024-05-11T11:30:35.506+0000] {processor.py:161} INFO - Started process (PID=61) to work on /home/airflow/.local/lib/python3.12/site-packages/airflow/example_dags/example_latest_only.py
[2024-05-11T11:30:35.508+0000] {processor.py:830} INFO - Processing file /home/airflow/.local/lib/python3.12/site-packages/airflow/example_dags/example_latest_only.py for tasks to queue
[2024-05-11T11:30:35.511+0000] {logging_mixin.py:188} INFO - [2024-05-11T11:30:35.510+0000] {dagbag.py:545} INFO - Filling up the DagBag from /home/airflow/.local/lib/python3.12/site-packages/airflow/example_dags/example_latest_only.py
[2024-05-11T11:30:35.519+0000] {processor.py:840} INFO - DAG(s) 'latest_only' retrieved from /home/airflow/.local/lib/python3.12/site-packages/airflow/example_dags/example_latest_only.py
[2024-05-11T11:30:35.872+0000] {logging_mixin.py:188} INFO - [2024-05-11T11:30:35.870+0000] {override.py:1829} INFO - Created Permission View: can edit on DAG:latest_only
[2024-05-11T11:30:35.907+0000] {logging_mixin.py:188} INFO - [2024-05-11T11:30:35.907+0000] {override.py:1829} INFO - Created Permission View: can read on DAG:latest_only
[2024-05-11T11:30:35.919+0000] {logging_mixin.py:188} INFO - [2024-05-11T11:30:35.919+0000] {override.py:1829} INFO - Created Permission View: can delete on DAG:latest_only
[2024-05-11T11:30:35.920+0000] {logging_mixin.py:188} INFO - [2024-05-11T11:30:35.920+0000] {dag.py:3096} INFO - Sync 1 DAGs
[2024-05-11T11:30:35.945+0000] {logging_mixin.py:188} INFO - [2024-05-11T11:30:35.944+0000] {dag.py:3118} INFO - Creating ORM DAG for latest_only
[2024-05-11T11:30:35.986+0000] {logging_mixin.py:188} INFO - [2024-05-11T11:30:35.986+0000] {dag.py:3954} INFO - Setting next_dagrun for latest_only to 2024-05-11 04:00:00+00:00, run_after=2024-05-11 08:00:00+00:00
[2024-05-11T11:30:36.062+0000] {processor.py:183} INFO - Processing /home/airflow/.local/lib/python3.12/site-packages/airflow/example_dags/example_latest_only.py took 0.565 seconds
[2024-05-11T11:31:13.054+0000] {processor.py:161} INFO - Started process (PID=119) to work on /home/airflow/.local/lib/python3.12/site-packages/airflow/example_dags/example_latest_only.py
[2024-05-11T11:31:13.055+0000] {processor.py:830} INFO - Processing file /home/airflow/.local/lib/python3.12/site-packages/airflow/example_dags/example_latest_only.py for tasks to queue
[2024-05-11T11:31:13.058+0000] {logging_mixin.py:188} INFO - [2024-05-11T11:31:13.057+0000] {dagbag.py:545} INFO - Filling up the DagBag from /home/airflow/.local/lib/python3.12/site-packages/airflow/example_dags/example_latest_only.py
[2024-05-11T11:31:13.063+0000] {processor.py:840} INFO - DAG(s) 'latest_only' retrieved from /home/airflow/.local/lib/python3.12/site-packages/airflow/example_dags/example_latest_only.py
[2024-05-11T11:31:13.085+0000] {logging_mixin.py:188} INFO - [2024-05-11T11:31:13.085+0000] {dag.py:3096} INFO - Sync 1 DAGs
[2024-05-11T11:31:13.115+0000] {logging_mixin.py:188} INFO - [2024-05-11T11:31:13.115+0000] {dag.py:3954} INFO - Setting next_dagrun for latest_only to 2024-05-11 04:00:00+00:00, run_after=2024-05-11 08:00:00+00:00
[2024-05-11T11:31:13.140+0000] {processor.py:183} INFO - Processing /home/airflow/.local/lib/python3.12/site-packages/airflow/example_dags/example_latest_only.py took 0.091 seconds
[2024-05-11T11:31:43.470+0000] {processor.py:161} INFO - Started process (PID=175) to work on /home/airflow/.local/lib/python3.12/site-packages/airflow/example_dags/example_latest_only.py
[2024-05-11T11:31:43.471+0000] {processor.py:830} INFO - Processing file /home/airflow/.local/lib/python3.12/site-packages/airflow/example_dags/example_latest_only.py for tasks to queue
[2024-05-11T11:31:43.473+0000] {logging_mixin.py:188} INFO - [2024-05-11T11:31:43.472+0000] {dagbag.py:545} INFO - Filling up the DagBag from /home/airflow/.local/lib/python3.12/site-packages/airflow/example_dags/example_latest_only.py
[2024-05-11T11:31:43.477+0000] {processor.py:840} INFO - DAG(s) 'latest_only' retrieved from /home/airflow/.local/lib/python3.12/site-packages/airflow/example_dags/example_latest_only.py
[2024-05-11T11:31:43.496+0000] {logging_mixin.py:188} INFO - [2024-05-11T11:31:43.496+0000] {dag.py:3096} INFO - Sync 1 DAGs
[2024-05-11T11:31:43.517+0000] {logging_mixin.py:188} INFO - [2024-05-11T11:31:43.517+0000] {dag.py:3954} INFO - Setting next_dagrun for latest_only to 2024-05-11 04:00:00+00:00, run_after=2024-05-11 08:00:00+00:00
[2024-05-11T11:31:43.535+0000] {processor.py:183} INFO - Processing /home/airflow/.local/lib/python3.12/site-packages/airflow/example_dags/example_latest_only.py took 0.070 seconds
[2024-05-11T11:32:14.609+0000] {processor.py:161} INFO - Started process (PID=233) to work on /home/airflow/.local/lib/python3.12/site-packages/airflow/example_dags/example_latest_only.py
[2024-05-11T11:32:14.610+0000] {processor.py:830} INFO - Processing file /home/airflow/.local/lib/python3.12/site-packages/airflow/example_dags/example_latest_only.py for tasks to queue
[2024-05-11T11:32:14.611+0000] {logging_mixin.py:188} INFO - [2024-05-11T11:32:14.611+0000] {dagbag.py:545} INFO - Filling up the DagBag from /home/airflow/.local/lib/python3.12/site-packages/airflow/example_dags/example_latest_only.py
[2024-05-11T11:32:14.617+0000] {processor.py:840} INFO - DAG(s) 'latest_only' retrieved from /home/airflow/.local/lib/python3.12/site-packages/airflow/example_dags/example_latest_only.py
[2024-05-11T11:32:14.639+0000] {logging_mixin.py:188} INFO - [2024-05-11T11:32:14.639+0000] {dag.py:3096} INFO - Sync 1 DAGs
[2024-05-11T11:32:14.662+0000] {logging_mixin.py:188} INFO - [2024-05-11T11:32:14.662+0000] {dag.py:3954} INFO - Setting next_dagrun for latest_only to 2024-05-11 04:00:00+00:00, run_after=2024-05-11 08:00:00+00:00
[2024-05-11T11:32:14.688+0000] {processor.py:183} INFO - Processing /home/airflow/.local/lib/python3.12/site-packages/airflow/example_dags/example_latest_only.py took 0.085 seconds
[2024-05-11T11:32:44.731+0000] {processor.py:161} INFO - Started process (PID=291) to work on /home/airflow/.local/lib/python3.12/site-packages/airflow/example_dags/example_latest_only.py
[2024-05-11T11:32:44.732+0000] {processor.py:830} INFO - Processing file /home/airflow/.local/lib/python3.12/site-packages/airflow/example_dags/example_latest_only.py for tasks to queue
[2024-05-11T11:32:44.735+0000] {logging_mixin.py:188} INFO - [2024-05-11T11:32:44.735+0000] {dagbag.py:545} INFO - Filling up the DagBag from /home/airflow/.local/lib/python3.12/site-packages/airflow/example_dags/example_latest_only.py
[2024-05-11T11:32:44.739+0000] {processor.py:840} INFO - DAG(s) 'latest_only' retrieved from /home/airflow/.local/lib/python3.12/site-packages/airflow/example_dags/example_latest_only.py
[2024-05-11T11:32:44.760+0000] {logging_mixin.py:188} INFO - [2024-05-11T11:32:44.760+0000] {dag.py:3096} INFO - Sync 1 DAGs
[2024-05-11T11:32:44.780+0000] {logging_mixin.py:188} INFO - [2024-05-11T11:32:44.780+0000] {dag.py:3954} INFO - Setting next_dagrun for latest_only to 2024-05-11 04:00:00+00:00, run_after=2024-05-11 08:00:00+00:00
[2024-05-11T11:32:44.799+0000] {processor.py:183} INFO - Processing /home/airflow/.local/lib/python3.12/site-packages/airflow/example_dags/example_latest_only.py took 0.073 seconds
[2024-05-11T11:33:15.046+0000] {processor.py:161} INFO - Started process (PID=349) to work on /home/airflow/.local/lib/python3.12/site-packages/airflow/example_dags/example_latest_only.py
[2024-05-11T11:33:15.047+0000] {processor.py:830} INFO - Processing file /home/airflow/.local/lib/python3.12/site-packages/airflow/example_dags/example_latest_only.py for tasks to queue
[2024-05-11T11:33:15.049+0000] {logging_mixin.py:188} INFO - [2024-05-11T11:33:15.049+0000] {dagbag.py:545} INFO - Filling up the DagBag from /home/airflow/.local/lib/python3.12/site-packages/airflow/example_dags/example_latest_only.py
[2024-05-11T11:33:15.055+0000] {processor.py:840} INFO - DAG(s) 'latest_only' retrieved from /home/airflow/.local/lib/python3.12/site-packages/airflow/example_dags/example_latest_only.py
[2024-05-11T11:33:15.098+0000] {logging_mixin.py:188} INFO - [2024-05-11T11:33:15.097+0000] {dag.py:3096} INFO - Sync 1 DAGs
[2024-05-11T11:33:15.183+0000] {logging_mixin.py:188} INFO - [2024-05-11T11:33:15.182+0000] {dag.py:3954} INFO - Setting next_dagrun for latest_only to 2024-05-11 04:00:00+00:00, run_after=2024-05-11 08:00:00+00:00
[2024-05-11T11:33:15.206+0000] {processor.py:183} INFO - Processing /home/airflow/.local/lib/python3.12/site-packages/airflow/example_dags/example_latest_only.py took 0.166 seconds
[2024-05-11T11:33:46.004+0000] {processor.py:161} INFO - Started process (PID=407) to work on /home/airflow/.local/lib/python3.12/site-packages/airflow/example_dags/example_latest_only.py
[2024-05-11T11:33:46.005+0000] {processor.py:830} INFO - Processing file /home/airflow/.local/lib/python3.12/site-packages/airflow/example_dags/example_latest_only.py for tasks to queue
[2024-05-11T11:33:46.007+0000] {logging_mixin.py:188} INFO - [2024-05-11T11:33:46.007+0000] {dagbag.py:545} INFO - Filling up the DagBag from /home/airflow/.local/lib/python3.12/site-packages/airflow/example_dags/example_latest_only.py
[2024-05-11T11:33:46.014+0000] {processor.py:840} INFO - DAG(s) 'latest_only' retrieved from /home/airflow/.local/lib/python3.12/site-packages/airflow/example_dags/example_latest_only.py
[2024-05-11T11:33:46.046+0000] {logging_mixin.py:188} INFO - [2024-05-11T11:33:46.045+0000] {dag.py:3096} INFO - Sync 1 DAGs
[2024-05-11T11:33:46.091+0000] {logging_mixin.py:188} INFO - [2024-05-11T11:33:46.091+0000] {dag.py:3954} INFO - Setting next_dagrun for latest_only to 2024-05-11 04:00:00+00:00, run_after=2024-05-11 08:00:00+00:00
[2024-05-11T11:33:46.122+0000] {processor.py:183} INFO - Processing /home/airflow/.local/lib/python3.12/site-packages/airflow/example_dags/example_latest_only.py took 0.125 seconds
[2024-05-11T11:34:16.794+0000] {processor.py:161} INFO - Started process (PID=465) to work on /home/airflow/.local/lib/python3.12/site-packages/airflow/example_dags/example_latest_only.py
[2024-05-11T11:34:16.795+0000] {processor.py:830} INFO - Processing file /home/airflow/.local/lib/python3.12/site-packages/airflow/example_dags/example_latest_only.py for tasks to queue
[2024-05-11T11:34:16.796+0000] {logging_mixin.py:188} INFO - [2024-05-11T11:34:16.796+0000] {dagbag.py:545} INFO - Filling up the DagBag from /home/airflow/.local/lib/python3.12/site-packages/airflow/example_dags/example_latest_only.py
[2024-05-11T11:34:16.801+0000] {processor.py:840} INFO - DAG(s) 'latest_only' retrieved from /home/airflow/.local/lib/python3.12/site-packages/airflow/example_dags/example_latest_only.py
[2024-05-11T11:34:16.812+0000] {logging_mixin.py:188} INFO - [2024-05-11T11:34:16.811+0000] {dag.py:3096} INFO - Sync 1 DAGs
[2024-05-11T11:34:16.833+0000] {logging_mixin.py:188} INFO - [2024-05-11T11:34:16.832+0000] {dag.py:3954} INFO - Setting next_dagrun for latest_only to 2024-05-11 04:00:00+00:00, run_after=2024-05-11 08:00:00+00:00
[2024-05-11T11:34:16.849+0000] {processor.py:183} INFO - Processing /home/airflow/.local/lib/python3.12/site-packages/airflow/example_dags/example_latest_only.py took 0.060 seconds
[2024-05-11T11:34:47.361+0000] {processor.py:161} INFO - Started process (PID=523) to work on /home/airflow/.local/lib/python3.12/site-packages/airflow/example_dags/example_latest_only.py
[2024-05-11T11:34:47.362+0000] {processor.py:830} INFO - Processing file /home/airflow/.local/lib/python3.12/site-packages/airflow/example_dags/example_latest_only.py for tasks to queue
[2024-05-11T11:34:47.363+0000] {logging_mixin.py:188} INFO - [2024-05-11T11:34:47.363+0000] {dagbag.py:545} INFO - Filling up the DagBag from /home/airflow/.local/lib/python3.12/site-packages/airflow/example_dags/example_latest_only.py
[2024-05-11T11:34:47.367+0000] {processor.py:840} INFO - DAG(s) 'latest_only' retrieved from /home/airflow/.local/lib/python3.12/site-packages/airflow/example_dags/example_latest_only.py
[2024-05-11T11:34:47.454+0000] {logging_mixin.py:188} INFO - [2024-05-11T11:34:47.454+0000] {dag.py:3096} INFO - Sync 1 DAGs
[2024-05-11T11:34:47.472+0000] {logging_mixin.py:188} INFO - [2024-05-11T11:34:47.471+0000] {dag.py:3954} INFO - Setting next_dagrun for latest_only to 2024-05-11 04:00:00+00:00, run_after=2024-05-11 08:00:00+00:00
[2024-05-11T11:34:47.489+0000] {processor.py:183} INFO - Processing /home/airflow/.local/lib/python3.12/site-packages/airflow/example_dags/example_latest_only.py took 0.132 seconds
[2024-05-11T15:07:41.032+0000] {processor.py:161} INFO - Started process (PID=43) to work on /home/airflow/.local/lib/python3.12/site-packages/airflow/example_dags/example_latest_only.py
[2024-05-11T15:07:41.033+0000] {processor.py:830} INFO - Processing file /home/airflow/.local/lib/python3.12/site-packages/airflow/example_dags/example_latest_only.py for tasks to queue
[2024-05-11T15:07:41.035+0000] {logging_mixin.py:188} INFO - [2024-05-11T15:07:41.034+0000] {dagbag.py:545} INFO - Filling up the DagBag from /home/airflow/.local/lib/python3.12/site-packages/airflow/example_dags/example_latest_only.py
[2024-05-11T15:07:41.040+0000] {processor.py:840} INFO - DAG(s) 'latest_only' retrieved from /home/airflow/.local/lib/python3.12/site-packages/airflow/example_dags/example_latest_only.py
[2024-05-11T15:07:41.061+0000] {logging_mixin.py:188} INFO - [2024-05-11T15:07:41.060+0000] {dag.py:3096} INFO - Sync 1 DAGs
[2024-05-11T15:07:41.083+0000] {logging_mixin.py:188} INFO - [2024-05-11T15:07:41.082+0000] {dag.py:3954} INFO - Setting next_dagrun for latest_only to 2024-05-11 08:00:00+00:00, run_after=2024-05-11 12:00:00+00:00
[2024-05-11T15:07:41.110+0000] {processor.py:183} INFO - Processing /home/airflow/.local/lib/python3.12/site-packages/airflow/example_dags/example_latest_only.py took 0.084 seconds
[2024-05-11T15:08:11.236+0000] {processor.py:161} INFO - Started process (PID=101) to work on /home/airflow/.local/lib/python3.12/site-packages/airflow/example_dags/example_latest_only.py
[2024-05-11T15:08:11.238+0000] {processor.py:830} INFO - Processing file /home/airflow/.local/lib/python3.12/site-packages/airflow/example_dags/example_latest_only.py for tasks to queue
[2024-05-11T15:08:11.240+0000] {logging_mixin.py:188} INFO - [2024-05-11T15:08:11.239+0000] {dagbag.py:545} INFO - Filling up the DagBag from /home/airflow/.local/lib/python3.12/site-packages/airflow/example_dags/example_latest_only.py
[2024-05-11T15:08:11.245+0000] {processor.py:840} INFO - DAG(s) 'latest_only' retrieved from /home/airflow/.local/lib/python3.12/site-packages/airflow/example_dags/example_latest_only.py
[2024-05-11T15:08:11.267+0000] {logging_mixin.py:188} INFO - [2024-05-11T15:08:11.267+0000] {dag.py:3096} INFO - Sync 1 DAGs
[2024-05-11T15:08:11.294+0000] {logging_mixin.py:188} INFO - [2024-05-11T15:08:11.294+0000] {dag.py:3954} INFO - Setting next_dagrun for latest_only to 2024-05-11 08:00:00+00:00, run_after=2024-05-11 12:00:00+00:00
[2024-05-11T15:08:11.315+0000] {processor.py:183} INFO - Processing /home/airflow/.local/lib/python3.12/site-packages/airflow/example_dags/example_latest_only.py took 0.085 seconds
[2024-05-11T15:18:27.197+0000] {processor.py:161} INFO - Started process (PID=43) to work on /home/airflow/.local/lib/python3.12/site-packages/airflow/example_dags/example_latest_only.py
[2024-05-11T15:18:27.198+0000] {processor.py:830} INFO - Processing file /home/airflow/.local/lib/python3.12/site-packages/airflow/example_dags/example_latest_only.py for tasks to queue
[2024-05-11T15:18:27.200+0000] {logging_mixin.py:188} INFO - [2024-05-11T15:18:27.199+0000] {dagbag.py:545} INFO - Filling up the DagBag from /home/airflow/.local/lib/python3.12/site-packages/airflow/example_dags/example_latest_only.py
[2024-05-11T15:18:27.204+0000] {processor.py:840} INFO - DAG(s) 'latest_only' retrieved from /home/airflow/.local/lib/python3.12/site-packages/airflow/example_dags/example_latest_only.py
[2024-05-11T15:18:27.214+0000] {logging_mixin.py:188} INFO - [2024-05-11T15:18:27.213+0000] {dag.py:3096} INFO - Sync 1 DAGs
[2024-05-11T15:18:27.240+0000] {logging_mixin.py:188} INFO - [2024-05-11T15:18:27.240+0000] {dag.py:3954} INFO - Setting next_dagrun for latest_only to 2024-05-11 08:00:00+00:00, run_after=2024-05-11 12:00:00+00:00
[2024-05-11T15:18:27.321+0000] {processor.py:183} INFO - Processing /home/airflow/.local/lib/python3.12/site-packages/airflow/example_dags/example_latest_only.py took 0.129 seconds
[2024-05-11T15:18:57.457+0000] {processor.py:161} INFO - Started process (PID=101) to work on /home/airflow/.local/lib/python3.12/site-packages/airflow/example_dags/example_latest_only.py
[2024-05-11T15:18:57.458+0000] {processor.py:830} INFO - Processing file /home/airflow/.local/lib/python3.12/site-packages/airflow/example_dags/example_latest_only.py for tasks to queue
[2024-05-11T15:18:57.460+0000] {logging_mixin.py:188} INFO - [2024-05-11T15:18:57.460+0000] {dagbag.py:545} INFO - Filling up the DagBag from /home/airflow/.local/lib/python3.12/site-packages/airflow/example_dags/example_latest_only.py
[2024-05-11T15:18:57.465+0000] {processor.py:840} INFO - DAG(s) 'latest_only' retrieved from /home/airflow/.local/lib/python3.12/site-packages/airflow/example_dags/example_latest_only.py
[2024-05-11T15:18:57.475+0000] {logging_mixin.py:188} INFO - [2024-05-11T15:18:57.475+0000] {dag.py:3096} INFO - Sync 1 DAGs
[2024-05-11T15:18:57.498+0000] {logging_mixin.py:188} INFO - [2024-05-11T15:18:57.498+0000] {dag.py:3954} INFO - Setting next_dagrun for latest_only to 2024-05-11 08:00:00+00:00, run_after=2024-05-11 12:00:00+00:00
[2024-05-11T15:18:57.516+0000] {processor.py:183} INFO - Processing /home/airflow/.local/lib/python3.12/site-packages/airflow/example_dags/example_latest_only.py took 0.064 seconds
[2024-05-11T15:19:28.196+0000] {processor.py:161} INFO - Started process (PID=159) to work on /home/airflow/.local/lib/python3.12/site-packages/airflow/example_dags/example_latest_only.py
[2024-05-11T15:19:28.197+0000] {processor.py:830} INFO - Processing file /home/airflow/.local/lib/python3.12/site-packages/airflow/example_dags/example_latest_only.py for tasks to queue
[2024-05-11T15:19:28.199+0000] {logging_mixin.py:188} INFO - [2024-05-11T15:19:28.198+0000] {dagbag.py:545} INFO - Filling up the DagBag from /home/airflow/.local/lib/python3.12/site-packages/airflow/example_dags/example_latest_only.py
[2024-05-11T15:19:28.202+0000] {processor.py:840} INFO - DAG(s) 'latest_only' retrieved from /home/airflow/.local/lib/python3.12/site-packages/airflow/example_dags/example_latest_only.py
[2024-05-11T15:19:28.296+0000] {logging_mixin.py:188} INFO - [2024-05-11T15:19:28.296+0000] {dag.py:3096} INFO - Sync 1 DAGs
[2024-05-11T15:19:28.314+0000] {logging_mixin.py:188} INFO - [2024-05-11T15:19:28.314+0000] {dag.py:3954} INFO - Setting next_dagrun for latest_only to 2024-05-11 08:00:00+00:00, run_after=2024-05-11 12:00:00+00:00
[2024-05-11T15:19:28.334+0000] {processor.py:183} INFO - Processing /home/airflow/.local/lib/python3.12/site-packages/airflow/example_dags/example_latest_only.py took 0.142 seconds
[2024-05-11T15:19:58.417+0000] {processor.py:161} INFO - Started process (PID=217) to work on /home/airflow/.local/lib/python3.12/site-packages/airflow/example_dags/example_latest_only.py
[2024-05-11T15:19:58.417+0000] {processor.py:830} INFO - Processing file /home/airflow/.local/lib/python3.12/site-packages/airflow/example_dags/example_latest_only.py for tasks to queue
[2024-05-11T15:19:58.419+0000] {logging_mixin.py:188} INFO - [2024-05-11T15:19:58.418+0000] {dagbag.py:545} INFO - Filling up the DagBag from /home/airflow/.local/lib/python3.12/site-packages/airflow/example_dags/example_latest_only.py
[2024-05-11T15:19:58.423+0000] {processor.py:840} INFO - DAG(s) 'latest_only' retrieved from /home/airflow/.local/lib/python3.12/site-packages/airflow/example_dags/example_latest_only.py
[2024-05-11T15:19:58.440+0000] {logging_mixin.py:188} INFO - [2024-05-11T15:19:58.439+0000] {dag.py:3096} INFO - Sync 1 DAGs
[2024-05-11T15:19:58.458+0000] {logging_mixin.py:188} INFO - [2024-05-11T15:19:58.458+0000] {dag.py:3954} INFO - Setting next_dagrun for latest_only to 2024-05-11 08:00:00+00:00, run_after=2024-05-11 12:00:00+00:00
[2024-05-11T15:19:58.475+0000] {processor.py:183} INFO - Processing /home/airflow/.local/lib/python3.12/site-packages/airflow/example_dags/example_latest_only.py took 0.063 seconds
[2024-05-11T15:20:28.628+0000] {processor.py:161} INFO - Started process (PID=275) to work on /home/airflow/.local/lib/python3.12/site-packages/airflow/example_dags/example_latest_only.py
[2024-05-11T15:20:28.630+0000] {processor.py:830} INFO - Processing file /home/airflow/.local/lib/python3.12/site-packages/airflow/example_dags/example_latest_only.py for tasks to queue
[2024-05-11T15:20:28.631+0000] {logging_mixin.py:188} INFO - [2024-05-11T15:20:28.631+0000] {dagbag.py:545} INFO - Filling up the DagBag from /home/airflow/.local/lib/python3.12/site-packages/airflow/example_dags/example_latest_only.py
[2024-05-11T15:20:28.638+0000] {processor.py:840} INFO - DAG(s) 'latest_only' retrieved from /home/airflow/.local/lib/python3.12/site-packages/airflow/example_dags/example_latest_only.py
[2024-05-11T15:20:28.663+0000] {logging_mixin.py:188} INFO - [2024-05-11T15:20:28.662+0000] {dag.py:3096} INFO - Sync 1 DAGs
[2024-05-11T15:20:28.686+0000] {logging_mixin.py:188} INFO - [2024-05-11T15:20:28.686+0000] {dag.py:3954} INFO - Setting next_dagrun for latest_only to 2024-05-11 08:00:00+00:00, run_after=2024-05-11 12:00:00+00:00
[2024-05-11T15:20:28.713+0000] {processor.py:183} INFO - Processing /home/airflow/.local/lib/python3.12/site-packages/airflow/example_dags/example_latest_only.py took 0.090 seconds
[2024-05-11T15:26:49.179+0000] {processor.py:161} INFO - Started process (PID=44) to work on /home/airflow/.local/lib/python3.12/site-packages/airflow/example_dags/example_latest_only.py
[2024-05-11T15:26:49.180+0000] {processor.py:830} INFO - Processing file /home/airflow/.local/lib/python3.12/site-packages/airflow/example_dags/example_latest_only.py for tasks to queue
[2024-05-11T15:26:49.183+0000] {logging_mixin.py:188} INFO - [2024-05-11T15:26:49.182+0000] {dagbag.py:545} INFO - Filling up the DagBag from /home/airflow/.local/lib/python3.12/site-packages/airflow/example_dags/example_latest_only.py
[2024-05-11T15:26:49.188+0000] {processor.py:840} INFO - DAG(s) 'latest_only' retrieved from /home/airflow/.local/lib/python3.12/site-packages/airflow/example_dags/example_latest_only.py
[2024-05-11T15:26:49.306+0000] {logging_mixin.py:188} INFO - [2024-05-11T15:26:49.306+0000] {dag.py:3096} INFO - Sync 1 DAGs
[2024-05-11T15:26:49.364+0000] {logging_mixin.py:188} INFO - [2024-05-11T15:26:49.363+0000] {dag.py:3954} INFO - Setting next_dagrun for latest_only to 2024-05-11 08:00:00+00:00, run_after=2024-05-11 12:00:00+00:00
[2024-05-11T15:26:49.630+0000] {processor.py:183} INFO - Processing /home/airflow/.local/lib/python3.12/site-packages/airflow/example_dags/example_latest_only.py took 0.458 seconds
[2024-05-11T15:27:21.757+0000] {processor.py:161} INFO - Started process (PID=109) to work on /home/airflow/.local/lib/python3.12/site-packages/airflow/example_dags/example_latest_only.py
[2024-05-11T15:27:21.759+0000] {processor.py:830} INFO - Processing file /home/airflow/.local/lib/python3.12/site-packages/airflow/example_dags/example_latest_only.py for tasks to queue
[2024-05-11T15:27:21.761+0000] {logging_mixin.py:188} INFO - [2024-05-11T15:27:21.761+0000] {dagbag.py:545} INFO - Filling up the DagBag from /home/airflow/.local/lib/python3.12/site-packages/airflow/example_dags/example_latest_only.py
[2024-05-11T15:27:21.767+0000] {processor.py:840} INFO - DAG(s) 'latest_only' retrieved from /home/airflow/.local/lib/python3.12/site-packages/airflow/example_dags/example_latest_only.py
[2024-05-11T15:27:21.798+0000] {logging_mixin.py:188} INFO - [2024-05-11T15:27:21.798+0000] {dag.py:3096} INFO - Sync 1 DAGs
[2024-05-11T15:27:21.835+0000] {logging_mixin.py:188} INFO - [2024-05-11T15:27:21.834+0000] {dag.py:3954} INFO - Setting next_dagrun for latest_only to 2024-05-11 08:00:00+00:00, run_after=2024-05-11 12:00:00+00:00
[2024-05-11T15:27:21.860+0000] {processor.py:183} INFO - Processing /home/airflow/.local/lib/python3.12/site-packages/airflow/example_dags/example_latest_only.py took 0.109 seconds
[2024-05-11T15:27:52.182+0000] {processor.py:161} INFO - Started process (PID=167) to work on /home/airflow/.local/lib/python3.12/site-packages/airflow/example_dags/example_latest_only.py
[2024-05-11T15:27:52.184+0000] {processor.py:830} INFO - Processing file /home/airflow/.local/lib/python3.12/site-packages/airflow/example_dags/example_latest_only.py for tasks to queue
[2024-05-11T15:27:52.185+0000] {logging_mixin.py:188} INFO - [2024-05-11T15:27:52.185+0000] {dagbag.py:545} INFO - Filling up the DagBag from /home/airflow/.local/lib/python3.12/site-packages/airflow/example_dags/example_latest_only.py
[2024-05-11T15:27:52.189+0000] {processor.py:840} INFO - DAG(s) 'latest_only' retrieved from /home/airflow/.local/lib/python3.12/site-packages/airflow/example_dags/example_latest_only.py
[2024-05-11T15:27:52.207+0000] {logging_mixin.py:188} INFO - [2024-05-11T15:27:52.206+0000] {dag.py:3096} INFO - Sync 1 DAGs
[2024-05-11T15:27:52.225+0000] {logging_mixin.py:188} INFO - [2024-05-11T15:27:52.225+0000] {dag.py:3954} INFO - Setting next_dagrun for latest_only to 2024-05-11 08:00:00+00:00, run_after=2024-05-11 12:00:00+00:00
[2024-05-11T15:27:52.253+0000] {processor.py:183} INFO - Processing /home/airflow/.local/lib/python3.12/site-packages/airflow/example_dags/example_latest_only.py took 0.075 seconds
[2024-05-11T15:28:22.341+0000] {processor.py:161} INFO - Started process (PID=226) to work on /home/airflow/.local/lib/python3.12/site-packages/airflow/example_dags/example_latest_only.py
[2024-05-11T15:28:22.342+0000] {processor.py:830} INFO - Processing file /home/airflow/.local/lib/python3.12/site-packages/airflow/example_dags/example_latest_only.py for tasks to queue
[2024-05-11T15:28:22.343+0000] {logging_mixin.py:188} INFO - [2024-05-11T15:28:22.343+0000] {dagbag.py:545} INFO - Filling up the DagBag from /home/airflow/.local/lib/python3.12/site-packages/airflow/example_dags/example_latest_only.py
[2024-05-11T15:28:22.347+0000] {processor.py:840} INFO - DAG(s) 'latest_only' retrieved from /home/airflow/.local/lib/python3.12/site-packages/airflow/example_dags/example_latest_only.py
[2024-05-11T15:28:22.364+0000] {logging_mixin.py:188} INFO - [2024-05-11T15:28:22.363+0000] {dag.py:3096} INFO - Sync 1 DAGs
[2024-05-11T15:28:22.383+0000] {logging_mixin.py:188} INFO - [2024-05-11T15:28:22.382+0000] {dag.py:3954} INFO - Setting next_dagrun for latest_only to 2024-05-11 08:00:00+00:00, run_after=2024-05-11 12:00:00+00:00
[2024-05-11T15:28:22.397+0000] {processor.py:183} INFO - Processing /home/airflow/.local/lib/python3.12/site-packages/airflow/example_dags/example_latest_only.py took 0.061 seconds
[2024-05-11T15:28:52.630+0000] {processor.py:161} INFO - Started process (PID=283) to work on /home/airflow/.local/lib/python3.12/site-packages/airflow/example_dags/example_latest_only.py
[2024-05-11T15:28:52.632+0000] {processor.py:830} INFO - Processing file /home/airflow/.local/lib/python3.12/site-packages/airflow/example_dags/example_latest_only.py for tasks to queue
[2024-05-11T15:28:52.633+0000] {logging_mixin.py:188} INFO - [2024-05-11T15:28:52.633+0000] {dagbag.py:545} INFO - Filling up the DagBag from /home/airflow/.local/lib/python3.12/site-packages/airflow/example_dags/example_latest_only.py
[2024-05-11T15:28:52.638+0000] {processor.py:840} INFO - DAG(s) 'latest_only' retrieved from /home/airflow/.local/lib/python3.12/site-packages/airflow/example_dags/example_latest_only.py
[2024-05-11T15:28:52.660+0000] {logging_mixin.py:188} INFO - [2024-05-11T15:28:52.660+0000] {dag.py:3096} INFO - Sync 1 DAGs
[2024-05-11T15:28:52.686+0000] {logging_mixin.py:188} INFO - [2024-05-11T15:28:52.686+0000] {dag.py:3954} INFO - Setting next_dagrun for latest_only to 2024-05-11 08:00:00+00:00, run_after=2024-05-11 12:00:00+00:00
[2024-05-11T15:28:52.708+0000] {processor.py:183} INFO - Processing /home/airflow/.local/lib/python3.12/site-packages/airflow/example_dags/example_latest_only.py took 0.082 seconds
[2024-05-11T15:46:06.372+0000] {processor.py:161} INFO - Started process (PID=43) to work on /home/airflow/.local/lib/python3.12/site-packages/airflow/example_dags/example_latest_only.py
[2024-05-11T15:46:06.375+0000] {processor.py:830} INFO - Processing file /home/airflow/.local/lib/python3.12/site-packages/airflow/example_dags/example_latest_only.py for tasks to queue
[2024-05-11T15:46:06.379+0000] {logging_mixin.py:188} INFO - [2024-05-11T15:46:06.378+0000] {dagbag.py:545} INFO - Filling up the DagBag from /home/airflow/.local/lib/python3.12/site-packages/airflow/example_dags/example_latest_only.py
[2024-05-11T15:46:06.388+0000] {processor.py:840} INFO - DAG(s) 'latest_only' retrieved from /home/airflow/.local/lib/python3.12/site-packages/airflow/example_dags/example_latest_only.py
[2024-05-11T15:46:06.557+0000] {logging_mixin.py:188} INFO - [2024-05-11T15:46:06.556+0000] {dag.py:3096} INFO - Sync 1 DAGs
[2024-05-11T15:46:06.591+0000] {logging_mixin.py:188} INFO - [2024-05-11T15:46:06.591+0000] {dag.py:3954} INFO - Setting next_dagrun for latest_only to 2024-05-11 08:00:00+00:00, run_after=2024-05-11 12:00:00+00:00
[2024-05-11T15:46:06.619+0000] {processor.py:183} INFO - Processing /home/airflow/.local/lib/python3.12/site-packages/airflow/example_dags/example_latest_only.py took 0.256 seconds
[2024-05-11T15:46:36.761+0000] {processor.py:161} INFO - Started process (PID=101) to work on /home/airflow/.local/lib/python3.12/site-packages/airflow/example_dags/example_latest_only.py
[2024-05-11T15:46:36.762+0000] {processor.py:830} INFO - Processing file /home/airflow/.local/lib/python3.12/site-packages/airflow/example_dags/example_latest_only.py for tasks to queue
[2024-05-11T15:46:36.764+0000] {logging_mixin.py:188} INFO - [2024-05-11T15:46:36.763+0000] {dagbag.py:545} INFO - Filling up the DagBag from /home/airflow/.local/lib/python3.12/site-packages/airflow/example_dags/example_latest_only.py
[2024-05-11T15:46:36.770+0000] {processor.py:840} INFO - DAG(s) 'latest_only' retrieved from /home/airflow/.local/lib/python3.12/site-packages/airflow/example_dags/example_latest_only.py
[2024-05-11T15:46:36.790+0000] {logging_mixin.py:188} INFO - [2024-05-11T15:46:36.790+0000] {dag.py:3096} INFO - Sync 1 DAGs
[2024-05-11T15:46:36.815+0000] {logging_mixin.py:188} INFO - [2024-05-11T15:46:36.815+0000] {dag.py:3954} INFO - Setting next_dagrun for latest_only to 2024-05-11 08:00:00+00:00, run_after=2024-05-11 12:00:00+00:00
[2024-05-11T15:46:36.846+0000] {processor.py:183} INFO - Processing /home/airflow/.local/lib/python3.12/site-packages/airflow/example_dags/example_latest_only.py took 0.091 seconds
[2024-05-11T15:47:09.328+0000] {processor.py:161} INFO - Started process (PID=159) to work on /home/airflow/.local/lib/python3.12/site-packages/airflow/example_dags/example_latest_only.py
[2024-05-11T15:47:09.360+0000] {processor.py:830} INFO - Processing file /home/airflow/.local/lib/python3.12/site-packages/airflow/example_dags/example_latest_only.py for tasks to queue
[2024-05-11T15:47:09.362+0000] {logging_mixin.py:188} INFO - [2024-05-11T15:47:09.362+0000] {dagbag.py:545} INFO - Filling up the DagBag from /home/airflow/.local/lib/python3.12/site-packages/airflow/example_dags/example_latest_only.py
[2024-05-11T15:47:09.366+0000] {processor.py:840} INFO - DAG(s) 'latest_only' retrieved from /home/airflow/.local/lib/python3.12/site-packages/airflow/example_dags/example_latest_only.py
[2024-05-11T15:47:09.382+0000] {logging_mixin.py:188} INFO - [2024-05-11T15:47:09.382+0000] {dag.py:3096} INFO - Sync 1 DAGs
[2024-05-11T15:47:09.402+0000] {logging_mixin.py:188} INFO - [2024-05-11T15:47:09.402+0000] {dag.py:3954} INFO - Setting next_dagrun for latest_only to 2024-05-11 08:00:00+00:00, run_after=2024-05-11 12:00:00+00:00
[2024-05-11T15:47:09.602+0000] {processor.py:183} INFO - Processing /home/airflow/.local/lib/python3.12/site-packages/airflow/example_dags/example_latest_only.py took 0.280 seconds
[2024-05-11T15:47:40.257+0000] {processor.py:161} INFO - Started process (PID=217) to work on /home/airflow/.local/lib/python3.12/site-packages/airflow/example_dags/example_latest_only.py
[2024-05-11T15:47:40.268+0000] {processor.py:830} INFO - Processing file /home/airflow/.local/lib/python3.12/site-packages/airflow/example_dags/example_latest_only.py for tasks to queue
[2024-05-11T15:47:40.270+0000] {logging_mixin.py:188} INFO - [2024-05-11T15:47:40.270+0000] {dagbag.py:545} INFO - Filling up the DagBag from /home/airflow/.local/lib/python3.12/site-packages/airflow/example_dags/example_latest_only.py
[2024-05-11T15:47:40.274+0000] {processor.py:840} INFO - DAG(s) 'latest_only' retrieved from /home/airflow/.local/lib/python3.12/site-packages/airflow/example_dags/example_latest_only.py
[2024-05-11T15:47:40.290+0000] {logging_mixin.py:188} INFO - [2024-05-11T15:47:40.290+0000] {dag.py:3096} INFO - Sync 1 DAGs
[2024-05-11T15:47:40.309+0000] {logging_mixin.py:188} INFO - [2024-05-11T15:47:40.309+0000] {dag.py:3954} INFO - Setting next_dagrun for latest_only to 2024-05-11 08:00:00+00:00, run_after=2024-05-11 12:00:00+00:00
[2024-05-11T15:47:40.329+0000] {processor.py:183} INFO - Processing /home/airflow/.local/lib/python3.12/site-packages/airflow/example_dags/example_latest_only.py took 0.076 seconds
[2024-05-11T15:48:10.498+0000] {processor.py:161} INFO - Started process (PID=275) to work on /home/airflow/.local/lib/python3.12/site-packages/airflow/example_dags/example_latest_only.py
[2024-05-11T15:48:10.499+0000] {processor.py:830} INFO - Processing file /home/airflow/.local/lib/python3.12/site-packages/airflow/example_dags/example_latest_only.py for tasks to queue
[2024-05-11T15:48:10.501+0000] {logging_mixin.py:188} INFO - [2024-05-11T15:48:10.501+0000] {dagbag.py:545} INFO - Filling up the DagBag from /home/airflow/.local/lib/python3.12/site-packages/airflow/example_dags/example_latest_only.py
[2024-05-11T15:48:10.506+0000] {processor.py:840} INFO - DAG(s) 'latest_only' retrieved from /home/airflow/.local/lib/python3.12/site-packages/airflow/example_dags/example_latest_only.py
[2024-05-11T15:48:10.530+0000] {logging_mixin.py:188} INFO - [2024-05-11T15:48:10.529+0000] {dag.py:3096} INFO - Sync 1 DAGs
[2024-05-11T15:48:10.554+0000] {logging_mixin.py:188} INFO - [2024-05-11T15:48:10.553+0000] {dag.py:3954} INFO - Setting next_dagrun for latest_only to 2024-05-11 08:00:00+00:00, run_after=2024-05-11 12:00:00+00:00
[2024-05-11T15:48:10.583+0000] {processor.py:183} INFO - Processing /home/airflow/.local/lib/python3.12/site-packages/airflow/example_dags/example_latest_only.py took 0.092 seconds
[2024-05-11T15:48:40.679+0000] {processor.py:161} INFO - Started process (PID=333) to work on /home/airflow/.local/lib/python3.12/site-packages/airflow/example_dags/example_latest_only.py
[2024-05-11T15:48:40.680+0000] {processor.py:830} INFO - Processing file /home/airflow/.local/lib/python3.12/site-packages/airflow/example_dags/example_latest_only.py for tasks to queue
[2024-05-11T15:48:40.682+0000] {logging_mixin.py:188} INFO - [2024-05-11T15:48:40.682+0000] {dagbag.py:545} INFO - Filling up the DagBag from /home/airflow/.local/lib/python3.12/site-packages/airflow/example_dags/example_latest_only.py
[2024-05-11T15:48:40.687+0000] {processor.py:840} INFO - DAG(s) 'latest_only' retrieved from /home/airflow/.local/lib/python3.12/site-packages/airflow/example_dags/example_latest_only.py
[2024-05-11T15:48:40.704+0000] {logging_mixin.py:188} INFO - [2024-05-11T15:48:40.703+0000] {dag.py:3096} INFO - Sync 1 DAGs
[2024-05-11T15:48:40.723+0000] {logging_mixin.py:188} INFO - [2024-05-11T15:48:40.723+0000] {dag.py:3954} INFO - Setting next_dagrun for latest_only to 2024-05-11 08:00:00+00:00, run_after=2024-05-11 12:00:00+00:00
[2024-05-11T15:48:40.739+0000] {processor.py:183} INFO - Processing /home/airflow/.local/lib/python3.12/site-packages/airflow/example_dags/example_latest_only.py took 0.066 seconds
[2024-05-11T15:49:11.317+0000] {processor.py:161} INFO - Started process (PID=391) to work on /home/airflow/.local/lib/python3.12/site-packages/airflow/example_dags/example_latest_only.py
[2024-05-11T15:49:11.318+0000] {processor.py:830} INFO - Processing file /home/airflow/.local/lib/python3.12/site-packages/airflow/example_dags/example_latest_only.py for tasks to queue
[2024-05-11T15:49:11.320+0000] {logging_mixin.py:188} INFO - [2024-05-11T15:49:11.319+0000] {dagbag.py:545} INFO - Filling up the DagBag from /home/airflow/.local/lib/python3.12/site-packages/airflow/example_dags/example_latest_only.py
[2024-05-11T15:49:11.324+0000] {processor.py:840} INFO - DAG(s) 'latest_only' retrieved from /home/airflow/.local/lib/python3.12/site-packages/airflow/example_dags/example_latest_only.py
[2024-05-11T15:49:11.342+0000] {logging_mixin.py:188} INFO - [2024-05-11T15:49:11.342+0000] {dag.py:3096} INFO - Sync 1 DAGs
[2024-05-11T15:49:11.361+0000] {logging_mixin.py:188} INFO - [2024-05-11T15:49:11.361+0000] {dag.py:3954} INFO - Setting next_dagrun for latest_only to 2024-05-11 08:00:00+00:00, run_after=2024-05-11 12:00:00+00:00
[2024-05-11T15:49:11.377+0000] {processor.py:183} INFO - Processing /home/airflow/.local/lib/python3.12/site-packages/airflow/example_dags/example_latest_only.py took 0.065 seconds
[2024-05-11T15:49:41.453+0000] {processor.py:161} INFO - Started process (PID=449) to work on /home/airflow/.local/lib/python3.12/site-packages/airflow/example_dags/example_latest_only.py
[2024-05-11T15:49:41.454+0000] {processor.py:830} INFO - Processing file /home/airflow/.local/lib/python3.12/site-packages/airflow/example_dags/example_latest_only.py for tasks to queue
[2024-05-11T15:49:41.457+0000] {logging_mixin.py:188} INFO - [2024-05-11T15:49:41.456+0000] {dagbag.py:545} INFO - Filling up the DagBag from /home/airflow/.local/lib/python3.12/site-packages/airflow/example_dags/example_latest_only.py
[2024-05-11T15:49:41.464+0000] {processor.py:840} INFO - DAG(s) 'latest_only' retrieved from /home/airflow/.local/lib/python3.12/site-packages/airflow/example_dags/example_latest_only.py
[2024-05-11T15:49:41.486+0000] {logging_mixin.py:188} INFO - [2024-05-11T15:49:41.485+0000] {dag.py:3096} INFO - Sync 1 DAGs
[2024-05-11T15:49:41.508+0000] {logging_mixin.py:188} INFO - [2024-05-11T15:49:41.508+0000] {dag.py:3954} INFO - Setting next_dagrun for latest_only to 2024-05-11 08:00:00+00:00, run_after=2024-05-11 12:00:00+00:00
[2024-05-11T15:49:41.526+0000] {processor.py:183} INFO - Processing /home/airflow/.local/lib/python3.12/site-packages/airflow/example_dags/example_latest_only.py took 0.078 seconds
[2024-05-11T15:50:12.029+0000] {processor.py:161} INFO - Started process (PID=508) to work on /home/airflow/.local/lib/python3.12/site-packages/airflow/example_dags/example_latest_only.py
[2024-05-11T15:50:12.030+0000] {processor.py:830} INFO - Processing file /home/airflow/.local/lib/python3.12/site-packages/airflow/example_dags/example_latest_only.py for tasks to queue
[2024-05-11T15:50:12.032+0000] {logging_mixin.py:188} INFO - [2024-05-11T15:50:12.032+0000] {dagbag.py:545} INFO - Filling up the DagBag from /home/airflow/.local/lib/python3.12/site-packages/airflow/example_dags/example_latest_only.py
[2024-05-11T15:50:12.036+0000] {processor.py:840} INFO - DAG(s) 'latest_only' retrieved from /home/airflow/.local/lib/python3.12/site-packages/airflow/example_dags/example_latest_only.py
[2024-05-11T15:50:12.053+0000] {logging_mixin.py:188} INFO - [2024-05-11T15:50:12.053+0000] {dag.py:3096} INFO - Sync 1 DAGs
[2024-05-11T15:50:12.072+0000] {logging_mixin.py:188} INFO - [2024-05-11T15:50:12.072+0000] {dag.py:3954} INFO - Setting next_dagrun for latest_only to 2024-05-11 08:00:00+00:00, run_after=2024-05-11 12:00:00+00:00
[2024-05-11T15:50:12.090+0000] {processor.py:183} INFO - Processing /home/airflow/.local/lib/python3.12/site-packages/airflow/example_dags/example_latest_only.py took 0.065 seconds
[2024-05-11T15:50:42.336+0000] {processor.py:161} INFO - Started process (PID=566) to work on /home/airflow/.local/lib/python3.12/site-packages/airflow/example_dags/example_latest_only.py
[2024-05-11T15:50:42.337+0000] {processor.py:830} INFO - Processing file /home/airflow/.local/lib/python3.12/site-packages/airflow/example_dags/example_latest_only.py for tasks to queue
[2024-05-11T15:50:42.338+0000] {logging_mixin.py:188} INFO - [2024-05-11T15:50:42.338+0000] {dagbag.py:545} INFO - Filling up the DagBag from /home/airflow/.local/lib/python3.12/site-packages/airflow/example_dags/example_latest_only.py
[2024-05-11T15:50:42.342+0000] {processor.py:840} INFO - DAG(s) 'latest_only' retrieved from /home/airflow/.local/lib/python3.12/site-packages/airflow/example_dags/example_latest_only.py
[2024-05-11T15:50:42.358+0000] {logging_mixin.py:188} INFO - [2024-05-11T15:50:42.358+0000] {dag.py:3096} INFO - Sync 1 DAGs
[2024-05-11T15:50:42.376+0000] {logging_mixin.py:188} INFO - [2024-05-11T15:50:42.376+0000] {dag.py:3954} INFO - Setting next_dagrun for latest_only to 2024-05-11 08:00:00+00:00, run_after=2024-05-11 12:00:00+00:00
[2024-05-11T15:50:42.391+0000] {processor.py:183} INFO - Processing /home/airflow/.local/lib/python3.12/site-packages/airflow/example_dags/example_latest_only.py took 0.060 seconds
[2024-05-11T15:51:12.454+0000] {processor.py:161} INFO - Started process (PID=624) to work on /home/airflow/.local/lib/python3.12/site-packages/airflow/example_dags/example_latest_only.py
[2024-05-11T15:51:12.455+0000] {processor.py:830} INFO - Processing file /home/airflow/.local/lib/python3.12/site-packages/airflow/example_dags/example_latest_only.py for tasks to queue
[2024-05-11T15:51:12.456+0000] {logging_mixin.py:188} INFO - [2024-05-11T15:51:12.456+0000] {dagbag.py:545} INFO - Filling up the DagBag from /home/airflow/.local/lib/python3.12/site-packages/airflow/example_dags/example_latest_only.py
[2024-05-11T15:51:12.460+0000] {processor.py:840} INFO - DAG(s) 'latest_only' retrieved from /home/airflow/.local/lib/python3.12/site-packages/airflow/example_dags/example_latest_only.py
[2024-05-11T15:51:12.475+0000] {logging_mixin.py:188} INFO - [2024-05-11T15:51:12.475+0000] {dag.py:3096} INFO - Sync 1 DAGs
[2024-05-11T15:51:12.493+0000] {logging_mixin.py:188} INFO - [2024-05-11T15:51:12.493+0000] {dag.py:3954} INFO - Setting next_dagrun for latest_only to 2024-05-11 08:00:00+00:00, run_after=2024-05-11 12:00:00+00:00
[2024-05-11T15:51:12.510+0000] {processor.py:183} INFO - Processing /home/airflow/.local/lib/python3.12/site-packages/airflow/example_dags/example_latest_only.py took 0.060 seconds
[2024-05-11T15:51:43.425+0000] {processor.py:161} INFO - Started process (PID=680) to work on /home/airflow/.local/lib/python3.12/site-packages/airflow/example_dags/example_latest_only.py
[2024-05-11T15:51:43.426+0000] {processor.py:830} INFO - Processing file /home/airflow/.local/lib/python3.12/site-packages/airflow/example_dags/example_latest_only.py for tasks to queue
[2024-05-11T15:51:43.427+0000] {logging_mixin.py:188} INFO - [2024-05-11T15:51:43.427+0000] {dagbag.py:545} INFO - Filling up the DagBag from /home/airflow/.local/lib/python3.12/site-packages/airflow/example_dags/example_latest_only.py
[2024-05-11T15:51:43.432+0000] {processor.py:840} INFO - DAG(s) 'latest_only' retrieved from /home/airflow/.local/lib/python3.12/site-packages/airflow/example_dags/example_latest_only.py
[2024-05-11T15:51:43.452+0000] {logging_mixin.py:188} INFO - [2024-05-11T15:51:43.452+0000] {dag.py:3096} INFO - Sync 1 DAGs
[2024-05-11T15:51:43.472+0000] {logging_mixin.py:188} INFO - [2024-05-11T15:51:43.472+0000] {dag.py:3954} INFO - Setting next_dagrun for latest_only to 2024-05-11 08:00:00+00:00, run_after=2024-05-11 12:00:00+00:00
[2024-05-11T15:51:43.490+0000] {processor.py:183} INFO - Processing /home/airflow/.local/lib/python3.12/site-packages/airflow/example_dags/example_latest_only.py took 0.076 seconds
[2024-05-11T15:52:14.031+0000] {processor.py:161} INFO - Started process (PID=738) to work on /home/airflow/.local/lib/python3.12/site-packages/airflow/example_dags/example_latest_only.py
[2024-05-11T15:52:14.034+0000] {processor.py:830} INFO - Processing file /home/airflow/.local/lib/python3.12/site-packages/airflow/example_dags/example_latest_only.py for tasks to queue
[2024-05-11T15:52:14.036+0000] {logging_mixin.py:188} INFO - [2024-05-11T15:52:14.036+0000] {dagbag.py:545} INFO - Filling up the DagBag from /home/airflow/.local/lib/python3.12/site-packages/airflow/example_dags/example_latest_only.py
[2024-05-11T15:52:14.044+0000] {processor.py:840} INFO - DAG(s) 'latest_only' retrieved from /home/airflow/.local/lib/python3.12/site-packages/airflow/example_dags/example_latest_only.py
[2024-05-11T15:52:14.085+0000] {logging_mixin.py:188} INFO - [2024-05-11T15:52:14.085+0000] {dag.py:3096} INFO - Sync 1 DAGs
[2024-05-11T15:52:14.111+0000] {logging_mixin.py:188} INFO - [2024-05-11T15:52:14.111+0000] {dag.py:3954} INFO - Setting next_dagrun for latest_only to 2024-05-11 08:00:00+00:00, run_after=2024-05-11 12:00:00+00:00
[2024-05-11T15:52:14.132+0000] {processor.py:183} INFO - Processing /home/airflow/.local/lib/python3.12/site-packages/airflow/example_dags/example_latest_only.py took 0.108 seconds
[2024-05-11T15:52:44.573+0000] {processor.py:161} INFO - Started process (PID=796) to work on /home/airflow/.local/lib/python3.12/site-packages/airflow/example_dags/example_latest_only.py
[2024-05-11T15:52:44.574+0000] {processor.py:830} INFO - Processing file /home/airflow/.local/lib/python3.12/site-packages/airflow/example_dags/example_latest_only.py for tasks to queue
[2024-05-11T15:52:44.576+0000] {logging_mixin.py:188} INFO - [2024-05-11T15:52:44.575+0000] {dagbag.py:545} INFO - Filling up the DagBag from /home/airflow/.local/lib/python3.12/site-packages/airflow/example_dags/example_latest_only.py
[2024-05-11T15:52:44.580+0000] {processor.py:840} INFO - DAG(s) 'latest_only' retrieved from /home/airflow/.local/lib/python3.12/site-packages/airflow/example_dags/example_latest_only.py
[2024-05-11T15:52:44.597+0000] {logging_mixin.py:188} INFO - [2024-05-11T15:52:44.597+0000] {dag.py:3096} INFO - Sync 1 DAGs
[2024-05-11T15:52:44.618+0000] {logging_mixin.py:188} INFO - [2024-05-11T15:52:44.617+0000] {dag.py:3954} INFO - Setting next_dagrun for latest_only to 2024-05-11 08:00:00+00:00, run_after=2024-05-11 12:00:00+00:00
[2024-05-11T15:52:44.637+0000] {processor.py:183} INFO - Processing /home/airflow/.local/lib/python3.12/site-packages/airflow/example_dags/example_latest_only.py took 0.069 seconds
[2024-05-11T15:53:15.096+0000] {processor.py:161} INFO - Started process (PID=854) to work on /home/airflow/.local/lib/python3.12/site-packages/airflow/example_dags/example_latest_only.py
[2024-05-11T15:53:15.097+0000] {processor.py:830} INFO - Processing file /home/airflow/.local/lib/python3.12/site-packages/airflow/example_dags/example_latest_only.py for tasks to queue
[2024-05-11T15:53:15.100+0000] {logging_mixin.py:188} INFO - [2024-05-11T15:53:15.100+0000] {dagbag.py:545} INFO - Filling up the DagBag from /home/airflow/.local/lib/python3.12/site-packages/airflow/example_dags/example_latest_only.py
[2024-05-11T15:53:15.105+0000] {processor.py:840} INFO - DAG(s) 'latest_only' retrieved from /home/airflow/.local/lib/python3.12/site-packages/airflow/example_dags/example_latest_only.py
[2024-05-11T15:53:15.126+0000] {logging_mixin.py:188} INFO - [2024-05-11T15:53:15.125+0000] {dag.py:3096} INFO - Sync 1 DAGs
[2024-05-11T15:53:15.149+0000] {logging_mixin.py:188} INFO - [2024-05-11T15:53:15.148+0000] {dag.py:3954} INFO - Setting next_dagrun for latest_only to 2024-05-11 08:00:00+00:00, run_after=2024-05-11 12:00:00+00:00
[2024-05-11T15:53:15.175+0000] {processor.py:183} INFO - Processing /home/airflow/.local/lib/python3.12/site-packages/airflow/example_dags/example_latest_only.py took 0.083 seconds
[2024-05-11T15:53:45.924+0000] {processor.py:161} INFO - Started process (PID=912) to work on /home/airflow/.local/lib/python3.12/site-packages/airflow/example_dags/example_latest_only.py
[2024-05-11T15:53:45.926+0000] {processor.py:830} INFO - Processing file /home/airflow/.local/lib/python3.12/site-packages/airflow/example_dags/example_latest_only.py for tasks to queue
[2024-05-11T15:53:45.928+0000] {logging_mixin.py:188} INFO - [2024-05-11T15:53:45.928+0000] {dagbag.py:545} INFO - Filling up the DagBag from /home/airflow/.local/lib/python3.12/site-packages/airflow/example_dags/example_latest_only.py
[2024-05-11T15:53:45.935+0000] {processor.py:840} INFO - DAG(s) 'latest_only' retrieved from /home/airflow/.local/lib/python3.12/site-packages/airflow/example_dags/example_latest_only.py
[2024-05-11T15:53:45.960+0000] {logging_mixin.py:188} INFO - [2024-05-11T15:53:45.959+0000] {dag.py:3096} INFO - Sync 1 DAGs
[2024-05-11T15:53:45.997+0000] {logging_mixin.py:188} INFO - [2024-05-11T15:53:45.996+0000] {dag.py:3954} INFO - Setting next_dagrun for latest_only to 2024-05-11 08:00:00+00:00, run_after=2024-05-11 12:00:00+00:00
[2024-05-11T15:53:46.020+0000] {processor.py:183} INFO - Processing /home/airflow/.local/lib/python3.12/site-packages/airflow/example_dags/example_latest_only.py took 0.101 seconds
[2024-05-11T15:54:16.445+0000] {processor.py:161} INFO - Started process (PID=970) to work on /home/airflow/.local/lib/python3.12/site-packages/airflow/example_dags/example_latest_only.py
[2024-05-11T15:54:16.445+0000] {processor.py:830} INFO - Processing file /home/airflow/.local/lib/python3.12/site-packages/airflow/example_dags/example_latest_only.py for tasks to queue
[2024-05-11T15:54:16.447+0000] {logging_mixin.py:188} INFO - [2024-05-11T15:54:16.447+0000] {dagbag.py:545} INFO - Filling up the DagBag from /home/airflow/.local/lib/python3.12/site-packages/airflow/example_dags/example_latest_only.py
[2024-05-11T15:54:16.451+0000] {processor.py:840} INFO - DAG(s) 'latest_only' retrieved from /home/airflow/.local/lib/python3.12/site-packages/airflow/example_dags/example_latest_only.py
[2024-05-11T15:54:16.467+0000] {logging_mixin.py:188} INFO - [2024-05-11T15:54:16.467+0000] {dag.py:3096} INFO - Sync 1 DAGs
[2024-05-11T15:54:16.487+0000] {logging_mixin.py:188} INFO - [2024-05-11T15:54:16.487+0000] {dag.py:3954} INFO - Setting next_dagrun for latest_only to 2024-05-11 08:00:00+00:00, run_after=2024-05-11 12:00:00+00:00
[2024-05-11T15:54:16.505+0000] {processor.py:183} INFO - Processing /home/airflow/.local/lib/python3.12/site-packages/airflow/example_dags/example_latest_only.py took 0.065 seconds
[2024-05-11T15:54:47.102+0000] {processor.py:161} INFO - Started process (PID=1028) to work on /home/airflow/.local/lib/python3.12/site-packages/airflow/example_dags/example_latest_only.py
[2024-05-11T15:54:47.103+0000] {processor.py:830} INFO - Processing file /home/airflow/.local/lib/python3.12/site-packages/airflow/example_dags/example_latest_only.py for tasks to queue
[2024-05-11T15:54:47.106+0000] {logging_mixin.py:188} INFO - [2024-05-11T15:54:47.105+0000] {dagbag.py:545} INFO - Filling up the DagBag from /home/airflow/.local/lib/python3.12/site-packages/airflow/example_dags/example_latest_only.py
[2024-05-11T15:54:47.111+0000] {processor.py:840} INFO - DAG(s) 'latest_only' retrieved from /home/airflow/.local/lib/python3.12/site-packages/airflow/example_dags/example_latest_only.py
[2024-05-11T15:54:47.136+0000] {logging_mixin.py:188} INFO - [2024-05-11T15:54:47.136+0000] {dag.py:3096} INFO - Sync 1 DAGs
[2024-05-11T15:54:47.159+0000] {logging_mixin.py:188} INFO - [2024-05-11T15:54:47.159+0000] {dag.py:3954} INFO - Setting next_dagrun for latest_only to 2024-05-11 08:00:00+00:00, run_after=2024-05-11 12:00:00+00:00
[2024-05-11T15:54:47.177+0000] {processor.py:183} INFO - Processing /home/airflow/.local/lib/python3.12/site-packages/airflow/example_dags/example_latest_only.py took 0.081 seconds
[2024-05-11T15:55:17.862+0000] {processor.py:161} INFO - Started process (PID=1086) to work on /home/airflow/.local/lib/python3.12/site-packages/airflow/example_dags/example_latest_only.py
[2024-05-11T15:55:17.863+0000] {processor.py:830} INFO - Processing file /home/airflow/.local/lib/python3.12/site-packages/airflow/example_dags/example_latest_only.py for tasks to queue
[2024-05-11T15:55:17.864+0000] {logging_mixin.py:188} INFO - [2024-05-11T15:55:17.864+0000] {dagbag.py:545} INFO - Filling up the DagBag from /home/airflow/.local/lib/python3.12/site-packages/airflow/example_dags/example_latest_only.py
[2024-05-11T15:55:17.868+0000] {processor.py:840} INFO - DAG(s) 'latest_only' retrieved from /home/airflow/.local/lib/python3.12/site-packages/airflow/example_dags/example_latest_only.py
[2024-05-11T15:55:17.888+0000] {logging_mixin.py:188} INFO - [2024-05-11T15:55:17.888+0000] {dag.py:3096} INFO - Sync 1 DAGs
[2024-05-11T15:55:17.911+0000] {logging_mixin.py:188} INFO - [2024-05-11T15:55:17.911+0000] {dag.py:3954} INFO - Setting next_dagrun for latest_only to 2024-05-11 08:00:00+00:00, run_after=2024-05-11 12:00:00+00:00
[2024-05-11T15:55:17.933+0000] {processor.py:183} INFO - Processing /home/airflow/.local/lib/python3.12/site-packages/airflow/example_dags/example_latest_only.py took 0.077 seconds
[2024-05-11T15:55:48.543+0000] {processor.py:161} INFO - Started process (PID=1151) to work on /home/airflow/.local/lib/python3.12/site-packages/airflow/example_dags/example_latest_only.py
[2024-05-11T15:55:48.544+0000] {processor.py:830} INFO - Processing file /home/airflow/.local/lib/python3.12/site-packages/airflow/example_dags/example_latest_only.py for tasks to queue
[2024-05-11T15:55:48.545+0000] {logging_mixin.py:188} INFO - [2024-05-11T15:55:48.545+0000] {dagbag.py:545} INFO - Filling up the DagBag from /home/airflow/.local/lib/python3.12/site-packages/airflow/example_dags/example_latest_only.py
[2024-05-11T15:55:48.549+0000] {processor.py:840} INFO - DAG(s) 'latest_only' retrieved from /home/airflow/.local/lib/python3.12/site-packages/airflow/example_dags/example_latest_only.py
[2024-05-11T15:55:48.565+0000] {logging_mixin.py:188} INFO - [2024-05-11T15:55:48.565+0000] {dag.py:3096} INFO - Sync 1 DAGs
[2024-05-11T15:55:48.587+0000] {logging_mixin.py:188} INFO - [2024-05-11T15:55:48.587+0000] {dag.py:3954} INFO - Setting next_dagrun for latest_only to 2024-05-11 08:00:00+00:00, run_after=2024-05-11 12:00:00+00:00
[2024-05-11T15:55:48.608+0000] {processor.py:183} INFO - Processing /home/airflow/.local/lib/python3.12/site-packages/airflow/example_dags/example_latest_only.py took 0.069 seconds
[2024-05-11T15:56:19.151+0000] {processor.py:161} INFO - Started process (PID=1209) to work on /home/airflow/.local/lib/python3.12/site-packages/airflow/example_dags/example_latest_only.py
[2024-05-11T15:56:19.152+0000] {processor.py:830} INFO - Processing file /home/airflow/.local/lib/python3.12/site-packages/airflow/example_dags/example_latest_only.py for tasks to queue
[2024-05-11T15:56:19.154+0000] {logging_mixin.py:188} INFO - [2024-05-11T15:56:19.153+0000] {dagbag.py:545} INFO - Filling up the DagBag from /home/airflow/.local/lib/python3.12/site-packages/airflow/example_dags/example_latest_only.py
[2024-05-11T15:56:19.159+0000] {processor.py:840} INFO - DAG(s) 'latest_only' retrieved from /home/airflow/.local/lib/python3.12/site-packages/airflow/example_dags/example_latest_only.py
[2024-05-11T15:56:19.179+0000] {logging_mixin.py:188} INFO - [2024-05-11T15:56:19.178+0000] {dag.py:3096} INFO - Sync 1 DAGs
[2024-05-11T15:56:19.201+0000] {logging_mixin.py:188} INFO - [2024-05-11T15:56:19.201+0000] {dag.py:3954} INFO - Setting next_dagrun for latest_only to 2024-05-11 08:00:00+00:00, run_after=2024-05-11 12:00:00+00:00
[2024-05-11T15:56:19.222+0000] {processor.py:183} INFO - Processing /home/airflow/.local/lib/python3.12/site-packages/airflow/example_dags/example_latest_only.py took 0.075 seconds
[2024-05-11T15:56:49.803+0000] {processor.py:161} INFO - Started process (PID=1267) to work on /home/airflow/.local/lib/python3.12/site-packages/airflow/example_dags/example_latest_only.py
[2024-05-11T15:56:49.804+0000] {processor.py:830} INFO - Processing file /home/airflow/.local/lib/python3.12/site-packages/airflow/example_dags/example_latest_only.py for tasks to queue
[2024-05-11T15:56:49.806+0000] {logging_mixin.py:188} INFO - [2024-05-11T15:56:49.806+0000] {dagbag.py:545} INFO - Filling up the DagBag from /home/airflow/.local/lib/python3.12/site-packages/airflow/example_dags/example_latest_only.py
[2024-05-11T15:56:49.810+0000] {processor.py:840} INFO - DAG(s) 'latest_only' retrieved from /home/airflow/.local/lib/python3.12/site-packages/airflow/example_dags/example_latest_only.py
[2024-05-11T15:56:49.829+0000] {logging_mixin.py:188} INFO - [2024-05-11T15:56:49.829+0000] {dag.py:3096} INFO - Sync 1 DAGs
[2024-05-11T15:56:49.857+0000] {logging_mixin.py:188} INFO - [2024-05-11T15:56:49.857+0000] {dag.py:3954} INFO - Setting next_dagrun for latest_only to 2024-05-11 08:00:00+00:00, run_after=2024-05-11 12:00:00+00:00
[2024-05-11T15:56:49.879+0000] {processor.py:183} INFO - Processing /home/airflow/.local/lib/python3.12/site-packages/airflow/example_dags/example_latest_only.py took 0.080 seconds
[2024-05-11T16:03:40.782+0000] {processor.py:161} INFO - Started process (PID=43) to work on /home/airflow/.local/lib/python3.12/site-packages/airflow/example_dags/example_latest_only.py
[2024-05-11T16:03:40.784+0000] {processor.py:830} INFO - Processing file /home/airflow/.local/lib/python3.12/site-packages/airflow/example_dags/example_latest_only.py for tasks to queue
[2024-05-11T16:03:40.786+0000] {logging_mixin.py:188} INFO - [2024-05-11T16:03:40.786+0000] {dagbag.py:545} INFO - Filling up the DagBag from /home/airflow/.local/lib/python3.12/site-packages/airflow/example_dags/example_latest_only.py
[2024-05-11T16:03:40.795+0000] {processor.py:840} INFO - DAG(s) 'latest_only' retrieved from /home/airflow/.local/lib/python3.12/site-packages/airflow/example_dags/example_latest_only.py
[2024-05-11T16:03:40.813+0000] {logging_mixin.py:188} INFO - [2024-05-11T16:03:40.813+0000] {dag.py:3096} INFO - Sync 1 DAGs
[2024-05-11T16:03:40.853+0000] {logging_mixin.py:188} INFO - [2024-05-11T16:03:40.852+0000] {dag.py:3954} INFO - Setting next_dagrun for latest_only to 2024-05-11 12:00:00+00:00, run_after=2024-05-11 16:00:00+00:00
[2024-05-11T16:03:40.880+0000] {processor.py:183} INFO - Processing /home/airflow/.local/lib/python3.12/site-packages/airflow/example_dags/example_latest_only.py took 0.106 seconds
[2024-05-11T16:04:11.273+0000] {processor.py:161} INFO - Started process (PID=101) to work on /home/airflow/.local/lib/python3.12/site-packages/airflow/example_dags/example_latest_only.py
[2024-05-11T16:04:11.274+0000] {processor.py:830} INFO - Processing file /home/airflow/.local/lib/python3.12/site-packages/airflow/example_dags/example_latest_only.py for tasks to queue
[2024-05-11T16:04:11.276+0000] {logging_mixin.py:188} INFO - [2024-05-11T16:04:11.276+0000] {dagbag.py:545} INFO - Filling up the DagBag from /home/airflow/.local/lib/python3.12/site-packages/airflow/example_dags/example_latest_only.py
[2024-05-11T16:04:11.280+0000] {processor.py:840} INFO - DAG(s) 'latest_only' retrieved from /home/airflow/.local/lib/python3.12/site-packages/airflow/example_dags/example_latest_only.py
[2024-05-11T16:04:11.385+0000] {logging_mixin.py:188} INFO - [2024-05-11T16:04:11.385+0000] {dag.py:3096} INFO - Sync 1 DAGs
[2024-05-11T16:04:11.405+0000] {logging_mixin.py:188} INFO - [2024-05-11T16:04:11.404+0000] {dag.py:3954} INFO - Setting next_dagrun for latest_only to 2024-05-11 12:00:00+00:00, run_after=2024-05-11 16:00:00+00:00
[2024-05-11T16:04:11.423+0000] {processor.py:183} INFO - Processing /home/airflow/.local/lib/python3.12/site-packages/airflow/example_dags/example_latest_only.py took 0.156 seconds
[2024-05-11T16:04:41.517+0000] {processor.py:161} INFO - Started process (PID=159) to work on /home/airflow/.local/lib/python3.12/site-packages/airflow/example_dags/example_latest_only.py
[2024-05-11T16:04:41.518+0000] {processor.py:830} INFO - Processing file /home/airflow/.local/lib/python3.12/site-packages/airflow/example_dags/example_latest_only.py for tasks to queue
[2024-05-11T16:04:41.520+0000] {logging_mixin.py:188} INFO - [2024-05-11T16:04:41.519+0000] {dagbag.py:545} INFO - Filling up the DagBag from /home/airflow/.local/lib/python3.12/site-packages/airflow/example_dags/example_latest_only.py
[2024-05-11T16:04:41.524+0000] {processor.py:840} INFO - DAG(s) 'latest_only' retrieved from /home/airflow/.local/lib/python3.12/site-packages/airflow/example_dags/example_latest_only.py
[2024-05-11T16:04:41.541+0000] {logging_mixin.py:188} INFO - [2024-05-11T16:04:41.540+0000] {dag.py:3096} INFO - Sync 1 DAGs
[2024-05-11T16:04:41.561+0000] {logging_mixin.py:188} INFO - [2024-05-11T16:04:41.561+0000] {dag.py:3954} INFO - Setting next_dagrun for latest_only to 2024-05-11 12:00:00+00:00, run_after=2024-05-11 16:00:00+00:00
[2024-05-11T16:04:41.577+0000] {processor.py:183} INFO - Processing /home/airflow/.local/lib/python3.12/site-packages/airflow/example_dags/example_latest_only.py took 0.065 seconds
[2024-05-11T16:05:11.614+0000] {processor.py:161} INFO - Started process (PID=217) to work on /home/airflow/.local/lib/python3.12/site-packages/airflow/example_dags/example_latest_only.py
[2024-05-11T16:05:11.615+0000] {processor.py:830} INFO - Processing file /home/airflow/.local/lib/python3.12/site-packages/airflow/example_dags/example_latest_only.py for tasks to queue
[2024-05-11T16:05:11.617+0000] {logging_mixin.py:188} INFO - [2024-05-11T16:05:11.616+0000] {dagbag.py:545} INFO - Filling up the DagBag from /home/airflow/.local/lib/python3.12/site-packages/airflow/example_dags/example_latest_only.py
[2024-05-11T16:05:11.620+0000] {processor.py:840} INFO - DAG(s) 'latest_only' retrieved from /home/airflow/.local/lib/python3.12/site-packages/airflow/example_dags/example_latest_only.py
[2024-05-11T16:05:11.636+0000] {logging_mixin.py:188} INFO - [2024-05-11T16:05:11.636+0000] {dag.py:3096} INFO - Sync 1 DAGs
[2024-05-11T16:05:11.657+0000] {logging_mixin.py:188} INFO - [2024-05-11T16:05:11.657+0000] {dag.py:3954} INFO - Setting next_dagrun for latest_only to 2024-05-11 12:00:00+00:00, run_after=2024-05-11 16:00:00+00:00
[2024-05-11T16:05:11.673+0000] {processor.py:183} INFO - Processing /home/airflow/.local/lib/python3.12/site-packages/airflow/example_dags/example_latest_only.py took 0.063 seconds
[2024-05-11T16:05:42.559+0000] {processor.py:161} INFO - Started process (PID=275) to work on /home/airflow/.local/lib/python3.12/site-packages/airflow/example_dags/example_latest_only.py
[2024-05-11T16:05:42.560+0000] {processor.py:830} INFO - Processing file /home/airflow/.local/lib/python3.12/site-packages/airflow/example_dags/example_latest_only.py for tasks to queue
[2024-05-11T16:05:42.561+0000] {logging_mixin.py:188} INFO - [2024-05-11T16:05:42.561+0000] {dagbag.py:545} INFO - Filling up the DagBag from /home/airflow/.local/lib/python3.12/site-packages/airflow/example_dags/example_latest_only.py
[2024-05-11T16:05:42.565+0000] {processor.py:840} INFO - DAG(s) 'latest_only' retrieved from /home/airflow/.local/lib/python3.12/site-packages/airflow/example_dags/example_latest_only.py
[2024-05-11T16:05:42.628+0000] {logging_mixin.py:188} INFO - [2024-05-11T16:05:42.628+0000] {dag.py:3096} INFO - Sync 1 DAGs
[2024-05-11T16:05:42.646+0000] {logging_mixin.py:188} INFO - [2024-05-11T16:05:42.646+0000] {dag.py:3954} INFO - Setting next_dagrun for latest_only to 2024-05-11 12:00:00+00:00, run_after=2024-05-11 16:00:00+00:00
[2024-05-11T16:05:42.771+0000] {processor.py:183} INFO - Processing /home/airflow/.local/lib/python3.12/site-packages/airflow/example_dags/example_latest_only.py took 0.217 seconds
