[2024-05-11T11:30:36.235+0000] {processor.py:161} INFO - Started process (PID=63) to work on /home/airflow/.local/lib/python3.12/site-packages/airflow/example_dags/example_complex.py
[2024-05-11T11:30:36.237+0000] {processor.py:830} INFO - Processing file /home/airflow/.local/lib/python3.12/site-packages/airflow/example_dags/example_complex.py for tasks to queue
[2024-05-11T11:30:36.317+0000] {logging_mixin.py:188} INFO - [2024-05-11T11:30:36.241+0000] {dagbag.py:545} INFO - Filling up the DagBag from /home/airflow/.local/lib/python3.12/site-packages/airflow/example_dags/example_complex.py
[2024-05-11T11:30:36.417+0000] {processor.py:840} INFO - DAG(s) 'example_complex' retrieved from /home/airflow/.local/lib/python3.12/site-packages/airflow/example_dags/example_complex.py
[2024-05-11T11:30:37.319+0000] {logging_mixin.py:188} INFO - [2024-05-11T11:30:37.316+0000] {override.py:1829} INFO - Created Permission View: can edit on DAG:example_complex
[2024-05-11T11:30:37.341+0000] {logging_mixin.py:188} INFO - [2024-05-11T11:30:37.340+0000] {override.py:1829} INFO - Created Permission View: can read on DAG:example_complex
[2024-05-11T11:30:37.354+0000] {logging_mixin.py:188} INFO - [2024-05-11T11:30:37.353+0000] {override.py:1829} INFO - Created Permission View: can delete on DAG:example_complex
[2024-05-11T11:30:37.355+0000] {logging_mixin.py:188} INFO - [2024-05-11T11:30:37.355+0000] {dag.py:3096} INFO - Sync 1 DAGs
[2024-05-11T11:30:37.407+0000] {logging_mixin.py:188} INFO - [2024-05-11T11:30:37.406+0000] {dag.py:3118} INFO - Creating ORM DAG for example_complex
[2024-05-11T11:30:37.416+0000] {logging_mixin.py:188} INFO - [2024-05-11T11:30:37.415+0000] {dag.py:3954} INFO - Setting next_dagrun for example_complex to None, run_after=None
[2024-05-11T11:30:37.494+0000] {processor.py:183} INFO - Processing /home/airflow/.local/lib/python3.12/site-packages/airflow/example_dags/example_complex.py took 1.315 seconds
[2024-05-11T11:31:13.392+0000] {processor.py:161} INFO - Started process (PID=121) to work on /home/airflow/.local/lib/python3.12/site-packages/airflow/example_dags/example_complex.py
[2024-05-11T11:31:13.404+0000] {processor.py:830} INFO - Processing file /home/airflow/.local/lib/python3.12/site-packages/airflow/example_dags/example_complex.py for tasks to queue
[2024-05-11T11:31:13.406+0000] {logging_mixin.py:188} INFO - [2024-05-11T11:31:13.406+0000] {dagbag.py:545} INFO - Filling up the DagBag from /home/airflow/.local/lib/python3.12/site-packages/airflow/example_dags/example_complex.py
[2024-05-11T11:31:13.419+0000] {processor.py:840} INFO - DAG(s) 'example_complex' retrieved from /home/airflow/.local/lib/python3.12/site-packages/airflow/example_dags/example_complex.py
[2024-05-11T11:31:13.457+0000] {logging_mixin.py:188} INFO - [2024-05-11T11:31:13.456+0000] {dag.py:3096} INFO - Sync 1 DAGs
[2024-05-11T11:31:13.475+0000] {logging_mixin.py:188} INFO - [2024-05-11T11:31:13.475+0000] {dag.py:3954} INFO - Setting next_dagrun for example_complex to None, run_after=None
[2024-05-11T11:31:13.504+0000] {processor.py:183} INFO - Processing /home/airflow/.local/lib/python3.12/site-packages/airflow/example_dags/example_complex.py took 0.117 seconds
[2024-05-11T11:31:43.690+0000] {processor.py:161} INFO - Started process (PID=177) to work on /home/airflow/.local/lib/python3.12/site-packages/airflow/example_dags/example_complex.py
[2024-05-11T11:31:43.692+0000] {processor.py:830} INFO - Processing file /home/airflow/.local/lib/python3.12/site-packages/airflow/example_dags/example_complex.py for tasks to queue
[2024-05-11T11:31:43.693+0000] {logging_mixin.py:188} INFO - [2024-05-11T11:31:43.693+0000] {dagbag.py:545} INFO - Filling up the DagBag from /home/airflow/.local/lib/python3.12/site-packages/airflow/example_dags/example_complex.py
[2024-05-11T11:31:43.705+0000] {processor.py:840} INFO - DAG(s) 'example_complex' retrieved from /home/airflow/.local/lib/python3.12/site-packages/airflow/example_dags/example_complex.py
[2024-05-11T11:31:43.737+0000] {logging_mixin.py:188} INFO - [2024-05-11T11:31:43.737+0000] {dag.py:3096} INFO - Sync 1 DAGs
[2024-05-11T11:31:43.750+0000] {logging_mixin.py:188} INFO - [2024-05-11T11:31:43.750+0000] {dag.py:3954} INFO - Setting next_dagrun for example_complex to None, run_after=None
[2024-05-11T11:31:43.769+0000] {processor.py:183} INFO - Processing /home/airflow/.local/lib/python3.12/site-packages/airflow/example_dags/example_complex.py took 0.085 seconds
[2024-05-11T11:32:14.726+0000] {processor.py:161} INFO - Started process (PID=235) to work on /home/airflow/.local/lib/python3.12/site-packages/airflow/example_dags/example_complex.py
[2024-05-11T11:32:14.727+0000] {processor.py:830} INFO - Processing file /home/airflow/.local/lib/python3.12/site-packages/airflow/example_dags/example_complex.py for tasks to queue
[2024-05-11T11:32:14.728+0000] {logging_mixin.py:188} INFO - [2024-05-11T11:32:14.728+0000] {dagbag.py:545} INFO - Filling up the DagBag from /home/airflow/.local/lib/python3.12/site-packages/airflow/example_dags/example_complex.py
[2024-05-11T11:32:14.738+0000] {processor.py:840} INFO - DAG(s) 'example_complex' retrieved from /home/airflow/.local/lib/python3.12/site-packages/airflow/example_dags/example_complex.py
[2024-05-11T11:32:14.767+0000] {logging_mixin.py:188} INFO - [2024-05-11T11:32:14.767+0000] {dag.py:3096} INFO - Sync 1 DAGs
[2024-05-11T11:32:14.781+0000] {logging_mixin.py:188} INFO - [2024-05-11T11:32:14.780+0000] {dag.py:3954} INFO - Setting next_dagrun for example_complex to None, run_after=None
[2024-05-11T11:32:14.798+0000] {processor.py:183} INFO - Processing /home/airflow/.local/lib/python3.12/site-packages/airflow/example_dags/example_complex.py took 0.077 seconds
[2024-05-11T11:32:44.847+0000] {processor.py:161} INFO - Started process (PID=293) to work on /home/airflow/.local/lib/python3.12/site-packages/airflow/example_dags/example_complex.py
[2024-05-11T11:32:44.848+0000] {processor.py:830} INFO - Processing file /home/airflow/.local/lib/python3.12/site-packages/airflow/example_dags/example_complex.py for tasks to queue
[2024-05-11T11:32:44.850+0000] {logging_mixin.py:188} INFO - [2024-05-11T11:32:44.850+0000] {dagbag.py:545} INFO - Filling up the DagBag from /home/airflow/.local/lib/python3.12/site-packages/airflow/example_dags/example_complex.py
[2024-05-11T11:32:44.860+0000] {processor.py:840} INFO - DAG(s) 'example_complex' retrieved from /home/airflow/.local/lib/python3.12/site-packages/airflow/example_dags/example_complex.py
[2024-05-11T11:32:44.891+0000] {logging_mixin.py:188} INFO - [2024-05-11T11:32:44.891+0000] {dag.py:3096} INFO - Sync 1 DAGs
[2024-05-11T11:32:44.905+0000] {logging_mixin.py:188} INFO - [2024-05-11T11:32:44.904+0000] {dag.py:3954} INFO - Setting next_dagrun for example_complex to None, run_after=None
[2024-05-11T11:32:44.925+0000] {processor.py:183} INFO - Processing /home/airflow/.local/lib/python3.12/site-packages/airflow/example_dags/example_complex.py took 0.083 seconds
[2024-05-11T11:33:15.393+0000] {processor.py:161} INFO - Started process (PID=351) to work on /home/airflow/.local/lib/python3.12/site-packages/airflow/example_dags/example_complex.py
[2024-05-11T11:33:15.394+0000] {processor.py:830} INFO - Processing file /home/airflow/.local/lib/python3.12/site-packages/airflow/example_dags/example_complex.py for tasks to queue
[2024-05-11T11:33:15.396+0000] {logging_mixin.py:188} INFO - [2024-05-11T11:33:15.396+0000] {dagbag.py:545} INFO - Filling up the DagBag from /home/airflow/.local/lib/python3.12/site-packages/airflow/example_dags/example_complex.py
[2024-05-11T11:33:15.407+0000] {processor.py:840} INFO - DAG(s) 'example_complex' retrieved from /home/airflow/.local/lib/python3.12/site-packages/airflow/example_dags/example_complex.py
[2024-05-11T11:33:15.439+0000] {logging_mixin.py:188} INFO - [2024-05-11T11:33:15.439+0000] {dag.py:3096} INFO - Sync 1 DAGs
[2024-05-11T11:33:15.455+0000] {logging_mixin.py:188} INFO - [2024-05-11T11:33:15.455+0000] {dag.py:3954} INFO - Setting next_dagrun for example_complex to None, run_after=None
[2024-05-11T11:33:15.477+0000] {processor.py:183} INFO - Processing /home/airflow/.local/lib/python3.12/site-packages/airflow/example_dags/example_complex.py took 0.089 seconds
[2024-05-11T11:33:46.173+0000] {processor.py:161} INFO - Started process (PID=409) to work on /home/airflow/.local/lib/python3.12/site-packages/airflow/example_dags/example_complex.py
[2024-05-11T11:33:46.179+0000] {processor.py:830} INFO - Processing file /home/airflow/.local/lib/python3.12/site-packages/airflow/example_dags/example_complex.py for tasks to queue
[2024-05-11T11:33:46.181+0000] {logging_mixin.py:188} INFO - [2024-05-11T11:33:46.181+0000] {dagbag.py:545} INFO - Filling up the DagBag from /home/airflow/.local/lib/python3.12/site-packages/airflow/example_dags/example_complex.py
[2024-05-11T11:33:46.192+0000] {processor.py:840} INFO - DAG(s) 'example_complex' retrieved from /home/airflow/.local/lib/python3.12/site-packages/airflow/example_dags/example_complex.py
[2024-05-11T11:33:46.229+0000] {logging_mixin.py:188} INFO - [2024-05-11T11:33:46.229+0000] {dag.py:3096} INFO - Sync 1 DAGs
[2024-05-11T11:33:46.244+0000] {logging_mixin.py:188} INFO - [2024-05-11T11:33:46.243+0000] {dag.py:3954} INFO - Setting next_dagrun for example_complex to None, run_after=None
[2024-05-11T11:33:46.274+0000] {processor.py:183} INFO - Processing /home/airflow/.local/lib/python3.12/site-packages/airflow/example_dags/example_complex.py took 0.107 seconds
[2024-05-11T11:34:17.019+0000] {processor.py:161} INFO - Started process (PID=467) to work on /home/airflow/.local/lib/python3.12/site-packages/airflow/example_dags/example_complex.py
[2024-05-11T11:34:17.021+0000] {processor.py:830} INFO - Processing file /home/airflow/.local/lib/python3.12/site-packages/airflow/example_dags/example_complex.py for tasks to queue
[2024-05-11T11:34:17.023+0000] {logging_mixin.py:188} INFO - [2024-05-11T11:34:17.022+0000] {dagbag.py:545} INFO - Filling up the DagBag from /home/airflow/.local/lib/python3.12/site-packages/airflow/example_dags/example_complex.py
[2024-05-11T11:34:17.036+0000] {processor.py:840} INFO - DAG(s) 'example_complex' retrieved from /home/airflow/.local/lib/python3.12/site-packages/airflow/example_dags/example_complex.py
[2024-05-11T11:34:17.057+0000] {logging_mixin.py:188} INFO - [2024-05-11T11:34:17.056+0000] {dag.py:3096} INFO - Sync 1 DAGs
[2024-05-11T11:34:17.074+0000] {logging_mixin.py:188} INFO - [2024-05-11T11:34:17.073+0000] {dag.py:3954} INFO - Setting next_dagrun for example_complex to None, run_after=None
[2024-05-11T11:34:17.109+0000] {processor.py:183} INFO - Processing /home/airflow/.local/lib/python3.12/site-packages/airflow/example_dags/example_complex.py took 0.098 seconds
[2024-05-11T11:34:47.688+0000] {processor.py:161} INFO - Started process (PID=525) to work on /home/airflow/.local/lib/python3.12/site-packages/airflow/example_dags/example_complex.py
[2024-05-11T11:34:47.689+0000] {processor.py:830} INFO - Processing file /home/airflow/.local/lib/python3.12/site-packages/airflow/example_dags/example_complex.py for tasks to queue
[2024-05-11T11:34:47.691+0000] {logging_mixin.py:188} INFO - [2024-05-11T11:34:47.690+0000] {dagbag.py:545} INFO - Filling up the DagBag from /home/airflow/.local/lib/python3.12/site-packages/airflow/example_dags/example_complex.py
[2024-05-11T11:34:47.700+0000] {processor.py:840} INFO - DAG(s) 'example_complex' retrieved from /home/airflow/.local/lib/python3.12/site-packages/airflow/example_dags/example_complex.py
[2024-05-11T11:34:47.804+0000] {logging_mixin.py:188} INFO - [2024-05-11T11:34:47.804+0000] {dag.py:3096} INFO - Sync 1 DAGs
[2024-05-11T11:34:47.815+0000] {logging_mixin.py:188} INFO - [2024-05-11T11:34:47.814+0000] {dag.py:3954} INFO - Setting next_dagrun for example_complex to None, run_after=None
[2024-05-11T11:34:47.833+0000] {processor.py:183} INFO - Processing /home/airflow/.local/lib/python3.12/site-packages/airflow/example_dags/example_complex.py took 0.149 seconds
[2024-05-11T15:07:41.148+0000] {processor.py:161} INFO - Started process (PID=45) to work on /home/airflow/.local/lib/python3.12/site-packages/airflow/example_dags/example_complex.py
[2024-05-11T15:07:41.150+0000] {processor.py:830} INFO - Processing file /home/airflow/.local/lib/python3.12/site-packages/airflow/example_dags/example_complex.py for tasks to queue
[2024-05-11T15:07:41.152+0000] {logging_mixin.py:188} INFO - [2024-05-11T15:07:41.152+0000] {dagbag.py:545} INFO - Filling up the DagBag from /home/airflow/.local/lib/python3.12/site-packages/airflow/example_dags/example_complex.py
[2024-05-11T15:07:41.166+0000] {processor.py:840} INFO - DAG(s) 'example_complex' retrieved from /home/airflow/.local/lib/python3.12/site-packages/airflow/example_dags/example_complex.py
[2024-05-11T15:07:41.208+0000] {logging_mixin.py:188} INFO - [2024-05-11T15:07:41.207+0000] {dag.py:3096} INFO - Sync 1 DAGs
[2024-05-11T15:07:41.225+0000] {logging_mixin.py:188} INFO - [2024-05-11T15:07:41.225+0000] {dag.py:3954} INFO - Setting next_dagrun for example_complex to None, run_after=None
[2024-05-11T15:07:41.248+0000] {processor.py:183} INFO - Processing /home/airflow/.local/lib/python3.12/site-packages/airflow/example_dags/example_complex.py took 0.109 seconds
[2024-05-11T15:08:11.353+0000] {processor.py:161} INFO - Started process (PID=103) to work on /home/airflow/.local/lib/python3.12/site-packages/airflow/example_dags/example_complex.py
[2024-05-11T15:08:11.354+0000] {processor.py:830} INFO - Processing file /home/airflow/.local/lib/python3.12/site-packages/airflow/example_dags/example_complex.py for tasks to queue
[2024-05-11T15:08:11.356+0000] {logging_mixin.py:188} INFO - [2024-05-11T15:08:11.356+0000] {dagbag.py:545} INFO - Filling up the DagBag from /home/airflow/.local/lib/python3.12/site-packages/airflow/example_dags/example_complex.py
[2024-05-11T15:08:11.366+0000] {processor.py:840} INFO - DAG(s) 'example_complex' retrieved from /home/airflow/.local/lib/python3.12/site-packages/airflow/example_dags/example_complex.py
[2024-05-11T15:08:11.407+0000] {logging_mixin.py:188} INFO - [2024-05-11T15:08:11.407+0000] {dag.py:3096} INFO - Sync 1 DAGs
[2024-05-11T15:08:11.423+0000] {logging_mixin.py:188} INFO - [2024-05-11T15:08:11.422+0000] {dag.py:3954} INFO - Setting next_dagrun for example_complex to None, run_after=None
[2024-05-11T15:08:11.443+0000] {processor.py:183} INFO - Processing /home/airflow/.local/lib/python3.12/site-packages/airflow/example_dags/example_complex.py took 0.095 seconds
[2024-05-11T15:18:27.349+0000] {processor.py:161} INFO - Started process (PID=45) to work on /home/airflow/.local/lib/python3.12/site-packages/airflow/example_dags/example_complex.py
[2024-05-11T15:18:27.350+0000] {processor.py:830} INFO - Processing file /home/airflow/.local/lib/python3.12/site-packages/airflow/example_dags/example_complex.py for tasks to queue
[2024-05-11T15:18:27.352+0000] {logging_mixin.py:188} INFO - [2024-05-11T15:18:27.352+0000] {dagbag.py:545} INFO - Filling up the DagBag from /home/airflow/.local/lib/python3.12/site-packages/airflow/example_dags/example_complex.py
[2024-05-11T15:18:27.360+0000] {processor.py:840} INFO - DAG(s) 'example_complex' retrieved from /home/airflow/.local/lib/python3.12/site-packages/airflow/example_dags/example_complex.py
[2024-05-11T15:18:27.370+0000] {logging_mixin.py:188} INFO - [2024-05-11T15:18:27.369+0000] {dag.py:3096} INFO - Sync 1 DAGs
[2024-05-11T15:18:27.391+0000] {logging_mixin.py:188} INFO - [2024-05-11T15:18:27.390+0000] {dag.py:3954} INFO - Setting next_dagrun for example_complex to None, run_after=None
[2024-05-11T15:18:27.450+0000] {processor.py:183} INFO - Processing /home/airflow/.local/lib/python3.12/site-packages/airflow/example_dags/example_complex.py took 0.105 seconds
[2024-05-11T15:18:57.500+0000] {processor.py:161} INFO - Started process (PID=102) to work on /home/airflow/.local/lib/python3.12/site-packages/airflow/example_dags/example_complex.py
[2024-05-11T15:18:57.501+0000] {processor.py:830} INFO - Processing file /home/airflow/.local/lib/python3.12/site-packages/airflow/example_dags/example_complex.py for tasks to queue
[2024-05-11T15:18:57.503+0000] {logging_mixin.py:188} INFO - [2024-05-11T15:18:57.503+0000] {dagbag.py:545} INFO - Filling up the DagBag from /home/airflow/.local/lib/python3.12/site-packages/airflow/example_dags/example_complex.py
[2024-05-11T15:18:57.514+0000] {processor.py:840} INFO - DAG(s) 'example_complex' retrieved from /home/airflow/.local/lib/python3.12/site-packages/airflow/example_dags/example_complex.py
[2024-05-11T15:18:57.526+0000] {logging_mixin.py:188} INFO - [2024-05-11T15:18:57.525+0000] {dag.py:3096} INFO - Sync 1 DAGs
[2024-05-11T15:18:57.539+0000] {logging_mixin.py:188} INFO - [2024-05-11T15:18:57.539+0000] {dag.py:3954} INFO - Setting next_dagrun for example_complex to None, run_after=None
[2024-05-11T15:18:57.560+0000] {processor.py:183} INFO - Processing /home/airflow/.local/lib/python3.12/site-packages/airflow/example_dags/example_complex.py took 0.064 seconds
[2024-05-11T15:19:28.374+0000] {processor.py:161} INFO - Started process (PID=161) to work on /home/airflow/.local/lib/python3.12/site-packages/airflow/example_dags/example_complex.py
[2024-05-11T15:19:28.375+0000] {processor.py:830} INFO - Processing file /home/airflow/.local/lib/python3.12/site-packages/airflow/example_dags/example_complex.py for tasks to queue
[2024-05-11T15:19:28.377+0000] {logging_mixin.py:188} INFO - [2024-05-11T15:19:28.376+0000] {dagbag.py:545} INFO - Filling up the DagBag from /home/airflow/.local/lib/python3.12/site-packages/airflow/example_dags/example_complex.py
[2024-05-11T15:19:28.385+0000] {processor.py:840} INFO - DAG(s) 'example_complex' retrieved from /home/airflow/.local/lib/python3.12/site-packages/airflow/example_dags/example_complex.py
[2024-05-11T15:19:28.484+0000] {logging_mixin.py:188} INFO - [2024-05-11T15:19:28.484+0000] {dag.py:3096} INFO - Sync 1 DAGs
[2024-05-11T15:19:28.493+0000] {logging_mixin.py:188} INFO - [2024-05-11T15:19:28.493+0000] {dag.py:3954} INFO - Setting next_dagrun for example_complex to None, run_after=None
[2024-05-11T15:19:28.511+0000] {processor.py:183} INFO - Processing /home/airflow/.local/lib/python3.12/site-packages/airflow/example_dags/example_complex.py took 0.143 seconds
[2024-05-11T15:19:59.437+0000] {processor.py:161} INFO - Started process (PID=219) to work on /home/airflow/.local/lib/python3.12/site-packages/airflow/example_dags/example_complex.py
[2024-05-11T15:19:59.438+0000] {processor.py:830} INFO - Processing file /home/airflow/.local/lib/python3.12/site-packages/airflow/example_dags/example_complex.py for tasks to queue
[2024-05-11T15:19:59.439+0000] {logging_mixin.py:188} INFO - [2024-05-11T15:19:59.439+0000] {dagbag.py:545} INFO - Filling up the DagBag from /home/airflow/.local/lib/python3.12/site-packages/airflow/example_dags/example_complex.py
[2024-05-11T15:19:59.447+0000] {processor.py:840} INFO - DAG(s) 'example_complex' retrieved from /home/airflow/.local/lib/python3.12/site-packages/airflow/example_dags/example_complex.py
[2024-05-11T15:19:59.475+0000] {logging_mixin.py:188} INFO - [2024-05-11T15:19:59.475+0000] {dag.py:3096} INFO - Sync 1 DAGs
[2024-05-11T15:19:59.487+0000] {logging_mixin.py:188} INFO - [2024-05-11T15:19:59.487+0000] {dag.py:3954} INFO - Setting next_dagrun for example_complex to None, run_after=None
[2024-05-11T15:19:59.504+0000] {processor.py:183} INFO - Processing /home/airflow/.local/lib/python3.12/site-packages/airflow/example_dags/example_complex.py took 0.072 seconds
[2024-05-11T15:20:29.760+0000] {processor.py:161} INFO - Started process (PID=277) to work on /home/airflow/.local/lib/python3.12/site-packages/airflow/example_dags/example_complex.py
[2024-05-11T15:20:29.761+0000] {processor.py:830} INFO - Processing file /home/airflow/.local/lib/python3.12/site-packages/airflow/example_dags/example_complex.py for tasks to queue
[2024-05-11T15:20:29.763+0000] {logging_mixin.py:188} INFO - [2024-05-11T15:20:29.763+0000] {dagbag.py:545} INFO - Filling up the DagBag from /home/airflow/.local/lib/python3.12/site-packages/airflow/example_dags/example_complex.py
[2024-05-11T15:20:29.772+0000] {processor.py:840} INFO - DAG(s) 'example_complex' retrieved from /home/airflow/.local/lib/python3.12/site-packages/airflow/example_dags/example_complex.py
[2024-05-11T15:20:29.805+0000] {logging_mixin.py:188} INFO - [2024-05-11T15:20:29.805+0000] {dag.py:3096} INFO - Sync 1 DAGs
[2024-05-11T15:20:29.819+0000] {logging_mixin.py:188} INFO - [2024-05-11T15:20:29.819+0000] {dag.py:3954} INFO - Setting next_dagrun for example_complex to None, run_after=None
[2024-05-11T15:20:29.837+0000] {processor.py:183} INFO - Processing /home/airflow/.local/lib/python3.12/site-packages/airflow/example_dags/example_complex.py took 0.083 seconds
[2024-05-11T15:26:49.703+0000] {processor.py:161} INFO - Started process (PID=46) to work on /home/airflow/.local/lib/python3.12/site-packages/airflow/example_dags/example_complex.py
[2024-05-11T15:26:49.705+0000] {processor.py:830} INFO - Processing file /home/airflow/.local/lib/python3.12/site-packages/airflow/example_dags/example_complex.py for tasks to queue
[2024-05-11T15:26:49.708+0000] {logging_mixin.py:188} INFO - [2024-05-11T15:26:49.707+0000] {dagbag.py:545} INFO - Filling up the DagBag from /home/airflow/.local/lib/python3.12/site-packages/airflow/example_dags/example_complex.py
[2024-05-11T15:26:49.735+0000] {processor.py:840} INFO - DAG(s) 'example_complex' retrieved from /home/airflow/.local/lib/python3.12/site-packages/airflow/example_dags/example_complex.py
[2024-05-11T15:26:50.017+0000] {logging_mixin.py:188} INFO - [2024-05-11T15:26:50.016+0000] {dag.py:3096} INFO - Sync 1 DAGs
[2024-05-11T15:26:50.034+0000] {logging_mixin.py:188} INFO - [2024-05-11T15:26:50.034+0000] {dag.py:3954} INFO - Setting next_dagrun for example_complex to None, run_after=None
[2024-05-11T15:26:50.063+0000] {processor.py:183} INFO - Processing /home/airflow/.local/lib/python3.12/site-packages/airflow/example_dags/example_complex.py took 0.371 seconds
[2024-05-11T15:27:21.922+0000] {processor.py:161} INFO - Started process (PID=111) to work on /home/airflow/.local/lib/python3.12/site-packages/airflow/example_dags/example_complex.py
[2024-05-11T15:27:21.925+0000] {processor.py:830} INFO - Processing file /home/airflow/.local/lib/python3.12/site-packages/airflow/example_dags/example_complex.py for tasks to queue
[2024-05-11T15:27:21.929+0000] {logging_mixin.py:188} INFO - [2024-05-11T15:27:21.928+0000] {dagbag.py:545} INFO - Filling up the DagBag from /home/airflow/.local/lib/python3.12/site-packages/airflow/example_dags/example_complex.py
[2024-05-11T15:27:21.944+0000] {processor.py:840} INFO - DAG(s) 'example_complex' retrieved from /home/airflow/.local/lib/python3.12/site-packages/airflow/example_dags/example_complex.py
[2024-05-11T15:27:21.989+0000] {logging_mixin.py:188} INFO - [2024-05-11T15:27:21.989+0000] {dag.py:3096} INFO - Sync 1 DAGs
[2024-05-11T15:27:22.013+0000] {logging_mixin.py:188} INFO - [2024-05-11T15:27:22.013+0000] {dag.py:3954} INFO - Setting next_dagrun for example_complex to None, run_after=None
[2024-05-11T15:27:22.051+0000] {processor.py:183} INFO - Processing /home/airflow/.local/lib/python3.12/site-packages/airflow/example_dags/example_complex.py took 0.134 seconds
[2024-05-11T15:27:52.285+0000] {processor.py:161} INFO - Started process (PID=169) to work on /home/airflow/.local/lib/python3.12/site-packages/airflow/example_dags/example_complex.py
[2024-05-11T15:27:52.295+0000] {processor.py:830} INFO - Processing file /home/airflow/.local/lib/python3.12/site-packages/airflow/example_dags/example_complex.py for tasks to queue
[2024-05-11T15:27:52.296+0000] {logging_mixin.py:188} INFO - [2024-05-11T15:27:52.296+0000] {dagbag.py:545} INFO - Filling up the DagBag from /home/airflow/.local/lib/python3.12/site-packages/airflow/example_dags/example_complex.py
[2024-05-11T15:27:52.305+0000] {processor.py:840} INFO - DAG(s) 'example_complex' retrieved from /home/airflow/.local/lib/python3.12/site-packages/airflow/example_dags/example_complex.py
[2024-05-11T15:27:52.334+0000] {logging_mixin.py:188} INFO - [2024-05-11T15:27:52.333+0000] {dag.py:3096} INFO - Sync 1 DAGs
[2024-05-11T15:27:52.345+0000] {logging_mixin.py:188} INFO - [2024-05-11T15:27:52.345+0000] {dag.py:3954} INFO - Setting next_dagrun for example_complex to None, run_after=None
[2024-05-11T15:27:52.366+0000] {processor.py:183} INFO - Processing /home/airflow/.local/lib/python3.12/site-packages/airflow/example_dags/example_complex.py took 0.086 seconds
[2024-05-11T15:28:22.428+0000] {processor.py:161} INFO - Started process (PID=227) to work on /home/airflow/.local/lib/python3.12/site-packages/airflow/example_dags/example_complex.py
[2024-05-11T15:28:22.429+0000] {processor.py:830} INFO - Processing file /home/airflow/.local/lib/python3.12/site-packages/airflow/example_dags/example_complex.py for tasks to queue
[2024-05-11T15:28:22.430+0000] {logging_mixin.py:188} INFO - [2024-05-11T15:28:22.430+0000] {dagbag.py:545} INFO - Filling up the DagBag from /home/airflow/.local/lib/python3.12/site-packages/airflow/example_dags/example_complex.py
[2024-05-11T15:28:22.439+0000] {processor.py:840} INFO - DAG(s) 'example_complex' retrieved from /home/airflow/.local/lib/python3.12/site-packages/airflow/example_dags/example_complex.py
[2024-05-11T15:28:22.466+0000] {logging_mixin.py:188} INFO - [2024-05-11T15:28:22.466+0000] {dag.py:3096} INFO - Sync 1 DAGs
[2024-05-11T15:28:22.477+0000] {logging_mixin.py:188} INFO - [2024-05-11T15:28:22.477+0000] {dag.py:3954} INFO - Setting next_dagrun for example_complex to None, run_after=None
[2024-05-11T15:28:22.494+0000] {processor.py:183} INFO - Processing /home/airflow/.local/lib/python3.12/site-packages/airflow/example_dags/example_complex.py took 0.070 seconds
[2024-05-11T15:28:52.872+0000] {processor.py:161} INFO - Started process (PID=285) to work on /home/airflow/.local/lib/python3.12/site-packages/airflow/example_dags/example_complex.py
[2024-05-11T15:28:52.888+0000] {processor.py:830} INFO - Processing file /home/airflow/.local/lib/python3.12/site-packages/airflow/example_dags/example_complex.py for tasks to queue
[2024-05-11T15:28:52.914+0000] {logging_mixin.py:188} INFO - [2024-05-11T15:28:52.912+0000] {dagbag.py:545} INFO - Filling up the DagBag from /home/airflow/.local/lib/python3.12/site-packages/airflow/example_dags/example_complex.py
[2024-05-11T15:28:52.975+0000] {processor.py:840} INFO - DAG(s) 'example_complex' retrieved from /home/airflow/.local/lib/python3.12/site-packages/airflow/example_dags/example_complex.py
[2024-05-11T15:28:53.116+0000] {logging_mixin.py:188} INFO - [2024-05-11T15:28:53.116+0000] {dag.py:3096} INFO - Sync 1 DAGs
[2024-05-11T15:28:53.282+0000] {logging_mixin.py:188} INFO - [2024-05-11T15:28:53.282+0000] {dag.py:3954} INFO - Setting next_dagrun for example_complex to None, run_after=None
[2024-05-11T15:28:53.343+0000] {processor.py:183} INFO - Processing /home/airflow/.local/lib/python3.12/site-packages/airflow/example_dags/example_complex.py took 0.503 seconds
[2024-05-11T15:46:06.665+0000] {processor.py:161} INFO - Started process (PID=45) to work on /home/airflow/.local/lib/python3.12/site-packages/airflow/example_dags/example_complex.py
[2024-05-11T15:46:06.667+0000] {processor.py:830} INFO - Processing file /home/airflow/.local/lib/python3.12/site-packages/airflow/example_dags/example_complex.py for tasks to queue
[2024-05-11T15:46:06.669+0000] {logging_mixin.py:188} INFO - [2024-05-11T15:46:06.668+0000] {dagbag.py:545} INFO - Filling up the DagBag from /home/airflow/.local/lib/python3.12/site-packages/airflow/example_dags/example_complex.py
[2024-05-11T15:46:06.684+0000] {processor.py:840} INFO - DAG(s) 'example_complex' retrieved from /home/airflow/.local/lib/python3.12/site-packages/airflow/example_dags/example_complex.py
[2024-05-11T15:46:06.814+0000] {logging_mixin.py:188} INFO - [2024-05-11T15:46:06.813+0000] {dag.py:3096} INFO - Sync 1 DAGs
[2024-05-11T15:46:06.830+0000] {logging_mixin.py:188} INFO - [2024-05-11T15:46:06.830+0000] {dag.py:3954} INFO - Setting next_dagrun for example_complex to None, run_after=None
[2024-05-11T15:46:06.856+0000] {processor.py:183} INFO - Processing /home/airflow/.local/lib/python3.12/site-packages/airflow/example_dags/example_complex.py took 0.198 seconds
[2024-05-11T15:46:37.119+0000] {processor.py:161} INFO - Started process (PID=103) to work on /home/airflow/.local/lib/python3.12/site-packages/airflow/example_dags/example_complex.py
[2024-05-11T15:46:37.121+0000] {processor.py:830} INFO - Processing file /home/airflow/.local/lib/python3.12/site-packages/airflow/example_dags/example_complex.py for tasks to queue
[2024-05-11T15:46:37.123+0000] {logging_mixin.py:188} INFO - [2024-05-11T15:46:37.123+0000] {dagbag.py:545} INFO - Filling up the DagBag from /home/airflow/.local/lib/python3.12/site-packages/airflow/example_dags/example_complex.py
[2024-05-11T15:46:37.134+0000] {processor.py:840} INFO - DAG(s) 'example_complex' retrieved from /home/airflow/.local/lib/python3.12/site-packages/airflow/example_dags/example_complex.py
[2024-05-11T15:46:37.176+0000] {logging_mixin.py:188} INFO - [2024-05-11T15:46:37.175+0000] {dag.py:3096} INFO - Sync 1 DAGs
[2024-05-11T15:46:37.208+0000] {logging_mixin.py:188} INFO - [2024-05-11T15:46:37.208+0000] {dag.py:3954} INFO - Setting next_dagrun for example_complex to None, run_after=None
[2024-05-11T15:46:37.231+0000] {processor.py:183} INFO - Processing /home/airflow/.local/lib/python3.12/site-packages/airflow/example_dags/example_complex.py took 0.118 seconds
[2024-05-11T15:47:09.630+0000] {processor.py:161} INFO - Started process (PID=161) to work on /home/airflow/.local/lib/python3.12/site-packages/airflow/example_dags/example_complex.py
[2024-05-11T15:47:09.694+0000] {processor.py:830} INFO - Processing file /home/airflow/.local/lib/python3.12/site-packages/airflow/example_dags/example_complex.py for tasks to queue
[2024-05-11T15:47:09.696+0000] {logging_mixin.py:188} INFO - [2024-05-11T15:47:09.696+0000] {dagbag.py:545} INFO - Filling up the DagBag from /home/airflow/.local/lib/python3.12/site-packages/airflow/example_dags/example_complex.py
[2024-05-11T15:47:09.706+0000] {processor.py:840} INFO - DAG(s) 'example_complex' retrieved from /home/airflow/.local/lib/python3.12/site-packages/airflow/example_dags/example_complex.py
[2024-05-11T15:47:09.736+0000] {logging_mixin.py:188} INFO - [2024-05-11T15:47:09.736+0000] {dag.py:3096} INFO - Sync 1 DAGs
[2024-05-11T15:47:09.747+0000] {logging_mixin.py:188} INFO - [2024-05-11T15:47:09.747+0000] {dag.py:3954} INFO - Setting next_dagrun for example_complex to None, run_after=None
[2024-05-11T15:47:09.868+0000] {processor.py:183} INFO - Processing /home/airflow/.local/lib/python3.12/site-packages/airflow/example_dags/example_complex.py took 0.243 seconds
[2024-05-11T15:47:40.367+0000] {processor.py:161} INFO - Started process (PID=219) to work on /home/airflow/.local/lib/python3.12/site-packages/airflow/example_dags/example_complex.py
[2024-05-11T15:47:40.378+0000] {processor.py:830} INFO - Processing file /home/airflow/.local/lib/python3.12/site-packages/airflow/example_dags/example_complex.py for tasks to queue
[2024-05-11T15:47:40.380+0000] {logging_mixin.py:188} INFO - [2024-05-11T15:47:40.380+0000] {dagbag.py:545} INFO - Filling up the DagBag from /home/airflow/.local/lib/python3.12/site-packages/airflow/example_dags/example_complex.py
[2024-05-11T15:47:40.390+0000] {processor.py:840} INFO - DAG(s) 'example_complex' retrieved from /home/airflow/.local/lib/python3.12/site-packages/airflow/example_dags/example_complex.py
[2024-05-11T15:47:40.420+0000] {logging_mixin.py:188} INFO - [2024-05-11T15:47:40.420+0000] {dag.py:3096} INFO - Sync 1 DAGs
[2024-05-11T15:47:40.434+0000] {logging_mixin.py:188} INFO - [2024-05-11T15:47:40.434+0000] {dag.py:3954} INFO - Setting next_dagrun for example_complex to None, run_after=None
[2024-05-11T15:47:40.460+0000] {processor.py:183} INFO - Processing /home/airflow/.local/lib/python3.12/site-packages/airflow/example_dags/example_complex.py took 0.098 seconds
[2024-05-11T15:48:10.620+0000] {processor.py:161} INFO - Started process (PID=277) to work on /home/airflow/.local/lib/python3.12/site-packages/airflow/example_dags/example_complex.py
[2024-05-11T15:48:10.621+0000] {processor.py:830} INFO - Processing file /home/airflow/.local/lib/python3.12/site-packages/airflow/example_dags/example_complex.py for tasks to queue
[2024-05-11T15:48:10.623+0000] {logging_mixin.py:188} INFO - [2024-05-11T15:48:10.623+0000] {dagbag.py:545} INFO - Filling up the DagBag from /home/airflow/.local/lib/python3.12/site-packages/airflow/example_dags/example_complex.py
[2024-05-11T15:48:10.634+0000] {processor.py:840} INFO - DAG(s) 'example_complex' retrieved from /home/airflow/.local/lib/python3.12/site-packages/airflow/example_dags/example_complex.py
[2024-05-11T15:48:10.665+0000] {logging_mixin.py:188} INFO - [2024-05-11T15:48:10.665+0000] {dag.py:3096} INFO - Sync 1 DAGs
[2024-05-11T15:48:10.677+0000] {logging_mixin.py:188} INFO - [2024-05-11T15:48:10.676+0000] {dag.py:3954} INFO - Setting next_dagrun for example_complex to None, run_after=None
[2024-05-11T15:48:10.701+0000] {processor.py:183} INFO - Processing /home/airflow/.local/lib/python3.12/site-packages/airflow/example_dags/example_complex.py took 0.089 seconds
[2024-05-11T15:48:40.916+0000] {processor.py:161} INFO - Started process (PID=335) to work on /home/airflow/.local/lib/python3.12/site-packages/airflow/example_dags/example_complex.py
[2024-05-11T15:48:40.917+0000] {processor.py:830} INFO - Processing file /home/airflow/.local/lib/python3.12/site-packages/airflow/example_dags/example_complex.py for tasks to queue
[2024-05-11T15:48:40.918+0000] {logging_mixin.py:188} INFO - [2024-05-11T15:48:40.918+0000] {dagbag.py:545} INFO - Filling up the DagBag from /home/airflow/.local/lib/python3.12/site-packages/airflow/example_dags/example_complex.py
[2024-05-11T15:48:40.930+0000] {processor.py:840} INFO - DAG(s) 'example_complex' retrieved from /home/airflow/.local/lib/python3.12/site-packages/airflow/example_dags/example_complex.py
[2024-05-11T15:48:40.962+0000] {logging_mixin.py:188} INFO - [2024-05-11T15:48:40.962+0000] {dag.py:3096} INFO - Sync 1 DAGs
[2024-05-11T15:48:40.975+0000] {logging_mixin.py:188} INFO - [2024-05-11T15:48:40.975+0000] {dag.py:3954} INFO - Setting next_dagrun for example_complex to None, run_after=None
[2024-05-11T15:48:40.994+0000] {processor.py:183} INFO - Processing /home/airflow/.local/lib/python3.12/site-packages/airflow/example_dags/example_complex.py took 0.086 seconds
[2024-05-11T15:49:11.414+0000] {processor.py:161} INFO - Started process (PID=393) to work on /home/airflow/.local/lib/python3.12/site-packages/airflow/example_dags/example_complex.py
[2024-05-11T15:49:11.415+0000] {processor.py:830} INFO - Processing file /home/airflow/.local/lib/python3.12/site-packages/airflow/example_dags/example_complex.py for tasks to queue
[2024-05-11T15:49:11.416+0000] {logging_mixin.py:188} INFO - [2024-05-11T15:49:11.416+0000] {dagbag.py:545} INFO - Filling up the DagBag from /home/airflow/.local/lib/python3.12/site-packages/airflow/example_dags/example_complex.py
[2024-05-11T15:49:11.427+0000] {processor.py:840} INFO - DAG(s) 'example_complex' retrieved from /home/airflow/.local/lib/python3.12/site-packages/airflow/example_dags/example_complex.py
[2024-05-11T15:49:11.463+0000] {logging_mixin.py:188} INFO - [2024-05-11T15:49:11.462+0000] {dag.py:3096} INFO - Sync 1 DAGs
[2024-05-11T15:49:11.473+0000] {logging_mixin.py:188} INFO - [2024-05-11T15:49:11.473+0000] {dag.py:3954} INFO - Setting next_dagrun for example_complex to None, run_after=None
[2024-05-11T15:49:11.497+0000] {processor.py:183} INFO - Processing /home/airflow/.local/lib/python3.12/site-packages/airflow/example_dags/example_complex.py took 0.088 seconds
[2024-05-11T15:49:41.567+0000] {processor.py:161} INFO - Started process (PID=451) to work on /home/airflow/.local/lib/python3.12/site-packages/airflow/example_dags/example_complex.py
[2024-05-11T15:49:41.568+0000] {processor.py:830} INFO - Processing file /home/airflow/.local/lib/python3.12/site-packages/airflow/example_dags/example_complex.py for tasks to queue
[2024-05-11T15:49:41.570+0000] {logging_mixin.py:188} INFO - [2024-05-11T15:49:41.569+0000] {dagbag.py:545} INFO - Filling up the DagBag from /home/airflow/.local/lib/python3.12/site-packages/airflow/example_dags/example_complex.py
[2024-05-11T15:49:41.580+0000] {processor.py:840} INFO - DAG(s) 'example_complex' retrieved from /home/airflow/.local/lib/python3.12/site-packages/airflow/example_dags/example_complex.py
[2024-05-11T15:49:41.611+0000] {logging_mixin.py:188} INFO - [2024-05-11T15:49:41.611+0000] {dag.py:3096} INFO - Sync 1 DAGs
[2024-05-11T15:49:41.624+0000] {logging_mixin.py:188} INFO - [2024-05-11T15:49:41.624+0000] {dag.py:3954} INFO - Setting next_dagrun for example_complex to None, run_after=None
[2024-05-11T15:49:41.645+0000] {processor.py:183} INFO - Processing /home/airflow/.local/lib/python3.12/site-packages/airflow/example_dags/example_complex.py took 0.083 seconds
[2024-05-11T15:50:12.124+0000] {processor.py:161} INFO - Started process (PID=510) to work on /home/airflow/.local/lib/python3.12/site-packages/airflow/example_dags/example_complex.py
[2024-05-11T15:50:12.124+0000] {processor.py:830} INFO - Processing file /home/airflow/.local/lib/python3.12/site-packages/airflow/example_dags/example_complex.py for tasks to queue
[2024-05-11T15:50:12.126+0000] {logging_mixin.py:188} INFO - [2024-05-11T15:50:12.126+0000] {dagbag.py:545} INFO - Filling up the DagBag from /home/airflow/.local/lib/python3.12/site-packages/airflow/example_dags/example_complex.py
[2024-05-11T15:50:12.135+0000] {processor.py:840} INFO - DAG(s) 'example_complex' retrieved from /home/airflow/.local/lib/python3.12/site-packages/airflow/example_dags/example_complex.py
[2024-05-11T15:50:12.164+0000] {logging_mixin.py:188} INFO - [2024-05-11T15:50:12.164+0000] {dag.py:3096} INFO - Sync 1 DAGs
[2024-05-11T15:50:12.176+0000] {logging_mixin.py:188} INFO - [2024-05-11T15:50:12.175+0000] {dag.py:3954} INFO - Setting next_dagrun for example_complex to None, run_after=None
[2024-05-11T15:50:12.194+0000] {processor.py:183} INFO - Processing /home/airflow/.local/lib/python3.12/site-packages/airflow/example_dags/example_complex.py took 0.075 seconds
[2024-05-11T15:50:42.424+0000] {processor.py:161} INFO - Started process (PID=568) to work on /home/airflow/.local/lib/python3.12/site-packages/airflow/example_dags/example_complex.py
[2024-05-11T15:50:42.425+0000] {processor.py:830} INFO - Processing file /home/airflow/.local/lib/python3.12/site-packages/airflow/example_dags/example_complex.py for tasks to queue
[2024-05-11T15:50:42.426+0000] {logging_mixin.py:188} INFO - [2024-05-11T15:50:42.426+0000] {dagbag.py:545} INFO - Filling up the DagBag from /home/airflow/.local/lib/python3.12/site-packages/airflow/example_dags/example_complex.py
[2024-05-11T15:50:42.434+0000] {processor.py:840} INFO - DAG(s) 'example_complex' retrieved from /home/airflow/.local/lib/python3.12/site-packages/airflow/example_dags/example_complex.py
[2024-05-11T15:50:42.461+0000] {logging_mixin.py:188} INFO - [2024-05-11T15:50:42.461+0000] {dag.py:3096} INFO - Sync 1 DAGs
[2024-05-11T15:50:42.472+0000] {logging_mixin.py:188} INFO - [2024-05-11T15:50:42.472+0000] {dag.py:3954} INFO - Setting next_dagrun for example_complex to None, run_after=None
[2024-05-11T15:50:42.489+0000] {processor.py:183} INFO - Processing /home/airflow/.local/lib/python3.12/site-packages/airflow/example_dags/example_complex.py took 0.070 seconds
[2024-05-11T15:51:12.541+0000] {processor.py:161} INFO - Started process (PID=626) to work on /home/airflow/.local/lib/python3.12/site-packages/airflow/example_dags/example_complex.py
[2024-05-11T15:51:12.542+0000] {processor.py:830} INFO - Processing file /home/airflow/.local/lib/python3.12/site-packages/airflow/example_dags/example_complex.py for tasks to queue
[2024-05-11T15:51:12.543+0000] {logging_mixin.py:188} INFO - [2024-05-11T15:51:12.543+0000] {dagbag.py:545} INFO - Filling up the DagBag from /home/airflow/.local/lib/python3.12/site-packages/airflow/example_dags/example_complex.py
[2024-05-11T15:51:12.552+0000] {processor.py:840} INFO - DAG(s) 'example_complex' retrieved from /home/airflow/.local/lib/python3.12/site-packages/airflow/example_dags/example_complex.py
[2024-05-11T15:51:12.579+0000] {logging_mixin.py:188} INFO - [2024-05-11T15:51:12.579+0000] {dag.py:3096} INFO - Sync 1 DAGs
[2024-05-11T15:51:12.590+0000] {logging_mixin.py:188} INFO - [2024-05-11T15:51:12.590+0000] {dag.py:3954} INFO - Setting next_dagrun for example_complex to None, run_after=None
[2024-05-11T15:51:12.605+0000] {processor.py:183} INFO - Processing /home/airflow/.local/lib/python3.12/site-packages/airflow/example_dags/example_complex.py took 0.068 seconds
[2024-05-11T15:51:43.537+0000] {processor.py:161} INFO - Started process (PID=682) to work on /home/airflow/.local/lib/python3.12/site-packages/airflow/example_dags/example_complex.py
[2024-05-11T15:51:43.538+0000] {processor.py:830} INFO - Processing file /home/airflow/.local/lib/python3.12/site-packages/airflow/example_dags/example_complex.py for tasks to queue
[2024-05-11T15:51:43.540+0000] {logging_mixin.py:188} INFO - [2024-05-11T15:51:43.540+0000] {dagbag.py:545} INFO - Filling up the DagBag from /home/airflow/.local/lib/python3.12/site-packages/airflow/example_dags/example_complex.py
[2024-05-11T15:51:43.552+0000] {processor.py:840} INFO - DAG(s) 'example_complex' retrieved from /home/airflow/.local/lib/python3.12/site-packages/airflow/example_dags/example_complex.py
[2024-05-11T15:51:43.632+0000] {logging_mixin.py:188} INFO - [2024-05-11T15:51:43.631+0000] {dag.py:3096} INFO - Sync 1 DAGs
[2024-05-11T15:51:43.665+0000] {logging_mixin.py:188} INFO - [2024-05-11T15:51:43.665+0000] {dag.py:3954} INFO - Setting next_dagrun for example_complex to None, run_after=None
[2024-05-11T15:51:43.699+0000] {processor.py:183} INFO - Processing /home/airflow/.local/lib/python3.12/site-packages/airflow/example_dags/example_complex.py took 0.167 seconds
[2024-05-11T15:52:14.180+0000] {processor.py:161} INFO - Started process (PID=740) to work on /home/airflow/.local/lib/python3.12/site-packages/airflow/example_dags/example_complex.py
[2024-05-11T15:52:14.182+0000] {processor.py:830} INFO - Processing file /home/airflow/.local/lib/python3.12/site-packages/airflow/example_dags/example_complex.py for tasks to queue
[2024-05-11T15:52:14.192+0000] {logging_mixin.py:188} INFO - [2024-05-11T15:52:14.192+0000] {dagbag.py:545} INFO - Filling up the DagBag from /home/airflow/.local/lib/python3.12/site-packages/airflow/example_dags/example_complex.py
[2024-05-11T15:52:14.212+0000] {processor.py:840} INFO - DAG(s) 'example_complex' retrieved from /home/airflow/.local/lib/python3.12/site-packages/airflow/example_dags/example_complex.py
[2024-05-11T15:52:14.251+0000] {logging_mixin.py:188} INFO - [2024-05-11T15:52:14.251+0000] {dag.py:3096} INFO - Sync 1 DAGs
[2024-05-11T15:52:14.267+0000] {logging_mixin.py:188} INFO - [2024-05-11T15:52:14.266+0000] {dag.py:3954} INFO - Setting next_dagrun for example_complex to None, run_after=None
[2024-05-11T15:52:14.288+0000] {processor.py:183} INFO - Processing /home/airflow/.local/lib/python3.12/site-packages/airflow/example_dags/example_complex.py took 0.123 seconds
[2024-05-11T15:52:44.670+0000] {processor.py:161} INFO - Started process (PID=798) to work on /home/airflow/.local/lib/python3.12/site-packages/airflow/example_dags/example_complex.py
[2024-05-11T15:52:44.671+0000] {processor.py:830} INFO - Processing file /home/airflow/.local/lib/python3.12/site-packages/airflow/example_dags/example_complex.py for tasks to queue
[2024-05-11T15:52:44.673+0000] {logging_mixin.py:188} INFO - [2024-05-11T15:52:44.672+0000] {dagbag.py:545} INFO - Filling up the DagBag from /home/airflow/.local/lib/python3.12/site-packages/airflow/example_dags/example_complex.py
[2024-05-11T15:52:44.682+0000] {processor.py:840} INFO - DAG(s) 'example_complex' retrieved from /home/airflow/.local/lib/python3.12/site-packages/airflow/example_dags/example_complex.py
[2024-05-11T15:52:44.712+0000] {logging_mixin.py:188} INFO - [2024-05-11T15:52:44.712+0000] {dag.py:3096} INFO - Sync 1 DAGs
[2024-05-11T15:52:44.724+0000] {logging_mixin.py:188} INFO - [2024-05-11T15:52:44.724+0000] {dag.py:3954} INFO - Setting next_dagrun for example_complex to None, run_after=None
[2024-05-11T15:52:44.742+0000] {processor.py:183} INFO - Processing /home/airflow/.local/lib/python3.12/site-packages/airflow/example_dags/example_complex.py took 0.078 seconds
[2024-05-11T15:53:15.214+0000] {processor.py:161} INFO - Started process (PID=856) to work on /home/airflow/.local/lib/python3.12/site-packages/airflow/example_dags/example_complex.py
[2024-05-11T15:53:15.216+0000] {processor.py:830} INFO - Processing file /home/airflow/.local/lib/python3.12/site-packages/airflow/example_dags/example_complex.py for tasks to queue
[2024-05-11T15:53:15.219+0000] {logging_mixin.py:188} INFO - [2024-05-11T15:53:15.219+0000] {dagbag.py:545} INFO - Filling up the DagBag from /home/airflow/.local/lib/python3.12/site-packages/airflow/example_dags/example_complex.py
[2024-05-11T15:53:15.229+0000] {processor.py:840} INFO - DAG(s) 'example_complex' retrieved from /home/airflow/.local/lib/python3.12/site-packages/airflow/example_dags/example_complex.py
[2024-05-11T15:53:15.263+0000] {logging_mixin.py:188} INFO - [2024-05-11T15:53:15.263+0000] {dag.py:3096} INFO - Sync 1 DAGs
[2024-05-11T15:53:15.279+0000] {logging_mixin.py:188} INFO - [2024-05-11T15:53:15.279+0000] {dag.py:3954} INFO - Setting next_dagrun for example_complex to None, run_after=None
[2024-05-11T15:53:15.302+0000] {processor.py:183} INFO - Processing /home/airflow/.local/lib/python3.12/site-packages/airflow/example_dags/example_complex.py took 0.092 seconds
[2024-05-11T15:53:46.078+0000] {processor.py:161} INFO - Started process (PID=914) to work on /home/airflow/.local/lib/python3.12/site-packages/airflow/example_dags/example_complex.py
[2024-05-11T15:53:46.079+0000] {processor.py:830} INFO - Processing file /home/airflow/.local/lib/python3.12/site-packages/airflow/example_dags/example_complex.py for tasks to queue
[2024-05-11T15:53:46.081+0000] {logging_mixin.py:188} INFO - [2024-05-11T15:53:46.080+0000] {dagbag.py:545} INFO - Filling up the DagBag from /home/airflow/.local/lib/python3.12/site-packages/airflow/example_dags/example_complex.py
[2024-05-11T15:53:46.091+0000] {processor.py:840} INFO - DAG(s) 'example_complex' retrieved from /home/airflow/.local/lib/python3.12/site-packages/airflow/example_dags/example_complex.py
[2024-05-11T15:53:46.130+0000] {logging_mixin.py:188} INFO - [2024-05-11T15:53:46.130+0000] {dag.py:3096} INFO - Sync 1 DAGs
[2024-05-11T15:53:46.145+0000] {logging_mixin.py:188} INFO - [2024-05-11T15:53:46.145+0000] {dag.py:3954} INFO - Setting next_dagrun for example_complex to None, run_after=None
[2024-05-11T15:53:46.167+0000] {processor.py:183} INFO - Processing /home/airflow/.local/lib/python3.12/site-packages/airflow/example_dags/example_complex.py took 0.096 seconds
[2024-05-11T15:54:16.536+0000] {processor.py:161} INFO - Started process (PID=972) to work on /home/airflow/.local/lib/python3.12/site-packages/airflow/example_dags/example_complex.py
[2024-05-11T15:54:16.537+0000] {processor.py:830} INFO - Processing file /home/airflow/.local/lib/python3.12/site-packages/airflow/example_dags/example_complex.py for tasks to queue
[2024-05-11T15:54:16.538+0000] {logging_mixin.py:188} INFO - [2024-05-11T15:54:16.538+0000] {dagbag.py:545} INFO - Filling up the DagBag from /home/airflow/.local/lib/python3.12/site-packages/airflow/example_dags/example_complex.py
[2024-05-11T15:54:16.547+0000] {processor.py:840} INFO - DAG(s) 'example_complex' retrieved from /home/airflow/.local/lib/python3.12/site-packages/airflow/example_dags/example_complex.py
[2024-05-11T15:54:16.587+0000] {logging_mixin.py:188} INFO - [2024-05-11T15:54:16.586+0000] {dag.py:3096} INFO - Sync 1 DAGs
[2024-05-11T15:54:16.600+0000] {logging_mixin.py:188} INFO - [2024-05-11T15:54:16.599+0000] {dag.py:3954} INFO - Setting next_dagrun for example_complex to None, run_after=None
[2024-05-11T15:54:16.639+0000] {processor.py:183} INFO - Processing /home/airflow/.local/lib/python3.12/site-packages/airflow/example_dags/example_complex.py took 0.108 seconds
[2024-05-11T15:54:47.338+0000] {processor.py:161} INFO - Started process (PID=1030) to work on /home/airflow/.local/lib/python3.12/site-packages/airflow/example_dags/example_complex.py
[2024-05-11T15:54:47.339+0000] {processor.py:830} INFO - Processing file /home/airflow/.local/lib/python3.12/site-packages/airflow/example_dags/example_complex.py for tasks to queue
[2024-05-11T15:54:47.341+0000] {logging_mixin.py:188} INFO - [2024-05-11T15:54:47.341+0000] {dagbag.py:545} INFO - Filling up the DagBag from /home/airflow/.local/lib/python3.12/site-packages/airflow/example_dags/example_complex.py
[2024-05-11T15:54:47.352+0000] {processor.py:840} INFO - DAG(s) 'example_complex' retrieved from /home/airflow/.local/lib/python3.12/site-packages/airflow/example_dags/example_complex.py
[2024-05-11T15:54:47.389+0000] {logging_mixin.py:188} INFO - [2024-05-11T15:54:47.389+0000] {dag.py:3096} INFO - Sync 1 DAGs
[2024-05-11T15:54:47.402+0000] {logging_mixin.py:188} INFO - [2024-05-11T15:54:47.402+0000] {dag.py:3954} INFO - Setting next_dagrun for example_complex to None, run_after=None
[2024-05-11T15:54:47.434+0000] {processor.py:183} INFO - Processing /home/airflow/.local/lib/python3.12/site-packages/airflow/example_dags/example_complex.py took 0.101 seconds
[2024-05-11T15:55:17.967+0000] {processor.py:161} INFO - Started process (PID=1088) to work on /home/airflow/.local/lib/python3.12/site-packages/airflow/example_dags/example_complex.py
[2024-05-11T15:55:17.968+0000] {processor.py:830} INFO - Processing file /home/airflow/.local/lib/python3.12/site-packages/airflow/example_dags/example_complex.py for tasks to queue
[2024-05-11T15:55:17.970+0000] {logging_mixin.py:188} INFO - [2024-05-11T15:55:17.969+0000] {dagbag.py:545} INFO - Filling up the DagBag from /home/airflow/.local/lib/python3.12/site-packages/airflow/example_dags/example_complex.py
[2024-05-11T15:55:17.980+0000] {processor.py:840} INFO - DAG(s) 'example_complex' retrieved from /home/airflow/.local/lib/python3.12/site-packages/airflow/example_dags/example_complex.py
[2024-05-11T15:55:18.012+0000] {logging_mixin.py:188} INFO - [2024-05-11T15:55:18.012+0000] {dag.py:3096} INFO - Sync 1 DAGs
[2024-05-11T15:55:18.024+0000] {logging_mixin.py:188} INFO - [2024-05-11T15:55:18.024+0000] {dag.py:3954} INFO - Setting next_dagrun for example_complex to None, run_after=None
[2024-05-11T15:55:18.057+0000] {processor.py:183} INFO - Processing /home/airflow/.local/lib/python3.12/site-packages/airflow/example_dags/example_complex.py took 0.096 seconds
[2024-05-11T15:55:48.637+0000] {processor.py:161} INFO - Started process (PID=1153) to work on /home/airflow/.local/lib/python3.12/site-packages/airflow/example_dags/example_complex.py
[2024-05-11T15:55:48.638+0000] {processor.py:830} INFO - Processing file /home/airflow/.local/lib/python3.12/site-packages/airflow/example_dags/example_complex.py for tasks to queue
[2024-05-11T15:55:48.639+0000] {logging_mixin.py:188} INFO - [2024-05-11T15:55:48.639+0000] {dagbag.py:545} INFO - Filling up the DagBag from /home/airflow/.local/lib/python3.12/site-packages/airflow/example_dags/example_complex.py
[2024-05-11T15:55:48.648+0000] {processor.py:840} INFO - DAG(s) 'example_complex' retrieved from /home/airflow/.local/lib/python3.12/site-packages/airflow/example_dags/example_complex.py
[2024-05-11T15:55:48.678+0000] {logging_mixin.py:188} INFO - [2024-05-11T15:55:48.677+0000] {dag.py:3096} INFO - Sync 1 DAGs
[2024-05-11T15:55:48.691+0000] {logging_mixin.py:188} INFO - [2024-05-11T15:55:48.690+0000] {dag.py:3954} INFO - Setting next_dagrun for example_complex to None, run_after=None
[2024-05-11T15:55:48.711+0000] {processor.py:183} INFO - Processing /home/airflow/.local/lib/python3.12/site-packages/airflow/example_dags/example_complex.py took 0.078 seconds
[2024-05-11T15:56:19.254+0000] {processor.py:161} INFO - Started process (PID=1211) to work on /home/airflow/.local/lib/python3.12/site-packages/airflow/example_dags/example_complex.py
[2024-05-11T15:56:19.255+0000] {processor.py:830} INFO - Processing file /home/airflow/.local/lib/python3.12/site-packages/airflow/example_dags/example_complex.py for tasks to queue
[2024-05-11T15:56:19.257+0000] {logging_mixin.py:188} INFO - [2024-05-11T15:56:19.257+0000] {dagbag.py:545} INFO - Filling up the DagBag from /home/airflow/.local/lib/python3.12/site-packages/airflow/example_dags/example_complex.py
[2024-05-11T15:56:19.266+0000] {processor.py:840} INFO - DAG(s) 'example_complex' retrieved from /home/airflow/.local/lib/python3.12/site-packages/airflow/example_dags/example_complex.py
[2024-05-11T15:56:19.307+0000] {logging_mixin.py:188} INFO - [2024-05-11T15:56:19.306+0000] {dag.py:3096} INFO - Sync 1 DAGs
[2024-05-11T15:56:19.319+0000] {logging_mixin.py:188} INFO - [2024-05-11T15:56:19.318+0000] {dag.py:3954} INFO - Setting next_dagrun for example_complex to None, run_after=None
[2024-05-11T15:56:19.338+0000] {processor.py:183} INFO - Processing /home/airflow/.local/lib/python3.12/site-packages/airflow/example_dags/example_complex.py took 0.088 seconds
[2024-05-11T15:56:49.913+0000] {processor.py:161} INFO - Started process (PID=1269) to work on /home/airflow/.local/lib/python3.12/site-packages/airflow/example_dags/example_complex.py
[2024-05-11T15:56:49.914+0000] {processor.py:830} INFO - Processing file /home/airflow/.local/lib/python3.12/site-packages/airflow/example_dags/example_complex.py for tasks to queue
[2024-05-11T15:56:49.916+0000] {logging_mixin.py:188} INFO - [2024-05-11T15:56:49.916+0000] {dagbag.py:545} INFO - Filling up the DagBag from /home/airflow/.local/lib/python3.12/site-packages/airflow/example_dags/example_complex.py
[2024-05-11T15:56:49.926+0000] {processor.py:840} INFO - DAG(s) 'example_complex' retrieved from /home/airflow/.local/lib/python3.12/site-packages/airflow/example_dags/example_complex.py
[2024-05-11T15:56:49.956+0000] {logging_mixin.py:188} INFO - [2024-05-11T15:56:49.956+0000] {dag.py:3096} INFO - Sync 1 DAGs
[2024-05-11T15:56:49.968+0000] {logging_mixin.py:188} INFO - [2024-05-11T15:56:49.968+0000] {dag.py:3954} INFO - Setting next_dagrun for example_complex to None, run_after=None
[2024-05-11T15:56:49.987+0000] {processor.py:183} INFO - Processing /home/airflow/.local/lib/python3.12/site-packages/airflow/example_dags/example_complex.py took 0.080 seconds
[2024-05-11T16:03:40.934+0000] {processor.py:161} INFO - Started process (PID=45) to work on /home/airflow/.local/lib/python3.12/site-packages/airflow/example_dags/example_complex.py
[2024-05-11T16:03:40.937+0000] {processor.py:830} INFO - Processing file /home/airflow/.local/lib/python3.12/site-packages/airflow/example_dags/example_complex.py for tasks to queue
[2024-05-11T16:03:40.939+0000] {logging_mixin.py:188} INFO - [2024-05-11T16:03:40.939+0000] {dagbag.py:545} INFO - Filling up the DagBag from /home/airflow/.local/lib/python3.12/site-packages/airflow/example_dags/example_complex.py
[2024-05-11T16:03:40.956+0000] {processor.py:840} INFO - DAG(s) 'example_complex' retrieved from /home/airflow/.local/lib/python3.12/site-packages/airflow/example_dags/example_complex.py
[2024-05-11T16:03:40.977+0000] {logging_mixin.py:188} INFO - [2024-05-11T16:03:40.977+0000] {dag.py:3096} INFO - Sync 1 DAGs
[2024-05-11T16:03:40.995+0000] {logging_mixin.py:188} INFO - [2024-05-11T16:03:40.995+0000] {dag.py:3954} INFO - Setting next_dagrun for example_complex to None, run_after=None
[2024-05-11T16:03:41.020+0000] {processor.py:183} INFO - Processing /home/airflow/.local/lib/python3.12/site-packages/airflow/example_dags/example_complex.py took 0.096 seconds
[2024-05-11T16:04:11.462+0000] {processor.py:161} INFO - Started process (PID=103) to work on /home/airflow/.local/lib/python3.12/site-packages/airflow/example_dags/example_complex.py
[2024-05-11T16:04:11.463+0000] {processor.py:830} INFO - Processing file /home/airflow/.local/lib/python3.12/site-packages/airflow/example_dags/example_complex.py for tasks to queue
[2024-05-11T16:04:11.465+0000] {logging_mixin.py:188} INFO - [2024-05-11T16:04:11.465+0000] {dagbag.py:545} INFO - Filling up the DagBag from /home/airflow/.local/lib/python3.12/site-packages/airflow/example_dags/example_complex.py
[2024-05-11T16:04:11.474+0000] {processor.py:840} INFO - DAG(s) 'example_complex' retrieved from /home/airflow/.local/lib/python3.12/site-packages/airflow/example_dags/example_complex.py
[2024-05-11T16:04:11.585+0000] {logging_mixin.py:188} INFO - [2024-05-11T16:04:11.585+0000] {dag.py:3096} INFO - Sync 1 DAGs
[2024-05-11T16:04:11.595+0000] {logging_mixin.py:188} INFO - [2024-05-11T16:04:11.594+0000] {dag.py:3954} INFO - Setting next_dagrun for example_complex to None, run_after=None
[2024-05-11T16:04:11.612+0000] {processor.py:183} INFO - Processing /home/airflow/.local/lib/python3.12/site-packages/airflow/example_dags/example_complex.py took 0.157 seconds
[2024-05-11T16:04:42.535+0000] {processor.py:161} INFO - Started process (PID=161) to work on /home/airflow/.local/lib/python3.12/site-packages/airflow/example_dags/example_complex.py
[2024-05-11T16:04:42.536+0000] {processor.py:830} INFO - Processing file /home/airflow/.local/lib/python3.12/site-packages/airflow/example_dags/example_complex.py for tasks to queue
[2024-05-11T16:04:42.538+0000] {logging_mixin.py:188} INFO - [2024-05-11T16:04:42.537+0000] {dagbag.py:545} INFO - Filling up the DagBag from /home/airflow/.local/lib/python3.12/site-packages/airflow/example_dags/example_complex.py
[2024-05-11T16:04:42.548+0000] {processor.py:840} INFO - DAG(s) 'example_complex' retrieved from /home/airflow/.local/lib/python3.12/site-packages/airflow/example_dags/example_complex.py
[2024-05-11T16:04:42.578+0000] {logging_mixin.py:188} INFO - [2024-05-11T16:04:42.578+0000] {dag.py:3096} INFO - Sync 1 DAGs
[2024-05-11T16:04:42.592+0000] {logging_mixin.py:188} INFO - [2024-05-11T16:04:42.592+0000] {dag.py:3954} INFO - Setting next_dagrun for example_complex to None, run_after=None
[2024-05-11T16:04:42.610+0000] {processor.py:183} INFO - Processing /home/airflow/.local/lib/python3.12/site-packages/airflow/example_dags/example_complex.py took 0.079 seconds
[2024-05-11T16:05:12.712+0000] {processor.py:161} INFO - Started process (PID=219) to work on /home/airflow/.local/lib/python3.12/site-packages/airflow/example_dags/example_complex.py
[2024-05-11T16:05:12.713+0000] {processor.py:830} INFO - Processing file /home/airflow/.local/lib/python3.12/site-packages/airflow/example_dags/example_complex.py for tasks to queue
[2024-05-11T16:05:12.714+0000] {logging_mixin.py:188} INFO - [2024-05-11T16:05:12.714+0000] {dagbag.py:545} INFO - Filling up the DagBag from /home/airflow/.local/lib/python3.12/site-packages/airflow/example_dags/example_complex.py
[2024-05-11T16:05:12.723+0000] {processor.py:840} INFO - DAG(s) 'example_complex' retrieved from /home/airflow/.local/lib/python3.12/site-packages/airflow/example_dags/example_complex.py
[2024-05-11T16:05:12.751+0000] {logging_mixin.py:188} INFO - [2024-05-11T16:05:12.751+0000] {dag.py:3096} INFO - Sync 1 DAGs
[2024-05-11T16:05:12.762+0000] {logging_mixin.py:188} INFO - [2024-05-11T16:05:12.762+0000] {dag.py:3954} INFO - Setting next_dagrun for example_complex to None, run_after=None
[2024-05-11T16:05:12.779+0000] {processor.py:183} INFO - Processing /home/airflow/.local/lib/python3.12/site-packages/airflow/example_dags/example_complex.py took 0.071 seconds
[2024-05-11T16:05:42.840+0000] {processor.py:161} INFO - Started process (PID=277) to work on /home/airflow/.local/lib/python3.12/site-packages/airflow/example_dags/example_complex.py
[2024-05-11T16:05:42.842+0000] {processor.py:830} INFO - Processing file /home/airflow/.local/lib/python3.12/site-packages/airflow/example_dags/example_complex.py for tasks to queue
[2024-05-11T16:05:42.845+0000] {logging_mixin.py:188} INFO - [2024-05-11T16:05:42.844+0000] {dagbag.py:545} INFO - Filling up the DagBag from /home/airflow/.local/lib/python3.12/site-packages/airflow/example_dags/example_complex.py
[2024-05-11T16:05:42.864+0000] {processor.py:840} INFO - DAG(s) 'example_complex' retrieved from /home/airflow/.local/lib/python3.12/site-packages/airflow/example_dags/example_complex.py
[2024-05-11T16:05:42.941+0000] {logging_mixin.py:188} INFO - [2024-05-11T16:05:42.940+0000] {dag.py:3096} INFO - Sync 1 DAGs
[2024-05-11T16:05:42.968+0000] {logging_mixin.py:188} INFO - [2024-05-11T16:05:42.967+0000] {dag.py:3954} INFO - Setting next_dagrun for example_complex to None, run_after=None
[2024-05-11T16:05:43.030+0000] {processor.py:183} INFO - Processing /home/airflow/.local/lib/python3.12/site-packages/airflow/example_dags/example_complex.py took 0.199 seconds
