[2024-05-11T11:30:33.417+0000] {processor.py:161} INFO - Started process (PID=60) to work on /home/airflow/.local/lib/python3.12/site-packages/airflow/example_dags/example_nested_branch_dag.py
[2024-05-11T11:30:33.419+0000] {processor.py:830} INFO - Processing file /home/airflow/.local/lib/python3.12/site-packages/airflow/example_dags/example_nested_branch_dag.py for tasks to queue
[2024-05-11T11:30:33.423+0000] {logging_mixin.py:188} INFO - [2024-05-11T11:30:33.422+0000] {dagbag.py:545} INFO - Filling up the DagBag from /home/airflow/.local/lib/python3.12/site-packages/airflow/example_dags/example_nested_branch_dag.py
[2024-05-11T11:30:33.555+0000] {processor.py:840} INFO - DAG(s) 'example_nested_branch_dag' retrieved from /home/airflow/.local/lib/python3.12/site-packages/airflow/example_dags/example_nested_branch_dag.py
[2024-05-11T11:30:34.751+0000] {logging_mixin.py:188} INFO - [2024-05-11T11:30:34.748+0000] {override.py:1829} INFO - Created Permission View: can edit on DAG:example_nested_branch_dag
[2024-05-11T11:30:34.798+0000] {logging_mixin.py:188} INFO - [2024-05-11T11:30:34.797+0000] {override.py:1829} INFO - Created Permission View: can read on DAG:example_nested_branch_dag
[2024-05-11T11:30:35.215+0000] {logging_mixin.py:188} INFO - [2024-05-11T11:30:35.215+0000] {override.py:1829} INFO - Created Permission View: can delete on DAG:example_nested_branch_dag
[2024-05-11T11:30:35.217+0000] {logging_mixin.py:188} INFO - [2024-05-11T11:30:35.217+0000] {dag.py:3096} INFO - Sync 1 DAGs
[2024-05-11T11:30:35.308+0000] {logging_mixin.py:188} INFO - [2024-05-11T11:30:35.307+0000] {dag.py:3118} INFO - Creating ORM DAG for example_nested_branch_dag
[2024-05-11T11:30:35.380+0000] {logging_mixin.py:188} INFO - [2024-05-11T11:30:35.379+0000] {dag.py:3954} INFO - Setting next_dagrun for example_nested_branch_dag to 2024-05-10 00:00:00+00:00, run_after=2024-05-11 00:00:00+00:00
[2024-05-11T11:30:35.434+0000] {processor.py:183} INFO - Processing /home/airflow/.local/lib/python3.12/site-packages/airflow/example_dags/example_nested_branch_dag.py took 2.047 seconds
[2024-05-11T11:31:12.905+0000] {processor.py:161} INFO - Started process (PID=118) to work on /home/airflow/.local/lib/python3.12/site-packages/airflow/example_dags/example_nested_branch_dag.py
[2024-05-11T11:31:12.907+0000] {processor.py:830} INFO - Processing file /home/airflow/.local/lib/python3.12/site-packages/airflow/example_dags/example_nested_branch_dag.py for tasks to queue
[2024-05-11T11:31:12.910+0000] {logging_mixin.py:188} INFO - [2024-05-11T11:31:12.909+0000] {dagbag.py:545} INFO - Filling up the DagBag from /home/airflow/.local/lib/python3.12/site-packages/airflow/example_dags/example_nested_branch_dag.py
[2024-05-11T11:31:12.929+0000] {processor.py:840} INFO - DAG(s) 'example_nested_branch_dag' retrieved from /home/airflow/.local/lib/python3.12/site-packages/airflow/example_dags/example_nested_branch_dag.py
[2024-05-11T11:31:12.960+0000] {logging_mixin.py:188} INFO - [2024-05-11T11:31:12.960+0000] {dag.py:3096} INFO - Sync 1 DAGs
[2024-05-11T11:31:12.993+0000] {logging_mixin.py:188} INFO - [2024-05-11T11:31:12.992+0000] {dag.py:3954} INFO - Setting next_dagrun for example_nested_branch_dag to 2024-05-10 00:00:00+00:00, run_after=2024-05-11 00:00:00+00:00
[2024-05-11T11:31:13.021+0000] {processor.py:183} INFO - Processing /home/airflow/.local/lib/python3.12/site-packages/airflow/example_dags/example_nested_branch_dag.py took 0.124 seconds
[2024-05-11T11:31:43.470+0000] {processor.py:161} INFO - Started process (PID=174) to work on /home/airflow/.local/lib/python3.12/site-packages/airflow/example_dags/example_nested_branch_dag.py
[2024-05-11T11:31:43.471+0000] {processor.py:830} INFO - Processing file /home/airflow/.local/lib/python3.12/site-packages/airflow/example_dags/example_nested_branch_dag.py for tasks to queue
[2024-05-11T11:31:43.473+0000] {logging_mixin.py:188} INFO - [2024-05-11T11:31:43.472+0000] {dagbag.py:545} INFO - Filling up the DagBag from /home/airflow/.local/lib/python3.12/site-packages/airflow/example_dags/example_nested_branch_dag.py
[2024-05-11T11:31:43.482+0000] {processor.py:840} INFO - DAG(s) 'example_nested_branch_dag' retrieved from /home/airflow/.local/lib/python3.12/site-packages/airflow/example_dags/example_nested_branch_dag.py
[2024-05-11T11:31:43.501+0000] {logging_mixin.py:188} INFO - [2024-05-11T11:31:43.501+0000] {dag.py:3096} INFO - Sync 1 DAGs
[2024-05-11T11:31:43.522+0000] {logging_mixin.py:188} INFO - [2024-05-11T11:31:43.522+0000] {dag.py:3954} INFO - Setting next_dagrun for example_nested_branch_dag to 2024-05-10 00:00:00+00:00, run_after=2024-05-11 00:00:00+00:00
[2024-05-11T11:31:43.541+0000] {processor.py:183} INFO - Processing /home/airflow/.local/lib/python3.12/site-packages/airflow/example_dags/example_nested_branch_dag.py took 0.076 seconds
[2024-05-11T11:32:14.574+0000] {processor.py:161} INFO - Started process (PID=232) to work on /home/airflow/.local/lib/python3.12/site-packages/airflow/example_dags/example_nested_branch_dag.py
[2024-05-11T11:32:14.575+0000] {processor.py:830} INFO - Processing file /home/airflow/.local/lib/python3.12/site-packages/airflow/example_dags/example_nested_branch_dag.py for tasks to queue
[2024-05-11T11:32:14.577+0000] {logging_mixin.py:188} INFO - [2024-05-11T11:32:14.577+0000] {dagbag.py:545} INFO - Filling up the DagBag from /home/airflow/.local/lib/python3.12/site-packages/airflow/example_dags/example_nested_branch_dag.py
[2024-05-11T11:32:14.588+0000] {processor.py:840} INFO - DAG(s) 'example_nested_branch_dag' retrieved from /home/airflow/.local/lib/python3.12/site-packages/airflow/example_dags/example_nested_branch_dag.py
[2024-05-11T11:32:14.611+0000] {logging_mixin.py:188} INFO - [2024-05-11T11:32:14.611+0000] {dag.py:3096} INFO - Sync 1 DAGs
[2024-05-11T11:32:14.638+0000] {logging_mixin.py:188} INFO - [2024-05-11T11:32:14.637+0000] {dag.py:3954} INFO - Setting next_dagrun for example_nested_branch_dag to 2024-05-10 00:00:00+00:00, run_after=2024-05-11 00:00:00+00:00
[2024-05-11T11:32:14.659+0000] {processor.py:183} INFO - Processing /home/airflow/.local/lib/python3.12/site-packages/airflow/example_dags/example_nested_branch_dag.py took 0.091 seconds
[2024-05-11T11:32:44.731+0000] {processor.py:161} INFO - Started process (PID=290) to work on /home/airflow/.local/lib/python3.12/site-packages/airflow/example_dags/example_nested_branch_dag.py
[2024-05-11T11:32:44.732+0000] {processor.py:830} INFO - Processing file /home/airflow/.local/lib/python3.12/site-packages/airflow/example_dags/example_nested_branch_dag.py for tasks to queue
[2024-05-11T11:32:44.735+0000] {logging_mixin.py:188} INFO - [2024-05-11T11:32:44.735+0000] {dagbag.py:545} INFO - Filling up the DagBag from /home/airflow/.local/lib/python3.12/site-packages/airflow/example_dags/example_nested_branch_dag.py
[2024-05-11T11:32:44.746+0000] {processor.py:840} INFO - DAG(s) 'example_nested_branch_dag' retrieved from /home/airflow/.local/lib/python3.12/site-packages/airflow/example_dags/example_nested_branch_dag.py
[2024-05-11T11:32:44.769+0000] {logging_mixin.py:188} INFO - [2024-05-11T11:32:44.769+0000] {dag.py:3096} INFO - Sync 1 DAGs
[2024-05-11T11:32:44.793+0000] {logging_mixin.py:188} INFO - [2024-05-11T11:32:44.792+0000] {dag.py:3954} INFO - Setting next_dagrun for example_nested_branch_dag to 2024-05-10 00:00:00+00:00, run_after=2024-05-11 00:00:00+00:00
[2024-05-11T11:32:44.814+0000] {processor.py:183} INFO - Processing /home/airflow/.local/lib/python3.12/site-packages/airflow/example_dags/example_nested_branch_dag.py took 0.090 seconds
[2024-05-11T11:33:15.044+0000] {processor.py:161} INFO - Started process (PID=348) to work on /home/airflow/.local/lib/python3.12/site-packages/airflow/example_dags/example_nested_branch_dag.py
[2024-05-11T11:33:15.046+0000] {processor.py:830} INFO - Processing file /home/airflow/.local/lib/python3.12/site-packages/airflow/example_dags/example_nested_branch_dag.py for tasks to queue
[2024-05-11T11:33:15.048+0000] {logging_mixin.py:188} INFO - [2024-05-11T11:33:15.048+0000] {dagbag.py:545} INFO - Filling up the DagBag from /home/airflow/.local/lib/python3.12/site-packages/airflow/example_dags/example_nested_branch_dag.py
[2024-05-11T11:33:15.062+0000] {processor.py:840} INFO - DAG(s) 'example_nested_branch_dag' retrieved from /home/airflow/.local/lib/python3.12/site-packages/airflow/example_dags/example_nested_branch_dag.py
[2024-05-11T11:33:15.100+0000] {logging_mixin.py:188} INFO - [2024-05-11T11:33:15.100+0000] {dag.py:3096} INFO - Sync 1 DAGs
[2024-05-11T11:33:15.170+0000] {logging_mixin.py:188} INFO - [2024-05-11T11:33:15.169+0000] {dag.py:3954} INFO - Setting next_dagrun for example_nested_branch_dag to 2024-05-10 00:00:00+00:00, run_after=2024-05-11 00:00:00+00:00
[2024-05-11T11:33:15.205+0000] {processor.py:183} INFO - Processing /home/airflow/.local/lib/python3.12/site-packages/airflow/example_dags/example_nested_branch_dag.py took 0.168 seconds
[2024-05-11T11:33:46.002+0000] {processor.py:161} INFO - Started process (PID=406) to work on /home/airflow/.local/lib/python3.12/site-packages/airflow/example_dags/example_nested_branch_dag.py
[2024-05-11T11:33:46.004+0000] {processor.py:830} INFO - Processing file /home/airflow/.local/lib/python3.12/site-packages/airflow/example_dags/example_nested_branch_dag.py for tasks to queue
[2024-05-11T11:33:46.006+0000] {logging_mixin.py:188} INFO - [2024-05-11T11:33:46.006+0000] {dagbag.py:545} INFO - Filling up the DagBag from /home/airflow/.local/lib/python3.12/site-packages/airflow/example_dags/example_nested_branch_dag.py
[2024-05-11T11:33:46.020+0000] {processor.py:840} INFO - DAG(s) 'example_nested_branch_dag' retrieved from /home/airflow/.local/lib/python3.12/site-packages/airflow/example_dags/example_nested_branch_dag.py
[2024-05-11T11:33:46.059+0000] {logging_mixin.py:188} INFO - [2024-05-11T11:33:46.058+0000] {dag.py:3096} INFO - Sync 1 DAGs
[2024-05-11T11:33:46.098+0000] {logging_mixin.py:188} INFO - [2024-05-11T11:33:46.098+0000] {dag.py:3954} INFO - Setting next_dagrun for example_nested_branch_dag to 2024-05-10 00:00:00+00:00, run_after=2024-05-11 00:00:00+00:00
[2024-05-11T11:33:46.122+0000] {processor.py:183} INFO - Processing /home/airflow/.local/lib/python3.12/site-packages/airflow/example_dags/example_nested_branch_dag.py took 0.126 seconds
[2024-05-11T11:34:16.793+0000] {processor.py:161} INFO - Started process (PID=464) to work on /home/airflow/.local/lib/python3.12/site-packages/airflow/example_dags/example_nested_branch_dag.py
[2024-05-11T11:34:16.794+0000] {processor.py:830} INFO - Processing file /home/airflow/.local/lib/python3.12/site-packages/airflow/example_dags/example_nested_branch_dag.py for tasks to queue
[2024-05-11T11:34:16.796+0000] {logging_mixin.py:188} INFO - [2024-05-11T11:34:16.796+0000] {dagbag.py:545} INFO - Filling up the DagBag from /home/airflow/.local/lib/python3.12/site-packages/airflow/example_dags/example_nested_branch_dag.py
[2024-05-11T11:34:16.805+0000] {processor.py:840} INFO - DAG(s) 'example_nested_branch_dag' retrieved from /home/airflow/.local/lib/python3.12/site-packages/airflow/example_dags/example_nested_branch_dag.py
[2024-05-11T11:34:16.815+0000] {logging_mixin.py:188} INFO - [2024-05-11T11:34:16.815+0000] {dag.py:3096} INFO - Sync 1 DAGs
[2024-05-11T11:34:16.837+0000] {logging_mixin.py:188} INFO - [2024-05-11T11:34:16.837+0000] {dag.py:3954} INFO - Setting next_dagrun for example_nested_branch_dag to 2024-05-10 00:00:00+00:00, run_after=2024-05-11 00:00:00+00:00
[2024-05-11T11:34:16.854+0000] {processor.py:183} INFO - Processing /home/airflow/.local/lib/python3.12/site-packages/airflow/example_dags/example_nested_branch_dag.py took 0.066 seconds
[2024-05-11T11:34:47.361+0000] {processor.py:161} INFO - Started process (PID=522) to work on /home/airflow/.local/lib/python3.12/site-packages/airflow/example_dags/example_nested_branch_dag.py
[2024-05-11T11:34:47.362+0000] {processor.py:830} INFO - Processing file /home/airflow/.local/lib/python3.12/site-packages/airflow/example_dags/example_nested_branch_dag.py for tasks to queue
[2024-05-11T11:34:47.363+0000] {logging_mixin.py:188} INFO - [2024-05-11T11:34:47.363+0000] {dagbag.py:545} INFO - Filling up the DagBag from /home/airflow/.local/lib/python3.12/site-packages/airflow/example_dags/example_nested_branch_dag.py
[2024-05-11T11:34:47.371+0000] {processor.py:840} INFO - DAG(s) 'example_nested_branch_dag' retrieved from /home/airflow/.local/lib/python3.12/site-packages/airflow/example_dags/example_nested_branch_dag.py
[2024-05-11T11:34:47.457+0000] {logging_mixin.py:188} INFO - [2024-05-11T11:34:47.456+0000] {dag.py:3096} INFO - Sync 1 DAGs
[2024-05-11T11:34:47.474+0000] {logging_mixin.py:188} INFO - [2024-05-11T11:34:47.474+0000] {dag.py:3954} INFO - Setting next_dagrun for example_nested_branch_dag to 2024-05-10 00:00:00+00:00, run_after=2024-05-11 00:00:00+00:00
[2024-05-11T11:34:47.491+0000] {processor.py:183} INFO - Processing /home/airflow/.local/lib/python3.12/site-packages/airflow/example_dags/example_nested_branch_dag.py took 0.135 seconds
[2024-05-11T15:07:40.881+0000] {processor.py:161} INFO - Started process (PID=42) to work on /home/airflow/.local/lib/python3.12/site-packages/airflow/example_dags/example_nested_branch_dag.py
[2024-05-11T15:07:40.882+0000] {processor.py:830} INFO - Processing file /home/airflow/.local/lib/python3.12/site-packages/airflow/example_dags/example_nested_branch_dag.py for tasks to queue
[2024-05-11T15:07:40.885+0000] {logging_mixin.py:188} INFO - [2024-05-11T15:07:40.884+0000] {dagbag.py:545} INFO - Filling up the DagBag from /home/airflow/.local/lib/python3.12/site-packages/airflow/example_dags/example_nested_branch_dag.py
[2024-05-11T15:07:40.899+0000] {processor.py:840} INFO - DAG(s) 'example_nested_branch_dag' retrieved from /home/airflow/.local/lib/python3.12/site-packages/airflow/example_dags/example_nested_branch_dag.py
[2024-05-11T15:07:40.945+0000] {logging_mixin.py:188} INFO - [2024-05-11T15:07:40.944+0000] {dag.py:3096} INFO - Sync 1 DAGs
[2024-05-11T15:07:40.984+0000] {logging_mixin.py:188} INFO - [2024-05-11T15:07:40.983+0000] {dag.py:3954} INFO - Setting next_dagrun for example_nested_branch_dag to 2024-05-10 00:00:00+00:00, run_after=2024-05-11 00:00:00+00:00
[2024-05-11T15:07:41.015+0000] {processor.py:183} INFO - Processing /home/airflow/.local/lib/python3.12/site-packages/airflow/example_dags/example_nested_branch_dag.py took 0.141 seconds
[2024-05-11T15:08:11.152+0000] {processor.py:161} INFO - Started process (PID=100) to work on /home/airflow/.local/lib/python3.12/site-packages/airflow/example_dags/example_nested_branch_dag.py
[2024-05-11T15:08:11.154+0000] {processor.py:830} INFO - Processing file /home/airflow/.local/lib/python3.12/site-packages/airflow/example_dags/example_nested_branch_dag.py for tasks to queue
[2024-05-11T15:08:11.156+0000] {logging_mixin.py:188} INFO - [2024-05-11T15:08:11.155+0000] {dagbag.py:545} INFO - Filling up the DagBag from /home/airflow/.local/lib/python3.12/site-packages/airflow/example_dags/example_nested_branch_dag.py
[2024-05-11T15:08:11.165+0000] {processor.py:840} INFO - DAG(s) 'example_nested_branch_dag' retrieved from /home/airflow/.local/lib/python3.12/site-packages/airflow/example_dags/example_nested_branch_dag.py
[2024-05-11T15:08:11.207+0000] {logging_mixin.py:188} INFO - [2024-05-11T15:08:11.207+0000] {dag.py:3096} INFO - Sync 1 DAGs
[2024-05-11T15:08:11.238+0000] {logging_mixin.py:188} INFO - [2024-05-11T15:08:11.238+0000] {dag.py:3954} INFO - Setting next_dagrun for example_nested_branch_dag to 2024-05-10 00:00:00+00:00, run_after=2024-05-11 00:00:00+00:00
[2024-05-11T15:08:11.261+0000] {processor.py:183} INFO - Processing /home/airflow/.local/lib/python3.12/site-packages/airflow/example_dags/example_nested_branch_dag.py took 0.114 seconds
[2024-05-11T15:18:27.038+0000] {processor.py:161} INFO - Started process (PID=42) to work on /home/airflow/.local/lib/python3.12/site-packages/airflow/example_dags/example_nested_branch_dag.py
[2024-05-11T15:18:27.050+0000] {processor.py:830} INFO - Processing file /home/airflow/.local/lib/python3.12/site-packages/airflow/example_dags/example_nested_branch_dag.py for tasks to queue
[2024-05-11T15:18:27.055+0000] {logging_mixin.py:188} INFO - [2024-05-11T15:18:27.054+0000] {dagbag.py:545} INFO - Filling up the DagBag from /home/airflow/.local/lib/python3.12/site-packages/airflow/example_dags/example_nested_branch_dag.py
[2024-05-11T15:18:27.141+0000] {processor.py:840} INFO - DAG(s) 'example_nested_branch_dag' retrieved from /home/airflow/.local/lib/python3.12/site-packages/airflow/example_dags/example_nested_branch_dag.py
[2024-05-11T15:18:27.162+0000] {logging_mixin.py:188} INFO - [2024-05-11T15:18:27.161+0000] {dag.py:3096} INFO - Sync 1 DAGs
[2024-05-11T15:18:27.193+0000] {logging_mixin.py:188} INFO - [2024-05-11T15:18:27.193+0000] {dag.py:3954} INFO - Setting next_dagrun for example_nested_branch_dag to 2024-05-10 00:00:00+00:00, run_after=2024-05-11 00:00:00+00:00
[2024-05-11T15:18:27.211+0000] {processor.py:183} INFO - Processing /home/airflow/.local/lib/python3.12/site-packages/airflow/example_dags/example_nested_branch_dag.py took 0.184 seconds
[2024-05-11T15:18:57.390+0000] {processor.py:161} INFO - Started process (PID=100) to work on /home/airflow/.local/lib/python3.12/site-packages/airflow/example_dags/example_nested_branch_dag.py
[2024-05-11T15:18:57.392+0000] {processor.py:830} INFO - Processing file /home/airflow/.local/lib/python3.12/site-packages/airflow/example_dags/example_nested_branch_dag.py for tasks to queue
[2024-05-11T15:18:57.395+0000] {logging_mixin.py:188} INFO - [2024-05-11T15:18:57.394+0000] {dagbag.py:545} INFO - Filling up the DagBag from /home/airflow/.local/lib/python3.12/site-packages/airflow/example_dags/example_nested_branch_dag.py
[2024-05-11T15:18:57.407+0000] {processor.py:840} INFO - DAG(s) 'example_nested_branch_dag' retrieved from /home/airflow/.local/lib/python3.12/site-packages/airflow/example_dags/example_nested_branch_dag.py
[2024-05-11T15:18:57.421+0000] {logging_mixin.py:188} INFO - [2024-05-11T15:18:57.421+0000] {dag.py:3096} INFO - Sync 1 DAGs
[2024-05-11T15:18:57.450+0000] {logging_mixin.py:188} INFO - [2024-05-11T15:18:57.449+0000] {dag.py:3954} INFO - Setting next_dagrun for example_nested_branch_dag to 2024-05-10 00:00:00+00:00, run_after=2024-05-11 00:00:00+00:00
[2024-05-11T15:18:57.469+0000] {processor.py:183} INFO - Processing /home/airflow/.local/lib/python3.12/site-packages/airflow/example_dags/example_nested_branch_dag.py took 0.086 seconds
[2024-05-11T15:19:28.061+0000] {processor.py:161} INFO - Started process (PID=158) to work on /home/airflow/.local/lib/python3.12/site-packages/airflow/example_dags/example_nested_branch_dag.py
[2024-05-11T15:19:28.062+0000] {processor.py:830} INFO - Processing file /home/airflow/.local/lib/python3.12/site-packages/airflow/example_dags/example_nested_branch_dag.py for tasks to queue
[2024-05-11T15:19:28.065+0000] {logging_mixin.py:188} INFO - [2024-05-11T15:19:28.065+0000] {dagbag.py:545} INFO - Filling up the DagBag from /home/airflow/.local/lib/python3.12/site-packages/airflow/example_dags/example_nested_branch_dag.py
[2024-05-11T15:19:28.075+0000] {processor.py:840} INFO - DAG(s) 'example_nested_branch_dag' retrieved from /home/airflow/.local/lib/python3.12/site-packages/airflow/example_dags/example_nested_branch_dag.py
[2024-05-11T15:19:28.167+0000] {logging_mixin.py:188} INFO - [2024-05-11T15:19:28.166+0000] {dag.py:3096} INFO - Sync 1 DAGs
[2024-05-11T15:19:28.188+0000] {logging_mixin.py:188} INFO - [2024-05-11T15:19:28.187+0000] {dag.py:3954} INFO - Setting next_dagrun for example_nested_branch_dag to 2024-05-10 00:00:00+00:00, run_after=2024-05-11 00:00:00+00:00
[2024-05-11T15:19:28.206+0000] {processor.py:183} INFO - Processing /home/airflow/.local/lib/python3.12/site-packages/airflow/example_dags/example_nested_branch_dag.py took 0.149 seconds
[2024-05-11T15:19:58.320+0000] {processor.py:161} INFO - Started process (PID=216) to work on /home/airflow/.local/lib/python3.12/site-packages/airflow/example_dags/example_nested_branch_dag.py
[2024-05-11T15:19:58.321+0000] {processor.py:830} INFO - Processing file /home/airflow/.local/lib/python3.12/site-packages/airflow/example_dags/example_nested_branch_dag.py for tasks to queue
[2024-05-11T15:19:58.322+0000] {logging_mixin.py:188} INFO - [2024-05-11T15:19:58.322+0000] {dagbag.py:545} INFO - Filling up the DagBag from /home/airflow/.local/lib/python3.12/site-packages/airflow/example_dags/example_nested_branch_dag.py
[2024-05-11T15:19:58.330+0000] {processor.py:840} INFO - DAG(s) 'example_nested_branch_dag' retrieved from /home/airflow/.local/lib/python3.12/site-packages/airflow/example_dags/example_nested_branch_dag.py
[2024-05-11T15:19:58.349+0000] {logging_mixin.py:188} INFO - [2024-05-11T15:19:58.349+0000] {dag.py:3096} INFO - Sync 1 DAGs
[2024-05-11T15:19:58.368+0000] {logging_mixin.py:188} INFO - [2024-05-11T15:19:58.368+0000] {dag.py:3954} INFO - Setting next_dagrun for example_nested_branch_dag to 2024-05-10 00:00:00+00:00, run_after=2024-05-11 00:00:00+00:00
[2024-05-11T15:19:58.384+0000] {processor.py:183} INFO - Processing /home/airflow/.local/lib/python3.12/site-packages/airflow/example_dags/example_nested_branch_dag.py took 0.068 seconds
[2024-05-11T15:20:28.588+0000] {processor.py:161} INFO - Started process (PID=274) to work on /home/airflow/.local/lib/python3.12/site-packages/airflow/example_dags/example_nested_branch_dag.py
[2024-05-11T15:20:28.590+0000] {processor.py:830} INFO - Processing file /home/airflow/.local/lib/python3.12/site-packages/airflow/example_dags/example_nested_branch_dag.py for tasks to queue
[2024-05-11T15:20:28.592+0000] {logging_mixin.py:188} INFO - [2024-05-11T15:20:28.591+0000] {dagbag.py:545} INFO - Filling up the DagBag from /home/airflow/.local/lib/python3.12/site-packages/airflow/example_dags/example_nested_branch_dag.py
[2024-05-11T15:20:28.603+0000] {processor.py:840} INFO - DAG(s) 'example_nested_branch_dag' retrieved from /home/airflow/.local/lib/python3.12/site-packages/airflow/example_dags/example_nested_branch_dag.py
[2024-05-11T15:20:28.629+0000] {logging_mixin.py:188} INFO - [2024-05-11T15:20:28.629+0000] {dag.py:3096} INFO - Sync 1 DAGs
[2024-05-11T15:20:28.656+0000] {logging_mixin.py:188} INFO - [2024-05-11T15:20:28.656+0000] {dag.py:3954} INFO - Setting next_dagrun for example_nested_branch_dag to 2024-05-10 00:00:00+00:00, run_after=2024-05-11 00:00:00+00:00
[2024-05-11T15:20:28.679+0000] {processor.py:183} INFO - Processing /home/airflow/.local/lib/python3.12/site-packages/airflow/example_dags/example_nested_branch_dag.py took 0.096 seconds
[2024-05-11T15:26:48.987+0000] {processor.py:161} INFO - Started process (PID=43) to work on /home/airflow/.local/lib/python3.12/site-packages/airflow/example_dags/example_nested_branch_dag.py
[2024-05-11T15:26:48.989+0000] {processor.py:830} INFO - Processing file /home/airflow/.local/lib/python3.12/site-packages/airflow/example_dags/example_nested_branch_dag.py for tasks to queue
[2024-05-11T15:26:48.991+0000] {logging_mixin.py:188} INFO - [2024-05-11T15:26:48.991+0000] {dagbag.py:545} INFO - Filling up the DagBag from /home/airflow/.local/lib/python3.12/site-packages/airflow/example_dags/example_nested_branch_dag.py
[2024-05-11T15:26:49.009+0000] {processor.py:840} INFO - DAG(s) 'example_nested_branch_dag' retrieved from /home/airflow/.local/lib/python3.12/site-packages/airflow/example_dags/example_nested_branch_dag.py
[2024-05-11T15:26:49.144+0000] {logging_mixin.py:188} INFO - [2024-05-11T15:26:49.143+0000] {dag.py:3096} INFO - Sync 1 DAGs
[2024-05-11T15:26:49.172+0000] {logging_mixin.py:188} INFO - [2024-05-11T15:26:49.172+0000] {dag.py:3954} INFO - Setting next_dagrun for example_nested_branch_dag to 2024-05-10 00:00:00+00:00, run_after=2024-05-11 00:00:00+00:00
[2024-05-11T15:26:49.199+0000] {processor.py:183} INFO - Processing /home/airflow/.local/lib/python3.12/site-packages/airflow/example_dags/example_nested_branch_dag.py took 0.221 seconds
[2024-05-11T15:27:21.671+0000] {processor.py:161} INFO - Started process (PID=108) to work on /home/airflow/.local/lib/python3.12/site-packages/airflow/example_dags/example_nested_branch_dag.py
[2024-05-11T15:27:21.693+0000] {processor.py:830} INFO - Processing file /home/airflow/.local/lib/python3.12/site-packages/airflow/example_dags/example_nested_branch_dag.py for tasks to queue
[2024-05-11T15:27:21.698+0000] {logging_mixin.py:188} INFO - [2024-05-11T15:27:21.697+0000] {dagbag.py:545} INFO - Filling up the DagBag from /home/airflow/.local/lib/python3.12/site-packages/airflow/example_dags/example_nested_branch_dag.py
[2024-05-11T15:27:21.715+0000] {processor.py:840} INFO - DAG(s) 'example_nested_branch_dag' retrieved from /home/airflow/.local/lib/python3.12/site-packages/airflow/example_dags/example_nested_branch_dag.py
[2024-05-11T15:27:21.748+0000] {logging_mixin.py:188} INFO - [2024-05-11T15:27:21.748+0000] {dag.py:3096} INFO - Sync 1 DAGs
[2024-05-11T15:27:21.778+0000] {logging_mixin.py:188} INFO - [2024-05-11T15:27:21.778+0000] {dag.py:3954} INFO - Setting next_dagrun for example_nested_branch_dag to 2024-05-10 00:00:00+00:00, run_after=2024-05-11 00:00:00+00:00
[2024-05-11T15:27:21.807+0000] {processor.py:183} INFO - Processing /home/airflow/.local/lib/python3.12/site-packages/airflow/example_dags/example_nested_branch_dag.py took 0.141 seconds
[2024-05-11T15:27:52.072+0000] {processor.py:161} INFO - Started process (PID=166) to work on /home/airflow/.local/lib/python3.12/site-packages/airflow/example_dags/example_nested_branch_dag.py
[2024-05-11T15:27:52.082+0000] {processor.py:830} INFO - Processing file /home/airflow/.local/lib/python3.12/site-packages/airflow/example_dags/example_nested_branch_dag.py for tasks to queue
[2024-05-11T15:27:52.084+0000] {logging_mixin.py:188} INFO - [2024-05-11T15:27:52.084+0000] {dagbag.py:545} INFO - Filling up the DagBag from /home/airflow/.local/lib/python3.12/site-packages/airflow/example_dags/example_nested_branch_dag.py
[2024-05-11T15:27:52.092+0000] {processor.py:840} INFO - DAG(s) 'example_nested_branch_dag' retrieved from /home/airflow/.local/lib/python3.12/site-packages/airflow/example_dags/example_nested_branch_dag.py
[2024-05-11T15:27:52.111+0000] {logging_mixin.py:188} INFO - [2024-05-11T15:27:52.111+0000] {dag.py:3096} INFO - Sync 1 DAGs
[2024-05-11T15:27:52.132+0000] {logging_mixin.py:188} INFO - [2024-05-11T15:27:52.131+0000] {dag.py:3954} INFO - Setting next_dagrun for example_nested_branch_dag to 2024-05-10 00:00:00+00:00, run_after=2024-05-11 00:00:00+00:00
[2024-05-11T15:27:52.151+0000] {processor.py:183} INFO - Processing /home/airflow/.local/lib/python3.12/site-packages/airflow/example_dags/example_nested_branch_dag.py took 0.083 seconds
[2024-05-11T15:28:22.247+0000] {processor.py:161} INFO - Started process (PID=224) to work on /home/airflow/.local/lib/python3.12/site-packages/airflow/example_dags/example_nested_branch_dag.py
[2024-05-11T15:28:22.248+0000] {processor.py:830} INFO - Processing file /home/airflow/.local/lib/python3.12/site-packages/airflow/example_dags/example_nested_branch_dag.py for tasks to queue
[2024-05-11T15:28:22.250+0000] {logging_mixin.py:188} INFO - [2024-05-11T15:28:22.249+0000] {dagbag.py:545} INFO - Filling up the DagBag from /home/airflow/.local/lib/python3.12/site-packages/airflow/example_dags/example_nested_branch_dag.py
[2024-05-11T15:28:22.258+0000] {processor.py:840} INFO - DAG(s) 'example_nested_branch_dag' retrieved from /home/airflow/.local/lib/python3.12/site-packages/airflow/example_dags/example_nested_branch_dag.py
[2024-05-11T15:28:22.278+0000] {logging_mixin.py:188} INFO - [2024-05-11T15:28:22.278+0000] {dag.py:3096} INFO - Sync 1 DAGs
[2024-05-11T15:28:22.298+0000] {logging_mixin.py:188} INFO - [2024-05-11T15:28:22.298+0000] {dag.py:3954} INFO - Setting next_dagrun for example_nested_branch_dag to 2024-05-10 00:00:00+00:00, run_after=2024-05-11 00:00:00+00:00
[2024-05-11T15:28:22.315+0000] {processor.py:183} INFO - Processing /home/airflow/.local/lib/python3.12/site-packages/airflow/example_dags/example_nested_branch_dag.py took 0.072 seconds
[2024-05-11T15:28:52.520+0000] {processor.py:161} INFO - Started process (PID=282) to work on /home/airflow/.local/lib/python3.12/site-packages/airflow/example_dags/example_nested_branch_dag.py
[2024-05-11T15:28:52.521+0000] {processor.py:830} INFO - Processing file /home/airflow/.local/lib/python3.12/site-packages/airflow/example_dags/example_nested_branch_dag.py for tasks to queue
[2024-05-11T15:28:52.522+0000] {logging_mixin.py:188} INFO - [2024-05-11T15:28:52.522+0000] {dagbag.py:545} INFO - Filling up the DagBag from /home/airflow/.local/lib/python3.12/site-packages/airflow/example_dags/example_nested_branch_dag.py
[2024-05-11T15:28:52.530+0000] {processor.py:840} INFO - DAG(s) 'example_nested_branch_dag' retrieved from /home/airflow/.local/lib/python3.12/site-packages/airflow/example_dags/example_nested_branch_dag.py
[2024-05-11T15:28:52.550+0000] {logging_mixin.py:188} INFO - [2024-05-11T15:28:52.550+0000] {dag.py:3096} INFO - Sync 1 DAGs
[2024-05-11T15:28:52.575+0000] {logging_mixin.py:188} INFO - [2024-05-11T15:28:52.575+0000] {dag.py:3954} INFO - Setting next_dagrun for example_nested_branch_dag to 2024-05-10 00:00:00+00:00, run_after=2024-05-11 00:00:00+00:00
[2024-05-11T15:28:52.596+0000] {processor.py:183} INFO - Processing /home/airflow/.local/lib/python3.12/site-packages/airflow/example_dags/example_nested_branch_dag.py took 0.081 seconds
[2024-05-11T15:46:06.172+0000] {processor.py:161} INFO - Started process (PID=42) to work on /home/airflow/.local/lib/python3.12/site-packages/airflow/example_dags/example_nested_branch_dag.py
[2024-05-11T15:46:06.174+0000] {processor.py:830} INFO - Processing file /home/airflow/.local/lib/python3.12/site-packages/airflow/example_dags/example_nested_branch_dag.py for tasks to queue
[2024-05-11T15:46:06.176+0000] {logging_mixin.py:188} INFO - [2024-05-11T15:46:06.175+0000] {dagbag.py:545} INFO - Filling up the DagBag from /home/airflow/.local/lib/python3.12/site-packages/airflow/example_dags/example_nested_branch_dag.py
[2024-05-11T15:46:06.187+0000] {processor.py:840} INFO - DAG(s) 'example_nested_branch_dag' retrieved from /home/airflow/.local/lib/python3.12/site-packages/airflow/example_dags/example_nested_branch_dag.py
[2024-05-11T15:46:06.309+0000] {logging_mixin.py:188} INFO - [2024-05-11T15:46:06.308+0000] {dag.py:3096} INFO - Sync 1 DAGs
[2024-05-11T15:46:06.335+0000] {logging_mixin.py:188} INFO - [2024-05-11T15:46:06.335+0000] {dag.py:3954} INFO - Setting next_dagrun for example_nested_branch_dag to 2024-05-10 00:00:00+00:00, run_after=2024-05-11 00:00:00+00:00
[2024-05-11T15:46:06.373+0000] {processor.py:183} INFO - Processing /home/airflow/.local/lib/python3.12/site-packages/airflow/example_dags/example_nested_branch_dag.py took 0.206 seconds
[2024-05-11T15:46:36.738+0000] {processor.py:161} INFO - Started process (PID=100) to work on /home/airflow/.local/lib/python3.12/site-packages/airflow/example_dags/example_nested_branch_dag.py
[2024-05-11T15:46:36.747+0000] {processor.py:830} INFO - Processing file /home/airflow/.local/lib/python3.12/site-packages/airflow/example_dags/example_nested_branch_dag.py for tasks to queue
[2024-05-11T15:46:36.749+0000] {logging_mixin.py:188} INFO - [2024-05-11T15:46:36.749+0000] {dagbag.py:545} INFO - Filling up the DagBag from /home/airflow/.local/lib/python3.12/site-packages/airflow/example_dags/example_nested_branch_dag.py
[2024-05-11T15:46:36.760+0000] {processor.py:840} INFO - DAG(s) 'example_nested_branch_dag' retrieved from /home/airflow/.local/lib/python3.12/site-packages/airflow/example_dags/example_nested_branch_dag.py
[2024-05-11T15:46:36.785+0000] {logging_mixin.py:188} INFO - [2024-05-11T15:46:36.785+0000] {dag.py:3096} INFO - Sync 1 DAGs
[2024-05-11T15:46:36.812+0000] {logging_mixin.py:188} INFO - [2024-05-11T15:46:36.812+0000] {dag.py:3954} INFO - Setting next_dagrun for example_nested_branch_dag to 2024-05-10 00:00:00+00:00, run_after=2024-05-11 00:00:00+00:00
[2024-05-11T15:46:36.836+0000] {processor.py:183} INFO - Processing /home/airflow/.local/lib/python3.12/site-packages/airflow/example_dags/example_nested_branch_dag.py took 0.106 seconds
[2024-05-11T15:47:09.038+0000] {processor.py:161} INFO - Started process (PID=158) to work on /home/airflow/.local/lib/python3.12/site-packages/airflow/example_dags/example_nested_branch_dag.py
[2024-05-11T15:47:09.127+0000] {processor.py:830} INFO - Processing file /home/airflow/.local/lib/python3.12/site-packages/airflow/example_dags/example_nested_branch_dag.py for tasks to queue
[2024-05-11T15:47:09.129+0000] {logging_mixin.py:188} INFO - [2024-05-11T15:47:09.129+0000] {dagbag.py:545} INFO - Filling up the DagBag from /home/airflow/.local/lib/python3.12/site-packages/airflow/example_dags/example_nested_branch_dag.py
[2024-05-11T15:47:09.139+0000] {processor.py:840} INFO - DAG(s) 'example_nested_branch_dag' retrieved from /home/airflow/.local/lib/python3.12/site-packages/airflow/example_dags/example_nested_branch_dag.py
[2024-05-11T15:47:09.157+0000] {logging_mixin.py:188} INFO - [2024-05-11T15:47:09.157+0000] {dag.py:3096} INFO - Sync 1 DAGs
[2024-05-11T15:47:09.178+0000] {logging_mixin.py:188} INFO - [2024-05-11T15:47:09.178+0000] {dag.py:3954} INFO - Setting next_dagrun for example_nested_branch_dag to 2024-05-10 00:00:00+00:00, run_after=2024-05-11 00:00:00+00:00
[2024-05-11T15:47:09.499+0000] {processor.py:183} INFO - Processing /home/airflow/.local/lib/python3.12/site-packages/airflow/example_dags/example_nested_branch_dag.py took 0.466 seconds
[2024-05-11T15:47:40.161+0000] {processor.py:161} INFO - Started process (PID=216) to work on /home/airflow/.local/lib/python3.12/site-packages/airflow/example_dags/example_nested_branch_dag.py
[2024-05-11T15:47:40.162+0000] {processor.py:830} INFO - Processing file /home/airflow/.local/lib/python3.12/site-packages/airflow/example_dags/example_nested_branch_dag.py for tasks to queue
[2024-05-11T15:47:40.163+0000] {logging_mixin.py:188} INFO - [2024-05-11T15:47:40.163+0000] {dagbag.py:545} INFO - Filling up the DagBag from /home/airflow/.local/lib/python3.12/site-packages/airflow/example_dags/example_nested_branch_dag.py
[2024-05-11T15:47:40.171+0000] {processor.py:840} INFO - DAG(s) 'example_nested_branch_dag' retrieved from /home/airflow/.local/lib/python3.12/site-packages/airflow/example_dags/example_nested_branch_dag.py
[2024-05-11T15:47:40.189+0000] {logging_mixin.py:188} INFO - [2024-05-11T15:47:40.189+0000] {dag.py:3096} INFO - Sync 1 DAGs
[2024-05-11T15:47:40.208+0000] {logging_mixin.py:188} INFO - [2024-05-11T15:47:40.208+0000] {dag.py:3954} INFO - Setting next_dagrun for example_nested_branch_dag to 2024-05-10 00:00:00+00:00, run_after=2024-05-11 00:00:00+00:00
[2024-05-11T15:47:40.226+0000] {processor.py:183} INFO - Processing /home/airflow/.local/lib/python3.12/site-packages/airflow/example_dags/example_nested_branch_dag.py took 0.070 seconds
[2024-05-11T15:48:10.389+0000] {processor.py:161} INFO - Started process (PID=274) to work on /home/airflow/.local/lib/python3.12/site-packages/airflow/example_dags/example_nested_branch_dag.py
[2024-05-11T15:48:10.390+0000] {processor.py:830} INFO - Processing file /home/airflow/.local/lib/python3.12/site-packages/airflow/example_dags/example_nested_branch_dag.py for tasks to queue
[2024-05-11T15:48:10.391+0000] {logging_mixin.py:188} INFO - [2024-05-11T15:48:10.391+0000] {dagbag.py:545} INFO - Filling up the DagBag from /home/airflow/.local/lib/python3.12/site-packages/airflow/example_dags/example_nested_branch_dag.py
[2024-05-11T15:48:10.400+0000] {processor.py:840} INFO - DAG(s) 'example_nested_branch_dag' retrieved from /home/airflow/.local/lib/python3.12/site-packages/airflow/example_dags/example_nested_branch_dag.py
[2024-05-11T15:48:10.422+0000] {logging_mixin.py:188} INFO - [2024-05-11T15:48:10.422+0000] {dag.py:3096} INFO - Sync 1 DAGs
[2024-05-11T15:48:10.445+0000] {logging_mixin.py:188} INFO - [2024-05-11T15:48:10.445+0000] {dag.py:3954} INFO - Setting next_dagrun for example_nested_branch_dag to 2024-05-10 00:00:00+00:00, run_after=2024-05-11 00:00:00+00:00
[2024-05-11T15:48:10.505+0000] {processor.py:183} INFO - Processing /home/airflow/.local/lib/python3.12/site-packages/airflow/example_dags/example_nested_branch_dag.py took 0.121 seconds
[2024-05-11T15:48:40.564+0000] {processor.py:161} INFO - Started process (PID=332) to work on /home/airflow/.local/lib/python3.12/site-packages/airflow/example_dags/example_nested_branch_dag.py
[2024-05-11T15:48:40.565+0000] {processor.py:830} INFO - Processing file /home/airflow/.local/lib/python3.12/site-packages/airflow/example_dags/example_nested_branch_dag.py for tasks to queue
[2024-05-11T15:48:40.567+0000] {logging_mixin.py:188} INFO - [2024-05-11T15:48:40.567+0000] {dagbag.py:545} INFO - Filling up the DagBag from /home/airflow/.local/lib/python3.12/site-packages/airflow/example_dags/example_nested_branch_dag.py
[2024-05-11T15:48:40.577+0000] {processor.py:840} INFO - DAG(s) 'example_nested_branch_dag' retrieved from /home/airflow/.local/lib/python3.12/site-packages/airflow/example_dags/example_nested_branch_dag.py
[2024-05-11T15:48:40.602+0000] {logging_mixin.py:188} INFO - [2024-05-11T15:48:40.601+0000] {dag.py:3096} INFO - Sync 1 DAGs
[2024-05-11T15:48:40.624+0000] {logging_mixin.py:188} INFO - [2024-05-11T15:48:40.624+0000] {dag.py:3954} INFO - Setting next_dagrun for example_nested_branch_dag to 2024-05-10 00:00:00+00:00, run_after=2024-05-11 00:00:00+00:00
[2024-05-11T15:48:40.642+0000] {processor.py:183} INFO - Processing /home/airflow/.local/lib/python3.12/site-packages/airflow/example_dags/example_nested_branch_dag.py took 0.083 seconds
[2024-05-11T15:49:11.219+0000] {processor.py:161} INFO - Started process (PID=390) to work on /home/airflow/.local/lib/python3.12/site-packages/airflow/example_dags/example_nested_branch_dag.py
[2024-05-11T15:49:11.220+0000] {processor.py:830} INFO - Processing file /home/airflow/.local/lib/python3.12/site-packages/airflow/example_dags/example_nested_branch_dag.py for tasks to queue
[2024-05-11T15:49:11.222+0000] {logging_mixin.py:188} INFO - [2024-05-11T15:49:11.222+0000] {dagbag.py:545} INFO - Filling up the DagBag from /home/airflow/.local/lib/python3.12/site-packages/airflow/example_dags/example_nested_branch_dag.py
[2024-05-11T15:49:11.232+0000] {processor.py:840} INFO - DAG(s) 'example_nested_branch_dag' retrieved from /home/airflow/.local/lib/python3.12/site-packages/airflow/example_dags/example_nested_branch_dag.py
[2024-05-11T15:49:11.254+0000] {logging_mixin.py:188} INFO - [2024-05-11T15:49:11.253+0000] {dag.py:3096} INFO - Sync 1 DAGs
[2024-05-11T15:49:11.275+0000] {logging_mixin.py:188} INFO - [2024-05-11T15:49:11.274+0000] {dag.py:3954} INFO - Setting next_dagrun for example_nested_branch_dag to 2024-05-10 00:00:00+00:00, run_after=2024-05-11 00:00:00+00:00
[2024-05-11T15:49:11.292+0000] {processor.py:183} INFO - Processing /home/airflow/.local/lib/python3.12/site-packages/airflow/example_dags/example_nested_branch_dag.py took 0.079 seconds
[2024-05-11T15:49:41.355+0000] {processor.py:161} INFO - Started process (PID=448) to work on /home/airflow/.local/lib/python3.12/site-packages/airflow/example_dags/example_nested_branch_dag.py
[2024-05-11T15:49:41.355+0000] {processor.py:830} INFO - Processing file /home/airflow/.local/lib/python3.12/site-packages/airflow/example_dags/example_nested_branch_dag.py for tasks to queue
[2024-05-11T15:49:41.357+0000] {logging_mixin.py:188} INFO - [2024-05-11T15:49:41.357+0000] {dagbag.py:545} INFO - Filling up the DagBag from /home/airflow/.local/lib/python3.12/site-packages/airflow/example_dags/example_nested_branch_dag.py
[2024-05-11T15:49:41.365+0000] {processor.py:840} INFO - DAG(s) 'example_nested_branch_dag' retrieved from /home/airflow/.local/lib/python3.12/site-packages/airflow/example_dags/example_nested_branch_dag.py
[2024-05-11T15:49:41.385+0000] {logging_mixin.py:188} INFO - [2024-05-11T15:49:41.384+0000] {dag.py:3096} INFO - Sync 1 DAGs
[2024-05-11T15:49:41.407+0000] {logging_mixin.py:188} INFO - [2024-05-11T15:49:41.407+0000] {dag.py:3954} INFO - Setting next_dagrun for example_nested_branch_dag to 2024-05-10 00:00:00+00:00, run_after=2024-05-11 00:00:00+00:00
[2024-05-11T15:49:41.425+0000] {processor.py:183} INFO - Processing /home/airflow/.local/lib/python3.12/site-packages/airflow/example_dags/example_nested_branch_dag.py took 0.075 seconds
[2024-05-11T15:50:11.931+0000] {processor.py:161} INFO - Started process (PID=507) to work on /home/airflow/.local/lib/python3.12/site-packages/airflow/example_dags/example_nested_branch_dag.py
[2024-05-11T15:50:11.931+0000] {processor.py:830} INFO - Processing file /home/airflow/.local/lib/python3.12/site-packages/airflow/example_dags/example_nested_branch_dag.py for tasks to queue
[2024-05-11T15:50:11.933+0000] {logging_mixin.py:188} INFO - [2024-05-11T15:50:11.932+0000] {dagbag.py:545} INFO - Filling up the DagBag from /home/airflow/.local/lib/python3.12/site-packages/airflow/example_dags/example_nested_branch_dag.py
[2024-05-11T15:50:11.941+0000] {processor.py:840} INFO - DAG(s) 'example_nested_branch_dag' retrieved from /home/airflow/.local/lib/python3.12/site-packages/airflow/example_dags/example_nested_branch_dag.py
[2024-05-11T15:50:11.963+0000] {logging_mixin.py:188} INFO - [2024-05-11T15:50:11.963+0000] {dag.py:3096} INFO - Sync 1 DAGs
[2024-05-11T15:50:11.983+0000] {logging_mixin.py:188} INFO - [2024-05-11T15:50:11.983+0000] {dag.py:3954} INFO - Setting next_dagrun for example_nested_branch_dag to 2024-05-10 00:00:00+00:00, run_after=2024-05-11 00:00:00+00:00
[2024-05-11T15:50:12.000+0000] {processor.py:183} INFO - Processing /home/airflow/.local/lib/python3.12/site-packages/airflow/example_dags/example_nested_branch_dag.py took 0.074 seconds
[2024-05-11T15:50:42.248+0000] {processor.py:161} INFO - Started process (PID=565) to work on /home/airflow/.local/lib/python3.12/site-packages/airflow/example_dags/example_nested_branch_dag.py
[2024-05-11T15:50:42.249+0000] {processor.py:830} INFO - Processing file /home/airflow/.local/lib/python3.12/site-packages/airflow/example_dags/example_nested_branch_dag.py for tasks to queue
[2024-05-11T15:50:42.251+0000] {logging_mixin.py:188} INFO - [2024-05-11T15:50:42.250+0000] {dagbag.py:545} INFO - Filling up the DagBag from /home/airflow/.local/lib/python3.12/site-packages/airflow/example_dags/example_nested_branch_dag.py
[2024-05-11T15:50:42.258+0000] {processor.py:840} INFO - DAG(s) 'example_nested_branch_dag' retrieved from /home/airflow/.local/lib/python3.12/site-packages/airflow/example_dags/example_nested_branch_dag.py
[2024-05-11T15:50:42.276+0000] {logging_mixin.py:188} INFO - [2024-05-11T15:50:42.276+0000] {dag.py:3096} INFO - Sync 1 DAGs
[2024-05-11T15:50:42.295+0000] {logging_mixin.py:188} INFO - [2024-05-11T15:50:42.295+0000] {dag.py:3954} INFO - Setting next_dagrun for example_nested_branch_dag to 2024-05-10 00:00:00+00:00, run_after=2024-05-11 00:00:00+00:00
[2024-05-11T15:50:42.311+0000] {processor.py:183} INFO - Processing /home/airflow/.local/lib/python3.12/site-packages/airflow/example_dags/example_nested_branch_dag.py took 0.066 seconds
[2024-05-11T15:51:12.366+0000] {processor.py:161} INFO - Started process (PID=623) to work on /home/airflow/.local/lib/python3.12/site-packages/airflow/example_dags/example_nested_branch_dag.py
[2024-05-11T15:51:12.367+0000] {processor.py:830} INFO - Processing file /home/airflow/.local/lib/python3.12/site-packages/airflow/example_dags/example_nested_branch_dag.py for tasks to queue
[2024-05-11T15:51:12.369+0000] {logging_mixin.py:188} INFO - [2024-05-11T15:51:12.368+0000] {dagbag.py:545} INFO - Filling up the DagBag from /home/airflow/.local/lib/python3.12/site-packages/airflow/example_dags/example_nested_branch_dag.py
[2024-05-11T15:51:12.376+0000] {processor.py:840} INFO - DAG(s) 'example_nested_branch_dag' retrieved from /home/airflow/.local/lib/python3.12/site-packages/airflow/example_dags/example_nested_branch_dag.py
[2024-05-11T15:51:12.395+0000] {logging_mixin.py:188} INFO - [2024-05-11T15:51:12.395+0000] {dag.py:3096} INFO - Sync 1 DAGs
[2024-05-11T15:51:12.414+0000] {logging_mixin.py:188} INFO - [2024-05-11T15:51:12.414+0000] {dag.py:3954} INFO - Setting next_dagrun for example_nested_branch_dag to 2024-05-10 00:00:00+00:00, run_after=2024-05-11 00:00:00+00:00
[2024-05-11T15:51:12.430+0000] {processor.py:183} INFO - Processing /home/airflow/.local/lib/python3.12/site-packages/airflow/example_dags/example_nested_branch_dag.py took 0.068 seconds
[2024-05-11T15:51:43.269+0000] {processor.py:161} INFO - Started process (PID=679) to work on /home/airflow/.local/lib/python3.12/site-packages/airflow/example_dags/example_nested_branch_dag.py
[2024-05-11T15:51:43.269+0000] {processor.py:830} INFO - Processing file /home/airflow/.local/lib/python3.12/site-packages/airflow/example_dags/example_nested_branch_dag.py for tasks to queue
[2024-05-11T15:51:43.271+0000] {logging_mixin.py:188} INFO - [2024-05-11T15:51:43.271+0000] {dagbag.py:545} INFO - Filling up the DagBag from /home/airflow/.local/lib/python3.12/site-packages/airflow/example_dags/example_nested_branch_dag.py
[2024-05-11T15:51:43.288+0000] {processor.py:840} INFO - DAG(s) 'example_nested_branch_dag' retrieved from /home/airflow/.local/lib/python3.12/site-packages/airflow/example_dags/example_nested_branch_dag.py
[2024-05-11T15:51:43.315+0000] {logging_mixin.py:188} INFO - [2024-05-11T15:51:43.315+0000] {dag.py:3096} INFO - Sync 1 DAGs
[2024-05-11T15:51:43.360+0000] {logging_mixin.py:188} INFO - [2024-05-11T15:51:43.360+0000] {dag.py:3954} INFO - Setting next_dagrun for example_nested_branch_dag to 2024-05-10 00:00:00+00:00, run_after=2024-05-11 00:00:00+00:00
[2024-05-11T15:51:43.385+0000] {processor.py:183} INFO - Processing /home/airflow/.local/lib/python3.12/site-packages/airflow/example_dags/example_nested_branch_dag.py took 0.121 seconds
[2024-05-11T15:52:13.924+0000] {processor.py:161} INFO - Started process (PID=737) to work on /home/airflow/.local/lib/python3.12/site-packages/airflow/example_dags/example_nested_branch_dag.py
[2024-05-11T15:52:13.927+0000] {processor.py:830} INFO - Processing file /home/airflow/.local/lib/python3.12/site-packages/airflow/example_dags/example_nested_branch_dag.py for tasks to queue
[2024-05-11T15:52:13.948+0000] {logging_mixin.py:188} INFO - [2024-05-11T15:52:13.942+0000] {dagbag.py:545} INFO - Filling up the DagBag from /home/airflow/.local/lib/python3.12/site-packages/airflow/example_dags/example_nested_branch_dag.py
[2024-05-11T15:52:13.979+0000] {processor.py:840} INFO - DAG(s) 'example_nested_branch_dag' retrieved from /home/airflow/.local/lib/python3.12/site-packages/airflow/example_dags/example_nested_branch_dag.py
[2024-05-11T15:52:14.010+0000] {logging_mixin.py:188} INFO - [2024-05-11T15:52:14.010+0000] {dag.py:3096} INFO - Sync 1 DAGs
[2024-05-11T15:52:14.036+0000] {logging_mixin.py:188} INFO - [2024-05-11T15:52:14.036+0000] {dag.py:3954} INFO - Setting next_dagrun for example_nested_branch_dag to 2024-05-10 00:00:00+00:00, run_after=2024-05-11 00:00:00+00:00
[2024-05-11T15:52:14.060+0000] {processor.py:183} INFO - Processing /home/airflow/.local/lib/python3.12/site-packages/airflow/example_dags/example_nested_branch_dag.py took 0.150 seconds
[2024-05-11T15:52:44.541+0000] {processor.py:161} INFO - Started process (PID=795) to work on /home/airflow/.local/lib/python3.12/site-packages/airflow/example_dags/example_nested_branch_dag.py
[2024-05-11T15:52:44.542+0000] {processor.py:830} INFO - Processing file /home/airflow/.local/lib/python3.12/site-packages/airflow/example_dags/example_nested_branch_dag.py for tasks to queue
[2024-05-11T15:52:44.543+0000] {logging_mixin.py:188} INFO - [2024-05-11T15:52:44.543+0000] {dagbag.py:545} INFO - Filling up the DagBag from /home/airflow/.local/lib/python3.12/site-packages/airflow/example_dags/example_nested_branch_dag.py
[2024-05-11T15:52:44.553+0000] {processor.py:840} INFO - DAG(s) 'example_nested_branch_dag' retrieved from /home/airflow/.local/lib/python3.12/site-packages/airflow/example_dags/example_nested_branch_dag.py
[2024-05-11T15:52:44.573+0000] {logging_mixin.py:188} INFO - [2024-05-11T15:52:44.573+0000] {dag.py:3096} INFO - Sync 1 DAGs
[2024-05-11T15:52:44.595+0000] {logging_mixin.py:188} INFO - [2024-05-11T15:52:44.595+0000] {dag.py:3954} INFO - Setting next_dagrun for example_nested_branch_dag to 2024-05-10 00:00:00+00:00, run_after=2024-05-11 00:00:00+00:00
[2024-05-11T15:52:44.614+0000] {processor.py:183} INFO - Processing /home/airflow/.local/lib/python3.12/site-packages/airflow/example_dags/example_nested_branch_dag.py took 0.078 seconds
[2024-05-11T15:53:15.062+0000] {processor.py:161} INFO - Started process (PID=853) to work on /home/airflow/.local/lib/python3.12/site-packages/airflow/example_dags/example_nested_branch_dag.py
[2024-05-11T15:53:15.063+0000] {processor.py:830} INFO - Processing file /home/airflow/.local/lib/python3.12/site-packages/airflow/example_dags/example_nested_branch_dag.py for tasks to queue
[2024-05-11T15:53:15.065+0000] {logging_mixin.py:188} INFO - [2024-05-11T15:53:15.064+0000] {dagbag.py:545} INFO - Filling up the DagBag from /home/airflow/.local/lib/python3.12/site-packages/airflow/example_dags/example_nested_branch_dag.py
[2024-05-11T15:53:15.076+0000] {processor.py:840} INFO - DAG(s) 'example_nested_branch_dag' retrieved from /home/airflow/.local/lib/python3.12/site-packages/airflow/example_dags/example_nested_branch_dag.py
[2024-05-11T15:53:15.101+0000] {logging_mixin.py:188} INFO - [2024-05-11T15:53:15.100+0000] {dag.py:3096} INFO - Sync 1 DAGs
[2024-05-11T15:53:15.124+0000] {logging_mixin.py:188} INFO - [2024-05-11T15:53:15.124+0000] {dag.py:3954} INFO - Setting next_dagrun for example_nested_branch_dag to 2024-05-10 00:00:00+00:00, run_after=2024-05-11 00:00:00+00:00
[2024-05-11T15:53:15.143+0000] {processor.py:183} INFO - Processing /home/airflow/.local/lib/python3.12/site-packages/airflow/example_dags/example_nested_branch_dag.py took 0.085 seconds
[2024-05-11T15:53:45.883+0000] {processor.py:161} INFO - Started process (PID=911) to work on /home/airflow/.local/lib/python3.12/site-packages/airflow/example_dags/example_nested_branch_dag.py
[2024-05-11T15:53:45.885+0000] {processor.py:830} INFO - Processing file /home/airflow/.local/lib/python3.12/site-packages/airflow/example_dags/example_nested_branch_dag.py for tasks to queue
[2024-05-11T15:53:45.887+0000] {logging_mixin.py:188} INFO - [2024-05-11T15:53:45.887+0000] {dagbag.py:545} INFO - Filling up the DagBag from /home/airflow/.local/lib/python3.12/site-packages/airflow/example_dags/example_nested_branch_dag.py
[2024-05-11T15:53:45.898+0000] {processor.py:840} INFO - DAG(s) 'example_nested_branch_dag' retrieved from /home/airflow/.local/lib/python3.12/site-packages/airflow/example_dags/example_nested_branch_dag.py
[2024-05-11T15:53:45.925+0000] {logging_mixin.py:188} INFO - [2024-05-11T15:53:45.924+0000] {dag.py:3096} INFO - Sync 1 DAGs
[2024-05-11T15:53:45.957+0000] {logging_mixin.py:188} INFO - [2024-05-11T15:53:45.956+0000] {dag.py:3954} INFO - Setting next_dagrun for example_nested_branch_dag to 2024-05-10 00:00:00+00:00, run_after=2024-05-11 00:00:00+00:00
[2024-05-11T15:53:45.996+0000] {processor.py:183} INFO - Processing /home/airflow/.local/lib/python3.12/site-packages/airflow/example_dags/example_nested_branch_dag.py took 0.120 seconds
[2024-05-11T15:54:16.417+0000] {processor.py:161} INFO - Started process (PID=969) to work on /home/airflow/.local/lib/python3.12/site-packages/airflow/example_dags/example_nested_branch_dag.py
[2024-05-11T15:54:16.418+0000] {processor.py:830} INFO - Processing file /home/airflow/.local/lib/python3.12/site-packages/airflow/example_dags/example_nested_branch_dag.py for tasks to queue
[2024-05-11T15:54:16.420+0000] {logging_mixin.py:188} INFO - [2024-05-11T15:54:16.419+0000] {dagbag.py:545} INFO - Filling up the DagBag from /home/airflow/.local/lib/python3.12/site-packages/airflow/example_dags/example_nested_branch_dag.py
[2024-05-11T15:54:16.430+0000] {processor.py:840} INFO - DAG(s) 'example_nested_branch_dag' retrieved from /home/airflow/.local/lib/python3.12/site-packages/airflow/example_dags/example_nested_branch_dag.py
[2024-05-11T15:54:16.450+0000] {logging_mixin.py:188} INFO - [2024-05-11T15:54:16.449+0000] {dag.py:3096} INFO - Sync 1 DAGs
[2024-05-11T15:54:16.470+0000] {logging_mixin.py:188} INFO - [2024-05-11T15:54:16.470+0000] {dag.py:3954} INFO - Setting next_dagrun for example_nested_branch_dag to 2024-05-10 00:00:00+00:00, run_after=2024-05-11 00:00:00+00:00
[2024-05-11T15:54:16.488+0000] {processor.py:183} INFO - Processing /home/airflow/.local/lib/python3.12/site-packages/airflow/example_dags/example_nested_branch_dag.py took 0.076 seconds
[2024-05-11T15:54:47.077+0000] {processor.py:161} INFO - Started process (PID=1027) to work on /home/airflow/.local/lib/python3.12/site-packages/airflow/example_dags/example_nested_branch_dag.py
[2024-05-11T15:54:47.078+0000] {processor.py:830} INFO - Processing file /home/airflow/.local/lib/python3.12/site-packages/airflow/example_dags/example_nested_branch_dag.py for tasks to queue
[2024-05-11T15:54:47.081+0000] {logging_mixin.py:188} INFO - [2024-05-11T15:54:47.081+0000] {dagbag.py:545} INFO - Filling up the DagBag from /home/airflow/.local/lib/python3.12/site-packages/airflow/example_dags/example_nested_branch_dag.py
[2024-05-11T15:54:47.096+0000] {processor.py:840} INFO - DAG(s) 'example_nested_branch_dag' retrieved from /home/airflow/.local/lib/python3.12/site-packages/airflow/example_dags/example_nested_branch_dag.py
[2024-05-11T15:54:47.122+0000] {logging_mixin.py:188} INFO - [2024-05-11T15:54:47.121+0000] {dag.py:3096} INFO - Sync 1 DAGs
[2024-05-11T15:54:47.150+0000] {logging_mixin.py:188} INFO - [2024-05-11T15:54:47.150+0000] {dag.py:3954} INFO - Setting next_dagrun for example_nested_branch_dag to 2024-05-10 00:00:00+00:00, run_after=2024-05-11 00:00:00+00:00
[2024-05-11T15:54:47.167+0000] {processor.py:183} INFO - Processing /home/airflow/.local/lib/python3.12/site-packages/airflow/example_dags/example_nested_branch_dag.py took 0.099 seconds
[2024-05-11T15:55:17.791+0000] {processor.py:161} INFO - Started process (PID=1085) to work on /home/airflow/.local/lib/python3.12/site-packages/airflow/example_dags/example_nested_branch_dag.py
[2024-05-11T15:55:17.792+0000] {processor.py:830} INFO - Processing file /home/airflow/.local/lib/python3.12/site-packages/airflow/example_dags/example_nested_branch_dag.py for tasks to queue
[2024-05-11T15:55:17.794+0000] {logging_mixin.py:188} INFO - [2024-05-11T15:55:17.794+0000] {dagbag.py:545} INFO - Filling up the DagBag from /home/airflow/.local/lib/python3.12/site-packages/airflow/example_dags/example_nested_branch_dag.py
[2024-05-11T15:55:17.805+0000] {processor.py:840} INFO - DAG(s) 'example_nested_branch_dag' retrieved from /home/airflow/.local/lib/python3.12/site-packages/airflow/example_dags/example_nested_branch_dag.py
[2024-05-11T15:55:17.825+0000] {logging_mixin.py:188} INFO - [2024-05-11T15:55:17.825+0000] {dag.py:3096} INFO - Sync 1 DAGs
[2024-05-11T15:55:17.847+0000] {logging_mixin.py:188} INFO - [2024-05-11T15:55:17.846+0000] {dag.py:3954} INFO - Setting next_dagrun for example_nested_branch_dag to 2024-05-10 00:00:00+00:00, run_after=2024-05-11 00:00:00+00:00
[2024-05-11T15:55:17.867+0000] {processor.py:183} INFO - Processing /home/airflow/.local/lib/python3.12/site-packages/airflow/example_dags/example_nested_branch_dag.py took 0.081 seconds
[2024-05-11T15:55:48.508+0000] {processor.py:161} INFO - Started process (PID=1150) to work on /home/airflow/.local/lib/python3.12/site-packages/airflow/example_dags/example_nested_branch_dag.py
[2024-05-11T15:55:48.509+0000] {processor.py:830} INFO - Processing file /home/airflow/.local/lib/python3.12/site-packages/airflow/example_dags/example_nested_branch_dag.py for tasks to queue
[2024-05-11T15:55:48.510+0000] {logging_mixin.py:188} INFO - [2024-05-11T15:55:48.510+0000] {dagbag.py:545} INFO - Filling up the DagBag from /home/airflow/.local/lib/python3.12/site-packages/airflow/example_dags/example_nested_branch_dag.py
[2024-05-11T15:55:48.518+0000] {processor.py:840} INFO - DAG(s) 'example_nested_branch_dag' retrieved from /home/airflow/.local/lib/python3.12/site-packages/airflow/example_dags/example_nested_branch_dag.py
[2024-05-11T15:55:48.538+0000] {logging_mixin.py:188} INFO - [2024-05-11T15:55:48.538+0000] {dag.py:3096} INFO - Sync 1 DAGs
[2024-05-11T15:55:48.559+0000] {logging_mixin.py:188} INFO - [2024-05-11T15:55:48.559+0000] {dag.py:3954} INFO - Setting next_dagrun for example_nested_branch_dag to 2024-05-10 00:00:00+00:00, run_after=2024-05-11 00:00:00+00:00
[2024-05-11T15:55:48.575+0000] {processor.py:183} INFO - Processing /home/airflow/.local/lib/python3.12/site-packages/airflow/example_dags/example_nested_branch_dag.py took 0.072 seconds
[2024-05-11T15:56:19.108+0000] {processor.py:161} INFO - Started process (PID=1208) to work on /home/airflow/.local/lib/python3.12/site-packages/airflow/example_dags/example_nested_branch_dag.py
[2024-05-11T15:56:19.109+0000] {processor.py:830} INFO - Processing file /home/airflow/.local/lib/python3.12/site-packages/airflow/example_dags/example_nested_branch_dag.py for tasks to queue
[2024-05-11T15:56:19.110+0000] {logging_mixin.py:188} INFO - [2024-05-11T15:56:19.110+0000] {dagbag.py:545} INFO - Filling up the DagBag from /home/airflow/.local/lib/python3.12/site-packages/airflow/example_dags/example_nested_branch_dag.py
[2024-05-11T15:56:19.120+0000] {processor.py:840} INFO - DAG(s) 'example_nested_branch_dag' retrieved from /home/airflow/.local/lib/python3.12/site-packages/airflow/example_dags/example_nested_branch_dag.py
[2024-05-11T15:56:19.143+0000] {logging_mixin.py:188} INFO - [2024-05-11T15:56:19.143+0000] {dag.py:3096} INFO - Sync 1 DAGs
[2024-05-11T15:56:19.167+0000] {logging_mixin.py:188} INFO - [2024-05-11T15:56:19.166+0000] {dag.py:3954} INFO - Setting next_dagrun for example_nested_branch_dag to 2024-05-10 00:00:00+00:00, run_after=2024-05-11 00:00:00+00:00
[2024-05-11T15:56:19.187+0000] {processor.py:183} INFO - Processing /home/airflow/.local/lib/python3.12/site-packages/airflow/example_dags/example_nested_branch_dag.py took 0.084 seconds
[2024-05-11T15:56:49.774+0000] {processor.py:161} INFO - Started process (PID=1266) to work on /home/airflow/.local/lib/python3.12/site-packages/airflow/example_dags/example_nested_branch_dag.py
[2024-05-11T15:56:49.775+0000] {processor.py:830} INFO - Processing file /home/airflow/.local/lib/python3.12/site-packages/airflow/example_dags/example_nested_branch_dag.py for tasks to queue
[2024-05-11T15:56:49.777+0000] {logging_mixin.py:188} INFO - [2024-05-11T15:56:49.777+0000] {dagbag.py:545} INFO - Filling up the DagBag from /home/airflow/.local/lib/python3.12/site-packages/airflow/example_dags/example_nested_branch_dag.py
[2024-05-11T15:56:49.788+0000] {processor.py:840} INFO - DAG(s) 'example_nested_branch_dag' retrieved from /home/airflow/.local/lib/python3.12/site-packages/airflow/example_dags/example_nested_branch_dag.py
[2024-05-11T15:56:49.808+0000] {logging_mixin.py:188} INFO - [2024-05-11T15:56:49.808+0000] {dag.py:3096} INFO - Sync 1 DAGs
[2024-05-11T15:56:49.831+0000] {logging_mixin.py:188} INFO - [2024-05-11T15:56:49.831+0000] {dag.py:3954} INFO - Setting next_dagrun for example_nested_branch_dag to 2024-05-10 00:00:00+00:00, run_after=2024-05-11 00:00:00+00:00
[2024-05-11T15:56:49.853+0000] {processor.py:183} INFO - Processing /home/airflow/.local/lib/python3.12/site-packages/airflow/example_dags/example_nested_branch_dag.py took 0.085 seconds
[2024-05-11T16:03:40.685+0000] {processor.py:161} INFO - Started process (PID=42) to work on /home/airflow/.local/lib/python3.12/site-packages/airflow/example_dags/example_nested_branch_dag.py
[2024-05-11T16:03:40.692+0000] {processor.py:830} INFO - Processing file /home/airflow/.local/lib/python3.12/site-packages/airflow/example_dags/example_nested_branch_dag.py for tasks to queue
[2024-05-11T16:03:40.695+0000] {logging_mixin.py:188} INFO - [2024-05-11T16:03:40.695+0000] {dagbag.py:545} INFO - Filling up the DagBag from /home/airflow/.local/lib/python3.12/site-packages/airflow/example_dags/example_nested_branch_dag.py
[2024-05-11T16:03:40.709+0000] {processor.py:840} INFO - DAG(s) 'example_nested_branch_dag' retrieved from /home/airflow/.local/lib/python3.12/site-packages/airflow/example_dags/example_nested_branch_dag.py
[2024-05-11T16:03:40.727+0000] {logging_mixin.py:188} INFO - [2024-05-11T16:03:40.727+0000] {dag.py:3096} INFO - Sync 1 DAGs
[2024-05-11T16:03:40.769+0000] {logging_mixin.py:188} INFO - [2024-05-11T16:03:40.768+0000] {dag.py:3954} INFO - Setting next_dagrun for example_nested_branch_dag to 2024-05-10 00:00:00+00:00, run_after=2024-05-11 00:00:00+00:00
[2024-05-11T16:03:40.797+0000] {processor.py:183} INFO - Processing /home/airflow/.local/lib/python3.12/site-packages/airflow/example_dags/example_nested_branch_dag.py took 0.118 seconds
[2024-05-11T16:04:11.123+0000] {processor.py:161} INFO - Started process (PID=100) to work on /home/airflow/.local/lib/python3.12/site-packages/airflow/example_dags/example_nested_branch_dag.py
[2024-05-11T16:04:11.125+0000] {processor.py:830} INFO - Processing file /home/airflow/.local/lib/python3.12/site-packages/airflow/example_dags/example_nested_branch_dag.py for tasks to queue
[2024-05-11T16:04:11.126+0000] {logging_mixin.py:188} INFO - [2024-05-11T16:04:11.126+0000] {dagbag.py:545} INFO - Filling up the DagBag from /home/airflow/.local/lib/python3.12/site-packages/airflow/example_dags/example_nested_branch_dag.py
[2024-05-11T16:04:11.136+0000] {processor.py:840} INFO - DAG(s) 'example_nested_branch_dag' retrieved from /home/airflow/.local/lib/python3.12/site-packages/airflow/example_dags/example_nested_branch_dag.py
[2024-05-11T16:04:11.241+0000] {logging_mixin.py:188} INFO - [2024-05-11T16:04:11.240+0000] {dag.py:3096} INFO - Sync 1 DAGs
[2024-05-11T16:04:11.265+0000] {logging_mixin.py:188} INFO - [2024-05-11T16:04:11.265+0000] {dag.py:3954} INFO - Setting next_dagrun for example_nested_branch_dag to 2024-05-10 00:00:00+00:00, run_after=2024-05-11 00:00:00+00:00
[2024-05-11T16:04:11.286+0000] {processor.py:183} INFO - Processing /home/airflow/.local/lib/python3.12/site-packages/airflow/example_dags/example_nested_branch_dag.py took 0.169 seconds
[2024-05-11T16:04:41.413+0000] {processor.py:161} INFO - Started process (PID=158) to work on /home/airflow/.local/lib/python3.12/site-packages/airflow/example_dags/example_nested_branch_dag.py
[2024-05-11T16:04:41.414+0000] {processor.py:830} INFO - Processing file /home/airflow/.local/lib/python3.12/site-packages/airflow/example_dags/example_nested_branch_dag.py for tasks to queue
[2024-05-11T16:04:41.415+0000] {logging_mixin.py:188} INFO - [2024-05-11T16:04:41.415+0000] {dagbag.py:545} INFO - Filling up the DagBag from /home/airflow/.local/lib/python3.12/site-packages/airflow/example_dags/example_nested_branch_dag.py
[2024-05-11T16:04:41.425+0000] {processor.py:840} INFO - DAG(s) 'example_nested_branch_dag' retrieved from /home/airflow/.local/lib/python3.12/site-packages/airflow/example_dags/example_nested_branch_dag.py
[2024-05-11T16:04:41.447+0000] {logging_mixin.py:188} INFO - [2024-05-11T16:04:41.447+0000] {dag.py:3096} INFO - Sync 1 DAGs
[2024-05-11T16:04:41.467+0000] {logging_mixin.py:188} INFO - [2024-05-11T16:04:41.466+0000] {dag.py:3954} INFO - Setting next_dagrun for example_nested_branch_dag to 2024-05-10 00:00:00+00:00, run_after=2024-05-11 00:00:00+00:00
[2024-05-11T16:04:41.482+0000] {processor.py:183} INFO - Processing /home/airflow/.local/lib/python3.12/site-packages/airflow/example_dags/example_nested_branch_dag.py took 0.075 seconds
[2024-05-11T16:05:11.569+0000] {processor.py:161} INFO - Started process (PID=216) to work on /home/airflow/.local/lib/python3.12/site-packages/airflow/example_dags/example_nested_branch_dag.py
[2024-05-11T16:05:11.569+0000] {processor.py:830} INFO - Processing file /home/airflow/.local/lib/python3.12/site-packages/airflow/example_dags/example_nested_branch_dag.py for tasks to queue
[2024-05-11T16:05:11.571+0000] {logging_mixin.py:188} INFO - [2024-05-11T16:05:11.571+0000] {dagbag.py:545} INFO - Filling up the DagBag from /home/airflow/.local/lib/python3.12/site-packages/airflow/example_dags/example_nested_branch_dag.py
[2024-05-11T16:05:11.579+0000] {processor.py:840} INFO - DAG(s) 'example_nested_branch_dag' retrieved from /home/airflow/.local/lib/python3.12/site-packages/airflow/example_dags/example_nested_branch_dag.py
[2024-05-11T16:05:11.597+0000] {logging_mixin.py:188} INFO - [2024-05-11T16:05:11.597+0000] {dag.py:3096} INFO - Sync 1 DAGs
[2024-05-11T16:05:11.619+0000] {logging_mixin.py:188} INFO - [2024-05-11T16:05:11.619+0000] {dag.py:3954} INFO - Setting next_dagrun for example_nested_branch_dag to 2024-05-10 00:00:00+00:00, run_after=2024-05-11 00:00:00+00:00
[2024-05-11T16:05:11.636+0000] {processor.py:183} INFO - Processing /home/airflow/.local/lib/python3.12/site-packages/airflow/example_dags/example_nested_branch_dag.py took 0.072 seconds
[2024-05-11T16:05:42.299+0000] {processor.py:161} INFO - Started process (PID=274) to work on /home/airflow/.local/lib/python3.12/site-packages/airflow/example_dags/example_nested_branch_dag.py
[2024-05-11T16:05:42.300+0000] {processor.py:830} INFO - Processing file /home/airflow/.local/lib/python3.12/site-packages/airflow/example_dags/example_nested_branch_dag.py for tasks to queue
[2024-05-11T16:05:42.301+0000] {logging_mixin.py:188} INFO - [2024-05-11T16:05:42.301+0000] {dagbag.py:545} INFO - Filling up the DagBag from /home/airflow/.local/lib/python3.12/site-packages/airflow/example_dags/example_nested_branch_dag.py
[2024-05-11T16:05:42.309+0000] {processor.py:840} INFO - DAG(s) 'example_nested_branch_dag' retrieved from /home/airflow/.local/lib/python3.12/site-packages/airflow/example_dags/example_nested_branch_dag.py
[2024-05-11T16:05:42.330+0000] {logging_mixin.py:188} INFO - [2024-05-11T16:05:42.329+0000] {dag.py:3096} INFO - Sync 1 DAGs
[2024-05-11T16:05:42.350+0000] {logging_mixin.py:188} INFO - [2024-05-11T16:05:42.350+0000] {dag.py:3954} INFO - Setting next_dagrun for example_nested_branch_dag to 2024-05-10 00:00:00+00:00, run_after=2024-05-11 00:00:00+00:00
[2024-05-11T16:05:42.526+0000] {processor.py:183} INFO - Processing /home/airflow/.local/lib/python3.12/site-packages/airflow/example_dags/example_nested_branch_dag.py took 0.232 seconds
