[2024-05-11T11:30:39.252+0000] {processor.py:161} INFO - Started process (PID=66) to work on /home/airflow/.local/lib/python3.12/site-packages/airflow/example_dags/example_params_ui_tutorial.py
[2024-05-11T11:30:39.255+0000] {processor.py:830} INFO - Processing file /home/airflow/.local/lib/python3.12/site-packages/airflow/example_dags/example_params_ui_tutorial.py for tasks to queue
[2024-05-11T11:30:39.259+0000] {logging_mixin.py:188} INFO - [2024-05-11T11:30:39.259+0000] {dagbag.py:545} INFO - Filling up the DagBag from /home/airflow/.local/lib/python3.12/site-packages/airflow/example_dags/example_params_ui_tutorial.py
[2024-05-11T11:30:39.391+0000] {processor.py:840} INFO - DAG(s) 'example_params_ui_tutorial' retrieved from /home/airflow/.local/lib/python3.12/site-packages/airflow/example_dags/example_params_ui_tutorial.py
[2024-05-11T11:30:40.844+0000] {logging_mixin.py:188} INFO - [2024-05-11T11:30:40.825+0000] {override.py:1829} INFO - Created Permission View: can edit on DAG:example_params_ui_tutorial
[2024-05-11T11:30:40.865+0000] {logging_mixin.py:188} INFO - [2024-05-11T11:30:40.864+0000] {override.py:1829} INFO - Created Permission View: can read on DAG:example_params_ui_tutorial
[2024-05-11T11:30:40.879+0000] {logging_mixin.py:188} INFO - [2024-05-11T11:30:40.877+0000] {override.py:1829} INFO - Created Permission View: can delete on DAG:example_params_ui_tutorial
[2024-05-11T11:30:40.881+0000] {logging_mixin.py:188} INFO - [2024-05-11T11:30:40.880+0000] {dag.py:3096} INFO - Sync 1 DAGs
[2024-05-11T11:30:40.929+0000] {logging_mixin.py:188} INFO - [2024-05-11T11:30:40.928+0000] {dag.py:3118} INFO - Creating ORM DAG for example_params_ui_tutorial
[2024-05-11T11:30:40.934+0000] {logging_mixin.py:188} INFO - [2024-05-11T11:30:40.934+0000] {dag.py:3954} INFO - Setting next_dagrun for example_params_ui_tutorial to None, run_after=None
[2024-05-11T11:30:41.139+0000] {processor.py:183} INFO - Processing /home/airflow/.local/lib/python3.12/site-packages/airflow/example_dags/example_params_ui_tutorial.py took 1.867 seconds
[2024-05-11T11:31:13.800+0000] {processor.py:161} INFO - Started process (PID=124) to work on /home/airflow/.local/lib/python3.12/site-packages/airflow/example_dags/example_params_ui_tutorial.py
[2024-05-11T11:31:13.802+0000] {processor.py:830} INFO - Processing file /home/airflow/.local/lib/python3.12/site-packages/airflow/example_dags/example_params_ui_tutorial.py for tasks to queue
[2024-05-11T11:31:13.803+0000] {logging_mixin.py:188} INFO - [2024-05-11T11:31:13.803+0000] {dagbag.py:545} INFO - Filling up the DagBag from /home/airflow/.local/lib/python3.12/site-packages/airflow/example_dags/example_params_ui_tutorial.py
[2024-05-11T11:31:13.814+0000] {processor.py:840} INFO - DAG(s) 'example_params_ui_tutorial' retrieved from /home/airflow/.local/lib/python3.12/site-packages/airflow/example_dags/example_params_ui_tutorial.py
[2024-05-11T11:31:13.870+0000] {logging_mixin.py:188} INFO - [2024-05-11T11:31:13.869+0000] {dag.py:3096} INFO - Sync 1 DAGs
[2024-05-11T11:31:13.892+0000] {logging_mixin.py:188} INFO - [2024-05-11T11:31:13.891+0000] {dag.py:3954} INFO - Setting next_dagrun for example_params_ui_tutorial to None, run_after=None
[2024-05-11T11:31:13.924+0000] {processor.py:183} INFO - Processing /home/airflow/.local/lib/python3.12/site-packages/airflow/example_dags/example_params_ui_tutorial.py took 0.129 seconds
[2024-05-11T11:31:44.830+0000] {processor.py:161} INFO - Started process (PID=180) to work on /home/airflow/.local/lib/python3.12/site-packages/airflow/example_dags/example_params_ui_tutorial.py
[2024-05-11T11:31:44.830+0000] {processor.py:830} INFO - Processing file /home/airflow/.local/lib/python3.12/site-packages/airflow/example_dags/example_params_ui_tutorial.py for tasks to queue
[2024-05-11T11:31:44.832+0000] {logging_mixin.py:188} INFO - [2024-05-11T11:31:44.832+0000] {dagbag.py:545} INFO - Filling up the DagBag from /home/airflow/.local/lib/python3.12/site-packages/airflow/example_dags/example_params_ui_tutorial.py
[2024-05-11T11:31:44.842+0000] {processor.py:840} INFO - DAG(s) 'example_params_ui_tutorial' retrieved from /home/airflow/.local/lib/python3.12/site-packages/airflow/example_dags/example_params_ui_tutorial.py
[2024-05-11T11:31:44.893+0000] {logging_mixin.py:188} INFO - [2024-05-11T11:31:44.893+0000] {dag.py:3096} INFO - Sync 1 DAGs
[2024-05-11T11:31:44.906+0000] {logging_mixin.py:188} INFO - [2024-05-11T11:31:44.905+0000] {dag.py:3954} INFO - Setting next_dagrun for example_params_ui_tutorial to None, run_after=None
[2024-05-11T11:31:44.923+0000] {processor.py:183} INFO - Processing /home/airflow/.local/lib/python3.12/site-packages/airflow/example_dags/example_params_ui_tutorial.py took 0.098 seconds
[2024-05-11T11:32:15.913+0000] {processor.py:161} INFO - Started process (PID=238) to work on /home/airflow/.local/lib/python3.12/site-packages/airflow/example_dags/example_params_ui_tutorial.py
[2024-05-11T11:32:15.914+0000] {processor.py:830} INFO - Processing file /home/airflow/.local/lib/python3.12/site-packages/airflow/example_dags/example_params_ui_tutorial.py for tasks to queue
[2024-05-11T11:32:15.915+0000] {logging_mixin.py:188} INFO - [2024-05-11T11:32:15.915+0000] {dagbag.py:545} INFO - Filling up the DagBag from /home/airflow/.local/lib/python3.12/site-packages/airflow/example_dags/example_params_ui_tutorial.py
[2024-05-11T11:32:15.925+0000] {processor.py:840} INFO - DAG(s) 'example_params_ui_tutorial' retrieved from /home/airflow/.local/lib/python3.12/site-packages/airflow/example_dags/example_params_ui_tutorial.py
[2024-05-11T11:32:15.974+0000] {logging_mixin.py:188} INFO - [2024-05-11T11:32:15.974+0000] {dag.py:3096} INFO - Sync 1 DAGs
[2024-05-11T11:32:15.986+0000] {logging_mixin.py:188} INFO - [2024-05-11T11:32:15.986+0000] {dag.py:3954} INFO - Setting next_dagrun for example_params_ui_tutorial to None, run_after=None
[2024-05-11T11:32:16.005+0000] {processor.py:183} INFO - Processing /home/airflow/.local/lib/python3.12/site-packages/airflow/example_dags/example_params_ui_tutorial.py took 0.097 seconds
[2024-05-11T11:32:46.075+0000] {processor.py:161} INFO - Started process (PID=296) to work on /home/airflow/.local/lib/python3.12/site-packages/airflow/example_dags/example_params_ui_tutorial.py
[2024-05-11T11:32:46.077+0000] {processor.py:830} INFO - Processing file /home/airflow/.local/lib/python3.12/site-packages/airflow/example_dags/example_params_ui_tutorial.py for tasks to queue
[2024-05-11T11:32:46.081+0000] {logging_mixin.py:188} INFO - [2024-05-11T11:32:46.080+0000] {dagbag.py:545} INFO - Filling up the DagBag from /home/airflow/.local/lib/python3.12/site-packages/airflow/example_dags/example_params_ui_tutorial.py
[2024-05-11T11:32:46.102+0000] {processor.py:840} INFO - DAG(s) 'example_params_ui_tutorial' retrieved from /home/airflow/.local/lib/python3.12/site-packages/airflow/example_dags/example_params_ui_tutorial.py
[2024-05-11T11:32:46.156+0000] {logging_mixin.py:188} INFO - [2024-05-11T11:32:46.156+0000] {dag.py:3096} INFO - Sync 1 DAGs
[2024-05-11T11:32:46.172+0000] {logging_mixin.py:188} INFO - [2024-05-11T11:32:46.171+0000] {dag.py:3954} INFO - Setting next_dagrun for example_params_ui_tutorial to None, run_after=None
[2024-05-11T11:32:46.192+0000] {processor.py:183} INFO - Processing /home/airflow/.local/lib/python3.12/site-packages/airflow/example_dags/example_params_ui_tutorial.py took 0.125 seconds
[2024-05-11T11:33:16.607+0000] {processor.py:161} INFO - Started process (PID=354) to work on /home/airflow/.local/lib/python3.12/site-packages/airflow/example_dags/example_params_ui_tutorial.py
[2024-05-11T11:33:16.609+0000] {processor.py:830} INFO - Processing file /home/airflow/.local/lib/python3.12/site-packages/airflow/example_dags/example_params_ui_tutorial.py for tasks to queue
[2024-05-11T11:33:16.613+0000] {logging_mixin.py:188} INFO - [2024-05-11T11:33:16.611+0000] {dagbag.py:545} INFO - Filling up the DagBag from /home/airflow/.local/lib/python3.12/site-packages/airflow/example_dags/example_params_ui_tutorial.py
[2024-05-11T11:33:16.660+0000] {processor.py:840} INFO - DAG(s) 'example_params_ui_tutorial' retrieved from /home/airflow/.local/lib/python3.12/site-packages/airflow/example_dags/example_params_ui_tutorial.py
[2024-05-11T11:33:16.714+0000] {logging_mixin.py:188} INFO - [2024-05-11T11:33:16.713+0000] {dag.py:3096} INFO - Sync 1 DAGs
[2024-05-11T11:33:16.726+0000] {logging_mixin.py:188} INFO - [2024-05-11T11:33:16.726+0000] {dag.py:3954} INFO - Setting next_dagrun for example_params_ui_tutorial to None, run_after=None
[2024-05-11T11:33:16.744+0000] {processor.py:183} INFO - Processing /home/airflow/.local/lib/python3.12/site-packages/airflow/example_dags/example_params_ui_tutorial.py took 0.203 seconds
[2024-05-11T11:33:47.416+0000] {processor.py:161} INFO - Started process (PID=412) to work on /home/airflow/.local/lib/python3.12/site-packages/airflow/example_dags/example_params_ui_tutorial.py
[2024-05-11T11:33:47.417+0000] {processor.py:830} INFO - Processing file /home/airflow/.local/lib/python3.12/site-packages/airflow/example_dags/example_params_ui_tutorial.py for tasks to queue
[2024-05-11T11:33:47.419+0000] {logging_mixin.py:188} INFO - [2024-05-11T11:33:47.419+0000] {dagbag.py:545} INFO - Filling up the DagBag from /home/airflow/.local/lib/python3.12/site-packages/airflow/example_dags/example_params_ui_tutorial.py
[2024-05-11T11:33:47.434+0000] {processor.py:840} INFO - DAG(s) 'example_params_ui_tutorial' retrieved from /home/airflow/.local/lib/python3.12/site-packages/airflow/example_dags/example_params_ui_tutorial.py
[2024-05-11T11:33:47.488+0000] {logging_mixin.py:188} INFO - [2024-05-11T11:33:47.487+0000] {dag.py:3096} INFO - Sync 1 DAGs
[2024-05-11T11:33:47.500+0000] {logging_mixin.py:188} INFO - [2024-05-11T11:33:47.500+0000] {dag.py:3954} INFO - Setting next_dagrun for example_params_ui_tutorial to None, run_after=None
[2024-05-11T11:33:47.520+0000] {processor.py:183} INFO - Processing /home/airflow/.local/lib/python3.12/site-packages/airflow/example_dags/example_params_ui_tutorial.py took 0.108 seconds
[2024-05-11T11:34:18.165+0000] {processor.py:161} INFO - Started process (PID=470) to work on /home/airflow/.local/lib/python3.12/site-packages/airflow/example_dags/example_params_ui_tutorial.py
[2024-05-11T11:34:18.167+0000] {processor.py:830} INFO - Processing file /home/airflow/.local/lib/python3.12/site-packages/airflow/example_dags/example_params_ui_tutorial.py for tasks to queue
[2024-05-11T11:34:18.170+0000] {logging_mixin.py:188} INFO - [2024-05-11T11:34:18.169+0000] {dagbag.py:545} INFO - Filling up the DagBag from /home/airflow/.local/lib/python3.12/site-packages/airflow/example_dags/example_params_ui_tutorial.py
[2024-05-11T11:34:18.183+0000] {processor.py:840} INFO - DAG(s) 'example_params_ui_tutorial' retrieved from /home/airflow/.local/lib/python3.12/site-packages/airflow/example_dags/example_params_ui_tutorial.py
[2024-05-11T11:34:18.196+0000] {logging_mixin.py:188} INFO - [2024-05-11T11:34:18.195+0000] {dag.py:3096} INFO - Sync 1 DAGs
[2024-05-11T11:34:18.209+0000] {logging_mixin.py:188} INFO - [2024-05-11T11:34:18.209+0000] {dag.py:3954} INFO - Setting next_dagrun for example_params_ui_tutorial to None, run_after=None
[2024-05-11T11:34:18.230+0000] {processor.py:183} INFO - Processing /home/airflow/.local/lib/python3.12/site-packages/airflow/example_dags/example_params_ui_tutorial.py took 0.071 seconds
[2024-05-11T11:34:48.932+0000] {processor.py:161} INFO - Started process (PID=528) to work on /home/airflow/.local/lib/python3.12/site-packages/airflow/example_dags/example_params_ui_tutorial.py
[2024-05-11T11:34:48.934+0000] {processor.py:830} INFO - Processing file /home/airflow/.local/lib/python3.12/site-packages/airflow/example_dags/example_params_ui_tutorial.py for tasks to queue
[2024-05-11T11:34:48.936+0000] {logging_mixin.py:188} INFO - [2024-05-11T11:34:48.935+0000] {dagbag.py:545} INFO - Filling up the DagBag from /home/airflow/.local/lib/python3.12/site-packages/airflow/example_dags/example_params_ui_tutorial.py
[2024-05-11T11:34:48.946+0000] {processor.py:840} INFO - DAG(s) 'example_params_ui_tutorial' retrieved from /home/airflow/.local/lib/python3.12/site-packages/airflow/example_dags/example_params_ui_tutorial.py
[2024-05-11T11:34:49.241+0000] {logging_mixin.py:188} INFO - [2024-05-11T11:34:49.241+0000] {dag.py:3096} INFO - Sync 1 DAGs
[2024-05-11T11:34:49.280+0000] {logging_mixin.py:188} INFO - [2024-05-11T11:34:49.280+0000] {dag.py:3954} INFO - Setting next_dagrun for example_params_ui_tutorial to None, run_after=None
[2024-05-11T11:34:49.304+0000] {processor.py:183} INFO - Processing /home/airflow/.local/lib/python3.12/site-packages/airflow/example_dags/example_params_ui_tutorial.py took 0.376 seconds
[2024-05-11T15:07:41.422+0000] {processor.py:161} INFO - Started process (PID=48) to work on /home/airflow/.local/lib/python3.12/site-packages/airflow/example_dags/example_params_ui_tutorial.py
[2024-05-11T15:07:41.424+0000] {processor.py:830} INFO - Processing file /home/airflow/.local/lib/python3.12/site-packages/airflow/example_dags/example_params_ui_tutorial.py for tasks to queue
[2024-05-11T15:07:41.427+0000] {logging_mixin.py:188} INFO - [2024-05-11T15:07:41.427+0000] {dagbag.py:545} INFO - Filling up the DagBag from /home/airflow/.local/lib/python3.12/site-packages/airflow/example_dags/example_params_ui_tutorial.py
[2024-05-11T15:07:41.448+0000] {processor.py:840} INFO - DAG(s) 'example_params_ui_tutorial' retrieved from /home/airflow/.local/lib/python3.12/site-packages/airflow/example_dags/example_params_ui_tutorial.py
[2024-05-11T15:07:41.537+0000] {logging_mixin.py:188} INFO - [2024-05-11T15:07:41.537+0000] {dag.py:3096} INFO - Sync 1 DAGs
[2024-05-11T15:07:41.557+0000] {logging_mixin.py:188} INFO - [2024-05-11T15:07:41.556+0000] {dag.py:3954} INFO - Setting next_dagrun for example_params_ui_tutorial to None, run_after=None
[2024-05-11T15:07:41.581+0000] {processor.py:183} INFO - Processing /home/airflow/.local/lib/python3.12/site-packages/airflow/example_dags/example_params_ui_tutorial.py took 0.171 seconds
[2024-05-11T15:08:13.163+0000] {processor.py:161} INFO - Started process (PID=106) to work on /home/airflow/.local/lib/python3.12/site-packages/airflow/example_dags/example_params_ui_tutorial.py
[2024-05-11T15:08:13.165+0000] {processor.py:830} INFO - Processing file /home/airflow/.local/lib/python3.12/site-packages/airflow/example_dags/example_params_ui_tutorial.py for tasks to queue
[2024-05-11T15:08:13.168+0000] {logging_mixin.py:188} INFO - [2024-05-11T15:08:13.167+0000] {dagbag.py:545} INFO - Filling up the DagBag from /home/airflow/.local/lib/python3.12/site-packages/airflow/example_dags/example_params_ui_tutorial.py
[2024-05-11T15:08:13.186+0000] {processor.py:840} INFO - DAG(s) 'example_params_ui_tutorial' retrieved from /home/airflow/.local/lib/python3.12/site-packages/airflow/example_dags/example_params_ui_tutorial.py
[2024-05-11T15:08:13.268+0000] {logging_mixin.py:188} INFO - [2024-05-11T15:08:13.268+0000] {dag.py:3096} INFO - Sync 1 DAGs
[2024-05-11T15:08:13.284+0000] {logging_mixin.py:188} INFO - [2024-05-11T15:08:13.284+0000] {dag.py:3954} INFO - Setting next_dagrun for example_params_ui_tutorial to None, run_after=None
[2024-05-11T15:08:13.307+0000] {processor.py:183} INFO - Processing /home/airflow/.local/lib/python3.12/site-packages/airflow/example_dags/example_params_ui_tutorial.py took 0.151 seconds
[2024-05-11T15:18:27.771+0000] {processor.py:161} INFO - Started process (PID=48) to work on /home/airflow/.local/lib/python3.12/site-packages/airflow/example_dags/example_params_ui_tutorial.py
[2024-05-11T15:18:27.773+0000] {processor.py:830} INFO - Processing file /home/airflow/.local/lib/python3.12/site-packages/airflow/example_dags/example_params_ui_tutorial.py for tasks to queue
[2024-05-11T15:18:27.775+0000] {logging_mixin.py:188} INFO - [2024-05-11T15:18:27.775+0000] {dagbag.py:545} INFO - Filling up the DagBag from /home/airflow/.local/lib/python3.12/site-packages/airflow/example_dags/example_params_ui_tutorial.py
[2024-05-11T15:18:27.787+0000] {processor.py:840} INFO - DAG(s) 'example_params_ui_tutorial' retrieved from /home/airflow/.local/lib/python3.12/site-packages/airflow/example_dags/example_params_ui_tutorial.py
[2024-05-11T15:18:27.803+0000] {logging_mixin.py:188} INFO - [2024-05-11T15:18:27.803+0000] {dag.py:3096} INFO - Sync 1 DAGs
[2024-05-11T15:18:27.828+0000] {logging_mixin.py:188} INFO - [2024-05-11T15:18:27.827+0000] {dag.py:3954} INFO - Setting next_dagrun for example_params_ui_tutorial to None, run_after=None
[2024-05-11T15:18:27.879+0000] {processor.py:183} INFO - Processing /home/airflow/.local/lib/python3.12/site-packages/airflow/example_dags/example_params_ui_tutorial.py took 0.115 seconds
[2024-05-11T15:18:58.693+0000] {processor.py:161} INFO - Started process (PID=106) to work on /home/airflow/.local/lib/python3.12/site-packages/airflow/example_dags/example_params_ui_tutorial.py
[2024-05-11T15:18:58.694+0000] {processor.py:830} INFO - Processing file /home/airflow/.local/lib/python3.12/site-packages/airflow/example_dags/example_params_ui_tutorial.py for tasks to queue
[2024-05-11T15:18:58.696+0000] {logging_mixin.py:188} INFO - [2024-05-11T15:18:58.696+0000] {dagbag.py:545} INFO - Filling up the DagBag from /home/airflow/.local/lib/python3.12/site-packages/airflow/example_dags/example_params_ui_tutorial.py
[2024-05-11T15:18:58.708+0000] {processor.py:840} INFO - DAG(s) 'example_params_ui_tutorial' retrieved from /home/airflow/.local/lib/python3.12/site-packages/airflow/example_dags/example_params_ui_tutorial.py
[2024-05-11T15:18:58.721+0000] {logging_mixin.py:188} INFO - [2024-05-11T15:18:58.720+0000] {dag.py:3096} INFO - Sync 1 DAGs
[2024-05-11T15:18:58.736+0000] {logging_mixin.py:188} INFO - [2024-05-11T15:18:58.735+0000] {dag.py:3954} INFO - Setting next_dagrun for example_params_ui_tutorial to None, run_after=None
[2024-05-11T15:18:58.757+0000] {processor.py:183} INFO - Processing /home/airflow/.local/lib/python3.12/site-packages/airflow/example_dags/example_params_ui_tutorial.py took 0.070 seconds
[2024-05-11T15:19:29.575+0000] {processor.py:161} INFO - Started process (PID=164) to work on /home/airflow/.local/lib/python3.12/site-packages/airflow/example_dags/example_params_ui_tutorial.py
[2024-05-11T15:19:29.576+0000] {processor.py:830} INFO - Processing file /home/airflow/.local/lib/python3.12/site-packages/airflow/example_dags/example_params_ui_tutorial.py for tasks to queue
[2024-05-11T15:19:29.578+0000] {logging_mixin.py:188} INFO - [2024-05-11T15:19:29.577+0000] {dagbag.py:545} INFO - Filling up the DagBag from /home/airflow/.local/lib/python3.12/site-packages/airflow/example_dags/example_params_ui_tutorial.py
[2024-05-11T15:19:29.594+0000] {processor.py:840} INFO - DAG(s) 'example_params_ui_tutorial' retrieved from /home/airflow/.local/lib/python3.12/site-packages/airflow/example_dags/example_params_ui_tutorial.py
[2024-05-11T15:19:29.713+0000] {logging_mixin.py:188} INFO - [2024-05-11T15:19:29.713+0000] {dag.py:3096} INFO - Sync 1 DAGs
[2024-05-11T15:19:29.723+0000] {logging_mixin.py:188} INFO - [2024-05-11T15:19:29.723+0000] {dag.py:3954} INFO - Setting next_dagrun for example_params_ui_tutorial to None, run_after=None
[2024-05-11T15:19:29.744+0000] {processor.py:183} INFO - Processing /home/airflow/.local/lib/python3.12/site-packages/airflow/example_dags/example_params_ui_tutorial.py took 0.174 seconds
[2024-05-11T15:20:00.607+0000] {processor.py:161} INFO - Started process (PID=222) to work on /home/airflow/.local/lib/python3.12/site-packages/airflow/example_dags/example_params_ui_tutorial.py
[2024-05-11T15:20:00.608+0000] {processor.py:830} INFO - Processing file /home/airflow/.local/lib/python3.12/site-packages/airflow/example_dags/example_params_ui_tutorial.py for tasks to queue
[2024-05-11T15:20:00.609+0000] {logging_mixin.py:188} INFO - [2024-05-11T15:20:00.609+0000] {dagbag.py:545} INFO - Filling up the DagBag from /home/airflow/.local/lib/python3.12/site-packages/airflow/example_dags/example_params_ui_tutorial.py
[2024-05-11T15:20:00.618+0000] {processor.py:840} INFO - DAG(s) 'example_params_ui_tutorial' retrieved from /home/airflow/.local/lib/python3.12/site-packages/airflow/example_dags/example_params_ui_tutorial.py
[2024-05-11T15:20:00.665+0000] {logging_mixin.py:188} INFO - [2024-05-11T15:20:00.664+0000] {dag.py:3096} INFO - Sync 1 DAGs
[2024-05-11T15:20:00.676+0000] {logging_mixin.py:188} INFO - [2024-05-11T15:20:00.675+0000] {dag.py:3954} INFO - Setting next_dagrun for example_params_ui_tutorial to None, run_after=None
[2024-05-11T15:20:00.691+0000] {processor.py:183} INFO - Processing /home/airflow/.local/lib/python3.12/site-packages/airflow/example_dags/example_params_ui_tutorial.py took 0.088 seconds
[2024-05-11T15:20:31.097+0000] {processor.py:161} INFO - Started process (PID=280) to work on /home/airflow/.local/lib/python3.12/site-packages/airflow/example_dags/example_params_ui_tutorial.py
[2024-05-11T15:20:31.098+0000] {processor.py:830} INFO - Processing file /home/airflow/.local/lib/python3.12/site-packages/airflow/example_dags/example_params_ui_tutorial.py for tasks to queue
[2024-05-11T15:20:31.101+0000] {logging_mixin.py:188} INFO - [2024-05-11T15:20:31.101+0000] {dagbag.py:545} INFO - Filling up the DagBag from /home/airflow/.local/lib/python3.12/site-packages/airflow/example_dags/example_params_ui_tutorial.py
[2024-05-11T15:20:31.120+0000] {processor.py:840} INFO - DAG(s) 'example_params_ui_tutorial' retrieved from /home/airflow/.local/lib/python3.12/site-packages/airflow/example_dags/example_params_ui_tutorial.py
[2024-05-11T15:20:31.208+0000] {logging_mixin.py:188} INFO - [2024-05-11T15:20:31.207+0000] {dag.py:3096} INFO - Sync 1 DAGs
[2024-05-11T15:20:31.229+0000] {logging_mixin.py:188} INFO - [2024-05-11T15:20:31.229+0000] {dag.py:3954} INFO - Setting next_dagrun for example_params_ui_tutorial to None, run_after=None
[2024-05-11T15:20:31.268+0000] {processor.py:183} INFO - Processing /home/airflow/.local/lib/python3.12/site-packages/airflow/example_dags/example_params_ui_tutorial.py took 0.179 seconds
[2024-05-11T15:26:51.276+0000] {processor.py:161} INFO - Started process (PID=56) to work on /home/airflow/.local/lib/python3.12/site-packages/airflow/example_dags/example_params_ui_tutorial.py
[2024-05-11T15:26:51.484+0000] {processor.py:830} INFO - Processing file /home/airflow/.local/lib/python3.12/site-packages/airflow/example_dags/example_params_ui_tutorial.py for tasks to queue
[2024-05-11T15:26:51.529+0000] {logging_mixin.py:188} INFO - [2024-05-11T15:26:51.528+0000] {dagbag.py:545} INFO - Filling up the DagBag from /home/airflow/.local/lib/python3.12/site-packages/airflow/example_dags/example_params_ui_tutorial.py
[2024-05-11T15:26:51.580+0000] {processor.py:840} INFO - DAG(s) 'example_params_ui_tutorial' retrieved from /home/airflow/.local/lib/python3.12/site-packages/airflow/example_dags/example_params_ui_tutorial.py
[2024-05-11T15:26:52.607+0000] {logging_mixin.py:188} INFO - [2024-05-11T15:26:52.606+0000] {dag.py:3096} INFO - Sync 1 DAGs
[2024-05-11T15:26:52.665+0000] {logging_mixin.py:188} INFO - [2024-05-11T15:26:52.665+0000] {dag.py:3954} INFO - Setting next_dagrun for example_params_ui_tutorial to None, run_after=None
[2024-05-11T15:26:52.726+0000] {processor.py:183} INFO - Processing /home/airflow/.local/lib/python3.12/site-packages/airflow/example_dags/example_params_ui_tutorial.py took 1.456 seconds
[2024-05-11T15:27:23.277+0000] {processor.py:161} INFO - Started process (PID=114) to work on /home/airflow/.local/lib/python3.12/site-packages/airflow/example_dags/example_params_ui_tutorial.py
[2024-05-11T15:27:23.278+0000] {processor.py:830} INFO - Processing file /home/airflow/.local/lib/python3.12/site-packages/airflow/example_dags/example_params_ui_tutorial.py for tasks to queue
[2024-05-11T15:27:23.280+0000] {logging_mixin.py:188} INFO - [2024-05-11T15:27:23.279+0000] {dagbag.py:545} INFO - Filling up the DagBag from /home/airflow/.local/lib/python3.12/site-packages/airflow/example_dags/example_params_ui_tutorial.py
[2024-05-11T15:27:23.297+0000] {processor.py:840} INFO - DAG(s) 'example_params_ui_tutorial' retrieved from /home/airflow/.local/lib/python3.12/site-packages/airflow/example_dags/example_params_ui_tutorial.py
[2024-05-11T15:27:23.506+0000] {logging_mixin.py:188} INFO - [2024-05-11T15:27:23.505+0000] {dag.py:3096} INFO - Sync 1 DAGs
[2024-05-11T15:27:27.616+0000] {logging_mixin.py:188} INFO - [2024-05-11T15:27:27.614+0000] {dag.py:3954} INFO - Setting next_dagrun for example_params_ui_tutorial to None, run_after=None
[2024-05-11T15:27:27.660+0000] {processor.py:183} INFO - Processing /home/airflow/.local/lib/python3.12/site-packages/airflow/example_dags/example_params_ui_tutorial.py took 4.388 seconds
[2024-05-11T15:27:58.518+0000] {processor.py:161} INFO - Started process (PID=172) to work on /home/airflow/.local/lib/python3.12/site-packages/airflow/example_dags/example_params_ui_tutorial.py
[2024-05-11T15:27:58.519+0000] {processor.py:830} INFO - Processing file /home/airflow/.local/lib/python3.12/site-packages/airflow/example_dags/example_params_ui_tutorial.py for tasks to queue
[2024-05-11T15:27:58.521+0000] {logging_mixin.py:188} INFO - [2024-05-11T15:27:58.521+0000] {dagbag.py:545} INFO - Filling up the DagBag from /home/airflow/.local/lib/python3.12/site-packages/airflow/example_dags/example_params_ui_tutorial.py
[2024-05-11T15:27:58.531+0000] {processor.py:840} INFO - DAG(s) 'example_params_ui_tutorial' retrieved from /home/airflow/.local/lib/python3.12/site-packages/airflow/example_dags/example_params_ui_tutorial.py
[2024-05-11T15:27:58.579+0000] {logging_mixin.py:188} INFO - [2024-05-11T15:27:58.579+0000] {dag.py:3096} INFO - Sync 1 DAGs
[2024-05-11T15:27:58.590+0000] {logging_mixin.py:188} INFO - [2024-05-11T15:27:58.590+0000] {dag.py:3954} INFO - Setting next_dagrun for example_params_ui_tutorial to None, run_after=None
[2024-05-11T15:27:58.608+0000] {processor.py:183} INFO - Processing /home/airflow/.local/lib/python3.12/site-packages/airflow/example_dags/example_params_ui_tutorial.py took 0.095 seconds
[2024-05-11T15:28:28.642+0000] {processor.py:161} INFO - Started process (PID=230) to work on /home/airflow/.local/lib/python3.12/site-packages/airflow/example_dags/example_params_ui_tutorial.py
[2024-05-11T15:28:28.643+0000] {processor.py:830} INFO - Processing file /home/airflow/.local/lib/python3.12/site-packages/airflow/example_dags/example_params_ui_tutorial.py for tasks to queue
[2024-05-11T15:28:28.645+0000] {logging_mixin.py:188} INFO - [2024-05-11T15:28:28.644+0000] {dagbag.py:545} INFO - Filling up the DagBag from /home/airflow/.local/lib/python3.12/site-packages/airflow/example_dags/example_params_ui_tutorial.py
[2024-05-11T15:28:28.654+0000] {processor.py:840} INFO - DAG(s) 'example_params_ui_tutorial' retrieved from /home/airflow/.local/lib/python3.12/site-packages/airflow/example_dags/example_params_ui_tutorial.py
[2024-05-11T15:28:28.702+0000] {logging_mixin.py:188} INFO - [2024-05-11T15:28:28.702+0000] {dag.py:3096} INFO - Sync 1 DAGs
[2024-05-11T15:28:28.714+0000] {logging_mixin.py:188} INFO - [2024-05-11T15:28:28.713+0000] {dag.py:3954} INFO - Setting next_dagrun for example_params_ui_tutorial to None, run_after=None
[2024-05-11T15:28:28.731+0000] {processor.py:183} INFO - Processing /home/airflow/.local/lib/python3.12/site-packages/airflow/example_dags/example_params_ui_tutorial.py took 0.094 seconds
[2024-05-11T15:46:07.253+0000] {processor.py:161} INFO - Started process (PID=48) to work on /home/airflow/.local/lib/python3.12/site-packages/airflow/example_dags/example_params_ui_tutorial.py
[2024-05-11T15:46:07.255+0000] {processor.py:830} INFO - Processing file /home/airflow/.local/lib/python3.12/site-packages/airflow/example_dags/example_params_ui_tutorial.py for tasks to queue
[2024-05-11T15:46:07.258+0000] {logging_mixin.py:188} INFO - [2024-05-11T15:46:07.257+0000] {dagbag.py:545} INFO - Filling up the DagBag from /home/airflow/.local/lib/python3.12/site-packages/airflow/example_dags/example_params_ui_tutorial.py
[2024-05-11T15:46:07.275+0000] {processor.py:840} INFO - DAG(s) 'example_params_ui_tutorial' retrieved from /home/airflow/.local/lib/python3.12/site-packages/airflow/example_dags/example_params_ui_tutorial.py
[2024-05-11T15:46:07.480+0000] {logging_mixin.py:188} INFO - [2024-05-11T15:46:07.480+0000] {dag.py:3096} INFO - Sync 1 DAGs
[2024-05-11T15:46:07.553+0000] {logging_mixin.py:188} INFO - [2024-05-11T15:46:07.553+0000] {dag.py:3954} INFO - Setting next_dagrun for example_params_ui_tutorial to None, run_after=None
[2024-05-11T15:46:07.651+0000] {processor.py:183} INFO - Processing /home/airflow/.local/lib/python3.12/site-packages/airflow/example_dags/example_params_ui_tutorial.py took 0.405 seconds
[2024-05-11T15:46:38.280+0000] {processor.py:161} INFO - Started process (PID=106) to work on /home/airflow/.local/lib/python3.12/site-packages/airflow/example_dags/example_params_ui_tutorial.py
[2024-05-11T15:46:38.282+0000] {processor.py:830} INFO - Processing file /home/airflow/.local/lib/python3.12/site-packages/airflow/example_dags/example_params_ui_tutorial.py for tasks to queue
[2024-05-11T15:46:38.284+0000] {logging_mixin.py:188} INFO - [2024-05-11T15:46:38.284+0000] {dagbag.py:545} INFO - Filling up the DagBag from /home/airflow/.local/lib/python3.12/site-packages/airflow/example_dags/example_params_ui_tutorial.py
[2024-05-11T15:46:38.301+0000] {processor.py:840} INFO - DAG(s) 'example_params_ui_tutorial' retrieved from /home/airflow/.local/lib/python3.12/site-packages/airflow/example_dags/example_params_ui_tutorial.py
[2024-05-11T15:46:38.369+0000] {logging_mixin.py:188} INFO - [2024-05-11T15:46:38.369+0000] {dag.py:3096} INFO - Sync 1 DAGs
[2024-05-11T15:46:38.400+0000] {logging_mixin.py:188} INFO - [2024-05-11T15:46:38.400+0000] {dag.py:3954} INFO - Setting next_dagrun for example_params_ui_tutorial to None, run_after=None
[2024-05-11T15:46:38.440+0000] {processor.py:183} INFO - Processing /home/airflow/.local/lib/python3.12/site-packages/airflow/example_dags/example_params_ui_tutorial.py took 0.165 seconds
[2024-05-11T15:47:10.090+0000] {processor.py:161} INFO - Started process (PID=164) to work on /home/airflow/.local/lib/python3.12/site-packages/airflow/example_dags/example_params_ui_tutorial.py
[2024-05-11T15:47:10.122+0000] {processor.py:830} INFO - Processing file /home/airflow/.local/lib/python3.12/site-packages/airflow/example_dags/example_params_ui_tutorial.py for tasks to queue
[2024-05-11T15:47:10.124+0000] {logging_mixin.py:188} INFO - [2024-05-11T15:47:10.124+0000] {dagbag.py:545} INFO - Filling up the DagBag from /home/airflow/.local/lib/python3.12/site-packages/airflow/example_dags/example_params_ui_tutorial.py
[2024-05-11T15:47:10.194+0000] {processor.py:840} INFO - DAG(s) 'example_params_ui_tutorial' retrieved from /home/airflow/.local/lib/python3.12/site-packages/airflow/example_dags/example_params_ui_tutorial.py
[2024-05-11T15:47:10.244+0000] {logging_mixin.py:188} INFO - [2024-05-11T15:47:10.243+0000] {dag.py:3096} INFO - Sync 1 DAGs
[2024-05-11T15:47:10.255+0000] {logging_mixin.py:188} INFO - [2024-05-11T15:47:10.255+0000] {dag.py:3954} INFO - Setting next_dagrun for example_params_ui_tutorial to None, run_after=None
[2024-05-11T15:47:10.428+0000] {processor.py:183} INFO - Processing /home/airflow/.local/lib/python3.12/site-packages/airflow/example_dags/example_params_ui_tutorial.py took 0.343 seconds
[2024-05-11T15:47:40.603+0000] {processor.py:161} INFO - Started process (PID=222) to work on /home/airflow/.local/lib/python3.12/site-packages/airflow/example_dags/example_params_ui_tutorial.py
[2024-05-11T15:47:40.604+0000] {processor.py:830} INFO - Processing file /home/airflow/.local/lib/python3.12/site-packages/airflow/example_dags/example_params_ui_tutorial.py for tasks to queue
[2024-05-11T15:47:40.606+0000] {logging_mixin.py:188} INFO - [2024-05-11T15:47:40.605+0000] {dagbag.py:545} INFO - Filling up the DagBag from /home/airflow/.local/lib/python3.12/site-packages/airflow/example_dags/example_params_ui_tutorial.py
[2024-05-11T15:47:40.615+0000] {processor.py:840} INFO - DAG(s) 'example_params_ui_tutorial' retrieved from /home/airflow/.local/lib/python3.12/site-packages/airflow/example_dags/example_params_ui_tutorial.py
[2024-05-11T15:47:40.661+0000] {logging_mixin.py:188} INFO - [2024-05-11T15:47:40.661+0000] {dag.py:3096} INFO - Sync 1 DAGs
[2024-05-11T15:47:40.673+0000] {logging_mixin.py:188} INFO - [2024-05-11T15:47:40.672+0000] {dag.py:3954} INFO - Setting next_dagrun for example_params_ui_tutorial to None, run_after=None
[2024-05-11T15:47:40.689+0000] {processor.py:183} INFO - Processing /home/airflow/.local/lib/python3.12/site-packages/airflow/example_dags/example_params_ui_tutorial.py took 0.091 seconds
[2024-05-11T15:48:10.757+0000] {processor.py:161} INFO - Started process (PID=280) to work on /home/airflow/.local/lib/python3.12/site-packages/airflow/example_dags/example_params_ui_tutorial.py
[2024-05-11T15:48:10.758+0000] {processor.py:830} INFO - Processing file /home/airflow/.local/lib/python3.12/site-packages/airflow/example_dags/example_params_ui_tutorial.py for tasks to queue
[2024-05-11T15:48:10.760+0000] {logging_mixin.py:188} INFO - [2024-05-11T15:48:10.759+0000] {dagbag.py:545} INFO - Filling up the DagBag from /home/airflow/.local/lib/python3.12/site-packages/airflow/example_dags/example_params_ui_tutorial.py
[2024-05-11T15:48:10.771+0000] {processor.py:840} INFO - DAG(s) 'example_params_ui_tutorial' retrieved from /home/airflow/.local/lib/python3.12/site-packages/airflow/example_dags/example_params_ui_tutorial.py
[2024-05-11T15:48:10.820+0000] {logging_mixin.py:188} INFO - [2024-05-11T15:48:10.820+0000] {dag.py:3096} INFO - Sync 1 DAGs
[2024-05-11T15:48:10.832+0000] {logging_mixin.py:188} INFO - [2024-05-11T15:48:10.832+0000] {dag.py:3954} INFO - Setting next_dagrun for example_params_ui_tutorial to None, run_after=None
[2024-05-11T15:48:10.856+0000] {processor.py:183} INFO - Processing /home/airflow/.local/lib/python3.12/site-packages/airflow/example_dags/example_params_ui_tutorial.py took 0.104 seconds
[2024-05-11T15:48:41.110+0000] {processor.py:161} INFO - Started process (PID=338) to work on /home/airflow/.local/lib/python3.12/site-packages/airflow/example_dags/example_params_ui_tutorial.py
[2024-05-11T15:48:41.111+0000] {processor.py:830} INFO - Processing file /home/airflow/.local/lib/python3.12/site-packages/airflow/example_dags/example_params_ui_tutorial.py for tasks to queue
[2024-05-11T15:48:41.112+0000] {logging_mixin.py:188} INFO - [2024-05-11T15:48:41.112+0000] {dagbag.py:545} INFO - Filling up the DagBag from /home/airflow/.local/lib/python3.12/site-packages/airflow/example_dags/example_params_ui_tutorial.py
[2024-05-11T15:48:41.121+0000] {processor.py:840} INFO - DAG(s) 'example_params_ui_tutorial' retrieved from /home/airflow/.local/lib/python3.12/site-packages/airflow/example_dags/example_params_ui_tutorial.py
[2024-05-11T15:48:41.168+0000] {logging_mixin.py:188} INFO - [2024-05-11T15:48:41.168+0000] {dag.py:3096} INFO - Sync 1 DAGs
[2024-05-11T15:48:41.180+0000] {logging_mixin.py:188} INFO - [2024-05-11T15:48:41.180+0000] {dag.py:3954} INFO - Setting next_dagrun for example_params_ui_tutorial to None, run_after=None
[2024-05-11T15:48:41.198+0000] {processor.py:183} INFO - Processing /home/airflow/.local/lib/python3.12/site-packages/airflow/example_dags/example_params_ui_tutorial.py took 0.092 seconds
[2024-05-11T15:49:11.609+0000] {processor.py:161} INFO - Started process (PID=396) to work on /home/airflow/.local/lib/python3.12/site-packages/airflow/example_dags/example_params_ui_tutorial.py
[2024-05-11T15:49:11.610+0000] {processor.py:830} INFO - Processing file /home/airflow/.local/lib/python3.12/site-packages/airflow/example_dags/example_params_ui_tutorial.py for tasks to queue
[2024-05-11T15:49:11.611+0000] {logging_mixin.py:188} INFO - [2024-05-11T15:49:11.611+0000] {dagbag.py:545} INFO - Filling up the DagBag from /home/airflow/.local/lib/python3.12/site-packages/airflow/example_dags/example_params_ui_tutorial.py
[2024-05-11T15:49:11.620+0000] {processor.py:840} INFO - DAG(s) 'example_params_ui_tutorial' retrieved from /home/airflow/.local/lib/python3.12/site-packages/airflow/example_dags/example_params_ui_tutorial.py
[2024-05-11T15:49:11.668+0000] {logging_mixin.py:188} INFO - [2024-05-11T15:49:11.667+0000] {dag.py:3096} INFO - Sync 1 DAGs
[2024-05-11T15:49:11.679+0000] {logging_mixin.py:188} INFO - [2024-05-11T15:49:11.678+0000] {dag.py:3954} INFO - Setting next_dagrun for example_params_ui_tutorial to None, run_after=None
[2024-05-11T15:49:11.695+0000] {processor.py:183} INFO - Processing /home/airflow/.local/lib/python3.12/site-packages/airflow/example_dags/example_params_ui_tutorial.py took 0.091 seconds
[2024-05-11T15:49:41.880+0000] {processor.py:161} INFO - Started process (PID=454) to work on /home/airflow/.local/lib/python3.12/site-packages/airflow/example_dags/example_params_ui_tutorial.py
[2024-05-11T15:49:41.881+0000] {processor.py:830} INFO - Processing file /home/airflow/.local/lib/python3.12/site-packages/airflow/example_dags/example_params_ui_tutorial.py for tasks to queue
[2024-05-11T15:49:41.883+0000] {logging_mixin.py:188} INFO - [2024-05-11T15:49:41.882+0000] {dagbag.py:545} INFO - Filling up the DagBag from /home/airflow/.local/lib/python3.12/site-packages/airflow/example_dags/example_params_ui_tutorial.py
[2024-05-11T15:49:41.893+0000] {processor.py:840} INFO - DAG(s) 'example_params_ui_tutorial' retrieved from /home/airflow/.local/lib/python3.12/site-packages/airflow/example_dags/example_params_ui_tutorial.py
[2024-05-11T15:49:41.942+0000] {logging_mixin.py:188} INFO - [2024-05-11T15:49:41.942+0000] {dag.py:3096} INFO - Sync 1 DAGs
[2024-05-11T15:49:41.955+0000] {logging_mixin.py:188} INFO - [2024-05-11T15:49:41.955+0000] {dag.py:3954} INFO - Setting next_dagrun for example_params_ui_tutorial to None, run_after=None
[2024-05-11T15:49:41.972+0000] {processor.py:183} INFO - Processing /home/airflow/.local/lib/python3.12/site-packages/airflow/example_dags/example_params_ui_tutorial.py took 0.097 seconds
[2024-05-11T15:50:12.403+0000] {processor.py:161} INFO - Started process (PID=513) to work on /home/airflow/.local/lib/python3.12/site-packages/airflow/example_dags/example_params_ui_tutorial.py
[2024-05-11T15:50:12.404+0000] {processor.py:830} INFO - Processing file /home/airflow/.local/lib/python3.12/site-packages/airflow/example_dags/example_params_ui_tutorial.py for tasks to queue
[2024-05-11T15:50:12.406+0000] {logging_mixin.py:188} INFO - [2024-05-11T15:50:12.405+0000] {dagbag.py:545} INFO - Filling up the DagBag from /home/airflow/.local/lib/python3.12/site-packages/airflow/example_dags/example_params_ui_tutorial.py
[2024-05-11T15:50:12.415+0000] {processor.py:840} INFO - DAG(s) 'example_params_ui_tutorial' retrieved from /home/airflow/.local/lib/python3.12/site-packages/airflow/example_dags/example_params_ui_tutorial.py
[2024-05-11T15:50:12.464+0000] {logging_mixin.py:188} INFO - [2024-05-11T15:50:12.463+0000] {dag.py:3096} INFO - Sync 1 DAGs
[2024-05-11T15:50:12.475+0000] {logging_mixin.py:188} INFO - [2024-05-11T15:50:12.475+0000] {dag.py:3954} INFO - Setting next_dagrun for example_params_ui_tutorial to None, run_after=None
[2024-05-11T15:50:12.492+0000] {processor.py:183} INFO - Processing /home/airflow/.local/lib/python3.12/site-packages/airflow/example_dags/example_params_ui_tutorial.py took 0.094 seconds
[2024-05-11T15:50:42.686+0000] {processor.py:161} INFO - Started process (PID=571) to work on /home/airflow/.local/lib/python3.12/site-packages/airflow/example_dags/example_params_ui_tutorial.py
[2024-05-11T15:50:42.687+0000] {processor.py:830} INFO - Processing file /home/airflow/.local/lib/python3.12/site-packages/airflow/example_dags/example_params_ui_tutorial.py for tasks to queue
[2024-05-11T15:50:42.688+0000] {logging_mixin.py:188} INFO - [2024-05-11T15:50:42.688+0000] {dagbag.py:545} INFO - Filling up the DagBag from /home/airflow/.local/lib/python3.12/site-packages/airflow/example_dags/example_params_ui_tutorial.py
[2024-05-11T15:50:42.697+0000] {processor.py:840} INFO - DAG(s) 'example_params_ui_tutorial' retrieved from /home/airflow/.local/lib/python3.12/site-packages/airflow/example_dags/example_params_ui_tutorial.py
[2024-05-11T15:50:42.745+0000] {logging_mixin.py:188} INFO - [2024-05-11T15:50:42.744+0000] {dag.py:3096} INFO - Sync 1 DAGs
[2024-05-11T15:50:42.755+0000] {logging_mixin.py:188} INFO - [2024-05-11T15:50:42.755+0000] {dag.py:3954} INFO - Setting next_dagrun for example_params_ui_tutorial to None, run_after=None
[2024-05-11T15:50:42.770+0000] {processor.py:183} INFO - Processing /home/airflow/.local/lib/python3.12/site-packages/airflow/example_dags/example_params_ui_tutorial.py took 0.089 seconds
[2024-05-11T15:51:12.803+0000] {processor.py:161} INFO - Started process (PID=629) to work on /home/airflow/.local/lib/python3.12/site-packages/airflow/example_dags/example_params_ui_tutorial.py
[2024-05-11T15:51:12.804+0000] {processor.py:830} INFO - Processing file /home/airflow/.local/lib/python3.12/site-packages/airflow/example_dags/example_params_ui_tutorial.py for tasks to queue
[2024-05-11T15:51:12.806+0000] {logging_mixin.py:188} INFO - [2024-05-11T15:51:12.805+0000] {dagbag.py:545} INFO - Filling up the DagBag from /home/airflow/.local/lib/python3.12/site-packages/airflow/example_dags/example_params_ui_tutorial.py
[2024-05-11T15:51:12.815+0000] {processor.py:840} INFO - DAG(s) 'example_params_ui_tutorial' retrieved from /home/airflow/.local/lib/python3.12/site-packages/airflow/example_dags/example_params_ui_tutorial.py
[2024-05-11T15:51:12.862+0000] {logging_mixin.py:188} INFO - [2024-05-11T15:51:12.861+0000] {dag.py:3096} INFO - Sync 1 DAGs
[2024-05-11T15:51:12.872+0000] {logging_mixin.py:188} INFO - [2024-05-11T15:51:12.872+0000] {dag.py:3954} INFO - Setting next_dagrun for example_params_ui_tutorial to None, run_after=None
[2024-05-11T15:51:12.888+0000] {processor.py:183} INFO - Processing /home/airflow/.local/lib/python3.12/site-packages/airflow/example_dags/example_params_ui_tutorial.py took 0.090 seconds
[2024-05-11T15:51:43.895+0000] {processor.py:161} INFO - Started process (PID=685) to work on /home/airflow/.local/lib/python3.12/site-packages/airflow/example_dags/example_params_ui_tutorial.py
[2024-05-11T15:51:43.897+0000] {processor.py:830} INFO - Processing file /home/airflow/.local/lib/python3.12/site-packages/airflow/example_dags/example_params_ui_tutorial.py for tasks to queue
[2024-05-11T15:51:43.899+0000] {logging_mixin.py:188} INFO - [2024-05-11T15:51:43.898+0000] {dagbag.py:545} INFO - Filling up the DagBag from /home/airflow/.local/lib/python3.12/site-packages/airflow/example_dags/example_params_ui_tutorial.py
[2024-05-11T15:51:43.914+0000] {processor.py:840} INFO - DAG(s) 'example_params_ui_tutorial' retrieved from /home/airflow/.local/lib/python3.12/site-packages/airflow/example_dags/example_params_ui_tutorial.py
[2024-05-11T15:51:43.967+0000] {logging_mixin.py:188} INFO - [2024-05-11T15:51:43.967+0000] {dag.py:3096} INFO - Sync 1 DAGs
[2024-05-11T15:51:43.999+0000] {logging_mixin.py:188} INFO - [2024-05-11T15:51:43.999+0000] {dag.py:3954} INFO - Setting next_dagrun for example_params_ui_tutorial to None, run_after=None
[2024-05-11T15:51:44.043+0000] {processor.py:183} INFO - Processing /home/airflow/.local/lib/python3.12/site-packages/airflow/example_dags/example_params_ui_tutorial.py took 0.153 seconds
[2024-05-11T15:52:14.386+0000] {processor.py:161} INFO - Started process (PID=743) to work on /home/airflow/.local/lib/python3.12/site-packages/airflow/example_dags/example_params_ui_tutorial.py
[2024-05-11T15:52:14.387+0000] {processor.py:830} INFO - Processing file /home/airflow/.local/lib/python3.12/site-packages/airflow/example_dags/example_params_ui_tutorial.py for tasks to queue
[2024-05-11T15:52:14.389+0000] {logging_mixin.py:188} INFO - [2024-05-11T15:52:14.389+0000] {dagbag.py:545} INFO - Filling up the DagBag from /home/airflow/.local/lib/python3.12/site-packages/airflow/example_dags/example_params_ui_tutorial.py
[2024-05-11T15:52:14.404+0000] {processor.py:840} INFO - DAG(s) 'example_params_ui_tutorial' retrieved from /home/airflow/.local/lib/python3.12/site-packages/airflow/example_dags/example_params_ui_tutorial.py
[2024-05-11T15:52:14.527+0000] {logging_mixin.py:188} INFO - [2024-05-11T15:52:14.527+0000] {dag.py:3096} INFO - Sync 1 DAGs
[2024-05-11T15:52:14.546+0000] {logging_mixin.py:188} INFO - [2024-05-11T15:52:14.545+0000] {dag.py:3954} INFO - Setting next_dagrun for example_params_ui_tutorial to None, run_after=None
[2024-05-11T15:52:14.656+0000] {processor.py:183} INFO - Processing /home/airflow/.local/lib/python3.12/site-packages/airflow/example_dags/example_params_ui_tutorial.py took 0.275 seconds
[2024-05-11T15:52:44.837+0000] {processor.py:161} INFO - Started process (PID=801) to work on /home/airflow/.local/lib/python3.12/site-packages/airflow/example_dags/example_params_ui_tutorial.py
[2024-05-11T15:52:44.839+0000] {processor.py:830} INFO - Processing file /home/airflow/.local/lib/python3.12/site-packages/airflow/example_dags/example_params_ui_tutorial.py for tasks to queue
[2024-05-11T15:52:44.840+0000] {logging_mixin.py:188} INFO - [2024-05-11T15:52:44.840+0000] {dagbag.py:545} INFO - Filling up the DagBag from /home/airflow/.local/lib/python3.12/site-packages/airflow/example_dags/example_params_ui_tutorial.py
[2024-05-11T15:52:44.851+0000] {processor.py:840} INFO - DAG(s) 'example_params_ui_tutorial' retrieved from /home/airflow/.local/lib/python3.12/site-packages/airflow/example_dags/example_params_ui_tutorial.py
[2024-05-11T15:52:44.904+0000] {logging_mixin.py:188} INFO - [2024-05-11T15:52:44.904+0000] {dag.py:3096} INFO - Sync 1 DAGs
[2024-05-11T15:52:44.917+0000] {logging_mixin.py:188} INFO - [2024-05-11T15:52:44.916+0000] {dag.py:3954} INFO - Setting next_dagrun for example_params_ui_tutorial to None, run_after=None
[2024-05-11T15:52:44.939+0000] {processor.py:183} INFO - Processing /home/airflow/.local/lib/python3.12/site-packages/airflow/example_dags/example_params_ui_tutorial.py took 0.107 seconds
[2024-05-11T15:53:15.430+0000] {processor.py:161} INFO - Started process (PID=859) to work on /home/airflow/.local/lib/python3.12/site-packages/airflow/example_dags/example_params_ui_tutorial.py
[2024-05-11T15:53:15.432+0000] {processor.py:830} INFO - Processing file /home/airflow/.local/lib/python3.12/site-packages/airflow/example_dags/example_params_ui_tutorial.py for tasks to queue
[2024-05-11T15:53:15.436+0000] {logging_mixin.py:188} INFO - [2024-05-11T15:53:15.435+0000] {dagbag.py:545} INFO - Filling up the DagBag from /home/airflow/.local/lib/python3.12/site-packages/airflow/example_dags/example_params_ui_tutorial.py
[2024-05-11T15:53:15.452+0000] {processor.py:840} INFO - DAG(s) 'example_params_ui_tutorial' retrieved from /home/airflow/.local/lib/python3.12/site-packages/airflow/example_dags/example_params_ui_tutorial.py
[2024-05-11T15:53:15.528+0000] {logging_mixin.py:188} INFO - [2024-05-11T15:53:15.527+0000] {dag.py:3096} INFO - Sync 1 DAGs
[2024-05-11T15:53:15.552+0000] {logging_mixin.py:188} INFO - [2024-05-11T15:53:15.552+0000] {dag.py:3954} INFO - Setting next_dagrun for example_params_ui_tutorial to None, run_after=None
[2024-05-11T15:53:15.585+0000] {processor.py:183} INFO - Processing /home/airflow/.local/lib/python3.12/site-packages/airflow/example_dags/example_params_ui_tutorial.py took 0.162 seconds
[2024-05-11T15:53:46.255+0000] {processor.py:161} INFO - Started process (PID=917) to work on /home/airflow/.local/lib/python3.12/site-packages/airflow/example_dags/example_params_ui_tutorial.py
[2024-05-11T15:53:46.256+0000] {processor.py:830} INFO - Processing file /home/airflow/.local/lib/python3.12/site-packages/airflow/example_dags/example_params_ui_tutorial.py for tasks to queue
[2024-05-11T15:53:46.258+0000] {logging_mixin.py:188} INFO - [2024-05-11T15:53:46.258+0000] {dagbag.py:545} INFO - Filling up the DagBag from /home/airflow/.local/lib/python3.12/site-packages/airflow/example_dags/example_params_ui_tutorial.py
[2024-05-11T15:53:46.270+0000] {processor.py:840} INFO - DAG(s) 'example_params_ui_tutorial' retrieved from /home/airflow/.local/lib/python3.12/site-packages/airflow/example_dags/example_params_ui_tutorial.py
[2024-05-11T15:53:46.326+0000] {logging_mixin.py:188} INFO - [2024-05-11T15:53:46.326+0000] {dag.py:3096} INFO - Sync 1 DAGs
[2024-05-11T15:53:46.339+0000] {logging_mixin.py:188} INFO - [2024-05-11T15:53:46.339+0000] {dag.py:3954} INFO - Setting next_dagrun for example_params_ui_tutorial to None, run_after=None
[2024-05-11T15:53:46.370+0000] {processor.py:183} INFO - Processing /home/airflow/.local/lib/python3.12/site-packages/airflow/example_dags/example_params_ui_tutorial.py took 0.120 seconds
[2024-05-11T15:54:16.704+0000] {processor.py:161} INFO - Started process (PID=975) to work on /home/airflow/.local/lib/python3.12/site-packages/airflow/example_dags/example_params_ui_tutorial.py
[2024-05-11T15:54:16.705+0000] {processor.py:830} INFO - Processing file /home/airflow/.local/lib/python3.12/site-packages/airflow/example_dags/example_params_ui_tutorial.py for tasks to queue
[2024-05-11T15:54:16.706+0000] {logging_mixin.py:188} INFO - [2024-05-11T15:54:16.706+0000] {dagbag.py:545} INFO - Filling up the DagBag from /home/airflow/.local/lib/python3.12/site-packages/airflow/example_dags/example_params_ui_tutorial.py
[2024-05-11T15:54:16.715+0000] {processor.py:840} INFO - DAG(s) 'example_params_ui_tutorial' retrieved from /home/airflow/.local/lib/python3.12/site-packages/airflow/example_dags/example_params_ui_tutorial.py
[2024-05-11T15:54:16.766+0000] {logging_mixin.py:188} INFO - [2024-05-11T15:54:16.766+0000] {dag.py:3096} INFO - Sync 1 DAGs
[2024-05-11T15:54:16.778+0000] {logging_mixin.py:188} INFO - [2024-05-11T15:54:16.778+0000] {dag.py:3954} INFO - Setting next_dagrun for example_params_ui_tutorial to None, run_after=None
[2024-05-11T15:54:16.799+0000] {processor.py:183} INFO - Processing /home/airflow/.local/lib/python3.12/site-packages/airflow/example_dags/example_params_ui_tutorial.py took 0.100 seconds
[2024-05-11T15:54:47.473+0000] {processor.py:161} INFO - Started process (PID=1033) to work on /home/airflow/.local/lib/python3.12/site-packages/airflow/example_dags/example_params_ui_tutorial.py
[2024-05-11T15:54:47.474+0000] {processor.py:830} INFO - Processing file /home/airflow/.local/lib/python3.12/site-packages/airflow/example_dags/example_params_ui_tutorial.py for tasks to queue
[2024-05-11T15:54:47.477+0000] {logging_mixin.py:188} INFO - [2024-05-11T15:54:47.477+0000] {dagbag.py:545} INFO - Filling up the DagBag from /home/airflow/.local/lib/python3.12/site-packages/airflow/example_dags/example_params_ui_tutorial.py
[2024-05-11T15:54:47.491+0000] {processor.py:840} INFO - DAG(s) 'example_params_ui_tutorial' retrieved from /home/airflow/.local/lib/python3.12/site-packages/airflow/example_dags/example_params_ui_tutorial.py
[2024-05-11T15:54:47.549+0000] {logging_mixin.py:188} INFO - [2024-05-11T15:54:47.549+0000] {dag.py:3096} INFO - Sync 1 DAGs
[2024-05-11T15:54:47.568+0000] {logging_mixin.py:188} INFO - [2024-05-11T15:54:47.568+0000] {dag.py:3954} INFO - Setting next_dagrun for example_params_ui_tutorial to None, run_after=None
[2024-05-11T15:54:47.603+0000] {processor.py:183} INFO - Processing /home/airflow/.local/lib/python3.12/site-packages/airflow/example_dags/example_params_ui_tutorial.py took 0.137 seconds
[2024-05-11T15:55:18.110+0000] {processor.py:161} INFO - Started process (PID=1091) to work on /home/airflow/.local/lib/python3.12/site-packages/airflow/example_dags/example_params_ui_tutorial.py
[2024-05-11T15:55:18.111+0000] {processor.py:830} INFO - Processing file /home/airflow/.local/lib/python3.12/site-packages/airflow/example_dags/example_params_ui_tutorial.py for tasks to queue
[2024-05-11T15:55:18.113+0000] {logging_mixin.py:188} INFO - [2024-05-11T15:55:18.113+0000] {dagbag.py:545} INFO - Filling up the DagBag from /home/airflow/.local/lib/python3.12/site-packages/airflow/example_dags/example_params_ui_tutorial.py
[2024-05-11T15:55:18.124+0000] {processor.py:840} INFO - DAG(s) 'example_params_ui_tutorial' retrieved from /home/airflow/.local/lib/python3.12/site-packages/airflow/example_dags/example_params_ui_tutorial.py
[2024-05-11T15:55:18.180+0000] {logging_mixin.py:188} INFO - [2024-05-11T15:55:18.180+0000] {dag.py:3096} INFO - Sync 1 DAGs
[2024-05-11T15:55:18.197+0000] {logging_mixin.py:188} INFO - [2024-05-11T15:55:18.197+0000] {dag.py:3954} INFO - Setting next_dagrun for example_params_ui_tutorial to None, run_after=None
[2024-05-11T15:55:18.228+0000] {processor.py:183} INFO - Processing /home/airflow/.local/lib/python3.12/site-packages/airflow/example_dags/example_params_ui_tutorial.py took 0.123 seconds
[2024-05-11T15:55:48.799+0000] {processor.py:161} INFO - Started process (PID=1156) to work on /home/airflow/.local/lib/python3.12/site-packages/airflow/example_dags/example_params_ui_tutorial.py
[2024-05-11T15:55:48.800+0000] {processor.py:830} INFO - Processing file /home/airflow/.local/lib/python3.12/site-packages/airflow/example_dags/example_params_ui_tutorial.py for tasks to queue
[2024-05-11T15:55:48.803+0000] {logging_mixin.py:188} INFO - [2024-05-11T15:55:48.803+0000] {dagbag.py:545} INFO - Filling up the DagBag from /home/airflow/.local/lib/python3.12/site-packages/airflow/example_dags/example_params_ui_tutorial.py
[2024-05-11T15:55:48.816+0000] {processor.py:840} INFO - DAG(s) 'example_params_ui_tutorial' retrieved from /home/airflow/.local/lib/python3.12/site-packages/airflow/example_dags/example_params_ui_tutorial.py
[2024-05-11T15:55:48.867+0000] {logging_mixin.py:188} INFO - [2024-05-11T15:55:48.867+0000] {dag.py:3096} INFO - Sync 1 DAGs
[2024-05-11T15:55:48.880+0000] {logging_mixin.py:188} INFO - [2024-05-11T15:55:48.879+0000] {dag.py:3954} INFO - Setting next_dagrun for example_params_ui_tutorial to None, run_after=None
[2024-05-11T15:55:48.898+0000] {processor.py:183} INFO - Processing /home/airflow/.local/lib/python3.12/site-packages/airflow/example_dags/example_params_ui_tutorial.py took 0.106 seconds
[2024-05-11T15:56:19.429+0000] {processor.py:161} INFO - Started process (PID=1214) to work on /home/airflow/.local/lib/python3.12/site-packages/airflow/example_dags/example_params_ui_tutorial.py
[2024-05-11T15:56:19.430+0000] {processor.py:830} INFO - Processing file /home/airflow/.local/lib/python3.12/site-packages/airflow/example_dags/example_params_ui_tutorial.py for tasks to queue
[2024-05-11T15:56:19.432+0000] {logging_mixin.py:188} INFO - [2024-05-11T15:56:19.432+0000] {dagbag.py:545} INFO - Filling up the DagBag from /home/airflow/.local/lib/python3.12/site-packages/airflow/example_dags/example_params_ui_tutorial.py
[2024-05-11T15:56:19.444+0000] {processor.py:840} INFO - DAG(s) 'example_params_ui_tutorial' retrieved from /home/airflow/.local/lib/python3.12/site-packages/airflow/example_dags/example_params_ui_tutorial.py
[2024-05-11T15:56:19.502+0000] {logging_mixin.py:188} INFO - [2024-05-11T15:56:19.502+0000] {dag.py:3096} INFO - Sync 1 DAGs
[2024-05-11T15:56:19.514+0000] {logging_mixin.py:188} INFO - [2024-05-11T15:56:19.514+0000] {dag.py:3954} INFO - Setting next_dagrun for example_params_ui_tutorial to None, run_after=None
[2024-05-11T15:56:19.532+0000] {processor.py:183} INFO - Processing /home/airflow/.local/lib/python3.12/site-packages/airflow/example_dags/example_params_ui_tutorial.py took 0.111 seconds
[2024-05-11T15:56:50.082+0000] {processor.py:161} INFO - Started process (PID=1272) to work on /home/airflow/.local/lib/python3.12/site-packages/airflow/example_dags/example_params_ui_tutorial.py
[2024-05-11T15:56:50.083+0000] {processor.py:830} INFO - Processing file /home/airflow/.local/lib/python3.12/site-packages/airflow/example_dags/example_params_ui_tutorial.py for tasks to queue
[2024-05-11T15:56:50.085+0000] {logging_mixin.py:188} INFO - [2024-05-11T15:56:50.084+0000] {dagbag.py:545} INFO - Filling up the DagBag from /home/airflow/.local/lib/python3.12/site-packages/airflow/example_dags/example_params_ui_tutorial.py
[2024-05-11T15:56:50.096+0000] {processor.py:840} INFO - DAG(s) 'example_params_ui_tutorial' retrieved from /home/airflow/.local/lib/python3.12/site-packages/airflow/example_dags/example_params_ui_tutorial.py
[2024-05-11T15:56:50.150+0000] {logging_mixin.py:188} INFO - [2024-05-11T15:56:50.150+0000] {dag.py:3096} INFO - Sync 1 DAGs
[2024-05-11T15:56:50.170+0000] {logging_mixin.py:188} INFO - [2024-05-11T15:56:50.170+0000] {dag.py:3954} INFO - Setting next_dagrun for example_params_ui_tutorial to None, run_after=None
[2024-05-11T15:56:50.197+0000] {processor.py:183} INFO - Processing /home/airflow/.local/lib/python3.12/site-packages/airflow/example_dags/example_params_ui_tutorial.py took 0.120 seconds
[2024-05-11T16:03:41.464+0000] {processor.py:161} INFO - Started process (PID=48) to work on /home/airflow/.local/lib/python3.12/site-packages/airflow/example_dags/example_params_ui_tutorial.py
[2024-05-11T16:03:41.468+0000] {processor.py:830} INFO - Processing file /home/airflow/.local/lib/python3.12/site-packages/airflow/example_dags/example_params_ui_tutorial.py for tasks to queue
[2024-05-11T16:03:41.471+0000] {logging_mixin.py:188} INFO - [2024-05-11T16:03:41.470+0000] {dagbag.py:545} INFO - Filling up the DagBag from /home/airflow/.local/lib/python3.12/site-packages/airflow/example_dags/example_params_ui_tutorial.py
[2024-05-11T16:03:41.488+0000] {processor.py:840} INFO - DAG(s) 'example_params_ui_tutorial' retrieved from /home/airflow/.local/lib/python3.12/site-packages/airflow/example_dags/example_params_ui_tutorial.py
[2024-05-11T16:03:41.503+0000] {logging_mixin.py:188} INFO - [2024-05-11T16:03:41.503+0000] {dag.py:3096} INFO - Sync 1 DAGs
[2024-05-11T16:03:41.518+0000] {logging_mixin.py:188} INFO - [2024-05-11T16:03:41.518+0000] {dag.py:3954} INFO - Setting next_dagrun for example_params_ui_tutorial to None, run_after=None
[2024-05-11T16:03:41.552+0000] {processor.py:183} INFO - Processing /home/airflow/.local/lib/python3.12/site-packages/airflow/example_dags/example_params_ui_tutorial.py took 0.096 seconds
[2024-05-11T16:04:11.682+0000] {processor.py:161} INFO - Started process (PID=106) to work on /home/airflow/.local/lib/python3.12/site-packages/airflow/example_dags/example_params_ui_tutorial.py
[2024-05-11T16:04:11.683+0000] {processor.py:830} INFO - Processing file /home/airflow/.local/lib/python3.12/site-packages/airflow/example_dags/example_params_ui_tutorial.py for tasks to queue
[2024-05-11T16:04:11.685+0000] {logging_mixin.py:188} INFO - [2024-05-11T16:04:11.685+0000] {dagbag.py:545} INFO - Filling up the DagBag from /home/airflow/.local/lib/python3.12/site-packages/airflow/example_dags/example_params_ui_tutorial.py
[2024-05-11T16:04:11.694+0000] {processor.py:840} INFO - DAG(s) 'example_params_ui_tutorial' retrieved from /home/airflow/.local/lib/python3.12/site-packages/airflow/example_dags/example_params_ui_tutorial.py
[2024-05-11T16:04:11.823+0000] {logging_mixin.py:188} INFO - [2024-05-11T16:04:11.823+0000] {dag.py:3096} INFO - Sync 1 DAGs
[2024-05-11T16:04:11.834+0000] {logging_mixin.py:188} INFO - [2024-05-11T16:04:11.834+0000] {dag.py:3954} INFO - Setting next_dagrun for example_params_ui_tutorial to None, run_after=None
[2024-05-11T16:04:11.869+0000] {processor.py:183} INFO - Processing /home/airflow/.local/lib/python3.12/site-packages/airflow/example_dags/example_params_ui_tutorial.py took 0.191 seconds
[2024-05-11T16:04:42.641+0000] {processor.py:161} INFO - Started process (PID=164) to work on /home/airflow/.local/lib/python3.12/site-packages/airflow/example_dags/example_params_ui_tutorial.py
[2024-05-11T16:04:42.643+0000] {processor.py:830} INFO - Processing file /home/airflow/.local/lib/python3.12/site-packages/airflow/example_dags/example_params_ui_tutorial.py for tasks to queue
[2024-05-11T16:04:42.644+0000] {logging_mixin.py:188} INFO - [2024-05-11T16:04:42.644+0000] {dagbag.py:545} INFO - Filling up the DagBag from /home/airflow/.local/lib/python3.12/site-packages/airflow/example_dags/example_params_ui_tutorial.py
[2024-05-11T16:04:42.654+0000] {processor.py:840} INFO - DAG(s) 'example_params_ui_tutorial' retrieved from /home/airflow/.local/lib/python3.12/site-packages/airflow/example_dags/example_params_ui_tutorial.py
[2024-05-11T16:04:42.706+0000] {logging_mixin.py:188} INFO - [2024-05-11T16:04:42.705+0000] {dag.py:3096} INFO - Sync 1 DAGs
[2024-05-11T16:04:42.717+0000] {logging_mixin.py:188} INFO - [2024-05-11T16:04:42.717+0000] {dag.py:3954} INFO - Setting next_dagrun for example_params_ui_tutorial to None, run_after=None
[2024-05-11T16:04:42.733+0000] {processor.py:183} INFO - Processing /home/airflow/.local/lib/python3.12/site-packages/airflow/example_dags/example_params_ui_tutorial.py took 0.096 seconds
[2024-05-11T16:05:12.810+0000] {processor.py:161} INFO - Started process (PID=222) to work on /home/airflow/.local/lib/python3.12/site-packages/airflow/example_dags/example_params_ui_tutorial.py
[2024-05-11T16:05:12.811+0000] {processor.py:830} INFO - Processing file /home/airflow/.local/lib/python3.12/site-packages/airflow/example_dags/example_params_ui_tutorial.py for tasks to queue
[2024-05-11T16:05:12.812+0000] {logging_mixin.py:188} INFO - [2024-05-11T16:05:12.812+0000] {dagbag.py:545} INFO - Filling up the DagBag from /home/airflow/.local/lib/python3.12/site-packages/airflow/example_dags/example_params_ui_tutorial.py
[2024-05-11T16:05:12.821+0000] {processor.py:840} INFO - DAG(s) 'example_params_ui_tutorial' retrieved from /home/airflow/.local/lib/python3.12/site-packages/airflow/example_dags/example_params_ui_tutorial.py
[2024-05-11T16:05:12.870+0000] {logging_mixin.py:188} INFO - [2024-05-11T16:05:12.869+0000] {dag.py:3096} INFO - Sync 1 DAGs
[2024-05-11T16:05:12.881+0000] {logging_mixin.py:188} INFO - [2024-05-11T16:05:12.881+0000] {dag.py:3954} INFO - Setting next_dagrun for example_params_ui_tutorial to None, run_after=None
[2024-05-11T16:05:12.896+0000] {processor.py:183} INFO - Processing /home/airflow/.local/lib/python3.12/site-packages/airflow/example_dags/example_params_ui_tutorial.py took 0.091 seconds
[2024-05-11T16:05:43.251+0000] {processor.py:161} INFO - Started process (PID=280) to work on /home/airflow/.local/lib/python3.12/site-packages/airflow/example_dags/example_params_ui_tutorial.py
[2024-05-11T16:05:43.259+0000] {processor.py:830} INFO - Processing file /home/airflow/.local/lib/python3.12/site-packages/airflow/example_dags/example_params_ui_tutorial.py for tasks to queue
[2024-05-11T16:05:43.262+0000] {logging_mixin.py:188} INFO - [2024-05-11T16:05:43.261+0000] {dagbag.py:545} INFO - Filling up the DagBag from /home/airflow/.local/lib/python3.12/site-packages/airflow/example_dags/example_params_ui_tutorial.py
[2024-05-11T16:05:43.280+0000] {processor.py:840} INFO - DAG(s) 'example_params_ui_tutorial' retrieved from /home/airflow/.local/lib/python3.12/site-packages/airflow/example_dags/example_params_ui_tutorial.py
[2024-05-11T16:05:43.380+0000] {logging_mixin.py:188} INFO - [2024-05-11T16:05:43.379+0000] {dag.py:3096} INFO - Sync 1 DAGs
[2024-05-11T16:05:43.393+0000] {logging_mixin.py:188} INFO - [2024-05-11T16:05:43.393+0000] {dag.py:3954} INFO - Setting next_dagrun for example_params_ui_tutorial to None, run_after=None
[2024-05-11T16:05:43.421+0000] {processor.py:183} INFO - Processing /home/airflow/.local/lib/python3.12/site-packages/airflow/example_dags/example_params_ui_tutorial.py took 0.177 seconds
