[2024-05-11T11:30:29.103+0000] {processor.py:161} INFO - Started process (PID=52) to work on /home/airflow/.local/lib/python3.12/site-packages/airflow/example_dags/example_external_task_marker_dag.py
[2024-05-11T11:30:29.114+0000] {processor.py:830} INFO - Processing file /home/airflow/.local/lib/python3.12/site-packages/airflow/example_dags/example_external_task_marker_dag.py for tasks to queue
[2024-05-11T11:30:29.148+0000] {logging_mixin.py:188} INFO - [2024-05-11T11:30:29.144+0000] {dagbag.py:545} INFO - Filling up the DagBag from /home/airflow/.local/lib/python3.12/site-packages/airflow/example_dags/example_external_task_marker_dag.py
[2024-05-11T11:30:29.247+0000] {processor.py:840} INFO - DAG(s) 'example_external_task_marker_parent', 'example_external_task_marker_child' retrieved from /home/airflow/.local/lib/python3.12/site-packages/airflow/example_dags/example_external_task_marker_dag.py
[2024-05-11T11:30:29.885+0000] {logging_mixin.py:188} INFO - [2024-05-11T11:30:29.883+0000] {override.py:1829} INFO - Created Permission View: can edit on DAG:example_external_task_marker_parent
[2024-05-11T11:30:29.936+0000] {logging_mixin.py:188} INFO - [2024-05-11T11:30:29.935+0000] {override.py:1829} INFO - Created Permission View: can read on DAG:example_external_task_marker_parent
[2024-05-11T11:30:29.976+0000] {logging_mixin.py:188} INFO - [2024-05-11T11:30:29.975+0000] {override.py:1829} INFO - Created Permission View: can delete on DAG:example_external_task_marker_parent
[2024-05-11T11:30:30.007+0000] {logging_mixin.py:188} INFO - [2024-05-11T11:30:30.006+0000] {override.py:1829} INFO - Created Permission View: can edit on DAG:example_external_task_marker_child
[2024-05-11T11:30:30.018+0000] {logging_mixin.py:188} INFO - [2024-05-11T11:30:30.018+0000] {override.py:1829} INFO - Created Permission View: can read on DAG:example_external_task_marker_child
[2024-05-11T11:30:30.030+0000] {logging_mixin.py:188} INFO - [2024-05-11T11:30:30.029+0000] {override.py:1829} INFO - Created Permission View: can delete on DAG:example_external_task_marker_child
[2024-05-11T11:30:30.031+0000] {logging_mixin.py:188} INFO - [2024-05-11T11:30:30.030+0000] {dag.py:3096} INFO - Sync 2 DAGs
[2024-05-11T11:30:30.049+0000] {logging_mixin.py:188} INFO - [2024-05-11T11:30:30.048+0000] {dag.py:3118} INFO - Creating ORM DAG for example_external_task_marker_parent
[2024-05-11T11:30:30.050+0000] {logging_mixin.py:188} INFO - [2024-05-11T11:30:30.050+0000] {dag.py:3118} INFO - Creating ORM DAG for example_external_task_marker_child
[2024-05-11T11:30:30.051+0000] {logging_mixin.py:188} INFO - [2024-05-11T11:30:30.051+0000] {dag.py:3954} INFO - Setting next_dagrun for example_external_task_marker_child to None, run_after=None
[2024-05-11T11:30:30.053+0000] {logging_mixin.py:188} INFO - [2024-05-11T11:30:30.052+0000] {dag.py:3954} INFO - Setting next_dagrun for example_external_task_marker_parent to None, run_after=None
[2024-05-11T11:30:30.144+0000] {processor.py:183} INFO - Processing /home/airflow/.local/lib/python3.12/site-packages/airflow/example_dags/example_external_task_marker_dag.py took 1.099 seconds
[2024-05-11T11:31:11.483+0000] {processor.py:161} INFO - Started process (PID=109) to work on /home/airflow/.local/lib/python3.12/site-packages/airflow/example_dags/example_external_task_marker_dag.py
[2024-05-11T11:31:11.484+0000] {processor.py:830} INFO - Processing file /home/airflow/.local/lib/python3.12/site-packages/airflow/example_dags/example_external_task_marker_dag.py for tasks to queue
[2024-05-11T11:31:11.487+0000] {logging_mixin.py:188} INFO - [2024-05-11T11:31:11.487+0000] {dagbag.py:545} INFO - Filling up the DagBag from /home/airflow/.local/lib/python3.12/site-packages/airflow/example_dags/example_external_task_marker_dag.py
[2024-05-11T11:31:11.496+0000] {processor.py:840} INFO - DAG(s) 'example_external_task_marker_child', 'example_external_task_marker_parent' retrieved from /home/airflow/.local/lib/python3.12/site-packages/airflow/example_dags/example_external_task_marker_dag.py
[2024-05-11T11:31:11.521+0000] {logging_mixin.py:188} INFO - [2024-05-11T11:31:11.521+0000] {dag.py:3096} INFO - Sync 2 DAGs
[2024-05-11T11:31:11.536+0000] {logging_mixin.py:188} INFO - [2024-05-11T11:31:11.536+0000] {dag.py:3954} INFO - Setting next_dagrun for example_external_task_marker_child to None, run_after=None
[2024-05-11T11:31:11.541+0000] {logging_mixin.py:188} INFO - [2024-05-11T11:31:11.541+0000] {dag.py:3954} INFO - Setting next_dagrun for example_external_task_marker_parent to None, run_after=None
[2024-05-11T11:31:11.562+0000] {processor.py:183} INFO - Processing /home/airflow/.local/lib/python3.12/site-packages/airflow/example_dags/example_external_task_marker_dag.py took 0.085 seconds
[2024-05-11T11:31:41.798+0000] {processor.py:161} INFO - Started process (PID=166) to work on /home/airflow/.local/lib/python3.12/site-packages/airflow/example_dags/example_external_task_marker_dag.py
[2024-05-11T11:31:41.799+0000] {processor.py:830} INFO - Processing file /home/airflow/.local/lib/python3.12/site-packages/airflow/example_dags/example_external_task_marker_dag.py for tasks to queue
[2024-05-11T11:31:41.801+0000] {logging_mixin.py:188} INFO - [2024-05-11T11:31:41.801+0000] {dagbag.py:545} INFO - Filling up the DagBag from /home/airflow/.local/lib/python3.12/site-packages/airflow/example_dags/example_external_task_marker_dag.py
[2024-05-11T11:31:41.806+0000] {processor.py:840} INFO - DAG(s) 'example_external_task_marker_child', 'example_external_task_marker_parent' retrieved from /home/airflow/.local/lib/python3.12/site-packages/airflow/example_dags/example_external_task_marker_dag.py
[2024-05-11T11:31:41.827+0000] {logging_mixin.py:188} INFO - [2024-05-11T11:31:41.827+0000] {dag.py:3096} INFO - Sync 2 DAGs
[2024-05-11T11:31:41.840+0000] {logging_mixin.py:188} INFO - [2024-05-11T11:31:41.840+0000] {dag.py:3954} INFO - Setting next_dagrun for example_external_task_marker_child to None, run_after=None
[2024-05-11T11:31:41.845+0000] {logging_mixin.py:188} INFO - [2024-05-11T11:31:41.845+0000] {dag.py:3954} INFO - Setting next_dagrun for example_external_task_marker_parent to None, run_after=None
[2024-05-11T11:31:41.865+0000] {processor.py:183} INFO - Processing /home/airflow/.local/lib/python3.12/site-packages/airflow/example_dags/example_external_task_marker_dag.py took 0.071 seconds
[2024-05-11T11:32:12.130+0000] {processor.py:161} INFO - Started process (PID=224) to work on /home/airflow/.local/lib/python3.12/site-packages/airflow/example_dags/example_external_task_marker_dag.py
[2024-05-11T11:32:12.131+0000] {processor.py:830} INFO - Processing file /home/airflow/.local/lib/python3.12/site-packages/airflow/example_dags/example_external_task_marker_dag.py for tasks to queue
[2024-05-11T11:32:12.133+0000] {logging_mixin.py:188} INFO - [2024-05-11T11:32:12.132+0000] {dagbag.py:545} INFO - Filling up the DagBag from /home/airflow/.local/lib/python3.12/site-packages/airflow/example_dags/example_external_task_marker_dag.py
[2024-05-11T11:32:12.138+0000] {processor.py:840} INFO - DAG(s) 'example_external_task_marker_child', 'example_external_task_marker_parent' retrieved from /home/airflow/.local/lib/python3.12/site-packages/airflow/example_dags/example_external_task_marker_dag.py
[2024-05-11T11:32:12.158+0000] {logging_mixin.py:188} INFO - [2024-05-11T11:32:12.157+0000] {dag.py:3096} INFO - Sync 2 DAGs
[2024-05-11T11:32:12.170+0000] {logging_mixin.py:188} INFO - [2024-05-11T11:32:12.170+0000] {dag.py:3954} INFO - Setting next_dagrun for example_external_task_marker_child to None, run_after=None
[2024-05-11T11:32:12.174+0000] {logging_mixin.py:188} INFO - [2024-05-11T11:32:12.174+0000] {dag.py:3954} INFO - Setting next_dagrun for example_external_task_marker_parent to None, run_after=None
[2024-05-11T11:32:12.189+0000] {processor.py:183} INFO - Processing /home/airflow/.local/lib/python3.12/site-packages/airflow/example_dags/example_external_task_marker_dag.py took 0.063 seconds
[2024-05-11T11:32:42.562+0000] {processor.py:161} INFO - Started process (PID=270) to work on /home/airflow/.local/lib/python3.12/site-packages/airflow/example_dags/example_external_task_marker_dag.py
[2024-05-11T11:32:42.563+0000] {processor.py:830} INFO - Processing file /home/airflow/.local/lib/python3.12/site-packages/airflow/example_dags/example_external_task_marker_dag.py for tasks to queue
[2024-05-11T11:32:42.564+0000] {logging_mixin.py:188} INFO - [2024-05-11T11:32:42.564+0000] {dagbag.py:545} INFO - Filling up the DagBag from /home/airflow/.local/lib/python3.12/site-packages/airflow/example_dags/example_external_task_marker_dag.py
[2024-05-11T11:32:42.571+0000] {processor.py:840} INFO - DAG(s) 'example_external_task_marker_parent', 'example_external_task_marker_child' retrieved from /home/airflow/.local/lib/python3.12/site-packages/airflow/example_dags/example_external_task_marker_dag.py
[2024-05-11T11:32:42.593+0000] {logging_mixin.py:188} INFO - [2024-05-11T11:32:42.592+0000] {dag.py:3096} INFO - Sync 2 DAGs
[2024-05-11T11:32:42.606+0000] {logging_mixin.py:188} INFO - [2024-05-11T11:32:42.605+0000] {dag.py:3954} INFO - Setting next_dagrun for example_external_task_marker_child to None, run_after=None
[2024-05-11T11:32:42.610+0000] {logging_mixin.py:188} INFO - [2024-05-11T11:32:42.609+0000] {dag.py:3954} INFO - Setting next_dagrun for example_external_task_marker_parent to None, run_after=None
[2024-05-11T11:32:42.626+0000] {processor.py:183} INFO - Processing /home/airflow/.local/lib/python3.12/site-packages/airflow/example_dags/example_external_task_marker_dag.py took 0.069 seconds
[2024-05-11T11:33:12.687+0000] {processor.py:161} INFO - Started process (PID=328) to work on /home/airflow/.local/lib/python3.12/site-packages/airflow/example_dags/example_external_task_marker_dag.py
[2024-05-11T11:33:12.688+0000] {processor.py:830} INFO - Processing file /home/airflow/.local/lib/python3.12/site-packages/airflow/example_dags/example_external_task_marker_dag.py for tasks to queue
[2024-05-11T11:33:12.690+0000] {logging_mixin.py:188} INFO - [2024-05-11T11:33:12.690+0000] {dagbag.py:545} INFO - Filling up the DagBag from /home/airflow/.local/lib/python3.12/site-packages/airflow/example_dags/example_external_task_marker_dag.py
[2024-05-11T11:33:12.697+0000] {processor.py:840} INFO - DAG(s) 'example_external_task_marker_parent', 'example_external_task_marker_child' retrieved from /home/airflow/.local/lib/python3.12/site-packages/airflow/example_dags/example_external_task_marker_dag.py
[2024-05-11T11:33:12.729+0000] {logging_mixin.py:188} INFO - [2024-05-11T11:33:12.728+0000] {dag.py:3096} INFO - Sync 2 DAGs
[2024-05-11T11:33:12.745+0000] {logging_mixin.py:188} INFO - [2024-05-11T11:33:12.745+0000] {dag.py:3954} INFO - Setting next_dagrun for example_external_task_marker_child to None, run_after=None
[2024-05-11T11:33:12.751+0000] {logging_mixin.py:188} INFO - [2024-05-11T11:33:12.750+0000] {dag.py:3954} INFO - Setting next_dagrun for example_external_task_marker_parent to None, run_after=None
[2024-05-11T11:33:12.774+0000] {processor.py:183} INFO - Processing /home/airflow/.local/lib/python3.12/site-packages/airflow/example_dags/example_external_task_marker_dag.py took 0.096 seconds
[2024-05-11T11:33:42.881+0000] {processor.py:161} INFO - Started process (PID=386) to work on /home/airflow/.local/lib/python3.12/site-packages/airflow/example_dags/example_external_task_marker_dag.py
[2024-05-11T11:33:42.887+0000] {processor.py:830} INFO - Processing file /home/airflow/.local/lib/python3.12/site-packages/airflow/example_dags/example_external_task_marker_dag.py for tasks to queue
[2024-05-11T11:33:42.889+0000] {logging_mixin.py:188} INFO - [2024-05-11T11:33:42.888+0000] {dagbag.py:545} INFO - Filling up the DagBag from /home/airflow/.local/lib/python3.12/site-packages/airflow/example_dags/example_external_task_marker_dag.py
[2024-05-11T11:33:42.894+0000] {processor.py:840} INFO - DAG(s) 'example_external_task_marker_parent', 'example_external_task_marker_child' retrieved from /home/airflow/.local/lib/python3.12/site-packages/airflow/example_dags/example_external_task_marker_dag.py
[2024-05-11T11:33:42.915+0000] {logging_mixin.py:188} INFO - [2024-05-11T11:33:42.914+0000] {dag.py:3096} INFO - Sync 2 DAGs
[2024-05-11T11:33:42.925+0000] {logging_mixin.py:188} INFO - [2024-05-11T11:33:42.925+0000] {dag.py:3954} INFO - Setting next_dagrun for example_external_task_marker_child to None, run_after=None
[2024-05-11T11:33:42.929+0000] {logging_mixin.py:188} INFO - [2024-05-11T11:33:42.929+0000] {dag.py:3954} INFO - Setting next_dagrun for example_external_task_marker_parent to None, run_after=None
[2024-05-11T11:33:42.954+0000] {processor.py:183} INFO - Processing /home/airflow/.local/lib/python3.12/site-packages/airflow/example_dags/example_external_task_marker_dag.py took 0.078 seconds
[2024-05-11T11:34:13.638+0000] {processor.py:161} INFO - Started process (PID=444) to work on /home/airflow/.local/lib/python3.12/site-packages/airflow/example_dags/example_external_task_marker_dag.py
[2024-05-11T11:34:13.644+0000] {processor.py:830} INFO - Processing file /home/airflow/.local/lib/python3.12/site-packages/airflow/example_dags/example_external_task_marker_dag.py for tasks to queue
[2024-05-11T11:34:13.656+0000] {logging_mixin.py:188} INFO - [2024-05-11T11:34:13.655+0000] {dagbag.py:545} INFO - Filling up the DagBag from /home/airflow/.local/lib/python3.12/site-packages/airflow/example_dags/example_external_task_marker_dag.py
[2024-05-11T11:34:13.663+0000] {processor.py:840} INFO - DAG(s) 'example_external_task_marker_child', 'example_external_task_marker_parent' retrieved from /home/airflow/.local/lib/python3.12/site-packages/airflow/example_dags/example_external_task_marker_dag.py
[2024-05-11T11:34:13.676+0000] {logging_mixin.py:188} INFO - [2024-05-11T11:34:13.676+0000] {dag.py:3096} INFO - Sync 2 DAGs
[2024-05-11T11:34:13.692+0000] {logging_mixin.py:188} INFO - [2024-05-11T11:34:13.692+0000] {dag.py:3954} INFO - Setting next_dagrun for example_external_task_marker_child to None, run_after=None
[2024-05-11T11:34:13.696+0000] {logging_mixin.py:188} INFO - [2024-05-11T11:34:13.696+0000] {dag.py:3954} INFO - Setting next_dagrun for example_external_task_marker_parent to None, run_after=None
[2024-05-11T11:34:13.711+0000] {processor.py:183} INFO - Processing /home/airflow/.local/lib/python3.12/site-packages/airflow/example_dags/example_external_task_marker_dag.py took 0.088 seconds
[2024-05-11T11:34:43.810+0000] {processor.py:161} INFO - Started process (PID=502) to work on /home/airflow/.local/lib/python3.12/site-packages/airflow/example_dags/example_external_task_marker_dag.py
[2024-05-11T11:34:43.811+0000] {processor.py:830} INFO - Processing file /home/airflow/.local/lib/python3.12/site-packages/airflow/example_dags/example_external_task_marker_dag.py for tasks to queue
[2024-05-11T11:34:43.813+0000] {logging_mixin.py:188} INFO - [2024-05-11T11:34:43.813+0000] {dagbag.py:545} INFO - Filling up the DagBag from /home/airflow/.local/lib/python3.12/site-packages/airflow/example_dags/example_external_task_marker_dag.py
[2024-05-11T11:34:43.819+0000] {processor.py:840} INFO - DAG(s) 'example_external_task_marker_child', 'example_external_task_marker_parent' retrieved from /home/airflow/.local/lib/python3.12/site-packages/airflow/example_dags/example_external_task_marker_dag.py
[2024-05-11T11:34:43.949+0000] {logging_mixin.py:188} INFO - [2024-05-11T11:34:43.949+0000] {dag.py:3096} INFO - Sync 2 DAGs
[2024-05-11T11:34:43.960+0000] {logging_mixin.py:188} INFO - [2024-05-11T11:34:43.959+0000] {dag.py:3954} INFO - Setting next_dagrun for example_external_task_marker_child to None, run_after=None
[2024-05-11T11:34:43.963+0000] {logging_mixin.py:188} INFO - [2024-05-11T11:34:43.962+0000] {dag.py:3954} INFO - Setting next_dagrun for example_external_task_marker_parent to None, run_after=None
[2024-05-11T11:34:43.979+0000] {processor.py:183} INFO - Processing /home/airflow/.local/lib/python3.12/site-packages/airflow/example_dags/example_external_task_marker_dag.py took 0.174 seconds
[2024-05-11T15:07:40.299+0000] {processor.py:161} INFO - Started process (PID=34) to work on /home/airflow/.local/lib/python3.12/site-packages/airflow/example_dags/example_external_task_marker_dag.py
[2024-05-11T15:07:40.300+0000] {processor.py:830} INFO - Processing file /home/airflow/.local/lib/python3.12/site-packages/airflow/example_dags/example_external_task_marker_dag.py for tasks to queue
[2024-05-11T15:07:40.302+0000] {logging_mixin.py:188} INFO - [2024-05-11T15:07:40.302+0000] {dagbag.py:545} INFO - Filling up the DagBag from /home/airflow/.local/lib/python3.12/site-packages/airflow/example_dags/example_external_task_marker_dag.py
[2024-05-11T15:07:40.326+0000] {processor.py:840} INFO - DAG(s) 'example_external_task_marker_parent', 'example_external_task_marker_child' retrieved from /home/airflow/.local/lib/python3.12/site-packages/airflow/example_dags/example_external_task_marker_dag.py
[2024-05-11T15:07:40.376+0000] {logging_mixin.py:188} INFO - [2024-05-11T15:07:40.375+0000] {dag.py:3096} INFO - Sync 2 DAGs
[2024-05-11T15:07:40.392+0000] {logging_mixin.py:188} INFO - [2024-05-11T15:07:40.392+0000] {dag.py:3954} INFO - Setting next_dagrun for example_external_task_marker_child to None, run_after=None
[2024-05-11T15:07:40.397+0000] {logging_mixin.py:188} INFO - [2024-05-11T15:07:40.397+0000] {dag.py:3954} INFO - Setting next_dagrun for example_external_task_marker_parent to None, run_after=None
[2024-05-11T15:07:40.414+0000] {processor.py:183} INFO - Processing /home/airflow/.local/lib/python3.12/site-packages/airflow/example_dags/example_external_task_marker_dag.py took 0.123 seconds
[2024-05-11T15:08:10.609+0000] {processor.py:161} INFO - Started process (PID=92) to work on /home/airflow/.local/lib/python3.12/site-packages/airflow/example_dags/example_external_task_marker_dag.py
[2024-05-11T15:08:10.611+0000] {processor.py:830} INFO - Processing file /home/airflow/.local/lib/python3.12/site-packages/airflow/example_dags/example_external_task_marker_dag.py for tasks to queue
[2024-05-11T15:08:10.614+0000] {logging_mixin.py:188} INFO - [2024-05-11T15:08:10.613+0000] {dagbag.py:545} INFO - Filling up the DagBag from /home/airflow/.local/lib/python3.12/site-packages/airflow/example_dags/example_external_task_marker_dag.py
[2024-05-11T15:08:10.623+0000] {processor.py:840} INFO - DAG(s) 'example_external_task_marker_parent', 'example_external_task_marker_child' retrieved from /home/airflow/.local/lib/python3.12/site-packages/airflow/example_dags/example_external_task_marker_dag.py
[2024-05-11T15:08:10.656+0000] {logging_mixin.py:188} INFO - [2024-05-11T15:08:10.656+0000] {dag.py:3096} INFO - Sync 2 DAGs
[2024-05-11T15:08:10.672+0000] {logging_mixin.py:188} INFO - [2024-05-11T15:08:10.672+0000] {dag.py:3954} INFO - Setting next_dagrun for example_external_task_marker_child to None, run_after=None
[2024-05-11T15:08:10.677+0000] {logging_mixin.py:188} INFO - [2024-05-11T15:08:10.676+0000] {dag.py:3954} INFO - Setting next_dagrun for example_external_task_marker_parent to None, run_after=None
[2024-05-11T15:08:10.700+0000] {processor.py:183} INFO - Processing /home/airflow/.local/lib/python3.12/site-packages/airflow/example_dags/example_external_task_marker_dag.py took 0.098 seconds
[2024-05-11T15:18:26.444+0000] {processor.py:161} INFO - Started process (PID=34) to work on /home/airflow/.local/lib/python3.12/site-packages/airflow/example_dags/example_external_task_marker_dag.py
[2024-05-11T15:18:26.446+0000] {processor.py:830} INFO - Processing file /home/airflow/.local/lib/python3.12/site-packages/airflow/example_dags/example_external_task_marker_dag.py for tasks to queue
[2024-05-11T15:18:26.448+0000] {logging_mixin.py:188} INFO - [2024-05-11T15:18:26.448+0000] {dagbag.py:545} INFO - Filling up the DagBag from /home/airflow/.local/lib/python3.12/site-packages/airflow/example_dags/example_external_task_marker_dag.py
[2024-05-11T15:18:26.459+0000] {processor.py:840} INFO - DAG(s) 'example_external_task_marker_parent', 'example_external_task_marker_child' retrieved from /home/airflow/.local/lib/python3.12/site-packages/airflow/example_dags/example_external_task_marker_dag.py
[2024-05-11T15:18:26.508+0000] {logging_mixin.py:188} INFO - [2024-05-11T15:18:26.508+0000] {dag.py:3096} INFO - Sync 2 DAGs
[2024-05-11T15:18:26.530+0000] {logging_mixin.py:188} INFO - [2024-05-11T15:18:26.529+0000] {dag.py:3954} INFO - Setting next_dagrun for example_external_task_marker_child to None, run_after=None
[2024-05-11T15:18:26.541+0000] {logging_mixin.py:188} INFO - [2024-05-11T15:18:26.540+0000] {dag.py:3954} INFO - Setting next_dagrun for example_external_task_marker_parent to None, run_after=None
[2024-05-11T15:18:26.564+0000] {processor.py:183} INFO - Processing /home/airflow/.local/lib/python3.12/site-packages/airflow/example_dags/example_external_task_marker_dag.py took 0.129 seconds
[2024-05-11T15:18:56.994+0000] {processor.py:161} INFO - Started process (PID=92) to work on /home/airflow/.local/lib/python3.12/site-packages/airflow/example_dags/example_external_task_marker_dag.py
[2024-05-11T15:18:56.995+0000] {processor.py:830} INFO - Processing file /home/airflow/.local/lib/python3.12/site-packages/airflow/example_dags/example_external_task_marker_dag.py for tasks to queue
[2024-05-11T15:18:56.998+0000] {logging_mixin.py:188} INFO - [2024-05-11T15:18:56.997+0000] {dagbag.py:545} INFO - Filling up the DagBag from /home/airflow/.local/lib/python3.12/site-packages/airflow/example_dags/example_external_task_marker_dag.py
[2024-05-11T15:18:57.004+0000] {processor.py:840} INFO - DAG(s) 'example_external_task_marker_child', 'example_external_task_marker_parent' retrieved from /home/airflow/.local/lib/python3.12/site-packages/airflow/example_dags/example_external_task_marker_dag.py
[2024-05-11T15:18:57.017+0000] {logging_mixin.py:188} INFO - [2024-05-11T15:18:57.017+0000] {dag.py:3096} INFO - Sync 2 DAGs
[2024-05-11T15:18:57.032+0000] {logging_mixin.py:188} INFO - [2024-05-11T15:18:57.031+0000] {dag.py:3954} INFO - Setting next_dagrun for example_external_task_marker_child to None, run_after=None
[2024-05-11T15:18:57.036+0000] {logging_mixin.py:188} INFO - [2024-05-11T15:18:57.036+0000] {dag.py:3954} INFO - Setting next_dagrun for example_external_task_marker_parent to None, run_after=None
[2024-05-11T15:18:57.053+0000] {processor.py:183} INFO - Processing /home/airflow/.local/lib/python3.12/site-packages/airflow/example_dags/example_external_task_marker_dag.py took 0.066 seconds
[2024-05-11T15:19:27.343+0000] {processor.py:161} INFO - Started process (PID=150) to work on /home/airflow/.local/lib/python3.12/site-packages/airflow/example_dags/example_external_task_marker_dag.py
[2024-05-11T15:19:27.344+0000] {processor.py:830} INFO - Processing file /home/airflow/.local/lib/python3.12/site-packages/airflow/example_dags/example_external_task_marker_dag.py for tasks to queue
[2024-05-11T15:19:27.346+0000] {logging_mixin.py:188} INFO - [2024-05-11T15:19:27.346+0000] {dagbag.py:545} INFO - Filling up the DagBag from /home/airflow/.local/lib/python3.12/site-packages/airflow/example_dags/example_external_task_marker_dag.py
[2024-05-11T15:19:27.351+0000] {processor.py:840} INFO - DAG(s) 'example_external_task_marker_parent', 'example_external_task_marker_child' retrieved from /home/airflow/.local/lib/python3.12/site-packages/airflow/example_dags/example_external_task_marker_dag.py
[2024-05-11T15:19:27.499+0000] {logging_mixin.py:188} INFO - [2024-05-11T15:19:27.498+0000] {dag.py:3096} INFO - Sync 2 DAGs
[2024-05-11T15:19:27.509+0000] {logging_mixin.py:188} INFO - [2024-05-11T15:19:27.509+0000] {dag.py:3954} INFO - Setting next_dagrun for example_external_task_marker_child to None, run_after=None
[2024-05-11T15:19:27.512+0000] {logging_mixin.py:188} INFO - [2024-05-11T15:19:27.512+0000] {dag.py:3954} INFO - Setting next_dagrun for example_external_task_marker_parent to None, run_after=None
[2024-05-11T15:19:27.527+0000] {processor.py:183} INFO - Processing /home/airflow/.local/lib/python3.12/site-packages/airflow/example_dags/example_external_task_marker_dag.py took 0.188 seconds
[2024-05-11T15:19:57.843+0000] {processor.py:161} INFO - Started process (PID=208) to work on /home/airflow/.local/lib/python3.12/site-packages/airflow/example_dags/example_external_task_marker_dag.py
[2024-05-11T15:19:57.844+0000] {processor.py:830} INFO - Processing file /home/airflow/.local/lib/python3.12/site-packages/airflow/example_dags/example_external_task_marker_dag.py for tasks to queue
[2024-05-11T15:19:57.846+0000] {logging_mixin.py:188} INFO - [2024-05-11T15:19:57.845+0000] {dagbag.py:545} INFO - Filling up the DagBag from /home/airflow/.local/lib/python3.12/site-packages/airflow/example_dags/example_external_task_marker_dag.py
[2024-05-11T15:19:57.850+0000] {processor.py:840} INFO - DAG(s) 'example_external_task_marker_child', 'example_external_task_marker_parent' retrieved from /home/airflow/.local/lib/python3.12/site-packages/airflow/example_dags/example_external_task_marker_dag.py
[2024-05-11T15:19:57.869+0000] {logging_mixin.py:188} INFO - [2024-05-11T15:19:57.869+0000] {dag.py:3096} INFO - Sync 2 DAGs
[2024-05-11T15:19:57.880+0000] {logging_mixin.py:188} INFO - [2024-05-11T15:19:57.880+0000] {dag.py:3954} INFO - Setting next_dagrun for example_external_task_marker_child to None, run_after=None
[2024-05-11T15:19:57.883+0000] {logging_mixin.py:188} INFO - [2024-05-11T15:19:57.883+0000] {dag.py:3954} INFO - Setting next_dagrun for example_external_task_marker_parent to None, run_after=None
[2024-05-11T15:19:57.898+0000] {processor.py:183} INFO - Processing /home/airflow/.local/lib/python3.12/site-packages/airflow/example_dags/example_external_task_marker_dag.py took 0.060 seconds
[2024-05-11T15:20:28.057+0000] {processor.py:161} INFO - Started process (PID=266) to work on /home/airflow/.local/lib/python3.12/site-packages/airflow/example_dags/example_external_task_marker_dag.py
[2024-05-11T15:20:28.059+0000] {processor.py:830} INFO - Processing file /home/airflow/.local/lib/python3.12/site-packages/airflow/example_dags/example_external_task_marker_dag.py for tasks to queue
[2024-05-11T15:20:28.063+0000] {logging_mixin.py:188} INFO - [2024-05-11T15:20:28.063+0000] {dagbag.py:545} INFO - Filling up the DagBag from /home/airflow/.local/lib/python3.12/site-packages/airflow/example_dags/example_external_task_marker_dag.py
[2024-05-11T15:20:28.073+0000] {processor.py:840} INFO - DAG(s) 'example_external_task_marker_child', 'example_external_task_marker_parent' retrieved from /home/airflow/.local/lib/python3.12/site-packages/airflow/example_dags/example_external_task_marker_dag.py
[2024-05-11T15:20:28.112+0000] {logging_mixin.py:188} INFO - [2024-05-11T15:20:28.112+0000] {dag.py:3096} INFO - Sync 2 DAGs
[2024-05-11T15:20:28.131+0000] {logging_mixin.py:188} INFO - [2024-05-11T15:20:28.130+0000] {dag.py:3954} INFO - Setting next_dagrun for example_external_task_marker_child to None, run_after=None
[2024-05-11T15:20:28.135+0000] {logging_mixin.py:188} INFO - [2024-05-11T15:20:28.135+0000] {dag.py:3954} INFO - Setting next_dagrun for example_external_task_marker_parent to None, run_after=None
[2024-05-11T15:20:28.151+0000] {processor.py:183} INFO - Processing /home/airflow/.local/lib/python3.12/site-packages/airflow/example_dags/example_external_task_marker_dag.py took 0.106 seconds
[2024-05-11T15:26:47.561+0000] {processor.py:161} INFO - Started process (PID=35) to work on /home/airflow/.local/lib/python3.12/site-packages/airflow/example_dags/example_external_task_marker_dag.py
[2024-05-11T15:26:47.562+0000] {processor.py:830} INFO - Processing file /home/airflow/.local/lib/python3.12/site-packages/airflow/example_dags/example_external_task_marker_dag.py for tasks to queue
[2024-05-11T15:26:47.565+0000] {logging_mixin.py:188} INFO - [2024-05-11T15:26:47.564+0000] {dagbag.py:545} INFO - Filling up the DagBag from /home/airflow/.local/lib/python3.12/site-packages/airflow/example_dags/example_external_task_marker_dag.py
[2024-05-11T15:26:47.587+0000] {processor.py:840} INFO - DAG(s) 'example_external_task_marker_parent', 'example_external_task_marker_child' retrieved from /home/airflow/.local/lib/python3.12/site-packages/airflow/example_dags/example_external_task_marker_dag.py
[2024-05-11T15:26:47.891+0000] {logging_mixin.py:188} INFO - [2024-05-11T15:26:47.890+0000] {dag.py:3096} INFO - Sync 2 DAGs
[2024-05-11T15:26:47.908+0000] {logging_mixin.py:188} INFO - [2024-05-11T15:26:47.908+0000] {dag.py:3954} INFO - Setting next_dagrun for example_external_task_marker_child to None, run_after=None
[2024-05-11T15:26:47.914+0000] {logging_mixin.py:188} INFO - [2024-05-11T15:26:47.913+0000] {dag.py:3954} INFO - Setting next_dagrun for example_external_task_marker_parent to None, run_after=None
[2024-05-11T15:26:47.951+0000] {processor.py:183} INFO - Processing /home/airflow/.local/lib/python3.12/site-packages/airflow/example_dags/example_external_task_marker_dag.py took 0.399 seconds
[2024-05-11T15:27:20.896+0000] {processor.py:161} INFO - Started process (PID=94) to work on /home/airflow/.local/lib/python3.12/site-packages/airflow/example_dags/example_external_task_marker_dag.py
[2024-05-11T15:27:20.901+0000] {processor.py:830} INFO - Processing file /home/airflow/.local/lib/python3.12/site-packages/airflow/example_dags/example_external_task_marker_dag.py for tasks to queue
[2024-05-11T15:27:20.914+0000] {logging_mixin.py:188} INFO - [2024-05-11T15:27:20.913+0000] {dagbag.py:545} INFO - Filling up the DagBag from /home/airflow/.local/lib/python3.12/site-packages/airflow/example_dags/example_external_task_marker_dag.py
[2024-05-11T15:27:20.974+0000] {processor.py:840} INFO - DAG(s) 'example_external_task_marker_child', 'example_external_task_marker_parent' retrieved from /home/airflow/.local/lib/python3.12/site-packages/airflow/example_dags/example_external_task_marker_dag.py
[2024-05-11T15:27:21.058+0000] {logging_mixin.py:188} INFO - [2024-05-11T15:27:21.057+0000] {dag.py:3096} INFO - Sync 2 DAGs
[2024-05-11T15:27:21.117+0000] {logging_mixin.py:188} INFO - [2024-05-11T15:27:21.117+0000] {dag.py:3954} INFO - Setting next_dagrun for example_external_task_marker_child to None, run_after=None
[2024-05-11T15:27:21.126+0000] {logging_mixin.py:188} INFO - [2024-05-11T15:27:21.126+0000] {dag.py:3954} INFO - Setting next_dagrun for example_external_task_marker_parent to None, run_after=None
[2024-05-11T15:27:21.178+0000] {processor.py:183} INFO - Processing /home/airflow/.local/lib/python3.12/site-packages/airflow/example_dags/example_external_task_marker_dag.py took 0.419 seconds
[2024-05-11T15:27:51.482+0000] {processor.py:161} INFO - Started process (PID=152) to work on /home/airflow/.local/lib/python3.12/site-packages/airflow/example_dags/example_external_task_marker_dag.py
[2024-05-11T15:27:51.483+0000] {processor.py:830} INFO - Processing file /home/airflow/.local/lib/python3.12/site-packages/airflow/example_dags/example_external_task_marker_dag.py for tasks to queue
[2024-05-11T15:27:51.485+0000] {logging_mixin.py:188} INFO - [2024-05-11T15:27:51.485+0000] {dagbag.py:545} INFO - Filling up the DagBag from /home/airflow/.local/lib/python3.12/site-packages/airflow/example_dags/example_external_task_marker_dag.py
[2024-05-11T15:27:51.490+0000] {processor.py:840} INFO - DAG(s) 'example_external_task_marker_child', 'example_external_task_marker_parent' retrieved from /home/airflow/.local/lib/python3.12/site-packages/airflow/example_dags/example_external_task_marker_dag.py
[2024-05-11T15:27:51.510+0000] {logging_mixin.py:188} INFO - [2024-05-11T15:27:51.510+0000] {dag.py:3096} INFO - Sync 2 DAGs
[2024-05-11T15:27:51.522+0000] {logging_mixin.py:188} INFO - [2024-05-11T15:27:51.522+0000] {dag.py:3954} INFO - Setting next_dagrun for example_external_task_marker_child to None, run_after=None
[2024-05-11T15:27:51.526+0000] {logging_mixin.py:188} INFO - [2024-05-11T15:27:51.526+0000] {dag.py:3954} INFO - Setting next_dagrun for example_external_task_marker_parent to None, run_after=None
[2024-05-11T15:27:51.540+0000] {processor.py:183} INFO - Processing /home/airflow/.local/lib/python3.12/site-packages/airflow/example_dags/example_external_task_marker_dag.py took 0.063 seconds
[2024-05-11T15:28:21.795+0000] {processor.py:161} INFO - Started process (PID=210) to work on /home/airflow/.local/lib/python3.12/site-packages/airflow/example_dags/example_external_task_marker_dag.py
[2024-05-11T15:28:21.796+0000] {processor.py:830} INFO - Processing file /home/airflow/.local/lib/python3.12/site-packages/airflow/example_dags/example_external_task_marker_dag.py for tasks to queue
[2024-05-11T15:28:21.798+0000] {logging_mixin.py:188} INFO - [2024-05-11T15:28:21.798+0000] {dagbag.py:545} INFO - Filling up the DagBag from /home/airflow/.local/lib/python3.12/site-packages/airflow/example_dags/example_external_task_marker_dag.py
[2024-05-11T15:28:21.803+0000] {processor.py:840} INFO - DAG(s) 'example_external_task_marker_child', 'example_external_task_marker_parent' retrieved from /home/airflow/.local/lib/python3.12/site-packages/airflow/example_dags/example_external_task_marker_dag.py
[2024-05-11T15:28:21.822+0000] {logging_mixin.py:188} INFO - [2024-05-11T15:28:21.822+0000] {dag.py:3096} INFO - Sync 2 DAGs
[2024-05-11T15:28:21.833+0000] {logging_mixin.py:188} INFO - [2024-05-11T15:28:21.833+0000] {dag.py:3954} INFO - Setting next_dagrun for example_external_task_marker_child to None, run_after=None
[2024-05-11T15:28:21.836+0000] {logging_mixin.py:188} INFO - [2024-05-11T15:28:21.836+0000] {dag.py:3954} INFO - Setting next_dagrun for example_external_task_marker_parent to None, run_after=None
[2024-05-11T15:28:21.851+0000] {processor.py:183} INFO - Processing /home/airflow/.local/lib/python3.12/site-packages/airflow/example_dags/example_external_task_marker_dag.py took 0.059 seconds
[2024-05-11T15:28:51.918+0000] {processor.py:161} INFO - Started process (PID=268) to work on /home/airflow/.local/lib/python3.12/site-packages/airflow/example_dags/example_external_task_marker_dag.py
[2024-05-11T15:28:51.919+0000] {processor.py:830} INFO - Processing file /home/airflow/.local/lib/python3.12/site-packages/airflow/example_dags/example_external_task_marker_dag.py for tasks to queue
[2024-05-11T15:28:51.921+0000] {logging_mixin.py:188} INFO - [2024-05-11T15:28:51.920+0000] {dagbag.py:545} INFO - Filling up the DagBag from /home/airflow/.local/lib/python3.12/site-packages/airflow/example_dags/example_external_task_marker_dag.py
[2024-05-11T15:28:51.927+0000] {processor.py:840} INFO - DAG(s) 'example_external_task_marker_child', 'example_external_task_marker_parent' retrieved from /home/airflow/.local/lib/python3.12/site-packages/airflow/example_dags/example_external_task_marker_dag.py
[2024-05-11T15:28:51.948+0000] {logging_mixin.py:188} INFO - [2024-05-11T15:28:51.947+0000] {dag.py:3096} INFO - Sync 2 DAGs
[2024-05-11T15:28:51.959+0000] {logging_mixin.py:188} INFO - [2024-05-11T15:28:51.959+0000] {dag.py:3954} INFO - Setting next_dagrun for example_external_task_marker_child to None, run_after=None
[2024-05-11T15:28:51.963+0000] {logging_mixin.py:188} INFO - [2024-05-11T15:28:51.963+0000] {dag.py:3954} INFO - Setting next_dagrun for example_external_task_marker_parent to None, run_after=None
[2024-05-11T15:28:51.979+0000] {processor.py:183} INFO - Processing /home/airflow/.local/lib/python3.12/site-packages/airflow/example_dags/example_external_task_marker_dag.py took 0.066 seconds
[2024-05-11T15:46:05.135+0000] {processor.py:161} INFO - Started process (PID=34) to work on /home/airflow/.local/lib/python3.12/site-packages/airflow/example_dags/example_external_task_marker_dag.py
[2024-05-11T15:46:05.137+0000] {processor.py:830} INFO - Processing file /home/airflow/.local/lib/python3.12/site-packages/airflow/example_dags/example_external_task_marker_dag.py for tasks to queue
[2024-05-11T15:46:05.139+0000] {logging_mixin.py:188} INFO - [2024-05-11T15:46:05.139+0000] {dagbag.py:545} INFO - Filling up the DagBag from /home/airflow/.local/lib/python3.12/site-packages/airflow/example_dags/example_external_task_marker_dag.py
[2024-05-11T15:46:05.150+0000] {processor.py:840} INFO - DAG(s) 'example_external_task_marker_child', 'example_external_task_marker_parent' retrieved from /home/airflow/.local/lib/python3.12/site-packages/airflow/example_dags/example_external_task_marker_dag.py
[2024-05-11T15:46:05.457+0000] {logging_mixin.py:188} INFO - [2024-05-11T15:46:05.456+0000] {dag.py:3096} INFO - Sync 2 DAGs
[2024-05-11T15:46:05.472+0000] {logging_mixin.py:188} INFO - [2024-05-11T15:46:05.472+0000] {dag.py:3954} INFO - Setting next_dagrun for example_external_task_marker_child to None, run_after=None
[2024-05-11T15:46:05.475+0000] {logging_mixin.py:188} INFO - [2024-05-11T15:46:05.475+0000] {dag.py:3954} INFO - Setting next_dagrun for example_external_task_marker_parent to None, run_after=None
[2024-05-11T15:46:05.496+0000] {processor.py:183} INFO - Processing /home/airflow/.local/lib/python3.12/site-packages/airflow/example_dags/example_external_task_marker_dag.py took 0.367 seconds
[2024-05-11T15:46:35.974+0000] {processor.py:161} INFO - Started process (PID=92) to work on /home/airflow/.local/lib/python3.12/site-packages/airflow/example_dags/example_external_task_marker_dag.py
[2024-05-11T15:46:35.978+0000] {processor.py:830} INFO - Processing file /home/airflow/.local/lib/python3.12/site-packages/airflow/example_dags/example_external_task_marker_dag.py for tasks to queue
[2024-05-11T15:46:35.983+0000] {logging_mixin.py:188} INFO - [2024-05-11T15:46:35.983+0000] {dagbag.py:545} INFO - Filling up the DagBag from /home/airflow/.local/lib/python3.12/site-packages/airflow/example_dags/example_external_task_marker_dag.py
[2024-05-11T15:46:35.992+0000] {processor.py:840} INFO - DAG(s) 'example_external_task_marker_child', 'example_external_task_marker_parent' retrieved from /home/airflow/.local/lib/python3.12/site-packages/airflow/example_dags/example_external_task_marker_dag.py
[2024-05-11T15:46:36.020+0000] {logging_mixin.py:188} INFO - [2024-05-11T15:46:36.019+0000] {dag.py:3096} INFO - Sync 2 DAGs
[2024-05-11T15:46:36.036+0000] {logging_mixin.py:188} INFO - [2024-05-11T15:46:36.035+0000] {dag.py:3954} INFO - Setting next_dagrun for example_external_task_marker_child to None, run_after=None
[2024-05-11T15:46:36.040+0000] {logging_mixin.py:188} INFO - [2024-05-11T15:46:36.040+0000] {dag.py:3954} INFO - Setting next_dagrun for example_external_task_marker_parent to None, run_after=None
[2024-05-11T15:46:36.069+0000] {processor.py:183} INFO - Processing /home/airflow/.local/lib/python3.12/site-packages/airflow/example_dags/example_external_task_marker_dag.py took 0.106 seconds
[2024-05-11T15:47:06.372+0000] {processor.py:161} INFO - Started process (PID=150) to work on /home/airflow/.local/lib/python3.12/site-packages/airflow/example_dags/example_external_task_marker_dag.py
[2024-05-11T15:47:06.410+0000] {processor.py:830} INFO - Processing file /home/airflow/.local/lib/python3.12/site-packages/airflow/example_dags/example_external_task_marker_dag.py for tasks to queue
[2024-05-11T15:47:06.412+0000] {logging_mixin.py:188} INFO - [2024-05-11T15:47:06.412+0000] {dagbag.py:545} INFO - Filling up the DagBag from /home/airflow/.local/lib/python3.12/site-packages/airflow/example_dags/example_external_task_marker_dag.py
[2024-05-11T15:47:06.418+0000] {processor.py:840} INFO - DAG(s) 'example_external_task_marker_parent', 'example_external_task_marker_child' retrieved from /home/airflow/.local/lib/python3.12/site-packages/airflow/example_dags/example_external_task_marker_dag.py
[2024-05-11T15:47:06.442+0000] {logging_mixin.py:188} INFO - [2024-05-11T15:47:06.442+0000] {dag.py:3096} INFO - Sync 2 DAGs
[2024-05-11T15:47:06.455+0000] {logging_mixin.py:188} INFO - [2024-05-11T15:47:06.454+0000] {dag.py:3954} INFO - Setting next_dagrun for example_external_task_marker_child to None, run_after=None
[2024-05-11T15:47:06.458+0000] {logging_mixin.py:188} INFO - [2024-05-11T15:47:06.458+0000] {dag.py:3954} INFO - Setting next_dagrun for example_external_task_marker_parent to None, run_after=None
[2024-05-11T15:47:06.717+0000] {processor.py:183} INFO - Processing /home/airflow/.local/lib/python3.12/site-packages/airflow/example_dags/example_external_task_marker_dag.py took 0.350 seconds
[2024-05-11T15:47:36.845+0000] {processor.py:161} INFO - Started process (PID=208) to work on /home/airflow/.local/lib/python3.12/site-packages/airflow/example_dags/example_external_task_marker_dag.py
[2024-05-11T15:47:36.846+0000] {processor.py:830} INFO - Processing file /home/airflow/.local/lib/python3.12/site-packages/airflow/example_dags/example_external_task_marker_dag.py for tasks to queue
[2024-05-11T15:47:36.848+0000] {logging_mixin.py:188} INFO - [2024-05-11T15:47:36.847+0000] {dagbag.py:545} INFO - Filling up the DagBag from /home/airflow/.local/lib/python3.12/site-packages/airflow/example_dags/example_external_task_marker_dag.py
[2024-05-11T15:47:36.852+0000] {processor.py:840} INFO - DAG(s) 'example_external_task_marker_parent', 'example_external_task_marker_child' retrieved from /home/airflow/.local/lib/python3.12/site-packages/airflow/example_dags/example_external_task_marker_dag.py
[2024-05-11T15:47:36.873+0000] {logging_mixin.py:188} INFO - [2024-05-11T15:47:36.872+0000] {dag.py:3096} INFO - Sync 2 DAGs
[2024-05-11T15:47:36.884+0000] {logging_mixin.py:188} INFO - [2024-05-11T15:47:36.884+0000] {dag.py:3954} INFO - Setting next_dagrun for example_external_task_marker_child to None, run_after=None
[2024-05-11T15:47:36.888+0000] {logging_mixin.py:188} INFO - [2024-05-11T15:47:36.888+0000] {dag.py:3954} INFO - Setting next_dagrun for example_external_task_marker_parent to None, run_after=None
[2024-05-11T15:47:36.911+0000] {processor.py:183} INFO - Processing /home/airflow/.local/lib/python3.12/site-packages/airflow/example_dags/example_external_task_marker_dag.py took 0.070 seconds
[2024-05-11T15:48:07.040+0000] {processor.py:161} INFO - Started process (PID=266) to work on /home/airflow/.local/lib/python3.12/site-packages/airflow/example_dags/example_external_task_marker_dag.py
[2024-05-11T15:48:07.040+0000] {processor.py:830} INFO - Processing file /home/airflow/.local/lib/python3.12/site-packages/airflow/example_dags/example_external_task_marker_dag.py for tasks to queue
[2024-05-11T15:48:07.042+0000] {logging_mixin.py:188} INFO - [2024-05-11T15:48:07.042+0000] {dagbag.py:545} INFO - Filling up the DagBag from /home/airflow/.local/lib/python3.12/site-packages/airflow/example_dags/example_external_task_marker_dag.py
[2024-05-11T15:48:07.047+0000] {processor.py:840} INFO - DAG(s) 'example_external_task_marker_parent', 'example_external_task_marker_child' retrieved from /home/airflow/.local/lib/python3.12/site-packages/airflow/example_dags/example_external_task_marker_dag.py
[2024-05-11T15:48:07.066+0000] {logging_mixin.py:188} INFO - [2024-05-11T15:48:07.066+0000] {dag.py:3096} INFO - Sync 2 DAGs
[2024-05-11T15:48:07.078+0000] {logging_mixin.py:188} INFO - [2024-05-11T15:48:07.077+0000] {dag.py:3954} INFO - Setting next_dagrun for example_external_task_marker_child to None, run_after=None
[2024-05-11T15:48:07.081+0000] {logging_mixin.py:188} INFO - [2024-05-11T15:48:07.081+0000] {dag.py:3954} INFO - Setting next_dagrun for example_external_task_marker_parent to None, run_after=None
[2024-05-11T15:48:07.094+0000] {processor.py:183} INFO - Processing /home/airflow/.local/lib/python3.12/site-packages/airflow/example_dags/example_external_task_marker_dag.py took 0.059 seconds
[2024-05-11T15:48:37.258+0000] {processor.py:161} INFO - Started process (PID=324) to work on /home/airflow/.local/lib/python3.12/site-packages/airflow/example_dags/example_external_task_marker_dag.py
[2024-05-11T15:48:37.259+0000] {processor.py:830} INFO - Processing file /home/airflow/.local/lib/python3.12/site-packages/airflow/example_dags/example_external_task_marker_dag.py for tasks to queue
[2024-05-11T15:48:37.261+0000] {logging_mixin.py:188} INFO - [2024-05-11T15:48:37.261+0000] {dagbag.py:545} INFO - Filling up the DagBag from /home/airflow/.local/lib/python3.12/site-packages/airflow/example_dags/example_external_task_marker_dag.py
[2024-05-11T15:48:37.266+0000] {processor.py:840} INFO - DAG(s) 'example_external_task_marker_parent', 'example_external_task_marker_child' retrieved from /home/airflow/.local/lib/python3.12/site-packages/airflow/example_dags/example_external_task_marker_dag.py
[2024-05-11T15:48:37.289+0000] {logging_mixin.py:188} INFO - [2024-05-11T15:48:37.288+0000] {dag.py:3096} INFO - Sync 2 DAGs
[2024-05-11T15:48:37.302+0000] {logging_mixin.py:188} INFO - [2024-05-11T15:48:37.301+0000] {dag.py:3954} INFO - Setting next_dagrun for example_external_task_marker_child to None, run_after=None
[2024-05-11T15:48:37.306+0000] {logging_mixin.py:188} INFO - [2024-05-11T15:48:37.306+0000] {dag.py:3954} INFO - Setting next_dagrun for example_external_task_marker_parent to None, run_after=None
[2024-05-11T15:48:37.322+0000] {processor.py:183} INFO - Processing /home/airflow/.local/lib/python3.12/site-packages/airflow/example_dags/example_external_task_marker_dag.py took 0.069 seconds
[2024-05-11T15:49:07.705+0000] {processor.py:161} INFO - Started process (PID=382) to work on /home/airflow/.local/lib/python3.12/site-packages/airflow/example_dags/example_external_task_marker_dag.py
[2024-05-11T15:49:07.706+0000] {processor.py:830} INFO - Processing file /home/airflow/.local/lib/python3.12/site-packages/airflow/example_dags/example_external_task_marker_dag.py for tasks to queue
[2024-05-11T15:49:07.708+0000] {logging_mixin.py:188} INFO - [2024-05-11T15:49:07.707+0000] {dagbag.py:545} INFO - Filling up the DagBag from /home/airflow/.local/lib/python3.12/site-packages/airflow/example_dags/example_external_task_marker_dag.py
[2024-05-11T15:49:07.713+0000] {processor.py:840} INFO - DAG(s) 'example_external_task_marker_parent', 'example_external_task_marker_child' retrieved from /home/airflow/.local/lib/python3.12/site-packages/airflow/example_dags/example_external_task_marker_dag.py
[2024-05-11T15:49:07.742+0000] {logging_mixin.py:188} INFO - [2024-05-11T15:49:07.741+0000] {dag.py:3096} INFO - Sync 2 DAGs
[2024-05-11T15:49:07.764+0000] {logging_mixin.py:188} INFO - [2024-05-11T15:49:07.764+0000] {dag.py:3954} INFO - Setting next_dagrun for example_external_task_marker_child to None, run_after=None
[2024-05-11T15:49:07.770+0000] {logging_mixin.py:188} INFO - [2024-05-11T15:49:07.770+0000] {dag.py:3954} INFO - Setting next_dagrun for example_external_task_marker_parent to None, run_after=None
[2024-05-11T15:49:07.809+0000] {processor.py:183} INFO - Processing /home/airflow/.local/lib/python3.12/site-packages/airflow/example_dags/example_external_task_marker_dag.py took 0.110 seconds
[2024-05-11T15:49:38.314+0000] {processor.py:161} INFO - Started process (PID=438) to work on /home/airflow/.local/lib/python3.12/site-packages/airflow/example_dags/example_external_task_marker_dag.py
[2024-05-11T15:49:38.317+0000] {processor.py:830} INFO - Processing file /home/airflow/.local/lib/python3.12/site-packages/airflow/example_dags/example_external_task_marker_dag.py for tasks to queue
[2024-05-11T15:49:38.321+0000] {logging_mixin.py:188} INFO - [2024-05-11T15:49:38.321+0000] {dagbag.py:545} INFO - Filling up the DagBag from /home/airflow/.local/lib/python3.12/site-packages/airflow/example_dags/example_external_task_marker_dag.py
[2024-05-11T15:49:38.332+0000] {processor.py:840} INFO - DAG(s) 'example_external_task_marker_child', 'example_external_task_marker_parent' retrieved from /home/airflow/.local/lib/python3.12/site-packages/airflow/example_dags/example_external_task_marker_dag.py
[2024-05-11T15:49:38.370+0000] {logging_mixin.py:188} INFO - [2024-05-11T15:49:38.369+0000] {dag.py:3096} INFO - Sync 2 DAGs
[2024-05-11T15:49:38.385+0000] {logging_mixin.py:188} INFO - [2024-05-11T15:49:38.385+0000] {dag.py:3954} INFO - Setting next_dagrun for example_external_task_marker_child to None, run_after=None
[2024-05-11T15:49:38.392+0000] {logging_mixin.py:188} INFO - [2024-05-11T15:49:38.392+0000] {dag.py:3954} INFO - Setting next_dagrun for example_external_task_marker_parent to None, run_after=None
[2024-05-11T15:49:38.413+0000] {processor.py:183} INFO - Processing /home/airflow/.local/lib/python3.12/site-packages/airflow/example_dags/example_external_task_marker_dag.py took 0.108 seconds
[2024-05-11T15:50:08.574+0000] {processor.py:161} INFO - Started process (PID=497) to work on /home/airflow/.local/lib/python3.12/site-packages/airflow/example_dags/example_external_task_marker_dag.py
[2024-05-11T15:50:08.575+0000] {processor.py:830} INFO - Processing file /home/airflow/.local/lib/python3.12/site-packages/airflow/example_dags/example_external_task_marker_dag.py for tasks to queue
[2024-05-11T15:50:08.577+0000] {logging_mixin.py:188} INFO - [2024-05-11T15:50:08.577+0000] {dagbag.py:545} INFO - Filling up the DagBag from /home/airflow/.local/lib/python3.12/site-packages/airflow/example_dags/example_external_task_marker_dag.py
[2024-05-11T15:50:08.586+0000] {processor.py:840} INFO - DAG(s) 'example_external_task_marker_child', 'example_external_task_marker_parent' retrieved from /home/airflow/.local/lib/python3.12/site-packages/airflow/example_dags/example_external_task_marker_dag.py
[2024-05-11T15:50:08.616+0000] {logging_mixin.py:188} INFO - [2024-05-11T15:50:08.616+0000] {dag.py:3096} INFO - Sync 2 DAGs
[2024-05-11T15:50:08.631+0000] {logging_mixin.py:188} INFO - [2024-05-11T15:50:08.631+0000] {dag.py:3954} INFO - Setting next_dagrun for example_external_task_marker_child to None, run_after=None
[2024-05-11T15:50:08.636+0000] {logging_mixin.py:188} INFO - [2024-05-11T15:50:08.635+0000] {dag.py:3954} INFO - Setting next_dagrun for example_external_task_marker_parent to None, run_after=None
[2024-05-11T15:50:08.653+0000] {processor.py:183} INFO - Processing /home/airflow/.local/lib/python3.12/site-packages/airflow/example_dags/example_external_task_marker_dag.py took 0.084 seconds
[2024-05-11T15:50:38.873+0000] {processor.py:161} INFO - Started process (PID=555) to work on /home/airflow/.local/lib/python3.12/site-packages/airflow/example_dags/example_external_task_marker_dag.py
[2024-05-11T15:50:38.874+0000] {processor.py:830} INFO - Processing file /home/airflow/.local/lib/python3.12/site-packages/airflow/example_dags/example_external_task_marker_dag.py for tasks to queue
[2024-05-11T15:50:38.875+0000] {logging_mixin.py:188} INFO - [2024-05-11T15:50:38.875+0000] {dagbag.py:545} INFO - Filling up the DagBag from /home/airflow/.local/lib/python3.12/site-packages/airflow/example_dags/example_external_task_marker_dag.py
[2024-05-11T15:50:38.880+0000] {processor.py:840} INFO - DAG(s) 'example_external_task_marker_child', 'example_external_task_marker_parent' retrieved from /home/airflow/.local/lib/python3.12/site-packages/airflow/example_dags/example_external_task_marker_dag.py
[2024-05-11T15:50:38.899+0000] {logging_mixin.py:188} INFO - [2024-05-11T15:50:38.899+0000] {dag.py:3096} INFO - Sync 2 DAGs
[2024-05-11T15:50:38.910+0000] {logging_mixin.py:188} INFO - [2024-05-11T15:50:38.909+0000] {dag.py:3954} INFO - Setting next_dagrun for example_external_task_marker_child to None, run_after=None
[2024-05-11T15:50:38.913+0000] {logging_mixin.py:188} INFO - [2024-05-11T15:50:38.913+0000] {dag.py:3954} INFO - Setting next_dagrun for example_external_task_marker_parent to None, run_after=None
[2024-05-11T15:50:38.927+0000] {processor.py:183} INFO - Processing /home/airflow/.local/lib/python3.12/site-packages/airflow/example_dags/example_external_task_marker_dag.py took 0.059 seconds
[2024-05-11T15:51:09.611+0000] {processor.py:161} INFO - Started process (PID=613) to work on /home/airflow/.local/lib/python3.12/site-packages/airflow/example_dags/example_external_task_marker_dag.py
[2024-05-11T15:51:09.612+0000] {processor.py:830} INFO - Processing file /home/airflow/.local/lib/python3.12/site-packages/airflow/example_dags/example_external_task_marker_dag.py for tasks to queue
[2024-05-11T15:51:09.614+0000] {logging_mixin.py:188} INFO - [2024-05-11T15:51:09.613+0000] {dagbag.py:545} INFO - Filling up the DagBag from /home/airflow/.local/lib/python3.12/site-packages/airflow/example_dags/example_external_task_marker_dag.py
[2024-05-11T15:51:09.620+0000] {processor.py:840} INFO - DAG(s) 'example_external_task_marker_child', 'example_external_task_marker_parent' retrieved from /home/airflow/.local/lib/python3.12/site-packages/airflow/example_dags/example_external_task_marker_dag.py
[2024-05-11T15:51:09.640+0000] {logging_mixin.py:188} INFO - [2024-05-11T15:51:09.639+0000] {dag.py:3096} INFO - Sync 2 DAGs
[2024-05-11T15:51:09.652+0000] {logging_mixin.py:188} INFO - [2024-05-11T15:51:09.652+0000] {dag.py:3954} INFO - Setting next_dagrun for example_external_task_marker_child to None, run_after=None
[2024-05-11T15:51:09.656+0000] {logging_mixin.py:188} INFO - [2024-05-11T15:51:09.656+0000] {dag.py:3954} INFO - Setting next_dagrun for example_external_task_marker_parent to None, run_after=None
[2024-05-11T15:51:09.672+0000] {processor.py:183} INFO - Processing /home/airflow/.local/lib/python3.12/site-packages/airflow/example_dags/example_external_task_marker_dag.py took 0.066 seconds
[2024-05-11T15:51:40.698+0000] {processor.py:161} INFO - Started process (PID=671) to work on /home/airflow/.local/lib/python3.12/site-packages/airflow/example_dags/example_external_task_marker_dag.py
[2024-05-11T15:51:40.724+0000] {processor.py:830} INFO - Processing file /home/airflow/.local/lib/python3.12/site-packages/airflow/example_dags/example_external_task_marker_dag.py for tasks to queue
[2024-05-11T15:51:40.813+0000] {logging_mixin.py:188} INFO - [2024-05-11T15:51:40.811+0000] {dagbag.py:545} INFO - Filling up the DagBag from /home/airflow/.local/lib/python3.12/site-packages/airflow/example_dags/example_external_task_marker_dag.py
[2024-05-11T15:51:40.873+0000] {processor.py:840} INFO - DAG(s) 'example_external_task_marker_parent', 'example_external_task_marker_child' retrieved from /home/airflow/.local/lib/python3.12/site-packages/airflow/example_dags/example_external_task_marker_dag.py
[2024-05-11T15:51:41.103+0000] {logging_mixin.py:188} INFO - [2024-05-11T15:51:41.102+0000] {dag.py:3096} INFO - Sync 2 DAGs
[2024-05-11T15:51:41.246+0000] {logging_mixin.py:188} INFO - [2024-05-11T15:51:41.246+0000] {dag.py:3954} INFO - Setting next_dagrun for example_external_task_marker_child to None, run_after=None
[2024-05-11T15:51:41.257+0000] {logging_mixin.py:188} INFO - [2024-05-11T15:51:41.256+0000] {dag.py:3954} INFO - Setting next_dagrun for example_external_task_marker_parent to None, run_after=None
[2024-05-11T15:51:41.332+0000] {processor.py:183} INFO - Processing /home/airflow/.local/lib/python3.12/site-packages/airflow/example_dags/example_external_task_marker_dag.py took 0.697 seconds
[2024-05-11T15:52:11.809+0000] {processor.py:161} INFO - Started process (PID=729) to work on /home/airflow/.local/lib/python3.12/site-packages/airflow/example_dags/example_external_task_marker_dag.py
[2024-05-11T15:52:11.813+0000] {processor.py:830} INFO - Processing file /home/airflow/.local/lib/python3.12/site-packages/airflow/example_dags/example_external_task_marker_dag.py for tasks to queue
[2024-05-11T15:52:11.818+0000] {logging_mixin.py:188} INFO - [2024-05-11T15:52:11.817+0000] {dagbag.py:545} INFO - Filling up the DagBag from /home/airflow/.local/lib/python3.12/site-packages/airflow/example_dags/example_external_task_marker_dag.py
[2024-05-11T15:52:11.839+0000] {processor.py:840} INFO - DAG(s) 'example_external_task_marker_parent', 'example_external_task_marker_child' retrieved from /home/airflow/.local/lib/python3.12/site-packages/airflow/example_dags/example_external_task_marker_dag.py
[2024-05-11T15:52:11.929+0000] {logging_mixin.py:188} INFO - [2024-05-11T15:52:11.929+0000] {dag.py:3096} INFO - Sync 2 DAGs
[2024-05-11T15:52:11.998+0000] {logging_mixin.py:188} INFO - [2024-05-11T15:52:11.997+0000] {dag.py:3954} INFO - Setting next_dagrun for example_external_task_marker_child to None, run_after=None
[2024-05-11T15:52:12.007+0000] {logging_mixin.py:188} INFO - [2024-05-11T15:52:12.007+0000] {dag.py:3954} INFO - Setting next_dagrun for example_external_task_marker_parent to None, run_after=None
[2024-05-11T15:52:12.040+0000] {processor.py:183} INFO - Processing /home/airflow/.local/lib/python3.12/site-packages/airflow/example_dags/example_external_task_marker_dag.py took 0.272 seconds
[2024-05-11T15:52:42.105+0000] {processor.py:161} INFO - Started process (PID=787) to work on /home/airflow/.local/lib/python3.12/site-packages/airflow/example_dags/example_external_task_marker_dag.py
[2024-05-11T15:52:42.106+0000] {processor.py:830} INFO - Processing file /home/airflow/.local/lib/python3.12/site-packages/airflow/example_dags/example_external_task_marker_dag.py for tasks to queue
[2024-05-11T15:52:42.111+0000] {logging_mixin.py:188} INFO - [2024-05-11T15:52:42.110+0000] {dagbag.py:545} INFO - Filling up the DagBag from /home/airflow/.local/lib/python3.12/site-packages/airflow/example_dags/example_external_task_marker_dag.py
[2024-05-11T15:52:42.119+0000] {processor.py:840} INFO - DAG(s) 'example_external_task_marker_child', 'example_external_task_marker_parent' retrieved from /home/airflow/.local/lib/python3.12/site-packages/airflow/example_dags/example_external_task_marker_dag.py
[2024-05-11T15:52:42.147+0000] {logging_mixin.py:188} INFO - [2024-05-11T15:52:42.147+0000] {dag.py:3096} INFO - Sync 2 DAGs
[2024-05-11T15:52:42.163+0000] {logging_mixin.py:188} INFO - [2024-05-11T15:52:42.163+0000] {dag.py:3954} INFO - Setting next_dagrun for example_external_task_marker_child to None, run_after=None
[2024-05-11T15:52:42.167+0000] {logging_mixin.py:188} INFO - [2024-05-11T15:52:42.167+0000] {dag.py:3954} INFO - Setting next_dagrun for example_external_task_marker_parent to None, run_after=None
[2024-05-11T15:52:42.186+0000] {processor.py:183} INFO - Processing /home/airflow/.local/lib/python3.12/site-packages/airflow/example_dags/example_external_task_marker_dag.py took 0.088 seconds
[2024-05-11T15:53:12.658+0000] {processor.py:161} INFO - Started process (PID=845) to work on /home/airflow/.local/lib/python3.12/site-packages/airflow/example_dags/example_external_task_marker_dag.py
[2024-05-11T15:53:12.659+0000] {processor.py:830} INFO - Processing file /home/airflow/.local/lib/python3.12/site-packages/airflow/example_dags/example_external_task_marker_dag.py for tasks to queue
[2024-05-11T15:53:12.661+0000] {logging_mixin.py:188} INFO - [2024-05-11T15:53:12.660+0000] {dagbag.py:545} INFO - Filling up the DagBag from /home/airflow/.local/lib/python3.12/site-packages/airflow/example_dags/example_external_task_marker_dag.py
[2024-05-11T15:53:12.666+0000] {processor.py:840} INFO - DAG(s) 'example_external_task_marker_parent', 'example_external_task_marker_child' retrieved from /home/airflow/.local/lib/python3.12/site-packages/airflow/example_dags/example_external_task_marker_dag.py
[2024-05-11T15:53:12.690+0000] {logging_mixin.py:188} INFO - [2024-05-11T15:53:12.690+0000] {dag.py:3096} INFO - Sync 2 DAGs
[2024-05-11T15:53:12.704+0000] {logging_mixin.py:188} INFO - [2024-05-11T15:53:12.704+0000] {dag.py:3954} INFO - Setting next_dagrun for example_external_task_marker_child to None, run_after=None
[2024-05-11T15:53:12.710+0000] {logging_mixin.py:188} INFO - [2024-05-11T15:53:12.709+0000] {dag.py:3954} INFO - Setting next_dagrun for example_external_task_marker_parent to None, run_after=None
[2024-05-11T15:53:12.727+0000] {processor.py:183} INFO - Processing /home/airflow/.local/lib/python3.12/site-packages/airflow/example_dags/example_external_task_marker_dag.py took 0.074 seconds
[2024-05-11T15:53:43.291+0000] {processor.py:161} INFO - Started process (PID=903) to work on /home/airflow/.local/lib/python3.12/site-packages/airflow/example_dags/example_external_task_marker_dag.py
[2024-05-11T15:53:43.360+0000] {processor.py:830} INFO - Processing file /home/airflow/.local/lib/python3.12/site-packages/airflow/example_dags/example_external_task_marker_dag.py for tasks to queue
[2024-05-11T15:53:43.362+0000] {logging_mixin.py:188} INFO - [2024-05-11T15:53:43.362+0000] {dagbag.py:545} INFO - Filling up the DagBag from /home/airflow/.local/lib/python3.12/site-packages/airflow/example_dags/example_external_task_marker_dag.py
[2024-05-11T15:53:43.367+0000] {processor.py:840} INFO - DAG(s) 'example_external_task_marker_child', 'example_external_task_marker_parent' retrieved from /home/airflow/.local/lib/python3.12/site-packages/airflow/example_dags/example_external_task_marker_dag.py
[2024-05-11T15:53:43.449+0000] {logging_mixin.py:188} INFO - [2024-05-11T15:53:43.449+0000] {dag.py:3096} INFO - Sync 2 DAGs
[2024-05-11T15:53:43.460+0000] {logging_mixin.py:188} INFO - [2024-05-11T15:53:43.460+0000] {dag.py:3954} INFO - Setting next_dagrun for example_external_task_marker_child to None, run_after=None
[2024-05-11T15:53:43.464+0000] {logging_mixin.py:188} INFO - [2024-05-11T15:53:43.463+0000] {dag.py:3954} INFO - Setting next_dagrun for example_external_task_marker_parent to None, run_after=None
[2024-05-11T15:53:43.616+0000] {processor.py:183} INFO - Processing /home/airflow/.local/lib/python3.12/site-packages/airflow/example_dags/example_external_task_marker_dag.py took 0.330 seconds
[2024-05-11T15:54:14.488+0000] {processor.py:161} INFO - Started process (PID=961) to work on /home/airflow/.local/lib/python3.12/site-packages/airflow/example_dags/example_external_task_marker_dag.py
[2024-05-11T15:54:14.489+0000] {processor.py:830} INFO - Processing file /home/airflow/.local/lib/python3.12/site-packages/airflow/example_dags/example_external_task_marker_dag.py for tasks to queue
[2024-05-11T15:54:14.491+0000] {logging_mixin.py:188} INFO - [2024-05-11T15:54:14.491+0000] {dagbag.py:545} INFO - Filling up the DagBag from /home/airflow/.local/lib/python3.12/site-packages/airflow/example_dags/example_external_task_marker_dag.py
[2024-05-11T15:54:14.495+0000] {processor.py:840} INFO - DAG(s) 'example_external_task_marker_child', 'example_external_task_marker_parent' retrieved from /home/airflow/.local/lib/python3.12/site-packages/airflow/example_dags/example_external_task_marker_dag.py
[2024-05-11T15:54:14.515+0000] {logging_mixin.py:188} INFO - [2024-05-11T15:54:14.515+0000] {dag.py:3096} INFO - Sync 2 DAGs
[2024-05-11T15:54:14.527+0000] {logging_mixin.py:188} INFO - [2024-05-11T15:54:14.527+0000] {dag.py:3954} INFO - Setting next_dagrun for example_external_task_marker_child to None, run_after=None
[2024-05-11T15:54:14.531+0000] {logging_mixin.py:188} INFO - [2024-05-11T15:54:14.531+0000] {dag.py:3954} INFO - Setting next_dagrun for example_external_task_marker_parent to None, run_after=None
[2024-05-11T15:54:14.552+0000] {processor.py:183} INFO - Processing /home/airflow/.local/lib/python3.12/site-packages/airflow/example_dags/example_external_task_marker_dag.py took 0.069 seconds
[2024-05-11T15:54:44.603+0000] {processor.py:161} INFO - Started process (PID=1019) to work on /home/airflow/.local/lib/python3.12/site-packages/airflow/example_dags/example_external_task_marker_dag.py
[2024-05-11T15:54:44.604+0000] {processor.py:830} INFO - Processing file /home/airflow/.local/lib/python3.12/site-packages/airflow/example_dags/example_external_task_marker_dag.py for tasks to queue
[2024-05-11T15:54:44.607+0000] {logging_mixin.py:188} INFO - [2024-05-11T15:54:44.606+0000] {dagbag.py:545} INFO - Filling up the DagBag from /home/airflow/.local/lib/python3.12/site-packages/airflow/example_dags/example_external_task_marker_dag.py
[2024-05-11T15:54:44.613+0000] {processor.py:840} INFO - DAG(s) 'example_external_task_marker_child', 'example_external_task_marker_parent' retrieved from /home/airflow/.local/lib/python3.12/site-packages/airflow/example_dags/example_external_task_marker_dag.py
[2024-05-11T15:54:44.648+0000] {logging_mixin.py:188} INFO - [2024-05-11T15:54:44.648+0000] {dag.py:3096} INFO - Sync 2 DAGs
[2024-05-11T15:54:44.668+0000] {logging_mixin.py:188} INFO - [2024-05-11T15:54:44.668+0000] {dag.py:3954} INFO - Setting next_dagrun for example_external_task_marker_child to None, run_after=None
[2024-05-11T15:54:44.672+0000] {logging_mixin.py:188} INFO - [2024-05-11T15:54:44.672+0000] {dag.py:3954} INFO - Setting next_dagrun for example_external_task_marker_parent to None, run_after=None
[2024-05-11T15:54:44.692+0000] {processor.py:183} INFO - Processing /home/airflow/.local/lib/python3.12/site-packages/airflow/example_dags/example_external_task_marker_dag.py took 0.097 seconds
[2024-05-11T15:55:15.403+0000] {processor.py:161} INFO - Started process (PID=1077) to work on /home/airflow/.local/lib/python3.12/site-packages/airflow/example_dags/example_external_task_marker_dag.py
[2024-05-11T15:55:15.404+0000] {processor.py:830} INFO - Processing file /home/airflow/.local/lib/python3.12/site-packages/airflow/example_dags/example_external_task_marker_dag.py for tasks to queue
[2024-05-11T15:55:15.406+0000] {logging_mixin.py:188} INFO - [2024-05-11T15:55:15.406+0000] {dagbag.py:545} INFO - Filling up the DagBag from /home/airflow/.local/lib/python3.12/site-packages/airflow/example_dags/example_external_task_marker_dag.py
[2024-05-11T15:55:15.411+0000] {processor.py:840} INFO - DAG(s) 'example_external_task_marker_child', 'example_external_task_marker_parent' retrieved from /home/airflow/.local/lib/python3.12/site-packages/airflow/example_dags/example_external_task_marker_dag.py
[2024-05-11T15:55:15.442+0000] {logging_mixin.py:188} INFO - [2024-05-11T15:55:15.442+0000] {dag.py:3096} INFO - Sync 2 DAGs
[2024-05-11T15:55:15.454+0000] {logging_mixin.py:188} INFO - [2024-05-11T15:55:15.453+0000] {dag.py:3954} INFO - Setting next_dagrun for example_external_task_marker_child to None, run_after=None
[2024-05-11T15:55:15.457+0000] {logging_mixin.py:188} INFO - [2024-05-11T15:55:15.457+0000] {dag.py:3954} INFO - Setting next_dagrun for example_external_task_marker_parent to None, run_after=None
[2024-05-11T15:55:15.483+0000] {processor.py:183} INFO - Processing /home/airflow/.local/lib/python3.12/site-packages/airflow/example_dags/example_external_task_marker_dag.py took 0.084 seconds
[2024-05-11T15:55:46.089+0000] {processor.py:161} INFO - Started process (PID=1136) to work on /home/airflow/.local/lib/python3.12/site-packages/airflow/example_dags/example_external_task_marker_dag.py
[2024-05-11T15:55:46.091+0000] {processor.py:830} INFO - Processing file /home/airflow/.local/lib/python3.12/site-packages/airflow/example_dags/example_external_task_marker_dag.py for tasks to queue
[2024-05-11T15:55:46.094+0000] {logging_mixin.py:188} INFO - [2024-05-11T15:55:46.094+0000] {dagbag.py:545} INFO - Filling up the DagBag from /home/airflow/.local/lib/python3.12/site-packages/airflow/example_dags/example_external_task_marker_dag.py
[2024-05-11T15:55:46.103+0000] {processor.py:840} INFO - DAG(s) 'example_external_task_marker_parent', 'example_external_task_marker_child' retrieved from /home/airflow/.local/lib/python3.12/site-packages/airflow/example_dags/example_external_task_marker_dag.py
[2024-05-11T15:55:46.138+0000] {logging_mixin.py:188} INFO - [2024-05-11T15:55:46.137+0000] {dag.py:3096} INFO - Sync 2 DAGs
[2024-05-11T15:55:46.154+0000] {logging_mixin.py:188} INFO - [2024-05-11T15:55:46.153+0000] {dag.py:3954} INFO - Setting next_dagrun for example_external_task_marker_child to None, run_after=None
[2024-05-11T15:55:46.159+0000] {logging_mixin.py:188} INFO - [2024-05-11T15:55:46.158+0000] {dag.py:3954} INFO - Setting next_dagrun for example_external_task_marker_parent to None, run_after=None
[2024-05-11T15:55:46.181+0000] {processor.py:183} INFO - Processing /home/airflow/.local/lib/python3.12/site-packages/airflow/example_dags/example_external_task_marker_dag.py took 0.099 seconds
[2024-05-11T15:56:16.712+0000] {processor.py:161} INFO - Started process (PID=1194) to work on /home/airflow/.local/lib/python3.12/site-packages/airflow/example_dags/example_external_task_marker_dag.py
[2024-05-11T15:56:16.713+0000] {processor.py:830} INFO - Processing file /home/airflow/.local/lib/python3.12/site-packages/airflow/example_dags/example_external_task_marker_dag.py for tasks to queue
[2024-05-11T15:56:16.715+0000] {logging_mixin.py:188} INFO - [2024-05-11T15:56:16.714+0000] {dagbag.py:545} INFO - Filling up the DagBag from /home/airflow/.local/lib/python3.12/site-packages/airflow/example_dags/example_external_task_marker_dag.py
[2024-05-11T15:56:16.719+0000] {processor.py:840} INFO - DAG(s) 'example_external_task_marker_parent', 'example_external_task_marker_child' retrieved from /home/airflow/.local/lib/python3.12/site-packages/airflow/example_dags/example_external_task_marker_dag.py
[2024-05-11T15:56:16.740+0000] {logging_mixin.py:188} INFO - [2024-05-11T15:56:16.739+0000] {dag.py:3096} INFO - Sync 2 DAGs
[2024-05-11T15:56:16.750+0000] {logging_mixin.py:188} INFO - [2024-05-11T15:56:16.750+0000] {dag.py:3954} INFO - Setting next_dagrun for example_external_task_marker_child to None, run_after=None
[2024-05-11T15:56:16.754+0000] {logging_mixin.py:188} INFO - [2024-05-11T15:56:16.754+0000] {dag.py:3954} INFO - Setting next_dagrun for example_external_task_marker_parent to None, run_after=None
[2024-05-11T15:56:16.768+0000] {processor.py:183} INFO - Processing /home/airflow/.local/lib/python3.12/site-packages/airflow/example_dags/example_external_task_marker_dag.py took 0.060 seconds
[2024-05-11T15:56:47.325+0000] {processor.py:161} INFO - Started process (PID=1252) to work on /home/airflow/.local/lib/python3.12/site-packages/airflow/example_dags/example_external_task_marker_dag.py
[2024-05-11T15:56:47.326+0000] {processor.py:830} INFO - Processing file /home/airflow/.local/lib/python3.12/site-packages/airflow/example_dags/example_external_task_marker_dag.py for tasks to queue
[2024-05-11T15:56:47.329+0000] {logging_mixin.py:188} INFO - [2024-05-11T15:56:47.329+0000] {dagbag.py:545} INFO - Filling up the DagBag from /home/airflow/.local/lib/python3.12/site-packages/airflow/example_dags/example_external_task_marker_dag.py
[2024-05-11T15:56:47.336+0000] {processor.py:840} INFO - DAG(s) 'example_external_task_marker_parent', 'example_external_task_marker_child' retrieved from /home/airflow/.local/lib/python3.12/site-packages/airflow/example_dags/example_external_task_marker_dag.py
[2024-05-11T15:56:47.364+0000] {logging_mixin.py:188} INFO - [2024-05-11T15:56:47.363+0000] {dag.py:3096} INFO - Sync 2 DAGs
[2024-05-11T15:56:47.378+0000] {logging_mixin.py:188} INFO - [2024-05-11T15:56:47.378+0000] {dag.py:3954} INFO - Setting next_dagrun for example_external_task_marker_child to None, run_after=None
[2024-05-11T15:56:47.382+0000] {logging_mixin.py:188} INFO - [2024-05-11T15:56:47.382+0000] {dag.py:3954} INFO - Setting next_dagrun for example_external_task_marker_parent to None, run_after=None
[2024-05-11T15:56:47.400+0000] {processor.py:183} INFO - Processing /home/airflow/.local/lib/python3.12/site-packages/airflow/example_dags/example_external_task_marker_dag.py took 0.081 seconds
[2024-05-11T16:03:40.022+0000] {processor.py:161} INFO - Started process (PID=34) to work on /home/airflow/.local/lib/python3.12/site-packages/airflow/example_dags/example_external_task_marker_dag.py
[2024-05-11T16:03:40.024+0000] {processor.py:830} INFO - Processing file /home/airflow/.local/lib/python3.12/site-packages/airflow/example_dags/example_external_task_marker_dag.py for tasks to queue
[2024-05-11T16:03:40.026+0000] {logging_mixin.py:188} INFO - [2024-05-11T16:03:40.026+0000] {dagbag.py:545} INFO - Filling up the DagBag from /home/airflow/.local/lib/python3.12/site-packages/airflow/example_dags/example_external_task_marker_dag.py
[2024-05-11T16:03:40.043+0000] {processor.py:840} INFO - DAG(s) 'example_external_task_marker_parent', 'example_external_task_marker_child' retrieved from /home/airflow/.local/lib/python3.12/site-packages/airflow/example_dags/example_external_task_marker_dag.py
[2024-05-11T16:03:40.095+0000] {logging_mixin.py:188} INFO - [2024-05-11T16:03:40.095+0000] {dag.py:3096} INFO - Sync 2 DAGs
[2024-05-11T16:03:40.120+0000] {logging_mixin.py:188} INFO - [2024-05-11T16:03:40.119+0000] {dag.py:3954} INFO - Setting next_dagrun for example_external_task_marker_child to None, run_after=None
[2024-05-11T16:03:40.124+0000] {logging_mixin.py:188} INFO - [2024-05-11T16:03:40.124+0000] {dag.py:3954} INFO - Setting next_dagrun for example_external_task_marker_parent to None, run_after=None
[2024-05-11T16:03:40.145+0000] {processor.py:183} INFO - Processing /home/airflow/.local/lib/python3.12/site-packages/airflow/example_dags/example_external_task_marker_dag.py took 0.130 seconds
[2024-05-11T16:04:10.421+0000] {processor.py:161} INFO - Started process (PID=92) to work on /home/airflow/.local/lib/python3.12/site-packages/airflow/example_dags/example_external_task_marker_dag.py
[2024-05-11T16:04:10.421+0000] {processor.py:830} INFO - Processing file /home/airflow/.local/lib/python3.12/site-packages/airflow/example_dags/example_external_task_marker_dag.py for tasks to queue
[2024-05-11T16:04:10.423+0000] {logging_mixin.py:188} INFO - [2024-05-11T16:04:10.423+0000] {dagbag.py:545} INFO - Filling up the DagBag from /home/airflow/.local/lib/python3.12/site-packages/airflow/example_dags/example_external_task_marker_dag.py
[2024-05-11T16:04:10.429+0000] {processor.py:840} INFO - DAG(s) 'example_external_task_marker_parent', 'example_external_task_marker_child' retrieved from /home/airflow/.local/lib/python3.12/site-packages/airflow/example_dags/example_external_task_marker_dag.py
[2024-05-11T16:04:10.535+0000] {logging_mixin.py:188} INFO - [2024-05-11T16:04:10.535+0000] {dag.py:3096} INFO - Sync 2 DAGs
[2024-05-11T16:04:10.546+0000] {logging_mixin.py:188} INFO - [2024-05-11T16:04:10.546+0000] {dag.py:3954} INFO - Setting next_dagrun for example_external_task_marker_child to None, run_after=None
[2024-05-11T16:04:10.550+0000] {logging_mixin.py:188} INFO - [2024-05-11T16:04:10.549+0000] {dag.py:3954} INFO - Setting next_dagrun for example_external_task_marker_parent to None, run_after=None
[2024-05-11T16:04:10.566+0000] {processor.py:183} INFO - Processing /home/airflow/.local/lib/python3.12/site-packages/airflow/example_dags/example_external_task_marker_dag.py took 0.153 seconds
[2024-05-11T16:04:40.912+0000] {processor.py:161} INFO - Started process (PID=150) to work on /home/airflow/.local/lib/python3.12/site-packages/airflow/example_dags/example_external_task_marker_dag.py
[2024-05-11T16:04:40.913+0000] {processor.py:830} INFO - Processing file /home/airflow/.local/lib/python3.12/site-packages/airflow/example_dags/example_external_task_marker_dag.py for tasks to queue
[2024-05-11T16:04:40.915+0000] {logging_mixin.py:188} INFO - [2024-05-11T16:04:40.915+0000] {dagbag.py:545} INFO - Filling up the DagBag from /home/airflow/.local/lib/python3.12/site-packages/airflow/example_dags/example_external_task_marker_dag.py
[2024-05-11T16:04:40.922+0000] {processor.py:840} INFO - DAG(s) 'example_external_task_marker_child', 'example_external_task_marker_parent' retrieved from /home/airflow/.local/lib/python3.12/site-packages/airflow/example_dags/example_external_task_marker_dag.py
[2024-05-11T16:04:40.950+0000] {logging_mixin.py:188} INFO - [2024-05-11T16:04:40.950+0000] {dag.py:3096} INFO - Sync 2 DAGs
[2024-05-11T16:04:40.964+0000] {logging_mixin.py:188} INFO - [2024-05-11T16:04:40.963+0000] {dag.py:3954} INFO - Setting next_dagrun for example_external_task_marker_child to None, run_after=None
[2024-05-11T16:04:40.968+0000] {logging_mixin.py:188} INFO - [2024-05-11T16:04:40.968+0000] {dag.py:3954} INFO - Setting next_dagrun for example_external_task_marker_parent to None, run_after=None
[2024-05-11T16:04:40.985+0000] {processor.py:183} INFO - Processing /home/airflow/.local/lib/python3.12/site-packages/airflow/example_dags/example_external_task_marker_dag.py took 0.078 seconds
[2024-05-11T16:05:11.221+0000] {processor.py:161} INFO - Started process (PID=208) to work on /home/airflow/.local/lib/python3.12/site-packages/airflow/example_dags/example_external_task_marker_dag.py
[2024-05-11T16:05:11.222+0000] {processor.py:830} INFO - Processing file /home/airflow/.local/lib/python3.12/site-packages/airflow/example_dags/example_external_task_marker_dag.py for tasks to queue
[2024-05-11T16:05:11.223+0000] {logging_mixin.py:188} INFO - [2024-05-11T16:05:11.223+0000] {dagbag.py:545} INFO - Filling up the DagBag from /home/airflow/.local/lib/python3.12/site-packages/airflow/example_dags/example_external_task_marker_dag.py
[2024-05-11T16:05:11.228+0000] {processor.py:840} INFO - DAG(s) 'example_external_task_marker_parent', 'example_external_task_marker_child' retrieved from /home/airflow/.local/lib/python3.12/site-packages/airflow/example_dags/example_external_task_marker_dag.py
[2024-05-11T16:05:11.248+0000] {logging_mixin.py:188} INFO - [2024-05-11T16:05:11.248+0000] {dag.py:3096} INFO - Sync 2 DAGs
[2024-05-11T16:05:11.260+0000] {logging_mixin.py:188} INFO - [2024-05-11T16:05:11.260+0000] {dag.py:3954} INFO - Setting next_dagrun for example_external_task_marker_child to None, run_after=None
[2024-05-11T16:05:11.264+0000] {logging_mixin.py:188} INFO - [2024-05-11T16:05:11.263+0000] {dag.py:3954} INFO - Setting next_dagrun for example_external_task_marker_parent to None, run_after=None
[2024-05-11T16:05:11.278+0000] {processor.py:183} INFO - Processing /home/airflow/.local/lib/python3.12/site-packages/airflow/example_dags/example_external_task_marker_dag.py took 0.061 seconds
[2024-05-11T16:05:41.338+0000] {processor.py:161} INFO - Started process (PID=266) to work on /home/airflow/.local/lib/python3.12/site-packages/airflow/example_dags/example_external_task_marker_dag.py
[2024-05-11T16:05:41.339+0000] {processor.py:830} INFO - Processing file /home/airflow/.local/lib/python3.12/site-packages/airflow/example_dags/example_external_task_marker_dag.py for tasks to queue
[2024-05-11T16:05:41.342+0000] {logging_mixin.py:188} INFO - [2024-05-11T16:05:41.341+0000] {dagbag.py:545} INFO - Filling up the DagBag from /home/airflow/.local/lib/python3.12/site-packages/airflow/example_dags/example_external_task_marker_dag.py
[2024-05-11T16:05:41.348+0000] {processor.py:840} INFO - DAG(s) 'example_external_task_marker_child', 'example_external_task_marker_parent' retrieved from /home/airflow/.local/lib/python3.12/site-packages/airflow/example_dags/example_external_task_marker_dag.py
[2024-05-11T16:05:41.370+0000] {logging_mixin.py:188} INFO - [2024-05-11T16:05:41.369+0000] {dag.py:3096} INFO - Sync 2 DAGs
[2024-05-11T16:05:41.386+0000] {logging_mixin.py:188} INFO - [2024-05-11T16:05:41.386+0000] {dag.py:3954} INFO - Setting next_dagrun for example_external_task_marker_child to None, run_after=None
[2024-05-11T16:05:41.391+0000] {logging_mixin.py:188} INFO - [2024-05-11T16:05:41.390+0000] {dag.py:3954} INFO - Setting next_dagrun for example_external_task_marker_parent to None, run_after=None
[2024-05-11T16:05:41.563+0000] {processor.py:183} INFO - Processing /home/airflow/.local/lib/python3.12/site-packages/airflow/example_dags/example_external_task_marker_dag.py took 0.230 seconds
