[2024-05-11T11:30:30.269+0000] {processor.py:161} INFO - Started process (PID=54) to work on /home/airflow/.local/lib/python3.12/site-packages/airflow/example_dags/example_short_circuit_operator.py
[2024-05-11T11:30:30.271+0000] {processor.py:830} INFO - Processing file /home/airflow/.local/lib/python3.12/site-packages/airflow/example_dags/example_short_circuit_operator.py for tasks to queue
[2024-05-11T11:30:30.276+0000] {logging_mixin.py:188} INFO - [2024-05-11T11:30:30.274+0000] {dagbag.py:545} INFO - Filling up the DagBag from /home/airflow/.local/lib/python3.12/site-packages/airflow/example_dags/example_short_circuit_operator.py
[2024-05-11T11:30:30.330+0000] {processor.py:840} INFO - DAG(s) 'example_short_circuit_operator' retrieved from /home/airflow/.local/lib/python3.12/site-packages/airflow/example_dags/example_short_circuit_operator.py
[2024-05-11T11:30:30.623+0000] {logging_mixin.py:188} INFO - [2024-05-11T11:30:30.622+0000] {override.py:1829} INFO - Created Permission View: can edit on DAG:example_short_circuit_operator
[2024-05-11T11:30:30.642+0000] {logging_mixin.py:188} INFO - [2024-05-11T11:30:30.641+0000] {override.py:1829} INFO - Created Permission View: can read on DAG:example_short_circuit_operator
[2024-05-11T11:30:30.690+0000] {logging_mixin.py:188} INFO - [2024-05-11T11:30:30.689+0000] {override.py:1829} INFO - Created Permission View: can delete on DAG:example_short_circuit_operator
[2024-05-11T11:30:30.692+0000] {logging_mixin.py:188} INFO - [2024-05-11T11:30:30.691+0000] {dag.py:3096} INFO - Sync 1 DAGs
[2024-05-11T11:30:30.725+0000] {logging_mixin.py:188} INFO - [2024-05-11T11:30:30.724+0000] {dag.py:3118} INFO - Creating ORM DAG for example_short_circuit_operator
[2024-05-11T11:30:30.744+0000] {logging_mixin.py:188} INFO - [2024-05-11T11:30:30.744+0000] {dag.py:3954} INFO - Setting next_dagrun for example_short_circuit_operator to 2024-05-10 00:00:00+00:00, run_after=2024-05-11 00:00:00+00:00
[2024-05-11T11:30:30.776+0000] {processor.py:183} INFO - Processing /home/airflow/.local/lib/python3.12/site-packages/airflow/example_dags/example_short_circuit_operator.py took 0.519 seconds
[2024-05-11T11:31:11.742+0000] {processor.py:161} INFO - Started process (PID=112) to work on /home/airflow/.local/lib/python3.12/site-packages/airflow/example_dags/example_short_circuit_operator.py
[2024-05-11T11:31:11.743+0000] {processor.py:830} INFO - Processing file /home/airflow/.local/lib/python3.12/site-packages/airflow/example_dags/example_short_circuit_operator.py for tasks to queue
[2024-05-11T11:31:11.745+0000] {logging_mixin.py:188} INFO - [2024-05-11T11:31:11.745+0000] {dagbag.py:545} INFO - Filling up the DagBag from /home/airflow/.local/lib/python3.12/site-packages/airflow/example_dags/example_short_circuit_operator.py
[2024-05-11T11:31:11.753+0000] {processor.py:840} INFO - DAG(s) 'example_short_circuit_operator' retrieved from /home/airflow/.local/lib/python3.12/site-packages/airflow/example_dags/example_short_circuit_operator.py
[2024-05-11T11:31:11.797+0000] {logging_mixin.py:188} INFO - [2024-05-11T11:31:11.796+0000] {dag.py:3096} INFO - Sync 1 DAGs
[2024-05-11T11:31:11.826+0000] {logging_mixin.py:188} INFO - [2024-05-11T11:31:11.826+0000] {dag.py:3954} INFO - Setting next_dagrun for example_short_circuit_operator to 2024-05-10 00:00:00+00:00, run_after=2024-05-11 00:00:00+00:00
[2024-05-11T11:31:11.854+0000] {processor.py:183} INFO - Processing /home/airflow/.local/lib/python3.12/site-packages/airflow/example_dags/example_short_circuit_operator.py took 0.118 seconds
[2024-05-11T11:31:42.022+0000] {processor.py:161} INFO - Started process (PID=168) to work on /home/airflow/.local/lib/python3.12/site-packages/airflow/example_dags/example_short_circuit_operator.py
[2024-05-11T11:31:42.024+0000] {processor.py:830} INFO - Processing file /home/airflow/.local/lib/python3.12/site-packages/airflow/example_dags/example_short_circuit_operator.py for tasks to queue
[2024-05-11T11:31:42.026+0000] {logging_mixin.py:188} INFO - [2024-05-11T11:31:42.025+0000] {dagbag.py:545} INFO - Filling up the DagBag from /home/airflow/.local/lib/python3.12/site-packages/airflow/example_dags/example_short_circuit_operator.py
[2024-05-11T11:31:42.032+0000] {processor.py:840} INFO - DAG(s) 'example_short_circuit_operator' retrieved from /home/airflow/.local/lib/python3.12/site-packages/airflow/example_dags/example_short_circuit_operator.py
[2024-05-11T11:31:42.054+0000] {logging_mixin.py:188} INFO - [2024-05-11T11:31:42.054+0000] {dag.py:3096} INFO - Sync 1 DAGs
[2024-05-11T11:31:42.075+0000] {logging_mixin.py:188} INFO - [2024-05-11T11:31:42.075+0000] {dag.py:3954} INFO - Setting next_dagrun for example_short_circuit_operator to 2024-05-10 00:00:00+00:00, run_after=2024-05-11 00:00:00+00:00
[2024-05-11T11:31:42.093+0000] {processor.py:183} INFO - Processing /home/airflow/.local/lib/python3.12/site-packages/airflow/example_dags/example_short_circuit_operator.py took 0.075 seconds
[2024-05-11T11:32:12.224+0000] {processor.py:161} INFO - Started process (PID=226) to work on /home/airflow/.local/lib/python3.12/site-packages/airflow/example_dags/example_short_circuit_operator.py
[2024-05-11T11:32:12.224+0000] {processor.py:830} INFO - Processing file /home/airflow/.local/lib/python3.12/site-packages/airflow/example_dags/example_short_circuit_operator.py for tasks to queue
[2024-05-11T11:32:12.226+0000] {logging_mixin.py:188} INFO - [2024-05-11T11:32:12.226+0000] {dagbag.py:545} INFO - Filling up the DagBag from /home/airflow/.local/lib/python3.12/site-packages/airflow/example_dags/example_short_circuit_operator.py
[2024-05-11T11:32:12.232+0000] {processor.py:840} INFO - DAG(s) 'example_short_circuit_operator' retrieved from /home/airflow/.local/lib/python3.12/site-packages/airflow/example_dags/example_short_circuit_operator.py
[2024-05-11T11:32:12.253+0000] {logging_mixin.py:188} INFO - [2024-05-11T11:32:12.252+0000] {dag.py:3096} INFO - Sync 1 DAGs
[2024-05-11T11:32:12.272+0000] {logging_mixin.py:188} INFO - [2024-05-11T11:32:12.272+0000] {dag.py:3954} INFO - Setting next_dagrun for example_short_circuit_operator to 2024-05-10 00:00:00+00:00, run_after=2024-05-11 00:00:00+00:00
[2024-05-11T11:32:12.289+0000] {processor.py:183} INFO - Processing /home/airflow/.local/lib/python3.12/site-packages/airflow/example_dags/example_short_circuit_operator.py took 0.070 seconds
[2024-05-11T11:32:42.657+0000] {processor.py:161} INFO - Started process (PID=272) to work on /home/airflow/.local/lib/python3.12/site-packages/airflow/example_dags/example_short_circuit_operator.py
[2024-05-11T11:32:42.658+0000] {processor.py:830} INFO - Processing file /home/airflow/.local/lib/python3.12/site-packages/airflow/example_dags/example_short_circuit_operator.py for tasks to queue
[2024-05-11T11:32:42.660+0000] {logging_mixin.py:188} INFO - [2024-05-11T11:32:42.660+0000] {dagbag.py:545} INFO - Filling up the DagBag from /home/airflow/.local/lib/python3.12/site-packages/airflow/example_dags/example_short_circuit_operator.py
[2024-05-11T11:32:42.667+0000] {processor.py:840} INFO - DAG(s) 'example_short_circuit_operator' retrieved from /home/airflow/.local/lib/python3.12/site-packages/airflow/example_dags/example_short_circuit_operator.py
[2024-05-11T11:32:42.692+0000] {logging_mixin.py:188} INFO - [2024-05-11T11:32:42.691+0000] {dag.py:3096} INFO - Sync 1 DAGs
[2024-05-11T11:32:42.719+0000] {logging_mixin.py:188} INFO - [2024-05-11T11:32:42.719+0000] {dag.py:3954} INFO - Setting next_dagrun for example_short_circuit_operator to 2024-05-10 00:00:00+00:00, run_after=2024-05-11 00:00:00+00:00
[2024-05-11T11:32:42.740+0000] {processor.py:183} INFO - Processing /home/airflow/.local/lib/python3.12/site-packages/airflow/example_dags/example_short_circuit_operator.py took 0.089 seconds
[2024-05-11T11:33:12.829+0000] {processor.py:161} INFO - Started process (PID=330) to work on /home/airflow/.local/lib/python3.12/site-packages/airflow/example_dags/example_short_circuit_operator.py
[2024-05-11T11:33:12.830+0000] {processor.py:830} INFO - Processing file /home/airflow/.local/lib/python3.12/site-packages/airflow/example_dags/example_short_circuit_operator.py for tasks to queue
[2024-05-11T11:33:12.833+0000] {logging_mixin.py:188} INFO - [2024-05-11T11:33:12.833+0000] {dagbag.py:545} INFO - Filling up the DagBag from /home/airflow/.local/lib/python3.12/site-packages/airflow/example_dags/example_short_circuit_operator.py
[2024-05-11T11:33:12.842+0000] {processor.py:840} INFO - DAG(s) 'example_short_circuit_operator' retrieved from /home/airflow/.local/lib/python3.12/site-packages/airflow/example_dags/example_short_circuit_operator.py
[2024-05-11T11:33:12.867+0000] {logging_mixin.py:188} INFO - [2024-05-11T11:33:12.867+0000] {dag.py:3096} INFO - Sync 1 DAGs
[2024-05-11T11:33:12.890+0000] {logging_mixin.py:188} INFO - [2024-05-11T11:33:12.890+0000] {dag.py:3954} INFO - Setting next_dagrun for example_short_circuit_operator to 2024-05-10 00:00:00+00:00, run_after=2024-05-11 00:00:00+00:00
[2024-05-11T11:33:12.912+0000] {processor.py:183} INFO - Processing /home/airflow/.local/lib/python3.12/site-packages/airflow/example_dags/example_short_circuit_operator.py took 0.091 seconds
[2024-05-11T11:33:43.900+0000] {processor.py:161} INFO - Started process (PID=388) to work on /home/airflow/.local/lib/python3.12/site-packages/airflow/example_dags/example_short_circuit_operator.py
[2024-05-11T11:33:43.901+0000] {processor.py:830} INFO - Processing file /home/airflow/.local/lib/python3.12/site-packages/airflow/example_dags/example_short_circuit_operator.py for tasks to queue
[2024-05-11T11:33:43.903+0000] {logging_mixin.py:188} INFO - [2024-05-11T11:33:43.903+0000] {dagbag.py:545} INFO - Filling up the DagBag from /home/airflow/.local/lib/python3.12/site-packages/airflow/example_dags/example_short_circuit_operator.py
[2024-05-11T11:33:43.909+0000] {processor.py:840} INFO - DAG(s) 'example_short_circuit_operator' retrieved from /home/airflow/.local/lib/python3.12/site-packages/airflow/example_dags/example_short_circuit_operator.py
[2024-05-11T11:33:43.928+0000] {logging_mixin.py:188} INFO - [2024-05-11T11:33:43.928+0000] {dag.py:3096} INFO - Sync 1 DAGs
[2024-05-11T11:33:43.950+0000] {logging_mixin.py:188} INFO - [2024-05-11T11:33:43.950+0000] {dag.py:3954} INFO - Setting next_dagrun for example_short_circuit_operator to 2024-05-10 00:00:00+00:00, run_after=2024-05-11 00:00:00+00:00
[2024-05-11T11:33:43.966+0000] {processor.py:183} INFO - Processing /home/airflow/.local/lib/python3.12/site-packages/airflow/example_dags/example_short_circuit_operator.py took 0.070 seconds
[2024-05-11T11:34:14.762+0000] {processor.py:161} INFO - Started process (PID=446) to work on /home/airflow/.local/lib/python3.12/site-packages/airflow/example_dags/example_short_circuit_operator.py
[2024-05-11T11:34:14.764+0000] {processor.py:830} INFO - Processing file /home/airflow/.local/lib/python3.12/site-packages/airflow/example_dags/example_short_circuit_operator.py for tasks to queue
[2024-05-11T11:34:14.766+0000] {logging_mixin.py:188} INFO - [2024-05-11T11:34:14.765+0000] {dagbag.py:545} INFO - Filling up the DagBag from /home/airflow/.local/lib/python3.12/site-packages/airflow/example_dags/example_short_circuit_operator.py
[2024-05-11T11:34:14.778+0000] {processor.py:840} INFO - DAG(s) 'example_short_circuit_operator' retrieved from /home/airflow/.local/lib/python3.12/site-packages/airflow/example_dags/example_short_circuit_operator.py
[2024-05-11T11:34:14.795+0000] {logging_mixin.py:188} INFO - [2024-05-11T11:34:14.795+0000] {dag.py:3096} INFO - Sync 1 DAGs
[2024-05-11T11:34:14.828+0000] {logging_mixin.py:188} INFO - [2024-05-11T11:34:14.828+0000] {dag.py:3954} INFO - Setting next_dagrun for example_short_circuit_operator to 2024-05-10 00:00:00+00:00, run_after=2024-05-11 00:00:00+00:00
[2024-05-11T11:34:14.861+0000] {processor.py:183} INFO - Processing /home/airflow/.local/lib/python3.12/site-packages/airflow/example_dags/example_short_circuit_operator.py took 0.105 seconds
[2024-05-11T11:34:45.019+0000] {processor.py:161} INFO - Started process (PID=504) to work on /home/airflow/.local/lib/python3.12/site-packages/airflow/example_dags/example_short_circuit_operator.py
[2024-05-11T11:34:45.020+0000] {processor.py:830} INFO - Processing file /home/airflow/.local/lib/python3.12/site-packages/airflow/example_dags/example_short_circuit_operator.py for tasks to queue
[2024-05-11T11:34:45.021+0000] {logging_mixin.py:188} INFO - [2024-05-11T11:34:45.021+0000] {dagbag.py:545} INFO - Filling up the DagBag from /home/airflow/.local/lib/python3.12/site-packages/airflow/example_dags/example_short_circuit_operator.py
[2024-05-11T11:34:45.030+0000] {processor.py:840} INFO - DAG(s) 'example_short_circuit_operator' retrieved from /home/airflow/.local/lib/python3.12/site-packages/airflow/example_dags/example_short_circuit_operator.py
[2024-05-11T11:34:45.120+0000] {logging_mixin.py:188} INFO - [2024-05-11T11:34:45.120+0000] {dag.py:3096} INFO - Sync 1 DAGs
[2024-05-11T11:34:45.140+0000] {logging_mixin.py:188} INFO - [2024-05-11T11:34:45.139+0000] {dag.py:3954} INFO - Setting next_dagrun for example_short_circuit_operator to 2024-05-10 00:00:00+00:00, run_after=2024-05-11 00:00:00+00:00
[2024-05-11T11:34:45.157+0000] {processor.py:183} INFO - Processing /home/airflow/.local/lib/python3.12/site-packages/airflow/example_dags/example_short_circuit_operator.py took 0.143 seconds
[2024-05-11T15:07:40.446+0000] {processor.py:161} INFO - Started process (PID=36) to work on /home/airflow/.local/lib/python3.12/site-packages/airflow/example_dags/example_short_circuit_operator.py
[2024-05-11T15:07:40.448+0000] {processor.py:830} INFO - Processing file /home/airflow/.local/lib/python3.12/site-packages/airflow/example_dags/example_short_circuit_operator.py for tasks to queue
[2024-05-11T15:07:40.449+0000] {logging_mixin.py:188} INFO - [2024-05-11T15:07:40.449+0000] {dagbag.py:545} INFO - Filling up the DagBag from /home/airflow/.local/lib/python3.12/site-packages/airflow/example_dags/example_short_circuit_operator.py
[2024-05-11T15:07:40.459+0000] {processor.py:840} INFO - DAG(s) 'example_short_circuit_operator' retrieved from /home/airflow/.local/lib/python3.12/site-packages/airflow/example_dags/example_short_circuit_operator.py
[2024-05-11T15:07:40.483+0000] {logging_mixin.py:188} INFO - [2024-05-11T15:07:40.482+0000] {dag.py:3096} INFO - Sync 1 DAGs
[2024-05-11T15:07:40.503+0000] {logging_mixin.py:188} INFO - [2024-05-11T15:07:40.502+0000] {dag.py:3954} INFO - Setting next_dagrun for example_short_circuit_operator to 2024-05-10 00:00:00+00:00, run_after=2024-05-11 00:00:00+00:00
[2024-05-11T15:07:40.520+0000] {processor.py:183} INFO - Processing /home/airflow/.local/lib/python3.12/site-packages/airflow/example_dags/example_short_circuit_operator.py took 0.079 seconds
[2024-05-11T15:08:10.763+0000] {processor.py:161} INFO - Started process (PID=94) to work on /home/airflow/.local/lib/python3.12/site-packages/airflow/example_dags/example_short_circuit_operator.py
[2024-05-11T15:08:10.765+0000] {processor.py:830} INFO - Processing file /home/airflow/.local/lib/python3.12/site-packages/airflow/example_dags/example_short_circuit_operator.py for tasks to queue
[2024-05-11T15:08:10.768+0000] {logging_mixin.py:188} INFO - [2024-05-11T15:08:10.768+0000] {dagbag.py:545} INFO - Filling up the DagBag from /home/airflow/.local/lib/python3.12/site-packages/airflow/example_dags/example_short_circuit_operator.py
[2024-05-11T15:08:10.777+0000] {processor.py:840} INFO - DAG(s) 'example_short_circuit_operator' retrieved from /home/airflow/.local/lib/python3.12/site-packages/airflow/example_dags/example_short_circuit_operator.py
[2024-05-11T15:08:10.809+0000] {logging_mixin.py:188} INFO - [2024-05-11T15:08:10.809+0000] {dag.py:3096} INFO - Sync 1 DAGs
[2024-05-11T15:08:10.838+0000] {logging_mixin.py:188} INFO - [2024-05-11T15:08:10.838+0000] {dag.py:3954} INFO - Setting next_dagrun for example_short_circuit_operator to 2024-05-10 00:00:00+00:00, run_after=2024-05-11 00:00:00+00:00
[2024-05-11T15:08:10.870+0000] {processor.py:183} INFO - Processing /home/airflow/.local/lib/python3.12/site-packages/airflow/example_dags/example_short_circuit_operator.py took 0.116 seconds
[2024-05-11T15:18:26.600+0000] {processor.py:161} INFO - Started process (PID=36) to work on /home/airflow/.local/lib/python3.12/site-packages/airflow/example_dags/example_short_circuit_operator.py
[2024-05-11T15:18:26.602+0000] {processor.py:830} INFO - Processing file /home/airflow/.local/lib/python3.12/site-packages/airflow/example_dags/example_short_circuit_operator.py for tasks to queue
[2024-05-11T15:18:26.604+0000] {logging_mixin.py:188} INFO - [2024-05-11T15:18:26.603+0000] {dagbag.py:545} INFO - Filling up the DagBag from /home/airflow/.local/lib/python3.12/site-packages/airflow/example_dags/example_short_circuit_operator.py
[2024-05-11T15:18:26.614+0000] {processor.py:840} INFO - DAG(s) 'example_short_circuit_operator' retrieved from /home/airflow/.local/lib/python3.12/site-packages/airflow/example_dags/example_short_circuit_operator.py
[2024-05-11T15:18:26.630+0000] {logging_mixin.py:188} INFO - [2024-05-11T15:18:26.629+0000] {dag.py:3096} INFO - Sync 1 DAGs
[2024-05-11T15:18:26.660+0000] {logging_mixin.py:188} INFO - [2024-05-11T15:18:26.660+0000] {dag.py:3954} INFO - Setting next_dagrun for example_short_circuit_operator to 2024-05-10 00:00:00+00:00, run_after=2024-05-11 00:00:00+00:00
[2024-05-11T15:18:26.686+0000] {processor.py:183} INFO - Processing /home/airflow/.local/lib/python3.12/site-packages/airflow/example_dags/example_short_circuit_operator.py took 0.091 seconds
[2024-05-11T15:18:57.087+0000] {processor.py:161} INFO - Started process (PID=94) to work on /home/airflow/.local/lib/python3.12/site-packages/airflow/example_dags/example_short_circuit_operator.py
[2024-05-11T15:18:57.088+0000] {processor.py:830} INFO - Processing file /home/airflow/.local/lib/python3.12/site-packages/airflow/example_dags/example_short_circuit_operator.py for tasks to queue
[2024-05-11T15:18:57.090+0000] {logging_mixin.py:188} INFO - [2024-05-11T15:18:57.090+0000] {dagbag.py:545} INFO - Filling up the DagBag from /home/airflow/.local/lib/python3.12/site-packages/airflow/example_dags/example_short_circuit_operator.py
[2024-05-11T15:18:57.097+0000] {processor.py:840} INFO - DAG(s) 'example_short_circuit_operator' retrieved from /home/airflow/.local/lib/python3.12/site-packages/airflow/example_dags/example_short_circuit_operator.py
[2024-05-11T15:18:57.108+0000] {logging_mixin.py:188} INFO - [2024-05-11T15:18:57.107+0000] {dag.py:3096} INFO - Sync 1 DAGs
[2024-05-11T15:18:57.129+0000] {logging_mixin.py:188} INFO - [2024-05-11T15:18:57.129+0000] {dag.py:3954} INFO - Setting next_dagrun for example_short_circuit_operator to 2024-05-10 00:00:00+00:00, run_after=2024-05-11 00:00:00+00:00
[2024-05-11T15:18:57.146+0000] {processor.py:183} INFO - Processing /home/airflow/.local/lib/python3.12/site-packages/airflow/example_dags/example_short_circuit_operator.py took 0.064 seconds
[2024-05-11T15:19:27.557+0000] {processor.py:161} INFO - Started process (PID=152) to work on /home/airflow/.local/lib/python3.12/site-packages/airflow/example_dags/example_short_circuit_operator.py
[2024-05-11T15:19:27.558+0000] {processor.py:830} INFO - Processing file /home/airflow/.local/lib/python3.12/site-packages/airflow/example_dags/example_short_circuit_operator.py for tasks to queue
[2024-05-11T15:19:27.560+0000] {logging_mixin.py:188} INFO - [2024-05-11T15:19:27.560+0000] {dagbag.py:545} INFO - Filling up the DagBag from /home/airflow/.local/lib/python3.12/site-packages/airflow/example_dags/example_short_circuit_operator.py
[2024-05-11T15:19:27.566+0000] {processor.py:840} INFO - DAG(s) 'example_short_circuit_operator' retrieved from /home/airflow/.local/lib/python3.12/site-packages/airflow/example_dags/example_short_circuit_operator.py
[2024-05-11T15:19:27.656+0000] {logging_mixin.py:188} INFO - [2024-05-11T15:19:27.656+0000] {dag.py:3096} INFO - Sync 1 DAGs
[2024-05-11T15:19:27.673+0000] {logging_mixin.py:188} INFO - [2024-05-11T15:19:27.673+0000] {dag.py:3954} INFO - Setting next_dagrun for example_short_circuit_operator to 2024-05-10 00:00:00+00:00, run_after=2024-05-11 00:00:00+00:00
[2024-05-11T15:19:27.690+0000] {processor.py:183} INFO - Processing /home/airflow/.local/lib/python3.12/site-packages/airflow/example_dags/example_short_circuit_operator.py took 0.137 seconds
[2024-05-11T15:19:57.929+0000] {processor.py:161} INFO - Started process (PID=210) to work on /home/airflow/.local/lib/python3.12/site-packages/airflow/example_dags/example_short_circuit_operator.py
[2024-05-11T15:19:57.930+0000] {processor.py:830} INFO - Processing file /home/airflow/.local/lib/python3.12/site-packages/airflow/example_dags/example_short_circuit_operator.py for tasks to queue
[2024-05-11T15:19:57.932+0000] {logging_mixin.py:188} INFO - [2024-05-11T15:19:57.931+0000] {dagbag.py:545} INFO - Filling up the DagBag from /home/airflow/.local/lib/python3.12/site-packages/airflow/example_dags/example_short_circuit_operator.py
[2024-05-11T15:19:57.937+0000] {processor.py:840} INFO - DAG(s) 'example_short_circuit_operator' retrieved from /home/airflow/.local/lib/python3.12/site-packages/airflow/example_dags/example_short_circuit_operator.py
[2024-05-11T15:19:57.957+0000] {logging_mixin.py:188} INFO - [2024-05-11T15:19:57.956+0000] {dag.py:3096} INFO - Sync 1 DAGs
[2024-05-11T15:19:57.975+0000] {logging_mixin.py:188} INFO - [2024-05-11T15:19:57.975+0000] {dag.py:3954} INFO - Setting next_dagrun for example_short_circuit_operator to 2024-05-10 00:00:00+00:00, run_after=2024-05-11 00:00:00+00:00
[2024-05-11T15:19:57.990+0000] {processor.py:183} INFO - Processing /home/airflow/.local/lib/python3.12/site-packages/airflow/example_dags/example_short_circuit_operator.py took 0.066 seconds
[2024-05-11T15:20:28.204+0000] {processor.py:161} INFO - Started process (PID=268) to work on /home/airflow/.local/lib/python3.12/site-packages/airflow/example_dags/example_short_circuit_operator.py
[2024-05-11T15:20:28.205+0000] {processor.py:830} INFO - Processing file /home/airflow/.local/lib/python3.12/site-packages/airflow/example_dags/example_short_circuit_operator.py for tasks to queue
[2024-05-11T15:20:28.207+0000] {logging_mixin.py:188} INFO - [2024-05-11T15:20:28.207+0000] {dagbag.py:545} INFO - Filling up the DagBag from /home/airflow/.local/lib/python3.12/site-packages/airflow/example_dags/example_short_circuit_operator.py
[2024-05-11T15:20:28.217+0000] {processor.py:840} INFO - DAG(s) 'example_short_circuit_operator' retrieved from /home/airflow/.local/lib/python3.12/site-packages/airflow/example_dags/example_short_circuit_operator.py
[2024-05-11T15:20:28.250+0000] {logging_mixin.py:188} INFO - [2024-05-11T15:20:28.250+0000] {dag.py:3096} INFO - Sync 1 DAGs
[2024-05-11T15:20:28.288+0000] {logging_mixin.py:188} INFO - [2024-05-11T15:20:28.287+0000] {dag.py:3954} INFO - Setting next_dagrun for example_short_circuit_operator to 2024-05-10 00:00:00+00:00, run_after=2024-05-11 00:00:00+00:00
[2024-05-11T15:20:28.319+0000] {processor.py:183} INFO - Processing /home/airflow/.local/lib/python3.12/site-packages/airflow/example_dags/example_short_circuit_operator.py took 0.122 seconds
[2024-05-11T15:26:48.188+0000] {processor.py:161} INFO - Started process (PID=37) to work on /home/airflow/.local/lib/python3.12/site-packages/airflow/example_dags/example_short_circuit_operator.py
[2024-05-11T15:26:48.213+0000] {processor.py:830} INFO - Processing file /home/airflow/.local/lib/python3.12/site-packages/airflow/example_dags/example_short_circuit_operator.py for tasks to queue
[2024-05-11T15:26:48.215+0000] {logging_mixin.py:188} INFO - [2024-05-11T15:26:48.215+0000] {dagbag.py:545} INFO - Filling up the DagBag from /home/airflow/.local/lib/python3.12/site-packages/airflow/example_dags/example_short_circuit_operator.py
[2024-05-11T15:26:48.225+0000] {processor.py:840} INFO - DAG(s) 'example_short_circuit_operator' retrieved from /home/airflow/.local/lib/python3.12/site-packages/airflow/example_dags/example_short_circuit_operator.py
[2024-05-11T15:26:48.372+0000] {logging_mixin.py:188} INFO - [2024-05-11T15:26:48.372+0000] {dag.py:3096} INFO - Sync 1 DAGs
[2024-05-11T15:26:48.391+0000] {logging_mixin.py:188} INFO - [2024-05-11T15:26:48.391+0000] {dag.py:3954} INFO - Setting next_dagrun for example_short_circuit_operator to 2024-05-10 00:00:00+00:00, run_after=2024-05-11 00:00:00+00:00
[2024-05-11T15:26:48.412+0000] {processor.py:183} INFO - Processing /home/airflow/.local/lib/python3.12/site-packages/airflow/example_dags/example_short_circuit_operator.py took 0.230 seconds
[2024-05-11T15:27:21.229+0000] {processor.py:161} INFO - Started process (PID=96) to work on /home/airflow/.local/lib/python3.12/site-packages/airflow/example_dags/example_short_circuit_operator.py
[2024-05-11T15:27:21.230+0000] {processor.py:830} INFO - Processing file /home/airflow/.local/lib/python3.12/site-packages/airflow/example_dags/example_short_circuit_operator.py for tasks to queue
[2024-05-11T15:27:21.232+0000] {logging_mixin.py:188} INFO - [2024-05-11T15:27:21.231+0000] {dagbag.py:545} INFO - Filling up the DagBag from /home/airflow/.local/lib/python3.12/site-packages/airflow/example_dags/example_short_circuit_operator.py
[2024-05-11T15:27:21.240+0000] {processor.py:840} INFO - DAG(s) 'example_short_circuit_operator' retrieved from /home/airflow/.local/lib/python3.12/site-packages/airflow/example_dags/example_short_circuit_operator.py
[2024-05-11T15:27:21.261+0000] {logging_mixin.py:188} INFO - [2024-05-11T15:27:21.261+0000] {dag.py:3096} INFO - Sync 1 DAGs
[2024-05-11T15:27:21.283+0000] {logging_mixin.py:188} INFO - [2024-05-11T15:27:21.282+0000] {dag.py:3954} INFO - Setting next_dagrun for example_short_circuit_operator to 2024-05-10 00:00:00+00:00, run_after=2024-05-11 00:00:00+00:00
[2024-05-11T15:27:21.299+0000] {processor.py:183} INFO - Processing /home/airflow/.local/lib/python3.12/site-packages/airflow/example_dags/example_short_circuit_operator.py took 0.074 seconds
[2024-05-11T15:27:51.567+0000] {processor.py:161} INFO - Started process (PID=154) to work on /home/airflow/.local/lib/python3.12/site-packages/airflow/example_dags/example_short_circuit_operator.py
[2024-05-11T15:27:51.572+0000] {processor.py:830} INFO - Processing file /home/airflow/.local/lib/python3.12/site-packages/airflow/example_dags/example_short_circuit_operator.py for tasks to queue
[2024-05-11T15:27:51.574+0000] {logging_mixin.py:188} INFO - [2024-05-11T15:27:51.574+0000] {dagbag.py:545} INFO - Filling up the DagBag from /home/airflow/.local/lib/python3.12/site-packages/airflow/example_dags/example_short_circuit_operator.py
[2024-05-11T15:27:51.580+0000] {processor.py:840} INFO - DAG(s) 'example_short_circuit_operator' retrieved from /home/airflow/.local/lib/python3.12/site-packages/airflow/example_dags/example_short_circuit_operator.py
[2024-05-11T15:27:51.601+0000] {logging_mixin.py:188} INFO - [2024-05-11T15:27:51.600+0000] {dag.py:3096} INFO - Sync 1 DAGs
[2024-05-11T15:27:51.619+0000] {logging_mixin.py:188} INFO - [2024-05-11T15:27:51.619+0000] {dag.py:3954} INFO - Setting next_dagrun for example_short_circuit_operator to 2024-05-10 00:00:00+00:00, run_after=2024-05-11 00:00:00+00:00
[2024-05-11T15:27:51.638+0000] {processor.py:183} INFO - Processing /home/airflow/.local/lib/python3.12/site-packages/airflow/example_dags/example_short_circuit_operator.py took 0.077 seconds
[2024-05-11T15:28:21.882+0000] {processor.py:161} INFO - Started process (PID=212) to work on /home/airflow/.local/lib/python3.12/site-packages/airflow/example_dags/example_short_circuit_operator.py
[2024-05-11T15:28:21.882+0000] {processor.py:830} INFO - Processing file /home/airflow/.local/lib/python3.12/site-packages/airflow/example_dags/example_short_circuit_operator.py for tasks to queue
[2024-05-11T15:28:21.884+0000] {logging_mixin.py:188} INFO - [2024-05-11T15:28:21.884+0000] {dagbag.py:545} INFO - Filling up the DagBag from /home/airflow/.local/lib/python3.12/site-packages/airflow/example_dags/example_short_circuit_operator.py
[2024-05-11T15:28:21.890+0000] {processor.py:840} INFO - DAG(s) 'example_short_circuit_operator' retrieved from /home/airflow/.local/lib/python3.12/site-packages/airflow/example_dags/example_short_circuit_operator.py
[2024-05-11T15:28:21.909+0000] {logging_mixin.py:188} INFO - [2024-05-11T15:28:21.908+0000] {dag.py:3096} INFO - Sync 1 DAGs
[2024-05-11T15:28:21.927+0000] {logging_mixin.py:188} INFO - [2024-05-11T15:28:21.927+0000] {dag.py:3954} INFO - Setting next_dagrun for example_short_circuit_operator to 2024-05-10 00:00:00+00:00, run_after=2024-05-11 00:00:00+00:00
[2024-05-11T15:28:21.942+0000] {processor.py:183} INFO - Processing /home/airflow/.local/lib/python3.12/site-packages/airflow/example_dags/example_short_circuit_operator.py took 0.065 seconds
[2024-05-11T15:28:52.016+0000] {processor.py:161} INFO - Started process (PID=270) to work on /home/airflow/.local/lib/python3.12/site-packages/airflow/example_dags/example_short_circuit_operator.py
[2024-05-11T15:28:52.018+0000] {processor.py:830} INFO - Processing file /home/airflow/.local/lib/python3.12/site-packages/airflow/example_dags/example_short_circuit_operator.py for tasks to queue
[2024-05-11T15:28:52.021+0000] {logging_mixin.py:188} INFO - [2024-05-11T15:28:52.020+0000] {dagbag.py:545} INFO - Filling up the DagBag from /home/airflow/.local/lib/python3.12/site-packages/airflow/example_dags/example_short_circuit_operator.py
[2024-05-11T15:28:52.029+0000] {processor.py:840} INFO - DAG(s) 'example_short_circuit_operator' retrieved from /home/airflow/.local/lib/python3.12/site-packages/airflow/example_dags/example_short_circuit_operator.py
[2024-05-11T15:28:52.059+0000] {logging_mixin.py:188} INFO - [2024-05-11T15:28:52.059+0000] {dag.py:3096} INFO - Sync 1 DAGs
[2024-05-11T15:28:52.090+0000] {logging_mixin.py:188} INFO - [2024-05-11T15:28:52.090+0000] {dag.py:3954} INFO - Setting next_dagrun for example_short_circuit_operator to 2024-05-10 00:00:00+00:00, run_after=2024-05-11 00:00:00+00:00
[2024-05-11T15:28:52.112+0000] {processor.py:183} INFO - Processing /home/airflow/.local/lib/python3.12/site-packages/airflow/example_dags/example_short_circuit_operator.py took 0.103 seconds
[2024-05-11T15:46:05.550+0000] {processor.py:161} INFO - Started process (PID=36) to work on /home/airflow/.local/lib/python3.12/site-packages/airflow/example_dags/example_short_circuit_operator.py
[2024-05-11T15:46:05.552+0000] {processor.py:830} INFO - Processing file /home/airflow/.local/lib/python3.12/site-packages/airflow/example_dags/example_short_circuit_operator.py for tasks to queue
[2024-05-11T15:46:05.554+0000] {logging_mixin.py:188} INFO - [2024-05-11T15:46:05.553+0000] {dagbag.py:545} INFO - Filling up the DagBag from /home/airflow/.local/lib/python3.12/site-packages/airflow/example_dags/example_short_circuit_operator.py
[2024-05-11T15:46:05.572+0000] {processor.py:840} INFO - DAG(s) 'example_short_circuit_operator' retrieved from /home/airflow/.local/lib/python3.12/site-packages/airflow/example_dags/example_short_circuit_operator.py
[2024-05-11T15:46:05.682+0000] {logging_mixin.py:188} INFO - [2024-05-11T15:46:05.681+0000] {dag.py:3096} INFO - Sync 1 DAGs
[2024-05-11T15:46:05.700+0000] {logging_mixin.py:188} INFO - [2024-05-11T15:46:05.700+0000] {dag.py:3954} INFO - Setting next_dagrun for example_short_circuit_operator to 2024-05-10 00:00:00+00:00, run_after=2024-05-11 00:00:00+00:00
[2024-05-11T15:46:05.718+0000] {processor.py:183} INFO - Processing /home/airflow/.local/lib/python3.12/site-packages/airflow/example_dags/example_short_circuit_operator.py took 0.174 seconds
[2024-05-11T15:46:36.111+0000] {processor.py:161} INFO - Started process (PID=94) to work on /home/airflow/.local/lib/python3.12/site-packages/airflow/example_dags/example_short_circuit_operator.py
[2024-05-11T15:46:36.114+0000] {processor.py:830} INFO - Processing file /home/airflow/.local/lib/python3.12/site-packages/airflow/example_dags/example_short_circuit_operator.py for tasks to queue
[2024-05-11T15:46:36.116+0000] {logging_mixin.py:188} INFO - [2024-05-11T15:46:36.116+0000] {dagbag.py:545} INFO - Filling up the DagBag from /home/airflow/.local/lib/python3.12/site-packages/airflow/example_dags/example_short_circuit_operator.py
[2024-05-11T15:46:36.123+0000] {processor.py:840} INFO - DAG(s) 'example_short_circuit_operator' retrieved from /home/airflow/.local/lib/python3.12/site-packages/airflow/example_dags/example_short_circuit_operator.py
[2024-05-11T15:46:36.145+0000] {logging_mixin.py:188} INFO - [2024-05-11T15:46:36.145+0000] {dag.py:3096} INFO - Sync 1 DAGs
[2024-05-11T15:46:36.166+0000] {logging_mixin.py:188} INFO - [2024-05-11T15:46:36.166+0000] {dag.py:3954} INFO - Setting next_dagrun for example_short_circuit_operator to 2024-05-10 00:00:00+00:00, run_after=2024-05-11 00:00:00+00:00
[2024-05-11T15:46:36.185+0000] {processor.py:183} INFO - Processing /home/airflow/.local/lib/python3.12/site-packages/airflow/example_dags/example_short_circuit_operator.py took 0.079 seconds
[2024-05-11T15:47:06.756+0000] {processor.py:161} INFO - Started process (PID=152) to work on /home/airflow/.local/lib/python3.12/site-packages/airflow/example_dags/example_short_circuit_operator.py
[2024-05-11T15:47:06.838+0000] {processor.py:830} INFO - Processing file /home/airflow/.local/lib/python3.12/site-packages/airflow/example_dags/example_short_circuit_operator.py for tasks to queue
[2024-05-11T15:47:06.841+0000] {logging_mixin.py:188} INFO - [2024-05-11T15:47:06.840+0000] {dagbag.py:545} INFO - Filling up the DagBag from /home/airflow/.local/lib/python3.12/site-packages/airflow/example_dags/example_short_circuit_operator.py
[2024-05-11T15:47:06.847+0000] {processor.py:840} INFO - DAG(s) 'example_short_circuit_operator' retrieved from /home/airflow/.local/lib/python3.12/site-packages/airflow/example_dags/example_short_circuit_operator.py
[2024-05-11T15:47:06.870+0000] {logging_mixin.py:188} INFO - [2024-05-11T15:47:06.869+0000] {dag.py:3096} INFO - Sync 1 DAGs
[2024-05-11T15:47:06.895+0000] {logging_mixin.py:188} INFO - [2024-05-11T15:47:06.894+0000] {dag.py:3954} INFO - Setting next_dagrun for example_short_circuit_operator to 2024-05-10 00:00:00+00:00, run_after=2024-05-11 00:00:00+00:00
[2024-05-11T15:47:07.171+0000] {processor.py:183} INFO - Processing /home/airflow/.local/lib/python3.12/site-packages/airflow/example_dags/example_short_circuit_operator.py took 0.420 seconds
[2024-05-11T15:47:37.949+0000] {processor.py:161} INFO - Started process (PID=210) to work on /home/airflow/.local/lib/python3.12/site-packages/airflow/example_dags/example_short_circuit_operator.py
[2024-05-11T15:47:37.952+0000] {processor.py:830} INFO - Processing file /home/airflow/.local/lib/python3.12/site-packages/airflow/example_dags/example_short_circuit_operator.py for tasks to queue
[2024-05-11T15:47:37.954+0000] {logging_mixin.py:188} INFO - [2024-05-11T15:47:37.954+0000] {dagbag.py:545} INFO - Filling up the DagBag from /home/airflow/.local/lib/python3.12/site-packages/airflow/example_dags/example_short_circuit_operator.py
[2024-05-11T15:47:37.960+0000] {processor.py:840} INFO - DAG(s) 'example_short_circuit_operator' retrieved from /home/airflow/.local/lib/python3.12/site-packages/airflow/example_dags/example_short_circuit_operator.py
[2024-05-11T15:47:37.978+0000] {logging_mixin.py:188} INFO - [2024-05-11T15:47:37.977+0000] {dag.py:3096} INFO - Sync 1 DAGs
[2024-05-11T15:47:38.002+0000] {logging_mixin.py:188} INFO - [2024-05-11T15:47:38.001+0000] {dag.py:3954} INFO - Setting next_dagrun for example_short_circuit_operator to 2024-05-10 00:00:00+00:00, run_after=2024-05-11 00:00:00+00:00
[2024-05-11T15:47:38.028+0000] {processor.py:183} INFO - Processing /home/airflow/.local/lib/python3.12/site-packages/airflow/example_dags/example_short_circuit_operator.py took 0.083 seconds
[2024-05-11T15:48:08.134+0000] {processor.py:161} INFO - Started process (PID=268) to work on /home/airflow/.local/lib/python3.12/site-packages/airflow/example_dags/example_short_circuit_operator.py
[2024-05-11T15:48:08.135+0000] {processor.py:830} INFO - Processing file /home/airflow/.local/lib/python3.12/site-packages/airflow/example_dags/example_short_circuit_operator.py for tasks to queue
[2024-05-11T15:48:08.137+0000] {logging_mixin.py:188} INFO - [2024-05-11T15:48:08.137+0000] {dagbag.py:545} INFO - Filling up the DagBag from /home/airflow/.local/lib/python3.12/site-packages/airflow/example_dags/example_short_circuit_operator.py
[2024-05-11T15:48:08.143+0000] {processor.py:840} INFO - DAG(s) 'example_short_circuit_operator' retrieved from /home/airflow/.local/lib/python3.12/site-packages/airflow/example_dags/example_short_circuit_operator.py
[2024-05-11T15:48:08.168+0000] {logging_mixin.py:188} INFO - [2024-05-11T15:48:08.167+0000] {dag.py:3096} INFO - Sync 1 DAGs
[2024-05-11T15:48:08.188+0000] {logging_mixin.py:188} INFO - [2024-05-11T15:48:08.188+0000] {dag.py:3954} INFO - Setting next_dagrun for example_short_circuit_operator to 2024-05-10 00:00:00+00:00, run_after=2024-05-11 00:00:00+00:00
[2024-05-11T15:48:08.215+0000] {processor.py:183} INFO - Processing /home/airflow/.local/lib/python3.12/site-packages/airflow/example_dags/example_short_circuit_operator.py took 0.086 seconds
[2024-05-11T15:48:38.284+0000] {processor.py:161} INFO - Started process (PID=326) to work on /home/airflow/.local/lib/python3.12/site-packages/airflow/example_dags/example_short_circuit_operator.py
[2024-05-11T15:48:38.285+0000] {processor.py:830} INFO - Processing file /home/airflow/.local/lib/python3.12/site-packages/airflow/example_dags/example_short_circuit_operator.py for tasks to queue
[2024-05-11T15:48:38.287+0000] {logging_mixin.py:188} INFO - [2024-05-11T15:48:38.286+0000] {dagbag.py:545} INFO - Filling up the DagBag from /home/airflow/.local/lib/python3.12/site-packages/airflow/example_dags/example_short_circuit_operator.py
[2024-05-11T15:48:38.292+0000] {processor.py:840} INFO - DAG(s) 'example_short_circuit_operator' retrieved from /home/airflow/.local/lib/python3.12/site-packages/airflow/example_dags/example_short_circuit_operator.py
[2024-05-11T15:48:38.310+0000] {logging_mixin.py:188} INFO - [2024-05-11T15:48:38.310+0000] {dag.py:3096} INFO - Sync 1 DAGs
[2024-05-11T15:48:38.328+0000] {logging_mixin.py:188} INFO - [2024-05-11T15:48:38.328+0000] {dag.py:3954} INFO - Setting next_dagrun for example_short_circuit_operator to 2024-05-10 00:00:00+00:00, run_after=2024-05-11 00:00:00+00:00
[2024-05-11T15:48:38.346+0000] {processor.py:183} INFO - Processing /home/airflow/.local/lib/python3.12/site-packages/airflow/example_dags/example_short_circuit_operator.py took 0.066 seconds
[2024-05-11T15:49:08.856+0000] {processor.py:161} INFO - Started process (PID=384) to work on /home/airflow/.local/lib/python3.12/site-packages/airflow/example_dags/example_short_circuit_operator.py
[2024-05-11T15:49:08.857+0000] {processor.py:830} INFO - Processing file /home/airflow/.local/lib/python3.12/site-packages/airflow/example_dags/example_short_circuit_operator.py for tasks to queue
[2024-05-11T15:49:08.859+0000] {logging_mixin.py:188} INFO - [2024-05-11T15:49:08.859+0000] {dagbag.py:545} INFO - Filling up the DagBag from /home/airflow/.local/lib/python3.12/site-packages/airflow/example_dags/example_short_circuit_operator.py
[2024-05-11T15:49:08.867+0000] {processor.py:840} INFO - DAG(s) 'example_short_circuit_operator' retrieved from /home/airflow/.local/lib/python3.12/site-packages/airflow/example_dags/example_short_circuit_operator.py
[2024-05-11T15:49:08.921+0000] {logging_mixin.py:188} INFO - [2024-05-11T15:49:08.920+0000] {dag.py:3096} INFO - Sync 1 DAGs
[2024-05-11T15:49:08.982+0000] {logging_mixin.py:188} INFO - [2024-05-11T15:49:08.981+0000] {dag.py:3954} INFO - Setting next_dagrun for example_short_circuit_operator to 2024-05-10 00:00:00+00:00, run_after=2024-05-11 00:00:00+00:00
[2024-05-11T15:49:09.033+0000] {processor.py:183} INFO - Processing /home/airflow/.local/lib/python3.12/site-packages/airflow/example_dags/example_short_circuit_operator.py took 0.182 seconds
[2024-05-11T15:49:39.108+0000] {processor.py:161} INFO - Started process (PID=442) to work on /home/airflow/.local/lib/python3.12/site-packages/airflow/example_dags/example_short_circuit_operator.py
[2024-05-11T15:49:39.109+0000] {processor.py:830} INFO - Processing file /home/airflow/.local/lib/python3.12/site-packages/airflow/example_dags/example_short_circuit_operator.py for tasks to queue
[2024-05-11T15:49:39.111+0000] {logging_mixin.py:188} INFO - [2024-05-11T15:49:39.111+0000] {dagbag.py:545} INFO - Filling up the DagBag from /home/airflow/.local/lib/python3.12/site-packages/airflow/example_dags/example_short_circuit_operator.py
[2024-05-11T15:49:39.124+0000] {processor.py:840} INFO - DAG(s) 'example_short_circuit_operator' retrieved from /home/airflow/.local/lib/python3.12/site-packages/airflow/example_dags/example_short_circuit_operator.py
[2024-05-11T15:49:39.151+0000] {logging_mixin.py:188} INFO - [2024-05-11T15:49:39.151+0000] {dag.py:3096} INFO - Sync 1 DAGs
[2024-05-11T15:49:39.174+0000] {logging_mixin.py:188} INFO - [2024-05-11T15:49:39.174+0000] {dag.py:3954} INFO - Setting next_dagrun for example_short_circuit_operator to 2024-05-10 00:00:00+00:00, run_after=2024-05-11 00:00:00+00:00
[2024-05-11T15:49:39.195+0000] {processor.py:183} INFO - Processing /home/airflow/.local/lib/python3.12/site-packages/airflow/example_dags/example_short_circuit_operator.py took 0.092 seconds
[2024-05-11T15:50:09.693+0000] {processor.py:161} INFO - Started process (PID=499) to work on /home/airflow/.local/lib/python3.12/site-packages/airflow/example_dags/example_short_circuit_operator.py
[2024-05-11T15:50:09.694+0000] {processor.py:830} INFO - Processing file /home/airflow/.local/lib/python3.12/site-packages/airflow/example_dags/example_short_circuit_operator.py for tasks to queue
[2024-05-11T15:50:09.696+0000] {logging_mixin.py:188} INFO - [2024-05-11T15:50:09.696+0000] {dagbag.py:545} INFO - Filling up the DagBag from /home/airflow/.local/lib/python3.12/site-packages/airflow/example_dags/example_short_circuit_operator.py
[2024-05-11T15:50:09.701+0000] {processor.py:840} INFO - DAG(s) 'example_short_circuit_operator' retrieved from /home/airflow/.local/lib/python3.12/site-packages/airflow/example_dags/example_short_circuit_operator.py
[2024-05-11T15:50:09.724+0000] {logging_mixin.py:188} INFO - [2024-05-11T15:50:09.724+0000] {dag.py:3096} INFO - Sync 1 DAGs
[2024-05-11T15:50:09.746+0000] {logging_mixin.py:188} INFO - [2024-05-11T15:50:09.746+0000] {dag.py:3954} INFO - Setting next_dagrun for example_short_circuit_operator to 2024-05-10 00:00:00+00:00, run_after=2024-05-11 00:00:00+00:00
[2024-05-11T15:50:09.765+0000] {processor.py:183} INFO - Processing /home/airflow/.local/lib/python3.12/site-packages/airflow/example_dags/example_short_circuit_operator.py took 0.077 seconds
[2024-05-11T15:50:39.968+0000] {processor.py:161} INFO - Started process (PID=557) to work on /home/airflow/.local/lib/python3.12/site-packages/airflow/example_dags/example_short_circuit_operator.py
[2024-05-11T15:50:39.970+0000] {processor.py:830} INFO - Processing file /home/airflow/.local/lib/python3.12/site-packages/airflow/example_dags/example_short_circuit_operator.py for tasks to queue
[2024-05-11T15:50:39.971+0000] {logging_mixin.py:188} INFO - [2024-05-11T15:50:39.971+0000] {dagbag.py:545} INFO - Filling up the DagBag from /home/airflow/.local/lib/python3.12/site-packages/airflow/example_dags/example_short_circuit_operator.py
[2024-05-11T15:50:39.977+0000] {processor.py:840} INFO - DAG(s) 'example_short_circuit_operator' retrieved from /home/airflow/.local/lib/python3.12/site-packages/airflow/example_dags/example_short_circuit_operator.py
[2024-05-11T15:50:39.994+0000] {logging_mixin.py:188} INFO - [2024-05-11T15:50:39.994+0000] {dag.py:3096} INFO - Sync 1 DAGs
[2024-05-11T15:50:40.013+0000] {logging_mixin.py:188} INFO - [2024-05-11T15:50:40.013+0000] {dag.py:3954} INFO - Setting next_dagrun for example_short_circuit_operator to 2024-05-10 00:00:00+00:00, run_after=2024-05-11 00:00:00+00:00
[2024-05-11T15:50:40.030+0000] {processor.py:183} INFO - Processing /home/airflow/.local/lib/python3.12/site-packages/airflow/example_dags/example_short_circuit_operator.py took 0.066 seconds
[2024-05-11T15:51:10.711+0000] {processor.py:161} INFO - Started process (PID=615) to work on /home/airflow/.local/lib/python3.12/site-packages/airflow/example_dags/example_short_circuit_operator.py
[2024-05-11T15:51:10.712+0000] {processor.py:830} INFO - Processing file /home/airflow/.local/lib/python3.12/site-packages/airflow/example_dags/example_short_circuit_operator.py for tasks to queue
[2024-05-11T15:51:10.713+0000] {logging_mixin.py:188} INFO - [2024-05-11T15:51:10.713+0000] {dagbag.py:545} INFO - Filling up the DagBag from /home/airflow/.local/lib/python3.12/site-packages/airflow/example_dags/example_short_circuit_operator.py
[2024-05-11T15:51:10.719+0000] {processor.py:840} INFO - DAG(s) 'example_short_circuit_operator' retrieved from /home/airflow/.local/lib/python3.12/site-packages/airflow/example_dags/example_short_circuit_operator.py
[2024-05-11T15:51:10.737+0000] {logging_mixin.py:188} INFO - [2024-05-11T15:51:10.737+0000] {dag.py:3096} INFO - Sync 1 DAGs
[2024-05-11T15:51:10.756+0000] {logging_mixin.py:188} INFO - [2024-05-11T15:51:10.756+0000] {dag.py:3954} INFO - Setting next_dagrun for example_short_circuit_operator to 2024-05-10 00:00:00+00:00, run_after=2024-05-11 00:00:00+00:00
[2024-05-11T15:51:10.774+0000] {processor.py:183} INFO - Processing /home/airflow/.local/lib/python3.12/site-packages/airflow/example_dags/example_short_circuit_operator.py took 0.067 seconds
[2024-05-11T15:51:41.388+0000] {processor.py:161} INFO - Started process (PID=673) to work on /home/airflow/.local/lib/python3.12/site-packages/airflow/example_dags/example_short_circuit_operator.py
[2024-05-11T15:51:41.395+0000] {processor.py:830} INFO - Processing file /home/airflow/.local/lib/python3.12/site-packages/airflow/example_dags/example_short_circuit_operator.py for tasks to queue
[2024-05-11T15:51:41.398+0000] {logging_mixin.py:188} INFO - [2024-05-11T15:51:41.398+0000] {dagbag.py:545} INFO - Filling up the DagBag from /home/airflow/.local/lib/python3.12/site-packages/airflow/example_dags/example_short_circuit_operator.py
[2024-05-11T15:51:41.404+0000] {processor.py:840} INFO - DAG(s) 'example_short_circuit_operator' retrieved from /home/airflow/.local/lib/python3.12/site-packages/airflow/example_dags/example_short_circuit_operator.py
[2024-05-11T15:51:41.442+0000] {logging_mixin.py:188} INFO - [2024-05-11T15:51:41.441+0000] {dag.py:3096} INFO - Sync 1 DAGs
[2024-05-11T15:51:41.487+0000] {logging_mixin.py:188} INFO - [2024-05-11T15:51:41.486+0000] {dag.py:3954} INFO - Setting next_dagrun for example_short_circuit_operator to 2024-05-10 00:00:00+00:00, run_after=2024-05-11 00:00:00+00:00
[2024-05-11T15:51:41.586+0000] {processor.py:183} INFO - Processing /home/airflow/.local/lib/python3.12/site-packages/airflow/example_dags/example_short_circuit_operator.py took 0.203 seconds
[2024-05-11T15:52:12.075+0000] {processor.py:161} INFO - Started process (PID=731) to work on /home/airflow/.local/lib/python3.12/site-packages/airflow/example_dags/example_short_circuit_operator.py
[2024-05-11T15:52:12.076+0000] {processor.py:830} INFO - Processing file /home/airflow/.local/lib/python3.12/site-packages/airflow/example_dags/example_short_circuit_operator.py for tasks to queue
[2024-05-11T15:52:12.078+0000] {logging_mixin.py:188} INFO - [2024-05-11T15:52:12.078+0000] {dagbag.py:545} INFO - Filling up the DagBag from /home/airflow/.local/lib/python3.12/site-packages/airflow/example_dags/example_short_circuit_operator.py
[2024-05-11T15:52:12.085+0000] {processor.py:840} INFO - DAG(s) 'example_short_circuit_operator' retrieved from /home/airflow/.local/lib/python3.12/site-packages/airflow/example_dags/example_short_circuit_operator.py
[2024-05-11T15:52:12.108+0000] {logging_mixin.py:188} INFO - [2024-05-11T15:52:12.107+0000] {dag.py:3096} INFO - Sync 1 DAGs
[2024-05-11T15:52:12.160+0000] {logging_mixin.py:188} INFO - [2024-05-11T15:52:12.159+0000] {dag.py:3954} INFO - Setting next_dagrun for example_short_circuit_operator to 2024-05-10 00:00:00+00:00, run_after=2024-05-11 00:00:00+00:00
[2024-05-11T15:52:12.232+0000] {processor.py:183} INFO - Processing /home/airflow/.local/lib/python3.12/site-packages/airflow/example_dags/example_short_circuit_operator.py took 0.162 seconds
[2024-05-11T15:52:43.230+0000] {processor.py:161} INFO - Started process (PID=789) to work on /home/airflow/.local/lib/python3.12/site-packages/airflow/example_dags/example_short_circuit_operator.py
[2024-05-11T15:52:43.232+0000] {processor.py:830} INFO - Processing file /home/airflow/.local/lib/python3.12/site-packages/airflow/example_dags/example_short_circuit_operator.py for tasks to queue
[2024-05-11T15:52:43.234+0000] {logging_mixin.py:188} INFO - [2024-05-11T15:52:43.233+0000] {dagbag.py:545} INFO - Filling up the DagBag from /home/airflow/.local/lib/python3.12/site-packages/airflow/example_dags/example_short_circuit_operator.py
[2024-05-11T15:52:43.241+0000] {processor.py:840} INFO - DAG(s) 'example_short_circuit_operator' retrieved from /home/airflow/.local/lib/python3.12/site-packages/airflow/example_dags/example_short_circuit_operator.py
[2024-05-11T15:52:43.261+0000] {logging_mixin.py:188} INFO - [2024-05-11T15:52:43.261+0000] {dag.py:3096} INFO - Sync 1 DAGs
[2024-05-11T15:52:43.282+0000] {logging_mixin.py:188} INFO - [2024-05-11T15:52:43.282+0000] {dag.py:3954} INFO - Setting next_dagrun for example_short_circuit_operator to 2024-05-10 00:00:00+00:00, run_after=2024-05-11 00:00:00+00:00
[2024-05-11T15:52:43.302+0000] {processor.py:183} INFO - Processing /home/airflow/.local/lib/python3.12/site-packages/airflow/example_dags/example_short_circuit_operator.py took 0.078 seconds
[2024-05-11T15:53:13.769+0000] {processor.py:161} INFO - Started process (PID=847) to work on /home/airflow/.local/lib/python3.12/site-packages/airflow/example_dags/example_short_circuit_operator.py
[2024-05-11T15:53:13.769+0000] {processor.py:830} INFO - Processing file /home/airflow/.local/lib/python3.12/site-packages/airflow/example_dags/example_short_circuit_operator.py for tasks to queue
[2024-05-11T15:53:13.771+0000] {logging_mixin.py:188} INFO - [2024-05-11T15:53:13.771+0000] {dagbag.py:545} INFO - Filling up the DagBag from /home/airflow/.local/lib/python3.12/site-packages/airflow/example_dags/example_short_circuit_operator.py
[2024-05-11T15:53:13.777+0000] {processor.py:840} INFO - DAG(s) 'example_short_circuit_operator' retrieved from /home/airflow/.local/lib/python3.12/site-packages/airflow/example_dags/example_short_circuit_operator.py
[2024-05-11T15:53:13.796+0000] {logging_mixin.py:188} INFO - [2024-05-11T15:53:13.795+0000] {dag.py:3096} INFO - Sync 1 DAGs
[2024-05-11T15:53:13.816+0000] {logging_mixin.py:188} INFO - [2024-05-11T15:53:13.816+0000] {dag.py:3954} INFO - Setting next_dagrun for example_short_circuit_operator to 2024-05-10 00:00:00+00:00, run_after=2024-05-11 00:00:00+00:00
[2024-05-11T15:53:13.833+0000] {processor.py:183} INFO - Processing /home/airflow/.local/lib/python3.12/site-packages/airflow/example_dags/example_short_circuit_operator.py took 0.069 seconds
[2024-05-11T15:53:45.138+0000] {processor.py:161} INFO - Started process (PID=905) to work on /home/airflow/.local/lib/python3.12/site-packages/airflow/example_dags/example_short_circuit_operator.py
[2024-05-11T15:53:45.189+0000] {processor.py:830} INFO - Processing file /home/airflow/.local/lib/python3.12/site-packages/airflow/example_dags/example_short_circuit_operator.py for tasks to queue
[2024-05-11T15:53:45.191+0000] {logging_mixin.py:188} INFO - [2024-05-11T15:53:45.191+0000] {dagbag.py:545} INFO - Filling up the DagBag from /home/airflow/.local/lib/python3.12/site-packages/airflow/example_dags/example_short_circuit_operator.py
[2024-05-11T15:53:45.197+0000] {processor.py:840} INFO - DAG(s) 'example_short_circuit_operator' retrieved from /home/airflow/.local/lib/python3.12/site-packages/airflow/example_dags/example_short_circuit_operator.py
[2024-05-11T15:53:45.216+0000] {logging_mixin.py:188} INFO - [2024-05-11T15:53:45.215+0000] {dag.py:3096} INFO - Sync 1 DAGs
[2024-05-11T15:53:45.235+0000] {logging_mixin.py:188} INFO - [2024-05-11T15:53:45.234+0000] {dag.py:3954} INFO - Setting next_dagrun for example_short_circuit_operator to 2024-05-10 00:00:00+00:00, run_after=2024-05-11 00:00:00+00:00
[2024-05-11T15:53:45.271+0000] {processor.py:183} INFO - Processing /home/airflow/.local/lib/python3.12/site-packages/airflow/example_dags/example_short_circuit_operator.py took 0.138 seconds
[2024-05-11T15:54:16.134+0000] {processor.py:161} INFO - Started process (PID=963) to work on /home/airflow/.local/lib/python3.12/site-packages/airflow/example_dags/example_short_circuit_operator.py
[2024-05-11T15:54:16.135+0000] {processor.py:830} INFO - Processing file /home/airflow/.local/lib/python3.12/site-packages/airflow/example_dags/example_short_circuit_operator.py for tasks to queue
[2024-05-11T15:54:16.136+0000] {logging_mixin.py:188} INFO - [2024-05-11T15:54:16.136+0000] {dagbag.py:545} INFO - Filling up the DagBag from /home/airflow/.local/lib/python3.12/site-packages/airflow/example_dags/example_short_circuit_operator.py
[2024-05-11T15:54:16.142+0000] {processor.py:840} INFO - DAG(s) 'example_short_circuit_operator' retrieved from /home/airflow/.local/lib/python3.12/site-packages/airflow/example_dags/example_short_circuit_operator.py
[2024-05-11T15:54:16.166+0000] {logging_mixin.py:188} INFO - [2024-05-11T15:54:16.166+0000] {dag.py:3096} INFO - Sync 1 DAGs
[2024-05-11T15:54:16.187+0000] {logging_mixin.py:188} INFO - [2024-05-11T15:54:16.186+0000] {dag.py:3954} INFO - Setting next_dagrun for example_short_circuit_operator to 2024-05-10 00:00:00+00:00, run_after=2024-05-11 00:00:00+00:00
[2024-05-11T15:54:16.203+0000] {processor.py:183} INFO - Processing /home/airflow/.local/lib/python3.12/site-packages/airflow/example_dags/example_short_circuit_operator.py took 0.073 seconds
[2024-05-11T15:54:46.639+0000] {processor.py:161} INFO - Started process (PID=1021) to work on /home/airflow/.local/lib/python3.12/site-packages/airflow/example_dags/example_short_circuit_operator.py
[2024-05-11T15:54:46.640+0000] {processor.py:830} INFO - Processing file /home/airflow/.local/lib/python3.12/site-packages/airflow/example_dags/example_short_circuit_operator.py for tasks to queue
[2024-05-11T15:54:46.642+0000] {logging_mixin.py:188} INFO - [2024-05-11T15:54:46.642+0000] {dagbag.py:545} INFO - Filling up the DagBag from /home/airflow/.local/lib/python3.12/site-packages/airflow/example_dags/example_short_circuit_operator.py
[2024-05-11T15:54:46.650+0000] {processor.py:840} INFO - DAG(s) 'example_short_circuit_operator' retrieved from /home/airflow/.local/lib/python3.12/site-packages/airflow/example_dags/example_short_circuit_operator.py
[2024-05-11T15:54:46.673+0000] {logging_mixin.py:188} INFO - [2024-05-11T15:54:46.672+0000] {dag.py:3096} INFO - Sync 1 DAGs
[2024-05-11T15:54:46.695+0000] {logging_mixin.py:188} INFO - [2024-05-11T15:54:46.695+0000] {dag.py:3954} INFO - Setting next_dagrun for example_short_circuit_operator to 2024-05-10 00:00:00+00:00, run_after=2024-05-11 00:00:00+00:00
[2024-05-11T15:54:46.723+0000] {processor.py:183} INFO - Processing /home/airflow/.local/lib/python3.12/site-packages/airflow/example_dags/example_short_circuit_operator.py took 0.089 seconds
[2024-05-11T15:55:17.429+0000] {processor.py:161} INFO - Started process (PID=1079) to work on /home/airflow/.local/lib/python3.12/site-packages/airflow/example_dags/example_short_circuit_operator.py
[2024-05-11T15:55:17.430+0000] {processor.py:830} INFO - Processing file /home/airflow/.local/lib/python3.12/site-packages/airflow/example_dags/example_short_circuit_operator.py for tasks to queue
[2024-05-11T15:55:17.432+0000] {logging_mixin.py:188} INFO - [2024-05-11T15:55:17.431+0000] {dagbag.py:545} INFO - Filling up the DagBag from /home/airflow/.local/lib/python3.12/site-packages/airflow/example_dags/example_short_circuit_operator.py
[2024-05-11T15:55:17.439+0000] {processor.py:840} INFO - DAG(s) 'example_short_circuit_operator' retrieved from /home/airflow/.local/lib/python3.12/site-packages/airflow/example_dags/example_short_circuit_operator.py
[2024-05-11T15:55:17.464+0000] {logging_mixin.py:188} INFO - [2024-05-11T15:55:17.464+0000] {dag.py:3096} INFO - Sync 1 DAGs
[2024-05-11T15:55:17.488+0000] {logging_mixin.py:188} INFO - [2024-05-11T15:55:17.488+0000] {dag.py:3954} INFO - Setting next_dagrun for example_short_circuit_operator to 2024-05-10 00:00:00+00:00, run_after=2024-05-11 00:00:00+00:00
[2024-05-11T15:55:17.514+0000] {processor.py:183} INFO - Processing /home/airflow/.local/lib/python3.12/site-packages/airflow/example_dags/example_short_circuit_operator.py took 0.091 seconds
[2024-05-11T15:55:48.230+0000] {processor.py:161} INFO - Started process (PID=1138) to work on /home/airflow/.local/lib/python3.12/site-packages/airflow/example_dags/example_short_circuit_operator.py
[2024-05-11T15:55:48.231+0000] {processor.py:830} INFO - Processing file /home/airflow/.local/lib/python3.12/site-packages/airflow/example_dags/example_short_circuit_operator.py for tasks to queue
[2024-05-11T15:55:48.232+0000] {logging_mixin.py:188} INFO - [2024-05-11T15:55:48.232+0000] {dagbag.py:545} INFO - Filling up the DagBag from /home/airflow/.local/lib/python3.12/site-packages/airflow/example_dags/example_short_circuit_operator.py
[2024-05-11T15:55:48.238+0000] {processor.py:840} INFO - DAG(s) 'example_short_circuit_operator' retrieved from /home/airflow/.local/lib/python3.12/site-packages/airflow/example_dags/example_short_circuit_operator.py
[2024-05-11T15:55:48.258+0000] {logging_mixin.py:188} INFO - [2024-05-11T15:55:48.258+0000] {dag.py:3096} INFO - Sync 1 DAGs
[2024-05-11T15:55:48.277+0000] {logging_mixin.py:188} INFO - [2024-05-11T15:55:48.277+0000] {dag.py:3954} INFO - Setting next_dagrun for example_short_circuit_operator to 2024-05-10 00:00:00+00:00, run_after=2024-05-11 00:00:00+00:00
[2024-05-11T15:55:48.293+0000] {processor.py:183} INFO - Processing /home/airflow/.local/lib/python3.12/site-packages/airflow/example_dags/example_short_circuit_operator.py took 0.068 seconds
[2024-05-11T15:56:18.810+0000] {processor.py:161} INFO - Started process (PID=1202) to work on /home/airflow/.local/lib/python3.12/site-packages/airflow/example_dags/example_short_circuit_operator.py
[2024-05-11T15:56:18.811+0000] {processor.py:830} INFO - Processing file /home/airflow/.local/lib/python3.12/site-packages/airflow/example_dags/example_short_circuit_operator.py for tasks to queue
[2024-05-11T15:56:18.812+0000] {logging_mixin.py:188} INFO - [2024-05-11T15:56:18.812+0000] {dagbag.py:545} INFO - Filling up the DagBag from /home/airflow/.local/lib/python3.12/site-packages/airflow/example_dags/example_short_circuit_operator.py
[2024-05-11T15:56:18.819+0000] {processor.py:840} INFO - DAG(s) 'example_short_circuit_operator' retrieved from /home/airflow/.local/lib/python3.12/site-packages/airflow/example_dags/example_short_circuit_operator.py
[2024-05-11T15:56:18.841+0000] {logging_mixin.py:188} INFO - [2024-05-11T15:56:18.840+0000] {dag.py:3096} INFO - Sync 1 DAGs
[2024-05-11T15:56:18.861+0000] {logging_mixin.py:188} INFO - [2024-05-11T15:56:18.861+0000] {dag.py:3954} INFO - Setting next_dagrun for example_short_circuit_operator to 2024-05-10 00:00:00+00:00, run_after=2024-05-11 00:00:00+00:00
[2024-05-11T15:56:18.878+0000] {processor.py:183} INFO - Processing /home/airflow/.local/lib/python3.12/site-packages/airflow/example_dags/example_short_circuit_operator.py took 0.073 seconds
[2024-05-11T15:56:49.460+0000] {processor.py:161} INFO - Started process (PID=1260) to work on /home/airflow/.local/lib/python3.12/site-packages/airflow/example_dags/example_short_circuit_operator.py
[2024-05-11T15:56:49.461+0000] {processor.py:830} INFO - Processing file /home/airflow/.local/lib/python3.12/site-packages/airflow/example_dags/example_short_circuit_operator.py for tasks to queue
[2024-05-11T15:56:49.463+0000] {logging_mixin.py:188} INFO - [2024-05-11T15:56:49.462+0000] {dagbag.py:545} INFO - Filling up the DagBag from /home/airflow/.local/lib/python3.12/site-packages/airflow/example_dags/example_short_circuit_operator.py
[2024-05-11T15:56:49.469+0000] {processor.py:840} INFO - DAG(s) 'example_short_circuit_operator' retrieved from /home/airflow/.local/lib/python3.12/site-packages/airflow/example_dags/example_short_circuit_operator.py
[2024-05-11T15:56:49.511+0000] {logging_mixin.py:188} INFO - [2024-05-11T15:56:49.511+0000] {dag.py:3096} INFO - Sync 1 DAGs
[2024-05-11T15:56:49.544+0000] {logging_mixin.py:188} INFO - [2024-05-11T15:56:49.544+0000] {dag.py:3954} INFO - Setting next_dagrun for example_short_circuit_operator to 2024-05-10 00:00:00+00:00, run_after=2024-05-11 00:00:00+00:00
[2024-05-11T15:56:49.563+0000] {processor.py:183} INFO - Processing /home/airflow/.local/lib/python3.12/site-packages/airflow/example_dags/example_short_circuit_operator.py took 0.110 seconds
[2024-05-11T16:03:40.189+0000] {processor.py:161} INFO - Started process (PID=36) to work on /home/airflow/.local/lib/python3.12/site-packages/airflow/example_dags/example_short_circuit_operator.py
[2024-05-11T16:03:40.190+0000] {processor.py:830} INFO - Processing file /home/airflow/.local/lib/python3.12/site-packages/airflow/example_dags/example_short_circuit_operator.py for tasks to queue
[2024-05-11T16:03:40.192+0000] {logging_mixin.py:188} INFO - [2024-05-11T16:03:40.191+0000] {dagbag.py:545} INFO - Filling up the DagBag from /home/airflow/.local/lib/python3.12/site-packages/airflow/example_dags/example_short_circuit_operator.py
[2024-05-11T16:03:40.205+0000] {processor.py:840} INFO - DAG(s) 'example_short_circuit_operator' retrieved from /home/airflow/.local/lib/python3.12/site-packages/airflow/example_dags/example_short_circuit_operator.py
[2024-05-11T16:03:40.223+0000] {logging_mixin.py:188} INFO - [2024-05-11T16:03:40.223+0000] {dag.py:3096} INFO - Sync 1 DAGs
[2024-05-11T16:03:40.254+0000] {logging_mixin.py:188} INFO - [2024-05-11T16:03:40.254+0000] {dag.py:3954} INFO - Setting next_dagrun for example_short_circuit_operator to 2024-05-10 00:00:00+00:00, run_after=2024-05-11 00:00:00+00:00
[2024-05-11T16:03:40.285+0000] {processor.py:183} INFO - Processing /home/airflow/.local/lib/python3.12/site-packages/airflow/example_dags/example_short_circuit_operator.py took 0.101 seconds
[2024-05-11T16:04:10.596+0000] {processor.py:161} INFO - Started process (PID=94) to work on /home/airflow/.local/lib/python3.12/site-packages/airflow/example_dags/example_short_circuit_operator.py
[2024-05-11T16:04:10.597+0000] {processor.py:830} INFO - Processing file /home/airflow/.local/lib/python3.12/site-packages/airflow/example_dags/example_short_circuit_operator.py for tasks to queue
[2024-05-11T16:04:10.599+0000] {logging_mixin.py:188} INFO - [2024-05-11T16:04:10.599+0000] {dagbag.py:545} INFO - Filling up the DagBag from /home/airflow/.local/lib/python3.12/site-packages/airflow/example_dags/example_short_circuit_operator.py
[2024-05-11T16:04:10.605+0000] {processor.py:840} INFO - DAG(s) 'example_short_circuit_operator' retrieved from /home/airflow/.local/lib/python3.12/site-packages/airflow/example_dags/example_short_circuit_operator.py
[2024-05-11T16:04:10.700+0000] {logging_mixin.py:188} INFO - [2024-05-11T16:04:10.699+0000] {dag.py:3096} INFO - Sync 1 DAGs
[2024-05-11T16:04:10.717+0000] {logging_mixin.py:188} INFO - [2024-05-11T16:04:10.717+0000] {dag.py:3954} INFO - Setting next_dagrun for example_short_circuit_operator to 2024-05-10 00:00:00+00:00, run_after=2024-05-11 00:00:00+00:00
[2024-05-11T16:04:10.734+0000] {processor.py:183} INFO - Processing /home/airflow/.local/lib/python3.12/site-packages/airflow/example_dags/example_short_circuit_operator.py took 0.143 seconds
[2024-05-11T16:04:41.023+0000] {processor.py:161} INFO - Started process (PID=152) to work on /home/airflow/.local/lib/python3.12/site-packages/airflow/example_dags/example_short_circuit_operator.py
[2024-05-11T16:04:41.024+0000] {processor.py:830} INFO - Processing file /home/airflow/.local/lib/python3.12/site-packages/airflow/example_dags/example_short_circuit_operator.py for tasks to queue
[2024-05-11T16:04:41.025+0000] {logging_mixin.py:188} INFO - [2024-05-11T16:04:41.025+0000] {dagbag.py:545} INFO - Filling up the DagBag from /home/airflow/.local/lib/python3.12/site-packages/airflow/example_dags/example_short_circuit_operator.py
[2024-05-11T16:04:41.032+0000] {processor.py:840} INFO - DAG(s) 'example_short_circuit_operator' retrieved from /home/airflow/.local/lib/python3.12/site-packages/airflow/example_dags/example_short_circuit_operator.py
[2024-05-11T16:04:41.056+0000] {logging_mixin.py:188} INFO - [2024-05-11T16:04:41.056+0000] {dag.py:3096} INFO - Sync 1 DAGs
[2024-05-11T16:04:41.077+0000] {logging_mixin.py:188} INFO - [2024-05-11T16:04:41.076+0000] {dag.py:3954} INFO - Setting next_dagrun for example_short_circuit_operator to 2024-05-10 00:00:00+00:00, run_after=2024-05-11 00:00:00+00:00
[2024-05-11T16:04:41.097+0000] {processor.py:183} INFO - Processing /home/airflow/.local/lib/python3.12/site-packages/airflow/example_dags/example_short_circuit_operator.py took 0.079 seconds
[2024-05-11T16:05:11.308+0000] {processor.py:161} INFO - Started process (PID=210) to work on /home/airflow/.local/lib/python3.12/site-packages/airflow/example_dags/example_short_circuit_operator.py
[2024-05-11T16:05:11.309+0000] {processor.py:830} INFO - Processing file /home/airflow/.local/lib/python3.12/site-packages/airflow/example_dags/example_short_circuit_operator.py for tasks to queue
[2024-05-11T16:05:11.310+0000] {logging_mixin.py:188} INFO - [2024-05-11T16:05:11.310+0000] {dagbag.py:545} INFO - Filling up the DagBag from /home/airflow/.local/lib/python3.12/site-packages/airflow/example_dags/example_short_circuit_operator.py
[2024-05-11T16:05:11.317+0000] {processor.py:840} INFO - DAG(s) 'example_short_circuit_operator' retrieved from /home/airflow/.local/lib/python3.12/site-packages/airflow/example_dags/example_short_circuit_operator.py
[2024-05-11T16:05:11.338+0000] {logging_mixin.py:188} INFO - [2024-05-11T16:05:11.338+0000] {dag.py:3096} INFO - Sync 1 DAGs
[2024-05-11T16:05:11.358+0000] {logging_mixin.py:188} INFO - [2024-05-11T16:05:11.358+0000] {dag.py:3954} INFO - Setting next_dagrun for example_short_circuit_operator to 2024-05-10 00:00:00+00:00, run_after=2024-05-11 00:00:00+00:00
[2024-05-11T16:05:11.375+0000] {processor.py:183} INFO - Processing /home/airflow/.local/lib/python3.12/site-packages/airflow/example_dags/example_short_circuit_operator.py took 0.072 seconds
[2024-05-11T16:05:41.609+0000] {processor.py:161} INFO - Started process (PID=268) to work on /home/airflow/.local/lib/python3.12/site-packages/airflow/example_dags/example_short_circuit_operator.py
[2024-05-11T16:05:41.610+0000] {processor.py:830} INFO - Processing file /home/airflow/.local/lib/python3.12/site-packages/airflow/example_dags/example_short_circuit_operator.py for tasks to queue
[2024-05-11T16:05:41.611+0000] {logging_mixin.py:188} INFO - [2024-05-11T16:05:41.611+0000] {dagbag.py:545} INFO - Filling up the DagBag from /home/airflow/.local/lib/python3.12/site-packages/airflow/example_dags/example_short_circuit_operator.py
[2024-05-11T16:05:41.617+0000] {processor.py:840} INFO - DAG(s) 'example_short_circuit_operator' retrieved from /home/airflow/.local/lib/python3.12/site-packages/airflow/example_dags/example_short_circuit_operator.py
[2024-05-11T16:05:41.637+0000] {logging_mixin.py:188} INFO - [2024-05-11T16:05:41.636+0000] {dag.py:3096} INFO - Sync 1 DAGs
[2024-05-11T16:05:41.657+0000] {logging_mixin.py:188} INFO - [2024-05-11T16:05:41.656+0000] {dag.py:3954} INFO - Setting next_dagrun for example_short_circuit_operator to 2024-05-10 00:00:00+00:00, run_after=2024-05-11 00:00:00+00:00
[2024-05-11T16:05:41.820+0000] {processor.py:183} INFO - Processing /home/airflow/.local/lib/python3.12/site-packages/airflow/example_dags/example_short_circuit_operator.py took 0.215 seconds
