[2024-05-11T11:31:10.895+0000] {processor.py:161} INFO - Started process (PID=102) to work on /home/airflow/.local/lib/python3.12/site-packages/airflow/example_dags/example_bash_operator.py
[2024-05-11T11:31:10.896+0000] {processor.py:830} INFO - Processing file /home/airflow/.local/lib/python3.12/site-packages/airflow/example_dags/example_bash_operator.py for tasks to queue
[2024-05-11T11:31:10.898+0000] {logging_mixin.py:188} INFO - [2024-05-11T11:31:10.898+0000] {dagbag.py:545} INFO - Filling up the DagBag from /home/airflow/.local/lib/python3.12/site-packages/airflow/example_dags/example_bash_operator.py
[2024-05-11T11:31:10.910+0000] {processor.py:840} INFO - DAG(s) 'example_bash_operator' retrieved from /home/airflow/.local/lib/python3.12/site-packages/airflow/example_dags/example_bash_operator.py
[2024-05-11T11:31:11.042+0000] {logging_mixin.py:188} INFO - [2024-05-11T11:31:11.041+0000] {override.py:1829} INFO - Created Permission View: can edit on DAG:example_bash_operator
[2024-05-11T11:31:11.054+0000] {logging_mixin.py:188} INFO - [2024-05-11T11:31:11.053+0000] {override.py:1829} INFO - Created Permission View: can read on DAG:example_bash_operator
[2024-05-11T11:31:11.062+0000] {logging_mixin.py:188} INFO - [2024-05-11T11:31:11.062+0000] {override.py:1829} INFO - Created Permission View: can delete on DAG:example_bash_operator
[2024-05-11T11:31:11.063+0000] {logging_mixin.py:188} INFO - [2024-05-11T11:31:11.063+0000] {dag.py:3096} INFO - Sync 1 DAGs
[2024-05-11T11:31:11.078+0000] {logging_mixin.py:188} INFO - [2024-05-11T11:31:11.077+0000] {dag.py:3118} INFO - Creating ORM DAG for example_bash_operator
[2024-05-11T11:31:11.093+0000] {logging_mixin.py:188} INFO - [2024-05-11T11:31:11.093+0000] {dag.py:3954} INFO - Setting next_dagrun for example_bash_operator to 2024-05-10 00:00:00+00:00, run_after=2024-05-11 00:00:00+00:00
[2024-05-11T11:31:11.116+0000] {processor.py:183} INFO - Processing /home/airflow/.local/lib/python3.12/site-packages/airflow/example_dags/example_bash_operator.py took 0.227 seconds
[2024-05-11T11:31:41.465+0000] {processor.py:161} INFO - Started process (PID=160) to work on /home/airflow/.local/lib/python3.12/site-packages/airflow/example_dags/example_bash_operator.py
[2024-05-11T11:31:41.467+0000] {processor.py:830} INFO - Processing file /home/airflow/.local/lib/python3.12/site-packages/airflow/example_dags/example_bash_operator.py for tasks to queue
[2024-05-11T11:31:41.470+0000] {logging_mixin.py:188} INFO - [2024-05-11T11:31:41.469+0000] {dagbag.py:545} INFO - Filling up the DagBag from /home/airflow/.local/lib/python3.12/site-packages/airflow/example_dags/example_bash_operator.py
[2024-05-11T11:31:41.486+0000] {processor.py:840} INFO - DAG(s) 'example_bash_operator' retrieved from /home/airflow/.local/lib/python3.12/site-packages/airflow/example_dags/example_bash_operator.py
[2024-05-11T11:31:41.515+0000] {logging_mixin.py:188} INFO - [2024-05-11T11:31:41.515+0000] {dag.py:3096} INFO - Sync 1 DAGs
[2024-05-11T11:31:41.548+0000] {logging_mixin.py:188} INFO - [2024-05-11T11:31:41.547+0000] {dag.py:3954} INFO - Setting next_dagrun for example_bash_operator to 2024-05-10 00:00:00+00:00, run_after=2024-05-11 00:00:00+00:00
[2024-05-11T11:31:41.569+0000] {processor.py:183} INFO - Processing /home/airflow/.local/lib/python3.12/site-packages/airflow/example_dags/example_bash_operator.py took 0.108 seconds
[2024-05-11T11:32:11.860+0000] {processor.py:161} INFO - Started process (PID=218) to work on /home/airflow/.local/lib/python3.12/site-packages/airflow/example_dags/example_bash_operator.py
[2024-05-11T11:32:11.861+0000] {processor.py:830} INFO - Processing file /home/airflow/.local/lib/python3.12/site-packages/airflow/example_dags/example_bash_operator.py for tasks to queue
[2024-05-11T11:32:11.863+0000] {logging_mixin.py:188} INFO - [2024-05-11T11:32:11.862+0000] {dagbag.py:545} INFO - Filling up the DagBag from /home/airflow/.local/lib/python3.12/site-packages/airflow/example_dags/example_bash_operator.py
[2024-05-11T11:32:11.874+0000] {processor.py:840} INFO - DAG(s) 'example_bash_operator' retrieved from /home/airflow/.local/lib/python3.12/site-packages/airflow/example_dags/example_bash_operator.py
[2024-05-11T11:32:11.906+0000] {logging_mixin.py:188} INFO - [2024-05-11T11:32:11.906+0000] {dag.py:3096} INFO - Sync 1 DAGs
[2024-05-11T11:32:11.931+0000] {logging_mixin.py:188} INFO - [2024-05-11T11:32:11.931+0000] {dag.py:3954} INFO - Setting next_dagrun for example_bash_operator to 2024-05-10 00:00:00+00:00, run_after=2024-05-11 00:00:00+00:00
[2024-05-11T11:32:11.950+0000] {processor.py:183} INFO - Processing /home/airflow/.local/lib/python3.12/site-packages/airflow/example_dags/example_bash_operator.py took 0.094 seconds
[2024-05-11T11:32:43.193+0000] {processor.py:161} INFO - Started process (PID=280) to work on /home/airflow/.local/lib/python3.12/site-packages/airflow/example_dags/example_bash_operator.py
[2024-05-11T11:32:43.196+0000] {processor.py:830} INFO - Processing file /home/airflow/.local/lib/python3.12/site-packages/airflow/example_dags/example_bash_operator.py for tasks to queue
[2024-05-11T11:32:43.198+0000] {logging_mixin.py:188} INFO - [2024-05-11T11:32:43.198+0000] {dagbag.py:545} INFO - Filling up the DagBag from /home/airflow/.local/lib/python3.12/site-packages/airflow/example_dags/example_bash_operator.py
[2024-05-11T11:32:43.214+0000] {processor.py:840} INFO - DAG(s) 'example_bash_operator' retrieved from /home/airflow/.local/lib/python3.12/site-packages/airflow/example_dags/example_bash_operator.py
[2024-05-11T11:32:43.250+0000] {logging_mixin.py:188} INFO - [2024-05-11T11:32:43.250+0000] {dag.py:3096} INFO - Sync 1 DAGs
[2024-05-11T11:32:43.284+0000] {logging_mixin.py:188} INFO - [2024-05-11T11:32:43.283+0000] {dag.py:3954} INFO - Setting next_dagrun for example_bash_operator to 2024-05-10 00:00:00+00:00, run_after=2024-05-11 00:00:00+00:00
[2024-05-11T11:32:43.308+0000] {processor.py:183} INFO - Processing /home/airflow/.local/lib/python3.12/site-packages/airflow/example_dags/example_bash_operator.py took 0.121 seconds
[2024-05-11T11:33:13.411+0000] {processor.py:161} INFO - Started process (PID=338) to work on /home/airflow/.local/lib/python3.12/site-packages/airflow/example_dags/example_bash_operator.py
[2024-05-11T11:33:13.412+0000] {processor.py:830} INFO - Processing file /home/airflow/.local/lib/python3.12/site-packages/airflow/example_dags/example_bash_operator.py for tasks to queue
[2024-05-11T11:33:13.413+0000] {logging_mixin.py:188} INFO - [2024-05-11T11:33:13.413+0000] {dagbag.py:545} INFO - Filling up the DagBag from /home/airflow/.local/lib/python3.12/site-packages/airflow/example_dags/example_bash_operator.py
[2024-05-11T11:33:13.424+0000] {processor.py:840} INFO - DAG(s) 'example_bash_operator' retrieved from /home/airflow/.local/lib/python3.12/site-packages/airflow/example_dags/example_bash_operator.py
[2024-05-11T11:33:13.456+0000] {logging_mixin.py:188} INFO - [2024-05-11T11:33:13.455+0000] {dag.py:3096} INFO - Sync 1 DAGs
[2024-05-11T11:33:13.479+0000] {logging_mixin.py:188} INFO - [2024-05-11T11:33:13.479+0000] {dag.py:3954} INFO - Setting next_dagrun for example_bash_operator to 2024-05-10 00:00:00+00:00, run_after=2024-05-11 00:00:00+00:00
[2024-05-11T11:33:13.498+0000] {processor.py:183} INFO - Processing /home/airflow/.local/lib/python3.12/site-packages/airflow/example_dags/example_bash_operator.py took 0.093 seconds
[2024-05-11T11:33:44.378+0000] {processor.py:161} INFO - Started process (PID=397) to work on /home/airflow/.local/lib/python3.12/site-packages/airflow/example_dags/example_bash_operator.py
[2024-05-11T11:33:44.379+0000] {processor.py:830} INFO - Processing file /home/airflow/.local/lib/python3.12/site-packages/airflow/example_dags/example_bash_operator.py for tasks to queue
[2024-05-11T11:33:44.381+0000] {logging_mixin.py:188} INFO - [2024-05-11T11:33:44.381+0000] {dagbag.py:545} INFO - Filling up the DagBag from /home/airflow/.local/lib/python3.12/site-packages/airflow/example_dags/example_bash_operator.py
[2024-05-11T11:33:44.391+0000] {processor.py:840} INFO - DAG(s) 'example_bash_operator' retrieved from /home/airflow/.local/lib/python3.12/site-packages/airflow/example_dags/example_bash_operator.py
[2024-05-11T11:33:44.423+0000] {logging_mixin.py:188} INFO - [2024-05-11T11:33:44.422+0000] {dag.py:3096} INFO - Sync 1 DAGs
[2024-05-11T11:33:44.449+0000] {logging_mixin.py:188} INFO - [2024-05-11T11:33:44.448+0000] {dag.py:3954} INFO - Setting next_dagrun for example_bash_operator to 2024-05-10 00:00:00+00:00, run_after=2024-05-11 00:00:00+00:00
[2024-05-11T11:33:44.469+0000] {processor.py:183} INFO - Processing /home/airflow/.local/lib/python3.12/site-packages/airflow/example_dags/example_bash_operator.py took 0.097 seconds
[2024-05-11T11:34:15.305+0000] {processor.py:161} INFO - Started process (PID=455) to work on /home/airflow/.local/lib/python3.12/site-packages/airflow/example_dags/example_bash_operator.py
[2024-05-11T11:34:15.306+0000] {processor.py:830} INFO - Processing file /home/airflow/.local/lib/python3.12/site-packages/airflow/example_dags/example_bash_operator.py for tasks to queue
[2024-05-11T11:34:15.307+0000] {logging_mixin.py:188} INFO - [2024-05-11T11:34:15.307+0000] {dagbag.py:545} INFO - Filling up the DagBag from /home/airflow/.local/lib/python3.12/site-packages/airflow/example_dags/example_bash_operator.py
[2024-05-11T11:34:15.318+0000] {processor.py:840} INFO - DAG(s) 'example_bash_operator' retrieved from /home/airflow/.local/lib/python3.12/site-packages/airflow/example_dags/example_bash_operator.py
[2024-05-11T11:34:15.329+0000] {logging_mixin.py:188} INFO - [2024-05-11T11:34:15.329+0000] {dag.py:3096} INFO - Sync 1 DAGs
[2024-05-11T11:34:15.352+0000] {logging_mixin.py:188} INFO - [2024-05-11T11:34:15.351+0000] {dag.py:3954} INFO - Setting next_dagrun for example_bash_operator to 2024-05-10 00:00:00+00:00, run_after=2024-05-11 00:00:00+00:00
[2024-05-11T11:34:15.370+0000] {processor.py:183} INFO - Processing /home/airflow/.local/lib/python3.12/site-packages/airflow/example_dags/example_bash_operator.py took 0.070 seconds
[2024-05-11T11:34:45.697+0000] {processor.py:161} INFO - Started process (PID=513) to work on /home/airflow/.local/lib/python3.12/site-packages/airflow/example_dags/example_bash_operator.py
[2024-05-11T11:34:45.698+0000] {processor.py:830} INFO - Processing file /home/airflow/.local/lib/python3.12/site-packages/airflow/example_dags/example_bash_operator.py for tasks to queue
[2024-05-11T11:34:45.699+0000] {logging_mixin.py:188} INFO - [2024-05-11T11:34:45.699+0000] {dagbag.py:545} INFO - Filling up the DagBag from /home/airflow/.local/lib/python3.12/site-packages/airflow/example_dags/example_bash_operator.py
[2024-05-11T11:34:45.708+0000] {processor.py:840} INFO - DAG(s) 'example_bash_operator' retrieved from /home/airflow/.local/lib/python3.12/site-packages/airflow/example_dags/example_bash_operator.py
[2024-05-11T11:34:45.811+0000] {logging_mixin.py:188} INFO - [2024-05-11T11:34:45.811+0000] {dag.py:3096} INFO - Sync 1 DAGs
[2024-05-11T11:34:45.831+0000] {logging_mixin.py:188} INFO - [2024-05-11T11:34:45.831+0000] {dag.py:3954} INFO - Setting next_dagrun for example_bash_operator to 2024-05-10 00:00:00+00:00, run_after=2024-05-11 00:00:00+00:00
[2024-05-11T11:34:45.849+0000] {processor.py:183} INFO - Processing /home/airflow/.local/lib/python3.12/site-packages/airflow/example_dags/example_bash_operator.py took 0.157 seconds
[2024-05-11T15:07:51.997+0000] {processor.py:161} INFO - Started process (PID=84) to work on /home/airflow/.local/lib/python3.12/site-packages/airflow/example_dags/example_bash_operator.py
[2024-05-11T15:07:51.999+0000] {processor.py:830} INFO - Processing file /home/airflow/.local/lib/python3.12/site-packages/airflow/example_dags/example_bash_operator.py for tasks to queue
[2024-05-11T15:07:52.000+0000] {logging_mixin.py:188} INFO - [2024-05-11T15:07:52.000+0000] {dagbag.py:545} INFO - Filling up the DagBag from /home/airflow/.local/lib/python3.12/site-packages/airflow/example_dags/example_bash_operator.py
[2024-05-11T15:07:52.016+0000] {processor.py:840} INFO - DAG(s) 'example_bash_operator' retrieved from /home/airflow/.local/lib/python3.12/site-packages/airflow/example_dags/example_bash_operator.py
[2024-05-11T15:07:52.060+0000] {logging_mixin.py:188} INFO - [2024-05-11T15:07:52.059+0000] {dag.py:3096} INFO - Sync 1 DAGs
[2024-05-11T15:07:52.089+0000] {logging_mixin.py:188} INFO - [2024-05-11T15:07:52.089+0000] {dag.py:3954} INFO - Setting next_dagrun for example_bash_operator to 2024-05-10 00:00:00+00:00, run_after=2024-05-11 00:00:00+00:00
[2024-05-11T15:07:52.112+0000] {processor.py:183} INFO - Processing /home/airflow/.local/lib/python3.12/site-packages/airflow/example_dags/example_bash_operator.py took 0.121 seconds
[2024-05-11T15:18:30.457+0000] {processor.py:161} INFO - Started process (PID=78) to work on /home/airflow/.local/lib/python3.12/site-packages/airflow/example_dags/example_bash_operator.py
[2024-05-11T15:18:30.458+0000] {processor.py:830} INFO - Processing file /home/airflow/.local/lib/python3.12/site-packages/airflow/example_dags/example_bash_operator.py for tasks to queue
[2024-05-11T15:18:30.459+0000] {logging_mixin.py:188} INFO - [2024-05-11T15:18:30.459+0000] {dagbag.py:545} INFO - Filling up the DagBag from /home/airflow/.local/lib/python3.12/site-packages/airflow/example_dags/example_bash_operator.py
[2024-05-11T15:18:30.478+0000] {processor.py:840} INFO - DAG(s) 'example_bash_operator' retrieved from /home/airflow/.local/lib/python3.12/site-packages/airflow/example_dags/example_bash_operator.py
[2024-05-11T15:18:30.493+0000] {logging_mixin.py:188} INFO - [2024-05-11T15:18:30.492+0000] {dag.py:3096} INFO - Sync 1 DAGs
[2024-05-11T15:18:30.524+0000] {logging_mixin.py:188} INFO - [2024-05-11T15:18:30.524+0000] {dag.py:3954} INFO - Setting next_dagrun for example_bash_operator to 2024-05-10 00:00:00+00:00, run_after=2024-05-11 00:00:00+00:00
[2024-05-11T15:18:30.546+0000] {processor.py:183} INFO - Processing /home/airflow/.local/lib/python3.12/site-packages/airflow/example_dags/example_bash_operator.py took 0.095 seconds
[2024-05-11T15:19:01.499+0000] {processor.py:161} INFO - Started process (PID=136) to work on /home/airflow/.local/lib/python3.12/site-packages/airflow/example_dags/example_bash_operator.py
[2024-05-11T15:19:01.500+0000] {processor.py:830} INFO - Processing file /home/airflow/.local/lib/python3.12/site-packages/airflow/example_dags/example_bash_operator.py for tasks to queue
[2024-05-11T15:19:01.502+0000] {logging_mixin.py:188} INFO - [2024-05-11T15:19:01.501+0000] {dagbag.py:545} INFO - Filling up the DagBag from /home/airflow/.local/lib/python3.12/site-packages/airflow/example_dags/example_bash_operator.py
[2024-05-11T15:19:01.512+0000] {processor.py:840} INFO - DAG(s) 'example_bash_operator' retrieved from /home/airflow/.local/lib/python3.12/site-packages/airflow/example_dags/example_bash_operator.py
[2024-05-11T15:19:01.522+0000] {logging_mixin.py:188} INFO - [2024-05-11T15:19:01.521+0000] {dag.py:3096} INFO - Sync 1 DAGs
[2024-05-11T15:19:01.545+0000] {logging_mixin.py:188} INFO - [2024-05-11T15:19:01.545+0000] {dag.py:3954} INFO - Setting next_dagrun for example_bash_operator to 2024-05-10 00:00:00+00:00, run_after=2024-05-11 00:00:00+00:00
[2024-05-11T15:19:01.566+0000] {processor.py:183} INFO - Processing /home/airflow/.local/lib/python3.12/site-packages/airflow/example_dags/example_bash_operator.py took 0.071 seconds
[2024-05-11T15:19:32.427+0000] {processor.py:161} INFO - Started process (PID=194) to work on /home/airflow/.local/lib/python3.12/site-packages/airflow/example_dags/example_bash_operator.py
[2024-05-11T15:19:32.428+0000] {processor.py:830} INFO - Processing file /home/airflow/.local/lib/python3.12/site-packages/airflow/example_dags/example_bash_operator.py for tasks to queue
[2024-05-11T15:19:32.430+0000] {logging_mixin.py:188} INFO - [2024-05-11T15:19:32.429+0000] {dagbag.py:545} INFO - Filling up the DagBag from /home/airflow/.local/lib/python3.12/site-packages/airflow/example_dags/example_bash_operator.py
[2024-05-11T15:19:32.439+0000] {processor.py:840} INFO - DAG(s) 'example_bash_operator' retrieved from /home/airflow/.local/lib/python3.12/site-packages/airflow/example_dags/example_bash_operator.py
[2024-05-11T15:19:32.538+0000] {logging_mixin.py:188} INFO - [2024-05-11T15:19:32.538+0000] {dag.py:3096} INFO - Sync 1 DAGs
[2024-05-11T15:19:32.558+0000] {logging_mixin.py:188} INFO - [2024-05-11T15:19:32.558+0000] {dag.py:3954} INFO - Setting next_dagrun for example_bash_operator to 2024-05-10 00:00:00+00:00, run_after=2024-05-11 00:00:00+00:00
[2024-05-11T15:19:32.575+0000] {processor.py:183} INFO - Processing /home/airflow/.local/lib/python3.12/site-packages/airflow/example_dags/example_bash_operator.py took 0.152 seconds
[2024-05-11T15:20:03.227+0000] {processor.py:161} INFO - Started process (PID=252) to work on /home/airflow/.local/lib/python3.12/site-packages/airflow/example_dags/example_bash_operator.py
[2024-05-11T15:20:03.229+0000] {processor.py:830} INFO - Processing file /home/airflow/.local/lib/python3.12/site-packages/airflow/example_dags/example_bash_operator.py for tasks to queue
[2024-05-11T15:20:03.230+0000] {logging_mixin.py:188} INFO - [2024-05-11T15:20:03.230+0000] {dagbag.py:545} INFO - Filling up the DagBag from /home/airflow/.local/lib/python3.12/site-packages/airflow/example_dags/example_bash_operator.py
[2024-05-11T15:20:03.241+0000] {processor.py:840} INFO - DAG(s) 'example_bash_operator' retrieved from /home/airflow/.local/lib/python3.12/site-packages/airflow/example_dags/example_bash_operator.py
[2024-05-11T15:20:03.267+0000] {logging_mixin.py:188} INFO - [2024-05-11T15:20:03.267+0000] {dag.py:3096} INFO - Sync 1 DAGs
[2024-05-11T15:20:03.289+0000] {logging_mixin.py:188} INFO - [2024-05-11T15:20:03.289+0000] {dag.py:3954} INFO - Setting next_dagrun for example_bash_operator to 2024-05-10 00:00:00+00:00, run_after=2024-05-11 00:00:00+00:00
[2024-05-11T15:20:03.309+0000] {processor.py:183} INFO - Processing /home/airflow/.local/lib/python3.12/site-packages/airflow/example_dags/example_bash_operator.py took 0.086 seconds
[2024-05-11T15:20:33.819+0000] {processor.py:161} INFO - Started process (PID=310) to work on /home/airflow/.local/lib/python3.12/site-packages/airflow/example_dags/example_bash_operator.py
[2024-05-11T15:20:33.820+0000] {processor.py:830} INFO - Processing file /home/airflow/.local/lib/python3.12/site-packages/airflow/example_dags/example_bash_operator.py for tasks to queue
[2024-05-11T15:20:33.824+0000] {logging_mixin.py:188} INFO - [2024-05-11T15:20:33.823+0000] {dagbag.py:545} INFO - Filling up the DagBag from /home/airflow/.local/lib/python3.12/site-packages/airflow/example_dags/example_bash_operator.py
[2024-05-11T15:20:33.839+0000] {processor.py:840} INFO - DAG(s) 'example_bash_operator' retrieved from /home/airflow/.local/lib/python3.12/site-packages/airflow/example_dags/example_bash_operator.py
[2024-05-11T15:20:33.883+0000] {logging_mixin.py:188} INFO - [2024-05-11T15:20:33.882+0000] {dag.py:3096} INFO - Sync 1 DAGs
[2024-05-11T15:20:33.917+0000] {logging_mixin.py:188} INFO - [2024-05-11T15:20:33.917+0000] {dag.py:3954} INFO - Setting next_dagrun for example_bash_operator to 2024-05-10 00:00:00+00:00, run_after=2024-05-11 00:00:00+00:00
[2024-05-11T15:20:33.941+0000] {processor.py:183} INFO - Processing /home/airflow/.local/lib/python3.12/site-packages/airflow/example_dags/example_bash_operator.py took 0.130 seconds
[2024-05-11T15:27:08.548+0000] {processor.py:161} INFO - Started process (PID=86) to work on /home/airflow/.local/lib/python3.12/site-packages/airflow/example_dags/example_bash_operator.py
[2024-05-11T15:27:08.549+0000] {processor.py:830} INFO - Processing file /home/airflow/.local/lib/python3.12/site-packages/airflow/example_dags/example_bash_operator.py for tasks to queue
[2024-05-11T15:27:08.551+0000] {logging_mixin.py:188} INFO - [2024-05-11T15:27:08.551+0000] {dagbag.py:545} INFO - Filling up the DagBag from /home/airflow/.local/lib/python3.12/site-packages/airflow/example_dags/example_bash_operator.py
[2024-05-11T15:27:08.562+0000] {processor.py:840} INFO - DAG(s) 'example_bash_operator' retrieved from /home/airflow/.local/lib/python3.12/site-packages/airflow/example_dags/example_bash_operator.py
[2024-05-11T15:27:08.676+0000] {logging_mixin.py:188} INFO - [2024-05-11T15:27:08.676+0000] {dag.py:3096} INFO - Sync 1 DAGs
[2024-05-11T15:27:08.697+0000] {logging_mixin.py:188} INFO - [2024-05-11T15:27:08.697+0000] {dag.py:3954} INFO - Setting next_dagrun for example_bash_operator to 2024-05-10 00:00:00+00:00, run_after=2024-05-11 00:00:00+00:00
[2024-05-11T15:27:08.717+0000] {processor.py:183} INFO - Processing /home/airflow/.local/lib/python3.12/site-packages/airflow/example_dags/example_bash_operator.py took 0.174 seconds
[2024-05-11T15:27:39.594+0000] {processor.py:161} INFO - Started process (PID=144) to work on /home/airflow/.local/lib/python3.12/site-packages/airflow/example_dags/example_bash_operator.py
[2024-05-11T15:27:39.595+0000] {processor.py:830} INFO - Processing file /home/airflow/.local/lib/python3.12/site-packages/airflow/example_dags/example_bash_operator.py for tasks to queue
[2024-05-11T15:27:39.597+0000] {logging_mixin.py:188} INFO - [2024-05-11T15:27:39.596+0000] {dagbag.py:545} INFO - Filling up the DagBag from /home/airflow/.local/lib/python3.12/site-packages/airflow/example_dags/example_bash_operator.py
[2024-05-11T15:27:39.608+0000] {processor.py:840} INFO - DAG(s) 'example_bash_operator' retrieved from /home/airflow/.local/lib/python3.12/site-packages/airflow/example_dags/example_bash_operator.py
[2024-05-11T15:27:39.635+0000] {logging_mixin.py:188} INFO - [2024-05-11T15:27:39.635+0000] {dag.py:3096} INFO - Sync 1 DAGs
[2024-05-11T15:27:39.670+0000] {logging_mixin.py:188} INFO - [2024-05-11T15:27:39.669+0000] {dag.py:3954} INFO - Setting next_dagrun for example_bash_operator to 2024-05-10 00:00:00+00:00, run_after=2024-05-11 00:00:00+00:00
[2024-05-11T15:27:39.686+0000] {processor.py:183} INFO - Processing /home/airflow/.local/lib/python3.12/site-packages/airflow/example_dags/example_bash_operator.py took 0.097 seconds
[2024-05-11T15:28:10.017+0000] {processor.py:161} INFO - Started process (PID=202) to work on /home/airflow/.local/lib/python3.12/site-packages/airflow/example_dags/example_bash_operator.py
[2024-05-11T15:28:10.018+0000] {processor.py:830} INFO - Processing file /home/airflow/.local/lib/python3.12/site-packages/airflow/example_dags/example_bash_operator.py for tasks to queue
[2024-05-11T15:28:10.020+0000] {logging_mixin.py:188} INFO - [2024-05-11T15:28:10.019+0000] {dagbag.py:545} INFO - Filling up the DagBag from /home/airflow/.local/lib/python3.12/site-packages/airflow/example_dags/example_bash_operator.py
[2024-05-11T15:28:10.030+0000] {processor.py:840} INFO - DAG(s) 'example_bash_operator' retrieved from /home/airflow/.local/lib/python3.12/site-packages/airflow/example_dags/example_bash_operator.py
[2024-05-11T15:28:10.056+0000] {logging_mixin.py:188} INFO - [2024-05-11T15:28:10.056+0000] {dag.py:3096} INFO - Sync 1 DAGs
[2024-05-11T15:28:10.080+0000] {logging_mixin.py:188} INFO - [2024-05-11T15:28:10.079+0000] {dag.py:3954} INFO - Setting next_dagrun for example_bash_operator to 2024-05-10 00:00:00+00:00, run_after=2024-05-11 00:00:00+00:00
[2024-05-11T15:28:10.103+0000] {processor.py:183} INFO - Processing /home/airflow/.local/lib/python3.12/site-packages/airflow/example_dags/example_bash_operator.py took 0.091 seconds
[2024-05-11T15:28:40.199+0000] {processor.py:161} INFO - Started process (PID=260) to work on /home/airflow/.local/lib/python3.12/site-packages/airflow/example_dags/example_bash_operator.py
[2024-05-11T15:28:40.200+0000] {processor.py:830} INFO - Processing file /home/airflow/.local/lib/python3.12/site-packages/airflow/example_dags/example_bash_operator.py for tasks to queue
[2024-05-11T15:28:40.202+0000] {logging_mixin.py:188} INFO - [2024-05-11T15:28:40.202+0000] {dagbag.py:545} INFO - Filling up the DagBag from /home/airflow/.local/lib/python3.12/site-packages/airflow/example_dags/example_bash_operator.py
[2024-05-11T15:28:40.213+0000] {processor.py:840} INFO - DAG(s) 'example_bash_operator' retrieved from /home/airflow/.local/lib/python3.12/site-packages/airflow/example_dags/example_bash_operator.py
[2024-05-11T15:28:40.241+0000] {logging_mixin.py:188} INFO - [2024-05-11T15:28:40.241+0000] {dag.py:3096} INFO - Sync 1 DAGs
[2024-05-11T15:28:40.266+0000] {logging_mixin.py:188} INFO - [2024-05-11T15:28:40.266+0000] {dag.py:3954} INFO - Setting next_dagrun for example_bash_operator to 2024-05-10 00:00:00+00:00, run_after=2024-05-11 00:00:00+00:00
[2024-05-11T15:28:40.287+0000] {processor.py:183} INFO - Processing /home/airflow/.local/lib/python3.12/site-packages/airflow/example_dags/example_bash_operator.py took 0.093 seconds
[2024-05-11T15:46:28.266+0000] {processor.py:161} INFO - Started process (PID=84) to work on /home/airflow/.local/lib/python3.12/site-packages/airflow/example_dags/example_bash_operator.py
[2024-05-11T15:46:28.280+0000] {processor.py:830} INFO - Processing file /home/airflow/.local/lib/python3.12/site-packages/airflow/example_dags/example_bash_operator.py for tasks to queue
[2024-05-11T15:46:28.284+0000] {logging_mixin.py:188} INFO - [2024-05-11T15:46:28.283+0000] {dagbag.py:545} INFO - Filling up the DagBag from /home/airflow/.local/lib/python3.12/site-packages/airflow/example_dags/example_bash_operator.py
[2024-05-11T15:46:28.303+0000] {processor.py:840} INFO - DAG(s) 'example_bash_operator' retrieved from /home/airflow/.local/lib/python3.12/site-packages/airflow/example_dags/example_bash_operator.py
[2024-05-11T15:46:28.482+0000] {logging_mixin.py:188} INFO - [2024-05-11T15:46:28.481+0000] {dag.py:3096} INFO - Sync 1 DAGs
[2024-05-11T15:46:28.515+0000] {logging_mixin.py:188} INFO - [2024-05-11T15:46:28.515+0000] {dag.py:3954} INFO - Setting next_dagrun for example_bash_operator to 2024-05-10 00:00:00+00:00, run_after=2024-05-11 00:00:00+00:00
[2024-05-11T15:46:28.541+0000] {processor.py:183} INFO - Processing /home/airflow/.local/lib/python3.12/site-packages/airflow/example_dags/example_bash_operator.py took 0.285 seconds
[2024-05-11T15:46:58.621+0000] {processor.py:161} INFO - Started process (PID=142) to work on /home/airflow/.local/lib/python3.12/site-packages/airflow/example_dags/example_bash_operator.py
[2024-05-11T15:46:58.690+0000] {processor.py:830} INFO - Processing file /home/airflow/.local/lib/python3.12/site-packages/airflow/example_dags/example_bash_operator.py for tasks to queue
[2024-05-11T15:46:58.726+0000] {logging_mixin.py:188} INFO - [2024-05-11T15:46:58.725+0000] {dagbag.py:545} INFO - Filling up the DagBag from /home/airflow/.local/lib/python3.12/site-packages/airflow/example_dags/example_bash_operator.py
[2024-05-11T15:46:58.738+0000] {processor.py:840} INFO - DAG(s) 'example_bash_operator' retrieved from /home/airflow/.local/lib/python3.12/site-packages/airflow/example_dags/example_bash_operator.py
[2024-05-11T15:46:58.826+0000] {logging_mixin.py:188} INFO - [2024-05-11T15:46:58.825+0000] {dag.py:3096} INFO - Sync 1 DAGs
[2024-05-11T15:46:58.848+0000] {logging_mixin.py:188} INFO - [2024-05-11T15:46:58.848+0000] {dag.py:3954} INFO - Setting next_dagrun for example_bash_operator to 2024-05-10 00:00:00+00:00, run_after=2024-05-11 00:00:00+00:00
[2024-05-11T15:46:59.017+0000] {processor.py:183} INFO - Processing /home/airflow/.local/lib/python3.12/site-packages/airflow/example_dags/example_bash_operator.py took 0.403 seconds
[2024-05-11T15:47:29.442+0000] {processor.py:161} INFO - Started process (PID=200) to work on /home/airflow/.local/lib/python3.12/site-packages/airflow/example_dags/example_bash_operator.py
[2024-05-11T15:47:29.454+0000] {processor.py:830} INFO - Processing file /home/airflow/.local/lib/python3.12/site-packages/airflow/example_dags/example_bash_operator.py for tasks to queue
[2024-05-11T15:47:29.455+0000] {logging_mixin.py:188} INFO - [2024-05-11T15:47:29.455+0000] {dagbag.py:545} INFO - Filling up the DagBag from /home/airflow/.local/lib/python3.12/site-packages/airflow/example_dags/example_bash_operator.py
[2024-05-11T15:47:29.466+0000] {processor.py:840} INFO - DAG(s) 'example_bash_operator' retrieved from /home/airflow/.local/lib/python3.12/site-packages/airflow/example_dags/example_bash_operator.py
[2024-05-11T15:47:29.492+0000] {logging_mixin.py:188} INFO - [2024-05-11T15:47:29.492+0000] {dag.py:3096} INFO - Sync 1 DAGs
[2024-05-11T15:47:29.528+0000] {logging_mixin.py:188} INFO - [2024-05-11T15:47:29.528+0000] {dag.py:3954} INFO - Setting next_dagrun for example_bash_operator to 2024-05-10 00:00:00+00:00, run_after=2024-05-11 00:00:00+00:00
[2024-05-11T15:47:29.561+0000] {processor.py:183} INFO - Processing /home/airflow/.local/lib/python3.12/site-packages/airflow/example_dags/example_bash_operator.py took 0.124 seconds
[2024-05-11T15:47:59.793+0000] {processor.py:161} INFO - Started process (PID=258) to work on /home/airflow/.local/lib/python3.12/site-packages/airflow/example_dags/example_bash_operator.py
[2024-05-11T15:47:59.794+0000] {processor.py:830} INFO - Processing file /home/airflow/.local/lib/python3.12/site-packages/airflow/example_dags/example_bash_operator.py for tasks to queue
[2024-05-11T15:47:59.796+0000] {logging_mixin.py:188} INFO - [2024-05-11T15:47:59.796+0000] {dagbag.py:545} INFO - Filling up the DagBag from /home/airflow/.local/lib/python3.12/site-packages/airflow/example_dags/example_bash_operator.py
[2024-05-11T15:47:59.805+0000] {processor.py:840} INFO - DAG(s) 'example_bash_operator' retrieved from /home/airflow/.local/lib/python3.12/site-packages/airflow/example_dags/example_bash_operator.py
[2024-05-11T15:47:59.830+0000] {logging_mixin.py:188} INFO - [2024-05-11T15:47:59.830+0000] {dag.py:3096} INFO - Sync 1 DAGs
[2024-05-11T15:47:59.850+0000] {logging_mixin.py:188} INFO - [2024-05-11T15:47:59.850+0000] {dag.py:3954} INFO - Setting next_dagrun for example_bash_operator to 2024-05-10 00:00:00+00:00, run_after=2024-05-11 00:00:00+00:00
[2024-05-11T15:47:59.871+0000] {processor.py:183} INFO - Processing /home/airflow/.local/lib/python3.12/site-packages/airflow/example_dags/example_bash_operator.py took 0.082 seconds
[2024-05-11T15:48:30.254+0000] {processor.py:161} INFO - Started process (PID=316) to work on /home/airflow/.local/lib/python3.12/site-packages/airflow/example_dags/example_bash_operator.py
[2024-05-11T15:48:30.255+0000] {processor.py:830} INFO - Processing file /home/airflow/.local/lib/python3.12/site-packages/airflow/example_dags/example_bash_operator.py for tasks to queue
[2024-05-11T15:48:30.257+0000] {logging_mixin.py:188} INFO - [2024-05-11T15:48:30.257+0000] {dagbag.py:545} INFO - Filling up the DagBag from /home/airflow/.local/lib/python3.12/site-packages/airflow/example_dags/example_bash_operator.py
[2024-05-11T15:48:30.274+0000] {processor.py:840} INFO - DAG(s) 'example_bash_operator' retrieved from /home/airflow/.local/lib/python3.12/site-packages/airflow/example_dags/example_bash_operator.py
[2024-05-11T15:48:30.308+0000] {logging_mixin.py:188} INFO - [2024-05-11T15:48:30.307+0000] {dag.py:3096} INFO - Sync 1 DAGs
[2024-05-11T15:48:30.332+0000] {logging_mixin.py:188} INFO - [2024-05-11T15:48:30.331+0000] {dag.py:3954} INFO - Setting next_dagrun for example_bash_operator to 2024-05-10 00:00:00+00:00, run_after=2024-05-11 00:00:00+00:00
[2024-05-11T15:48:30.353+0000] {processor.py:183} INFO - Processing /home/airflow/.local/lib/python3.12/site-packages/airflow/example_dags/example_bash_operator.py took 0.105 seconds
[2024-05-11T15:49:00.532+0000] {processor.py:161} INFO - Started process (PID=374) to work on /home/airflow/.local/lib/python3.12/site-packages/airflow/example_dags/example_bash_operator.py
[2024-05-11T15:49:00.533+0000] {processor.py:830} INFO - Processing file /home/airflow/.local/lib/python3.12/site-packages/airflow/example_dags/example_bash_operator.py for tasks to queue
[2024-05-11T15:49:00.535+0000] {logging_mixin.py:188} INFO - [2024-05-11T15:49:00.535+0000] {dagbag.py:545} INFO - Filling up the DagBag from /home/airflow/.local/lib/python3.12/site-packages/airflow/example_dags/example_bash_operator.py
[2024-05-11T15:49:00.546+0000] {processor.py:840} INFO - DAG(s) 'example_bash_operator' retrieved from /home/airflow/.local/lib/python3.12/site-packages/airflow/example_dags/example_bash_operator.py
[2024-05-11T15:49:00.576+0000] {logging_mixin.py:188} INFO - [2024-05-11T15:49:00.576+0000] {dag.py:3096} INFO - Sync 1 DAGs
[2024-05-11T15:49:00.598+0000] {logging_mixin.py:188} INFO - [2024-05-11T15:49:00.598+0000] {dag.py:3954} INFO - Setting next_dagrun for example_bash_operator to 2024-05-10 00:00:00+00:00, run_after=2024-05-11 00:00:00+00:00
[2024-05-11T15:49:00.619+0000] {processor.py:183} INFO - Processing /home/airflow/.local/lib/python3.12/site-packages/airflow/example_dags/example_bash_operator.py took 0.093 seconds
[2024-05-11T15:49:31.013+0000] {processor.py:161} INFO - Started process (PID=432) to work on /home/airflow/.local/lib/python3.12/site-packages/airflow/example_dags/example_bash_operator.py
[2024-05-11T15:49:31.013+0000] {processor.py:830} INFO - Processing file /home/airflow/.local/lib/python3.12/site-packages/airflow/example_dags/example_bash_operator.py for tasks to queue
[2024-05-11T15:49:31.015+0000] {logging_mixin.py:188} INFO - [2024-05-11T15:49:31.015+0000] {dagbag.py:545} INFO - Filling up the DagBag from /home/airflow/.local/lib/python3.12/site-packages/airflow/example_dags/example_bash_operator.py
[2024-05-11T15:49:31.024+0000] {processor.py:840} INFO - DAG(s) 'example_bash_operator' retrieved from /home/airflow/.local/lib/python3.12/site-packages/airflow/example_dags/example_bash_operator.py
[2024-05-11T15:49:31.047+0000] {logging_mixin.py:188} INFO - [2024-05-11T15:49:31.047+0000] {dag.py:3096} INFO - Sync 1 DAGs
[2024-05-11T15:49:31.066+0000] {logging_mixin.py:188} INFO - [2024-05-11T15:49:31.066+0000] {dag.py:3954} INFO - Setting next_dagrun for example_bash_operator to 2024-05-10 00:00:00+00:00, run_after=2024-05-11 00:00:00+00:00
[2024-05-11T15:49:31.084+0000] {processor.py:183} INFO - Processing /home/airflow/.local/lib/python3.12/site-packages/airflow/example_dags/example_bash_operator.py took 0.076 seconds
[2024-05-11T15:50:01.258+0000] {processor.py:161} INFO - Started process (PID=491) to work on /home/airflow/.local/lib/python3.12/site-packages/airflow/example_dags/example_bash_operator.py
[2024-05-11T15:50:01.259+0000] {processor.py:830} INFO - Processing file /home/airflow/.local/lib/python3.12/site-packages/airflow/example_dags/example_bash_operator.py for tasks to queue
[2024-05-11T15:50:01.260+0000] {logging_mixin.py:188} INFO - [2024-05-11T15:50:01.260+0000] {dagbag.py:545} INFO - Filling up the DagBag from /home/airflow/.local/lib/python3.12/site-packages/airflow/example_dags/example_bash_operator.py
[2024-05-11T15:50:01.269+0000] {processor.py:840} INFO - DAG(s) 'example_bash_operator' retrieved from /home/airflow/.local/lib/python3.12/site-packages/airflow/example_dags/example_bash_operator.py
[2024-05-11T15:50:01.292+0000] {logging_mixin.py:188} INFO - [2024-05-11T15:50:01.292+0000] {dag.py:3096} INFO - Sync 1 DAGs
[2024-05-11T15:50:01.312+0000] {logging_mixin.py:188} INFO - [2024-05-11T15:50:01.312+0000] {dag.py:3954} INFO - Setting next_dagrun for example_bash_operator to 2024-05-10 00:00:00+00:00, run_after=2024-05-11 00:00:00+00:00
[2024-05-11T15:50:01.327+0000] {processor.py:183} INFO - Processing /home/airflow/.local/lib/python3.12/site-packages/airflow/example_dags/example_bash_operator.py took 0.073 seconds
[2024-05-11T15:50:31.596+0000] {processor.py:161} INFO - Started process (PID=549) to work on /home/airflow/.local/lib/python3.12/site-packages/airflow/example_dags/example_bash_operator.py
[2024-05-11T15:50:31.597+0000] {processor.py:830} INFO - Processing file /home/airflow/.local/lib/python3.12/site-packages/airflow/example_dags/example_bash_operator.py for tasks to queue
[2024-05-11T15:50:31.599+0000] {logging_mixin.py:188} INFO - [2024-05-11T15:50:31.599+0000] {dagbag.py:545} INFO - Filling up the DagBag from /home/airflow/.local/lib/python3.12/site-packages/airflow/example_dags/example_bash_operator.py
[2024-05-11T15:50:31.609+0000] {processor.py:840} INFO - DAG(s) 'example_bash_operator' retrieved from /home/airflow/.local/lib/python3.12/site-packages/airflow/example_dags/example_bash_operator.py
[2024-05-11T15:50:31.635+0000] {logging_mixin.py:188} INFO - [2024-05-11T15:50:31.635+0000] {dag.py:3096} INFO - Sync 1 DAGs
[2024-05-11T15:50:31.656+0000] {logging_mixin.py:188} INFO - [2024-05-11T15:50:31.656+0000] {dag.py:3954} INFO - Setting next_dagrun for example_bash_operator to 2024-05-10 00:00:00+00:00, run_after=2024-05-11 00:00:00+00:00
[2024-05-11T15:50:31.677+0000] {processor.py:183} INFO - Processing /home/airflow/.local/lib/python3.12/site-packages/airflow/example_dags/example_bash_operator.py took 0.086 seconds
[2024-05-11T15:51:02.212+0000] {processor.py:161} INFO - Started process (PID=607) to work on /home/airflow/.local/lib/python3.12/site-packages/airflow/example_dags/example_bash_operator.py
[2024-05-11T15:51:02.214+0000] {processor.py:830} INFO - Processing file /home/airflow/.local/lib/python3.12/site-packages/airflow/example_dags/example_bash_operator.py for tasks to queue
[2024-05-11T15:51:02.216+0000] {logging_mixin.py:188} INFO - [2024-05-11T15:51:02.215+0000] {dagbag.py:545} INFO - Filling up the DagBag from /home/airflow/.local/lib/python3.12/site-packages/airflow/example_dags/example_bash_operator.py
[2024-05-11T15:51:02.227+0000] {processor.py:840} INFO - DAG(s) 'example_bash_operator' retrieved from /home/airflow/.local/lib/python3.12/site-packages/airflow/example_dags/example_bash_operator.py
[2024-05-11T15:51:02.258+0000] {logging_mixin.py:188} INFO - [2024-05-11T15:51:02.257+0000] {dag.py:3096} INFO - Sync 1 DAGs
[2024-05-11T15:51:02.282+0000] {logging_mixin.py:188} INFO - [2024-05-11T15:51:02.282+0000] {dag.py:3954} INFO - Setting next_dagrun for example_bash_operator to 2024-05-10 00:00:00+00:00, run_after=2024-05-11 00:00:00+00:00
[2024-05-11T15:51:02.306+0000] {processor.py:183} INFO - Processing /home/airflow/.local/lib/python3.12/site-packages/airflow/example_dags/example_bash_operator.py took 0.099 seconds
[2024-05-11T15:51:33.240+0000] {processor.py:161} INFO - Started process (PID=665) to work on /home/airflow/.local/lib/python3.12/site-packages/airflow/example_dags/example_bash_operator.py
[2024-05-11T15:51:33.241+0000] {processor.py:830} INFO - Processing file /home/airflow/.local/lib/python3.12/site-packages/airflow/example_dags/example_bash_operator.py for tasks to queue
[2024-05-11T15:51:33.243+0000] {logging_mixin.py:188} INFO - [2024-05-11T15:51:33.243+0000] {dagbag.py:545} INFO - Filling up the DagBag from /home/airflow/.local/lib/python3.12/site-packages/airflow/example_dags/example_bash_operator.py
[2024-05-11T15:51:33.256+0000] {processor.py:840} INFO - DAG(s) 'example_bash_operator' retrieved from /home/airflow/.local/lib/python3.12/site-packages/airflow/example_dags/example_bash_operator.py
[2024-05-11T15:51:33.286+0000] {logging_mixin.py:188} INFO - [2024-05-11T15:51:33.286+0000] {dag.py:3096} INFO - Sync 1 DAGs
[2024-05-11T15:51:33.313+0000] {logging_mixin.py:188} INFO - [2024-05-11T15:51:33.313+0000] {dag.py:3954} INFO - Setting next_dagrun for example_bash_operator to 2024-05-10 00:00:00+00:00, run_after=2024-05-11 00:00:00+00:00
[2024-05-11T15:51:33.340+0000] {processor.py:183} INFO - Processing /home/airflow/.local/lib/python3.12/site-packages/airflow/example_dags/example_bash_operator.py took 0.106 seconds
[2024-05-11T15:52:04.194+0000] {processor.py:161} INFO - Started process (PID=723) to work on /home/airflow/.local/lib/python3.12/site-packages/airflow/example_dags/example_bash_operator.py
[2024-05-11T15:52:04.200+0000] {processor.py:830} INFO - Processing file /home/airflow/.local/lib/python3.12/site-packages/airflow/example_dags/example_bash_operator.py for tasks to queue
[2024-05-11T15:52:04.207+0000] {logging_mixin.py:188} INFO - [2024-05-11T15:52:04.207+0000] {dagbag.py:545} INFO - Filling up the DagBag from /home/airflow/.local/lib/python3.12/site-packages/airflow/example_dags/example_bash_operator.py
[2024-05-11T15:52:04.256+0000] {processor.py:840} INFO - DAG(s) 'example_bash_operator' retrieved from /home/airflow/.local/lib/python3.12/site-packages/airflow/example_dags/example_bash_operator.py
[2024-05-11T15:52:04.306+0000] {logging_mixin.py:188} INFO - [2024-05-11T15:52:04.306+0000] {dag.py:3096} INFO - Sync 1 DAGs
[2024-05-11T15:52:04.351+0000] {logging_mixin.py:188} INFO - [2024-05-11T15:52:04.350+0000] {dag.py:3954} INFO - Setting next_dagrun for example_bash_operator to 2024-05-10 00:00:00+00:00, run_after=2024-05-11 00:00:00+00:00
[2024-05-11T15:52:04.379+0000] {processor.py:183} INFO - Processing /home/airflow/.local/lib/python3.12/site-packages/airflow/example_dags/example_bash_operator.py took 0.202 seconds
[2024-05-11T15:52:34.729+0000] {processor.py:161} INFO - Started process (PID=781) to work on /home/airflow/.local/lib/python3.12/site-packages/airflow/example_dags/example_bash_operator.py
[2024-05-11T15:52:34.731+0000] {processor.py:830} INFO - Processing file /home/airflow/.local/lib/python3.12/site-packages/airflow/example_dags/example_bash_operator.py for tasks to queue
[2024-05-11T15:52:34.732+0000] {logging_mixin.py:188} INFO - [2024-05-11T15:52:34.732+0000] {dagbag.py:545} INFO - Filling up the DagBag from /home/airflow/.local/lib/python3.12/site-packages/airflow/example_dags/example_bash_operator.py
[2024-05-11T15:52:34.743+0000] {processor.py:840} INFO - DAG(s) 'example_bash_operator' retrieved from /home/airflow/.local/lib/python3.12/site-packages/airflow/example_dags/example_bash_operator.py
[2024-05-11T15:52:34.771+0000] {logging_mixin.py:188} INFO - [2024-05-11T15:52:34.771+0000] {dag.py:3096} INFO - Sync 1 DAGs
[2024-05-11T15:52:34.800+0000] {logging_mixin.py:188} INFO - [2024-05-11T15:52:34.799+0000] {dag.py:3954} INFO - Setting next_dagrun for example_bash_operator to 2024-05-10 00:00:00+00:00, run_after=2024-05-11 00:00:00+00:00
[2024-05-11T15:52:34.818+0000] {processor.py:183} INFO - Processing /home/airflow/.local/lib/python3.12/site-packages/airflow/example_dags/example_bash_operator.py took 0.094 seconds
[2024-05-11T15:53:05.391+0000] {processor.py:161} INFO - Started process (PID=839) to work on /home/airflow/.local/lib/python3.12/site-packages/airflow/example_dags/example_bash_operator.py
[2024-05-11T15:53:05.392+0000] {processor.py:830} INFO - Processing file /home/airflow/.local/lib/python3.12/site-packages/airflow/example_dags/example_bash_operator.py for tasks to queue
[2024-05-11T15:53:05.393+0000] {logging_mixin.py:188} INFO - [2024-05-11T15:53:05.393+0000] {dagbag.py:545} INFO - Filling up the DagBag from /home/airflow/.local/lib/python3.12/site-packages/airflow/example_dags/example_bash_operator.py
[2024-05-11T15:53:05.403+0000] {processor.py:840} INFO - DAG(s) 'example_bash_operator' retrieved from /home/airflow/.local/lib/python3.12/site-packages/airflow/example_dags/example_bash_operator.py
[2024-05-11T15:53:05.427+0000] {logging_mixin.py:188} INFO - [2024-05-11T15:53:05.427+0000] {dag.py:3096} INFO - Sync 1 DAGs
[2024-05-11T15:53:05.450+0000] {logging_mixin.py:188} INFO - [2024-05-11T15:53:05.449+0000] {dag.py:3954} INFO - Setting next_dagrun for example_bash_operator to 2024-05-10 00:00:00+00:00, run_after=2024-05-11 00:00:00+00:00
[2024-05-11T15:53:05.470+0000] {processor.py:183} INFO - Processing /home/airflow/.local/lib/python3.12/site-packages/airflow/example_dags/example_bash_operator.py took 0.084 seconds
[2024-05-11T15:53:35.867+0000] {processor.py:161} INFO - Started process (PID=897) to work on /home/airflow/.local/lib/python3.12/site-packages/airflow/example_dags/example_bash_operator.py
[2024-05-11T15:53:35.868+0000] {processor.py:830} INFO - Processing file /home/airflow/.local/lib/python3.12/site-packages/airflow/example_dags/example_bash_operator.py for tasks to queue
[2024-05-11T15:53:35.869+0000] {logging_mixin.py:188} INFO - [2024-05-11T15:53:35.869+0000] {dagbag.py:545} INFO - Filling up the DagBag from /home/airflow/.local/lib/python3.12/site-packages/airflow/example_dags/example_bash_operator.py
[2024-05-11T15:53:35.879+0000] {processor.py:840} INFO - DAG(s) 'example_bash_operator' retrieved from /home/airflow/.local/lib/python3.12/site-packages/airflow/example_dags/example_bash_operator.py
[2024-05-11T15:53:35.910+0000] {logging_mixin.py:188} INFO - [2024-05-11T15:53:35.909+0000] {dag.py:3096} INFO - Sync 1 DAGs
[2024-05-11T15:53:35.932+0000] {logging_mixin.py:188} INFO - [2024-05-11T15:53:35.932+0000] {dag.py:3954} INFO - Setting next_dagrun for example_bash_operator to 2024-05-10 00:00:00+00:00, run_after=2024-05-11 00:00:00+00:00
[2024-05-11T15:53:35.954+0000] {processor.py:183} INFO - Processing /home/airflow/.local/lib/python3.12/site-packages/airflow/example_dags/example_bash_operator.py took 0.093 seconds
[2024-05-11T15:54:06.176+0000] {processor.py:161} INFO - Started process (PID=955) to work on /home/airflow/.local/lib/python3.12/site-packages/airflow/example_dags/example_bash_operator.py
[2024-05-11T15:54:06.177+0000] {processor.py:830} INFO - Processing file /home/airflow/.local/lib/python3.12/site-packages/airflow/example_dags/example_bash_operator.py for tasks to queue
[2024-05-11T15:54:06.179+0000] {logging_mixin.py:188} INFO - [2024-05-11T15:54:06.178+0000] {dagbag.py:545} INFO - Filling up the DagBag from /home/airflow/.local/lib/python3.12/site-packages/airflow/example_dags/example_bash_operator.py
[2024-05-11T15:54:06.188+0000] {processor.py:840} INFO - DAG(s) 'example_bash_operator' retrieved from /home/airflow/.local/lib/python3.12/site-packages/airflow/example_dags/example_bash_operator.py
[2024-05-11T15:54:06.212+0000] {logging_mixin.py:188} INFO - [2024-05-11T15:54:06.212+0000] {dag.py:3096} INFO - Sync 1 DAGs
[2024-05-11T15:54:06.232+0000] {logging_mixin.py:188} INFO - [2024-05-11T15:54:06.231+0000] {dag.py:3954} INFO - Setting next_dagrun for example_bash_operator to 2024-05-10 00:00:00+00:00, run_after=2024-05-11 00:00:00+00:00
[2024-05-11T15:54:06.247+0000] {processor.py:183} INFO - Processing /home/airflow/.local/lib/python3.12/site-packages/airflow/example_dags/example_bash_operator.py took 0.076 seconds
[2024-05-11T15:54:36.362+0000] {processor.py:161} INFO - Started process (PID=1013) to work on /home/airflow/.local/lib/python3.12/site-packages/airflow/example_dags/example_bash_operator.py
[2024-05-11T15:54:36.363+0000] {processor.py:830} INFO - Processing file /home/airflow/.local/lib/python3.12/site-packages/airflow/example_dags/example_bash_operator.py for tasks to queue
[2024-05-11T15:54:36.364+0000] {logging_mixin.py:188} INFO - [2024-05-11T15:54:36.364+0000] {dagbag.py:545} INFO - Filling up the DagBag from /home/airflow/.local/lib/python3.12/site-packages/airflow/example_dags/example_bash_operator.py
[2024-05-11T15:54:36.374+0000] {processor.py:840} INFO - DAG(s) 'example_bash_operator' retrieved from /home/airflow/.local/lib/python3.12/site-packages/airflow/example_dags/example_bash_operator.py
[2024-05-11T15:54:36.397+0000] {logging_mixin.py:188} INFO - [2024-05-11T15:54:36.397+0000] {dag.py:3096} INFO - Sync 1 DAGs
[2024-05-11T15:54:36.417+0000] {logging_mixin.py:188} INFO - [2024-05-11T15:54:36.417+0000] {dag.py:3954} INFO - Setting next_dagrun for example_bash_operator to 2024-05-10 00:00:00+00:00, run_after=2024-05-11 00:00:00+00:00
[2024-05-11T15:54:36.438+0000] {processor.py:183} INFO - Processing /home/airflow/.local/lib/python3.12/site-packages/airflow/example_dags/example_bash_operator.py took 0.080 seconds
[2024-05-11T15:55:07.015+0000] {processor.py:161} INFO - Started process (PID=1071) to work on /home/airflow/.local/lib/python3.12/site-packages/airflow/example_dags/example_bash_operator.py
[2024-05-11T15:55:07.015+0000] {processor.py:830} INFO - Processing file /home/airflow/.local/lib/python3.12/site-packages/airflow/example_dags/example_bash_operator.py for tasks to queue
[2024-05-11T15:55:07.017+0000] {logging_mixin.py:188} INFO - [2024-05-11T15:55:07.017+0000] {dagbag.py:545} INFO - Filling up the DagBag from /home/airflow/.local/lib/python3.12/site-packages/airflow/example_dags/example_bash_operator.py
[2024-05-11T15:55:07.026+0000] {processor.py:840} INFO - DAG(s) 'example_bash_operator' retrieved from /home/airflow/.local/lib/python3.12/site-packages/airflow/example_dags/example_bash_operator.py
[2024-05-11T15:55:07.050+0000] {logging_mixin.py:188} INFO - [2024-05-11T15:55:07.050+0000] {dag.py:3096} INFO - Sync 1 DAGs
[2024-05-11T15:55:07.071+0000] {logging_mixin.py:188} INFO - [2024-05-11T15:55:07.071+0000] {dag.py:3954} INFO - Setting next_dagrun for example_bash_operator to 2024-05-10 00:00:00+00:00, run_after=2024-05-11 00:00:00+00:00
[2024-05-11T15:55:07.088+0000] {processor.py:183} INFO - Processing /home/airflow/.local/lib/python3.12/site-packages/airflow/example_dags/example_bash_operator.py took 0.078 seconds
[2024-05-11T15:55:37.811+0000] {processor.py:161} INFO - Started process (PID=1130) to work on /home/airflow/.local/lib/python3.12/site-packages/airflow/example_dags/example_bash_operator.py
[2024-05-11T15:55:37.812+0000] {processor.py:830} INFO - Processing file /home/airflow/.local/lib/python3.12/site-packages/airflow/example_dags/example_bash_operator.py for tasks to queue
[2024-05-11T15:55:37.814+0000] {logging_mixin.py:188} INFO - [2024-05-11T15:55:37.814+0000] {dagbag.py:545} INFO - Filling up the DagBag from /home/airflow/.local/lib/python3.12/site-packages/airflow/example_dags/example_bash_operator.py
[2024-05-11T15:55:37.824+0000] {processor.py:840} INFO - DAG(s) 'example_bash_operator' retrieved from /home/airflow/.local/lib/python3.12/site-packages/airflow/example_dags/example_bash_operator.py
[2024-05-11T15:55:37.851+0000] {logging_mixin.py:188} INFO - [2024-05-11T15:55:37.851+0000] {dag.py:3096} INFO - Sync 1 DAGs
[2024-05-11T15:55:37.875+0000] {logging_mixin.py:188} INFO - [2024-05-11T15:55:37.875+0000] {dag.py:3954} INFO - Setting next_dagrun for example_bash_operator to 2024-05-10 00:00:00+00:00, run_after=2024-05-11 00:00:00+00:00
[2024-05-11T15:55:37.898+0000] {processor.py:183} INFO - Processing /home/airflow/.local/lib/python3.12/site-packages/airflow/example_dags/example_bash_operator.py took 0.091 seconds
[2024-05-11T15:56:08.407+0000] {processor.py:161} INFO - Started process (PID=1188) to work on /home/airflow/.local/lib/python3.12/site-packages/airflow/example_dags/example_bash_operator.py
[2024-05-11T15:56:08.408+0000] {processor.py:830} INFO - Processing file /home/airflow/.local/lib/python3.12/site-packages/airflow/example_dags/example_bash_operator.py for tasks to queue
[2024-05-11T15:56:08.409+0000] {logging_mixin.py:188} INFO - [2024-05-11T15:56:08.409+0000] {dagbag.py:545} INFO - Filling up the DagBag from /home/airflow/.local/lib/python3.12/site-packages/airflow/example_dags/example_bash_operator.py
[2024-05-11T15:56:08.418+0000] {processor.py:840} INFO - DAG(s) 'example_bash_operator' retrieved from /home/airflow/.local/lib/python3.12/site-packages/airflow/example_dags/example_bash_operator.py
[2024-05-11T15:56:08.440+0000] {logging_mixin.py:188} INFO - [2024-05-11T15:56:08.440+0000] {dag.py:3096} INFO - Sync 1 DAGs
[2024-05-11T15:56:08.460+0000] {logging_mixin.py:188} INFO - [2024-05-11T15:56:08.460+0000] {dag.py:3954} INFO - Setting next_dagrun for example_bash_operator to 2024-05-10 00:00:00+00:00, run_after=2024-05-11 00:00:00+00:00
[2024-05-11T15:56:08.478+0000] {processor.py:183} INFO - Processing /home/airflow/.local/lib/python3.12/site-packages/airflow/example_dags/example_bash_operator.py took 0.076 seconds
[2024-05-11T15:56:39.019+0000] {processor.py:161} INFO - Started process (PID=1246) to work on /home/airflow/.local/lib/python3.12/site-packages/airflow/example_dags/example_bash_operator.py
[2024-05-11T15:56:39.020+0000] {processor.py:830} INFO - Processing file /home/airflow/.local/lib/python3.12/site-packages/airflow/example_dags/example_bash_operator.py for tasks to queue
[2024-05-11T15:56:39.022+0000] {logging_mixin.py:188} INFO - [2024-05-11T15:56:39.022+0000] {dagbag.py:545} INFO - Filling up the DagBag from /home/airflow/.local/lib/python3.12/site-packages/airflow/example_dags/example_bash_operator.py
[2024-05-11T15:56:39.031+0000] {processor.py:840} INFO - DAG(s) 'example_bash_operator' retrieved from /home/airflow/.local/lib/python3.12/site-packages/airflow/example_dags/example_bash_operator.py
[2024-05-11T15:56:39.054+0000] {logging_mixin.py:188} INFO - [2024-05-11T15:56:39.054+0000] {dag.py:3096} INFO - Sync 1 DAGs
[2024-05-11T15:56:39.073+0000] {logging_mixin.py:188} INFO - [2024-05-11T15:56:39.073+0000] {dag.py:3954} INFO - Setting next_dagrun for example_bash_operator to 2024-05-10 00:00:00+00:00, run_after=2024-05-11 00:00:00+00:00
[2024-05-11T15:56:39.090+0000] {processor.py:183} INFO - Processing /home/airflow/.local/lib/python3.12/site-packages/airflow/example_dags/example_bash_operator.py took 0.075 seconds
[2024-05-11T16:03:46.479+0000] {processor.py:161} INFO - Started process (PID=78) to work on /home/airflow/.local/lib/python3.12/site-packages/airflow/example_dags/example_bash_operator.py
[2024-05-11T16:03:46.483+0000] {processor.py:830} INFO - Processing file /home/airflow/.local/lib/python3.12/site-packages/airflow/example_dags/example_bash_operator.py for tasks to queue
[2024-05-11T16:03:46.489+0000] {logging_mixin.py:188} INFO - [2024-05-11T16:03:46.487+0000] {dagbag.py:545} INFO - Filling up the DagBag from /home/airflow/.local/lib/python3.12/site-packages/airflow/example_dags/example_bash_operator.py
[2024-05-11T16:03:46.526+0000] {processor.py:840} INFO - DAG(s) 'example_bash_operator' retrieved from /home/airflow/.local/lib/python3.12/site-packages/airflow/example_dags/example_bash_operator.py
[2024-05-11T16:03:46.704+0000] {logging_mixin.py:188} INFO - [2024-05-11T16:03:46.704+0000] {dag.py:3096} INFO - Sync 1 DAGs
[2024-05-11T16:03:46.735+0000] {logging_mixin.py:188} INFO - [2024-05-11T16:03:46.734+0000] {dag.py:3954} INFO - Setting next_dagrun for example_bash_operator to 2024-05-10 00:00:00+00:00, run_after=2024-05-11 00:00:00+00:00
[2024-05-11T16:03:46.762+0000] {processor.py:183} INFO - Processing /home/airflow/.local/lib/python3.12/site-packages/airflow/example_dags/example_bash_operator.py took 0.304 seconds
[2024-05-11T16:04:17.517+0000] {processor.py:161} INFO - Started process (PID=136) to work on /home/airflow/.local/lib/python3.12/site-packages/airflow/example_dags/example_bash_operator.py
[2024-05-11T16:04:17.518+0000] {processor.py:830} INFO - Processing file /home/airflow/.local/lib/python3.12/site-packages/airflow/example_dags/example_bash_operator.py for tasks to queue
[2024-05-11T16:04:17.519+0000] {logging_mixin.py:188} INFO - [2024-05-11T16:04:17.519+0000] {dagbag.py:545} INFO - Filling up the DagBag from /home/airflow/.local/lib/python3.12/site-packages/airflow/example_dags/example_bash_operator.py
[2024-05-11T16:04:17.528+0000] {processor.py:840} INFO - DAG(s) 'example_bash_operator' retrieved from /home/airflow/.local/lib/python3.12/site-packages/airflow/example_dags/example_bash_operator.py
[2024-05-11T16:04:17.550+0000] {logging_mixin.py:188} INFO - [2024-05-11T16:04:17.550+0000] {dag.py:3096} INFO - Sync 1 DAGs
[2024-05-11T16:04:17.570+0000] {logging_mixin.py:188} INFO - [2024-05-11T16:04:17.569+0000] {dag.py:3954} INFO - Setting next_dagrun for example_bash_operator to 2024-05-10 00:00:00+00:00, run_after=2024-05-11 00:00:00+00:00
[2024-05-11T16:04:17.587+0000] {processor.py:183} INFO - Processing /home/airflow/.local/lib/python3.12/site-packages/airflow/example_dags/example_bash_operator.py took 0.074 seconds
[2024-05-11T16:04:48.316+0000] {processor.py:161} INFO - Started process (PID=194) to work on /home/airflow/.local/lib/python3.12/site-packages/airflow/example_dags/example_bash_operator.py
[2024-05-11T16:04:48.317+0000] {processor.py:830} INFO - Processing file /home/airflow/.local/lib/python3.12/site-packages/airflow/example_dags/example_bash_operator.py for tasks to queue
[2024-05-11T16:04:48.318+0000] {logging_mixin.py:188} INFO - [2024-05-11T16:04:48.318+0000] {dagbag.py:545} INFO - Filling up the DagBag from /home/airflow/.local/lib/python3.12/site-packages/airflow/example_dags/example_bash_operator.py
[2024-05-11T16:04:48.328+0000] {processor.py:840} INFO - DAG(s) 'example_bash_operator' retrieved from /home/airflow/.local/lib/python3.12/site-packages/airflow/example_dags/example_bash_operator.py
[2024-05-11T16:04:48.356+0000] {logging_mixin.py:188} INFO - [2024-05-11T16:04:48.356+0000] {dag.py:3096} INFO - Sync 1 DAGs
[2024-05-11T16:04:48.377+0000] {logging_mixin.py:188} INFO - [2024-05-11T16:04:48.377+0000] {dag.py:3954} INFO - Setting next_dagrun for example_bash_operator to 2024-05-10 00:00:00+00:00, run_after=2024-05-11 00:00:00+00:00
[2024-05-11T16:04:48.400+0000] {processor.py:183} INFO - Processing /home/airflow/.local/lib/python3.12/site-packages/airflow/example_dags/example_bash_operator.py took 0.089 seconds
[2024-05-11T16:05:18.469+0000] {processor.py:161} INFO - Started process (PID=252) to work on /home/airflow/.local/lib/python3.12/site-packages/airflow/example_dags/example_bash_operator.py
[2024-05-11T16:05:18.470+0000] {processor.py:830} INFO - Processing file /home/airflow/.local/lib/python3.12/site-packages/airflow/example_dags/example_bash_operator.py for tasks to queue
[2024-05-11T16:05:18.471+0000] {logging_mixin.py:188} INFO - [2024-05-11T16:05:18.471+0000] {dagbag.py:545} INFO - Filling up the DagBag from /home/airflow/.local/lib/python3.12/site-packages/airflow/example_dags/example_bash_operator.py
[2024-05-11T16:05:18.480+0000] {processor.py:840} INFO - DAG(s) 'example_bash_operator' retrieved from /home/airflow/.local/lib/python3.12/site-packages/airflow/example_dags/example_bash_operator.py
[2024-05-11T16:05:18.503+0000] {logging_mixin.py:188} INFO - [2024-05-11T16:05:18.503+0000] {dag.py:3096} INFO - Sync 1 DAGs
[2024-05-11T16:05:18.522+0000] {logging_mixin.py:188} INFO - [2024-05-11T16:05:18.522+0000] {dag.py:3954} INFO - Setting next_dagrun for example_bash_operator to 2024-05-10 00:00:00+00:00, run_after=2024-05-11 00:00:00+00:00
[2024-05-11T16:05:18.539+0000] {processor.py:183} INFO - Processing /home/airflow/.local/lib/python3.12/site-packages/airflow/example_dags/example_bash_operator.py took 0.074 seconds
[2024-05-11T16:05:49.228+0000] {processor.py:161} INFO - Started process (PID=310) to work on /home/airflow/.local/lib/python3.12/site-packages/airflow/example_dags/example_bash_operator.py
[2024-05-11T16:05:49.229+0000] {processor.py:830} INFO - Processing file /home/airflow/.local/lib/python3.12/site-packages/airflow/example_dags/example_bash_operator.py for tasks to queue
[2024-05-11T16:05:49.231+0000] {logging_mixin.py:188} INFO - [2024-05-11T16:05:49.230+0000] {dagbag.py:545} INFO - Filling up the DagBag from /home/airflow/.local/lib/python3.12/site-packages/airflow/example_dags/example_bash_operator.py
[2024-05-11T16:05:49.241+0000] {processor.py:840} INFO - DAG(s) 'example_bash_operator' retrieved from /home/airflow/.local/lib/python3.12/site-packages/airflow/example_dags/example_bash_operator.py
[2024-05-11T16:05:49.270+0000] {logging_mixin.py:188} INFO - [2024-05-11T16:05:49.269+0000] {dag.py:3096} INFO - Sync 1 DAGs
[2024-05-11T16:05:49.293+0000] {logging_mixin.py:188} INFO - [2024-05-11T16:05:49.293+0000] {dag.py:3954} INFO - Setting next_dagrun for example_bash_operator to 2024-05-10 00:00:00+00:00, run_after=2024-05-11 00:00:00+00:00
[2024-05-11T16:05:49.313+0000] {processor.py:183} INFO - Processing /home/airflow/.local/lib/python3.12/site-packages/airflow/example_dags/example_bash_operator.py took 0.090 seconds
