[2024-05-11T11:31:02.514+0000] {processor.py:161} INFO - Started process (PID=86) to work on /home/airflow/.local/lib/python3.12/site-packages/airflow/example_dags/example_task_group_decorator.py
[2024-05-11T11:31:02.517+0000] {processor.py:830} INFO - Processing file /home/airflow/.local/lib/python3.12/site-packages/airflow/example_dags/example_task_group_decorator.py for tasks to queue
[2024-05-11T11:31:02.521+0000] {logging_mixin.py:188} INFO - [2024-05-11T11:31:02.521+0000] {dagbag.py:545} INFO - Filling up the DagBag from /home/airflow/.local/lib/python3.12/site-packages/airflow/example_dags/example_task_group_decorator.py
[2024-05-11T11:31:03.558+0000] {processor.py:840} INFO - DAG(s) 'example_task_group_decorator' retrieved from /home/airflow/.local/lib/python3.12/site-packages/airflow/example_dags/example_task_group_decorator.py
[2024-05-11T11:31:04.484+0000] {logging_mixin.py:188} INFO - [2024-05-11T11:31:04.481+0000] {override.py:1829} INFO - Created Permission View: can edit on DAG:example_task_group_decorator
[2024-05-11T11:31:04.512+0000] {logging_mixin.py:188} INFO - [2024-05-11T11:31:04.511+0000] {override.py:1829} INFO - Created Permission View: can read on DAG:example_task_group_decorator
[2024-05-11T11:31:04.532+0000] {logging_mixin.py:188} INFO - [2024-05-11T11:31:04.531+0000] {override.py:1829} INFO - Created Permission View: can delete on DAG:example_task_group_decorator
[2024-05-11T11:31:04.537+0000] {logging_mixin.py:188} INFO - [2024-05-11T11:31:04.537+0000] {dag.py:3096} INFO - Sync 1 DAGs
[2024-05-11T11:31:04.585+0000] {logging_mixin.py:188} INFO - [2024-05-11T11:31:04.584+0000] {dag.py:3118} INFO - Creating ORM DAG for example_task_group_decorator
[2024-05-11T11:31:04.663+0000] {logging_mixin.py:188} INFO - [2024-05-11T11:31:04.663+0000] {dag.py:3954} INFO - Setting next_dagrun for example_task_group_decorator to 2024-05-10 00:00:00+00:00, run_after=2024-05-11 00:00:00+00:00
[2024-05-11T11:31:04.836+0000] {processor.py:183} INFO - Processing /home/airflow/.local/lib/python3.12/site-packages/airflow/example_dags/example_task_group_decorator.py took 2.331 seconds
[2024-05-11T11:31:35.289+0000] {processor.py:161} INFO - Started process (PID=143) to work on /home/airflow/.local/lib/python3.12/site-packages/airflow/example_dags/example_task_group_decorator.py
[2024-05-11T11:31:35.348+0000] {processor.py:830} INFO - Processing file /home/airflow/.local/lib/python3.12/site-packages/airflow/example_dags/example_task_group_decorator.py for tasks to queue
[2024-05-11T11:31:35.350+0000] {logging_mixin.py:188} INFO - [2024-05-11T11:31:35.350+0000] {dagbag.py:545} INFO - Filling up the DagBag from /home/airflow/.local/lib/python3.12/site-packages/airflow/example_dags/example_task_group_decorator.py
[2024-05-11T11:31:36.295+0000] {processor.py:840} INFO - DAG(s) 'example_task_group_decorator' retrieved from /home/airflow/.local/lib/python3.12/site-packages/airflow/example_dags/example_task_group_decorator.py
[2024-05-11T11:31:36.466+0000] {logging_mixin.py:188} INFO - [2024-05-11T11:31:36.466+0000] {dag.py:3096} INFO - Sync 1 DAGs
[2024-05-11T11:31:36.486+0000] {logging_mixin.py:188} INFO - [2024-05-11T11:31:36.485+0000] {dag.py:3954} INFO - Setting next_dagrun for example_task_group_decorator to 2024-05-10 00:00:00+00:00, run_after=2024-05-11 00:00:00+00:00
[2024-05-11T11:31:36.611+0000] {processor.py:183} INFO - Processing /home/airflow/.local/lib/python3.12/site-packages/airflow/example_dags/example_task_group_decorator.py took 1.326 seconds
[2024-05-11T11:32:06.689+0000] {processor.py:161} INFO - Started process (PID=201) to work on /home/airflow/.local/lib/python3.12/site-packages/airflow/example_dags/example_task_group_decorator.py
[2024-05-11T11:32:06.691+0000] {processor.py:830} INFO - Processing file /home/airflow/.local/lib/python3.12/site-packages/airflow/example_dags/example_task_group_decorator.py for tasks to queue
[2024-05-11T11:32:06.693+0000] {logging_mixin.py:188} INFO - [2024-05-11T11:32:06.693+0000] {dagbag.py:545} INFO - Filling up the DagBag from /home/airflow/.local/lib/python3.12/site-packages/airflow/example_dags/example_task_group_decorator.py
[2024-05-11T11:32:06.706+0000] {processor.py:840} INFO - DAG(s) 'example_task_group_decorator' retrieved from /home/airflow/.local/lib/python3.12/site-packages/airflow/example_dags/example_task_group_decorator.py
[2024-05-11T11:32:06.730+0000] {logging_mixin.py:188} INFO - [2024-05-11T11:32:06.730+0000] {dag.py:3096} INFO - Sync 1 DAGs
[2024-05-11T11:32:06.751+0000] {logging_mixin.py:188} INFO - [2024-05-11T11:32:06.751+0000] {dag.py:3954} INFO - Setting next_dagrun for example_task_group_decorator to 2024-05-10 00:00:00+00:00, run_after=2024-05-11 00:00:00+00:00
[2024-05-11T11:32:06.774+0000] {processor.py:183} INFO - Processing /home/airflow/.local/lib/python3.12/site-packages/airflow/example_dags/example_task_group_decorator.py took 0.093 seconds
[2024-05-11T11:32:36.819+0000] {processor.py:161} INFO - Started process (PID=259) to work on /home/airflow/.local/lib/python3.12/site-packages/airflow/example_dags/example_task_group_decorator.py
[2024-05-11T11:32:36.820+0000] {processor.py:830} INFO - Processing file /home/airflow/.local/lib/python3.12/site-packages/airflow/example_dags/example_task_group_decorator.py for tasks to queue
[2024-05-11T11:32:36.822+0000] {logging_mixin.py:188} INFO - [2024-05-11T11:32:36.822+0000] {dagbag.py:545} INFO - Filling up the DagBag from /home/airflow/.local/lib/python3.12/site-packages/airflow/example_dags/example_task_group_decorator.py
[2024-05-11T11:32:36.834+0000] {processor.py:840} INFO - DAG(s) 'example_task_group_decorator' retrieved from /home/airflow/.local/lib/python3.12/site-packages/airflow/example_dags/example_task_group_decorator.py
[2024-05-11T11:32:36.855+0000] {logging_mixin.py:188} INFO - [2024-05-11T11:32:36.855+0000] {dag.py:3096} INFO - Sync 1 DAGs
[2024-05-11T11:32:36.875+0000] {logging_mixin.py:188} INFO - [2024-05-11T11:32:36.874+0000] {dag.py:3954} INFO - Setting next_dagrun for example_task_group_decorator to 2024-05-10 00:00:00+00:00, run_after=2024-05-11 00:00:00+00:00
[2024-05-11T11:32:36.891+0000] {processor.py:183} INFO - Processing /home/airflow/.local/lib/python3.12/site-packages/airflow/example_dags/example_task_group_decorator.py took 0.076 seconds
[2024-05-11T11:33:07.032+0000] {processor.py:161} INFO - Started process (PID=317) to work on /home/airflow/.local/lib/python3.12/site-packages/airflow/example_dags/example_task_group_decorator.py
[2024-05-11T11:33:07.033+0000] {processor.py:830} INFO - Processing file /home/airflow/.local/lib/python3.12/site-packages/airflow/example_dags/example_task_group_decorator.py for tasks to queue
[2024-05-11T11:33:07.036+0000] {logging_mixin.py:188} INFO - [2024-05-11T11:33:07.035+0000] {dagbag.py:545} INFO - Filling up the DagBag from /home/airflow/.local/lib/python3.12/site-packages/airflow/example_dags/example_task_group_decorator.py
[2024-05-11T11:33:07.047+0000] {processor.py:840} INFO - DAG(s) 'example_task_group_decorator' retrieved from /home/airflow/.local/lib/python3.12/site-packages/airflow/example_dags/example_task_group_decorator.py
[2024-05-11T11:33:07.069+0000] {logging_mixin.py:188} INFO - [2024-05-11T11:33:07.069+0000] {dag.py:3096} INFO - Sync 1 DAGs
[2024-05-11T11:33:07.088+0000] {logging_mixin.py:188} INFO - [2024-05-11T11:33:07.087+0000] {dag.py:3954} INFO - Setting next_dagrun for example_task_group_decorator to 2024-05-10 00:00:00+00:00, run_after=2024-05-11 00:00:00+00:00
[2024-05-11T11:33:07.105+0000] {processor.py:183} INFO - Processing /home/airflow/.local/lib/python3.12/site-packages/airflow/example_dags/example_task_group_decorator.py took 0.077 seconds
[2024-05-11T11:33:37.316+0000] {processor.py:161} INFO - Started process (PID=375) to work on /home/airflow/.local/lib/python3.12/site-packages/airflow/example_dags/example_task_group_decorator.py
[2024-05-11T11:33:37.317+0000] {processor.py:830} INFO - Processing file /home/airflow/.local/lib/python3.12/site-packages/airflow/example_dags/example_task_group_decorator.py for tasks to queue
[2024-05-11T11:33:37.319+0000] {logging_mixin.py:188} INFO - [2024-05-11T11:33:37.319+0000] {dagbag.py:545} INFO - Filling up the DagBag from /home/airflow/.local/lib/python3.12/site-packages/airflow/example_dags/example_task_group_decorator.py
[2024-05-11T11:33:37.334+0000] {processor.py:840} INFO - DAG(s) 'example_task_group_decorator' retrieved from /home/airflow/.local/lib/python3.12/site-packages/airflow/example_dags/example_task_group_decorator.py
[2024-05-11T11:33:37.360+0000] {logging_mixin.py:188} INFO - [2024-05-11T11:33:37.360+0000] {dag.py:3096} INFO - Sync 1 DAGs
[2024-05-11T11:33:37.384+0000] {logging_mixin.py:188} INFO - [2024-05-11T11:33:37.384+0000] {dag.py:3954} INFO - Setting next_dagrun for example_task_group_decorator to 2024-05-10 00:00:00+00:00, run_after=2024-05-11 00:00:00+00:00
[2024-05-11T11:33:37.405+0000] {processor.py:183} INFO - Processing /home/airflow/.local/lib/python3.12/site-packages/airflow/example_dags/example_task_group_decorator.py took 0.095 seconds
[2024-05-11T11:34:07.844+0000] {processor.py:161} INFO - Started process (PID=433) to work on /home/airflow/.local/lib/python3.12/site-packages/airflow/example_dags/example_task_group_decorator.py
[2024-05-11T11:34:07.845+0000] {processor.py:830} INFO - Processing file /home/airflow/.local/lib/python3.12/site-packages/airflow/example_dags/example_task_group_decorator.py for tasks to queue
[2024-05-11T11:34:07.847+0000] {logging_mixin.py:188} INFO - [2024-05-11T11:34:07.847+0000] {dagbag.py:545} INFO - Filling up the DagBag from /home/airflow/.local/lib/python3.12/site-packages/airflow/example_dags/example_task_group_decorator.py
[2024-05-11T11:34:07.859+0000] {processor.py:840} INFO - DAG(s) 'example_task_group_decorator' retrieved from /home/airflow/.local/lib/python3.12/site-packages/airflow/example_dags/example_task_group_decorator.py
[2024-05-11T11:34:07.887+0000] {logging_mixin.py:188} INFO - [2024-05-11T11:34:07.887+0000] {dag.py:3096} INFO - Sync 1 DAGs
[2024-05-11T11:34:07.909+0000] {logging_mixin.py:188} INFO - [2024-05-11T11:34:07.909+0000] {dag.py:3954} INFO - Setting next_dagrun for example_task_group_decorator to 2024-05-10 00:00:00+00:00, run_after=2024-05-11 00:00:00+00:00
[2024-05-11T11:34:07.928+0000] {processor.py:183} INFO - Processing /home/airflow/.local/lib/python3.12/site-packages/airflow/example_dags/example_task_group_decorator.py took 0.089 seconds
[2024-05-11T11:34:38.118+0000] {processor.py:161} INFO - Started process (PID=491) to work on /home/airflow/.local/lib/python3.12/site-packages/airflow/example_dags/example_task_group_decorator.py
[2024-05-11T11:34:38.119+0000] {processor.py:830} INFO - Processing file /home/airflow/.local/lib/python3.12/site-packages/airflow/example_dags/example_task_group_decorator.py for tasks to queue
[2024-05-11T11:34:38.121+0000] {logging_mixin.py:188} INFO - [2024-05-11T11:34:38.121+0000] {dagbag.py:545} INFO - Filling up the DagBag from /home/airflow/.local/lib/python3.12/site-packages/airflow/example_dags/example_task_group_decorator.py
[2024-05-11T11:34:38.133+0000] {processor.py:840} INFO - DAG(s) 'example_task_group_decorator' retrieved from /home/airflow/.local/lib/python3.12/site-packages/airflow/example_dags/example_task_group_decorator.py
[2024-05-11T11:34:38.143+0000] {logging_mixin.py:188} INFO - [2024-05-11T11:34:38.143+0000] {dag.py:3096} INFO - Sync 1 DAGs
[2024-05-11T11:34:38.162+0000] {logging_mixin.py:188} INFO - [2024-05-11T11:34:38.162+0000] {dag.py:3954} INFO - Setting next_dagrun for example_task_group_decorator to 2024-05-10 00:00:00+00:00, run_after=2024-05-11 00:00:00+00:00
[2024-05-11T11:34:38.178+0000] {processor.py:183} INFO - Processing /home/airflow/.local/lib/python3.12/site-packages/airflow/example_dags/example_task_group_decorator.py took 0.065 seconds
[2024-05-11T15:07:45.872+0000] {processor.py:161} INFO - Started process (PID=62) to work on /home/airflow/.local/lib/python3.12/site-packages/airflow/example_dags/example_task_group_decorator.py
[2024-05-11T15:07:45.925+0000] {processor.py:830} INFO - Processing file /home/airflow/.local/lib/python3.12/site-packages/airflow/example_dags/example_task_group_decorator.py for tasks to queue
[2024-05-11T15:07:45.932+0000] {logging_mixin.py:188} INFO - [2024-05-11T15:07:45.930+0000] {dagbag.py:545} INFO - Filling up the DagBag from /home/airflow/.local/lib/python3.12/site-packages/airflow/example_dags/example_task_group_decorator.py
[2024-05-11T15:07:46.061+0000] {processor.py:840} INFO - DAG(s) 'example_task_group_decorator' retrieved from /home/airflow/.local/lib/python3.12/site-packages/airflow/example_dags/example_task_group_decorator.py
[2024-05-11T15:07:46.980+0000] {logging_mixin.py:188} INFO - [2024-05-11T15:07:46.980+0000] {dag.py:3096} INFO - Sync 1 DAGs
[2024-05-11T15:07:47.062+0000] {logging_mixin.py:188} INFO - [2024-05-11T15:07:47.062+0000] {dag.py:3954} INFO - Setting next_dagrun for example_task_group_decorator to 2024-05-10 00:00:00+00:00, run_after=2024-05-11 00:00:00+00:00
[2024-05-11T15:07:47.283+0000] {processor.py:183} INFO - Processing /home/airflow/.local/lib/python3.12/site-packages/airflow/example_dags/example_task_group_decorator.py took 1.448 seconds
[2024-05-11T15:18:29.009+0000] {processor.py:161} INFO - Started process (PID=62) to work on /home/airflow/.local/lib/python3.12/site-packages/airflow/example_dags/example_task_group_decorator.py
[2024-05-11T15:18:29.011+0000] {processor.py:830} INFO - Processing file /home/airflow/.local/lib/python3.12/site-packages/airflow/example_dags/example_task_group_decorator.py for tasks to queue
[2024-05-11T15:18:29.014+0000] {logging_mixin.py:188} INFO - [2024-05-11T15:18:29.014+0000] {dagbag.py:545} INFO - Filling up the DagBag from /home/airflow/.local/lib/python3.12/site-packages/airflow/example_dags/example_task_group_decorator.py
[2024-05-11T15:18:29.037+0000] {processor.py:840} INFO - DAG(s) 'example_task_group_decorator' retrieved from /home/airflow/.local/lib/python3.12/site-packages/airflow/example_dags/example_task_group_decorator.py
[2024-05-11T15:18:29.051+0000] {logging_mixin.py:188} INFO - [2024-05-11T15:18:29.050+0000] {dag.py:3096} INFO - Sync 1 DAGs
[2024-05-11T15:18:29.085+0000] {logging_mixin.py:188} INFO - [2024-05-11T15:18:29.084+0000] {dag.py:3954} INFO - Setting next_dagrun for example_task_group_decorator to 2024-05-10 00:00:00+00:00, run_after=2024-05-11 00:00:00+00:00
[2024-05-11T15:18:29.110+0000] {processor.py:183} INFO - Processing /home/airflow/.local/lib/python3.12/site-packages/airflow/example_dags/example_task_group_decorator.py took 0.110 seconds
[2024-05-11T15:18:59.524+0000] {processor.py:161} INFO - Started process (PID=120) to work on /home/airflow/.local/lib/python3.12/site-packages/airflow/example_dags/example_task_group_decorator.py
[2024-05-11T15:18:59.525+0000] {processor.py:830} INFO - Processing file /home/airflow/.local/lib/python3.12/site-packages/airflow/example_dags/example_task_group_decorator.py for tasks to queue
[2024-05-11T15:18:59.530+0000] {logging_mixin.py:188} INFO - [2024-05-11T15:18:59.529+0000] {dagbag.py:545} INFO - Filling up the DagBag from /home/airflow/.local/lib/python3.12/site-packages/airflow/example_dags/example_task_group_decorator.py
[2024-05-11T15:18:59.548+0000] {processor.py:840} INFO - DAG(s) 'example_task_group_decorator' retrieved from /home/airflow/.local/lib/python3.12/site-packages/airflow/example_dags/example_task_group_decorator.py
[2024-05-11T15:18:59.561+0000] {logging_mixin.py:188} INFO - [2024-05-11T15:18:59.560+0000] {dag.py:3096} INFO - Sync 1 DAGs
[2024-05-11T15:18:59.588+0000] {logging_mixin.py:188} INFO - [2024-05-11T15:18:59.588+0000] {dag.py:3954} INFO - Setting next_dagrun for example_task_group_decorator to 2024-05-10 00:00:00+00:00, run_after=2024-05-11 00:00:00+00:00
[2024-05-11T15:18:59.616+0000] {processor.py:183} INFO - Processing /home/airflow/.local/lib/python3.12/site-packages/airflow/example_dags/example_task_group_decorator.py took 0.105 seconds
[2024-05-11T15:19:30.983+0000] {processor.py:161} INFO - Started process (PID=178) to work on /home/airflow/.local/lib/python3.12/site-packages/airflow/example_dags/example_task_group_decorator.py
[2024-05-11T15:19:30.984+0000] {processor.py:830} INFO - Processing file /home/airflow/.local/lib/python3.12/site-packages/airflow/example_dags/example_task_group_decorator.py for tasks to queue
[2024-05-11T15:19:30.986+0000] {logging_mixin.py:188} INFO - [2024-05-11T15:19:30.985+0000] {dagbag.py:545} INFO - Filling up the DagBag from /home/airflow/.local/lib/python3.12/site-packages/airflow/example_dags/example_task_group_decorator.py
[2024-05-11T15:19:30.997+0000] {processor.py:840} INFO - DAG(s) 'example_task_group_decorator' retrieved from /home/airflow/.local/lib/python3.12/site-packages/airflow/example_dags/example_task_group_decorator.py
[2024-05-11T15:19:31.088+0000] {logging_mixin.py:188} INFO - [2024-05-11T15:19:31.088+0000] {dag.py:3096} INFO - Sync 1 DAGs
[2024-05-11T15:19:31.107+0000] {logging_mixin.py:188} INFO - [2024-05-11T15:19:31.107+0000] {dag.py:3954} INFO - Setting next_dagrun for example_task_group_decorator to 2024-05-10 00:00:00+00:00, run_after=2024-05-11 00:00:00+00:00
[2024-05-11T15:19:31.124+0000] {processor.py:183} INFO - Processing /home/airflow/.local/lib/python3.12/site-packages/airflow/example_dags/example_task_group_decorator.py took 0.145 seconds
[2024-05-11T15:20:01.394+0000] {processor.py:161} INFO - Started process (PID=236) to work on /home/airflow/.local/lib/python3.12/site-packages/airflow/example_dags/example_task_group_decorator.py
[2024-05-11T15:20:01.395+0000] {processor.py:830} INFO - Processing file /home/airflow/.local/lib/python3.12/site-packages/airflow/example_dags/example_task_group_decorator.py for tasks to queue
[2024-05-11T15:20:01.397+0000] {logging_mixin.py:188} INFO - [2024-05-11T15:20:01.397+0000] {dagbag.py:545} INFO - Filling up the DagBag from /home/airflow/.local/lib/python3.12/site-packages/airflow/example_dags/example_task_group_decorator.py
[2024-05-11T15:20:01.408+0000] {processor.py:840} INFO - DAG(s) 'example_task_group_decorator' retrieved from /home/airflow/.local/lib/python3.12/site-packages/airflow/example_dags/example_task_group_decorator.py
[2024-05-11T15:20:01.430+0000] {logging_mixin.py:188} INFO - [2024-05-11T15:20:01.430+0000] {dag.py:3096} INFO - Sync 1 DAGs
[2024-05-11T15:20:01.450+0000] {logging_mixin.py:188} INFO - [2024-05-11T15:20:01.449+0000] {dag.py:3954} INFO - Setting next_dagrun for example_task_group_decorator to 2024-05-10 00:00:00+00:00, run_after=2024-05-11 00:00:00+00:00
[2024-05-11T15:20:01.466+0000] {processor.py:183} INFO - Processing /home/airflow/.local/lib/python3.12/site-packages/airflow/example_dags/example_task_group_decorator.py took 0.076 seconds
[2024-05-11T15:20:32.499+0000] {processor.py:161} INFO - Started process (PID=294) to work on /home/airflow/.local/lib/python3.12/site-packages/airflow/example_dags/example_task_group_decorator.py
[2024-05-11T15:20:32.501+0000] {processor.py:830} INFO - Processing file /home/airflow/.local/lib/python3.12/site-packages/airflow/example_dags/example_task_group_decorator.py for tasks to queue
[2024-05-11T15:20:32.504+0000] {logging_mixin.py:188} INFO - [2024-05-11T15:20:32.503+0000] {dagbag.py:545} INFO - Filling up the DagBag from /home/airflow/.local/lib/python3.12/site-packages/airflow/example_dags/example_task_group_decorator.py
[2024-05-11T15:20:32.524+0000] {processor.py:840} INFO - DAG(s) 'example_task_group_decorator' retrieved from /home/airflow/.local/lib/python3.12/site-packages/airflow/example_dags/example_task_group_decorator.py
[2024-05-11T15:20:32.562+0000] {logging_mixin.py:188} INFO - [2024-05-11T15:20:32.562+0000] {dag.py:3096} INFO - Sync 1 DAGs
[2024-05-11T15:20:32.590+0000] {logging_mixin.py:188} INFO - [2024-05-11T15:20:32.589+0000] {dag.py:3954} INFO - Setting next_dagrun for example_task_group_decorator to 2024-05-10 00:00:00+00:00, run_after=2024-05-11 00:00:00+00:00
[2024-05-11T15:20:32.618+0000] {processor.py:183} INFO - Processing /home/airflow/.local/lib/python3.12/site-packages/airflow/example_dags/example_task_group_decorator.py took 0.126 seconds
[2024-05-11T15:27:04.822+0000] {processor.py:161} INFO - Started process (PID=70) to work on /home/airflow/.local/lib/python3.12/site-packages/airflow/example_dags/example_task_group_decorator.py
[2024-05-11T15:27:04.827+0000] {processor.py:830} INFO - Processing file /home/airflow/.local/lib/python3.12/site-packages/airflow/example_dags/example_task_group_decorator.py for tasks to queue
[2024-05-11T15:27:04.855+0000] {logging_mixin.py:188} INFO - [2024-05-11T15:27:04.851+0000] {dagbag.py:545} INFO - Filling up the DagBag from /home/airflow/.local/lib/python3.12/site-packages/airflow/example_dags/example_task_group_decorator.py
[2024-05-11T15:27:05.002+0000] {processor.py:840} INFO - DAG(s) 'example_task_group_decorator' retrieved from /home/airflow/.local/lib/python3.12/site-packages/airflow/example_dags/example_task_group_decorator.py
[2024-05-11T15:27:05.734+0000] {logging_mixin.py:188} INFO - [2024-05-11T15:27:05.733+0000] {dag.py:3096} INFO - Sync 1 DAGs
[2024-05-11T15:27:05.813+0000] {logging_mixin.py:188} INFO - [2024-05-11T15:27:05.812+0000] {dag.py:3954} INFO - Setting next_dagrun for example_task_group_decorator to 2024-05-10 00:00:00+00:00, run_after=2024-05-11 00:00:00+00:00
[2024-05-11T15:27:05.910+0000] {processor.py:183} INFO - Processing /home/airflow/.local/lib/python3.12/site-packages/airflow/example_dags/example_task_group_decorator.py took 1.101 seconds
[2024-05-11T15:27:36.030+0000] {processor.py:161} INFO - Started process (PID=127) to work on /home/airflow/.local/lib/python3.12/site-packages/airflow/example_dags/example_task_group_decorator.py
[2024-05-11T15:27:36.037+0000] {processor.py:830} INFO - Processing file /home/airflow/.local/lib/python3.12/site-packages/airflow/example_dags/example_task_group_decorator.py for tasks to queue
[2024-05-11T15:27:36.052+0000] {logging_mixin.py:188} INFO - [2024-05-11T15:27:36.050+0000] {dagbag.py:545} INFO - Filling up the DagBag from /home/airflow/.local/lib/python3.12/site-packages/airflow/example_dags/example_task_group_decorator.py
[2024-05-11T15:27:36.141+0000] {processor.py:840} INFO - DAG(s) 'example_task_group_decorator' retrieved from /home/airflow/.local/lib/python3.12/site-packages/airflow/example_dags/example_task_group_decorator.py
[2024-05-11T15:27:36.281+0000] {logging_mixin.py:188} INFO - [2024-05-11T15:27:36.281+0000] {dag.py:3096} INFO - Sync 1 DAGs
[2024-05-11T15:27:36.360+0000] {logging_mixin.py:188} INFO - [2024-05-11T15:27:36.360+0000] {dag.py:3954} INFO - Setting next_dagrun for example_task_group_decorator to 2024-05-10 00:00:00+00:00, run_after=2024-05-11 00:00:00+00:00
[2024-05-11T15:27:36.444+0000] {processor.py:183} INFO - Processing /home/airflow/.local/lib/python3.12/site-packages/airflow/example_dags/example_task_group_decorator.py took 0.478 seconds
[2024-05-11T15:28:07.134+0000] {processor.py:161} INFO - Started process (PID=186) to work on /home/airflow/.local/lib/python3.12/site-packages/airflow/example_dags/example_task_group_decorator.py
[2024-05-11T15:28:07.135+0000] {processor.py:830} INFO - Processing file /home/airflow/.local/lib/python3.12/site-packages/airflow/example_dags/example_task_group_decorator.py for tasks to queue
[2024-05-11T15:28:07.136+0000] {logging_mixin.py:188} INFO - [2024-05-11T15:28:07.136+0000] {dagbag.py:545} INFO - Filling up the DagBag from /home/airflow/.local/lib/python3.12/site-packages/airflow/example_dags/example_task_group_decorator.py
[2024-05-11T15:28:07.148+0000] {processor.py:840} INFO - DAG(s) 'example_task_group_decorator' retrieved from /home/airflow/.local/lib/python3.12/site-packages/airflow/example_dags/example_task_group_decorator.py
[2024-05-11T15:28:07.171+0000] {logging_mixin.py:188} INFO - [2024-05-11T15:28:07.171+0000] {dag.py:3096} INFO - Sync 1 DAGs
[2024-05-11T15:28:07.190+0000] {logging_mixin.py:188} INFO - [2024-05-11T15:28:07.190+0000] {dag.py:3954} INFO - Setting next_dagrun for example_task_group_decorator to 2024-05-10 00:00:00+00:00, run_after=2024-05-11 00:00:00+00:00
[2024-05-11T15:28:07.207+0000] {processor.py:183} INFO - Processing /home/airflow/.local/lib/python3.12/site-packages/airflow/example_dags/example_task_group_decorator.py took 0.078 seconds
[2024-05-11T15:28:37.332+0000] {processor.py:161} INFO - Started process (PID=244) to work on /home/airflow/.local/lib/python3.12/site-packages/airflow/example_dags/example_task_group_decorator.py
[2024-05-11T15:28:37.333+0000] {processor.py:830} INFO - Processing file /home/airflow/.local/lib/python3.12/site-packages/airflow/example_dags/example_task_group_decorator.py for tasks to queue
[2024-05-11T15:28:37.334+0000] {logging_mixin.py:188} INFO - [2024-05-11T15:28:37.334+0000] {dagbag.py:545} INFO - Filling up the DagBag from /home/airflow/.local/lib/python3.12/site-packages/airflow/example_dags/example_task_group_decorator.py
[2024-05-11T15:28:37.346+0000] {processor.py:840} INFO - DAG(s) 'example_task_group_decorator' retrieved from /home/airflow/.local/lib/python3.12/site-packages/airflow/example_dags/example_task_group_decorator.py
[2024-05-11T15:28:37.367+0000] {logging_mixin.py:188} INFO - [2024-05-11T15:28:37.367+0000] {dag.py:3096} INFO - Sync 1 DAGs
[2024-05-11T15:28:37.386+0000] {logging_mixin.py:188} INFO - [2024-05-11T15:28:37.385+0000] {dag.py:3954} INFO - Setting next_dagrun for example_task_group_decorator to 2024-05-10 00:00:00+00:00, run_after=2024-05-11 00:00:00+00:00
[2024-05-11T15:28:37.407+0000] {processor.py:183} INFO - Processing /home/airflow/.local/lib/python3.12/site-packages/airflow/example_dags/example_task_group_decorator.py took 0.079 seconds
[2024-05-11T15:46:19.842+0000] {processor.py:161} INFO - Started process (PID=68) to work on /home/airflow/.local/lib/python3.12/site-packages/airflow/example_dags/example_task_group_decorator.py
[2024-05-11T15:46:19.852+0000] {processor.py:830} INFO - Processing file /home/airflow/.local/lib/python3.12/site-packages/airflow/example_dags/example_task_group_decorator.py for tasks to queue
[2024-05-11T15:46:19.903+0000] {logging_mixin.py:188} INFO - [2024-05-11T15:46:19.900+0000] {dagbag.py:545} INFO - Filling up the DagBag from /home/airflow/.local/lib/python3.12/site-packages/airflow/example_dags/example_task_group_decorator.py
[2024-05-11T15:46:20.010+0000] {processor.py:840} INFO - DAG(s) 'example_task_group_decorator' retrieved from /home/airflow/.local/lib/python3.12/site-packages/airflow/example_dags/example_task_group_decorator.py
[2024-05-11T15:46:21.169+0000] {logging_mixin.py:188} INFO - [2024-05-11T15:46:21.168+0000] {dag.py:3096} INFO - Sync 1 DAGs
[2024-05-11T15:46:21.435+0000] {logging_mixin.py:188} INFO - [2024-05-11T15:46:21.434+0000] {dag.py:3954} INFO - Setting next_dagrun for example_task_group_decorator to 2024-05-10 00:00:00+00:00, run_after=2024-05-11 00:00:00+00:00
[2024-05-11T15:46:21.520+0000] {processor.py:183} INFO - Processing /home/airflow/.local/lib/python3.12/site-packages/airflow/example_dags/example_task_group_decorator.py took 1.715 seconds
[2024-05-11T15:46:51.947+0000] {processor.py:161} INFO - Started process (PID=126) to work on /home/airflow/.local/lib/python3.12/site-packages/airflow/example_dags/example_task_group_decorator.py
[2024-05-11T15:46:51.947+0000] {processor.py:830} INFO - Processing file /home/airflow/.local/lib/python3.12/site-packages/airflow/example_dags/example_task_group_decorator.py for tasks to queue
[2024-05-11T15:46:51.949+0000] {logging_mixin.py:188} INFO - [2024-05-11T15:46:51.949+0000] {dagbag.py:545} INFO - Filling up the DagBag from /home/airflow/.local/lib/python3.12/site-packages/airflow/example_dags/example_task_group_decorator.py
[2024-05-11T15:46:51.970+0000] {processor.py:840} INFO - DAG(s) 'example_task_group_decorator' retrieved from /home/airflow/.local/lib/python3.12/site-packages/airflow/example_dags/example_task_group_decorator.py
[2024-05-11T15:46:51.993+0000] {logging_mixin.py:188} INFO - [2024-05-11T15:46:51.992+0000] {dag.py:3096} INFO - Sync 1 DAGs
[2024-05-11T15:46:52.012+0000] {logging_mixin.py:188} INFO - [2024-05-11T15:46:52.012+0000] {dag.py:3954} INFO - Setting next_dagrun for example_task_group_decorator to 2024-05-10 00:00:00+00:00, run_after=2024-05-11 00:00:00+00:00
[2024-05-11T15:46:52.030+0000] {processor.py:183} INFO - Processing /home/airflow/.local/lib/python3.12/site-packages/airflow/example_dags/example_task_group_decorator.py took 0.088 seconds
[2024-05-11T15:47:22.337+0000] {processor.py:161} INFO - Started process (PID=184) to work on /home/airflow/.local/lib/python3.12/site-packages/airflow/example_dags/example_task_group_decorator.py
[2024-05-11T15:47:22.403+0000] {processor.py:830} INFO - Processing file /home/airflow/.local/lib/python3.12/site-packages/airflow/example_dags/example_task_group_decorator.py for tasks to queue
[2024-05-11T15:47:22.405+0000] {logging_mixin.py:188} INFO - [2024-05-11T15:47:22.405+0000] {dagbag.py:545} INFO - Filling up the DagBag from /home/airflow/.local/lib/python3.12/site-packages/airflow/example_dags/example_task_group_decorator.py
[2024-05-11T15:47:22.417+0000] {processor.py:840} INFO - DAG(s) 'example_task_group_decorator' retrieved from /home/airflow/.local/lib/python3.12/site-packages/airflow/example_dags/example_task_group_decorator.py
[2024-05-11T15:47:22.473+0000] {logging_mixin.py:188} INFO - [2024-05-11T15:47:22.473+0000] {dag.py:3096} INFO - Sync 1 DAGs
[2024-05-11T15:47:22.500+0000] {logging_mixin.py:188} INFO - [2024-05-11T15:47:22.500+0000] {dag.py:3954} INFO - Setting next_dagrun for example_task_group_decorator to 2024-05-10 00:00:00+00:00, run_after=2024-05-11 00:00:00+00:00
[2024-05-11T15:47:22.854+0000] {processor.py:183} INFO - Processing /home/airflow/.local/lib/python3.12/site-packages/airflow/example_dags/example_task_group_decorator.py took 0.522 seconds
[2024-05-11T15:47:53.212+0000] {processor.py:161} INFO - Started process (PID=242) to work on /home/airflow/.local/lib/python3.12/site-packages/airflow/example_dags/example_task_group_decorator.py
[2024-05-11T15:47:53.213+0000] {processor.py:830} INFO - Processing file /home/airflow/.local/lib/python3.12/site-packages/airflow/example_dags/example_task_group_decorator.py for tasks to queue
[2024-05-11T15:47:53.214+0000] {logging_mixin.py:188} INFO - [2024-05-11T15:47:53.214+0000] {dagbag.py:545} INFO - Filling up the DagBag from /home/airflow/.local/lib/python3.12/site-packages/airflow/example_dags/example_task_group_decorator.py
[2024-05-11T15:47:53.227+0000] {processor.py:840} INFO - DAG(s) 'example_task_group_decorator' retrieved from /home/airflow/.local/lib/python3.12/site-packages/airflow/example_dags/example_task_group_decorator.py
[2024-05-11T15:47:53.256+0000] {logging_mixin.py:188} INFO - [2024-05-11T15:47:53.256+0000] {dag.py:3096} INFO - Sync 1 DAGs
[2024-05-11T15:47:53.277+0000] {logging_mixin.py:188} INFO - [2024-05-11T15:47:53.277+0000] {dag.py:3954} INFO - Setting next_dagrun for example_task_group_decorator to 2024-05-10 00:00:00+00:00, run_after=2024-05-11 00:00:00+00:00
[2024-05-11T15:47:53.300+0000] {processor.py:183} INFO - Processing /home/airflow/.local/lib/python3.12/site-packages/airflow/example_dags/example_task_group_decorator.py took 0.093 seconds
[2024-05-11T15:48:23.413+0000] {processor.py:161} INFO - Started process (PID=300) to work on /home/airflow/.local/lib/python3.12/site-packages/airflow/example_dags/example_task_group_decorator.py
[2024-05-11T15:48:23.413+0000] {processor.py:830} INFO - Processing file /home/airflow/.local/lib/python3.12/site-packages/airflow/example_dags/example_task_group_decorator.py for tasks to queue
[2024-05-11T15:48:23.415+0000] {logging_mixin.py:188} INFO - [2024-05-11T15:48:23.414+0000] {dagbag.py:545} INFO - Filling up the DagBag from /home/airflow/.local/lib/python3.12/site-packages/airflow/example_dags/example_task_group_decorator.py
[2024-05-11T15:48:23.426+0000] {processor.py:840} INFO - DAG(s) 'example_task_group_decorator' retrieved from /home/airflow/.local/lib/python3.12/site-packages/airflow/example_dags/example_task_group_decorator.py
[2024-05-11T15:48:23.447+0000] {logging_mixin.py:188} INFO - [2024-05-11T15:48:23.447+0000] {dag.py:3096} INFO - Sync 1 DAGs
[2024-05-11T15:48:23.465+0000] {logging_mixin.py:188} INFO - [2024-05-11T15:48:23.465+0000] {dag.py:3954} INFO - Setting next_dagrun for example_task_group_decorator to 2024-05-10 00:00:00+00:00, run_after=2024-05-11 00:00:00+00:00
[2024-05-11T15:48:23.480+0000] {processor.py:183} INFO - Processing /home/airflow/.local/lib/python3.12/site-packages/airflow/example_dags/example_task_group_decorator.py took 0.072 seconds
[2024-05-11T15:48:53.730+0000] {processor.py:161} INFO - Started process (PID=358) to work on /home/airflow/.local/lib/python3.12/site-packages/airflow/example_dags/example_task_group_decorator.py
[2024-05-11T15:48:53.731+0000] {processor.py:830} INFO - Processing file /home/airflow/.local/lib/python3.12/site-packages/airflow/example_dags/example_task_group_decorator.py for tasks to queue
[2024-05-11T15:48:53.733+0000] {logging_mixin.py:188} INFO - [2024-05-11T15:48:53.733+0000] {dagbag.py:545} INFO - Filling up the DagBag from /home/airflow/.local/lib/python3.12/site-packages/airflow/example_dags/example_task_group_decorator.py
[2024-05-11T15:48:53.749+0000] {processor.py:840} INFO - DAG(s) 'example_task_group_decorator' retrieved from /home/airflow/.local/lib/python3.12/site-packages/airflow/example_dags/example_task_group_decorator.py
[2024-05-11T15:48:53.779+0000] {logging_mixin.py:188} INFO - [2024-05-11T15:48:53.778+0000] {dag.py:3096} INFO - Sync 1 DAGs
[2024-05-11T15:48:53.804+0000] {logging_mixin.py:188} INFO - [2024-05-11T15:48:53.804+0000] {dag.py:3954} INFO - Setting next_dagrun for example_task_group_decorator to 2024-05-10 00:00:00+00:00, run_after=2024-05-11 00:00:00+00:00
[2024-05-11T15:48:53.825+0000] {processor.py:183} INFO - Processing /home/airflow/.local/lib/python3.12/site-packages/airflow/example_dags/example_task_group_decorator.py took 0.101 seconds
[2024-05-11T15:49:24.307+0000] {processor.py:161} INFO - Started process (PID=416) to work on /home/airflow/.local/lib/python3.12/site-packages/airflow/example_dags/example_task_group_decorator.py
[2024-05-11T15:49:24.308+0000] {processor.py:830} INFO - Processing file /home/airflow/.local/lib/python3.12/site-packages/airflow/example_dags/example_task_group_decorator.py for tasks to queue
[2024-05-11T15:49:24.310+0000] {logging_mixin.py:188} INFO - [2024-05-11T15:49:24.310+0000] {dagbag.py:545} INFO - Filling up the DagBag from /home/airflow/.local/lib/python3.12/site-packages/airflow/example_dags/example_task_group_decorator.py
[2024-05-11T15:49:24.322+0000] {processor.py:840} INFO - DAG(s) 'example_task_group_decorator' retrieved from /home/airflow/.local/lib/python3.12/site-packages/airflow/example_dags/example_task_group_decorator.py
[2024-05-11T15:49:24.345+0000] {logging_mixin.py:188} INFO - [2024-05-11T15:49:24.344+0000] {dag.py:3096} INFO - Sync 1 DAGs
[2024-05-11T15:49:24.366+0000] {logging_mixin.py:188} INFO - [2024-05-11T15:49:24.366+0000] {dag.py:3954} INFO - Setting next_dagrun for example_task_group_decorator to 2024-05-10 00:00:00+00:00, run_after=2024-05-11 00:00:00+00:00
[2024-05-11T15:49:24.384+0000] {processor.py:183} INFO - Processing /home/airflow/.local/lib/python3.12/site-packages/airflow/example_dags/example_task_group_decorator.py took 0.082 seconds
[2024-05-11T15:49:54.463+0000] {processor.py:161} INFO - Started process (PID=475) to work on /home/airflow/.local/lib/python3.12/site-packages/airflow/example_dags/example_task_group_decorator.py
[2024-05-11T15:49:54.463+0000] {processor.py:830} INFO - Processing file /home/airflow/.local/lib/python3.12/site-packages/airflow/example_dags/example_task_group_decorator.py for tasks to queue
[2024-05-11T15:49:54.465+0000] {logging_mixin.py:188} INFO - [2024-05-11T15:49:54.465+0000] {dagbag.py:545} INFO - Filling up the DagBag from /home/airflow/.local/lib/python3.12/site-packages/airflow/example_dags/example_task_group_decorator.py
[2024-05-11T15:49:54.476+0000] {processor.py:840} INFO - DAG(s) 'example_task_group_decorator' retrieved from /home/airflow/.local/lib/python3.12/site-packages/airflow/example_dags/example_task_group_decorator.py
[2024-05-11T15:49:54.499+0000] {logging_mixin.py:188} INFO - [2024-05-11T15:49:54.498+0000] {dag.py:3096} INFO - Sync 1 DAGs
[2024-05-11T15:49:54.519+0000] {logging_mixin.py:188} INFO - [2024-05-11T15:49:54.518+0000] {dag.py:3954} INFO - Setting next_dagrun for example_task_group_decorator to 2024-05-10 00:00:00+00:00, run_after=2024-05-11 00:00:00+00:00
[2024-05-11T15:49:54.542+0000] {processor.py:183} INFO - Processing /home/airflow/.local/lib/python3.12/site-packages/airflow/example_dags/example_task_group_decorator.py took 0.084 seconds
[2024-05-11T15:50:24.982+0000] {processor.py:161} INFO - Started process (PID=533) to work on /home/airflow/.local/lib/python3.12/site-packages/airflow/example_dags/example_task_group_decorator.py
[2024-05-11T15:50:24.983+0000] {processor.py:830} INFO - Processing file /home/airflow/.local/lib/python3.12/site-packages/airflow/example_dags/example_task_group_decorator.py for tasks to queue
[2024-05-11T15:50:24.985+0000] {logging_mixin.py:188} INFO - [2024-05-11T15:50:24.984+0000] {dagbag.py:545} INFO - Filling up the DagBag from /home/airflow/.local/lib/python3.12/site-packages/airflow/example_dags/example_task_group_decorator.py
[2024-05-11T15:50:24.997+0000] {processor.py:840} INFO - DAG(s) 'example_task_group_decorator' retrieved from /home/airflow/.local/lib/python3.12/site-packages/airflow/example_dags/example_task_group_decorator.py
[2024-05-11T15:50:25.021+0000] {logging_mixin.py:188} INFO - [2024-05-11T15:50:25.021+0000] {dag.py:3096} INFO - Sync 1 DAGs
[2024-05-11T15:50:25.041+0000] {logging_mixin.py:188} INFO - [2024-05-11T15:50:25.041+0000] {dag.py:3954} INFO - Setting next_dagrun for example_task_group_decorator to 2024-05-10 00:00:00+00:00, run_after=2024-05-11 00:00:00+00:00
[2024-05-11T15:50:25.057+0000] {processor.py:183} INFO - Processing /home/airflow/.local/lib/python3.12/site-packages/airflow/example_dags/example_task_group_decorator.py took 0.080 seconds
[2024-05-11T15:50:55.309+0000] {processor.py:161} INFO - Started process (PID=591) to work on /home/airflow/.local/lib/python3.12/site-packages/airflow/example_dags/example_task_group_decorator.py
[2024-05-11T15:50:55.310+0000] {processor.py:830} INFO - Processing file /home/airflow/.local/lib/python3.12/site-packages/airflow/example_dags/example_task_group_decorator.py for tasks to queue
[2024-05-11T15:50:55.312+0000] {logging_mixin.py:188} INFO - [2024-05-11T15:50:55.311+0000] {dagbag.py:545} INFO - Filling up the DagBag from /home/airflow/.local/lib/python3.12/site-packages/airflow/example_dags/example_task_group_decorator.py
[2024-05-11T15:50:55.330+0000] {processor.py:840} INFO - DAG(s) 'example_task_group_decorator' retrieved from /home/airflow/.local/lib/python3.12/site-packages/airflow/example_dags/example_task_group_decorator.py
[2024-05-11T15:50:55.366+0000] {logging_mixin.py:188} INFO - [2024-05-11T15:50:55.364+0000] {dag.py:3096} INFO - Sync 1 DAGs
[2024-05-11T15:50:55.409+0000] {logging_mixin.py:188} INFO - [2024-05-11T15:50:55.409+0000] {dag.py:3954} INFO - Setting next_dagrun for example_task_group_decorator to 2024-05-10 00:00:00+00:00, run_after=2024-05-11 00:00:00+00:00
[2024-05-11T15:50:55.442+0000] {processor.py:183} INFO - Processing /home/airflow/.local/lib/python3.12/site-packages/airflow/example_dags/example_task_group_decorator.py took 0.141 seconds
[2024-05-11T15:51:25.571+0000] {processor.py:161} INFO - Started process (PID=649) to work on /home/airflow/.local/lib/python3.12/site-packages/airflow/example_dags/example_task_group_decorator.py
[2024-05-11T15:51:25.572+0000] {processor.py:830} INFO - Processing file /home/airflow/.local/lib/python3.12/site-packages/airflow/example_dags/example_task_group_decorator.py for tasks to queue
[2024-05-11T15:51:25.573+0000] {logging_mixin.py:188} INFO - [2024-05-11T15:51:25.573+0000] {dagbag.py:545} INFO - Filling up the DagBag from /home/airflow/.local/lib/python3.12/site-packages/airflow/example_dags/example_task_group_decorator.py
[2024-05-11T15:51:25.585+0000] {processor.py:840} INFO - DAG(s) 'example_task_group_decorator' retrieved from /home/airflow/.local/lib/python3.12/site-packages/airflow/example_dags/example_task_group_decorator.py
[2024-05-11T15:51:25.607+0000] {logging_mixin.py:188} INFO - [2024-05-11T15:51:25.607+0000] {dag.py:3096} INFO - Sync 1 DAGs
[2024-05-11T15:51:25.626+0000] {logging_mixin.py:188} INFO - [2024-05-11T15:51:25.626+0000] {dag.py:3954} INFO - Setting next_dagrun for example_task_group_decorator to 2024-05-10 00:00:00+00:00, run_after=2024-05-11 00:00:00+00:00
[2024-05-11T15:51:25.642+0000] {processor.py:183} INFO - Processing /home/airflow/.local/lib/python3.12/site-packages/airflow/example_dags/example_task_group_decorator.py took 0.075 seconds
[2024-05-11T15:51:56.446+0000] {processor.py:161} INFO - Started process (PID=707) to work on /home/airflow/.local/lib/python3.12/site-packages/airflow/example_dags/example_task_group_decorator.py
[2024-05-11T15:51:56.447+0000] {processor.py:830} INFO - Processing file /home/airflow/.local/lib/python3.12/site-packages/airflow/example_dags/example_task_group_decorator.py for tasks to queue
[2024-05-11T15:51:56.449+0000] {logging_mixin.py:188} INFO - [2024-05-11T15:51:56.448+0000] {dagbag.py:545} INFO - Filling up the DagBag from /home/airflow/.local/lib/python3.12/site-packages/airflow/example_dags/example_task_group_decorator.py
[2024-05-11T15:51:56.467+0000] {processor.py:840} INFO - DAG(s) 'example_task_group_decorator' retrieved from /home/airflow/.local/lib/python3.12/site-packages/airflow/example_dags/example_task_group_decorator.py
[2024-05-11T15:51:56.508+0000] {logging_mixin.py:188} INFO - [2024-05-11T15:51:56.507+0000] {dag.py:3096} INFO - Sync 1 DAGs
[2024-05-11T15:51:56.527+0000] {logging_mixin.py:188} INFO - [2024-05-11T15:51:56.527+0000] {dag.py:3954} INFO - Setting next_dagrun for example_task_group_decorator to 2024-05-10 00:00:00+00:00, run_after=2024-05-11 00:00:00+00:00
[2024-05-11T15:51:56.546+0000] {processor.py:183} INFO - Processing /home/airflow/.local/lib/python3.12/site-packages/airflow/example_dags/example_task_group_decorator.py took 0.104 seconds
[2024-05-11T15:52:27.602+0000] {processor.py:161} INFO - Started process (PID=765) to work on /home/airflow/.local/lib/python3.12/site-packages/airflow/example_dags/example_task_group_decorator.py
[2024-05-11T15:52:27.603+0000] {processor.py:830} INFO - Processing file /home/airflow/.local/lib/python3.12/site-packages/airflow/example_dags/example_task_group_decorator.py for tasks to queue
[2024-05-11T15:52:27.611+0000] {logging_mixin.py:188} INFO - [2024-05-11T15:52:27.611+0000] {dagbag.py:545} INFO - Filling up the DagBag from /home/airflow/.local/lib/python3.12/site-packages/airflow/example_dags/example_task_group_decorator.py
[2024-05-11T15:52:27.645+0000] {processor.py:840} INFO - DAG(s) 'example_task_group_decorator' retrieved from /home/airflow/.local/lib/python3.12/site-packages/airflow/example_dags/example_task_group_decorator.py
[2024-05-11T15:52:27.708+0000] {logging_mixin.py:188} INFO - [2024-05-11T15:52:27.707+0000] {dag.py:3096} INFO - Sync 1 DAGs
[2024-05-11T15:52:27.778+0000] {logging_mixin.py:188} INFO - [2024-05-11T15:52:27.777+0000] {dag.py:3954} INFO - Setting next_dagrun for example_task_group_decorator to 2024-05-10 00:00:00+00:00, run_after=2024-05-11 00:00:00+00:00
[2024-05-11T15:52:27.816+0000] {processor.py:183} INFO - Processing /home/airflow/.local/lib/python3.12/site-packages/airflow/example_dags/example_task_group_decorator.py took 0.223 seconds
[2024-05-11T15:52:58.523+0000] {processor.py:161} INFO - Started process (PID=823) to work on /home/airflow/.local/lib/python3.12/site-packages/airflow/example_dags/example_task_group_decorator.py
[2024-05-11T15:52:58.524+0000] {processor.py:830} INFO - Processing file /home/airflow/.local/lib/python3.12/site-packages/airflow/example_dags/example_task_group_decorator.py for tasks to queue
[2024-05-11T15:52:58.526+0000] {logging_mixin.py:188} INFO - [2024-05-11T15:52:58.525+0000] {dagbag.py:545} INFO - Filling up the DagBag from /home/airflow/.local/lib/python3.12/site-packages/airflow/example_dags/example_task_group_decorator.py
[2024-05-11T15:52:58.538+0000] {processor.py:840} INFO - DAG(s) 'example_task_group_decorator' retrieved from /home/airflow/.local/lib/python3.12/site-packages/airflow/example_dags/example_task_group_decorator.py
[2024-05-11T15:52:58.562+0000] {logging_mixin.py:188} INFO - [2024-05-11T15:52:58.561+0000] {dag.py:3096} INFO - Sync 1 DAGs
[2024-05-11T15:52:58.582+0000] {logging_mixin.py:188} INFO - [2024-05-11T15:52:58.582+0000] {dag.py:3954} INFO - Setting next_dagrun for example_task_group_decorator to 2024-05-10 00:00:00+00:00, run_after=2024-05-11 00:00:00+00:00
[2024-05-11T15:52:58.601+0000] {processor.py:183} INFO - Processing /home/airflow/.local/lib/python3.12/site-packages/airflow/example_dags/example_task_group_decorator.py took 0.082 seconds
[2024-05-11T15:53:28.773+0000] {processor.py:161} INFO - Started process (PID=881) to work on /home/airflow/.local/lib/python3.12/site-packages/airflow/example_dags/example_task_group_decorator.py
[2024-05-11T15:53:28.774+0000] {processor.py:830} INFO - Processing file /home/airflow/.local/lib/python3.12/site-packages/airflow/example_dags/example_task_group_decorator.py for tasks to queue
[2024-05-11T15:53:28.776+0000] {logging_mixin.py:188} INFO - [2024-05-11T15:53:28.775+0000] {dagbag.py:545} INFO - Filling up the DagBag from /home/airflow/.local/lib/python3.12/site-packages/airflow/example_dags/example_task_group_decorator.py
[2024-05-11T15:53:28.787+0000] {processor.py:840} INFO - DAG(s) 'example_task_group_decorator' retrieved from /home/airflow/.local/lib/python3.12/site-packages/airflow/example_dags/example_task_group_decorator.py
[2024-05-11T15:53:28.809+0000] {logging_mixin.py:188} INFO - [2024-05-11T15:53:28.808+0000] {dag.py:3096} INFO - Sync 1 DAGs
[2024-05-11T15:53:28.828+0000] {logging_mixin.py:188} INFO - [2024-05-11T15:53:28.828+0000] {dag.py:3954} INFO - Setting next_dagrun for example_task_group_decorator to 2024-05-10 00:00:00+00:00, run_after=2024-05-11 00:00:00+00:00
[2024-05-11T15:53:28.940+0000] {processor.py:183} INFO - Processing /home/airflow/.local/lib/python3.12/site-packages/airflow/example_dags/example_task_group_decorator.py took 0.172 seconds
[2024-05-11T15:53:59.250+0000] {processor.py:161} INFO - Started process (PID=939) to work on /home/airflow/.local/lib/python3.12/site-packages/airflow/example_dags/example_task_group_decorator.py
[2024-05-11T15:53:59.251+0000] {processor.py:830} INFO - Processing file /home/airflow/.local/lib/python3.12/site-packages/airflow/example_dags/example_task_group_decorator.py for tasks to queue
[2024-05-11T15:53:59.253+0000] {logging_mixin.py:188} INFO - [2024-05-11T15:53:59.253+0000] {dagbag.py:545} INFO - Filling up the DagBag from /home/airflow/.local/lib/python3.12/site-packages/airflow/example_dags/example_task_group_decorator.py
[2024-05-11T15:53:59.269+0000] {processor.py:840} INFO - DAG(s) 'example_task_group_decorator' retrieved from /home/airflow/.local/lib/python3.12/site-packages/airflow/example_dags/example_task_group_decorator.py
[2024-05-11T15:53:59.301+0000] {logging_mixin.py:188} INFO - [2024-05-11T15:53:59.301+0000] {dag.py:3096} INFO - Sync 1 DAGs
[2024-05-11T15:53:59.334+0000] {logging_mixin.py:188} INFO - [2024-05-11T15:53:59.333+0000] {dag.py:3954} INFO - Setting next_dagrun for example_task_group_decorator to 2024-05-10 00:00:00+00:00, run_after=2024-05-11 00:00:00+00:00
[2024-05-11T15:53:59.360+0000] {processor.py:183} INFO - Processing /home/airflow/.local/lib/python3.12/site-packages/airflow/example_dags/example_task_group_decorator.py took 0.117 seconds
[2024-05-11T15:54:29.547+0000] {processor.py:161} INFO - Started process (PID=997) to work on /home/airflow/.local/lib/python3.12/site-packages/airflow/example_dags/example_task_group_decorator.py
[2024-05-11T15:54:29.547+0000] {processor.py:830} INFO - Processing file /home/airflow/.local/lib/python3.12/site-packages/airflow/example_dags/example_task_group_decorator.py for tasks to queue
[2024-05-11T15:54:29.549+0000] {logging_mixin.py:188} INFO - [2024-05-11T15:54:29.548+0000] {dagbag.py:545} INFO - Filling up the DagBag from /home/airflow/.local/lib/python3.12/site-packages/airflow/example_dags/example_task_group_decorator.py
[2024-05-11T15:54:29.561+0000] {processor.py:840} INFO - DAG(s) 'example_task_group_decorator' retrieved from /home/airflow/.local/lib/python3.12/site-packages/airflow/example_dags/example_task_group_decorator.py
[2024-05-11T15:54:29.582+0000] {logging_mixin.py:188} INFO - [2024-05-11T15:54:29.582+0000] {dag.py:3096} INFO - Sync 1 DAGs
[2024-05-11T15:54:29.601+0000] {logging_mixin.py:188} INFO - [2024-05-11T15:54:29.600+0000] {dag.py:3954} INFO - Setting next_dagrun for example_task_group_decorator to 2024-05-10 00:00:00+00:00, run_after=2024-05-11 00:00:00+00:00
[2024-05-11T15:54:29.625+0000] {processor.py:183} INFO - Processing /home/airflow/.local/lib/python3.12/site-packages/airflow/example_dags/example_task_group_decorator.py took 0.083 seconds
[2024-05-11T15:55:00.177+0000] {processor.py:161} INFO - Started process (PID=1055) to work on /home/airflow/.local/lib/python3.12/site-packages/airflow/example_dags/example_task_group_decorator.py
[2024-05-11T15:55:00.178+0000] {processor.py:830} INFO - Processing file /home/airflow/.local/lib/python3.12/site-packages/airflow/example_dags/example_task_group_decorator.py for tasks to queue
[2024-05-11T15:55:00.180+0000] {logging_mixin.py:188} INFO - [2024-05-11T15:55:00.179+0000] {dagbag.py:545} INFO - Filling up the DagBag from /home/airflow/.local/lib/python3.12/site-packages/airflow/example_dags/example_task_group_decorator.py
[2024-05-11T15:55:00.192+0000] {processor.py:840} INFO - DAG(s) 'example_task_group_decorator' retrieved from /home/airflow/.local/lib/python3.12/site-packages/airflow/example_dags/example_task_group_decorator.py
[2024-05-11T15:55:00.213+0000] {logging_mixin.py:188} INFO - [2024-05-11T15:55:00.213+0000] {dag.py:3096} INFO - Sync 1 DAGs
[2024-05-11T15:55:00.232+0000] {logging_mixin.py:188} INFO - [2024-05-11T15:55:00.232+0000] {dag.py:3954} INFO - Setting next_dagrun for example_task_group_decorator to 2024-05-10 00:00:00+00:00, run_after=2024-05-11 00:00:00+00:00
[2024-05-11T15:55:00.253+0000] {processor.py:183} INFO - Processing /home/airflow/.local/lib/python3.12/site-packages/airflow/example_dags/example_task_group_decorator.py took 0.082 seconds
[2024-05-11T15:55:30.940+0000] {processor.py:161} INFO - Started process (PID=1114) to work on /home/airflow/.local/lib/python3.12/site-packages/airflow/example_dags/example_task_group_decorator.py
[2024-05-11T15:55:30.941+0000] {processor.py:830} INFO - Processing file /home/airflow/.local/lib/python3.12/site-packages/airflow/example_dags/example_task_group_decorator.py for tasks to queue
[2024-05-11T15:55:30.942+0000] {logging_mixin.py:188} INFO - [2024-05-11T15:55:30.942+0000] {dagbag.py:545} INFO - Filling up the DagBag from /home/airflow/.local/lib/python3.12/site-packages/airflow/example_dags/example_task_group_decorator.py
[2024-05-11T15:55:30.954+0000] {processor.py:840} INFO - DAG(s) 'example_task_group_decorator' retrieved from /home/airflow/.local/lib/python3.12/site-packages/airflow/example_dags/example_task_group_decorator.py
[2024-05-11T15:55:30.975+0000] {logging_mixin.py:188} INFO - [2024-05-11T15:55:30.975+0000] {dag.py:3096} INFO - Sync 1 DAGs
[2024-05-11T15:55:30.995+0000] {logging_mixin.py:188} INFO - [2024-05-11T15:55:30.995+0000] {dag.py:3954} INFO - Setting next_dagrun for example_task_group_decorator to 2024-05-10 00:00:00+00:00, run_after=2024-05-11 00:00:00+00:00
[2024-05-11T15:55:31.011+0000] {processor.py:183} INFO - Processing /home/airflow/.local/lib/python3.12/site-packages/airflow/example_dags/example_task_group_decorator.py took 0.075 seconds
[2024-05-11T15:56:01.578+0000] {processor.py:161} INFO - Started process (PID=1172) to work on /home/airflow/.local/lib/python3.12/site-packages/airflow/example_dags/example_task_group_decorator.py
[2024-05-11T15:56:01.579+0000] {processor.py:830} INFO - Processing file /home/airflow/.local/lib/python3.12/site-packages/airflow/example_dags/example_task_group_decorator.py for tasks to queue
[2024-05-11T15:56:01.580+0000] {logging_mixin.py:188} INFO - [2024-05-11T15:56:01.580+0000] {dagbag.py:545} INFO - Filling up the DagBag from /home/airflow/.local/lib/python3.12/site-packages/airflow/example_dags/example_task_group_decorator.py
[2024-05-11T15:56:01.592+0000] {processor.py:840} INFO - DAG(s) 'example_task_group_decorator' retrieved from /home/airflow/.local/lib/python3.12/site-packages/airflow/example_dags/example_task_group_decorator.py
[2024-05-11T15:56:01.614+0000] {logging_mixin.py:188} INFO - [2024-05-11T15:56:01.614+0000] {dag.py:3096} INFO - Sync 1 DAGs
[2024-05-11T15:56:01.632+0000] {logging_mixin.py:188} INFO - [2024-05-11T15:56:01.632+0000] {dag.py:3954} INFO - Setting next_dagrun for example_task_group_decorator to 2024-05-10 00:00:00+00:00, run_after=2024-05-11 00:00:00+00:00
[2024-05-11T15:56:01.649+0000] {processor.py:183} INFO - Processing /home/airflow/.local/lib/python3.12/site-packages/airflow/example_dags/example_task_group_decorator.py took 0.075 seconds
[2024-05-11T15:56:32.183+0000] {processor.py:161} INFO - Started process (PID=1230) to work on /home/airflow/.local/lib/python3.12/site-packages/airflow/example_dags/example_task_group_decorator.py
[2024-05-11T15:56:32.184+0000] {processor.py:830} INFO - Processing file /home/airflow/.local/lib/python3.12/site-packages/airflow/example_dags/example_task_group_decorator.py for tasks to queue
[2024-05-11T15:56:32.185+0000] {logging_mixin.py:188} INFO - [2024-05-11T15:56:32.185+0000] {dagbag.py:545} INFO - Filling up the DagBag from /home/airflow/.local/lib/python3.12/site-packages/airflow/example_dags/example_task_group_decorator.py
[2024-05-11T15:56:32.197+0000] {processor.py:840} INFO - DAG(s) 'example_task_group_decorator' retrieved from /home/airflow/.local/lib/python3.12/site-packages/airflow/example_dags/example_task_group_decorator.py
[2024-05-11T15:56:32.219+0000] {logging_mixin.py:188} INFO - [2024-05-11T15:56:32.219+0000] {dag.py:3096} INFO - Sync 1 DAGs
[2024-05-11T15:56:32.239+0000] {logging_mixin.py:188} INFO - [2024-05-11T15:56:32.239+0000] {dag.py:3954} INFO - Setting next_dagrun for example_task_group_decorator to 2024-05-10 00:00:00+00:00, run_after=2024-05-11 00:00:00+00:00
[2024-05-11T15:56:32.257+0000] {processor.py:183} INFO - Processing /home/airflow/.local/lib/python3.12/site-packages/airflow/example_dags/example_task_group_decorator.py took 0.078 seconds
[2024-05-11T15:57:02.815+0000] {processor.py:161} INFO - Started process (PID=1288) to work on /home/airflow/.local/lib/python3.12/site-packages/airflow/example_dags/example_task_group_decorator.py
[2024-05-11T15:57:02.818+0000] {processor.py:830} INFO - Processing file /home/airflow/.local/lib/python3.12/site-packages/airflow/example_dags/example_task_group_decorator.py for tasks to queue
[2024-05-11T15:57:02.820+0000] {logging_mixin.py:188} INFO - [2024-05-11T15:57:02.820+0000] {dagbag.py:545} INFO - Filling up the DagBag from /home/airflow/.local/lib/python3.12/site-packages/airflow/example_dags/example_task_group_decorator.py
[2024-05-11T15:57:02.836+0000] {processor.py:840} INFO - DAG(s) 'example_task_group_decorator' retrieved from /home/airflow/.local/lib/python3.12/site-packages/airflow/example_dags/example_task_group_decorator.py
[2024-05-11T15:57:02.876+0000] {logging_mixin.py:188} INFO - [2024-05-11T15:57:02.875+0000] {dag.py:3096} INFO - Sync 1 DAGs
[2024-05-11T15:57:02.899+0000] {logging_mixin.py:188} INFO - [2024-05-11T15:57:02.899+0000] {dag.py:3954} INFO - Setting next_dagrun for example_task_group_decorator to 2024-05-10 00:00:00+00:00, run_after=2024-05-11 00:00:00+00:00
[2024-05-11T15:57:02.919+0000] {processor.py:183} INFO - Processing /home/airflow/.local/lib/python3.12/site-packages/airflow/example_dags/example_task_group_decorator.py took 0.119 seconds
[2024-05-11T16:03:43.145+0000] {processor.py:161} INFO - Started process (PID=62) to work on /home/airflow/.local/lib/python3.12/site-packages/airflow/example_dags/example_task_group_decorator.py
[2024-05-11T16:03:43.148+0000] {processor.py:830} INFO - Processing file /home/airflow/.local/lib/python3.12/site-packages/airflow/example_dags/example_task_group_decorator.py for tasks to queue
[2024-05-11T16:03:43.154+0000] {logging_mixin.py:188} INFO - [2024-05-11T16:03:43.153+0000] {dagbag.py:545} INFO - Filling up the DagBag from /home/airflow/.local/lib/python3.12/site-packages/airflow/example_dags/example_task_group_decorator.py
[2024-05-11T16:03:43.193+0000] {processor.py:840} INFO - DAG(s) 'example_task_group_decorator' retrieved from /home/airflow/.local/lib/python3.12/site-packages/airflow/example_dags/example_task_group_decorator.py
[2024-05-11T16:03:43.323+0000] {logging_mixin.py:188} INFO - [2024-05-11T16:03:43.322+0000] {dag.py:3096} INFO - Sync 1 DAGs
[2024-05-11T16:03:43.345+0000] {logging_mixin.py:188} INFO - [2024-05-11T16:03:43.345+0000] {dag.py:3954} INFO - Setting next_dagrun for example_task_group_decorator to 2024-05-10 00:00:00+00:00, run_after=2024-05-11 00:00:00+00:00
[2024-05-11T16:03:43.375+0000] {processor.py:183} INFO - Processing /home/airflow/.local/lib/python3.12/site-packages/airflow/example_dags/example_task_group_decorator.py took 0.246 seconds
[2024-05-11T16:04:13.957+0000] {processor.py:161} INFO - Started process (PID=119) to work on /home/airflow/.local/lib/python3.12/site-packages/airflow/example_dags/example_task_group_decorator.py
[2024-05-11T16:04:13.958+0000] {processor.py:830} INFO - Processing file /home/airflow/.local/lib/python3.12/site-packages/airflow/example_dags/example_task_group_decorator.py for tasks to queue
[2024-05-11T16:04:13.960+0000] {logging_mixin.py:188} INFO - [2024-05-11T16:04:13.960+0000] {dagbag.py:545} INFO - Filling up the DagBag from /home/airflow/.local/lib/python3.12/site-packages/airflow/example_dags/example_task_group_decorator.py
[2024-05-11T16:04:13.974+0000] {processor.py:840} INFO - DAG(s) 'example_task_group_decorator' retrieved from /home/airflow/.local/lib/python3.12/site-packages/airflow/example_dags/example_task_group_decorator.py
[2024-05-11T16:04:14.010+0000] {logging_mixin.py:188} INFO - [2024-05-11T16:04:14.010+0000] {dag.py:3096} INFO - Sync 1 DAGs
[2024-05-11T16:04:14.061+0000] {logging_mixin.py:188} INFO - [2024-05-11T16:04:14.060+0000] {dag.py:3954} INFO - Setting next_dagrun for example_task_group_decorator to 2024-05-10 00:00:00+00:00, run_after=2024-05-11 00:00:00+00:00
[2024-05-11T16:04:14.125+0000] {processor.py:183} INFO - Processing /home/airflow/.local/lib/python3.12/site-packages/airflow/example_dags/example_task_group_decorator.py took 0.173 seconds
[2024-05-11T16:04:44.358+0000] {processor.py:161} INFO - Started process (PID=177) to work on /home/airflow/.local/lib/python3.12/site-packages/airflow/example_dags/example_task_group_decorator.py
[2024-05-11T16:04:44.359+0000] {processor.py:830} INFO - Processing file /home/airflow/.local/lib/python3.12/site-packages/airflow/example_dags/example_task_group_decorator.py for tasks to queue
[2024-05-11T16:04:44.361+0000] {logging_mixin.py:188} INFO - [2024-05-11T16:04:44.361+0000] {dagbag.py:545} INFO - Filling up the DagBag from /home/airflow/.local/lib/python3.12/site-packages/airflow/example_dags/example_task_group_decorator.py
[2024-05-11T16:04:44.375+0000] {processor.py:840} INFO - DAG(s) 'example_task_group_decorator' retrieved from /home/airflow/.local/lib/python3.12/site-packages/airflow/example_dags/example_task_group_decorator.py
[2024-05-11T16:04:44.397+0000] {logging_mixin.py:188} INFO - [2024-05-11T16:04:44.397+0000] {dag.py:3096} INFO - Sync 1 DAGs
[2024-05-11T16:04:44.416+0000] {logging_mixin.py:188} INFO - [2024-05-11T16:04:44.416+0000] {dag.py:3954} INFO - Setting next_dagrun for example_task_group_decorator to 2024-05-10 00:00:00+00:00, run_after=2024-05-11 00:00:00+00:00
[2024-05-11T16:04:44.432+0000] {processor.py:183} INFO - Processing /home/airflow/.local/lib/python3.12/site-packages/airflow/example_dags/example_task_group_decorator.py took 0.079 seconds
[2024-05-11T16:05:14.620+0000] {processor.py:161} INFO - Started process (PID=235) to work on /home/airflow/.local/lib/python3.12/site-packages/airflow/example_dags/example_task_group_decorator.py
[2024-05-11T16:05:14.621+0000] {processor.py:830} INFO - Processing file /home/airflow/.local/lib/python3.12/site-packages/airflow/example_dags/example_task_group_decorator.py for tasks to queue
[2024-05-11T16:05:14.623+0000] {logging_mixin.py:188} INFO - [2024-05-11T16:05:14.622+0000] {dagbag.py:545} INFO - Filling up the DagBag from /home/airflow/.local/lib/python3.12/site-packages/airflow/example_dags/example_task_group_decorator.py
[2024-05-11T16:05:14.638+0000] {processor.py:840} INFO - DAG(s) 'example_task_group_decorator' retrieved from /home/airflow/.local/lib/python3.12/site-packages/airflow/example_dags/example_task_group_decorator.py
[2024-05-11T16:05:14.664+0000] {logging_mixin.py:188} INFO - [2024-05-11T16:05:14.663+0000] {dag.py:3096} INFO - Sync 1 DAGs
[2024-05-11T16:05:14.685+0000] {logging_mixin.py:188} INFO - [2024-05-11T16:05:14.684+0000] {dag.py:3954} INFO - Setting next_dagrun for example_task_group_decorator to 2024-05-10 00:00:00+00:00, run_after=2024-05-11 00:00:00+00:00
[2024-05-11T16:05:14.702+0000] {processor.py:183} INFO - Processing /home/airflow/.local/lib/python3.12/site-packages/airflow/example_dags/example_task_group_decorator.py took 0.091 seconds
[2024-05-11T16:05:45.253+0000] {processor.py:161} INFO - Started process (PID=293) to work on /home/airflow/.local/lib/python3.12/site-packages/airflow/example_dags/example_task_group_decorator.py
[2024-05-11T16:05:45.302+0000] {processor.py:830} INFO - Processing file /home/airflow/.local/lib/python3.12/site-packages/airflow/example_dags/example_task_group_decorator.py for tasks to queue
[2024-05-11T16:05:45.304+0000] {logging_mixin.py:188} INFO - [2024-05-11T16:05:45.304+0000] {dagbag.py:545} INFO - Filling up the DagBag from /home/airflow/.local/lib/python3.12/site-packages/airflow/example_dags/example_task_group_decorator.py
[2024-05-11T16:05:45.318+0000] {processor.py:840} INFO - DAG(s) 'example_task_group_decorator' retrieved from /home/airflow/.local/lib/python3.12/site-packages/airflow/example_dags/example_task_group_decorator.py
[2024-05-11T16:05:45.343+0000] {logging_mixin.py:188} INFO - [2024-05-11T16:05:45.343+0000] {dag.py:3096} INFO - Sync 1 DAGs
[2024-05-11T16:05:45.369+0000] {logging_mixin.py:188} INFO - [2024-05-11T16:05:45.369+0000] {dag.py:3954} INFO - Setting next_dagrun for example_task_group_decorator to 2024-05-10 00:00:00+00:00, run_after=2024-05-11 00:00:00+00:00
[2024-05-11T16:05:45.386+0000] {processor.py:183} INFO - Processing /home/airflow/.local/lib/python3.12/site-packages/airflow/example_dags/example_task_group_decorator.py took 0.137 seconds
