[2024-05-11T11:31:08.279+0000] {processor.py:161} INFO - Started process (PID=92) to work on /home/airflow/.local/lib/python3.12/site-packages/airflow/example_dags/example_time_delta_sensor_async.py
[2024-05-11T11:31:08.281+0000] {processor.py:830} INFO - Processing file /home/airflow/.local/lib/python3.12/site-packages/airflow/example_dags/example_time_delta_sensor_async.py for tasks to queue
[2024-05-11T11:31:08.283+0000] {logging_mixin.py:188} INFO - [2024-05-11T11:31:08.283+0000] {dagbag.py:545} INFO - Filling up the DagBag from /home/airflow/.local/lib/python3.12/site-packages/airflow/example_dags/example_time_delta_sensor_async.py
[2024-05-11T11:31:08.289+0000] {processor.py:840} INFO - DAG(s) 'example_time_delta_sensor_async' retrieved from /home/airflow/.local/lib/python3.12/site-packages/airflow/example_dags/example_time_delta_sensor_async.py
[2024-05-11T11:31:08.404+0000] {logging_mixin.py:188} INFO - [2024-05-11T11:31:08.403+0000] {override.py:1829} INFO - Created Permission View: can edit on DAG:example_time_delta_sensor_async
[2024-05-11T11:31:08.418+0000] {logging_mixin.py:188} INFO - [2024-05-11T11:31:08.417+0000] {override.py:1829} INFO - Created Permission View: can read on DAG:example_time_delta_sensor_async
[2024-05-11T11:31:08.425+0000] {logging_mixin.py:188} INFO - [2024-05-11T11:31:08.425+0000] {override.py:1829} INFO - Created Permission View: can delete on DAG:example_time_delta_sensor_async
[2024-05-11T11:31:08.426+0000] {logging_mixin.py:188} INFO - [2024-05-11T11:31:08.426+0000] {dag.py:3096} INFO - Sync 1 DAGs
[2024-05-11T11:31:08.443+0000] {logging_mixin.py:188} INFO - [2024-05-11T11:31:08.442+0000] {dag.py:3118} INFO - Creating ORM DAG for example_time_delta_sensor_async
[2024-05-11T11:31:08.444+0000] {logging_mixin.py:188} INFO - [2024-05-11T11:31:08.444+0000] {dag.py:3954} INFO - Setting next_dagrun for example_time_delta_sensor_async to None, run_after=None
[2024-05-11T11:31:08.471+0000] {processor.py:183} INFO - Processing /home/airflow/.local/lib/python3.12/site-packages/airflow/example_dags/example_time_delta_sensor_async.py took 0.199 seconds
[2024-05-11T11:31:38.814+0000] {processor.py:161} INFO - Started process (PID=150) to work on /home/airflow/.local/lib/python3.12/site-packages/airflow/example_dags/example_time_delta_sensor_async.py
[2024-05-11T11:31:38.816+0000] {processor.py:830} INFO - Processing file /home/airflow/.local/lib/python3.12/site-packages/airflow/example_dags/example_time_delta_sensor_async.py for tasks to queue
[2024-05-11T11:31:38.819+0000] {logging_mixin.py:188} INFO - [2024-05-11T11:31:38.819+0000] {dagbag.py:545} INFO - Filling up the DagBag from /home/airflow/.local/lib/python3.12/site-packages/airflow/example_dags/example_time_delta_sensor_async.py
[2024-05-11T11:31:38.825+0000] {processor.py:840} INFO - DAG(s) 'example_time_delta_sensor_async' retrieved from /home/airflow/.local/lib/python3.12/site-packages/airflow/example_dags/example_time_delta_sensor_async.py
[2024-05-11T11:31:38.863+0000] {logging_mixin.py:188} INFO - [2024-05-11T11:31:38.862+0000] {dag.py:3096} INFO - Sync 1 DAGs
[2024-05-11T11:31:38.888+0000] {logging_mixin.py:188} INFO - [2024-05-11T11:31:38.888+0000] {dag.py:3954} INFO - Setting next_dagrun for example_time_delta_sensor_async to None, run_after=None
[2024-05-11T11:31:38.921+0000] {processor.py:183} INFO - Processing /home/airflow/.local/lib/python3.12/site-packages/airflow/example_dags/example_time_delta_sensor_async.py took 0.113 seconds
[2024-05-11T11:32:09.326+0000] {processor.py:161} INFO - Started process (PID=208) to work on /home/airflow/.local/lib/python3.12/site-packages/airflow/example_dags/example_time_delta_sensor_async.py
[2024-05-11T11:32:09.327+0000] {processor.py:830} INFO - Processing file /home/airflow/.local/lib/python3.12/site-packages/airflow/example_dags/example_time_delta_sensor_async.py for tasks to queue
[2024-05-11T11:32:09.328+0000] {logging_mixin.py:188} INFO - [2024-05-11T11:32:09.328+0000] {dagbag.py:545} INFO - Filling up the DagBag from /home/airflow/.local/lib/python3.12/site-packages/airflow/example_dags/example_time_delta_sensor_async.py
[2024-05-11T11:32:09.334+0000] {processor.py:840} INFO - DAG(s) 'example_time_delta_sensor_async' retrieved from /home/airflow/.local/lib/python3.12/site-packages/airflow/example_dags/example_time_delta_sensor_async.py
[2024-05-11T11:32:09.360+0000] {logging_mixin.py:188} INFO - [2024-05-11T11:32:09.360+0000] {dag.py:3096} INFO - Sync 1 DAGs
[2024-05-11T11:32:09.376+0000] {logging_mixin.py:188} INFO - [2024-05-11T11:32:09.376+0000] {dag.py:3954} INFO - Setting next_dagrun for example_time_delta_sensor_async to None, run_after=None
[2024-05-11T11:32:09.401+0000] {processor.py:183} INFO - Processing /home/airflow/.local/lib/python3.12/site-packages/airflow/example_dags/example_time_delta_sensor_async.py took 0.082 seconds
[2024-05-11T11:32:40.309+0000] {processor.py:161} INFO - Started process (PID=266) to work on /home/airflow/.local/lib/python3.12/site-packages/airflow/example_dags/example_time_delta_sensor_async.py
[2024-05-11T11:32:40.311+0000] {processor.py:830} INFO - Processing file /home/airflow/.local/lib/python3.12/site-packages/airflow/example_dags/example_time_delta_sensor_async.py for tasks to queue
[2024-05-11T11:32:40.313+0000] {logging_mixin.py:188} INFO - [2024-05-11T11:32:40.312+0000] {dagbag.py:545} INFO - Filling up the DagBag from /home/airflow/.local/lib/python3.12/site-packages/airflow/example_dags/example_time_delta_sensor_async.py
[2024-05-11T11:32:40.317+0000] {processor.py:840} INFO - DAG(s) 'example_time_delta_sensor_async' retrieved from /home/airflow/.local/lib/python3.12/site-packages/airflow/example_dags/example_time_delta_sensor_async.py
[2024-05-11T11:32:40.335+0000] {logging_mixin.py:188} INFO - [2024-05-11T11:32:40.335+0000] {dag.py:3096} INFO - Sync 1 DAGs
[2024-05-11T11:32:40.348+0000] {logging_mixin.py:188} INFO - [2024-05-11T11:32:40.348+0000] {dag.py:3954} INFO - Setting next_dagrun for example_time_delta_sensor_async to None, run_after=None
[2024-05-11T11:32:40.366+0000] {processor.py:183} INFO - Processing /home/airflow/.local/lib/python3.12/site-packages/airflow/example_dags/example_time_delta_sensor_async.py took 0.062 seconds
[2024-05-11T11:33:10.540+0000] {processor.py:161} INFO - Started process (PID=324) to work on /home/airflow/.local/lib/python3.12/site-packages/airflow/example_dags/example_time_delta_sensor_async.py
[2024-05-11T11:33:10.541+0000] {processor.py:830} INFO - Processing file /home/airflow/.local/lib/python3.12/site-packages/airflow/example_dags/example_time_delta_sensor_async.py for tasks to queue
[2024-05-11T11:33:10.543+0000] {logging_mixin.py:188} INFO - [2024-05-11T11:33:10.543+0000] {dagbag.py:545} INFO - Filling up the DagBag from /home/airflow/.local/lib/python3.12/site-packages/airflow/example_dags/example_time_delta_sensor_async.py
[2024-05-11T11:33:10.547+0000] {processor.py:840} INFO - DAG(s) 'example_time_delta_sensor_async' retrieved from /home/airflow/.local/lib/python3.12/site-packages/airflow/example_dags/example_time_delta_sensor_async.py
[2024-05-11T11:33:10.565+0000] {logging_mixin.py:188} INFO - [2024-05-11T11:33:10.565+0000] {dag.py:3096} INFO - Sync 1 DAGs
[2024-05-11T11:33:10.578+0000] {logging_mixin.py:188} INFO - [2024-05-11T11:33:10.578+0000] {dag.py:3954} INFO - Setting next_dagrun for example_time_delta_sensor_async to None, run_after=None
[2024-05-11T11:33:10.595+0000] {processor.py:183} INFO - Processing /home/airflow/.local/lib/python3.12/site-packages/airflow/example_dags/example_time_delta_sensor_async.py took 0.061 seconds
[2024-05-11T11:33:40.749+0000] {processor.py:161} INFO - Started process (PID=382) to work on /home/airflow/.local/lib/python3.12/site-packages/airflow/example_dags/example_time_delta_sensor_async.py
[2024-05-11T11:33:40.749+0000] {processor.py:830} INFO - Processing file /home/airflow/.local/lib/python3.12/site-packages/airflow/example_dags/example_time_delta_sensor_async.py for tasks to queue
[2024-05-11T11:33:40.751+0000] {logging_mixin.py:188} INFO - [2024-05-11T11:33:40.751+0000] {dagbag.py:545} INFO - Filling up the DagBag from /home/airflow/.local/lib/python3.12/site-packages/airflow/example_dags/example_time_delta_sensor_async.py
[2024-05-11T11:33:40.754+0000] {processor.py:840} INFO - DAG(s) 'example_time_delta_sensor_async' retrieved from /home/airflow/.local/lib/python3.12/site-packages/airflow/example_dags/example_time_delta_sensor_async.py
[2024-05-11T11:33:40.774+0000] {logging_mixin.py:188} INFO - [2024-05-11T11:33:40.774+0000] {dag.py:3096} INFO - Sync 1 DAGs
[2024-05-11T11:33:40.786+0000] {logging_mixin.py:188} INFO - [2024-05-11T11:33:40.786+0000] {dag.py:3954} INFO - Setting next_dagrun for example_time_delta_sensor_async to None, run_after=None
[2024-05-11T11:33:40.804+0000] {processor.py:183} INFO - Processing /home/airflow/.local/lib/python3.12/site-packages/airflow/example_dags/example_time_delta_sensor_async.py took 0.060 seconds
[2024-05-11T11:34:11.360+0000] {processor.py:161} INFO - Started process (PID=440) to work on /home/airflow/.local/lib/python3.12/site-packages/airflow/example_dags/example_time_delta_sensor_async.py
[2024-05-11T11:34:11.361+0000] {processor.py:830} INFO - Processing file /home/airflow/.local/lib/python3.12/site-packages/airflow/example_dags/example_time_delta_sensor_async.py for tasks to queue
[2024-05-11T11:34:11.363+0000] {logging_mixin.py:188} INFO - [2024-05-11T11:34:11.363+0000] {dagbag.py:545} INFO - Filling up the DagBag from /home/airflow/.local/lib/python3.12/site-packages/airflow/example_dags/example_time_delta_sensor_async.py
[2024-05-11T11:34:11.368+0000] {processor.py:840} INFO - DAG(s) 'example_time_delta_sensor_async' retrieved from /home/airflow/.local/lib/python3.12/site-packages/airflow/example_dags/example_time_delta_sensor_async.py
[2024-05-11T11:34:11.389+0000] {logging_mixin.py:188} INFO - [2024-05-11T11:34:11.388+0000] {dag.py:3096} INFO - Sync 1 DAGs
[2024-05-11T11:34:11.402+0000] {logging_mixin.py:188} INFO - [2024-05-11T11:34:11.402+0000] {dag.py:3954} INFO - Setting next_dagrun for example_time_delta_sensor_async to None, run_after=None
[2024-05-11T11:34:11.421+0000] {processor.py:183} INFO - Processing /home/airflow/.local/lib/python3.12/site-packages/airflow/example_dags/example_time_delta_sensor_async.py took 0.067 seconds
[2024-05-11T11:34:41.505+0000] {processor.py:161} INFO - Started process (PID=498) to work on /home/airflow/.local/lib/python3.12/site-packages/airflow/example_dags/example_time_delta_sensor_async.py
[2024-05-11T11:34:41.507+0000] {processor.py:830} INFO - Processing file /home/airflow/.local/lib/python3.12/site-packages/airflow/example_dags/example_time_delta_sensor_async.py for tasks to queue
[2024-05-11T11:34:41.509+0000] {logging_mixin.py:188} INFO - [2024-05-11T11:34:41.508+0000] {dagbag.py:545} INFO - Filling up the DagBag from /home/airflow/.local/lib/python3.12/site-packages/airflow/example_dags/example_time_delta_sensor_async.py
[2024-05-11T11:34:41.513+0000] {processor.py:840} INFO - DAG(s) 'example_time_delta_sensor_async' retrieved from /home/airflow/.local/lib/python3.12/site-packages/airflow/example_dags/example_time_delta_sensor_async.py
[2024-05-11T11:34:41.524+0000] {logging_mixin.py:188} INFO - [2024-05-11T11:34:41.523+0000] {dag.py:3096} INFO - Sync 1 DAGs
[2024-05-11T11:34:41.545+0000] {logging_mixin.py:188} INFO - [2024-05-11T11:34:41.544+0000] {dag.py:3954} INFO - Setting next_dagrun for example_time_delta_sensor_async to None, run_after=None
[2024-05-11T11:34:41.563+0000] {processor.py:183} INFO - Processing /home/airflow/.local/lib/python3.12/site-packages/airflow/example_dags/example_time_delta_sensor_async.py took 0.066 seconds
[2024-05-11T15:07:49.146+0000] {processor.py:161} INFO - Started process (PID=68) to work on /home/airflow/.local/lib/python3.12/site-packages/airflow/example_dags/example_time_delta_sensor_async.py
[2024-05-11T15:07:49.201+0000] {processor.py:830} INFO - Processing file /home/airflow/.local/lib/python3.12/site-packages/airflow/example_dags/example_time_delta_sensor_async.py for tasks to queue
[2024-05-11T15:07:49.203+0000] {logging_mixin.py:188} INFO - [2024-05-11T15:07:49.203+0000] {dagbag.py:545} INFO - Filling up the DagBag from /home/airflow/.local/lib/python3.12/site-packages/airflow/example_dags/example_time_delta_sensor_async.py
[2024-05-11T15:07:49.207+0000] {processor.py:840} INFO - DAG(s) 'example_time_delta_sensor_async' retrieved from /home/airflow/.local/lib/python3.12/site-packages/airflow/example_dags/example_time_delta_sensor_async.py
[2024-05-11T15:07:49.296+0000] {logging_mixin.py:188} INFO - [2024-05-11T15:07:49.295+0000] {dag.py:3096} INFO - Sync 1 DAGs
[2024-05-11T15:07:49.305+0000] {logging_mixin.py:188} INFO - [2024-05-11T15:07:49.305+0000] {dag.py:3954} INFO - Setting next_dagrun for example_time_delta_sensor_async to None, run_after=None
[2024-05-11T15:07:49.472+0000] {processor.py:183} INFO - Processing /home/airflow/.local/lib/python3.12/site-packages/airflow/example_dags/example_time_delta_sensor_async.py took 0.331 seconds
[2024-05-11T15:18:29.674+0000] {processor.py:161} INFO - Started process (PID=68) to work on /home/airflow/.local/lib/python3.12/site-packages/airflow/example_dags/example_time_delta_sensor_async.py
[2024-05-11T15:18:29.675+0000] {processor.py:830} INFO - Processing file /home/airflow/.local/lib/python3.12/site-packages/airflow/example_dags/example_time_delta_sensor_async.py for tasks to queue
[2024-05-11T15:18:29.677+0000] {logging_mixin.py:188} INFO - [2024-05-11T15:18:29.677+0000] {dagbag.py:545} INFO - Filling up the DagBag from /home/airflow/.local/lib/python3.12/site-packages/airflow/example_dags/example_time_delta_sensor_async.py
[2024-05-11T15:18:29.682+0000] {processor.py:840} INFO - DAG(s) 'example_time_delta_sensor_async' retrieved from /home/airflow/.local/lib/python3.12/site-packages/airflow/example_dags/example_time_delta_sensor_async.py
[2024-05-11T15:18:29.695+0000] {logging_mixin.py:188} INFO - [2024-05-11T15:18:29.695+0000] {dag.py:3096} INFO - Sync 1 DAGs
[2024-05-11T15:18:29.718+0000] {logging_mixin.py:188} INFO - [2024-05-11T15:18:29.717+0000] {dag.py:3954} INFO - Setting next_dagrun for example_time_delta_sensor_async to None, run_after=None
[2024-05-11T15:18:29.747+0000] {processor.py:183} INFO - Processing /home/airflow/.local/lib/python3.12/site-packages/airflow/example_dags/example_time_delta_sensor_async.py took 0.079 seconds
[2024-05-11T15:18:59.959+0000] {processor.py:161} INFO - Started process (PID=126) to work on /home/airflow/.local/lib/python3.12/site-packages/airflow/example_dags/example_time_delta_sensor_async.py
[2024-05-11T15:18:59.964+0000] {processor.py:830} INFO - Processing file /home/airflow/.local/lib/python3.12/site-packages/airflow/example_dags/example_time_delta_sensor_async.py for tasks to queue
[2024-05-11T15:18:59.969+0000] {logging_mixin.py:188} INFO - [2024-05-11T15:18:59.968+0000] {dagbag.py:545} INFO - Filling up the DagBag from /home/airflow/.local/lib/python3.12/site-packages/airflow/example_dags/example_time_delta_sensor_async.py
[2024-05-11T15:18:59.974+0000] {processor.py:840} INFO - DAG(s) 'example_time_delta_sensor_async' retrieved from /home/airflow/.local/lib/python3.12/site-packages/airflow/example_dags/example_time_delta_sensor_async.py
[2024-05-11T15:18:59.990+0000] {logging_mixin.py:188} INFO - [2024-05-11T15:18:59.990+0000] {dag.py:3096} INFO - Sync 1 DAGs
[2024-05-11T15:19:00.008+0000] {logging_mixin.py:188} INFO - [2024-05-11T15:19:00.007+0000] {dag.py:3954} INFO - Setting next_dagrun for example_time_delta_sensor_async to None, run_after=None
[2024-05-11T15:19:00.042+0000] {processor.py:183} INFO - Processing /home/airflow/.local/lib/python3.12/site-packages/airflow/example_dags/example_time_delta_sensor_async.py took 0.091 seconds
[2024-05-11T15:19:31.616+0000] {processor.py:161} INFO - Started process (PID=184) to work on /home/airflow/.local/lib/python3.12/site-packages/airflow/example_dags/example_time_delta_sensor_async.py
[2024-05-11T15:19:31.617+0000] {processor.py:830} INFO - Processing file /home/airflow/.local/lib/python3.12/site-packages/airflow/example_dags/example_time_delta_sensor_async.py for tasks to queue
[2024-05-11T15:19:31.619+0000] {logging_mixin.py:188} INFO - [2024-05-11T15:19:31.618+0000] {dagbag.py:545} INFO - Filling up the DagBag from /home/airflow/.local/lib/python3.12/site-packages/airflow/example_dags/example_time_delta_sensor_async.py
[2024-05-11T15:19:31.622+0000] {processor.py:840} INFO - DAG(s) 'example_time_delta_sensor_async' retrieved from /home/airflow/.local/lib/python3.12/site-packages/airflow/example_dags/example_time_delta_sensor_async.py
[2024-05-11T15:19:31.712+0000] {logging_mixin.py:188} INFO - [2024-05-11T15:19:31.711+0000] {dag.py:3096} INFO - Sync 1 DAGs
[2024-05-11T15:19:31.721+0000] {logging_mixin.py:188} INFO - [2024-05-11T15:19:31.721+0000] {dag.py:3954} INFO - Setting next_dagrun for example_time_delta_sensor_async to None, run_after=None
[2024-05-11T15:19:31.739+0000] {processor.py:183} INFO - Processing /home/airflow/.local/lib/python3.12/site-packages/airflow/example_dags/example_time_delta_sensor_async.py took 0.129 seconds
[2024-05-11T15:20:01.778+0000] {processor.py:161} INFO - Started process (PID=242) to work on /home/airflow/.local/lib/python3.12/site-packages/airflow/example_dags/example_time_delta_sensor_async.py
[2024-05-11T15:20:01.779+0000] {processor.py:830} INFO - Processing file /home/airflow/.local/lib/python3.12/site-packages/airflow/example_dags/example_time_delta_sensor_async.py for tasks to queue
[2024-05-11T15:20:01.780+0000] {logging_mixin.py:188} INFO - [2024-05-11T15:20:01.780+0000] {dagbag.py:545} INFO - Filling up the DagBag from /home/airflow/.local/lib/python3.12/site-packages/airflow/example_dags/example_time_delta_sensor_async.py
[2024-05-11T15:20:01.783+0000] {processor.py:840} INFO - DAG(s) 'example_time_delta_sensor_async' retrieved from /home/airflow/.local/lib/python3.12/site-packages/airflow/example_dags/example_time_delta_sensor_async.py
[2024-05-11T15:20:01.799+0000] {logging_mixin.py:188} INFO - [2024-05-11T15:20:01.799+0000] {dag.py:3096} INFO - Sync 1 DAGs
[2024-05-11T15:20:01.810+0000] {logging_mixin.py:188} INFO - [2024-05-11T15:20:01.810+0000] {dag.py:3954} INFO - Setting next_dagrun for example_time_delta_sensor_async to None, run_after=None
[2024-05-11T15:20:01.826+0000] {processor.py:183} INFO - Processing /home/airflow/.local/lib/python3.12/site-packages/airflow/example_dags/example_time_delta_sensor_async.py took 0.053 seconds
[2024-05-11T15:20:33.090+0000] {processor.py:161} INFO - Started process (PID=300) to work on /home/airflow/.local/lib/python3.12/site-packages/airflow/example_dags/example_time_delta_sensor_async.py
[2024-05-11T15:20:33.094+0000] {processor.py:830} INFO - Processing file /home/airflow/.local/lib/python3.12/site-packages/airflow/example_dags/example_time_delta_sensor_async.py for tasks to queue
[2024-05-11T15:20:33.096+0000] {logging_mixin.py:188} INFO - [2024-05-11T15:20:33.096+0000] {dagbag.py:545} INFO - Filling up the DagBag from /home/airflow/.local/lib/python3.12/site-packages/airflow/example_dags/example_time_delta_sensor_async.py
[2024-05-11T15:20:33.102+0000] {processor.py:840} INFO - DAG(s) 'example_time_delta_sensor_async' retrieved from /home/airflow/.local/lib/python3.12/site-packages/airflow/example_dags/example_time_delta_sensor_async.py
[2024-05-11T15:20:33.128+0000] {logging_mixin.py:188} INFO - [2024-05-11T15:20:33.128+0000] {dag.py:3096} INFO - Sync 1 DAGs
[2024-05-11T15:20:33.148+0000] {logging_mixin.py:188} INFO - [2024-05-11T15:20:33.147+0000] {dag.py:3954} INFO - Setting next_dagrun for example_time_delta_sensor_async to None, run_after=None
[2024-05-11T15:20:33.201+0000] {processor.py:183} INFO - Processing /home/airflow/.local/lib/python3.12/site-packages/airflow/example_dags/example_time_delta_sensor_async.py took 0.122 seconds
[2024-05-11T15:27:07.257+0000] {processor.py:161} INFO - Started process (PID=76) to work on /home/airflow/.local/lib/python3.12/site-packages/airflow/example_dags/example_time_delta_sensor_async.py
[2024-05-11T15:27:07.265+0000] {processor.py:830} INFO - Processing file /home/airflow/.local/lib/python3.12/site-packages/airflow/example_dags/example_time_delta_sensor_async.py for tasks to queue
[2024-05-11T15:27:07.284+0000] {logging_mixin.py:188} INFO - [2024-05-11T15:27:07.281+0000] {dagbag.py:545} INFO - Filling up the DagBag from /home/airflow/.local/lib/python3.12/site-packages/airflow/example_dags/example_time_delta_sensor_async.py
[2024-05-11T15:27:07.374+0000] {processor.py:840} INFO - DAG(s) 'example_time_delta_sensor_async' retrieved from /home/airflow/.local/lib/python3.12/site-packages/airflow/example_dags/example_time_delta_sensor_async.py
[2024-05-11T15:27:07.534+0000] {logging_mixin.py:188} INFO - [2024-05-11T15:27:07.534+0000] {dag.py:3096} INFO - Sync 1 DAGs
[2024-05-11T15:27:07.549+0000] {logging_mixin.py:188} INFO - [2024-05-11T15:27:07.548+0000] {dag.py:3954} INFO - Setting next_dagrun for example_time_delta_sensor_async to None, run_after=None
[2024-05-11T15:27:07.571+0000] {processor.py:183} INFO - Processing /home/airflow/.local/lib/python3.12/site-packages/airflow/example_dags/example_time_delta_sensor_async.py took 0.332 seconds
[2024-05-11T15:27:38.091+0000] {processor.py:161} INFO - Started process (PID=134) to work on /home/airflow/.local/lib/python3.12/site-packages/airflow/example_dags/example_time_delta_sensor_async.py
[2024-05-11T15:27:38.092+0000] {processor.py:830} INFO - Processing file /home/airflow/.local/lib/python3.12/site-packages/airflow/example_dags/example_time_delta_sensor_async.py for tasks to queue
[2024-05-11T15:27:38.093+0000] {logging_mixin.py:188} INFO - [2024-05-11T15:27:38.093+0000] {dagbag.py:545} INFO - Filling up the DagBag from /home/airflow/.local/lib/python3.12/site-packages/airflow/example_dags/example_time_delta_sensor_async.py
[2024-05-11T15:27:38.098+0000] {processor.py:840} INFO - DAG(s) 'example_time_delta_sensor_async' retrieved from /home/airflow/.local/lib/python3.12/site-packages/airflow/example_dags/example_time_delta_sensor_async.py
[2024-05-11T15:27:38.116+0000] {logging_mixin.py:188} INFO - [2024-05-11T15:27:38.116+0000] {dag.py:3096} INFO - Sync 1 DAGs
[2024-05-11T15:27:38.129+0000] {logging_mixin.py:188} INFO - [2024-05-11T15:27:38.129+0000] {dag.py:3954} INFO - Setting next_dagrun for example_time_delta_sensor_async to None, run_after=None
[2024-05-11T15:27:38.148+0000] {processor.py:183} INFO - Processing /home/airflow/.local/lib/python3.12/site-packages/airflow/example_dags/example_time_delta_sensor_async.py took 0.063 seconds
[2024-05-11T15:28:08.519+0000] {processor.py:161} INFO - Started process (PID=192) to work on /home/airflow/.local/lib/python3.12/site-packages/airflow/example_dags/example_time_delta_sensor_async.py
[2024-05-11T15:28:08.520+0000] {processor.py:830} INFO - Processing file /home/airflow/.local/lib/python3.12/site-packages/airflow/example_dags/example_time_delta_sensor_async.py for tasks to queue
[2024-05-11T15:28:08.522+0000] {logging_mixin.py:188} INFO - [2024-05-11T15:28:08.522+0000] {dagbag.py:545} INFO - Filling up the DagBag from /home/airflow/.local/lib/python3.12/site-packages/airflow/example_dags/example_time_delta_sensor_async.py
[2024-05-11T15:28:08.526+0000] {processor.py:840} INFO - DAG(s) 'example_time_delta_sensor_async' retrieved from /home/airflow/.local/lib/python3.12/site-packages/airflow/example_dags/example_time_delta_sensor_async.py
[2024-05-11T15:28:08.549+0000] {logging_mixin.py:188} INFO - [2024-05-11T15:28:08.549+0000] {dag.py:3096} INFO - Sync 1 DAGs
[2024-05-11T15:28:08.562+0000] {logging_mixin.py:188} INFO - [2024-05-11T15:28:08.562+0000] {dag.py:3954} INFO - Setting next_dagrun for example_time_delta_sensor_async to None, run_after=None
[2024-05-11T15:28:08.579+0000] {processor.py:183} INFO - Processing /home/airflow/.local/lib/python3.12/site-packages/airflow/example_dags/example_time_delta_sensor_async.py took 0.066 seconds
[2024-05-11T15:28:38.677+0000] {processor.py:161} INFO - Started process (PID=250) to work on /home/airflow/.local/lib/python3.12/site-packages/airflow/example_dags/example_time_delta_sensor_async.py
[2024-05-11T15:28:38.678+0000] {processor.py:830} INFO - Processing file /home/airflow/.local/lib/python3.12/site-packages/airflow/example_dags/example_time_delta_sensor_async.py for tasks to queue
[2024-05-11T15:28:38.680+0000] {logging_mixin.py:188} INFO - [2024-05-11T15:28:38.679+0000] {dagbag.py:545} INFO - Filling up the DagBag from /home/airflow/.local/lib/python3.12/site-packages/airflow/example_dags/example_time_delta_sensor_async.py
[2024-05-11T15:28:38.684+0000] {processor.py:840} INFO - DAG(s) 'example_time_delta_sensor_async' retrieved from /home/airflow/.local/lib/python3.12/site-packages/airflow/example_dags/example_time_delta_sensor_async.py
[2024-05-11T15:28:38.701+0000] {logging_mixin.py:188} INFO - [2024-05-11T15:28:38.701+0000] {dag.py:3096} INFO - Sync 1 DAGs
[2024-05-11T15:28:38.712+0000] {logging_mixin.py:188} INFO - [2024-05-11T15:28:38.712+0000] {dag.py:3954} INFO - Setting next_dagrun for example_time_delta_sensor_async to None, run_after=None
[2024-05-11T15:28:38.728+0000] {processor.py:183} INFO - Processing /home/airflow/.local/lib/python3.12/site-packages/airflow/example_dags/example_time_delta_sensor_async.py took 0.055 seconds
[2024-05-11T15:46:24.392+0000] {processor.py:161} INFO - Started process (PID=74) to work on /home/airflow/.local/lib/python3.12/site-packages/airflow/example_dags/example_time_delta_sensor_async.py
[2024-05-11T15:46:24.412+0000] {processor.py:830} INFO - Processing file /home/airflow/.local/lib/python3.12/site-packages/airflow/example_dags/example_time_delta_sensor_async.py for tasks to queue
[2024-05-11T15:46:24.417+0000] {logging_mixin.py:188} INFO - [2024-05-11T15:46:24.416+0000] {dagbag.py:545} INFO - Filling up the DagBag from /home/airflow/.local/lib/python3.12/site-packages/airflow/example_dags/example_time_delta_sensor_async.py
[2024-05-11T15:46:24.435+0000] {processor.py:840} INFO - DAG(s) 'example_time_delta_sensor_async' retrieved from /home/airflow/.local/lib/python3.12/site-packages/airflow/example_dags/example_time_delta_sensor_async.py
[2024-05-11T15:46:24.985+0000] {logging_mixin.py:188} INFO - [2024-05-11T15:46:24.984+0000] {dag.py:3096} INFO - Sync 1 DAGs
[2024-05-11T15:46:25.019+0000] {logging_mixin.py:188} INFO - [2024-05-11T15:46:25.019+0000] {dag.py:3954} INFO - Setting next_dagrun for example_time_delta_sensor_async to None, run_after=None
[2024-05-11T15:46:25.065+0000] {processor.py:183} INFO - Processing /home/airflow/.local/lib/python3.12/site-packages/airflow/example_dags/example_time_delta_sensor_async.py took 0.678 seconds
[2024-05-11T15:46:55.835+0000] {processor.py:161} INFO - Started process (PID=132) to work on /home/airflow/.local/lib/python3.12/site-packages/airflow/example_dags/example_time_delta_sensor_async.py
[2024-05-11T15:46:55.870+0000] {processor.py:830} INFO - Processing file /home/airflow/.local/lib/python3.12/site-packages/airflow/example_dags/example_time_delta_sensor_async.py for tasks to queue
[2024-05-11T15:46:55.874+0000] {logging_mixin.py:188} INFO - [2024-05-11T15:46:55.873+0000] {dagbag.py:545} INFO - Filling up the DagBag from /home/airflow/.local/lib/python3.12/site-packages/airflow/example_dags/example_time_delta_sensor_async.py
[2024-05-11T15:46:55.878+0000] {processor.py:840} INFO - DAG(s) 'example_time_delta_sensor_async' retrieved from /home/airflow/.local/lib/python3.12/site-packages/airflow/example_dags/example_time_delta_sensor_async.py
[2024-05-11T15:46:56.166+0000] {logging_mixin.py:188} INFO - [2024-05-11T15:46:56.165+0000] {dag.py:3096} INFO - Sync 1 DAGs
[2024-05-11T15:46:56.203+0000] {logging_mixin.py:188} INFO - [2024-05-11T15:46:56.203+0000] {dag.py:3954} INFO - Setting next_dagrun for example_time_delta_sensor_async to None, run_after=None
[2024-05-11T15:46:56.249+0000] {processor.py:183} INFO - Processing /home/airflow/.local/lib/python3.12/site-packages/airflow/example_dags/example_time_delta_sensor_async.py took 0.474 seconds
[2024-05-11T15:47:26.850+0000] {processor.py:161} INFO - Started process (PID=190) to work on /home/airflow/.local/lib/python3.12/site-packages/airflow/example_dags/example_time_delta_sensor_async.py
[2024-05-11T15:47:26.858+0000] {processor.py:830} INFO - Processing file /home/airflow/.local/lib/python3.12/site-packages/airflow/example_dags/example_time_delta_sensor_async.py for tasks to queue
[2024-05-11T15:47:26.860+0000] {logging_mixin.py:188} INFO - [2024-05-11T15:47:26.860+0000] {dagbag.py:545} INFO - Filling up the DagBag from /home/airflow/.local/lib/python3.12/site-packages/airflow/example_dags/example_time_delta_sensor_async.py
[2024-05-11T15:47:26.864+0000] {processor.py:840} INFO - DAG(s) 'example_time_delta_sensor_async' retrieved from /home/airflow/.local/lib/python3.12/site-packages/airflow/example_dags/example_time_delta_sensor_async.py
[2024-05-11T15:47:26.882+0000] {logging_mixin.py:188} INFO - [2024-05-11T15:47:26.881+0000] {dag.py:3096} INFO - Sync 1 DAGs
[2024-05-11T15:47:26.894+0000] {logging_mixin.py:188} INFO - [2024-05-11T15:47:26.894+0000] {dag.py:3954} INFO - Setting next_dagrun for example_time_delta_sensor_async to None, run_after=None
[2024-05-11T15:47:26.921+0000] {processor.py:183} INFO - Processing /home/airflow/.local/lib/python3.12/site-packages/airflow/example_dags/example_time_delta_sensor_async.py took 0.076 seconds
[2024-05-11T15:47:57.340+0000] {processor.py:161} INFO - Started process (PID=248) to work on /home/airflow/.local/lib/python3.12/site-packages/airflow/example_dags/example_time_delta_sensor_async.py
[2024-05-11T15:47:57.341+0000] {processor.py:830} INFO - Processing file /home/airflow/.local/lib/python3.12/site-packages/airflow/example_dags/example_time_delta_sensor_async.py for tasks to queue
[2024-05-11T15:47:57.343+0000] {logging_mixin.py:188} INFO - [2024-05-11T15:47:57.342+0000] {dagbag.py:545} INFO - Filling up the DagBag from /home/airflow/.local/lib/python3.12/site-packages/airflow/example_dags/example_time_delta_sensor_async.py
[2024-05-11T15:47:57.346+0000] {processor.py:840} INFO - DAG(s) 'example_time_delta_sensor_async' retrieved from /home/airflow/.local/lib/python3.12/site-packages/airflow/example_dags/example_time_delta_sensor_async.py
[2024-05-11T15:47:57.364+0000] {logging_mixin.py:188} INFO - [2024-05-11T15:47:57.364+0000] {dag.py:3096} INFO - Sync 1 DAGs
[2024-05-11T15:47:57.376+0000] {logging_mixin.py:188} INFO - [2024-05-11T15:47:57.376+0000] {dag.py:3954} INFO - Setting next_dagrun for example_time_delta_sensor_async to None, run_after=None
[2024-05-11T15:47:57.406+0000] {processor.py:183} INFO - Processing /home/airflow/.local/lib/python3.12/site-packages/airflow/example_dags/example_time_delta_sensor_async.py took 0.071 seconds
[2024-05-11T15:48:27.627+0000] {processor.py:161} INFO - Started process (PID=306) to work on /home/airflow/.local/lib/python3.12/site-packages/airflow/example_dags/example_time_delta_sensor_async.py
[2024-05-11T15:48:27.628+0000] {processor.py:830} INFO - Processing file /home/airflow/.local/lib/python3.12/site-packages/airflow/example_dags/example_time_delta_sensor_async.py for tasks to queue
[2024-05-11T15:48:27.629+0000] {logging_mixin.py:188} INFO - [2024-05-11T15:48:27.629+0000] {dagbag.py:545} INFO - Filling up the DagBag from /home/airflow/.local/lib/python3.12/site-packages/airflow/example_dags/example_time_delta_sensor_async.py
[2024-05-11T15:48:27.633+0000] {processor.py:840} INFO - DAG(s) 'example_time_delta_sensor_async' retrieved from /home/airflow/.local/lib/python3.12/site-packages/airflow/example_dags/example_time_delta_sensor_async.py
[2024-05-11T15:48:27.649+0000] {logging_mixin.py:188} INFO - [2024-05-11T15:48:27.649+0000] {dag.py:3096} INFO - Sync 1 DAGs
[2024-05-11T15:48:27.660+0000] {logging_mixin.py:188} INFO - [2024-05-11T15:48:27.660+0000] {dag.py:3954} INFO - Setting next_dagrun for example_time_delta_sensor_async to None, run_after=None
[2024-05-11T15:48:27.677+0000] {processor.py:183} INFO - Processing /home/airflow/.local/lib/python3.12/site-packages/airflow/example_dags/example_time_delta_sensor_async.py took 0.053 seconds
[2024-05-11T15:48:57.863+0000] {processor.py:161} INFO - Started process (PID=364) to work on /home/airflow/.local/lib/python3.12/site-packages/airflow/example_dags/example_time_delta_sensor_async.py
[2024-05-11T15:48:57.865+0000] {processor.py:830} INFO - Processing file /home/airflow/.local/lib/python3.12/site-packages/airflow/example_dags/example_time_delta_sensor_async.py for tasks to queue
[2024-05-11T15:48:57.868+0000] {logging_mixin.py:188} INFO - [2024-05-11T15:48:57.867+0000] {dagbag.py:545} INFO - Filling up the DagBag from /home/airflow/.local/lib/python3.12/site-packages/airflow/example_dags/example_time_delta_sensor_async.py
[2024-05-11T15:48:57.875+0000] {processor.py:840} INFO - DAG(s) 'example_time_delta_sensor_async' retrieved from /home/airflow/.local/lib/python3.12/site-packages/airflow/example_dags/example_time_delta_sensor_async.py
[2024-05-11T15:48:57.910+0000] {logging_mixin.py:188} INFO - [2024-05-11T15:48:57.909+0000] {dag.py:3096} INFO - Sync 1 DAGs
[2024-05-11T15:48:57.928+0000] {logging_mixin.py:188} INFO - [2024-05-11T15:48:57.928+0000] {dag.py:3954} INFO - Setting next_dagrun for example_time_delta_sensor_async to None, run_after=None
[2024-05-11T15:48:57.948+0000] {processor.py:183} INFO - Processing /home/airflow/.local/lib/python3.12/site-packages/airflow/example_dags/example_time_delta_sensor_async.py took 0.092 seconds
[2024-05-11T15:49:28.526+0000] {processor.py:161} INFO - Started process (PID=422) to work on /home/airflow/.local/lib/python3.12/site-packages/airflow/example_dags/example_time_delta_sensor_async.py
[2024-05-11T15:49:28.527+0000] {processor.py:830} INFO - Processing file /home/airflow/.local/lib/python3.12/site-packages/airflow/example_dags/example_time_delta_sensor_async.py for tasks to queue
[2024-05-11T15:49:28.528+0000] {logging_mixin.py:188} INFO - [2024-05-11T15:49:28.528+0000] {dagbag.py:545} INFO - Filling up the DagBag from /home/airflow/.local/lib/python3.12/site-packages/airflow/example_dags/example_time_delta_sensor_async.py
[2024-05-11T15:49:28.532+0000] {processor.py:840} INFO - DAG(s) 'example_time_delta_sensor_async' retrieved from /home/airflow/.local/lib/python3.12/site-packages/airflow/example_dags/example_time_delta_sensor_async.py
[2024-05-11T15:49:28.548+0000] {logging_mixin.py:188} INFO - [2024-05-11T15:49:28.548+0000] {dag.py:3096} INFO - Sync 1 DAGs
[2024-05-11T15:49:28.560+0000] {logging_mixin.py:188} INFO - [2024-05-11T15:49:28.560+0000] {dag.py:3954} INFO - Setting next_dagrun for example_time_delta_sensor_async to None, run_after=None
[2024-05-11T15:49:28.577+0000] {processor.py:183} INFO - Processing /home/airflow/.local/lib/python3.12/site-packages/airflow/example_dags/example_time_delta_sensor_async.py took 0.056 seconds
[2024-05-11T15:49:58.724+0000] {processor.py:161} INFO - Started process (PID=481) to work on /home/airflow/.local/lib/python3.12/site-packages/airflow/example_dags/example_time_delta_sensor_async.py
[2024-05-11T15:49:58.725+0000] {processor.py:830} INFO - Processing file /home/airflow/.local/lib/python3.12/site-packages/airflow/example_dags/example_time_delta_sensor_async.py for tasks to queue
[2024-05-11T15:49:58.726+0000] {logging_mixin.py:188} INFO - [2024-05-11T15:49:58.726+0000] {dagbag.py:545} INFO - Filling up the DagBag from /home/airflow/.local/lib/python3.12/site-packages/airflow/example_dags/example_time_delta_sensor_async.py
[2024-05-11T15:49:58.731+0000] {processor.py:840} INFO - DAG(s) 'example_time_delta_sensor_async' retrieved from /home/airflow/.local/lib/python3.12/site-packages/airflow/example_dags/example_time_delta_sensor_async.py
[2024-05-11T15:49:58.752+0000] {logging_mixin.py:188} INFO - [2024-05-11T15:49:58.752+0000] {dag.py:3096} INFO - Sync 1 DAGs
[2024-05-11T15:49:58.767+0000] {logging_mixin.py:188} INFO - [2024-05-11T15:49:58.767+0000] {dag.py:3954} INFO - Setting next_dagrun for example_time_delta_sensor_async to None, run_after=None
[2024-05-11T15:49:58.789+0000] {processor.py:183} INFO - Processing /home/airflow/.local/lib/python3.12/site-packages/airflow/example_dags/example_time_delta_sensor_async.py took 0.072 seconds
[2024-05-11T15:50:29.106+0000] {processor.py:161} INFO - Started process (PID=539) to work on /home/airflow/.local/lib/python3.12/site-packages/airflow/example_dags/example_time_delta_sensor_async.py
[2024-05-11T15:50:29.107+0000] {processor.py:830} INFO - Processing file /home/airflow/.local/lib/python3.12/site-packages/airflow/example_dags/example_time_delta_sensor_async.py for tasks to queue
[2024-05-11T15:50:29.108+0000] {logging_mixin.py:188} INFO - [2024-05-11T15:50:29.108+0000] {dagbag.py:545} INFO - Filling up the DagBag from /home/airflow/.local/lib/python3.12/site-packages/airflow/example_dags/example_time_delta_sensor_async.py
[2024-05-11T15:50:29.112+0000] {processor.py:840} INFO - DAG(s) 'example_time_delta_sensor_async' retrieved from /home/airflow/.local/lib/python3.12/site-packages/airflow/example_dags/example_time_delta_sensor_async.py
[2024-05-11T15:50:29.129+0000] {logging_mixin.py:188} INFO - [2024-05-11T15:50:29.129+0000] {dag.py:3096} INFO - Sync 1 DAGs
[2024-05-11T15:50:29.141+0000] {logging_mixin.py:188} INFO - [2024-05-11T15:50:29.140+0000] {dag.py:3954} INFO - Setting next_dagrun for example_time_delta_sensor_async to None, run_after=None
[2024-05-11T15:50:29.157+0000] {processor.py:183} INFO - Processing /home/airflow/.local/lib/python3.12/site-packages/airflow/example_dags/example_time_delta_sensor_async.py took 0.055 seconds
[2024-05-11T15:50:59.597+0000] {processor.py:161} INFO - Started process (PID=597) to work on /home/airflow/.local/lib/python3.12/site-packages/airflow/example_dags/example_time_delta_sensor_async.py
[2024-05-11T15:50:59.598+0000] {processor.py:830} INFO - Processing file /home/airflow/.local/lib/python3.12/site-packages/airflow/example_dags/example_time_delta_sensor_async.py for tasks to queue
[2024-05-11T15:50:59.600+0000] {logging_mixin.py:188} INFO - [2024-05-11T15:50:59.599+0000] {dagbag.py:545} INFO - Filling up the DagBag from /home/airflow/.local/lib/python3.12/site-packages/airflow/example_dags/example_time_delta_sensor_async.py
[2024-05-11T15:50:59.604+0000] {processor.py:840} INFO - DAG(s) 'example_time_delta_sensor_async' retrieved from /home/airflow/.local/lib/python3.12/site-packages/airflow/example_dags/example_time_delta_sensor_async.py
[2024-05-11T15:50:59.623+0000] {logging_mixin.py:188} INFO - [2024-05-11T15:50:59.623+0000] {dag.py:3096} INFO - Sync 1 DAGs
[2024-05-11T15:50:59.637+0000] {logging_mixin.py:188} INFO - [2024-05-11T15:50:59.637+0000] {dag.py:3954} INFO - Setting next_dagrun for example_time_delta_sensor_async to None, run_after=None
[2024-05-11T15:50:59.660+0000] {processor.py:183} INFO - Processing /home/airflow/.local/lib/python3.12/site-packages/airflow/example_dags/example_time_delta_sensor_async.py took 0.068 seconds
[2024-05-11T15:51:29.700+0000] {processor.py:161} INFO - Started process (PID=654) to work on /home/airflow/.local/lib/python3.12/site-packages/airflow/example_dags/example_time_delta_sensor_async.py
[2024-05-11T15:51:29.701+0000] {processor.py:830} INFO - Processing file /home/airflow/.local/lib/python3.12/site-packages/airflow/example_dags/example_time_delta_sensor_async.py for tasks to queue
[2024-05-11T15:51:29.703+0000] {logging_mixin.py:188} INFO - [2024-05-11T15:51:29.702+0000] {dagbag.py:545} INFO - Filling up the DagBag from /home/airflow/.local/lib/python3.12/site-packages/airflow/example_dags/example_time_delta_sensor_async.py
[2024-05-11T15:51:29.706+0000] {processor.py:840} INFO - DAG(s) 'example_time_delta_sensor_async' retrieved from /home/airflow/.local/lib/python3.12/site-packages/airflow/example_dags/example_time_delta_sensor_async.py
[2024-05-11T15:51:29.722+0000] {logging_mixin.py:188} INFO - [2024-05-11T15:51:29.722+0000] {dag.py:3096} INFO - Sync 1 DAGs
[2024-05-11T15:51:29.733+0000] {logging_mixin.py:188} INFO - [2024-05-11T15:51:29.732+0000] {dag.py:3954} INFO - Setting next_dagrun for example_time_delta_sensor_async to None, run_after=None
[2024-05-11T15:51:29.748+0000] {processor.py:183} INFO - Processing /home/airflow/.local/lib/python3.12/site-packages/airflow/example_dags/example_time_delta_sensor_async.py took 0.052 seconds
[2024-05-11T15:51:59.913+0000] {processor.py:161} INFO - Started process (PID=712) to work on /home/airflow/.local/lib/python3.12/site-packages/airflow/example_dags/example_time_delta_sensor_async.py
[2024-05-11T15:51:59.915+0000] {processor.py:830} INFO - Processing file /home/airflow/.local/lib/python3.12/site-packages/airflow/example_dags/example_time_delta_sensor_async.py for tasks to queue
[2024-05-11T15:51:59.920+0000] {logging_mixin.py:188} INFO - [2024-05-11T15:51:59.919+0000] {dagbag.py:545} INFO - Filling up the DagBag from /home/airflow/.local/lib/python3.12/site-packages/airflow/example_dags/example_time_delta_sensor_async.py
[2024-05-11T15:51:59.931+0000] {processor.py:840} INFO - DAG(s) 'example_time_delta_sensor_async' retrieved from /home/airflow/.local/lib/python3.12/site-packages/airflow/example_dags/example_time_delta_sensor_async.py
[2024-05-11T15:51:59.980+0000] {logging_mixin.py:188} INFO - [2024-05-11T15:51:59.979+0000] {dag.py:3096} INFO - Sync 1 DAGs
[2024-05-11T15:52:00.004+0000] {logging_mixin.py:188} INFO - [2024-05-11T15:52:00.004+0000] {dag.py:3954} INFO - Setting next_dagrun for example_time_delta_sensor_async to None, run_after=None
[2024-05-11T15:52:00.033+0000] {processor.py:183} INFO - Processing /home/airflow/.local/lib/python3.12/site-packages/airflow/example_dags/example_time_delta_sensor_async.py took 0.149 seconds
[2024-05-11T15:52:30.353+0000] {processor.py:161} INFO - Started process (PID=770) to work on /home/airflow/.local/lib/python3.12/site-packages/airflow/example_dags/example_time_delta_sensor_async.py
[2024-05-11T15:52:30.361+0000] {processor.py:830} INFO - Processing file /home/airflow/.local/lib/python3.12/site-packages/airflow/example_dags/example_time_delta_sensor_async.py for tasks to queue
[2024-05-11T15:52:30.417+0000] {logging_mixin.py:188} INFO - [2024-05-11T15:52:30.405+0000] {dagbag.py:545} INFO - Filling up the DagBag from /home/airflow/.local/lib/python3.12/site-packages/airflow/example_dags/example_time_delta_sensor_async.py
[2024-05-11T15:52:30.499+0000] {processor.py:840} INFO - DAG(s) 'example_time_delta_sensor_async' retrieved from /home/airflow/.local/lib/python3.12/site-packages/airflow/example_dags/example_time_delta_sensor_async.py
[2024-05-11T15:52:30.594+0000] {logging_mixin.py:188} INFO - [2024-05-11T15:52:30.593+0000] {dag.py:3096} INFO - Sync 1 DAGs
[2024-05-11T15:52:30.641+0000] {logging_mixin.py:188} INFO - [2024-05-11T15:52:30.640+0000] {dag.py:3954} INFO - Setting next_dagrun for example_time_delta_sensor_async to None, run_after=None
[2024-05-11T15:52:30.713+0000] {processor.py:183} INFO - Processing /home/airflow/.local/lib/python3.12/site-packages/airflow/example_dags/example_time_delta_sensor_async.py took 0.428 seconds
[2024-05-11T15:53:00.838+0000] {processor.py:161} INFO - Started process (PID=828) to work on /home/airflow/.local/lib/python3.12/site-packages/airflow/example_dags/example_time_delta_sensor_async.py
[2024-05-11T15:53:00.839+0000] {processor.py:830} INFO - Processing file /home/airflow/.local/lib/python3.12/site-packages/airflow/example_dags/example_time_delta_sensor_async.py for tasks to queue
[2024-05-11T15:53:00.841+0000] {logging_mixin.py:188} INFO - [2024-05-11T15:53:00.841+0000] {dagbag.py:545} INFO - Filling up the DagBag from /home/airflow/.local/lib/python3.12/site-packages/airflow/example_dags/example_time_delta_sensor_async.py
[2024-05-11T15:53:00.844+0000] {processor.py:840} INFO - DAG(s) 'example_time_delta_sensor_async' retrieved from /home/airflow/.local/lib/python3.12/site-packages/airflow/example_dags/example_time_delta_sensor_async.py
[2024-05-11T15:53:00.860+0000] {logging_mixin.py:188} INFO - [2024-05-11T15:53:00.860+0000] {dag.py:3096} INFO - Sync 1 DAGs
[2024-05-11T15:53:00.871+0000] {logging_mixin.py:188} INFO - [2024-05-11T15:53:00.870+0000] {dag.py:3954} INFO - Setting next_dagrun for example_time_delta_sensor_async to None, run_after=None
[2024-05-11T15:53:00.885+0000] {processor.py:183} INFO - Processing /home/airflow/.local/lib/python3.12/site-packages/airflow/example_dags/example_time_delta_sensor_async.py took 0.052 seconds
[2024-05-11T15:53:31.353+0000] {processor.py:161} INFO - Started process (PID=886) to work on /home/airflow/.local/lib/python3.12/site-packages/airflow/example_dags/example_time_delta_sensor_async.py
[2024-05-11T15:53:31.354+0000] {processor.py:830} INFO - Processing file /home/airflow/.local/lib/python3.12/site-packages/airflow/example_dags/example_time_delta_sensor_async.py for tasks to queue
[2024-05-11T15:53:31.356+0000] {logging_mixin.py:188} INFO - [2024-05-11T15:53:31.355+0000] {dagbag.py:545} INFO - Filling up the DagBag from /home/airflow/.local/lib/python3.12/site-packages/airflow/example_dags/example_time_delta_sensor_async.py
[2024-05-11T15:53:31.359+0000] {processor.py:840} INFO - DAG(s) 'example_time_delta_sensor_async' retrieved from /home/airflow/.local/lib/python3.12/site-packages/airflow/example_dags/example_time_delta_sensor_async.py
[2024-05-11T15:53:31.378+0000] {logging_mixin.py:188} INFO - [2024-05-11T15:53:31.377+0000] {dag.py:3096} INFO - Sync 1 DAGs
[2024-05-11T15:53:31.389+0000] {logging_mixin.py:188} INFO - [2024-05-11T15:53:31.389+0000] {dag.py:3954} INFO - Setting next_dagrun for example_time_delta_sensor_async to None, run_after=None
[2024-05-11T15:53:31.409+0000] {processor.py:183} INFO - Processing /home/airflow/.local/lib/python3.12/site-packages/airflow/example_dags/example_time_delta_sensor_async.py took 0.061 seconds
[2024-05-11T15:54:01.672+0000] {processor.py:161} INFO - Started process (PID=944) to work on /home/airflow/.local/lib/python3.12/site-packages/airflow/example_dags/example_time_delta_sensor_async.py
[2024-05-11T15:54:01.673+0000] {processor.py:830} INFO - Processing file /home/airflow/.local/lib/python3.12/site-packages/airflow/example_dags/example_time_delta_sensor_async.py for tasks to queue
[2024-05-11T15:54:01.675+0000] {logging_mixin.py:188} INFO - [2024-05-11T15:54:01.675+0000] {dagbag.py:545} INFO - Filling up the DagBag from /home/airflow/.local/lib/python3.12/site-packages/airflow/example_dags/example_time_delta_sensor_async.py
[2024-05-11T15:54:01.678+0000] {processor.py:840} INFO - DAG(s) 'example_time_delta_sensor_async' retrieved from /home/airflow/.local/lib/python3.12/site-packages/airflow/example_dags/example_time_delta_sensor_async.py
[2024-05-11T15:54:01.707+0000] {logging_mixin.py:188} INFO - [2024-05-11T15:54:01.707+0000] {dag.py:3096} INFO - Sync 1 DAGs
[2024-05-11T15:54:01.718+0000] {logging_mixin.py:188} INFO - [2024-05-11T15:54:01.718+0000] {dag.py:3954} INFO - Setting next_dagrun for example_time_delta_sensor_async to None, run_after=None
[2024-05-11T15:54:01.736+0000] {processor.py:183} INFO - Processing /home/airflow/.local/lib/python3.12/site-packages/airflow/example_dags/example_time_delta_sensor_async.py took 0.068 seconds
[2024-05-11T15:54:31.825+0000] {processor.py:161} INFO - Started process (PID=1002) to work on /home/airflow/.local/lib/python3.12/site-packages/airflow/example_dags/example_time_delta_sensor_async.py
[2024-05-11T15:54:31.826+0000] {processor.py:830} INFO - Processing file /home/airflow/.local/lib/python3.12/site-packages/airflow/example_dags/example_time_delta_sensor_async.py for tasks to queue
[2024-05-11T15:54:31.828+0000] {logging_mixin.py:188} INFO - [2024-05-11T15:54:31.828+0000] {dagbag.py:545} INFO - Filling up the DagBag from /home/airflow/.local/lib/python3.12/site-packages/airflow/example_dags/example_time_delta_sensor_async.py
[2024-05-11T15:54:31.833+0000] {processor.py:840} INFO - DAG(s) 'example_time_delta_sensor_async' retrieved from /home/airflow/.local/lib/python3.12/site-packages/airflow/example_dags/example_time_delta_sensor_async.py
[2024-05-11T15:54:31.853+0000] {logging_mixin.py:188} INFO - [2024-05-11T15:54:31.853+0000] {dag.py:3096} INFO - Sync 1 DAGs
[2024-05-11T15:54:31.866+0000] {logging_mixin.py:188} INFO - [2024-05-11T15:54:31.866+0000] {dag.py:3954} INFO - Setting next_dagrun for example_time_delta_sensor_async to None, run_after=None
[2024-05-11T15:54:31.886+0000] {processor.py:183} INFO - Processing /home/airflow/.local/lib/python3.12/site-packages/airflow/example_dags/example_time_delta_sensor_async.py took 0.067 seconds
[2024-05-11T15:55:02.447+0000] {processor.py:161} INFO - Started process (PID=1060) to work on /home/airflow/.local/lib/python3.12/site-packages/airflow/example_dags/example_time_delta_sensor_async.py
[2024-05-11T15:55:02.449+0000] {processor.py:830} INFO - Processing file /home/airflow/.local/lib/python3.12/site-packages/airflow/example_dags/example_time_delta_sensor_async.py for tasks to queue
[2024-05-11T15:55:02.451+0000] {logging_mixin.py:188} INFO - [2024-05-11T15:55:02.450+0000] {dagbag.py:545} INFO - Filling up the DagBag from /home/airflow/.local/lib/python3.12/site-packages/airflow/example_dags/example_time_delta_sensor_async.py
[2024-05-11T15:55:02.454+0000] {processor.py:840} INFO - DAG(s) 'example_time_delta_sensor_async' retrieved from /home/airflow/.local/lib/python3.12/site-packages/airflow/example_dags/example_time_delta_sensor_async.py
[2024-05-11T15:55:02.472+0000] {logging_mixin.py:188} INFO - [2024-05-11T15:55:02.472+0000] {dag.py:3096} INFO - Sync 1 DAGs
[2024-05-11T15:55:02.485+0000] {logging_mixin.py:188} INFO - [2024-05-11T15:55:02.485+0000] {dag.py:3954} INFO - Setting next_dagrun for example_time_delta_sensor_async to None, run_after=None
[2024-05-11T15:55:02.503+0000] {processor.py:183} INFO - Processing /home/airflow/.local/lib/python3.12/site-packages/airflow/example_dags/example_time_delta_sensor_async.py took 0.061 seconds
[2024-05-11T15:55:33.207+0000] {processor.py:161} INFO - Started process (PID=1119) to work on /home/airflow/.local/lib/python3.12/site-packages/airflow/example_dags/example_time_delta_sensor_async.py
[2024-05-11T15:55:33.208+0000] {processor.py:830} INFO - Processing file /home/airflow/.local/lib/python3.12/site-packages/airflow/example_dags/example_time_delta_sensor_async.py for tasks to queue
[2024-05-11T15:55:33.210+0000] {logging_mixin.py:188} INFO - [2024-05-11T15:55:33.210+0000] {dagbag.py:545} INFO - Filling up the DagBag from /home/airflow/.local/lib/python3.12/site-packages/airflow/example_dags/example_time_delta_sensor_async.py
[2024-05-11T15:55:33.214+0000] {processor.py:840} INFO - DAG(s) 'example_time_delta_sensor_async' retrieved from /home/airflow/.local/lib/python3.12/site-packages/airflow/example_dags/example_time_delta_sensor_async.py
[2024-05-11T15:55:33.231+0000] {logging_mixin.py:188} INFO - [2024-05-11T15:55:33.231+0000] {dag.py:3096} INFO - Sync 1 DAGs
[2024-05-11T15:55:33.244+0000] {logging_mixin.py:188} INFO - [2024-05-11T15:55:33.244+0000] {dag.py:3954} INFO - Setting next_dagrun for example_time_delta_sensor_async to None, run_after=None
[2024-05-11T15:55:33.260+0000] {processor.py:183} INFO - Processing /home/airflow/.local/lib/python3.12/site-packages/airflow/example_dags/example_time_delta_sensor_async.py took 0.057 seconds
[2024-05-11T15:56:03.854+0000] {processor.py:161} INFO - Started process (PID=1177) to work on /home/airflow/.local/lib/python3.12/site-packages/airflow/example_dags/example_time_delta_sensor_async.py
[2024-05-11T15:56:03.855+0000] {processor.py:830} INFO - Processing file /home/airflow/.local/lib/python3.12/site-packages/airflow/example_dags/example_time_delta_sensor_async.py for tasks to queue
[2024-05-11T15:56:03.857+0000] {logging_mixin.py:188} INFO - [2024-05-11T15:56:03.856+0000] {dagbag.py:545} INFO - Filling up the DagBag from /home/airflow/.local/lib/python3.12/site-packages/airflow/example_dags/example_time_delta_sensor_async.py
[2024-05-11T15:56:03.862+0000] {processor.py:840} INFO - DAG(s) 'example_time_delta_sensor_async' retrieved from /home/airflow/.local/lib/python3.12/site-packages/airflow/example_dags/example_time_delta_sensor_async.py
[2024-05-11T15:56:03.900+0000] {logging_mixin.py:188} INFO - [2024-05-11T15:56:03.899+0000] {dag.py:3096} INFO - Sync 1 DAGs
[2024-05-11T15:56:03.921+0000] {logging_mixin.py:188} INFO - [2024-05-11T15:56:03.920+0000] {dag.py:3954} INFO - Setting next_dagrun for example_time_delta_sensor_async to None, run_after=None
[2024-05-11T15:56:03.944+0000] {processor.py:183} INFO - Processing /home/airflow/.local/lib/python3.12/site-packages/airflow/example_dags/example_time_delta_sensor_async.py took 0.096 seconds
[2024-05-11T15:56:34.454+0000] {processor.py:161} INFO - Started process (PID=1235) to work on /home/airflow/.local/lib/python3.12/site-packages/airflow/example_dags/example_time_delta_sensor_async.py
[2024-05-11T15:56:34.455+0000] {processor.py:830} INFO - Processing file /home/airflow/.local/lib/python3.12/site-packages/airflow/example_dags/example_time_delta_sensor_async.py for tasks to queue
[2024-05-11T15:56:34.457+0000] {logging_mixin.py:188} INFO - [2024-05-11T15:56:34.456+0000] {dagbag.py:545} INFO - Filling up the DagBag from /home/airflow/.local/lib/python3.12/site-packages/airflow/example_dags/example_time_delta_sensor_async.py
[2024-05-11T15:56:34.460+0000] {processor.py:840} INFO - DAG(s) 'example_time_delta_sensor_async' retrieved from /home/airflow/.local/lib/python3.12/site-packages/airflow/example_dags/example_time_delta_sensor_async.py
[2024-05-11T15:56:34.477+0000] {logging_mixin.py:188} INFO - [2024-05-11T15:56:34.477+0000] {dag.py:3096} INFO - Sync 1 DAGs
[2024-05-11T15:56:34.488+0000] {logging_mixin.py:188} INFO - [2024-05-11T15:56:34.488+0000] {dag.py:3954} INFO - Setting next_dagrun for example_time_delta_sensor_async to None, run_after=None
[2024-05-11T15:56:34.505+0000] {processor.py:183} INFO - Processing /home/airflow/.local/lib/python3.12/site-packages/airflow/example_dags/example_time_delta_sensor_async.py took 0.055 seconds
[2024-05-11T16:03:44.540+0000] {processor.py:161} INFO - Started process (PID=68) to work on /home/airflow/.local/lib/python3.12/site-packages/airflow/example_dags/example_time_delta_sensor_async.py
[2024-05-11T16:03:44.544+0000] {processor.py:830} INFO - Processing file /home/airflow/.local/lib/python3.12/site-packages/airflow/example_dags/example_time_delta_sensor_async.py for tasks to queue
[2024-05-11T16:03:44.556+0000] {logging_mixin.py:188} INFO - [2024-05-11T16:03:44.552+0000] {dagbag.py:545} INFO - Filling up the DagBag from /home/airflow/.local/lib/python3.12/site-packages/airflow/example_dags/example_time_delta_sensor_async.py
[2024-05-11T16:03:44.589+0000] {processor.py:840} INFO - DAG(s) 'example_time_delta_sensor_async' retrieved from /home/airflow/.local/lib/python3.12/site-packages/airflow/example_dags/example_time_delta_sensor_async.py
[2024-05-11T16:03:44.846+0000] {logging_mixin.py:188} INFO - [2024-05-11T16:03:44.846+0000] {dag.py:3096} INFO - Sync 1 DAGs
[2024-05-11T16:03:44.882+0000] {logging_mixin.py:188} INFO - [2024-05-11T16:03:44.881+0000] {dag.py:3954} INFO - Setting next_dagrun for example_time_delta_sensor_async to None, run_after=None
[2024-05-11T16:03:44.929+0000] {processor.py:183} INFO - Processing /home/airflow/.local/lib/python3.12/site-packages/airflow/example_dags/example_time_delta_sensor_async.py took 0.407 seconds
[2024-05-11T16:04:15.078+0000] {processor.py:161} INFO - Started process (PID=126) to work on /home/airflow/.local/lib/python3.12/site-packages/airflow/example_dags/example_time_delta_sensor_async.py
[2024-05-11T16:04:15.080+0000] {processor.py:830} INFO - Processing file /home/airflow/.local/lib/python3.12/site-packages/airflow/example_dags/example_time_delta_sensor_async.py for tasks to queue
[2024-05-11T16:04:15.081+0000] {logging_mixin.py:188} INFO - [2024-05-11T16:04:15.081+0000] {dagbag.py:545} INFO - Filling up the DagBag from /home/airflow/.local/lib/python3.12/site-packages/airflow/example_dags/example_time_delta_sensor_async.py
[2024-05-11T16:04:15.085+0000] {processor.py:840} INFO - DAG(s) 'example_time_delta_sensor_async' retrieved from /home/airflow/.local/lib/python3.12/site-packages/airflow/example_dags/example_time_delta_sensor_async.py
[2024-05-11T16:04:15.107+0000] {logging_mixin.py:188} INFO - [2024-05-11T16:04:15.107+0000] {dag.py:3096} INFO - Sync 1 DAGs
[2024-05-11T16:04:15.120+0000] {logging_mixin.py:188} INFO - [2024-05-11T16:04:15.120+0000] {dag.py:3954} INFO - Setting next_dagrun for example_time_delta_sensor_async to None, run_after=None
[2024-05-11T16:04:15.139+0000] {processor.py:183} INFO - Processing /home/airflow/.local/lib/python3.12/site-packages/airflow/example_dags/example_time_delta_sensor_async.py took 0.066 seconds
[2024-05-11T16:04:45.712+0000] {processor.py:161} INFO - Started process (PID=184) to work on /home/airflow/.local/lib/python3.12/site-packages/airflow/example_dags/example_time_delta_sensor_async.py
[2024-05-11T16:04:45.713+0000] {processor.py:830} INFO - Processing file /home/airflow/.local/lib/python3.12/site-packages/airflow/example_dags/example_time_delta_sensor_async.py for tasks to queue
[2024-05-11T16:04:45.714+0000] {logging_mixin.py:188} INFO - [2024-05-11T16:04:45.714+0000] {dagbag.py:545} INFO - Filling up the DagBag from /home/airflow/.local/lib/python3.12/site-packages/airflow/example_dags/example_time_delta_sensor_async.py
[2024-05-11T16:04:45.718+0000] {processor.py:840} INFO - DAG(s) 'example_time_delta_sensor_async' retrieved from /home/airflow/.local/lib/python3.12/site-packages/airflow/example_dags/example_time_delta_sensor_async.py
[2024-05-11T16:04:45.734+0000] {logging_mixin.py:188} INFO - [2024-05-11T16:04:45.734+0000] {dag.py:3096} INFO - Sync 1 DAGs
[2024-05-11T16:04:45.746+0000] {logging_mixin.py:188} INFO - [2024-05-11T16:04:45.746+0000] {dag.py:3954} INFO - Setting next_dagrun for example_time_delta_sensor_async to None, run_after=None
[2024-05-11T16:04:45.762+0000] {processor.py:183} INFO - Processing /home/airflow/.local/lib/python3.12/site-packages/airflow/example_dags/example_time_delta_sensor_async.py took 0.055 seconds
[2024-05-11T16:05:15.963+0000] {processor.py:161} INFO - Started process (PID=242) to work on /home/airflow/.local/lib/python3.12/site-packages/airflow/example_dags/example_time_delta_sensor_async.py
[2024-05-11T16:05:15.964+0000] {processor.py:830} INFO - Processing file /home/airflow/.local/lib/python3.12/site-packages/airflow/example_dags/example_time_delta_sensor_async.py for tasks to queue
[2024-05-11T16:05:15.965+0000] {logging_mixin.py:188} INFO - [2024-05-11T16:05:15.965+0000] {dagbag.py:545} INFO - Filling up the DagBag from /home/airflow/.local/lib/python3.12/site-packages/airflow/example_dags/example_time_delta_sensor_async.py
[2024-05-11T16:05:15.969+0000] {processor.py:840} INFO - DAG(s) 'example_time_delta_sensor_async' retrieved from /home/airflow/.local/lib/python3.12/site-packages/airflow/example_dags/example_time_delta_sensor_async.py
[2024-05-11T16:05:15.986+0000] {logging_mixin.py:188} INFO - [2024-05-11T16:05:15.986+0000] {dag.py:3096} INFO - Sync 1 DAGs
[2024-05-11T16:05:15.998+0000] {logging_mixin.py:188} INFO - [2024-05-11T16:05:15.998+0000] {dag.py:3954} INFO - Setting next_dagrun for example_time_delta_sensor_async to None, run_after=None
[2024-05-11T16:05:16.016+0000] {processor.py:183} INFO - Processing /home/airflow/.local/lib/python3.12/site-packages/airflow/example_dags/example_time_delta_sensor_async.py took 0.058 seconds
[2024-05-11T16:05:46.621+0000] {processor.py:161} INFO - Started process (PID=300) to work on /home/airflow/.local/lib/python3.12/site-packages/airflow/example_dags/example_time_delta_sensor_async.py
[2024-05-11T16:05:46.622+0000] {processor.py:830} INFO - Processing file /home/airflow/.local/lib/python3.12/site-packages/airflow/example_dags/example_time_delta_sensor_async.py for tasks to queue
[2024-05-11T16:05:46.623+0000] {logging_mixin.py:188} INFO - [2024-05-11T16:05:46.623+0000] {dagbag.py:545} INFO - Filling up the DagBag from /home/airflow/.local/lib/python3.12/site-packages/airflow/example_dags/example_time_delta_sensor_async.py
[2024-05-11T16:05:46.627+0000] {processor.py:840} INFO - DAG(s) 'example_time_delta_sensor_async' retrieved from /home/airflow/.local/lib/python3.12/site-packages/airflow/example_dags/example_time_delta_sensor_async.py
[2024-05-11T16:05:46.643+0000] {logging_mixin.py:188} INFO - [2024-05-11T16:05:46.642+0000] {dag.py:3096} INFO - Sync 1 DAGs
[2024-05-11T16:05:46.653+0000] {logging_mixin.py:188} INFO - [2024-05-11T16:05:46.653+0000] {dag.py:3954} INFO - Setting next_dagrun for example_time_delta_sensor_async to None, run_after=None
[2024-05-11T16:05:46.669+0000] {processor.py:183} INFO - Processing /home/airflow/.local/lib/python3.12/site-packages/airflow/example_dags/example_time_delta_sensor_async.py took 0.053 seconds
