[2024-05-11T11:30:36.184+0000] {processor.py:161} INFO - Started process (PID=62) to work on /home/airflow/.local/lib/python3.12/site-packages/airflow/example_dags/example_branch_labels.py
[2024-05-11T11:30:36.187+0000] {processor.py:830} INFO - Processing file /home/airflow/.local/lib/python3.12/site-packages/airflow/example_dags/example_branch_labels.py for tasks to queue
[2024-05-11T11:30:36.201+0000] {logging_mixin.py:188} INFO - [2024-05-11T11:30:36.200+0000] {dagbag.py:545} INFO - Filling up the DagBag from /home/airflow/.local/lib/python3.12/site-packages/airflow/example_dags/example_branch_labels.py
[2024-05-11T11:30:36.243+0000] {processor.py:840} INFO - DAG(s) 'example_branch_labels' retrieved from /home/airflow/.local/lib/python3.12/site-packages/airflow/example_dags/example_branch_labels.py
[2024-05-11T11:30:36.815+0000] {logging_mixin.py:188} INFO - [2024-05-11T11:30:36.814+0000] {override.py:1829} INFO - Created Permission View: can edit on DAG:example_branch_labels
[2024-05-11T11:30:36.852+0000] {logging_mixin.py:188} INFO - [2024-05-11T11:30:36.852+0000] {override.py:1829} INFO - Created Permission View: can read on DAG:example_branch_labels
[2024-05-11T11:30:36.864+0000] {logging_mixin.py:188} INFO - [2024-05-11T11:30:36.863+0000] {override.py:1829} INFO - Created Permission View: can delete on DAG:example_branch_labels
[2024-05-11T11:30:36.865+0000] {logging_mixin.py:188} INFO - [2024-05-11T11:30:36.865+0000] {dag.py:3096} INFO - Sync 1 DAGs
[2024-05-11T11:30:37.149+0000] {logging_mixin.py:188} INFO - [2024-05-11T11:30:37.149+0000] {dag.py:3118} INFO - Creating ORM DAG for example_branch_labels
[2024-05-11T11:30:37.200+0000] {logging_mixin.py:188} INFO - [2024-05-11T11:30:37.200+0000] {dag.py:3954} INFO - Setting next_dagrun for example_branch_labels to 2024-05-10 00:00:00+00:00, run_after=2024-05-11 00:00:00+00:00
[2024-05-11T11:30:37.232+0000] {processor.py:183} INFO - Processing /home/airflow/.local/lib/python3.12/site-packages/airflow/example_dags/example_branch_labels.py took 1.071 seconds
[2024-05-11T11:31:13.182+0000] {processor.py:161} INFO - Started process (PID=120) to work on /home/airflow/.local/lib/python3.12/site-packages/airflow/example_dags/example_branch_labels.py
[2024-05-11T11:31:13.183+0000] {processor.py:830} INFO - Processing file /home/airflow/.local/lib/python3.12/site-packages/airflow/example_dags/example_branch_labels.py for tasks to queue
[2024-05-11T11:31:13.186+0000] {logging_mixin.py:188} INFO - [2024-05-11T11:31:13.185+0000] {dagbag.py:545} INFO - Filling up the DagBag from /home/airflow/.local/lib/python3.12/site-packages/airflow/example_dags/example_branch_labels.py
[2024-05-11T11:31:13.199+0000] {processor.py:840} INFO - DAG(s) 'example_branch_labels' retrieved from /home/airflow/.local/lib/python3.12/site-packages/airflow/example_dags/example_branch_labels.py
[2024-05-11T11:31:13.237+0000] {logging_mixin.py:188} INFO - [2024-05-11T11:31:13.237+0000] {dag.py:3096} INFO - Sync 1 DAGs
[2024-05-11T11:31:13.313+0000] {logging_mixin.py:188} INFO - [2024-05-11T11:31:13.313+0000] {dag.py:3954} INFO - Setting next_dagrun for example_branch_labels to 2024-05-10 00:00:00+00:00, run_after=2024-05-11 00:00:00+00:00
[2024-05-11T11:31:13.349+0000] {processor.py:183} INFO - Processing /home/airflow/.local/lib/python3.12/site-packages/airflow/example_dags/example_branch_labels.py took 0.177 seconds
[2024-05-11T11:31:43.576+0000] {processor.py:161} INFO - Started process (PID=176) to work on /home/airflow/.local/lib/python3.12/site-packages/airflow/example_dags/example_branch_labels.py
[2024-05-11T11:31:43.577+0000] {processor.py:830} INFO - Processing file /home/airflow/.local/lib/python3.12/site-packages/airflow/example_dags/example_branch_labels.py for tasks to queue
[2024-05-11T11:31:43.579+0000] {logging_mixin.py:188} INFO - [2024-05-11T11:31:43.578+0000] {dagbag.py:545} INFO - Filling up the DagBag from /home/airflow/.local/lib/python3.12/site-packages/airflow/example_dags/example_branch_labels.py
[2024-05-11T11:31:43.585+0000] {processor.py:840} INFO - DAG(s) 'example_branch_labels' retrieved from /home/airflow/.local/lib/python3.12/site-packages/airflow/example_dags/example_branch_labels.py
[2024-05-11T11:31:43.605+0000] {logging_mixin.py:188} INFO - [2024-05-11T11:31:43.605+0000] {dag.py:3096} INFO - Sync 1 DAGs
[2024-05-11T11:31:43.627+0000] {logging_mixin.py:188} INFO - [2024-05-11T11:31:43.627+0000] {dag.py:3954} INFO - Setting next_dagrun for example_branch_labels to 2024-05-10 00:00:00+00:00, run_after=2024-05-11 00:00:00+00:00
[2024-05-11T11:31:43.647+0000] {processor.py:183} INFO - Processing /home/airflow/.local/lib/python3.12/site-packages/airflow/example_dags/example_branch_labels.py took 0.077 seconds
[2024-05-11T11:32:14.696+0000] {processor.py:161} INFO - Started process (PID=234) to work on /home/airflow/.local/lib/python3.12/site-packages/airflow/example_dags/example_branch_labels.py
[2024-05-11T11:32:14.698+0000] {processor.py:830} INFO - Processing file /home/airflow/.local/lib/python3.12/site-packages/airflow/example_dags/example_branch_labels.py for tasks to queue
[2024-05-11T11:32:14.701+0000] {logging_mixin.py:188} INFO - [2024-05-11T11:32:14.700+0000] {dagbag.py:545} INFO - Filling up the DagBag from /home/airflow/.local/lib/python3.12/site-packages/airflow/example_dags/example_branch_labels.py
[2024-05-11T11:32:14.709+0000] {processor.py:840} INFO - DAG(s) 'example_branch_labels' retrieved from /home/airflow/.local/lib/python3.12/site-packages/airflow/example_dags/example_branch_labels.py
[2024-05-11T11:32:14.731+0000] {logging_mixin.py:188} INFO - [2024-05-11T11:32:14.730+0000] {dag.py:3096} INFO - Sync 1 DAGs
[2024-05-11T11:32:14.752+0000] {logging_mixin.py:188} INFO - [2024-05-11T11:32:14.752+0000] {dag.py:3954} INFO - Setting next_dagrun for example_branch_labels to 2024-05-10 00:00:00+00:00, run_after=2024-05-11 00:00:00+00:00
[2024-05-11T11:32:14.769+0000] {processor.py:183} INFO - Processing /home/airflow/.local/lib/python3.12/site-packages/airflow/example_dags/example_branch_labels.py took 0.078 seconds
[2024-05-11T11:32:44.830+0000] {processor.py:161} INFO - Started process (PID=292) to work on /home/airflow/.local/lib/python3.12/site-packages/airflow/example_dags/example_branch_labels.py
[2024-05-11T11:32:44.831+0000] {processor.py:830} INFO - Processing file /home/airflow/.local/lib/python3.12/site-packages/airflow/example_dags/example_branch_labels.py for tasks to queue
[2024-05-11T11:32:44.833+0000] {logging_mixin.py:188} INFO - [2024-05-11T11:32:44.833+0000] {dagbag.py:545} INFO - Filling up the DagBag from /home/airflow/.local/lib/python3.12/site-packages/airflow/example_dags/example_branch_labels.py
[2024-05-11T11:32:44.840+0000] {processor.py:840} INFO - DAG(s) 'example_branch_labels' retrieved from /home/airflow/.local/lib/python3.12/site-packages/airflow/example_dags/example_branch_labels.py
[2024-05-11T11:32:44.860+0000] {logging_mixin.py:188} INFO - [2024-05-11T11:32:44.859+0000] {dag.py:3096} INFO - Sync 1 DAGs
[2024-05-11T11:32:44.882+0000] {logging_mixin.py:188} INFO - [2024-05-11T11:32:44.882+0000] {dag.py:3954} INFO - Setting next_dagrun for example_branch_labels to 2024-05-10 00:00:00+00:00, run_after=2024-05-11 00:00:00+00:00
[2024-05-11T11:32:44.901+0000] {processor.py:183} INFO - Processing /home/airflow/.local/lib/python3.12/site-packages/airflow/example_dags/example_branch_labels.py took 0.075 seconds
[2024-05-11T11:33:15.255+0000] {processor.py:161} INFO - Started process (PID=350) to work on /home/airflow/.local/lib/python3.12/site-packages/airflow/example_dags/example_branch_labels.py
[2024-05-11T11:33:15.257+0000] {processor.py:830} INFO - Processing file /home/airflow/.local/lib/python3.12/site-packages/airflow/example_dags/example_branch_labels.py for tasks to queue
[2024-05-11T11:33:15.259+0000] {logging_mixin.py:188} INFO - [2024-05-11T11:33:15.259+0000] {dagbag.py:545} INFO - Filling up the DagBag from /home/airflow/.local/lib/python3.12/site-packages/airflow/example_dags/example_branch_labels.py
[2024-05-11T11:33:15.270+0000] {processor.py:840} INFO - DAG(s) 'example_branch_labels' retrieved from /home/airflow/.local/lib/python3.12/site-packages/airflow/example_dags/example_branch_labels.py
[2024-05-11T11:33:15.294+0000] {logging_mixin.py:188} INFO - [2024-05-11T11:33:15.294+0000] {dag.py:3096} INFO - Sync 1 DAGs
[2024-05-11T11:33:15.323+0000] {logging_mixin.py:188} INFO - [2024-05-11T11:33:15.322+0000] {dag.py:3954} INFO - Setting next_dagrun for example_branch_labels to 2024-05-10 00:00:00+00:00, run_after=2024-05-11 00:00:00+00:00
[2024-05-11T11:33:15.346+0000] {processor.py:183} INFO - Processing /home/airflow/.local/lib/python3.12/site-packages/airflow/example_dags/example_branch_labels.py took 0.098 seconds
[2024-05-11T11:33:46.171+0000] {processor.py:161} INFO - Started process (PID=408) to work on /home/airflow/.local/lib/python3.12/site-packages/airflow/example_dags/example_branch_labels.py
[2024-05-11T11:33:46.172+0000] {processor.py:830} INFO - Processing file /home/airflow/.local/lib/python3.12/site-packages/airflow/example_dags/example_branch_labels.py for tasks to queue
[2024-05-11T11:33:46.175+0000] {logging_mixin.py:188} INFO - [2024-05-11T11:33:46.174+0000] {dagbag.py:545} INFO - Filling up the DagBag from /home/airflow/.local/lib/python3.12/site-packages/airflow/example_dags/example_branch_labels.py
[2024-05-11T11:33:46.183+0000] {processor.py:840} INFO - DAG(s) 'example_branch_labels' retrieved from /home/airflow/.local/lib/python3.12/site-packages/airflow/example_dags/example_branch_labels.py
[2024-05-11T11:33:46.206+0000] {logging_mixin.py:188} INFO - [2024-05-11T11:33:46.206+0000] {dag.py:3096} INFO - Sync 1 DAGs
[2024-05-11T11:33:46.234+0000] {logging_mixin.py:188} INFO - [2024-05-11T11:33:46.233+0000] {dag.py:3954} INFO - Setting next_dagrun for example_branch_labels to 2024-05-10 00:00:00+00:00, run_after=2024-05-11 00:00:00+00:00
[2024-05-11T11:33:46.254+0000] {processor.py:183} INFO - Processing /home/airflow/.local/lib/python3.12/site-packages/airflow/example_dags/example_branch_labels.py took 0.092 seconds
[2024-05-11T11:34:16.884+0000] {processor.py:161} INFO - Started process (PID=466) to work on /home/airflow/.local/lib/python3.12/site-packages/airflow/example_dags/example_branch_labels.py
[2024-05-11T11:34:16.885+0000] {processor.py:830} INFO - Processing file /home/airflow/.local/lib/python3.12/site-packages/airflow/example_dags/example_branch_labels.py for tasks to queue
[2024-05-11T11:34:16.887+0000] {logging_mixin.py:188} INFO - [2024-05-11T11:34:16.887+0000] {dagbag.py:545} INFO - Filling up the DagBag from /home/airflow/.local/lib/python3.12/site-packages/airflow/example_dags/example_branch_labels.py
[2024-05-11T11:34:16.894+0000] {processor.py:840} INFO - DAG(s) 'example_branch_labels' retrieved from /home/airflow/.local/lib/python3.12/site-packages/airflow/example_dags/example_branch_labels.py
[2024-05-11T11:34:16.904+0000] {logging_mixin.py:188} INFO - [2024-05-11T11:34:16.904+0000] {dag.py:3096} INFO - Sync 1 DAGs
[2024-05-11T11:34:16.926+0000] {logging_mixin.py:188} INFO - [2024-05-11T11:34:16.925+0000] {dag.py:3954} INFO - Setting next_dagrun for example_branch_labels to 2024-05-10 00:00:00+00:00, run_after=2024-05-11 00:00:00+00:00
[2024-05-11T11:34:16.943+0000] {processor.py:183} INFO - Processing /home/airflow/.local/lib/python3.12/site-packages/airflow/example_dags/example_branch_labels.py took 0.064 seconds
[2024-05-11T11:34:47.524+0000] {processor.py:161} INFO - Started process (PID=524) to work on /home/airflow/.local/lib/python3.12/site-packages/airflow/example_dags/example_branch_labels.py
[2024-05-11T11:34:47.525+0000] {processor.py:830} INFO - Processing file /home/airflow/.local/lib/python3.12/site-packages/airflow/example_dags/example_branch_labels.py for tasks to queue
[2024-05-11T11:34:47.526+0000] {logging_mixin.py:188} INFO - [2024-05-11T11:34:47.526+0000] {dagbag.py:545} INFO - Filling up the DagBag from /home/airflow/.local/lib/python3.12/site-packages/airflow/example_dags/example_branch_labels.py
[2024-05-11T11:34:47.532+0000] {processor.py:840} INFO - DAG(s) 'example_branch_labels' retrieved from /home/airflow/.local/lib/python3.12/site-packages/airflow/example_dags/example_branch_labels.py
[2024-05-11T11:34:47.619+0000] {logging_mixin.py:188} INFO - [2024-05-11T11:34:47.619+0000] {dag.py:3096} INFO - Sync 1 DAGs
[2024-05-11T11:34:47.637+0000] {logging_mixin.py:188} INFO - [2024-05-11T11:34:47.637+0000] {dag.py:3954} INFO - Setting next_dagrun for example_branch_labels to 2024-05-10 00:00:00+00:00, run_after=2024-05-11 00:00:00+00:00
[2024-05-11T11:34:47.653+0000] {processor.py:183} INFO - Processing /home/airflow/.local/lib/python3.12/site-packages/airflow/example_dags/example_branch_labels.py took 0.133 seconds
[2024-05-11T15:07:41.052+0000] {processor.py:161} INFO - Started process (PID=44) to work on /home/airflow/.local/lib/python3.12/site-packages/airflow/example_dags/example_branch_labels.py
[2024-05-11T15:07:41.054+0000] {processor.py:830} INFO - Processing file /home/airflow/.local/lib/python3.12/site-packages/airflow/example_dags/example_branch_labels.py for tasks to queue
[2024-05-11T15:07:41.056+0000] {logging_mixin.py:188} INFO - [2024-05-11T15:07:41.056+0000] {dagbag.py:545} INFO - Filling up the DagBag from /home/airflow/.local/lib/python3.12/site-packages/airflow/example_dags/example_branch_labels.py
[2024-05-11T15:07:41.065+0000] {processor.py:840} INFO - DAG(s) 'example_branch_labels' retrieved from /home/airflow/.local/lib/python3.12/site-packages/airflow/example_dags/example_branch_labels.py
[2024-05-11T15:07:41.086+0000] {logging_mixin.py:188} INFO - [2024-05-11T15:07:41.085+0000] {dag.py:3096} INFO - Sync 1 DAGs
[2024-05-11T15:07:41.107+0000] {logging_mixin.py:188} INFO - [2024-05-11T15:07:41.107+0000] {dag.py:3954} INFO - Setting next_dagrun for example_branch_labels to 2024-05-10 00:00:00+00:00, run_after=2024-05-11 00:00:00+00:00
[2024-05-11T15:07:41.131+0000] {processor.py:183} INFO - Processing /home/airflow/.local/lib/python3.12/site-packages/airflow/example_dags/example_branch_labels.py took 0.084 seconds
[2024-05-11T15:08:11.296+0000] {processor.py:161} INFO - Started process (PID=102) to work on /home/airflow/.local/lib/python3.12/site-packages/airflow/example_dags/example_branch_labels.py
[2024-05-11T15:08:11.297+0000] {processor.py:830} INFO - Processing file /home/airflow/.local/lib/python3.12/site-packages/airflow/example_dags/example_branch_labels.py for tasks to queue
[2024-05-11T15:08:11.298+0000] {logging_mixin.py:188} INFO - [2024-05-11T15:08:11.298+0000] {dagbag.py:545} INFO - Filling up the DagBag from /home/airflow/.local/lib/python3.12/site-packages/airflow/example_dags/example_branch_labels.py
[2024-05-11T15:08:11.306+0000] {processor.py:840} INFO - DAG(s) 'example_branch_labels' retrieved from /home/airflow/.local/lib/python3.12/site-packages/airflow/example_dags/example_branch_labels.py
[2024-05-11T15:08:11.338+0000] {logging_mixin.py:188} INFO - [2024-05-11T15:08:11.338+0000] {dag.py:3096} INFO - Sync 1 DAGs
[2024-05-11T15:08:11.363+0000] {logging_mixin.py:188} INFO - [2024-05-11T15:08:11.363+0000] {dag.py:3954} INFO - Setting next_dagrun for example_branch_labels to 2024-05-10 00:00:00+00:00, run_after=2024-05-11 00:00:00+00:00
[2024-05-11T15:08:11.384+0000] {processor.py:183} INFO - Processing /home/airflow/.local/lib/python3.12/site-packages/airflow/example_dags/example_branch_labels.py took 0.094 seconds
[2024-05-11T15:18:27.314+0000] {processor.py:161} INFO - Started process (PID=44) to work on /home/airflow/.local/lib/python3.12/site-packages/airflow/example_dags/example_branch_labels.py
[2024-05-11T15:18:27.315+0000] {processor.py:830} INFO - Processing file /home/airflow/.local/lib/python3.12/site-packages/airflow/example_dags/example_branch_labels.py for tasks to queue
[2024-05-11T15:18:27.379+0000] {logging_mixin.py:188} INFO - [2024-05-11T15:18:27.378+0000] {dagbag.py:545} INFO - Filling up the DagBag from /home/airflow/.local/lib/python3.12/site-packages/airflow/example_dags/example_branch_labels.py
[2024-05-11T15:18:27.439+0000] {processor.py:840} INFO - DAG(s) 'example_branch_labels' retrieved from /home/airflow/.local/lib/python3.12/site-packages/airflow/example_dags/example_branch_labels.py
[2024-05-11T15:18:27.457+0000] {logging_mixin.py:188} INFO - [2024-05-11T15:18:27.457+0000] {dag.py:3096} INFO - Sync 1 DAGs
[2024-05-11T15:18:27.491+0000] {logging_mixin.py:188} INFO - [2024-05-11T15:18:27.490+0000] {dag.py:3954} INFO - Setting next_dagrun for example_branch_labels to 2024-05-10 00:00:00+00:00, run_after=2024-05-11 00:00:00+00:00
[2024-05-11T15:18:27.515+0000] {processor.py:183} INFO - Processing /home/airflow/.local/lib/python3.12/site-packages/airflow/example_dags/example_branch_labels.py took 0.278 seconds
[2024-05-11T15:18:57.547+0000] {processor.py:161} INFO - Started process (PID=103) to work on /home/airflow/.local/lib/python3.12/site-packages/airflow/example_dags/example_branch_labels.py
[2024-05-11T15:18:57.548+0000] {processor.py:830} INFO - Processing file /home/airflow/.local/lib/python3.12/site-packages/airflow/example_dags/example_branch_labels.py for tasks to queue
[2024-05-11T15:18:57.550+0000] {logging_mixin.py:188} INFO - [2024-05-11T15:18:57.550+0000] {dagbag.py:545} INFO - Filling up the DagBag from /home/airflow/.local/lib/python3.12/site-packages/airflow/example_dags/example_branch_labels.py
[2024-05-11T15:18:57.557+0000] {processor.py:840} INFO - DAG(s) 'example_branch_labels' retrieved from /home/airflow/.local/lib/python3.12/site-packages/airflow/example_dags/example_branch_labels.py
[2024-05-11T15:18:57.569+0000] {logging_mixin.py:188} INFO - [2024-05-11T15:18:57.569+0000] {dag.py:3096} INFO - Sync 1 DAGs
[2024-05-11T15:18:57.592+0000] {logging_mixin.py:188} INFO - [2024-05-11T15:18:57.591+0000] {dag.py:3954} INFO - Setting next_dagrun for example_branch_labels to 2024-05-10 00:00:00+00:00, run_after=2024-05-11 00:00:00+00:00
[2024-05-11T15:18:57.610+0000] {processor.py:183} INFO - Processing /home/airflow/.local/lib/python3.12/site-packages/airflow/example_dags/example_branch_labels.py took 0.068 seconds
[2024-05-11T15:19:28.232+0000] {processor.py:161} INFO - Started process (PID=160) to work on /home/airflow/.local/lib/python3.12/site-packages/airflow/example_dags/example_branch_labels.py
[2024-05-11T15:19:28.233+0000] {processor.py:830} INFO - Processing file /home/airflow/.local/lib/python3.12/site-packages/airflow/example_dags/example_branch_labels.py for tasks to queue
[2024-05-11T15:19:28.235+0000] {logging_mixin.py:188} INFO - [2024-05-11T15:19:28.234+0000] {dagbag.py:545} INFO - Filling up the DagBag from /home/airflow/.local/lib/python3.12/site-packages/airflow/example_dags/example_branch_labels.py
[2024-05-11T15:19:28.241+0000] {processor.py:840} INFO - DAG(s) 'example_branch_labels' retrieved from /home/airflow/.local/lib/python3.12/site-packages/airflow/example_dags/example_branch_labels.py
[2024-05-11T15:19:28.330+0000] {logging_mixin.py:188} INFO - [2024-05-11T15:19:28.329+0000] {dag.py:3096} INFO - Sync 1 DAGs
[2024-05-11T15:19:28.359+0000] {logging_mixin.py:188} INFO - [2024-05-11T15:19:28.358+0000] {dag.py:3954} INFO - Setting next_dagrun for example_branch_labels to 2024-05-10 00:00:00+00:00, run_after=2024-05-11 00:00:00+00:00
[2024-05-11T15:19:28.382+0000] {processor.py:183} INFO - Processing /home/airflow/.local/lib/python3.12/site-packages/airflow/example_dags/example_branch_labels.py took 0.154 seconds
[2024-05-11T15:19:58.417+0000] {processor.py:161} INFO - Started process (PID=218) to work on /home/airflow/.local/lib/python3.12/site-packages/airflow/example_dags/example_branch_labels.py
[2024-05-11T15:19:58.417+0000] {processor.py:830} INFO - Processing file /home/airflow/.local/lib/python3.12/site-packages/airflow/example_dags/example_branch_labels.py for tasks to queue
[2024-05-11T15:19:58.419+0000] {logging_mixin.py:188} INFO - [2024-05-11T15:19:58.418+0000] {dagbag.py:545} INFO - Filling up the DagBag from /home/airflow/.local/lib/python3.12/site-packages/airflow/example_dags/example_branch_labels.py
[2024-05-11T15:19:58.425+0000] {processor.py:840} INFO - DAG(s) 'example_branch_labels' retrieved from /home/airflow/.local/lib/python3.12/site-packages/airflow/example_dags/example_branch_labels.py
[2024-05-11T15:19:58.442+0000] {logging_mixin.py:188} INFO - [2024-05-11T15:19:58.441+0000] {dag.py:3096} INFO - Sync 1 DAGs
[2024-05-11T15:19:58.460+0000] {logging_mixin.py:188} INFO - [2024-05-11T15:19:58.460+0000] {dag.py:3954} INFO - Setting next_dagrun for example_branch_labels to 2024-05-10 00:00:00+00:00, run_after=2024-05-11 00:00:00+00:00
[2024-05-11T15:19:58.475+0000] {processor.py:183} INFO - Processing /home/airflow/.local/lib/python3.12/site-packages/airflow/example_dags/example_branch_labels.py took 0.063 seconds
[2024-05-11T15:20:28.715+0000] {processor.py:161} INFO - Started process (PID=276) to work on /home/airflow/.local/lib/python3.12/site-packages/airflow/example_dags/example_branch_labels.py
[2024-05-11T15:20:28.717+0000] {processor.py:830} INFO - Processing file /home/airflow/.local/lib/python3.12/site-packages/airflow/example_dags/example_branch_labels.py for tasks to queue
[2024-05-11T15:20:28.719+0000] {logging_mixin.py:188} INFO - [2024-05-11T15:20:28.719+0000] {dagbag.py:545} INFO - Filling up the DagBag from /home/airflow/.local/lib/python3.12/site-packages/airflow/example_dags/example_branch_labels.py
[2024-05-11T15:20:28.728+0000] {processor.py:840} INFO - DAG(s) 'example_branch_labels' retrieved from /home/airflow/.local/lib/python3.12/site-packages/airflow/example_dags/example_branch_labels.py
[2024-05-11T15:20:28.752+0000] {logging_mixin.py:188} INFO - [2024-05-11T15:20:28.751+0000] {dag.py:3096} INFO - Sync 1 DAGs
[2024-05-11T15:20:28.776+0000] {logging_mixin.py:188} INFO - [2024-05-11T15:20:28.776+0000] {dag.py:3954} INFO - Setting next_dagrun for example_branch_labels to 2024-05-10 00:00:00+00:00, run_after=2024-05-11 00:00:00+00:00
[2024-05-11T15:20:28.796+0000] {processor.py:183} INFO - Processing /home/airflow/.local/lib/python3.12/site-packages/airflow/example_dags/example_branch_labels.py took 0.086 seconds
[2024-05-11T15:26:49.482+0000] {processor.py:161} INFO - Started process (PID=45) to work on /home/airflow/.local/lib/python3.12/site-packages/airflow/example_dags/example_branch_labels.py
[2024-05-11T15:26:49.594+0000] {processor.py:830} INFO - Processing file /home/airflow/.local/lib/python3.12/site-packages/airflow/example_dags/example_branch_labels.py for tasks to queue
[2024-05-11T15:26:49.598+0000] {logging_mixin.py:188} INFO - [2024-05-11T15:26:49.598+0000] {dagbag.py:545} INFO - Filling up the DagBag from /home/airflow/.local/lib/python3.12/site-packages/airflow/example_dags/example_branch_labels.py
[2024-05-11T15:26:49.637+0000] {processor.py:840} INFO - DAG(s) 'example_branch_labels' retrieved from /home/airflow/.local/lib/python3.12/site-packages/airflow/example_dags/example_branch_labels.py
[2024-05-11T15:26:49.861+0000] {logging_mixin.py:188} INFO - [2024-05-11T15:26:49.860+0000] {dag.py:3096} INFO - Sync 1 DAGs
[2024-05-11T15:26:49.909+0000] {logging_mixin.py:188} INFO - [2024-05-11T15:26:49.909+0000] {dag.py:3954} INFO - Setting next_dagrun for example_branch_labels to 2024-05-10 00:00:00+00:00, run_after=2024-05-11 00:00:00+00:00
[2024-05-11T15:26:49.963+0000] {processor.py:183} INFO - Processing /home/airflow/.local/lib/python3.12/site-packages/airflow/example_dags/example_branch_labels.py took 0.488 seconds
[2024-05-11T15:27:21.851+0000] {processor.py:161} INFO - Started process (PID=110) to work on /home/airflow/.local/lib/python3.12/site-packages/airflow/example_dags/example_branch_labels.py
[2024-05-11T15:27:21.853+0000] {processor.py:830} INFO - Processing file /home/airflow/.local/lib/python3.12/site-packages/airflow/example_dags/example_branch_labels.py for tasks to queue
[2024-05-11T15:27:21.856+0000] {logging_mixin.py:188} INFO - [2024-05-11T15:27:21.855+0000] {dagbag.py:545} INFO - Filling up the DagBag from /home/airflow/.local/lib/python3.12/site-packages/airflow/example_dags/example_branch_labels.py
[2024-05-11T15:27:21.868+0000] {processor.py:840} INFO - DAG(s) 'example_branch_labels' retrieved from /home/airflow/.local/lib/python3.12/site-packages/airflow/example_dags/example_branch_labels.py
[2024-05-11T15:27:21.950+0000] {logging_mixin.py:188} INFO - [2024-05-11T15:27:21.950+0000] {dag.py:3096} INFO - Sync 1 DAGs
[2024-05-11T15:27:21.976+0000] {logging_mixin.py:188} INFO - [2024-05-11T15:27:21.976+0000] {dag.py:3954} INFO - Setting next_dagrun for example_branch_labels to 2024-05-10 00:00:00+00:00, run_after=2024-05-11 00:00:00+00:00
[2024-05-11T15:27:22.014+0000] {processor.py:183} INFO - Processing /home/airflow/.local/lib/python3.12/site-packages/airflow/example_dags/example_branch_labels.py took 0.172 seconds
[2024-05-11T15:27:52.183+0000] {processor.py:161} INFO - Started process (PID=168) to work on /home/airflow/.local/lib/python3.12/site-packages/airflow/example_dags/example_branch_labels.py
[2024-05-11T15:27:52.184+0000] {processor.py:830} INFO - Processing file /home/airflow/.local/lib/python3.12/site-packages/airflow/example_dags/example_branch_labels.py for tasks to queue
[2024-05-11T15:27:52.185+0000] {logging_mixin.py:188} INFO - [2024-05-11T15:27:52.185+0000] {dagbag.py:545} INFO - Filling up the DagBag from /home/airflow/.local/lib/python3.12/site-packages/airflow/example_dags/example_branch_labels.py
[2024-05-11T15:27:52.192+0000] {processor.py:840} INFO - DAG(s) 'example_branch_labels' retrieved from /home/airflow/.local/lib/python3.12/site-packages/airflow/example_dags/example_branch_labels.py
[2024-05-11T15:27:52.208+0000] {logging_mixin.py:188} INFO - [2024-05-11T15:27:52.208+0000] {dag.py:3096} INFO - Sync 1 DAGs
[2024-05-11T15:27:52.226+0000] {logging_mixin.py:188} INFO - [2024-05-11T15:27:52.226+0000] {dag.py:3954} INFO - Setting next_dagrun for example_branch_labels to 2024-05-10 00:00:00+00:00, run_after=2024-05-11 00:00:00+00:00
[2024-05-11T15:27:52.253+0000] {processor.py:183} INFO - Processing /home/airflow/.local/lib/python3.12/site-packages/airflow/example_dags/example_branch_labels.py took 0.074 seconds
[2024-05-11T15:28:22.279+0000] {processor.py:161} INFO - Started process (PID=225) to work on /home/airflow/.local/lib/python3.12/site-packages/airflow/example_dags/example_branch_labels.py
[2024-05-11T15:28:22.280+0000] {processor.py:830} INFO - Processing file /home/airflow/.local/lib/python3.12/site-packages/airflow/example_dags/example_branch_labels.py for tasks to queue
[2024-05-11T15:28:22.281+0000] {logging_mixin.py:188} INFO - [2024-05-11T15:28:22.281+0000] {dagbag.py:545} INFO - Filling up the DagBag from /home/airflow/.local/lib/python3.12/site-packages/airflow/example_dags/example_branch_labels.py
[2024-05-11T15:28:22.287+0000] {processor.py:840} INFO - DAG(s) 'example_branch_labels' retrieved from /home/airflow/.local/lib/python3.12/site-packages/airflow/example_dags/example_branch_labels.py
[2024-05-11T15:28:22.305+0000] {logging_mixin.py:188} INFO - [2024-05-11T15:28:22.305+0000] {dag.py:3096} INFO - Sync 1 DAGs
[2024-05-11T15:28:22.327+0000] {logging_mixin.py:188} INFO - [2024-05-11T15:28:22.327+0000] {dag.py:3954} INFO - Setting next_dagrun for example_branch_labels to 2024-05-10 00:00:00+00:00, run_after=2024-05-11 00:00:00+00:00
[2024-05-11T15:28:22.344+0000] {processor.py:183} INFO - Processing /home/airflow/.local/lib/python3.12/site-packages/airflow/example_dags/example_branch_labels.py took 0.069 seconds
[2024-05-11T15:28:52.631+0000] {processor.py:161} INFO - Started process (PID=284) to work on /home/airflow/.local/lib/python3.12/site-packages/airflow/example_dags/example_branch_labels.py
[2024-05-11T15:28:52.632+0000] {processor.py:830} INFO - Processing file /home/airflow/.local/lib/python3.12/site-packages/airflow/example_dags/example_branch_labels.py for tasks to queue
[2024-05-11T15:28:52.633+0000] {logging_mixin.py:188} INFO - [2024-05-11T15:28:52.633+0000] {dagbag.py:545} INFO - Filling up the DagBag from /home/airflow/.local/lib/python3.12/site-packages/airflow/example_dags/example_branch_labels.py
[2024-05-11T15:28:52.641+0000] {processor.py:840} INFO - DAG(s) 'example_branch_labels' retrieved from /home/airflow/.local/lib/python3.12/site-packages/airflow/example_dags/example_branch_labels.py
[2024-05-11T15:28:52.664+0000] {logging_mixin.py:188} INFO - [2024-05-11T15:28:52.664+0000] {dag.py:3096} INFO - Sync 1 DAGs
[2024-05-11T15:28:52.689+0000] {logging_mixin.py:188} INFO - [2024-05-11T15:28:52.689+0000] {dag.py:3954} INFO - Setting next_dagrun for example_branch_labels to 2024-05-10 00:00:00+00:00, run_after=2024-05-11 00:00:00+00:00
[2024-05-11T15:28:52.711+0000] {processor.py:183} INFO - Processing /home/airflow/.local/lib/python3.12/site-packages/airflow/example_dags/example_branch_labels.py took 0.086 seconds
[2024-05-11T15:46:06.421+0000] {processor.py:161} INFO - Started process (PID=44) to work on /home/airflow/.local/lib/python3.12/site-packages/airflow/example_dags/example_branch_labels.py
[2024-05-11T15:46:06.429+0000] {processor.py:830} INFO - Processing file /home/airflow/.local/lib/python3.12/site-packages/airflow/example_dags/example_branch_labels.py for tasks to queue
[2024-05-11T15:46:06.431+0000] {logging_mixin.py:188} INFO - [2024-05-11T15:46:06.431+0000] {dagbag.py:545} INFO - Filling up the DagBag from /home/airflow/.local/lib/python3.12/site-packages/airflow/example_dags/example_branch_labels.py
[2024-05-11T15:46:06.441+0000] {processor.py:840} INFO - DAG(s) 'example_branch_labels' retrieved from /home/airflow/.local/lib/python3.12/site-packages/airflow/example_dags/example_branch_labels.py
[2024-05-11T15:46:06.608+0000] {logging_mixin.py:188} INFO - [2024-05-11T15:46:06.607+0000] {dag.py:3096} INFO - Sync 1 DAGs
[2024-05-11T15:46:06.642+0000] {logging_mixin.py:188} INFO - [2024-05-11T15:46:06.642+0000] {dag.py:3954} INFO - Setting next_dagrun for example_branch_labels to 2024-05-10 00:00:00+00:00, run_after=2024-05-11 00:00:00+00:00
[2024-05-11T15:46:06.666+0000] {processor.py:183} INFO - Processing /home/airflow/.local/lib/python3.12/site-packages/airflow/example_dags/example_branch_labels.py took 0.252 seconds
[2024-05-11T15:46:36.883+0000] {processor.py:161} INFO - Started process (PID=102) to work on /home/airflow/.local/lib/python3.12/site-packages/airflow/example_dags/example_branch_labels.py
[2024-05-11T15:46:36.927+0000] {processor.py:830} INFO - Processing file /home/airflow/.local/lib/python3.12/site-packages/airflow/example_dags/example_branch_labels.py for tasks to queue
[2024-05-11T15:46:36.930+0000] {logging_mixin.py:188} INFO - [2024-05-11T15:46:36.929+0000] {dagbag.py:545} INFO - Filling up the DagBag from /home/airflow/.local/lib/python3.12/site-packages/airflow/example_dags/example_branch_labels.py
[2024-05-11T15:46:36.952+0000] {processor.py:840} INFO - DAG(s) 'example_branch_labels' retrieved from /home/airflow/.local/lib/python3.12/site-packages/airflow/example_dags/example_branch_labels.py
[2024-05-11T15:46:36.971+0000] {logging_mixin.py:188} INFO - [2024-05-11T15:46:36.971+0000] {dag.py:3096} INFO - Sync 1 DAGs
[2024-05-11T15:46:36.993+0000] {logging_mixin.py:188} INFO - [2024-05-11T15:46:36.993+0000] {dag.py:3954} INFO - Setting next_dagrun for example_branch_labels to 2024-05-10 00:00:00+00:00, run_after=2024-05-11 00:00:00+00:00
[2024-05-11T15:46:37.072+0000] {processor.py:183} INFO - Processing /home/airflow/.local/lib/python3.12/site-packages/airflow/example_dags/example_branch_labels.py took 0.194 seconds
[2024-05-11T15:47:09.527+0000] {processor.py:161} INFO - Started process (PID=160) to work on /home/airflow/.local/lib/python3.12/site-packages/airflow/example_dags/example_branch_labels.py
[2024-05-11T15:47:09.591+0000] {processor.py:830} INFO - Processing file /home/airflow/.local/lib/python3.12/site-packages/airflow/example_dags/example_branch_labels.py for tasks to queue
[2024-05-11T15:47:09.594+0000] {logging_mixin.py:188} INFO - [2024-05-11T15:47:09.594+0000] {dagbag.py:545} INFO - Filling up the DagBag from /home/airflow/.local/lib/python3.12/site-packages/airflow/example_dags/example_branch_labels.py
[2024-05-11T15:47:09.602+0000] {processor.py:840} INFO - DAG(s) 'example_branch_labels' retrieved from /home/airflow/.local/lib/python3.12/site-packages/airflow/example_dags/example_branch_labels.py
[2024-05-11T15:47:09.621+0000] {logging_mixin.py:188} INFO - [2024-05-11T15:47:09.621+0000] {dag.py:3096} INFO - Sync 1 DAGs
[2024-05-11T15:47:09.643+0000] {logging_mixin.py:188} INFO - [2024-05-11T15:47:09.642+0000] {dag.py:3954} INFO - Setting next_dagrun for example_branch_labels to 2024-05-10 00:00:00+00:00, run_after=2024-05-11 00:00:00+00:00
[2024-05-11T15:47:09.766+0000] {processor.py:183} INFO - Processing /home/airflow/.local/lib/python3.12/site-packages/airflow/example_dags/example_branch_labels.py took 0.244 seconds
[2024-05-11T15:47:40.366+0000] {processor.py:161} INFO - Started process (PID=218) to work on /home/airflow/.local/lib/python3.12/site-packages/airflow/example_dags/example_branch_labels.py
[2024-05-11T15:47:40.378+0000] {processor.py:830} INFO - Processing file /home/airflow/.local/lib/python3.12/site-packages/airflow/example_dags/example_branch_labels.py for tasks to queue
[2024-05-11T15:47:40.380+0000] {logging_mixin.py:188} INFO - [2024-05-11T15:47:40.380+0000] {dagbag.py:545} INFO - Filling up the DagBag from /home/airflow/.local/lib/python3.12/site-packages/airflow/example_dags/example_branch_labels.py
[2024-05-11T15:47:40.387+0000] {processor.py:840} INFO - DAG(s) 'example_branch_labels' retrieved from /home/airflow/.local/lib/python3.12/site-packages/airflow/example_dags/example_branch_labels.py
[2024-05-11T15:47:40.408+0000] {logging_mixin.py:188} INFO - [2024-05-11T15:47:40.408+0000] {dag.py:3096} INFO - Sync 1 DAGs
[2024-05-11T15:47:40.432+0000] {logging_mixin.py:188} INFO - [2024-05-11T15:47:40.431+0000] {dag.py:3954} INFO - Setting next_dagrun for example_branch_labels to 2024-05-10 00:00:00+00:00, run_after=2024-05-11 00:00:00+00:00
[2024-05-11T15:47:40.460+0000] {processor.py:183} INFO - Processing /home/airflow/.local/lib/python3.12/site-packages/airflow/example_dags/example_branch_labels.py took 0.099 seconds
[2024-05-11T15:48:10.543+0000] {processor.py:161} INFO - Started process (PID=276) to work on /home/airflow/.local/lib/python3.12/site-packages/airflow/example_dags/example_branch_labels.py
[2024-05-11T15:48:10.544+0000] {processor.py:830} INFO - Processing file /home/airflow/.local/lib/python3.12/site-packages/airflow/example_dags/example_branch_labels.py for tasks to queue
[2024-05-11T15:48:10.546+0000] {logging_mixin.py:188} INFO - [2024-05-11T15:48:10.545+0000] {dagbag.py:545} INFO - Filling up the DagBag from /home/airflow/.local/lib/python3.12/site-packages/airflow/example_dags/example_branch_labels.py
[2024-05-11T15:48:10.553+0000] {processor.py:840} INFO - DAG(s) 'example_branch_labels' retrieved from /home/airflow/.local/lib/python3.12/site-packages/airflow/example_dags/example_branch_labels.py
[2024-05-11T15:48:10.575+0000] {logging_mixin.py:188} INFO - [2024-05-11T15:48:10.575+0000] {dag.py:3096} INFO - Sync 1 DAGs
[2024-05-11T15:48:10.599+0000] {logging_mixin.py:188} INFO - [2024-05-11T15:48:10.599+0000] {dag.py:3954} INFO - Setting next_dagrun for example_branch_labels to 2024-05-10 00:00:00+00:00, run_after=2024-05-11 00:00:00+00:00
[2024-05-11T15:48:10.625+0000] {processor.py:183} INFO - Processing /home/airflow/.local/lib/python3.12/site-packages/airflow/example_dags/example_branch_labels.py took 0.087 seconds
[2024-05-11T15:48:40.775+0000] {processor.py:161} INFO - Started process (PID=334) to work on /home/airflow/.local/lib/python3.12/site-packages/airflow/example_dags/example_branch_labels.py
[2024-05-11T15:48:40.776+0000] {processor.py:830} INFO - Processing file /home/airflow/.local/lib/python3.12/site-packages/airflow/example_dags/example_branch_labels.py for tasks to queue
[2024-05-11T15:48:40.777+0000] {logging_mixin.py:188} INFO - [2024-05-11T15:48:40.777+0000] {dagbag.py:545} INFO - Filling up the DagBag from /home/airflow/.local/lib/python3.12/site-packages/airflow/example_dags/example_branch_labels.py
[2024-05-11T15:48:40.784+0000] {processor.py:840} INFO - DAG(s) 'example_branch_labels' retrieved from /home/airflow/.local/lib/python3.12/site-packages/airflow/example_dags/example_branch_labels.py
[2024-05-11T15:48:40.808+0000] {logging_mixin.py:188} INFO - [2024-05-11T15:48:40.807+0000] {dag.py:3096} INFO - Sync 1 DAGs
[2024-05-11T15:48:40.848+0000] {logging_mixin.py:188} INFO - [2024-05-11T15:48:40.848+0000] {dag.py:3954} INFO - Setting next_dagrun for example_branch_labels to 2024-05-10 00:00:00+00:00, run_after=2024-05-11 00:00:00+00:00
[2024-05-11T15:48:40.871+0000] {processor.py:183} INFO - Processing /home/airflow/.local/lib/python3.12/site-packages/airflow/example_dags/example_branch_labels.py took 0.102 seconds
[2024-05-11T15:49:11.412+0000] {processor.py:161} INFO - Started process (PID=392) to work on /home/airflow/.local/lib/python3.12/site-packages/airflow/example_dags/example_branch_labels.py
[2024-05-11T15:49:11.413+0000] {processor.py:830} INFO - Processing file /home/airflow/.local/lib/python3.12/site-packages/airflow/example_dags/example_branch_labels.py for tasks to queue
[2024-05-11T15:49:11.415+0000] {logging_mixin.py:188} INFO - [2024-05-11T15:49:11.414+0000] {dagbag.py:545} INFO - Filling up the DagBag from /home/airflow/.local/lib/python3.12/site-packages/airflow/example_dags/example_branch_labels.py
[2024-05-11T15:49:11.421+0000] {processor.py:840} INFO - DAG(s) 'example_branch_labels' retrieved from /home/airflow/.local/lib/python3.12/site-packages/airflow/example_dags/example_branch_labels.py
[2024-05-11T15:49:11.442+0000] {logging_mixin.py:188} INFO - [2024-05-11T15:49:11.441+0000] {dag.py:3096} INFO - Sync 1 DAGs
[2024-05-11T15:49:11.465+0000] {logging_mixin.py:188} INFO - [2024-05-11T15:49:11.465+0000] {dag.py:3954} INFO - Setting next_dagrun for example_branch_labels to 2024-05-10 00:00:00+00:00, run_after=2024-05-11 00:00:00+00:00
[2024-05-11T15:49:11.480+0000] {processor.py:183} INFO - Processing /home/airflow/.local/lib/python3.12/site-packages/airflow/example_dags/example_branch_labels.py took 0.073 seconds
[2024-05-11T15:49:41.563+0000] {processor.py:161} INFO - Started process (PID=450) to work on /home/airflow/.local/lib/python3.12/site-packages/airflow/example_dags/example_branch_labels.py
[2024-05-11T15:49:41.564+0000] {processor.py:830} INFO - Processing file /home/airflow/.local/lib/python3.12/site-packages/airflow/example_dags/example_branch_labels.py for tasks to queue
[2024-05-11T15:49:41.566+0000] {logging_mixin.py:188} INFO - [2024-05-11T15:49:41.566+0000] {dagbag.py:545} INFO - Filling up the DagBag from /home/airflow/.local/lib/python3.12/site-packages/airflow/example_dags/example_branch_labels.py
[2024-05-11T15:49:41.573+0000] {processor.py:840} INFO - DAG(s) 'example_branch_labels' retrieved from /home/airflow/.local/lib/python3.12/site-packages/airflow/example_dags/example_branch_labels.py
[2024-05-11T15:49:41.594+0000] {logging_mixin.py:188} INFO - [2024-05-11T15:49:41.594+0000] {dag.py:3096} INFO - Sync 1 DAGs
[2024-05-11T15:49:41.617+0000] {logging_mixin.py:188} INFO - [2024-05-11T15:49:41.617+0000] {dag.py:3954} INFO - Setting next_dagrun for example_branch_labels to 2024-05-10 00:00:00+00:00, run_after=2024-05-11 00:00:00+00:00
[2024-05-11T15:49:41.636+0000] {processor.py:183} INFO - Processing /home/airflow/.local/lib/python3.12/site-packages/airflow/example_dags/example_branch_labels.py took 0.079 seconds
[2024-05-11T15:50:12.121+0000] {processor.py:161} INFO - Started process (PID=509) to work on /home/airflow/.local/lib/python3.12/site-packages/airflow/example_dags/example_branch_labels.py
[2024-05-11T15:50:12.122+0000] {processor.py:830} INFO - Processing file /home/airflow/.local/lib/python3.12/site-packages/airflow/example_dags/example_branch_labels.py for tasks to queue
[2024-05-11T15:50:12.124+0000] {logging_mixin.py:188} INFO - [2024-05-11T15:50:12.123+0000] {dagbag.py:545} INFO - Filling up the DagBag from /home/airflow/.local/lib/python3.12/site-packages/airflow/example_dags/example_branch_labels.py
[2024-05-11T15:50:12.130+0000] {processor.py:840} INFO - DAG(s) 'example_branch_labels' retrieved from /home/airflow/.local/lib/python3.12/site-packages/airflow/example_dags/example_branch_labels.py
[2024-05-11T15:50:12.149+0000] {logging_mixin.py:188} INFO - [2024-05-11T15:50:12.149+0000] {dag.py:3096} INFO - Sync 1 DAGs
[2024-05-11T15:50:12.170+0000] {logging_mixin.py:188} INFO - [2024-05-11T15:50:12.169+0000] {dag.py:3954} INFO - Setting next_dagrun for example_branch_labels to 2024-05-10 00:00:00+00:00, run_after=2024-05-11 00:00:00+00:00
[2024-05-11T15:50:12.186+0000] {processor.py:183} INFO - Processing /home/airflow/.local/lib/python3.12/site-packages/airflow/example_dags/example_branch_labels.py took 0.070 seconds
[2024-05-11T15:50:42.423+0000] {processor.py:161} INFO - Started process (PID=567) to work on /home/airflow/.local/lib/python3.12/site-packages/airflow/example_dags/example_branch_labels.py
[2024-05-11T15:50:42.424+0000] {processor.py:830} INFO - Processing file /home/airflow/.local/lib/python3.12/site-packages/airflow/example_dags/example_branch_labels.py for tasks to queue
[2024-05-11T15:50:42.425+0000] {logging_mixin.py:188} INFO - [2024-05-11T15:50:42.425+0000] {dagbag.py:545} INFO - Filling up the DagBag from /home/airflow/.local/lib/python3.12/site-packages/airflow/example_dags/example_branch_labels.py
[2024-05-11T15:50:42.431+0000] {processor.py:840} INFO - DAG(s) 'example_branch_labels' retrieved from /home/airflow/.local/lib/python3.12/site-packages/airflow/example_dags/example_branch_labels.py
[2024-05-11T15:50:42.449+0000] {logging_mixin.py:188} INFO - [2024-05-11T15:50:42.448+0000] {dag.py:3096} INFO - Sync 1 DAGs
[2024-05-11T15:50:42.468+0000] {logging_mixin.py:188} INFO - [2024-05-11T15:50:42.468+0000] {dag.py:3954} INFO - Setting next_dagrun for example_branch_labels to 2024-05-10 00:00:00+00:00, run_after=2024-05-11 00:00:00+00:00
[2024-05-11T15:50:42.483+0000] {processor.py:183} INFO - Processing /home/airflow/.local/lib/python3.12/site-packages/airflow/example_dags/example_branch_labels.py took 0.064 seconds
[2024-05-11T15:51:12.541+0000] {processor.py:161} INFO - Started process (PID=625) to work on /home/airflow/.local/lib/python3.12/site-packages/airflow/example_dags/example_branch_labels.py
[2024-05-11T15:51:12.541+0000] {processor.py:830} INFO - Processing file /home/airflow/.local/lib/python3.12/site-packages/airflow/example_dags/example_branch_labels.py for tasks to queue
[2024-05-11T15:51:12.543+0000] {logging_mixin.py:188} INFO - [2024-05-11T15:51:12.543+0000] {dagbag.py:545} INFO - Filling up the DagBag from /home/airflow/.local/lib/python3.12/site-packages/airflow/example_dags/example_branch_labels.py
[2024-05-11T15:51:12.549+0000] {processor.py:840} INFO - DAG(s) 'example_branch_labels' retrieved from /home/airflow/.local/lib/python3.12/site-packages/airflow/example_dags/example_branch_labels.py
[2024-05-11T15:51:12.566+0000] {logging_mixin.py:188} INFO - [2024-05-11T15:51:12.566+0000] {dag.py:3096} INFO - Sync 1 DAGs
[2024-05-11T15:51:12.585+0000] {logging_mixin.py:188} INFO - [2024-05-11T15:51:12.585+0000] {dag.py:3954} INFO - Setting next_dagrun for example_branch_labels to 2024-05-10 00:00:00+00:00, run_after=2024-05-11 00:00:00+00:00
[2024-05-11T15:51:12.601+0000] {processor.py:183} INFO - Processing /home/airflow/.local/lib/python3.12/site-packages/airflow/example_dags/example_branch_labels.py took 0.065 seconds
[2024-05-11T15:51:43.526+0000] {processor.py:161} INFO - Started process (PID=681) to work on /home/airflow/.local/lib/python3.12/site-packages/airflow/example_dags/example_branch_labels.py
[2024-05-11T15:51:43.527+0000] {processor.py:830} INFO - Processing file /home/airflow/.local/lib/python3.12/site-packages/airflow/example_dags/example_branch_labels.py for tasks to queue
[2024-05-11T15:51:43.529+0000] {logging_mixin.py:188} INFO - [2024-05-11T15:51:43.529+0000] {dagbag.py:545} INFO - Filling up the DagBag from /home/airflow/.local/lib/python3.12/site-packages/airflow/example_dags/example_branch_labels.py
[2024-05-11T15:51:43.538+0000] {processor.py:840} INFO - DAG(s) 'example_branch_labels' retrieved from /home/airflow/.local/lib/python3.12/site-packages/airflow/example_dags/example_branch_labels.py
[2024-05-11T15:51:43.572+0000] {logging_mixin.py:188} INFO - [2024-05-11T15:51:43.571+0000] {dag.py:3096} INFO - Sync 1 DAGs
[2024-05-11T15:51:43.643+0000] {logging_mixin.py:188} INFO - [2024-05-11T15:51:43.642+0000] {dag.py:3954} INFO - Setting next_dagrun for example_branch_labels to 2024-05-10 00:00:00+00:00, run_after=2024-05-11 00:00:00+00:00
[2024-05-11T15:51:43.679+0000] {processor.py:183} INFO - Processing /home/airflow/.local/lib/python3.12/site-packages/airflow/example_dags/example_branch_labels.py took 0.158 seconds
[2024-05-11T15:52:14.096+0000] {processor.py:161} INFO - Started process (PID=739) to work on /home/airflow/.local/lib/python3.12/site-packages/airflow/example_dags/example_branch_labels.py
[2024-05-11T15:52:14.100+0000] {processor.py:830} INFO - Processing file /home/airflow/.local/lib/python3.12/site-packages/airflow/example_dags/example_branch_labels.py for tasks to queue
[2024-05-11T15:52:14.103+0000] {logging_mixin.py:188} INFO - [2024-05-11T15:52:14.103+0000] {dagbag.py:545} INFO - Filling up the DagBag from /home/airflow/.local/lib/python3.12/site-packages/airflow/example_dags/example_branch_labels.py
[2024-05-11T15:52:14.115+0000] {processor.py:840} INFO - DAG(s) 'example_branch_labels' retrieved from /home/airflow/.local/lib/python3.12/site-packages/airflow/example_dags/example_branch_labels.py
[2024-05-11T15:52:14.145+0000] {logging_mixin.py:188} INFO - [2024-05-11T15:52:14.144+0000] {dag.py:3096} INFO - Sync 1 DAGs
[2024-05-11T15:52:14.172+0000] {logging_mixin.py:188} INFO - [2024-05-11T15:52:14.172+0000] {dag.py:3954} INFO - Setting next_dagrun for example_branch_labels to 2024-05-10 00:00:00+00:00, run_after=2024-05-11 00:00:00+00:00
[2024-05-11T15:52:14.211+0000] {processor.py:183} INFO - Processing /home/airflow/.local/lib/python3.12/site-packages/airflow/example_dags/example_branch_labels.py took 0.120 seconds
[2024-05-11T15:52:44.643+0000] {processor.py:161} INFO - Started process (PID=797) to work on /home/airflow/.local/lib/python3.12/site-packages/airflow/example_dags/example_branch_labels.py
[2024-05-11T15:52:44.644+0000] {processor.py:830} INFO - Processing file /home/airflow/.local/lib/python3.12/site-packages/airflow/example_dags/example_branch_labels.py for tasks to queue
[2024-05-11T15:52:44.646+0000] {logging_mixin.py:188} INFO - [2024-05-11T15:52:44.646+0000] {dagbag.py:545} INFO - Filling up the DagBag from /home/airflow/.local/lib/python3.12/site-packages/airflow/example_dags/example_branch_labels.py
[2024-05-11T15:52:44.654+0000] {processor.py:840} INFO - DAG(s) 'example_branch_labels' retrieved from /home/airflow/.local/lib/python3.12/site-packages/airflow/example_dags/example_branch_labels.py
[2024-05-11T15:52:44.675+0000] {logging_mixin.py:188} INFO - [2024-05-11T15:52:44.674+0000] {dag.py:3096} INFO - Sync 1 DAGs
[2024-05-11T15:52:44.697+0000] {logging_mixin.py:188} INFO - [2024-05-11T15:52:44.696+0000] {dag.py:3954} INFO - Setting next_dagrun for example_branch_labels to 2024-05-10 00:00:00+00:00, run_after=2024-05-11 00:00:00+00:00
[2024-05-11T15:52:44.714+0000] {processor.py:183} INFO - Processing /home/airflow/.local/lib/python3.12/site-packages/airflow/example_dags/example_branch_labels.py took 0.076 seconds
[2024-05-11T15:53:15.178+0000] {processor.py:161} INFO - Started process (PID=855) to work on /home/airflow/.local/lib/python3.12/site-packages/airflow/example_dags/example_branch_labels.py
[2024-05-11T15:53:15.180+0000] {processor.py:830} INFO - Processing file /home/airflow/.local/lib/python3.12/site-packages/airflow/example_dags/example_branch_labels.py for tasks to queue
[2024-05-11T15:53:15.183+0000] {logging_mixin.py:188} INFO - [2024-05-11T15:53:15.182+0000] {dagbag.py:545} INFO - Filling up the DagBag from /home/airflow/.local/lib/python3.12/site-packages/airflow/example_dags/example_branch_labels.py
[2024-05-11T15:53:15.193+0000] {processor.py:840} INFO - DAG(s) 'example_branch_labels' retrieved from /home/airflow/.local/lib/python3.12/site-packages/airflow/example_dags/example_branch_labels.py
[2024-05-11T15:53:15.217+0000] {logging_mixin.py:188} INFO - [2024-05-11T15:53:15.217+0000] {dag.py:3096} INFO - Sync 1 DAGs
[2024-05-11T15:53:15.244+0000] {logging_mixin.py:188} INFO - [2024-05-11T15:53:15.243+0000] {dag.py:3954} INFO - Setting next_dagrun for example_branch_labels to 2024-05-10 00:00:00+00:00, run_after=2024-05-11 00:00:00+00:00
[2024-05-11T15:53:15.263+0000] {processor.py:183} INFO - Processing /home/airflow/.local/lib/python3.12/site-packages/airflow/example_dags/example_branch_labels.py took 0.091 seconds
[2024-05-11T15:53:46.032+0000] {processor.py:161} INFO - Started process (PID=913) to work on /home/airflow/.local/lib/python3.12/site-packages/airflow/example_dags/example_branch_labels.py
[2024-05-11T15:53:46.034+0000] {processor.py:830} INFO - Processing file /home/airflow/.local/lib/python3.12/site-packages/airflow/example_dags/example_branch_labels.py for tasks to queue
[2024-05-11T15:53:46.037+0000] {logging_mixin.py:188} INFO - [2024-05-11T15:53:46.036+0000] {dagbag.py:545} INFO - Filling up the DagBag from /home/airflow/.local/lib/python3.12/site-packages/airflow/example_dags/example_branch_labels.py
[2024-05-11T15:53:46.048+0000] {processor.py:840} INFO - DAG(s) 'example_branch_labels' retrieved from /home/airflow/.local/lib/python3.12/site-packages/airflow/example_dags/example_branch_labels.py
[2024-05-11T15:53:46.073+0000] {logging_mixin.py:188} INFO - [2024-05-11T15:53:46.072+0000] {dag.py:3096} INFO - Sync 1 DAGs
[2024-05-11T15:53:46.098+0000] {logging_mixin.py:188} INFO - [2024-05-11T15:53:46.097+0000] {dag.py:3954} INFO - Setting next_dagrun for example_branch_labels to 2024-05-10 00:00:00+00:00, run_after=2024-05-11 00:00:00+00:00
[2024-05-11T15:53:46.116+0000] {processor.py:183} INFO - Processing /home/airflow/.local/lib/python3.12/site-packages/airflow/example_dags/example_branch_labels.py took 0.090 seconds
[2024-05-11T15:54:16.516+0000] {processor.py:161} INFO - Started process (PID=971) to work on /home/airflow/.local/lib/python3.12/site-packages/airflow/example_dags/example_branch_labels.py
[2024-05-11T15:54:16.517+0000] {processor.py:830} INFO - Processing file /home/airflow/.local/lib/python3.12/site-packages/airflow/example_dags/example_branch_labels.py for tasks to queue
[2024-05-11T15:54:16.519+0000] {logging_mixin.py:188} INFO - [2024-05-11T15:54:16.518+0000] {dagbag.py:545} INFO - Filling up the DagBag from /home/airflow/.local/lib/python3.12/site-packages/airflow/example_dags/example_branch_labels.py
[2024-05-11T15:54:16.525+0000] {processor.py:840} INFO - DAG(s) 'example_branch_labels' retrieved from /home/airflow/.local/lib/python3.12/site-packages/airflow/example_dags/example_branch_labels.py
[2024-05-11T15:54:16.543+0000] {logging_mixin.py:188} INFO - [2024-05-11T15:54:16.543+0000] {dag.py:3096} INFO - Sync 1 DAGs
[2024-05-11T15:54:16.564+0000] {logging_mixin.py:188} INFO - [2024-05-11T15:54:16.564+0000] {dag.py:3954} INFO - Setting next_dagrun for example_branch_labels to 2024-05-10 00:00:00+00:00, run_after=2024-05-11 00:00:00+00:00
[2024-05-11T15:54:16.581+0000] {processor.py:183} INFO - Processing /home/airflow/.local/lib/python3.12/site-packages/airflow/example_dags/example_branch_labels.py took 0.070 seconds
[2024-05-11T15:54:47.209+0000] {processor.py:161} INFO - Started process (PID=1029) to work on /home/airflow/.local/lib/python3.12/site-packages/airflow/example_dags/example_branch_labels.py
[2024-05-11T15:54:47.210+0000] {processor.py:830} INFO - Processing file /home/airflow/.local/lib/python3.12/site-packages/airflow/example_dags/example_branch_labels.py for tasks to queue
[2024-05-11T15:54:47.211+0000] {logging_mixin.py:188} INFO - [2024-05-11T15:54:47.211+0000] {dagbag.py:545} INFO - Filling up the DagBag from /home/airflow/.local/lib/python3.12/site-packages/airflow/example_dags/example_branch_labels.py
[2024-05-11T15:54:47.218+0000] {processor.py:840} INFO - DAG(s) 'example_branch_labels' retrieved from /home/airflow/.local/lib/python3.12/site-packages/airflow/example_dags/example_branch_labels.py
[2024-05-11T15:54:47.238+0000] {logging_mixin.py:188} INFO - [2024-05-11T15:54:47.237+0000] {dag.py:3096} INFO - Sync 1 DAGs
[2024-05-11T15:54:47.264+0000] {logging_mixin.py:188} INFO - [2024-05-11T15:54:47.264+0000] {dag.py:3954} INFO - Setting next_dagrun for example_branch_labels to 2024-05-10 00:00:00+00:00, run_after=2024-05-11 00:00:00+00:00
[2024-05-11T15:54:47.292+0000] {processor.py:183} INFO - Processing /home/airflow/.local/lib/python3.12/site-packages/airflow/example_dags/example_branch_labels.py took 0.089 seconds
[2024-05-11T15:55:17.897+0000] {processor.py:161} INFO - Started process (PID=1087) to work on /home/airflow/.local/lib/python3.12/site-packages/airflow/example_dags/example_branch_labels.py
[2024-05-11T15:55:17.898+0000] {processor.py:830} INFO - Processing file /home/airflow/.local/lib/python3.12/site-packages/airflow/example_dags/example_branch_labels.py for tasks to queue
[2024-05-11T15:55:17.900+0000] {logging_mixin.py:188} INFO - [2024-05-11T15:55:17.899+0000] {dagbag.py:545} INFO - Filling up the DagBag from /home/airflow/.local/lib/python3.12/site-packages/airflow/example_dags/example_branch_labels.py
[2024-05-11T15:55:17.906+0000] {processor.py:840} INFO - DAG(s) 'example_branch_labels' retrieved from /home/airflow/.local/lib/python3.12/site-packages/airflow/example_dags/example_branch_labels.py
[2024-05-11T15:55:17.925+0000] {logging_mixin.py:188} INFO - [2024-05-11T15:55:17.925+0000] {dag.py:3096} INFO - Sync 1 DAGs
[2024-05-11T15:55:17.949+0000] {logging_mixin.py:188} INFO - [2024-05-11T15:55:17.948+0000] {dag.py:3954} INFO - Setting next_dagrun for example_branch_labels to 2024-05-10 00:00:00+00:00, run_after=2024-05-11 00:00:00+00:00
[2024-05-11T15:55:17.969+0000] {processor.py:183} INFO - Processing /home/airflow/.local/lib/python3.12/site-packages/airflow/example_dags/example_branch_labels.py took 0.077 seconds
[2024-05-11T15:55:48.605+0000] {processor.py:161} INFO - Started process (PID=1152) to work on /home/airflow/.local/lib/python3.12/site-packages/airflow/example_dags/example_branch_labels.py
[2024-05-11T15:55:48.606+0000] {processor.py:830} INFO - Processing file /home/airflow/.local/lib/python3.12/site-packages/airflow/example_dags/example_branch_labels.py for tasks to queue
[2024-05-11T15:55:48.608+0000] {logging_mixin.py:188} INFO - [2024-05-11T15:55:48.608+0000] {dagbag.py:545} INFO - Filling up the DagBag from /home/airflow/.local/lib/python3.12/site-packages/airflow/example_dags/example_branch_labels.py
[2024-05-11T15:55:48.615+0000] {processor.py:840} INFO - DAG(s) 'example_branch_labels' retrieved from /home/airflow/.local/lib/python3.12/site-packages/airflow/example_dags/example_branch_labels.py
[2024-05-11T15:55:48.635+0000] {logging_mixin.py:188} INFO - [2024-05-11T15:55:48.634+0000] {dag.py:3096} INFO - Sync 1 DAGs
[2024-05-11T15:55:48.655+0000] {logging_mixin.py:188} INFO - [2024-05-11T15:55:48.655+0000] {dag.py:3954} INFO - Setting next_dagrun for example_branch_labels to 2024-05-10 00:00:00+00:00, run_after=2024-05-11 00:00:00+00:00
[2024-05-11T15:55:48.670+0000] {processor.py:183} INFO - Processing /home/airflow/.local/lib/python3.12/site-packages/airflow/example_dags/example_branch_labels.py took 0.069 seconds
[2024-05-11T15:56:19.217+0000] {processor.py:161} INFO - Started process (PID=1210) to work on /home/airflow/.local/lib/python3.12/site-packages/airflow/example_dags/example_branch_labels.py
[2024-05-11T15:56:19.218+0000] {processor.py:830} INFO - Processing file /home/airflow/.local/lib/python3.12/site-packages/airflow/example_dags/example_branch_labels.py for tasks to queue
[2024-05-11T15:56:19.219+0000] {logging_mixin.py:188} INFO - [2024-05-11T15:56:19.219+0000] {dagbag.py:545} INFO - Filling up the DagBag from /home/airflow/.local/lib/python3.12/site-packages/airflow/example_dags/example_branch_labels.py
[2024-05-11T15:56:19.227+0000] {processor.py:840} INFO - DAG(s) 'example_branch_labels' retrieved from /home/airflow/.local/lib/python3.12/site-packages/airflow/example_dags/example_branch_labels.py
[2024-05-11T15:56:19.249+0000] {logging_mixin.py:188} INFO - [2024-05-11T15:56:19.248+0000] {dag.py:3096} INFO - Sync 1 DAGs
[2024-05-11T15:56:19.271+0000] {logging_mixin.py:188} INFO - [2024-05-11T15:56:19.271+0000] {dag.py:3954} INFO - Setting next_dagrun for example_branch_labels to 2024-05-10 00:00:00+00:00, run_after=2024-05-11 00:00:00+00:00
[2024-05-11T15:56:19.288+0000] {processor.py:183} INFO - Processing /home/airflow/.local/lib/python3.12/site-packages/airflow/example_dags/example_branch_labels.py took 0.077 seconds
[2024-05-11T15:56:49.884+0000] {processor.py:161} INFO - Started process (PID=1268) to work on /home/airflow/.local/lib/python3.12/site-packages/airflow/example_dags/example_branch_labels.py
[2024-05-11T15:56:49.886+0000] {processor.py:830} INFO - Processing file /home/airflow/.local/lib/python3.12/site-packages/airflow/example_dags/example_branch_labels.py for tasks to queue
[2024-05-11T15:56:49.887+0000] {logging_mixin.py:188} INFO - [2024-05-11T15:56:49.887+0000] {dagbag.py:545} INFO - Filling up the DagBag from /home/airflow/.local/lib/python3.12/site-packages/airflow/example_dags/example_branch_labels.py
[2024-05-11T15:56:49.895+0000] {processor.py:840} INFO - DAG(s) 'example_branch_labels' retrieved from /home/airflow/.local/lib/python3.12/site-packages/airflow/example_dags/example_branch_labels.py
[2024-05-11T15:56:49.917+0000] {logging_mixin.py:188} INFO - [2024-05-11T15:56:49.917+0000] {dag.py:3096} INFO - Sync 1 DAGs
[2024-05-11T15:56:49.939+0000] {logging_mixin.py:188} INFO - [2024-05-11T15:56:49.939+0000] {dag.py:3954} INFO - Setting next_dagrun for example_branch_labels to 2024-05-10 00:00:00+00:00, run_after=2024-05-11 00:00:00+00:00
[2024-05-11T15:56:49.955+0000] {processor.py:183} INFO - Processing /home/airflow/.local/lib/python3.12/site-packages/airflow/example_dags/example_branch_labels.py took 0.075 seconds
[2024-05-11T16:03:40.851+0000] {processor.py:161} INFO - Started process (PID=44) to work on /home/airflow/.local/lib/python3.12/site-packages/airflow/example_dags/example_branch_labels.py
[2024-05-11T16:03:40.853+0000] {processor.py:830} INFO - Processing file /home/airflow/.local/lib/python3.12/site-packages/airflow/example_dags/example_branch_labels.py for tasks to queue
[2024-05-11T16:03:40.856+0000] {logging_mixin.py:188} INFO - [2024-05-11T16:03:40.856+0000] {dagbag.py:545} INFO - Filling up the DagBag from /home/airflow/.local/lib/python3.12/site-packages/airflow/example_dags/example_branch_labels.py
[2024-05-11T16:03:40.866+0000] {processor.py:840} INFO - DAG(s) 'example_branch_labels' retrieved from /home/airflow/.local/lib/python3.12/site-packages/airflow/example_dags/example_branch_labels.py
[2024-05-11T16:03:40.885+0000] {logging_mixin.py:188} INFO - [2024-05-11T16:03:40.884+0000] {dag.py:3096} INFO - Sync 1 DAGs
[2024-05-11T16:03:40.931+0000] {logging_mixin.py:188} INFO - [2024-05-11T16:03:40.930+0000] {dag.py:3954} INFO - Setting next_dagrun for example_branch_labels to 2024-05-10 00:00:00+00:00, run_after=2024-05-11 00:00:00+00:00
[2024-05-11T16:03:40.960+0000] {processor.py:183} INFO - Processing /home/airflow/.local/lib/python3.12/site-packages/airflow/example_dags/example_branch_labels.py took 0.116 seconds
[2024-05-11T16:04:11.317+0000] {processor.py:161} INFO - Started process (PID=102) to work on /home/airflow/.local/lib/python3.12/site-packages/airflow/example_dags/example_branch_labels.py
[2024-05-11T16:04:11.319+0000] {processor.py:830} INFO - Processing file /home/airflow/.local/lib/python3.12/site-packages/airflow/example_dags/example_branch_labels.py for tasks to queue
[2024-05-11T16:04:11.320+0000] {logging_mixin.py:188} INFO - [2024-05-11T16:04:11.320+0000] {dagbag.py:545} INFO - Filling up the DagBag from /home/airflow/.local/lib/python3.12/site-packages/airflow/example_dags/example_branch_labels.py
[2024-05-11T16:04:11.329+0000] {processor.py:840} INFO - DAG(s) 'example_branch_labels' retrieved from /home/airflow/.local/lib/python3.12/site-packages/airflow/example_dags/example_branch_labels.py
[2024-05-11T16:04:11.435+0000] {logging_mixin.py:188} INFO - [2024-05-11T16:04:11.435+0000] {dag.py:3096} INFO - Sync 1 DAGs
[2024-05-11T16:04:11.463+0000] {logging_mixin.py:188} INFO - [2024-05-11T16:04:11.462+0000] {dag.py:3954} INFO - Setting next_dagrun for example_branch_labels to 2024-05-10 00:00:00+00:00, run_after=2024-05-11 00:00:00+00:00
[2024-05-11T16:04:11.481+0000] {processor.py:183} INFO - Processing /home/airflow/.local/lib/python3.12/site-packages/airflow/example_dags/example_branch_labels.py took 0.168 seconds
[2024-05-11T16:04:41.517+0000] {processor.py:161} INFO - Started process (PID=160) to work on /home/airflow/.local/lib/python3.12/site-packages/airflow/example_dags/example_branch_labels.py
[2024-05-11T16:04:41.518+0000] {processor.py:830} INFO - Processing file /home/airflow/.local/lib/python3.12/site-packages/airflow/example_dags/example_branch_labels.py for tasks to queue
[2024-05-11T16:04:41.520+0000] {logging_mixin.py:188} INFO - [2024-05-11T16:04:41.519+0000] {dagbag.py:545} INFO - Filling up the DagBag from /home/airflow/.local/lib/python3.12/site-packages/airflow/example_dags/example_branch_labels.py
[2024-05-11T16:04:41.526+0000] {processor.py:840} INFO - DAG(s) 'example_branch_labels' retrieved from /home/airflow/.local/lib/python3.12/site-packages/airflow/example_dags/example_branch_labels.py
[2024-05-11T16:04:41.543+0000] {logging_mixin.py:188} INFO - [2024-05-11T16:04:41.543+0000] {dag.py:3096} INFO - Sync 1 DAGs
[2024-05-11T16:04:41.563+0000] {logging_mixin.py:188} INFO - [2024-05-11T16:04:41.563+0000] {dag.py:3954} INFO - Setting next_dagrun for example_branch_labels to 2024-05-10 00:00:00+00:00, run_after=2024-05-11 00:00:00+00:00
[2024-05-11T16:04:41.578+0000] {processor.py:183} INFO - Processing /home/airflow/.local/lib/python3.12/site-packages/airflow/example_dags/example_branch_labels.py took 0.065 seconds
[2024-05-11T16:05:11.663+0000] {processor.py:161} INFO - Started process (PID=218) to work on /home/airflow/.local/lib/python3.12/site-packages/airflow/example_dags/example_branch_labels.py
[2024-05-11T16:05:11.664+0000] {processor.py:830} INFO - Processing file /home/airflow/.local/lib/python3.12/site-packages/airflow/example_dags/example_branch_labels.py for tasks to queue
[2024-05-11T16:05:11.665+0000] {logging_mixin.py:188} INFO - [2024-05-11T16:05:11.665+0000] {dagbag.py:545} INFO - Filling up the DagBag from /home/airflow/.local/lib/python3.12/site-packages/airflow/example_dags/example_branch_labels.py
[2024-05-11T16:05:11.671+0000] {processor.py:840} INFO - DAG(s) 'example_branch_labels' retrieved from /home/airflow/.local/lib/python3.12/site-packages/airflow/example_dags/example_branch_labels.py
[2024-05-11T16:05:11.690+0000] {logging_mixin.py:188} INFO - [2024-05-11T16:05:11.690+0000] {dag.py:3096} INFO - Sync 1 DAGs
[2024-05-11T16:05:11.710+0000] {logging_mixin.py:188} INFO - [2024-05-11T16:05:11.710+0000] {dag.py:3954} INFO - Setting next_dagrun for example_branch_labels to 2024-05-10 00:00:00+00:00, run_after=2024-05-11 00:00:00+00:00
[2024-05-11T16:05:11.725+0000] {processor.py:183} INFO - Processing /home/airflow/.local/lib/python3.12/site-packages/airflow/example_dags/example_branch_labels.py took 0.066 seconds
[2024-05-11T16:05:42.560+0000] {processor.py:161} INFO - Started process (PID=276) to work on /home/airflow/.local/lib/python3.12/site-packages/airflow/example_dags/example_branch_labels.py
[2024-05-11T16:05:42.561+0000] {processor.py:830} INFO - Processing file /home/airflow/.local/lib/python3.12/site-packages/airflow/example_dags/example_branch_labels.py for tasks to queue
[2024-05-11T16:05:42.562+0000] {logging_mixin.py:188} INFO - [2024-05-11T16:05:42.562+0000] {dagbag.py:545} INFO - Filling up the DagBag from /home/airflow/.local/lib/python3.12/site-packages/airflow/example_dags/example_branch_labels.py
[2024-05-11T16:05:42.568+0000] {processor.py:840} INFO - DAG(s) 'example_branch_labels' retrieved from /home/airflow/.local/lib/python3.12/site-packages/airflow/example_dags/example_branch_labels.py
[2024-05-11T16:05:42.587+0000] {logging_mixin.py:188} INFO - [2024-05-11T16:05:42.587+0000] {dag.py:3096} INFO - Sync 1 DAGs
[2024-05-11T16:05:42.607+0000] {logging_mixin.py:188} INFO - [2024-05-11T16:05:42.607+0000] {dag.py:3954} INFO - Setting next_dagrun for example_branch_labels to 2024-05-10 00:00:00+00:00, run_after=2024-05-11 00:00:00+00:00
[2024-05-11T16:05:42.728+0000] {processor.py:183} INFO - Processing /home/airflow/.local/lib/python3.12/site-packages/airflow/example_dags/example_branch_labels.py took 0.172 seconds
