[2024-05-11T11:31:07.846+0000] {processor.py:161} INFO - Started process (PID=91) to work on /home/airflow/.local/lib/python3.12/site-packages/airflow/example_dags/example_xcomargs.py
[2024-05-11T11:31:07.848+0000] {processor.py:830} INFO - Processing file /home/airflow/.local/lib/python3.12/site-packages/airflow/example_dags/example_xcomargs.py for tasks to queue
[2024-05-11T11:31:07.851+0000] {logging_mixin.py:188} INFO - [2024-05-11T11:31:07.850+0000] {dagbag.py:545} INFO - Filling up the DagBag from /home/airflow/.local/lib/python3.12/site-packages/airflow/example_dags/example_xcomargs.py
[2024-05-11T11:31:07.867+0000] {processor.py:840} INFO - DAG(s) 'example_xcom_args', 'example_xcom_args_with_operators' retrieved from /home/airflow/.local/lib/python3.12/site-packages/airflow/example_dags/example_xcomargs.py
[2024-05-11T11:31:08.131+0000] {logging_mixin.py:188} INFO - [2024-05-11T11:31:08.130+0000] {override.py:1829} INFO - Created Permission View: can edit on DAG:example_xcom_args
[2024-05-11T11:31:08.146+0000] {logging_mixin.py:188} INFO - [2024-05-11T11:31:08.145+0000] {override.py:1829} INFO - Created Permission View: can read on DAG:example_xcom_args
[2024-05-11T11:31:08.154+0000] {logging_mixin.py:188} INFO - [2024-05-11T11:31:08.153+0000] {override.py:1829} INFO - Created Permission View: can delete on DAG:example_xcom_args
[2024-05-11T11:31:08.196+0000] {logging_mixin.py:188} INFO - [2024-05-11T11:31:08.196+0000] {override.py:1829} INFO - Created Permission View: can edit on DAG:example_xcom_args_with_operators
[2024-05-11T11:31:08.205+0000] {logging_mixin.py:188} INFO - [2024-05-11T11:31:08.204+0000] {override.py:1829} INFO - Created Permission View: can read on DAG:example_xcom_args_with_operators
[2024-05-11T11:31:08.213+0000] {logging_mixin.py:188} INFO - [2024-05-11T11:31:08.212+0000] {override.py:1829} INFO - Created Permission View: can delete on DAG:example_xcom_args_with_operators
[2024-05-11T11:31:08.214+0000] {logging_mixin.py:188} INFO - [2024-05-11T11:31:08.213+0000] {dag.py:3096} INFO - Sync 2 DAGs
[2024-05-11T11:31:08.266+0000] {logging_mixin.py:188} INFO - [2024-05-11T11:31:08.266+0000] {dag.py:3118} INFO - Creating ORM DAG for example_xcom_args_with_operators
[2024-05-11T11:31:08.267+0000] {logging_mixin.py:188} INFO - [2024-05-11T11:31:08.267+0000] {dag.py:3118} INFO - Creating ORM DAG for example_xcom_args
[2024-05-11T11:31:08.270+0000] {logging_mixin.py:188} INFO - [2024-05-11T11:31:08.269+0000] {dag.py:3954} INFO - Setting next_dagrun for example_xcom_args to None, run_after=None
[2024-05-11T11:31:08.271+0000] {logging_mixin.py:188} INFO - [2024-05-11T11:31:08.270+0000] {dag.py:3954} INFO - Setting next_dagrun for example_xcom_args_with_operators to None, run_after=None
[2024-05-11T11:31:08.298+0000] {processor.py:183} INFO - Processing /home/airflow/.local/lib/python3.12/site-packages/airflow/example_dags/example_xcomargs.py took 0.459 seconds
[2024-05-11T11:31:38.814+0000] {processor.py:161} INFO - Started process (PID=149) to work on /home/airflow/.local/lib/python3.12/site-packages/airflow/example_dags/example_xcomargs.py
[2024-05-11T11:31:38.816+0000] {processor.py:830} INFO - Processing file /home/airflow/.local/lib/python3.12/site-packages/airflow/example_dags/example_xcomargs.py for tasks to queue
[2024-05-11T11:31:38.819+0000] {logging_mixin.py:188} INFO - [2024-05-11T11:31:38.819+0000] {dagbag.py:545} INFO - Filling up the DagBag from /home/airflow/.local/lib/python3.12/site-packages/airflow/example_dags/example_xcomargs.py
[2024-05-11T11:31:38.831+0000] {processor.py:840} INFO - DAG(s) 'example_xcom_args', 'example_xcom_args_with_operators' retrieved from /home/airflow/.local/lib/python3.12/site-packages/airflow/example_dags/example_xcomargs.py
[2024-05-11T11:31:38.878+0000] {logging_mixin.py:188} INFO - [2024-05-11T11:31:38.877+0000] {dag.py:3096} INFO - Sync 2 DAGs
[2024-05-11T11:31:38.898+0000] {logging_mixin.py:188} INFO - [2024-05-11T11:31:38.898+0000] {dag.py:3954} INFO - Setting next_dagrun for example_xcom_args to None, run_after=None
[2024-05-11T11:31:38.906+0000] {logging_mixin.py:188} INFO - [2024-05-11T11:31:38.906+0000] {dag.py:3954} INFO - Setting next_dagrun for example_xcom_args_with_operators to None, run_after=None
[2024-05-11T11:31:38.937+0000] {processor.py:183} INFO - Processing /home/airflow/.local/lib/python3.12/site-packages/airflow/example_dags/example_xcomargs.py took 0.130 seconds
[2024-05-11T11:32:09.325+0000] {processor.py:161} INFO - Started process (PID=207) to work on /home/airflow/.local/lib/python3.12/site-packages/airflow/example_dags/example_xcomargs.py
[2024-05-11T11:32:09.326+0000] {processor.py:830} INFO - Processing file /home/airflow/.local/lib/python3.12/site-packages/airflow/example_dags/example_xcomargs.py for tasks to queue
[2024-05-11T11:32:09.328+0000] {logging_mixin.py:188} INFO - [2024-05-11T11:32:09.328+0000] {dagbag.py:545} INFO - Filling up the DagBag from /home/airflow/.local/lib/python3.12/site-packages/airflow/example_dags/example_xcomargs.py
[2024-05-11T11:32:09.339+0000] {processor.py:840} INFO - DAG(s) 'example_xcom_args_with_operators', 'example_xcom_args' retrieved from /home/airflow/.local/lib/python3.12/site-packages/airflow/example_dags/example_xcomargs.py
[2024-05-11T11:32:09.367+0000] {logging_mixin.py:188} INFO - [2024-05-11T11:32:09.367+0000] {dag.py:3096} INFO - Sync 2 DAGs
[2024-05-11T11:32:09.386+0000] {logging_mixin.py:188} INFO - [2024-05-11T11:32:09.386+0000] {dag.py:3954} INFO - Setting next_dagrun for example_xcom_args to None, run_after=None
[2024-05-11T11:32:09.393+0000] {logging_mixin.py:188} INFO - [2024-05-11T11:32:09.392+0000] {dag.py:3954} INFO - Setting next_dagrun for example_xcom_args_with_operators to None, run_after=None
[2024-05-11T11:32:09.413+0000] {processor.py:183} INFO - Processing /home/airflow/.local/lib/python3.12/site-packages/airflow/example_dags/example_xcomargs.py took 0.095 seconds
[2024-05-11T11:32:40.210+0000] {processor.py:161} INFO - Started process (PID=265) to work on /home/airflow/.local/lib/python3.12/site-packages/airflow/example_dags/example_xcomargs.py
[2024-05-11T11:32:40.211+0000] {processor.py:830} INFO - Processing file /home/airflow/.local/lib/python3.12/site-packages/airflow/example_dags/example_xcomargs.py for tasks to queue
[2024-05-11T11:32:40.213+0000] {logging_mixin.py:188} INFO - [2024-05-11T11:32:40.212+0000] {dagbag.py:545} INFO - Filling up the DagBag from /home/airflow/.local/lib/python3.12/site-packages/airflow/example_dags/example_xcomargs.py
[2024-05-11T11:32:40.220+0000] {processor.py:840} INFO - DAG(s) 'example_xcom_args', 'example_xcom_args_with_operators' retrieved from /home/airflow/.local/lib/python3.12/site-packages/airflow/example_dags/example_xcomargs.py
[2024-05-11T11:32:40.244+0000] {logging_mixin.py:188} INFO - [2024-05-11T11:32:40.244+0000] {dag.py:3096} INFO - Sync 2 DAGs
[2024-05-11T11:32:40.258+0000] {logging_mixin.py:188} INFO - [2024-05-11T11:32:40.258+0000] {dag.py:3954} INFO - Setting next_dagrun for example_xcom_args to None, run_after=None
[2024-05-11T11:32:40.262+0000] {logging_mixin.py:188} INFO - [2024-05-11T11:32:40.262+0000] {dag.py:3954} INFO - Setting next_dagrun for example_xcom_args_with_operators to None, run_after=None
[2024-05-11T11:32:40.278+0000] {processor.py:183} INFO - Processing /home/airflow/.local/lib/python3.12/site-packages/airflow/example_dags/example_xcomargs.py took 0.072 seconds
[2024-05-11T11:33:10.433+0000] {processor.py:161} INFO - Started process (PID=323) to work on /home/airflow/.local/lib/python3.12/site-packages/airflow/example_dags/example_xcomargs.py
[2024-05-11T11:33:10.434+0000] {processor.py:830} INFO - Processing file /home/airflow/.local/lib/python3.12/site-packages/airflow/example_dags/example_xcomargs.py for tasks to queue
[2024-05-11T11:33:10.436+0000] {logging_mixin.py:188} INFO - [2024-05-11T11:33:10.436+0000] {dagbag.py:545} INFO - Filling up the DagBag from /home/airflow/.local/lib/python3.12/site-packages/airflow/example_dags/example_xcomargs.py
[2024-05-11T11:33:10.443+0000] {processor.py:840} INFO - DAG(s) 'example_xcom_args', 'example_xcom_args_with_operators' retrieved from /home/airflow/.local/lib/python3.12/site-packages/airflow/example_dags/example_xcomargs.py
[2024-05-11T11:33:10.465+0000] {logging_mixin.py:188} INFO - [2024-05-11T11:33:10.465+0000] {dag.py:3096} INFO - Sync 2 DAGs
[2024-05-11T11:33:10.478+0000] {logging_mixin.py:188} INFO - [2024-05-11T11:33:10.478+0000] {dag.py:3954} INFO - Setting next_dagrun for example_xcom_args to None, run_after=None
[2024-05-11T11:33:10.481+0000] {logging_mixin.py:188} INFO - [2024-05-11T11:33:10.481+0000] {dag.py:3954} INFO - Setting next_dagrun for example_xcom_args_with_operators to None, run_after=None
[2024-05-11T11:33:10.505+0000] {processor.py:183} INFO - Processing /home/airflow/.local/lib/python3.12/site-packages/airflow/example_dags/example_xcomargs.py took 0.077 seconds
[2024-05-11T11:33:40.612+0000] {processor.py:161} INFO - Started process (PID=381) to work on /home/airflow/.local/lib/python3.12/site-packages/airflow/example_dags/example_xcomargs.py
[2024-05-11T11:33:40.614+0000] {processor.py:830} INFO - Processing file /home/airflow/.local/lib/python3.12/site-packages/airflow/example_dags/example_xcomargs.py for tasks to queue
[2024-05-11T11:33:40.618+0000] {logging_mixin.py:188} INFO - [2024-05-11T11:33:40.617+0000] {dagbag.py:545} INFO - Filling up the DagBag from /home/airflow/.local/lib/python3.12/site-packages/airflow/example_dags/example_xcomargs.py
[2024-05-11T11:33:40.633+0000] {processor.py:840} INFO - DAG(s) 'example_xcom_args_with_operators', 'example_xcom_args' retrieved from /home/airflow/.local/lib/python3.12/site-packages/airflow/example_dags/example_xcomargs.py
[2024-05-11T11:33:40.673+0000] {logging_mixin.py:188} INFO - [2024-05-11T11:33:40.673+0000] {dag.py:3096} INFO - Sync 2 DAGs
[2024-05-11T11:33:40.686+0000] {logging_mixin.py:188} INFO - [2024-05-11T11:33:40.685+0000] {dag.py:3954} INFO - Setting next_dagrun for example_xcom_args to None, run_after=None
[2024-05-11T11:33:40.690+0000] {logging_mixin.py:188} INFO - [2024-05-11T11:33:40.690+0000] {dag.py:3954} INFO - Setting next_dagrun for example_xcom_args_with_operators to None, run_after=None
[2024-05-11T11:33:40.714+0000] {processor.py:183} INFO - Processing /home/airflow/.local/lib/python3.12/site-packages/airflow/example_dags/example_xcomargs.py took 0.107 seconds
[2024-05-11T11:34:11.210+0000] {processor.py:161} INFO - Started process (PID=439) to work on /home/airflow/.local/lib/python3.12/site-packages/airflow/example_dags/example_xcomargs.py
[2024-05-11T11:34:11.212+0000] {processor.py:830} INFO - Processing file /home/airflow/.local/lib/python3.12/site-packages/airflow/example_dags/example_xcomargs.py for tasks to queue
[2024-05-11T11:34:11.214+0000] {logging_mixin.py:188} INFO - [2024-05-11T11:34:11.214+0000] {dagbag.py:545} INFO - Filling up the DagBag from /home/airflow/.local/lib/python3.12/site-packages/airflow/example_dags/example_xcomargs.py
[2024-05-11T11:34:11.230+0000] {processor.py:840} INFO - DAG(s) 'example_xcom_args', 'example_xcom_args_with_operators' retrieved from /home/airflow/.local/lib/python3.12/site-packages/airflow/example_dags/example_xcomargs.py
[2024-05-11T11:34:11.279+0000] {logging_mixin.py:188} INFO - [2024-05-11T11:34:11.278+0000] {dag.py:3096} INFO - Sync 2 DAGs
[2024-05-11T11:34:11.301+0000] {logging_mixin.py:188} INFO - [2024-05-11T11:34:11.301+0000] {dag.py:3954} INFO - Setting next_dagrun for example_xcom_args to None, run_after=None
[2024-05-11T11:34:11.307+0000] {logging_mixin.py:188} INFO - [2024-05-11T11:34:11.306+0000] {dag.py:3954} INFO - Setting next_dagrun for example_xcom_args_with_operators to None, run_after=None
[2024-05-11T11:34:11.326+0000] {processor.py:183} INFO - Processing /home/airflow/.local/lib/python3.12/site-packages/airflow/example_dags/example_xcomargs.py took 0.122 seconds
[2024-05-11T11:34:41.399+0000] {processor.py:161} INFO - Started process (PID=497) to work on /home/airflow/.local/lib/python3.12/site-packages/airflow/example_dags/example_xcomargs.py
[2024-05-11T11:34:41.400+0000] {processor.py:830} INFO - Processing file /home/airflow/.local/lib/python3.12/site-packages/airflow/example_dags/example_xcomargs.py for tasks to queue
[2024-05-11T11:34:41.403+0000] {logging_mixin.py:188} INFO - [2024-05-11T11:34:41.402+0000] {dagbag.py:545} INFO - Filling up the DagBag from /home/airflow/.local/lib/python3.12/site-packages/airflow/example_dags/example_xcomargs.py
[2024-05-11T11:34:41.412+0000] {processor.py:840} INFO - DAG(s) 'example_xcom_args_with_operators', 'example_xcom_args' retrieved from /home/airflow/.local/lib/python3.12/site-packages/airflow/example_dags/example_xcomargs.py
[2024-05-11T11:34:41.425+0000] {logging_mixin.py:188} INFO - [2024-05-11T11:34:41.425+0000] {dag.py:3096} INFO - Sync 2 DAGs
[2024-05-11T11:34:41.439+0000] {logging_mixin.py:188} INFO - [2024-05-11T11:34:41.438+0000] {dag.py:3954} INFO - Setting next_dagrun for example_xcom_args to None, run_after=None
[2024-05-11T11:34:41.443+0000] {logging_mixin.py:188} INFO - [2024-05-11T11:34:41.443+0000] {dag.py:3954} INFO - Setting next_dagrun for example_xcom_args_with_operators to None, run_after=None
[2024-05-11T11:34:41.462+0000] {processor.py:183} INFO - Processing /home/airflow/.local/lib/python3.12/site-packages/airflow/example_dags/example_xcomargs.py took 0.069 seconds
[2024-05-11T15:07:48.872+0000] {processor.py:161} INFO - Started process (PID=67) to work on /home/airflow/.local/lib/python3.12/site-packages/airflow/example_dags/example_xcomargs.py
[2024-05-11T15:07:48.926+0000] {processor.py:830} INFO - Processing file /home/airflow/.local/lib/python3.12/site-packages/airflow/example_dags/example_xcomargs.py for tasks to queue
[2024-05-11T15:07:48.928+0000] {logging_mixin.py:188} INFO - [2024-05-11T15:07:48.928+0000] {dagbag.py:545} INFO - Filling up the DagBag from /home/airflow/.local/lib/python3.12/site-packages/airflow/example_dags/example_xcomargs.py
[2024-05-11T15:07:48.935+0000] {processor.py:840} INFO - DAG(s) 'example_xcom_args', 'example_xcom_args_with_operators' retrieved from /home/airflow/.local/lib/python3.12/site-packages/airflow/example_dags/example_xcomargs.py
[2024-05-11T15:07:49.082+0000] {logging_mixin.py:188} INFO - [2024-05-11T15:07:49.082+0000] {dag.py:3096} INFO - Sync 2 DAGs
[2024-05-11T15:07:49.092+0000] {logging_mixin.py:188} INFO - [2024-05-11T15:07:49.092+0000] {dag.py:3954} INFO - Setting next_dagrun for example_xcom_args to None, run_after=None
[2024-05-11T15:07:49.095+0000] {logging_mixin.py:188} INFO - [2024-05-11T15:07:49.095+0000] {dag.py:3954} INFO - Setting next_dagrun for example_xcom_args_with_operators to None, run_after=None
[2024-05-11T15:07:49.303+0000] {processor.py:183} INFO - Processing /home/airflow/.local/lib/python3.12/site-packages/airflow/example_dags/example_xcomargs.py took 0.436 seconds
[2024-05-11T15:18:29.514+0000] {processor.py:161} INFO - Started process (PID=67) to work on /home/airflow/.local/lib/python3.12/site-packages/airflow/example_dags/example_xcomargs.py
[2024-05-11T15:18:29.515+0000] {processor.py:830} INFO - Processing file /home/airflow/.local/lib/python3.12/site-packages/airflow/example_dags/example_xcomargs.py for tasks to queue
[2024-05-11T15:18:29.518+0000] {logging_mixin.py:188} INFO - [2024-05-11T15:18:29.517+0000] {dagbag.py:545} INFO - Filling up the DagBag from /home/airflow/.local/lib/python3.12/site-packages/airflow/example_dags/example_xcomargs.py
[2024-05-11T15:18:29.538+0000] {processor.py:840} INFO - DAG(s) 'example_xcom_args', 'example_xcom_args_with_operators' retrieved from /home/airflow/.local/lib/python3.12/site-packages/airflow/example_dags/example_xcomargs.py
[2024-05-11T15:18:29.563+0000] {logging_mixin.py:188} INFO - [2024-05-11T15:18:29.562+0000] {dag.py:3096} INFO - Sync 2 DAGs
[2024-05-11T15:18:29.594+0000] {logging_mixin.py:188} INFO - [2024-05-11T15:18:29.593+0000] {dag.py:3954} INFO - Setting next_dagrun for example_xcom_args to None, run_after=None
[2024-05-11T15:18:29.604+0000] {logging_mixin.py:188} INFO - [2024-05-11T15:18:29.603+0000] {dag.py:3954} INFO - Setting next_dagrun for example_xcom_args_with_operators to None, run_after=None
[2024-05-11T15:18:29.631+0000] {processor.py:183} INFO - Processing /home/airflow/.local/lib/python3.12/site-packages/airflow/example_dags/example_xcomargs.py took 0.124 seconds
[2024-05-11T15:18:59.910+0000] {processor.py:161} INFO - Started process (PID=125) to work on /home/airflow/.local/lib/python3.12/site-packages/airflow/example_dags/example_xcomargs.py
[2024-05-11T15:18:59.912+0000] {processor.py:830} INFO - Processing file /home/airflow/.local/lib/python3.12/site-packages/airflow/example_dags/example_xcomargs.py for tasks to queue
[2024-05-11T15:18:59.916+0000] {logging_mixin.py:188} INFO - [2024-05-11T15:18:59.915+0000] {dagbag.py:545} INFO - Filling up the DagBag from /home/airflow/.local/lib/python3.12/site-packages/airflow/example_dags/example_xcomargs.py
[2024-05-11T15:18:59.928+0000] {processor.py:840} INFO - DAG(s) 'example_xcom_args', 'example_xcom_args_with_operators' retrieved from /home/airflow/.local/lib/python3.12/site-packages/airflow/example_dags/example_xcomargs.py
[2024-05-11T15:18:59.946+0000] {logging_mixin.py:188} INFO - [2024-05-11T15:18:59.946+0000] {dag.py:3096} INFO - Sync 2 DAGs
[2024-05-11T15:18:59.965+0000] {logging_mixin.py:188} INFO - [2024-05-11T15:18:59.964+0000] {dag.py:3954} INFO - Setting next_dagrun for example_xcom_args to None, run_after=None
[2024-05-11T15:18:59.973+0000] {logging_mixin.py:188} INFO - [2024-05-11T15:18:59.973+0000] {dag.py:3954} INFO - Setting next_dagrun for example_xcom_args_with_operators to None, run_after=None
[2024-05-11T15:19:00.004+0000] {processor.py:183} INFO - Processing /home/airflow/.local/lib/python3.12/site-packages/airflow/example_dags/example_xcomargs.py took 0.101 seconds
[2024-05-11T15:19:31.475+0000] {processor.py:161} INFO - Started process (PID=183) to work on /home/airflow/.local/lib/python3.12/site-packages/airflow/example_dags/example_xcomargs.py
[2024-05-11T15:19:31.476+0000] {processor.py:830} INFO - Processing file /home/airflow/.local/lib/python3.12/site-packages/airflow/example_dags/example_xcomargs.py for tasks to queue
[2024-05-11T15:19:31.478+0000] {logging_mixin.py:188} INFO - [2024-05-11T15:19:31.478+0000] {dagbag.py:545} INFO - Filling up the DagBag from /home/airflow/.local/lib/python3.12/site-packages/airflow/example_dags/example_xcomargs.py
[2024-05-11T15:19:31.484+0000] {processor.py:840} INFO - DAG(s) 'example_xcom_args', 'example_xcom_args_with_operators' retrieved from /home/airflow/.local/lib/python3.12/site-packages/airflow/example_dags/example_xcomargs.py
[2024-05-11T15:19:31.579+0000] {logging_mixin.py:188} INFO - [2024-05-11T15:19:31.579+0000] {dag.py:3096} INFO - Sync 2 DAGs
[2024-05-11T15:19:31.590+0000] {logging_mixin.py:188} INFO - [2024-05-11T15:19:31.590+0000] {dag.py:3954} INFO - Setting next_dagrun for example_xcom_args to None, run_after=None
[2024-05-11T15:19:31.594+0000] {logging_mixin.py:188} INFO - [2024-05-11T15:19:31.594+0000] {dag.py:3954} INFO - Setting next_dagrun for example_xcom_args_with_operators to None, run_after=None
[2024-05-11T15:19:31.611+0000] {processor.py:183} INFO - Processing /home/airflow/.local/lib/python3.12/site-packages/airflow/example_dags/example_xcomargs.py took 0.141 seconds
[2024-05-11T15:20:01.677+0000] {processor.py:161} INFO - Started process (PID=241) to work on /home/airflow/.local/lib/python3.12/site-packages/airflow/example_dags/example_xcomargs.py
[2024-05-11T15:20:01.677+0000] {processor.py:830} INFO - Processing file /home/airflow/.local/lib/python3.12/site-packages/airflow/example_dags/example_xcomargs.py for tasks to queue
[2024-05-11T15:20:01.679+0000] {logging_mixin.py:188} INFO - [2024-05-11T15:20:01.679+0000] {dagbag.py:545} INFO - Filling up the DagBag from /home/airflow/.local/lib/python3.12/site-packages/airflow/example_dags/example_xcomargs.py
[2024-05-11T15:20:01.685+0000] {processor.py:840} INFO - DAG(s) 'example_xcom_args_with_operators', 'example_xcom_args' retrieved from /home/airflow/.local/lib/python3.12/site-packages/airflow/example_dags/example_xcomargs.py
[2024-05-11T15:20:01.705+0000] {logging_mixin.py:188} INFO - [2024-05-11T15:20:01.705+0000] {dag.py:3096} INFO - Sync 2 DAGs
[2024-05-11T15:20:01.717+0000] {logging_mixin.py:188} INFO - [2024-05-11T15:20:01.717+0000] {dag.py:3954} INFO - Setting next_dagrun for example_xcom_args to None, run_after=None
[2024-05-11T15:20:01.720+0000] {logging_mixin.py:188} INFO - [2024-05-11T15:20:01.720+0000] {dag.py:3954} INFO - Setting next_dagrun for example_xcom_args_with_operators to None, run_after=None
[2024-05-11T15:20:01.734+0000] {processor.py:183} INFO - Processing /home/airflow/.local/lib/python3.12/site-packages/airflow/example_dags/example_xcomargs.py took 0.062 seconds
[2024-05-11T15:20:33.024+0000] {processor.py:161} INFO - Started process (PID=299) to work on /home/airflow/.local/lib/python3.12/site-packages/airflow/example_dags/example_xcomargs.py
[2024-05-11T15:20:33.026+0000] {processor.py:830} INFO - Processing file /home/airflow/.local/lib/python3.12/site-packages/airflow/example_dags/example_xcomargs.py for tasks to queue
[2024-05-11T15:20:33.030+0000] {logging_mixin.py:188} INFO - [2024-05-11T15:20:33.029+0000] {dagbag.py:545} INFO - Filling up the DagBag from /home/airflow/.local/lib/python3.12/site-packages/airflow/example_dags/example_xcomargs.py
[2024-05-11T15:20:33.042+0000] {processor.py:840} INFO - DAG(s) 'example_xcom_args', 'example_xcom_args_with_operators' retrieved from /home/airflow/.local/lib/python3.12/site-packages/airflow/example_dags/example_xcomargs.py
[2024-05-11T15:20:33.079+0000] {logging_mixin.py:188} INFO - [2024-05-11T15:20:33.079+0000] {dag.py:3096} INFO - Sync 2 DAGs
[2024-05-11T15:20:33.104+0000] {logging_mixin.py:188} INFO - [2024-05-11T15:20:33.103+0000] {dag.py:3954} INFO - Setting next_dagrun for example_xcom_args to None, run_after=None
[2024-05-11T15:20:33.110+0000] {logging_mixin.py:188} INFO - [2024-05-11T15:20:33.109+0000] {dag.py:3954} INFO - Setting next_dagrun for example_xcom_args_with_operators to None, run_after=None
[2024-05-11T15:20:33.149+0000] {processor.py:183} INFO - Processing /home/airflow/.local/lib/python3.12/site-packages/airflow/example_dags/example_xcomargs.py took 0.135 seconds
[2024-05-11T15:27:06.977+0000] {processor.py:161} INFO - Started process (PID=75) to work on /home/airflow/.local/lib/python3.12/site-packages/airflow/example_dags/example_xcomargs.py
[2024-05-11T15:27:06.979+0000] {processor.py:830} INFO - Processing file /home/airflow/.local/lib/python3.12/site-packages/airflow/example_dags/example_xcomargs.py for tasks to queue
[2024-05-11T15:27:06.984+0000] {logging_mixin.py:188} INFO - [2024-05-11T15:27:06.981+0000] {dagbag.py:545} INFO - Filling up the DagBag from /home/airflow/.local/lib/python3.12/site-packages/airflow/example_dags/example_xcomargs.py
[2024-05-11T15:27:07.007+0000] {processor.py:840} INFO - DAG(s) 'example_xcom_args_with_operators', 'example_xcom_args' retrieved from /home/airflow/.local/lib/python3.12/site-packages/airflow/example_dags/example_xcomargs.py
[2024-05-11T15:27:07.256+0000] {logging_mixin.py:188} INFO - [2024-05-11T15:27:07.255+0000] {dag.py:3096} INFO - Sync 2 DAGs
[2024-05-11T15:27:07.307+0000] {logging_mixin.py:188} INFO - [2024-05-11T15:27:07.307+0000] {dag.py:3954} INFO - Setting next_dagrun for example_xcom_args to None, run_after=None
[2024-05-11T15:27:07.345+0000] {logging_mixin.py:188} INFO - [2024-05-11T15:27:07.345+0000] {dag.py:3954} INFO - Setting next_dagrun for example_xcom_args_with_operators to None, run_after=None
[2024-05-11T15:27:07.394+0000] {processor.py:183} INFO - Processing /home/airflow/.local/lib/python3.12/site-packages/airflow/example_dags/example_xcomargs.py took 0.425 seconds
[2024-05-11T15:27:37.991+0000] {processor.py:161} INFO - Started process (PID=133) to work on /home/airflow/.local/lib/python3.12/site-packages/airflow/example_dags/example_xcomargs.py
[2024-05-11T15:27:37.992+0000] {processor.py:830} INFO - Processing file /home/airflow/.local/lib/python3.12/site-packages/airflow/example_dags/example_xcomargs.py for tasks to queue
[2024-05-11T15:27:37.993+0000] {logging_mixin.py:188} INFO - [2024-05-11T15:27:37.993+0000] {dagbag.py:545} INFO - Filling up the DagBag from /home/airflow/.local/lib/python3.12/site-packages/airflow/example_dags/example_xcomargs.py
[2024-05-11T15:27:38.000+0000] {processor.py:840} INFO - DAG(s) 'example_xcom_args', 'example_xcom_args_with_operators' retrieved from /home/airflow/.local/lib/python3.12/site-packages/airflow/example_dags/example_xcomargs.py
[2024-05-11T15:27:38.023+0000] {logging_mixin.py:188} INFO - [2024-05-11T15:27:38.023+0000] {dag.py:3096} INFO - Sync 2 DAGs
[2024-05-11T15:27:38.035+0000] {logging_mixin.py:188} INFO - [2024-05-11T15:27:38.035+0000] {dag.py:3954} INFO - Setting next_dagrun for example_xcom_args to None, run_after=None
[2024-05-11T15:27:38.039+0000] {logging_mixin.py:188} INFO - [2024-05-11T15:27:38.039+0000] {dag.py:3954} INFO - Setting next_dagrun for example_xcom_args_with_operators to None, run_after=None
[2024-05-11T15:27:38.062+0000] {processor.py:183} INFO - Processing /home/airflow/.local/lib/python3.12/site-packages/airflow/example_dags/example_xcomargs.py took 0.076 seconds
[2024-05-11T15:28:08.408+0000] {processor.py:161} INFO - Started process (PID=191) to work on /home/airflow/.local/lib/python3.12/site-packages/airflow/example_dags/example_xcomargs.py
[2024-05-11T15:28:08.409+0000] {processor.py:830} INFO - Processing file /home/airflow/.local/lib/python3.12/site-packages/airflow/example_dags/example_xcomargs.py for tasks to queue
[2024-05-11T15:28:08.412+0000] {logging_mixin.py:188} INFO - [2024-05-11T15:28:08.411+0000] {dagbag.py:545} INFO - Filling up the DagBag from /home/airflow/.local/lib/python3.12/site-packages/airflow/example_dags/example_xcomargs.py
[2024-05-11T15:28:08.421+0000] {processor.py:840} INFO - DAG(s) 'example_xcom_args_with_operators', 'example_xcom_args' retrieved from /home/airflow/.local/lib/python3.12/site-packages/airflow/example_dags/example_xcomargs.py
[2024-05-11T15:28:08.445+0000] {logging_mixin.py:188} INFO - [2024-05-11T15:28:08.445+0000] {dag.py:3096} INFO - Sync 2 DAGs
[2024-05-11T15:28:08.462+0000] {logging_mixin.py:188} INFO - [2024-05-11T15:28:08.462+0000] {dag.py:3954} INFO - Setting next_dagrun for example_xcom_args to None, run_after=None
[2024-05-11T15:28:08.467+0000] {logging_mixin.py:188} INFO - [2024-05-11T15:28:08.467+0000] {dag.py:3954} INFO - Setting next_dagrun for example_xcom_args_with_operators to None, run_after=None
[2024-05-11T15:28:08.486+0000] {processor.py:183} INFO - Processing /home/airflow/.local/lib/python3.12/site-packages/airflow/example_dags/example_xcomargs.py took 0.083 seconds
[2024-05-11T15:28:38.593+0000] {processor.py:161} INFO - Started process (PID=249) to work on /home/airflow/.local/lib/python3.12/site-packages/airflow/example_dags/example_xcomargs.py
[2024-05-11T15:28:38.594+0000] {processor.py:830} INFO - Processing file /home/airflow/.local/lib/python3.12/site-packages/airflow/example_dags/example_xcomargs.py for tasks to queue
[2024-05-11T15:28:38.596+0000] {logging_mixin.py:188} INFO - [2024-05-11T15:28:38.595+0000] {dagbag.py:545} INFO - Filling up the DagBag from /home/airflow/.local/lib/python3.12/site-packages/airflow/example_dags/example_xcomargs.py
[2024-05-11T15:28:38.604+0000] {processor.py:840} INFO - DAG(s) 'example_xcom_args', 'example_xcom_args_with_operators' retrieved from /home/airflow/.local/lib/python3.12/site-packages/airflow/example_dags/example_xcomargs.py
[2024-05-11T15:28:38.624+0000] {logging_mixin.py:188} INFO - [2024-05-11T15:28:38.623+0000] {dag.py:3096} INFO - Sync 2 DAGs
[2024-05-11T15:28:38.635+0000] {logging_mixin.py:188} INFO - [2024-05-11T15:28:38.635+0000] {dag.py:3954} INFO - Setting next_dagrun for example_xcom_args to None, run_after=None
[2024-05-11T15:28:38.639+0000] {logging_mixin.py:188} INFO - [2024-05-11T15:28:38.638+0000] {dag.py:3954} INFO - Setting next_dagrun for example_xcom_args_with_operators to None, run_after=None
[2024-05-11T15:28:38.652+0000] {processor.py:183} INFO - Processing /home/airflow/.local/lib/python3.12/site-packages/airflow/example_dags/example_xcomargs.py took 0.064 seconds
[2024-05-11T15:46:24.198+0000] {processor.py:161} INFO - Started process (PID=73) to work on /home/airflow/.local/lib/python3.12/site-packages/airflow/example_dags/example_xcomargs.py
[2024-05-11T15:46:24.202+0000] {processor.py:830} INFO - Processing file /home/airflow/.local/lib/python3.12/site-packages/airflow/example_dags/example_xcomargs.py for tasks to queue
[2024-05-11T15:46:24.273+0000] {logging_mixin.py:188} INFO - [2024-05-11T15:46:24.272+0000] {dagbag.py:545} INFO - Filling up the DagBag from /home/airflow/.local/lib/python3.12/site-packages/airflow/example_dags/example_xcomargs.py
[2024-05-11T15:46:24.340+0000] {processor.py:840} INFO - DAG(s) 'example_xcom_args_with_operators', 'example_xcom_args' retrieved from /home/airflow/.local/lib/python3.12/site-packages/airflow/example_dags/example_xcomargs.py
[2024-05-11T15:46:24.750+0000] {logging_mixin.py:188} INFO - [2024-05-11T15:46:24.749+0000] {dag.py:3096} INFO - Sync 2 DAGs
[2024-05-11T15:46:24.818+0000] {logging_mixin.py:188} INFO - [2024-05-11T15:46:24.818+0000] {dag.py:3954} INFO - Setting next_dagrun for example_xcom_args to None, run_after=None
[2024-05-11T15:46:24.827+0000] {logging_mixin.py:188} INFO - [2024-05-11T15:46:24.826+0000] {dag.py:3954} INFO - Setting next_dagrun for example_xcom_args_with_operators to None, run_after=None
[2024-05-11T15:46:24.898+0000] {processor.py:183} INFO - Processing /home/airflow/.local/lib/python3.12/site-packages/airflow/example_dags/example_xcomargs.py took 0.835 seconds
[2024-05-11T15:46:55.231+0000] {processor.py:161} INFO - Started process (PID=131) to work on /home/airflow/.local/lib/python3.12/site-packages/airflow/example_dags/example_xcomargs.py
[2024-05-11T15:46:55.242+0000] {processor.py:830} INFO - Processing file /home/airflow/.local/lib/python3.12/site-packages/airflow/example_dags/example_xcomargs.py for tasks to queue
[2024-05-11T15:46:55.272+0000] {logging_mixin.py:188} INFO - [2024-05-11T15:46:55.269+0000] {dagbag.py:545} INFO - Filling up the DagBag from /home/airflow/.local/lib/python3.12/site-packages/airflow/example_dags/example_xcomargs.py
[2024-05-11T15:46:55.439+0000] {processor.py:840} INFO - DAG(s) 'example_xcom_args', 'example_xcom_args_with_operators' retrieved from /home/airflow/.local/lib/python3.12/site-packages/airflow/example_dags/example_xcomargs.py
[2024-05-11T15:46:55.577+0000] {logging_mixin.py:188} INFO - [2024-05-11T15:46:55.576+0000] {dag.py:3096} INFO - Sync 2 DAGs
[2024-05-11T15:46:55.655+0000] {logging_mixin.py:188} INFO - [2024-05-11T15:46:55.654+0000] {dag.py:3954} INFO - Setting next_dagrun for example_xcom_args to None, run_after=None
[2024-05-11T15:46:55.665+0000] {logging_mixin.py:188} INFO - [2024-05-11T15:46:55.665+0000] {dag.py:3954} INFO - Setting next_dagrun for example_xcom_args_with_operators to None, run_after=None
[2024-05-11T15:46:55.713+0000] {processor.py:183} INFO - Processing /home/airflow/.local/lib/python3.12/site-packages/airflow/example_dags/example_xcomargs.py took 0.528 seconds
[2024-05-11T15:47:25.838+0000] {processor.py:161} INFO - Started process (PID=188) to work on /home/airflow/.local/lib/python3.12/site-packages/airflow/example_dags/example_xcomargs.py
[2024-05-11T15:47:25.843+0000] {processor.py:830} INFO - Processing file /home/airflow/.local/lib/python3.12/site-packages/airflow/example_dags/example_xcomargs.py for tasks to queue
[2024-05-11T15:47:25.845+0000] {logging_mixin.py:188} INFO - [2024-05-11T15:47:25.845+0000] {dagbag.py:545} INFO - Filling up the DagBag from /home/airflow/.local/lib/python3.12/site-packages/airflow/example_dags/example_xcomargs.py
[2024-05-11T15:47:25.855+0000] {processor.py:840} INFO - DAG(s) 'example_xcom_args', 'example_xcom_args_with_operators' retrieved from /home/airflow/.local/lib/python3.12/site-packages/airflow/example_dags/example_xcomargs.py
[2024-05-11T15:47:25.892+0000] {logging_mixin.py:188} INFO - [2024-05-11T15:47:25.891+0000] {dag.py:3096} INFO - Sync 2 DAGs
[2024-05-11T15:47:25.907+0000] {logging_mixin.py:188} INFO - [2024-05-11T15:47:25.906+0000] {dag.py:3954} INFO - Setting next_dagrun for example_xcom_args to None, run_after=None
[2024-05-11T15:47:25.911+0000] {logging_mixin.py:188} INFO - [2024-05-11T15:47:25.910+0000] {dag.py:3954} INFO - Setting next_dagrun for example_xcom_args_with_operators to None, run_after=None
[2024-05-11T15:47:25.939+0000] {processor.py:183} INFO - Processing /home/airflow/.local/lib/python3.12/site-packages/airflow/example_dags/example_xcomargs.py took 0.105 seconds
[2024-05-11T15:47:56.311+0000] {processor.py:161} INFO - Started process (PID=246) to work on /home/airflow/.local/lib/python3.12/site-packages/airflow/example_dags/example_xcomargs.py
[2024-05-11T15:47:56.312+0000] {processor.py:830} INFO - Processing file /home/airflow/.local/lib/python3.12/site-packages/airflow/example_dags/example_xcomargs.py for tasks to queue
[2024-05-11T15:47:56.314+0000] {logging_mixin.py:188} INFO - [2024-05-11T15:47:56.314+0000] {dagbag.py:545} INFO - Filling up the DagBag from /home/airflow/.local/lib/python3.12/site-packages/airflow/example_dags/example_xcomargs.py
[2024-05-11T15:47:56.321+0000] {processor.py:840} INFO - DAG(s) 'example_xcom_args_with_operators', 'example_xcom_args' retrieved from /home/airflow/.local/lib/python3.12/site-packages/airflow/example_dags/example_xcomargs.py
[2024-05-11T15:47:56.347+0000] {logging_mixin.py:188} INFO - [2024-05-11T15:47:56.347+0000] {dag.py:3096} INFO - Sync 2 DAGs
[2024-05-11T15:47:56.362+0000] {logging_mixin.py:188} INFO - [2024-05-11T15:47:56.361+0000] {dag.py:3954} INFO - Setting next_dagrun for example_xcom_args to None, run_after=None
[2024-05-11T15:47:56.367+0000] {logging_mixin.py:188} INFO - [2024-05-11T15:47:56.366+0000] {dag.py:3954} INFO - Setting next_dagrun for example_xcom_args_with_operators to None, run_after=None
[2024-05-11T15:47:56.383+0000] {processor.py:183} INFO - Processing /home/airflow/.local/lib/python3.12/site-packages/airflow/example_dags/example_xcomargs.py took 0.076 seconds
[2024-05-11T15:48:26.609+0000] {processor.py:161} INFO - Started process (PID=304) to work on /home/airflow/.local/lib/python3.12/site-packages/airflow/example_dags/example_xcomargs.py
[2024-05-11T15:48:26.609+0000] {processor.py:830} INFO - Processing file /home/airflow/.local/lib/python3.12/site-packages/airflow/example_dags/example_xcomargs.py for tasks to queue
[2024-05-11T15:48:26.611+0000] {logging_mixin.py:188} INFO - [2024-05-11T15:48:26.611+0000] {dagbag.py:545} INFO - Filling up the DagBag from /home/airflow/.local/lib/python3.12/site-packages/airflow/example_dags/example_xcomargs.py
[2024-05-11T15:48:26.617+0000] {processor.py:840} INFO - DAG(s) 'example_xcom_args_with_operators', 'example_xcom_args' retrieved from /home/airflow/.local/lib/python3.12/site-packages/airflow/example_dags/example_xcomargs.py
[2024-05-11T15:48:26.635+0000] {logging_mixin.py:188} INFO - [2024-05-11T15:48:26.635+0000] {dag.py:3096} INFO - Sync 2 DAGs
[2024-05-11T15:48:26.646+0000] {logging_mixin.py:188} INFO - [2024-05-11T15:48:26.646+0000] {dag.py:3954} INFO - Setting next_dagrun for example_xcom_args to None, run_after=None
[2024-05-11T15:48:26.649+0000] {logging_mixin.py:188} INFO - [2024-05-11T15:48:26.649+0000] {dag.py:3954} INFO - Setting next_dagrun for example_xcom_args_with_operators to None, run_after=None
[2024-05-11T15:48:26.663+0000] {processor.py:183} INFO - Processing /home/airflow/.local/lib/python3.12/site-packages/airflow/example_dags/example_xcomargs.py took 0.058 seconds
[2024-05-11T15:48:56.773+0000] {processor.py:161} INFO - Started process (PID=362) to work on /home/airflow/.local/lib/python3.12/site-packages/airflow/example_dags/example_xcomargs.py
[2024-05-11T15:48:56.774+0000] {processor.py:830} INFO - Processing file /home/airflow/.local/lib/python3.12/site-packages/airflow/example_dags/example_xcomargs.py for tasks to queue
[2024-05-11T15:48:56.775+0000] {logging_mixin.py:188} INFO - [2024-05-11T15:48:56.775+0000] {dagbag.py:545} INFO - Filling up the DagBag from /home/airflow/.local/lib/python3.12/site-packages/airflow/example_dags/example_xcomargs.py
[2024-05-11T15:48:56.782+0000] {processor.py:840} INFO - DAG(s) 'example_xcom_args_with_operators', 'example_xcom_args' retrieved from /home/airflow/.local/lib/python3.12/site-packages/airflow/example_dags/example_xcomargs.py
[2024-05-11T15:48:56.801+0000] {logging_mixin.py:188} INFO - [2024-05-11T15:48:56.801+0000] {dag.py:3096} INFO - Sync 2 DAGs
[2024-05-11T15:48:56.812+0000] {logging_mixin.py:188} INFO - [2024-05-11T15:48:56.812+0000] {dag.py:3954} INFO - Setting next_dagrun for example_xcom_args to None, run_after=None
[2024-05-11T15:48:56.815+0000] {logging_mixin.py:188} INFO - [2024-05-11T15:48:56.815+0000] {dag.py:3954} INFO - Setting next_dagrun for example_xcom_args_with_operators to None, run_after=None
[2024-05-11T15:48:56.830+0000] {processor.py:183} INFO - Processing /home/airflow/.local/lib/python3.12/site-packages/airflow/example_dags/example_xcomargs.py took 0.062 seconds
[2024-05-11T15:49:27.514+0000] {processor.py:161} INFO - Started process (PID=420) to work on /home/airflow/.local/lib/python3.12/site-packages/airflow/example_dags/example_xcomargs.py
[2024-05-11T15:49:27.515+0000] {processor.py:830} INFO - Processing file /home/airflow/.local/lib/python3.12/site-packages/airflow/example_dags/example_xcomargs.py for tasks to queue
[2024-05-11T15:49:27.517+0000] {logging_mixin.py:188} INFO - [2024-05-11T15:49:27.517+0000] {dagbag.py:545} INFO - Filling up the DagBag from /home/airflow/.local/lib/python3.12/site-packages/airflow/example_dags/example_xcomargs.py
[2024-05-11T15:49:27.525+0000] {processor.py:840} INFO - DAG(s) 'example_xcom_args_with_operators', 'example_xcom_args' retrieved from /home/airflow/.local/lib/python3.12/site-packages/airflow/example_dags/example_xcomargs.py
[2024-05-11T15:49:27.546+0000] {logging_mixin.py:188} INFO - [2024-05-11T15:49:27.545+0000] {dag.py:3096} INFO - Sync 2 DAGs
[2024-05-11T15:49:27.558+0000] {logging_mixin.py:188} INFO - [2024-05-11T15:49:27.557+0000] {dag.py:3954} INFO - Setting next_dagrun for example_xcom_args to None, run_after=None
[2024-05-11T15:49:27.561+0000] {logging_mixin.py:188} INFO - [2024-05-11T15:49:27.561+0000] {dag.py:3954} INFO - Setting next_dagrun for example_xcom_args_with_operators to None, run_after=None
[2024-05-11T15:49:27.576+0000] {processor.py:183} INFO - Processing /home/airflow/.local/lib/python3.12/site-packages/airflow/example_dags/example_xcomargs.py took 0.067 seconds
[2024-05-11T15:49:57.621+0000] {processor.py:161} INFO - Started process (PID=479) to work on /home/airflow/.local/lib/python3.12/site-packages/airflow/example_dags/example_xcomargs.py
[2024-05-11T15:49:57.622+0000] {processor.py:830} INFO - Processing file /home/airflow/.local/lib/python3.12/site-packages/airflow/example_dags/example_xcomargs.py for tasks to queue
[2024-05-11T15:49:57.623+0000] {logging_mixin.py:188} INFO - [2024-05-11T15:49:57.623+0000] {dagbag.py:545} INFO - Filling up the DagBag from /home/airflow/.local/lib/python3.12/site-packages/airflow/example_dags/example_xcomargs.py
[2024-05-11T15:49:57.629+0000] {processor.py:840} INFO - DAG(s) 'example_xcom_args', 'example_xcom_args_with_operators' retrieved from /home/airflow/.local/lib/python3.12/site-packages/airflow/example_dags/example_xcomargs.py
[2024-05-11T15:49:57.648+0000] {logging_mixin.py:188} INFO - [2024-05-11T15:49:57.648+0000] {dag.py:3096} INFO - Sync 2 DAGs
[2024-05-11T15:49:57.659+0000] {logging_mixin.py:188} INFO - [2024-05-11T15:49:57.659+0000] {dag.py:3954} INFO - Setting next_dagrun for example_xcom_args to None, run_after=None
[2024-05-11T15:49:57.663+0000] {logging_mixin.py:188} INFO - [2024-05-11T15:49:57.662+0000] {dag.py:3954} INFO - Setting next_dagrun for example_xcom_args_with_operators to None, run_after=None
[2024-05-11T15:49:57.676+0000] {processor.py:183} INFO - Processing /home/airflow/.local/lib/python3.12/site-packages/airflow/example_dags/example_xcomargs.py took 0.060 seconds
[2024-05-11T15:50:28.017+0000] {processor.py:161} INFO - Started process (PID=537) to work on /home/airflow/.local/lib/python3.12/site-packages/airflow/example_dags/example_xcomargs.py
[2024-05-11T15:50:28.018+0000] {processor.py:830} INFO - Processing file /home/airflow/.local/lib/python3.12/site-packages/airflow/example_dags/example_xcomargs.py for tasks to queue
[2024-05-11T15:50:28.019+0000] {logging_mixin.py:188} INFO - [2024-05-11T15:50:28.019+0000] {dagbag.py:545} INFO - Filling up the DagBag from /home/airflow/.local/lib/python3.12/site-packages/airflow/example_dags/example_xcomargs.py
[2024-05-11T15:50:28.025+0000] {processor.py:840} INFO - DAG(s) 'example_xcom_args', 'example_xcom_args_with_operators' retrieved from /home/airflow/.local/lib/python3.12/site-packages/airflow/example_dags/example_xcomargs.py
[2024-05-11T15:50:28.051+0000] {logging_mixin.py:188} INFO - [2024-05-11T15:50:28.051+0000] {dag.py:3096} INFO - Sync 2 DAGs
[2024-05-11T15:50:28.064+0000] {logging_mixin.py:188} INFO - [2024-05-11T15:50:28.064+0000] {dag.py:3954} INFO - Setting next_dagrun for example_xcom_args to None, run_after=None
[2024-05-11T15:50:28.068+0000] {logging_mixin.py:188} INFO - [2024-05-11T15:50:28.068+0000] {dag.py:3954} INFO - Setting next_dagrun for example_xcom_args_with_operators to None, run_after=None
[2024-05-11T15:50:28.084+0000] {processor.py:183} INFO - Processing /home/airflow/.local/lib/python3.12/site-packages/airflow/example_dags/example_xcomargs.py took 0.071 seconds
[2024-05-11T15:50:58.567+0000] {processor.py:161} INFO - Started process (PID=595) to work on /home/airflow/.local/lib/python3.12/site-packages/airflow/example_dags/example_xcomargs.py
[2024-05-11T15:50:58.568+0000] {processor.py:830} INFO - Processing file /home/airflow/.local/lib/python3.12/site-packages/airflow/example_dags/example_xcomargs.py for tasks to queue
[2024-05-11T15:50:58.569+0000] {logging_mixin.py:188} INFO - [2024-05-11T15:50:58.569+0000] {dagbag.py:545} INFO - Filling up the DagBag from /home/airflow/.local/lib/python3.12/site-packages/airflow/example_dags/example_xcomargs.py
[2024-05-11T15:50:58.575+0000] {processor.py:840} INFO - DAG(s) 'example_xcom_args_with_operators', 'example_xcom_args' retrieved from /home/airflow/.local/lib/python3.12/site-packages/airflow/example_dags/example_xcomargs.py
[2024-05-11T15:50:58.599+0000] {logging_mixin.py:188} INFO - [2024-05-11T15:50:58.599+0000] {dag.py:3096} INFO - Sync 2 DAGs
[2024-05-11T15:50:58.614+0000] {logging_mixin.py:188} INFO - [2024-05-11T15:50:58.614+0000] {dag.py:3954} INFO - Setting next_dagrun for example_xcom_args to None, run_after=None
[2024-05-11T15:50:58.618+0000] {logging_mixin.py:188} INFO - [2024-05-11T15:50:58.618+0000] {dag.py:3954} INFO - Setting next_dagrun for example_xcom_args_with_operators to None, run_after=None
[2024-05-11T15:50:58.632+0000] {processor.py:183} INFO - Processing /home/airflow/.local/lib/python3.12/site-packages/airflow/example_dags/example_xcomargs.py took 0.069 seconds
[2024-05-11T15:51:28.687+0000] {processor.py:161} INFO - Started process (PID=653) to work on /home/airflow/.local/lib/python3.12/site-packages/airflow/example_dags/example_xcomargs.py
[2024-05-11T15:51:28.689+0000] {processor.py:830} INFO - Processing file /home/airflow/.local/lib/python3.12/site-packages/airflow/example_dags/example_xcomargs.py for tasks to queue
[2024-05-11T15:51:28.690+0000] {logging_mixin.py:188} INFO - [2024-05-11T15:51:28.690+0000] {dagbag.py:545} INFO - Filling up the DagBag from /home/airflow/.local/lib/python3.12/site-packages/airflow/example_dags/example_xcomargs.py
[2024-05-11T15:51:28.700+0000] {processor.py:840} INFO - DAG(s) 'example_xcom_args', 'example_xcom_args_with_operators' retrieved from /home/airflow/.local/lib/python3.12/site-packages/airflow/example_dags/example_xcomargs.py
[2024-05-11T15:51:28.719+0000] {logging_mixin.py:188} INFO - [2024-05-11T15:51:28.719+0000] {dag.py:3096} INFO - Sync 2 DAGs
[2024-05-11T15:51:28.731+0000] {logging_mixin.py:188} INFO - [2024-05-11T15:51:28.730+0000] {dag.py:3954} INFO - Setting next_dagrun for example_xcom_args to None, run_after=None
[2024-05-11T15:51:28.734+0000] {logging_mixin.py:188} INFO - [2024-05-11T15:51:28.734+0000] {dag.py:3954} INFO - Setting next_dagrun for example_xcom_args_with_operators to None, run_after=None
[2024-05-11T15:51:28.749+0000] {processor.py:183} INFO - Processing /home/airflow/.local/lib/python3.12/site-packages/airflow/example_dags/example_xcomargs.py took 0.066 seconds
[2024-05-11T15:51:58.929+0000] {processor.py:161} INFO - Started process (PID=711) to work on /home/airflow/.local/lib/python3.12/site-packages/airflow/example_dags/example_xcomargs.py
[2024-05-11T15:51:58.938+0000] {processor.py:830} INFO - Processing file /home/airflow/.local/lib/python3.12/site-packages/airflow/example_dags/example_xcomargs.py for tasks to queue
[2024-05-11T15:51:58.960+0000] {logging_mixin.py:188} INFO - [2024-05-11T15:51:58.959+0000] {dagbag.py:545} INFO - Filling up the DagBag from /home/airflow/.local/lib/python3.12/site-packages/airflow/example_dags/example_xcomargs.py
[2024-05-11T15:51:58.983+0000] {processor.py:840} INFO - DAG(s) 'example_xcom_args', 'example_xcom_args_with_operators' retrieved from /home/airflow/.local/lib/python3.12/site-packages/airflow/example_dags/example_xcomargs.py
[2024-05-11T15:51:59.036+0000] {logging_mixin.py:188} INFO - [2024-05-11T15:51:59.036+0000] {dag.py:3096} INFO - Sync 2 DAGs
[2024-05-11T15:51:59.149+0000] {logging_mixin.py:188} INFO - [2024-05-11T15:51:59.148+0000] {dag.py:3954} INFO - Setting next_dagrun for example_xcom_args to None, run_after=None
[2024-05-11T15:51:59.152+0000] {logging_mixin.py:188} INFO - [2024-05-11T15:51:59.152+0000] {dag.py:3954} INFO - Setting next_dagrun for example_xcom_args_with_operators to None, run_after=None
[2024-05-11T15:51:59.176+0000] {processor.py:183} INFO - Processing /home/airflow/.local/lib/python3.12/site-packages/airflow/example_dags/example_xcomargs.py took 0.297 seconds
[2024-05-11T15:52:29.365+0000] {processor.py:161} INFO - Started process (PID=769) to work on /home/airflow/.local/lib/python3.12/site-packages/airflow/example_dags/example_xcomargs.py
[2024-05-11T15:52:29.368+0000] {processor.py:830} INFO - Processing file /home/airflow/.local/lib/python3.12/site-packages/airflow/example_dags/example_xcomargs.py for tasks to queue
[2024-05-11T15:52:29.371+0000] {logging_mixin.py:188} INFO - [2024-05-11T15:52:29.371+0000] {dagbag.py:545} INFO - Filling up the DagBag from /home/airflow/.local/lib/python3.12/site-packages/airflow/example_dags/example_xcomargs.py
[2024-05-11T15:52:29.397+0000] {processor.py:840} INFO - DAG(s) 'example_xcom_args_with_operators', 'example_xcom_args' retrieved from /home/airflow/.local/lib/python3.12/site-packages/airflow/example_dags/example_xcomargs.py
[2024-05-11T15:52:29.501+0000] {logging_mixin.py:188} INFO - [2024-05-11T15:52:29.500+0000] {dag.py:3096} INFO - Sync 2 DAGs
[2024-05-11T15:52:29.642+0000] {logging_mixin.py:188} INFO - [2024-05-11T15:52:29.642+0000] {dag.py:3954} INFO - Setting next_dagrun for example_xcom_args to None, run_after=None
[2024-05-11T15:52:29.657+0000] {logging_mixin.py:188} INFO - [2024-05-11T15:52:29.656+0000] {dag.py:3954} INFO - Setting next_dagrun for example_xcom_args_with_operators to None, run_after=None
[2024-05-11T15:52:29.752+0000] {processor.py:183} INFO - Processing /home/airflow/.local/lib/python3.12/site-packages/airflow/example_dags/example_xcomargs.py took 0.470 seconds
[2024-05-11T15:52:59.798+0000] {processor.py:161} INFO - Started process (PID=827) to work on /home/airflow/.local/lib/python3.12/site-packages/airflow/example_dags/example_xcomargs.py
[2024-05-11T15:52:59.799+0000] {processor.py:830} INFO - Processing file /home/airflow/.local/lib/python3.12/site-packages/airflow/example_dags/example_xcomargs.py for tasks to queue
[2024-05-11T15:52:59.800+0000] {logging_mixin.py:188} INFO - [2024-05-11T15:52:59.800+0000] {dagbag.py:545} INFO - Filling up the DagBag from /home/airflow/.local/lib/python3.12/site-packages/airflow/example_dags/example_xcomargs.py
[2024-05-11T15:52:59.808+0000] {processor.py:840} INFO - DAG(s) 'example_xcom_args', 'example_xcom_args_with_operators' retrieved from /home/airflow/.local/lib/python3.12/site-packages/airflow/example_dags/example_xcomargs.py
[2024-05-11T15:52:59.827+0000] {logging_mixin.py:188} INFO - [2024-05-11T15:52:59.827+0000] {dag.py:3096} INFO - Sync 2 DAGs
[2024-05-11T15:52:59.840+0000] {logging_mixin.py:188} INFO - [2024-05-11T15:52:59.840+0000] {dag.py:3954} INFO - Setting next_dagrun for example_xcom_args to None, run_after=None
[2024-05-11T15:52:59.843+0000] {logging_mixin.py:188} INFO - [2024-05-11T15:52:59.843+0000] {dag.py:3954} INFO - Setting next_dagrun for example_xcom_args_with_operators to None, run_after=None
[2024-05-11T15:52:59.857+0000] {processor.py:183} INFO - Processing /home/airflow/.local/lib/python3.12/site-packages/airflow/example_dags/example_xcomargs.py took 0.064 seconds
[2024-05-11T15:53:30.415+0000] {processor.py:161} INFO - Started process (PID=885) to work on /home/airflow/.local/lib/python3.12/site-packages/airflow/example_dags/example_xcomargs.py
[2024-05-11T15:53:30.416+0000] {processor.py:830} INFO - Processing file /home/airflow/.local/lib/python3.12/site-packages/airflow/example_dags/example_xcomargs.py for tasks to queue
[2024-05-11T15:53:30.418+0000] {logging_mixin.py:188} INFO - [2024-05-11T15:53:30.417+0000] {dagbag.py:545} INFO - Filling up the DagBag from /home/airflow/.local/lib/python3.12/site-packages/airflow/example_dags/example_xcomargs.py
[2024-05-11T15:53:30.424+0000] {processor.py:840} INFO - DAG(s) 'example_xcom_args_with_operators', 'example_xcom_args' retrieved from /home/airflow/.local/lib/python3.12/site-packages/airflow/example_dags/example_xcomargs.py
[2024-05-11T15:53:31.087+0000] {logging_mixin.py:188} INFO - [2024-05-11T15:53:31.087+0000] {dag.py:3096} INFO - Sync 2 DAGs
[2024-05-11T15:53:31.098+0000] {logging_mixin.py:188} INFO - [2024-05-11T15:53:31.098+0000] {dag.py:3954} INFO - Setting next_dagrun for example_xcom_args to None, run_after=None
[2024-05-11T15:53:31.102+0000] {logging_mixin.py:188} INFO - [2024-05-11T15:53:31.101+0000] {dag.py:3954} INFO - Setting next_dagrun for example_xcom_args_with_operators to None, run_after=None
[2024-05-11T15:53:31.299+0000] {processor.py:183} INFO - Processing /home/airflow/.local/lib/python3.12/site-packages/airflow/example_dags/example_xcomargs.py took 0.888 seconds
[2024-05-11T15:54:01.661+0000] {processor.py:161} INFO - Started process (PID=943) to work on /home/airflow/.local/lib/python3.12/site-packages/airflow/example_dags/example_xcomargs.py
[2024-05-11T15:54:01.662+0000] {processor.py:830} INFO - Processing file /home/airflow/.local/lib/python3.12/site-packages/airflow/example_dags/example_xcomargs.py for tasks to queue
[2024-05-11T15:54:01.664+0000] {logging_mixin.py:188} INFO - [2024-05-11T15:54:01.663+0000] {dagbag.py:545} INFO - Filling up the DagBag from /home/airflow/.local/lib/python3.12/site-packages/airflow/example_dags/example_xcomargs.py
[2024-05-11T15:54:01.670+0000] {processor.py:840} INFO - DAG(s) 'example_xcom_args', 'example_xcom_args_with_operators' retrieved from /home/airflow/.local/lib/python3.12/site-packages/airflow/example_dags/example_xcomargs.py
[2024-05-11T15:54:01.691+0000] {logging_mixin.py:188} INFO - [2024-05-11T15:54:01.691+0000] {dag.py:3096} INFO - Sync 2 DAGs
[2024-05-11T15:54:01.704+0000] {logging_mixin.py:188} INFO - [2024-05-11T15:54:01.704+0000] {dag.py:3954} INFO - Setting next_dagrun for example_xcom_args to None, run_after=None
[2024-05-11T15:54:01.708+0000] {logging_mixin.py:188} INFO - [2024-05-11T15:54:01.708+0000] {dag.py:3954} INFO - Setting next_dagrun for example_xcom_args_with_operators to None, run_after=None
[2024-05-11T15:54:01.723+0000] {processor.py:183} INFO - Processing /home/airflow/.local/lib/python3.12/site-packages/airflow/example_dags/example_xcomargs.py took 0.066 seconds
[2024-05-11T15:54:31.825+0000] {processor.py:161} INFO - Started process (PID=1001) to work on /home/airflow/.local/lib/python3.12/site-packages/airflow/example_dags/example_xcomargs.py
[2024-05-11T15:54:31.826+0000] {processor.py:830} INFO - Processing file /home/airflow/.local/lib/python3.12/site-packages/airflow/example_dags/example_xcomargs.py for tasks to queue
[2024-05-11T15:54:31.828+0000] {logging_mixin.py:188} INFO - [2024-05-11T15:54:31.828+0000] {dagbag.py:545} INFO - Filling up the DagBag from /home/airflow/.local/lib/python3.12/site-packages/airflow/example_dags/example_xcomargs.py
[2024-05-11T15:54:31.836+0000] {processor.py:840} INFO - DAG(s) 'example_xcom_args_with_operators', 'example_xcom_args' retrieved from /home/airflow/.local/lib/python3.12/site-packages/airflow/example_dags/example_xcomargs.py
[2024-05-11T15:54:31.857+0000] {logging_mixin.py:188} INFO - [2024-05-11T15:54:31.856+0000] {dag.py:3096} INFO - Sync 2 DAGs
[2024-05-11T15:54:31.870+0000] {logging_mixin.py:188} INFO - [2024-05-11T15:54:31.870+0000] {dag.py:3954} INFO - Setting next_dagrun for example_xcom_args to None, run_after=None
[2024-05-11T15:54:31.874+0000] {logging_mixin.py:188} INFO - [2024-05-11T15:54:31.874+0000] {dag.py:3954} INFO - Setting next_dagrun for example_xcom_args_with_operators to None, run_after=None
[2024-05-11T15:54:31.890+0000] {processor.py:183} INFO - Processing /home/airflow/.local/lib/python3.12/site-packages/airflow/example_dags/example_xcomargs.py took 0.072 seconds
[2024-05-11T15:55:02.447+0000] {processor.py:161} INFO - Started process (PID=1059) to work on /home/airflow/.local/lib/python3.12/site-packages/airflow/example_dags/example_xcomargs.py
[2024-05-11T15:55:02.449+0000] {processor.py:830} INFO - Processing file /home/airflow/.local/lib/python3.12/site-packages/airflow/example_dags/example_xcomargs.py for tasks to queue
[2024-05-11T15:55:02.451+0000] {logging_mixin.py:188} INFO - [2024-05-11T15:55:02.450+0000] {dagbag.py:545} INFO - Filling up the DagBag from /home/airflow/.local/lib/python3.12/site-packages/airflow/example_dags/example_xcomargs.py
[2024-05-11T15:55:02.458+0000] {processor.py:840} INFO - DAG(s) 'example_xcom_args_with_operators', 'example_xcom_args' retrieved from /home/airflow/.local/lib/python3.12/site-packages/airflow/example_dags/example_xcomargs.py
[2024-05-11T15:55:02.480+0000] {logging_mixin.py:188} INFO - [2024-05-11T15:55:02.480+0000] {dag.py:3096} INFO - Sync 2 DAGs
[2024-05-11T15:55:02.493+0000] {logging_mixin.py:188} INFO - [2024-05-11T15:55:02.492+0000] {dag.py:3954} INFO - Setting next_dagrun for example_xcom_args to None, run_after=None
[2024-05-11T15:55:02.497+0000] {logging_mixin.py:188} INFO - [2024-05-11T15:55:02.496+0000] {dag.py:3954} INFO - Setting next_dagrun for example_xcom_args_with_operators to None, run_after=None
[2024-05-11T15:55:02.523+0000] {processor.py:183} INFO - Processing /home/airflow/.local/lib/python3.12/site-packages/airflow/example_dags/example_xcomargs.py took 0.082 seconds
[2024-05-11T15:55:33.207+0000] {processor.py:161} INFO - Started process (PID=1118) to work on /home/airflow/.local/lib/python3.12/site-packages/airflow/example_dags/example_xcomargs.py
[2024-05-11T15:55:33.208+0000] {processor.py:830} INFO - Processing file /home/airflow/.local/lib/python3.12/site-packages/airflow/example_dags/example_xcomargs.py for tasks to queue
[2024-05-11T15:55:33.210+0000] {logging_mixin.py:188} INFO - [2024-05-11T15:55:33.210+0000] {dagbag.py:545} INFO - Filling up the DagBag from /home/airflow/.local/lib/python3.12/site-packages/airflow/example_dags/example_xcomargs.py
[2024-05-11T15:55:33.217+0000] {processor.py:840} INFO - DAG(s) 'example_xcom_args_with_operators', 'example_xcom_args' retrieved from /home/airflow/.local/lib/python3.12/site-packages/airflow/example_dags/example_xcomargs.py
[2024-05-11T15:55:33.236+0000] {logging_mixin.py:188} INFO - [2024-05-11T15:55:33.236+0000] {dag.py:3096} INFO - Sync 2 DAGs
[2024-05-11T15:55:33.247+0000] {logging_mixin.py:188} INFO - [2024-05-11T15:55:33.247+0000] {dag.py:3954} INFO - Setting next_dagrun for example_xcom_args to None, run_after=None
[2024-05-11T15:55:33.251+0000] {logging_mixin.py:188} INFO - [2024-05-11T15:55:33.250+0000] {dag.py:3954} INFO - Setting next_dagrun for example_xcom_args_with_operators to None, run_after=None
[2024-05-11T15:55:33.265+0000] {processor.py:183} INFO - Processing /home/airflow/.local/lib/python3.12/site-packages/airflow/example_dags/example_xcomargs.py took 0.062 seconds
[2024-05-11T15:56:03.854+0000] {processor.py:161} INFO - Started process (PID=1176) to work on /home/airflow/.local/lib/python3.12/site-packages/airflow/example_dags/example_xcomargs.py
[2024-05-11T15:56:03.855+0000] {processor.py:830} INFO - Processing file /home/airflow/.local/lib/python3.12/site-packages/airflow/example_dags/example_xcomargs.py for tasks to queue
[2024-05-11T15:56:03.857+0000] {logging_mixin.py:188} INFO - [2024-05-11T15:56:03.856+0000] {dagbag.py:545} INFO - Filling up the DagBag from /home/airflow/.local/lib/python3.12/site-packages/airflow/example_dags/example_xcomargs.py
[2024-05-11T15:56:03.869+0000] {processor.py:840} INFO - DAG(s) 'example_xcom_args', 'example_xcom_args_with_operators' retrieved from /home/airflow/.local/lib/python3.12/site-packages/airflow/example_dags/example_xcomargs.py
[2024-05-11T15:56:03.910+0000] {logging_mixin.py:188} INFO - [2024-05-11T15:56:03.909+0000] {dag.py:3096} INFO - Sync 2 DAGs
[2024-05-11T15:56:03.925+0000] {logging_mixin.py:188} INFO - [2024-05-11T15:56:03.924+0000] {dag.py:3954} INFO - Setting next_dagrun for example_xcom_args to None, run_after=None
[2024-05-11T15:56:03.929+0000] {logging_mixin.py:188} INFO - [2024-05-11T15:56:03.929+0000] {dag.py:3954} INFO - Setting next_dagrun for example_xcom_args_with_operators to None, run_after=None
[2024-05-11T15:56:03.951+0000] {processor.py:183} INFO - Processing /home/airflow/.local/lib/python3.12/site-packages/airflow/example_dags/example_xcomargs.py took 0.103 seconds
[2024-05-11T15:56:34.454+0000] {processor.py:161} INFO - Started process (PID=1234) to work on /home/airflow/.local/lib/python3.12/site-packages/airflow/example_dags/example_xcomargs.py
[2024-05-11T15:56:34.455+0000] {processor.py:830} INFO - Processing file /home/airflow/.local/lib/python3.12/site-packages/airflow/example_dags/example_xcomargs.py for tasks to queue
[2024-05-11T15:56:34.457+0000] {logging_mixin.py:188} INFO - [2024-05-11T15:56:34.456+0000] {dagbag.py:545} INFO - Filling up the DagBag from /home/airflow/.local/lib/python3.12/site-packages/airflow/example_dags/example_xcomargs.py
[2024-05-11T15:56:34.463+0000] {processor.py:840} INFO - DAG(s) 'example_xcom_args', 'example_xcom_args_with_operators' retrieved from /home/airflow/.local/lib/python3.12/site-packages/airflow/example_dags/example_xcomargs.py
[2024-05-11T15:56:34.482+0000] {logging_mixin.py:188} INFO - [2024-05-11T15:56:34.481+0000] {dag.py:3096} INFO - Sync 2 DAGs
[2024-05-11T15:56:34.493+0000] {logging_mixin.py:188} INFO - [2024-05-11T15:56:34.493+0000] {dag.py:3954} INFO - Setting next_dagrun for example_xcom_args to None, run_after=None
[2024-05-11T15:56:34.497+0000] {logging_mixin.py:188} INFO - [2024-05-11T15:56:34.496+0000] {dag.py:3954} INFO - Setting next_dagrun for example_xcom_args_with_operators to None, run_after=None
[2024-05-11T15:56:34.511+0000] {processor.py:183} INFO - Processing /home/airflow/.local/lib/python3.12/site-packages/airflow/example_dags/example_xcomargs.py took 0.061 seconds
[2024-05-11T16:03:44.216+0000] {processor.py:161} INFO - Started process (PID=67) to work on /home/airflow/.local/lib/python3.12/site-packages/airflow/example_dags/example_xcomargs.py
[2024-05-11T16:03:44.220+0000] {processor.py:830} INFO - Processing file /home/airflow/.local/lib/python3.12/site-packages/airflow/example_dags/example_xcomargs.py for tasks to queue
[2024-05-11T16:03:44.223+0000] {logging_mixin.py:188} INFO - [2024-05-11T16:03:44.222+0000] {dagbag.py:545} INFO - Filling up the DagBag from /home/airflow/.local/lib/python3.12/site-packages/airflow/example_dags/example_xcomargs.py
[2024-05-11T16:03:44.238+0000] {processor.py:840} INFO - DAG(s) 'example_xcom_args_with_operators', 'example_xcom_args' retrieved from /home/airflow/.local/lib/python3.12/site-packages/airflow/example_dags/example_xcomargs.py
[2024-05-11T16:03:44.551+0000] {logging_mixin.py:188} INFO - [2024-05-11T16:03:44.550+0000] {dag.py:3096} INFO - Sync 2 DAGs
[2024-05-11T16:03:44.588+0000] {logging_mixin.py:188} INFO - [2024-05-11T16:03:44.587+0000] {dag.py:3954} INFO - Setting next_dagrun for example_xcom_args to None, run_after=None
[2024-05-11T16:03:44.595+0000] {logging_mixin.py:188} INFO - [2024-05-11T16:03:44.594+0000] {dag.py:3954} INFO - Setting next_dagrun for example_xcom_args_with_operators to None, run_after=None
[2024-05-11T16:03:44.640+0000] {processor.py:183} INFO - Processing /home/airflow/.local/lib/python3.12/site-packages/airflow/example_dags/example_xcomargs.py took 0.433 seconds
[2024-05-11T16:04:14.929+0000] {processor.py:161} INFO - Started process (PID=125) to work on /home/airflow/.local/lib/python3.12/site-packages/airflow/example_dags/example_xcomargs.py
[2024-05-11T16:04:14.931+0000] {processor.py:830} INFO - Processing file /home/airflow/.local/lib/python3.12/site-packages/airflow/example_dags/example_xcomargs.py for tasks to queue
[2024-05-11T16:04:14.934+0000] {logging_mixin.py:188} INFO - [2024-05-11T16:04:14.933+0000] {dagbag.py:545} INFO - Filling up the DagBag from /home/airflow/.local/lib/python3.12/site-packages/airflow/example_dags/example_xcomargs.py
[2024-05-11T16:04:14.946+0000] {processor.py:840} INFO - DAG(s) 'example_xcom_args', 'example_xcom_args_with_operators' retrieved from /home/airflow/.local/lib/python3.12/site-packages/airflow/example_dags/example_xcomargs.py
[2024-05-11T16:04:14.979+0000] {logging_mixin.py:188} INFO - [2024-05-11T16:04:14.979+0000] {dag.py:3096} INFO - Sync 2 DAGs
[2024-05-11T16:04:14.999+0000] {logging_mixin.py:188} INFO - [2024-05-11T16:04:14.998+0000] {dag.py:3954} INFO - Setting next_dagrun for example_xcom_args to None, run_after=None
[2024-05-11T16:04:15.005+0000] {logging_mixin.py:188} INFO - [2024-05-11T16:04:15.005+0000] {dag.py:3954} INFO - Setting next_dagrun for example_xcom_args_with_operators to None, run_after=None
[2024-05-11T16:04:15.030+0000] {processor.py:183} INFO - Processing /home/airflow/.local/lib/python3.12/site-packages/airflow/example_dags/example_xcomargs.py took 0.108 seconds
[2024-05-11T16:04:45.668+0000] {processor.py:161} INFO - Started process (PID=183) to work on /home/airflow/.local/lib/python3.12/site-packages/airflow/example_dags/example_xcomargs.py
[2024-05-11T16:04:45.669+0000] {processor.py:830} INFO - Processing file /home/airflow/.local/lib/python3.12/site-packages/airflow/example_dags/example_xcomargs.py for tasks to queue
[2024-05-11T16:04:45.670+0000] {logging_mixin.py:188} INFO - [2024-05-11T16:04:45.670+0000] {dagbag.py:545} INFO - Filling up the DagBag from /home/airflow/.local/lib/python3.12/site-packages/airflow/example_dags/example_xcomargs.py
[2024-05-11T16:04:45.677+0000] {processor.py:840} INFO - DAG(s) 'example_xcom_args_with_operators', 'example_xcom_args' retrieved from /home/airflow/.local/lib/python3.12/site-packages/airflow/example_dags/example_xcomargs.py
[2024-05-11T16:04:45.698+0000] {logging_mixin.py:188} INFO - [2024-05-11T16:04:45.698+0000] {dag.py:3096} INFO - Sync 2 DAGs
[2024-05-11T16:04:45.711+0000] {logging_mixin.py:188} INFO - [2024-05-11T16:04:45.710+0000] {dag.py:3954} INFO - Setting next_dagrun for example_xcom_args to None, run_after=None
[2024-05-11T16:04:45.714+0000] {logging_mixin.py:188} INFO - [2024-05-11T16:04:45.714+0000] {dag.py:3954} INFO - Setting next_dagrun for example_xcom_args_with_operators to None, run_after=None
[2024-05-11T16:04:45.728+0000] {processor.py:183} INFO - Processing /home/airflow/.local/lib/python3.12/site-packages/airflow/example_dags/example_xcomargs.py took 0.064 seconds
[2024-05-11T16:05:15.914+0000] {processor.py:161} INFO - Started process (PID=241) to work on /home/airflow/.local/lib/python3.12/site-packages/airflow/example_dags/example_xcomargs.py
[2024-05-11T16:05:15.914+0000] {processor.py:830} INFO - Processing file /home/airflow/.local/lib/python3.12/site-packages/airflow/example_dags/example_xcomargs.py for tasks to queue
[2024-05-11T16:05:15.916+0000] {logging_mixin.py:188} INFO - [2024-05-11T16:05:15.916+0000] {dagbag.py:545} INFO - Filling up the DagBag from /home/airflow/.local/lib/python3.12/site-packages/airflow/example_dags/example_xcomargs.py
[2024-05-11T16:05:15.922+0000] {processor.py:840} INFO - DAG(s) 'example_xcom_args', 'example_xcom_args_with_operators' retrieved from /home/airflow/.local/lib/python3.12/site-packages/airflow/example_dags/example_xcomargs.py
[2024-05-11T16:05:15.942+0000] {logging_mixin.py:188} INFO - [2024-05-11T16:05:15.942+0000] {dag.py:3096} INFO - Sync 2 DAGs
[2024-05-11T16:05:15.955+0000] {logging_mixin.py:188} INFO - [2024-05-11T16:05:15.955+0000] {dag.py:3954} INFO - Setting next_dagrun for example_xcom_args to None, run_after=None
[2024-05-11T16:05:15.958+0000] {logging_mixin.py:188} INFO - [2024-05-11T16:05:15.958+0000] {dag.py:3954} INFO - Setting next_dagrun for example_xcom_args_with_operators to None, run_after=None
[2024-05-11T16:05:15.973+0000] {processor.py:183} INFO - Processing /home/airflow/.local/lib/python3.12/site-packages/airflow/example_dags/example_xcomargs.py took 0.064 seconds
[2024-05-11T16:05:46.591+0000] {processor.py:161} INFO - Started process (PID=299) to work on /home/airflow/.local/lib/python3.12/site-packages/airflow/example_dags/example_xcomargs.py
[2024-05-11T16:05:46.604+0000] {processor.py:830} INFO - Processing file /home/airflow/.local/lib/python3.12/site-packages/airflow/example_dags/example_xcomargs.py for tasks to queue
[2024-05-11T16:05:46.606+0000] {logging_mixin.py:188} INFO - [2024-05-11T16:05:46.605+0000] {dagbag.py:545} INFO - Filling up the DagBag from /home/airflow/.local/lib/python3.12/site-packages/airflow/example_dags/example_xcomargs.py
[2024-05-11T16:05:46.613+0000] {processor.py:840} INFO - DAG(s) 'example_xcom_args', 'example_xcom_args_with_operators' retrieved from /home/airflow/.local/lib/python3.12/site-packages/airflow/example_dags/example_xcomargs.py
[2024-05-11T16:05:46.634+0000] {logging_mixin.py:188} INFO - [2024-05-11T16:05:46.634+0000] {dag.py:3096} INFO - Sync 2 DAGs
[2024-05-11T16:05:46.645+0000] {logging_mixin.py:188} INFO - [2024-05-11T16:05:46.645+0000] {dag.py:3954} INFO - Setting next_dagrun for example_xcom_args to None, run_after=None
[2024-05-11T16:05:46.649+0000] {logging_mixin.py:188} INFO - [2024-05-11T16:05:46.649+0000] {dag.py:3954} INFO - Setting next_dagrun for example_xcom_args_with_operators to None, run_after=None
[2024-05-11T16:05:46.669+0000] {processor.py:183} INFO - Processing /home/airflow/.local/lib/python3.12/site-packages/airflow/example_dags/example_xcomargs.py took 0.083 seconds
