[2024-05-11T11:31:09.684+0000] {processor.py:161} INFO - Started process (PID=97) to work on /home/airflow/.local/lib/python3.12/site-packages/airflow/example_dags/example_setup_teardown_taskflow.py
[2024-05-11T11:31:09.684+0000] {processor.py:830} INFO - Processing file /home/airflow/.local/lib/python3.12/site-packages/airflow/example_dags/example_setup_teardown_taskflow.py for tasks to queue
[2024-05-11T11:31:09.686+0000] {logging_mixin.py:188} INFO - [2024-05-11T11:31:09.686+0000] {dagbag.py:545} INFO - Filling up the DagBag from /home/airflow/.local/lib/python3.12/site-packages/airflow/example_dags/example_setup_teardown_taskflow.py
[2024-05-11T11:31:09.940+0000] {processor.py:840} INFO - DAG(s) 'example_setup_teardown_taskflow' retrieved from /home/airflow/.local/lib/python3.12/site-packages/airflow/example_dags/example_setup_teardown_taskflow.py
[2024-05-11T11:31:10.227+0000] {logging_mixin.py:188} INFO - [2024-05-11T11:31:10.225+0000] {override.py:1829} INFO - Created Permission View: can edit on DAG:example_setup_teardown_taskflow
[2024-05-11T11:31:10.248+0000] {logging_mixin.py:188} INFO - [2024-05-11T11:31:10.247+0000] {override.py:1829} INFO - Created Permission View: can read on DAG:example_setup_teardown_taskflow
[2024-05-11T11:31:10.265+0000] {logging_mixin.py:188} INFO - [2024-05-11T11:31:10.264+0000] {override.py:1829} INFO - Created Permission View: can delete on DAG:example_setup_teardown_taskflow
[2024-05-11T11:31:10.266+0000] {logging_mixin.py:188} INFO - [2024-05-11T11:31:10.265+0000] {dag.py:3096} INFO - Sync 1 DAGs
[2024-05-11T11:31:10.286+0000] {logging_mixin.py:188} INFO - [2024-05-11T11:31:10.285+0000] {dag.py:3118} INFO - Creating ORM DAG for example_setup_teardown_taskflow
[2024-05-11T11:31:10.309+0000] {logging_mixin.py:188} INFO - [2024-05-11T11:31:10.308+0000] {dag.py:3954} INFO - Setting next_dagrun for example_setup_teardown_taskflow to 2024-05-10 00:00:00+00:00, run_after=2024-05-11 00:00:00+00:00
[2024-05-11T11:31:10.344+0000] {processor.py:183} INFO - Processing /home/airflow/.local/lib/python3.12/site-packages/airflow/example_dags/example_setup_teardown_taskflow.py took 0.665 seconds
[2024-05-11T11:31:41.165+0000] {processor.py:161} INFO - Started process (PID=155) to work on /home/airflow/.local/lib/python3.12/site-packages/airflow/example_dags/example_setup_teardown_taskflow.py
[2024-05-11T11:31:41.165+0000] {processor.py:830} INFO - Processing file /home/airflow/.local/lib/python3.12/site-packages/airflow/example_dags/example_setup_teardown_taskflow.py for tasks to queue
[2024-05-11T11:31:41.167+0000] {logging_mixin.py:188} INFO - [2024-05-11T11:31:41.167+0000] {dagbag.py:545} INFO - Filling up the DagBag from /home/airflow/.local/lib/python3.12/site-packages/airflow/example_dags/example_setup_teardown_taskflow.py
[2024-05-11T11:31:41.176+0000] {processor.py:840} INFO - DAG(s) 'example_setup_teardown_taskflow' retrieved from /home/airflow/.local/lib/python3.12/site-packages/airflow/example_dags/example_setup_teardown_taskflow.py
[2024-05-11T11:31:41.199+0000] {logging_mixin.py:188} INFO - [2024-05-11T11:31:41.199+0000] {dag.py:3096} INFO - Sync 1 DAGs
[2024-05-11T11:31:41.222+0000] {logging_mixin.py:188} INFO - [2024-05-11T11:31:41.222+0000] {dag.py:3954} INFO - Setting next_dagrun for example_setup_teardown_taskflow to 2024-05-10 00:00:00+00:00, run_after=2024-05-11 00:00:00+00:00
[2024-05-11T11:31:41.243+0000] {processor.py:183} INFO - Processing /home/airflow/.local/lib/python3.12/site-packages/airflow/example_dags/example_setup_teardown_taskflow.py took 0.082 seconds
[2024-05-11T11:32:11.555+0000] {processor.py:161} INFO - Started process (PID=213) to work on /home/airflow/.local/lib/python3.12/site-packages/airflow/example_dags/example_setup_teardown_taskflow.py
[2024-05-11T11:32:11.555+0000] {processor.py:830} INFO - Processing file /home/airflow/.local/lib/python3.12/site-packages/airflow/example_dags/example_setup_teardown_taskflow.py for tasks to queue
[2024-05-11T11:32:11.557+0000] {logging_mixin.py:188} INFO - [2024-05-11T11:32:11.556+0000] {dagbag.py:545} INFO - Filling up the DagBag from /home/airflow/.local/lib/python3.12/site-packages/airflow/example_dags/example_setup_teardown_taskflow.py
[2024-05-11T11:32:11.565+0000] {processor.py:840} INFO - DAG(s) 'example_setup_teardown_taskflow' retrieved from /home/airflow/.local/lib/python3.12/site-packages/airflow/example_dags/example_setup_teardown_taskflow.py
[2024-05-11T11:32:11.584+0000] {logging_mixin.py:188} INFO - [2024-05-11T11:32:11.584+0000] {dag.py:3096} INFO - Sync 1 DAGs
[2024-05-11T11:32:11.606+0000] {logging_mixin.py:188} INFO - [2024-05-11T11:32:11.605+0000] {dag.py:3954} INFO - Setting next_dagrun for example_setup_teardown_taskflow to 2024-05-10 00:00:00+00:00, run_after=2024-05-11 00:00:00+00:00
[2024-05-11T11:32:11.627+0000] {processor.py:183} INFO - Processing /home/airflow/.local/lib/python3.12/site-packages/airflow/example_dags/example_setup_teardown_taskflow.py took 0.077 seconds
[2024-05-11T11:32:42.823+0000] {processor.py:161} INFO - Started process (PID=275) to work on /home/airflow/.local/lib/python3.12/site-packages/airflow/example_dags/example_setup_teardown_taskflow.py
[2024-05-11T11:32:42.824+0000] {processor.py:830} INFO - Processing file /home/airflow/.local/lib/python3.12/site-packages/airflow/example_dags/example_setup_teardown_taskflow.py for tasks to queue
[2024-05-11T11:32:42.826+0000] {logging_mixin.py:188} INFO - [2024-05-11T11:32:42.826+0000] {dagbag.py:545} INFO - Filling up the DagBag from /home/airflow/.local/lib/python3.12/site-packages/airflow/example_dags/example_setup_teardown_taskflow.py
[2024-05-11T11:32:42.836+0000] {processor.py:840} INFO - DAG(s) 'example_setup_teardown_taskflow' retrieved from /home/airflow/.local/lib/python3.12/site-packages/airflow/example_dags/example_setup_teardown_taskflow.py
[2024-05-11T11:32:42.862+0000] {logging_mixin.py:188} INFO - [2024-05-11T11:32:42.861+0000] {dag.py:3096} INFO - Sync 1 DAGs
[2024-05-11T11:32:42.887+0000] {logging_mixin.py:188} INFO - [2024-05-11T11:32:42.886+0000] {dag.py:3954} INFO - Setting next_dagrun for example_setup_teardown_taskflow to 2024-05-10 00:00:00+00:00, run_after=2024-05-11 00:00:00+00:00
[2024-05-11T11:32:42.913+0000] {processor.py:183} INFO - Processing /home/airflow/.local/lib/python3.12/site-packages/airflow/example_dags/example_setup_teardown_taskflow.py took 0.094 seconds
[2024-05-11T11:33:13.069+0000] {processor.py:161} INFO - Started process (PID=333) to work on /home/airflow/.local/lib/python3.12/site-packages/airflow/example_dags/example_setup_teardown_taskflow.py
[2024-05-11T11:33:13.070+0000] {processor.py:830} INFO - Processing file /home/airflow/.local/lib/python3.12/site-packages/airflow/example_dags/example_setup_teardown_taskflow.py for tasks to queue
[2024-05-11T11:33:13.072+0000] {logging_mixin.py:188} INFO - [2024-05-11T11:33:13.072+0000] {dagbag.py:545} INFO - Filling up the DagBag from /home/airflow/.local/lib/python3.12/site-packages/airflow/example_dags/example_setup_teardown_taskflow.py
[2024-05-11T11:33:13.080+0000] {processor.py:840} INFO - DAG(s) 'example_setup_teardown_taskflow' retrieved from /home/airflow/.local/lib/python3.12/site-packages/airflow/example_dags/example_setup_teardown_taskflow.py
[2024-05-11T11:33:13.103+0000] {logging_mixin.py:188} INFO - [2024-05-11T11:33:13.103+0000] {dag.py:3096} INFO - Sync 1 DAGs
[2024-05-11T11:33:13.127+0000] {logging_mixin.py:188} INFO - [2024-05-11T11:33:13.126+0000] {dag.py:3954} INFO - Setting next_dagrun for example_setup_teardown_taskflow to 2024-05-10 00:00:00+00:00, run_after=2024-05-11 00:00:00+00:00
[2024-05-11T11:33:13.145+0000] {processor.py:183} INFO - Processing /home/airflow/.local/lib/python3.12/site-packages/airflow/example_dags/example_setup_teardown_taskflow.py took 0.081 seconds
[2024-05-11T11:33:44.109+0000] {processor.py:161} INFO - Started process (PID=392) to work on /home/airflow/.local/lib/python3.12/site-packages/airflow/example_dags/example_setup_teardown_taskflow.py
[2024-05-11T11:33:44.110+0000] {processor.py:830} INFO - Processing file /home/airflow/.local/lib/python3.12/site-packages/airflow/example_dags/example_setup_teardown_taskflow.py for tasks to queue
[2024-05-11T11:33:44.112+0000] {logging_mixin.py:188} INFO - [2024-05-11T11:33:44.112+0000] {dagbag.py:545} INFO - Filling up the DagBag from /home/airflow/.local/lib/python3.12/site-packages/airflow/example_dags/example_setup_teardown_taskflow.py
[2024-05-11T11:33:44.120+0000] {processor.py:840} INFO - DAG(s) 'example_setup_teardown_taskflow' retrieved from /home/airflow/.local/lib/python3.12/site-packages/airflow/example_dags/example_setup_teardown_taskflow.py
[2024-05-11T11:33:44.139+0000] {logging_mixin.py:188} INFO - [2024-05-11T11:33:44.138+0000] {dag.py:3096} INFO - Sync 1 DAGs
[2024-05-11T11:33:44.162+0000] {logging_mixin.py:188} INFO - [2024-05-11T11:33:44.162+0000] {dag.py:3954} INFO - Setting next_dagrun for example_setup_teardown_taskflow to 2024-05-10 00:00:00+00:00, run_after=2024-05-11 00:00:00+00:00
[2024-05-11T11:33:44.183+0000] {processor.py:183} INFO - Processing /home/airflow/.local/lib/python3.12/site-packages/airflow/example_dags/example_setup_teardown_taskflow.py took 0.079 seconds
[2024-05-11T11:34:15.016+0000] {processor.py:161} INFO - Started process (PID=450) to work on /home/airflow/.local/lib/python3.12/site-packages/airflow/example_dags/example_setup_teardown_taskflow.py
[2024-05-11T11:34:15.018+0000] {processor.py:830} INFO - Processing file /home/airflow/.local/lib/python3.12/site-packages/airflow/example_dags/example_setup_teardown_taskflow.py for tasks to queue
[2024-05-11T11:34:15.019+0000] {logging_mixin.py:188} INFO - [2024-05-11T11:34:15.019+0000] {dagbag.py:545} INFO - Filling up the DagBag from /home/airflow/.local/lib/python3.12/site-packages/airflow/example_dags/example_setup_teardown_taskflow.py
[2024-05-11T11:34:15.028+0000] {processor.py:840} INFO - DAG(s) 'example_setup_teardown_taskflow' retrieved from /home/airflow/.local/lib/python3.12/site-packages/airflow/example_dags/example_setup_teardown_taskflow.py
[2024-05-11T11:34:15.039+0000] {logging_mixin.py:188} INFO - [2024-05-11T11:34:15.039+0000] {dag.py:3096} INFO - Sync 1 DAGs
[2024-05-11T11:34:15.062+0000] {logging_mixin.py:188} INFO - [2024-05-11T11:34:15.062+0000] {dag.py:3954} INFO - Setting next_dagrun for example_setup_teardown_taskflow to 2024-05-10 00:00:00+00:00, run_after=2024-05-11 00:00:00+00:00
[2024-05-11T11:34:15.081+0000] {processor.py:183} INFO - Processing /home/airflow/.local/lib/python3.12/site-packages/airflow/example_dags/example_setup_teardown_taskflow.py took 0.070 seconds
[2024-05-11T11:34:45.341+0000] {processor.py:161} INFO - Started process (PID=508) to work on /home/airflow/.local/lib/python3.12/site-packages/airflow/example_dags/example_setup_teardown_taskflow.py
[2024-05-11T11:34:45.342+0000] {processor.py:830} INFO - Processing file /home/airflow/.local/lib/python3.12/site-packages/airflow/example_dags/example_setup_teardown_taskflow.py for tasks to queue
[2024-05-11T11:34:45.344+0000] {logging_mixin.py:188} INFO - [2024-05-11T11:34:45.343+0000] {dagbag.py:545} INFO - Filling up the DagBag from /home/airflow/.local/lib/python3.12/site-packages/airflow/example_dags/example_setup_teardown_taskflow.py
[2024-05-11T11:34:45.352+0000] {processor.py:840} INFO - DAG(s) 'example_setup_teardown_taskflow' retrieved from /home/airflow/.local/lib/python3.12/site-packages/airflow/example_dags/example_setup_teardown_taskflow.py
[2024-05-11T11:34:45.444+0000] {logging_mixin.py:188} INFO - [2024-05-11T11:34:45.443+0000] {dag.py:3096} INFO - Sync 1 DAGs
[2024-05-11T11:34:45.461+0000] {logging_mixin.py:188} INFO - [2024-05-11T11:34:45.461+0000] {dag.py:3954} INFO - Setting next_dagrun for example_setup_teardown_taskflow to 2024-05-10 00:00:00+00:00, run_after=2024-05-11 00:00:00+00:00
[2024-05-11T11:34:45.479+0000] {processor.py:183} INFO - Processing /home/airflow/.local/lib/python3.12/site-packages/airflow/example_dags/example_setup_teardown_taskflow.py took 0.142 seconds
[2024-05-11T15:07:50.428+0000] {processor.py:161} INFO - Started process (PID=73) to work on /home/airflow/.local/lib/python3.12/site-packages/airflow/example_dags/example_setup_teardown_taskflow.py
[2024-05-11T15:07:50.548+0000] {processor.py:830} INFO - Processing file /home/airflow/.local/lib/python3.12/site-packages/airflow/example_dags/example_setup_teardown_taskflow.py for tasks to queue
[2024-05-11T15:07:50.550+0000] {logging_mixin.py:188} INFO - [2024-05-11T15:07:50.550+0000] {dagbag.py:545} INFO - Filling up the DagBag from /home/airflow/.local/lib/python3.12/site-packages/airflow/example_dags/example_setup_teardown_taskflow.py
[2024-05-11T15:07:50.559+0000] {processor.py:840} INFO - DAG(s) 'example_setup_teardown_taskflow' retrieved from /home/airflow/.local/lib/python3.12/site-packages/airflow/example_dags/example_setup_teardown_taskflow.py
[2024-05-11T15:07:50.680+0000] {logging_mixin.py:188} INFO - [2024-05-11T15:07:50.679+0000] {dag.py:3096} INFO - Sync 1 DAGs
[2024-05-11T15:07:51.005+0000] {logging_mixin.py:188} INFO - [2024-05-11T15:07:51.005+0000] {dag.py:3954} INFO - Setting next_dagrun for example_setup_teardown_taskflow to 2024-05-10 00:00:00+00:00, run_after=2024-05-11 00:00:00+00:00
[2024-05-11T15:07:51.322+0000] {processor.py:183} INFO - Processing /home/airflow/.local/lib/python3.12/site-packages/airflow/example_dags/example_setup_teardown_taskflow.py took 0.899 seconds
[2024-05-11T15:18:30.206+0000] {processor.py:161} INFO - Started process (PID=73) to work on /home/airflow/.local/lib/python3.12/site-packages/airflow/example_dags/example_setup_teardown_taskflow.py
[2024-05-11T15:18:30.207+0000] {processor.py:830} INFO - Processing file /home/airflow/.local/lib/python3.12/site-packages/airflow/example_dags/example_setup_teardown_taskflow.py for tasks to queue
[2024-05-11T15:18:30.209+0000] {logging_mixin.py:188} INFO - [2024-05-11T15:18:30.209+0000] {dagbag.py:545} INFO - Filling up the DagBag from /home/airflow/.local/lib/python3.12/site-packages/airflow/example_dags/example_setup_teardown_taskflow.py
[2024-05-11T15:18:30.223+0000] {processor.py:840} INFO - DAG(s) 'example_setup_teardown_taskflow' retrieved from /home/airflow/.local/lib/python3.12/site-packages/airflow/example_dags/example_setup_teardown_taskflow.py
[2024-05-11T15:18:30.238+0000] {logging_mixin.py:188} INFO - [2024-05-11T15:18:30.238+0000] {dag.py:3096} INFO - Sync 1 DAGs
[2024-05-11T15:18:30.267+0000] {logging_mixin.py:188} INFO - [2024-05-11T15:18:30.267+0000] {dag.py:3954} INFO - Setting next_dagrun for example_setup_teardown_taskflow to 2024-05-10 00:00:00+00:00, run_after=2024-05-11 00:00:00+00:00
[2024-05-11T15:18:30.286+0000] {processor.py:183} INFO - Processing /home/airflow/.local/lib/python3.12/site-packages/airflow/example_dags/example_setup_teardown_taskflow.py took 0.088 seconds
[2024-05-11T15:19:01.225+0000] {processor.py:161} INFO - Started process (PID=131) to work on /home/airflow/.local/lib/python3.12/site-packages/airflow/example_dags/example_setup_teardown_taskflow.py
[2024-05-11T15:19:01.227+0000] {processor.py:830} INFO - Processing file /home/airflow/.local/lib/python3.12/site-packages/airflow/example_dags/example_setup_teardown_taskflow.py for tasks to queue
[2024-05-11T15:19:01.228+0000] {logging_mixin.py:188} INFO - [2024-05-11T15:19:01.228+0000] {dagbag.py:545} INFO - Filling up the DagBag from /home/airflow/.local/lib/python3.12/site-packages/airflow/example_dags/example_setup_teardown_taskflow.py
[2024-05-11T15:19:01.236+0000] {processor.py:840} INFO - DAG(s) 'example_setup_teardown_taskflow' retrieved from /home/airflow/.local/lib/python3.12/site-packages/airflow/example_dags/example_setup_teardown_taskflow.py
[2024-05-11T15:19:01.246+0000] {logging_mixin.py:188} INFO - [2024-05-11T15:19:01.246+0000] {dag.py:3096} INFO - Sync 1 DAGs
[2024-05-11T15:19:01.266+0000] {logging_mixin.py:188} INFO - [2024-05-11T15:19:01.266+0000] {dag.py:3954} INFO - Setting next_dagrun for example_setup_teardown_taskflow to 2024-05-10 00:00:00+00:00, run_after=2024-05-11 00:00:00+00:00
[2024-05-11T15:19:01.282+0000] {processor.py:183} INFO - Processing /home/airflow/.local/lib/python3.12/site-packages/airflow/example_dags/example_setup_teardown_taskflow.py took 0.061 seconds
[2024-05-11T15:19:31.989+0000] {processor.py:161} INFO - Started process (PID=189) to work on /home/airflow/.local/lib/python3.12/site-packages/airflow/example_dags/example_setup_teardown_taskflow.py
[2024-05-11T15:19:31.990+0000] {processor.py:830} INFO - Processing file /home/airflow/.local/lib/python3.12/site-packages/airflow/example_dags/example_setup_teardown_taskflow.py for tasks to queue
[2024-05-11T15:19:31.991+0000] {logging_mixin.py:188} INFO - [2024-05-11T15:19:31.991+0000] {dagbag.py:545} INFO - Filling up the DagBag from /home/airflow/.local/lib/python3.12/site-packages/airflow/example_dags/example_setup_teardown_taskflow.py
[2024-05-11T15:19:31.999+0000] {processor.py:840} INFO - DAG(s) 'example_setup_teardown_taskflow' retrieved from /home/airflow/.local/lib/python3.12/site-packages/airflow/example_dags/example_setup_teardown_taskflow.py
[2024-05-11T15:19:32.093+0000] {logging_mixin.py:188} INFO - [2024-05-11T15:19:32.092+0000] {dag.py:3096} INFO - Sync 1 DAGs
[2024-05-11T15:19:32.114+0000] {logging_mixin.py:188} INFO - [2024-05-11T15:19:32.114+0000] {dag.py:3954} INFO - Setting next_dagrun for example_setup_teardown_taskflow to 2024-05-10 00:00:00+00:00, run_after=2024-05-11 00:00:00+00:00
[2024-05-11T15:19:32.132+0000] {processor.py:183} INFO - Processing /home/airflow/.local/lib/python3.12/site-packages/airflow/example_dags/example_setup_teardown_taskflow.py took 0.148 seconds
[2024-05-11T15:20:02.982+0000] {processor.py:161} INFO - Started process (PID=247) to work on /home/airflow/.local/lib/python3.12/site-packages/airflow/example_dags/example_setup_teardown_taskflow.py
[2024-05-11T15:20:02.983+0000] {processor.py:830} INFO - Processing file /home/airflow/.local/lib/python3.12/site-packages/airflow/example_dags/example_setup_teardown_taskflow.py for tasks to queue
[2024-05-11T15:20:02.984+0000] {logging_mixin.py:188} INFO - [2024-05-11T15:20:02.984+0000] {dagbag.py:545} INFO - Filling up the DagBag from /home/airflow/.local/lib/python3.12/site-packages/airflow/example_dags/example_setup_teardown_taskflow.py
[2024-05-11T15:20:02.992+0000] {processor.py:840} INFO - DAG(s) 'example_setup_teardown_taskflow' retrieved from /home/airflow/.local/lib/python3.12/site-packages/airflow/example_dags/example_setup_teardown_taskflow.py
[2024-05-11T15:20:03.010+0000] {logging_mixin.py:188} INFO - [2024-05-11T15:20:03.010+0000] {dag.py:3096} INFO - Sync 1 DAGs
[2024-05-11T15:20:03.029+0000] {logging_mixin.py:188} INFO - [2024-05-11T15:20:03.029+0000] {dag.py:3954} INFO - Setting next_dagrun for example_setup_teardown_taskflow to 2024-05-10 00:00:00+00:00, run_after=2024-05-11 00:00:00+00:00
[2024-05-11T15:20:03.048+0000] {processor.py:183} INFO - Processing /home/airflow/.local/lib/python3.12/site-packages/airflow/example_dags/example_setup_teardown_taskflow.py took 0.070 seconds
[2024-05-11T15:20:33.556+0000] {processor.py:161} INFO - Started process (PID=305) to work on /home/airflow/.local/lib/python3.12/site-packages/airflow/example_dags/example_setup_teardown_taskflow.py
[2024-05-11T15:20:33.559+0000] {processor.py:830} INFO - Processing file /home/airflow/.local/lib/python3.12/site-packages/airflow/example_dags/example_setup_teardown_taskflow.py for tasks to queue
[2024-05-11T15:20:33.561+0000] {logging_mixin.py:188} INFO - [2024-05-11T15:20:33.561+0000] {dagbag.py:545} INFO - Filling up the DagBag from /home/airflow/.local/lib/python3.12/site-packages/airflow/example_dags/example_setup_teardown_taskflow.py
[2024-05-11T15:20:33.574+0000] {processor.py:840} INFO - DAG(s) 'example_setup_teardown_taskflow' retrieved from /home/airflow/.local/lib/python3.12/site-packages/airflow/example_dags/example_setup_teardown_taskflow.py
[2024-05-11T15:20:33.596+0000] {logging_mixin.py:188} INFO - [2024-05-11T15:20:33.596+0000] {dag.py:3096} INFO - Sync 1 DAGs
[2024-05-11T15:20:33.619+0000] {logging_mixin.py:188} INFO - [2024-05-11T15:20:33.619+0000] {dag.py:3954} INFO - Setting next_dagrun for example_setup_teardown_taskflow to 2024-05-10 00:00:00+00:00, run_after=2024-05-11 00:00:00+00:00
[2024-05-11T15:20:33.646+0000] {processor.py:183} INFO - Processing /home/airflow/.local/lib/python3.12/site-packages/airflow/example_dags/example_setup_teardown_taskflow.py took 0.098 seconds
[2024-05-11T15:27:08.029+0000] {processor.py:161} INFO - Started process (PID=81) to work on /home/airflow/.local/lib/python3.12/site-packages/airflow/example_dags/example_setup_teardown_taskflow.py
[2024-05-11T15:27:08.031+0000] {processor.py:830} INFO - Processing file /home/airflow/.local/lib/python3.12/site-packages/airflow/example_dags/example_setup_teardown_taskflow.py for tasks to queue
[2024-05-11T15:27:08.033+0000] {logging_mixin.py:188} INFO - [2024-05-11T15:27:08.033+0000] {dagbag.py:545} INFO - Filling up the DagBag from /home/airflow/.local/lib/python3.12/site-packages/airflow/example_dags/example_setup_teardown_taskflow.py
[2024-05-11T15:27:08.045+0000] {processor.py:840} INFO - DAG(s) 'example_setup_teardown_taskflow' retrieved from /home/airflow/.local/lib/python3.12/site-packages/airflow/example_dags/example_setup_teardown_taskflow.py
[2024-05-11T15:27:08.174+0000] {logging_mixin.py:188} INFO - [2024-05-11T15:27:08.173+0000] {dag.py:3096} INFO - Sync 1 DAGs
[2024-05-11T15:27:08.197+0000] {logging_mixin.py:188} INFO - [2024-05-11T15:27:08.197+0000] {dag.py:3954} INFO - Setting next_dagrun for example_setup_teardown_taskflow to 2024-05-10 00:00:00+00:00, run_after=2024-05-11 00:00:00+00:00
[2024-05-11T15:27:08.219+0000] {processor.py:183} INFO - Processing /home/airflow/.local/lib/python3.12/site-packages/airflow/example_dags/example_setup_teardown_taskflow.py took 0.197 seconds
[2024-05-11T15:27:38.334+0000] {processor.py:161} INFO - Started process (PID=139) to work on /home/airflow/.local/lib/python3.12/site-packages/airflow/example_dags/example_setup_teardown_taskflow.py
[2024-05-11T15:27:38.341+0000] {processor.py:830} INFO - Processing file /home/airflow/.local/lib/python3.12/site-packages/airflow/example_dags/example_setup_teardown_taskflow.py for tasks to queue
[2024-05-11T15:27:38.343+0000] {logging_mixin.py:188} INFO - [2024-05-11T15:27:38.342+0000] {dagbag.py:545} INFO - Filling up the DagBag from /home/airflow/.local/lib/python3.12/site-packages/airflow/example_dags/example_setup_teardown_taskflow.py
[2024-05-11T15:27:38.351+0000] {processor.py:840} INFO - DAG(s) 'example_setup_teardown_taskflow' retrieved from /home/airflow/.local/lib/python3.12/site-packages/airflow/example_dags/example_setup_teardown_taskflow.py
[2024-05-11T15:27:38.371+0000] {logging_mixin.py:188} INFO - [2024-05-11T15:27:38.371+0000] {dag.py:3096} INFO - Sync 1 DAGs
[2024-05-11T15:27:38.394+0000] {logging_mixin.py:188} INFO - [2024-05-11T15:27:38.394+0000] {dag.py:3954} INFO - Setting next_dagrun for example_setup_teardown_taskflow to 2024-05-10 00:00:00+00:00, run_after=2024-05-11 00:00:00+00:00
[2024-05-11T15:27:38.410+0000] {processor.py:183} INFO - Processing /home/airflow/.local/lib/python3.12/site-packages/airflow/example_dags/example_setup_teardown_taskflow.py took 0.080 seconds
[2024-05-11T15:28:08.775+0000] {processor.py:161} INFO - Started process (PID=197) to work on /home/airflow/.local/lib/python3.12/site-packages/airflow/example_dags/example_setup_teardown_taskflow.py
[2024-05-11T15:28:08.776+0000] {processor.py:830} INFO - Processing file /home/airflow/.local/lib/python3.12/site-packages/airflow/example_dags/example_setup_teardown_taskflow.py for tasks to queue
[2024-05-11T15:28:08.778+0000] {logging_mixin.py:188} INFO - [2024-05-11T15:28:08.778+0000] {dagbag.py:545} INFO - Filling up the DagBag from /home/airflow/.local/lib/python3.12/site-packages/airflow/example_dags/example_setup_teardown_taskflow.py
[2024-05-11T15:28:08.786+0000] {processor.py:840} INFO - DAG(s) 'example_setup_teardown_taskflow' retrieved from /home/airflow/.local/lib/python3.12/site-packages/airflow/example_dags/example_setup_teardown_taskflow.py
[2024-05-11T15:28:08.806+0000] {logging_mixin.py:188} INFO - [2024-05-11T15:28:08.806+0000] {dag.py:3096} INFO - Sync 1 DAGs
[2024-05-11T15:28:08.828+0000] {logging_mixin.py:188} INFO - [2024-05-11T15:28:08.827+0000] {dag.py:3954} INFO - Setting next_dagrun for example_setup_teardown_taskflow to 2024-05-10 00:00:00+00:00, run_after=2024-05-11 00:00:00+00:00
[2024-05-11T15:28:08.848+0000] {processor.py:183} INFO - Processing /home/airflow/.local/lib/python3.12/site-packages/airflow/example_dags/example_setup_teardown_taskflow.py took 0.078 seconds
[2024-05-11T15:28:38.901+0000] {processor.py:161} INFO - Started process (PID=255) to work on /home/airflow/.local/lib/python3.12/site-packages/airflow/example_dags/example_setup_teardown_taskflow.py
[2024-05-11T15:28:38.902+0000] {processor.py:830} INFO - Processing file /home/airflow/.local/lib/python3.12/site-packages/airflow/example_dags/example_setup_teardown_taskflow.py for tasks to queue
[2024-05-11T15:28:38.903+0000] {logging_mixin.py:188} INFO - [2024-05-11T15:28:38.903+0000] {dagbag.py:545} INFO - Filling up the DagBag from /home/airflow/.local/lib/python3.12/site-packages/airflow/example_dags/example_setup_teardown_taskflow.py
[2024-05-11T15:28:38.911+0000] {processor.py:840} INFO - DAG(s) 'example_setup_teardown_taskflow' retrieved from /home/airflow/.local/lib/python3.12/site-packages/airflow/example_dags/example_setup_teardown_taskflow.py
[2024-05-11T15:28:38.930+0000] {logging_mixin.py:188} INFO - [2024-05-11T15:28:38.930+0000] {dag.py:3096} INFO - Sync 1 DAGs
[2024-05-11T15:28:38.950+0000] {logging_mixin.py:188} INFO - [2024-05-11T15:28:38.949+0000] {dag.py:3954} INFO - Setting next_dagrun for example_setup_teardown_taskflow to 2024-05-10 00:00:00+00:00, run_after=2024-05-11 00:00:00+00:00
[2024-05-11T15:28:38.966+0000] {processor.py:183} INFO - Processing /home/airflow/.local/lib/python3.12/site-packages/airflow/example_dags/example_setup_teardown_taskflow.py took 0.070 seconds
[2024-05-11T15:46:26.472+0000] {processor.py:161} INFO - Started process (PID=79) to work on /home/airflow/.local/lib/python3.12/site-packages/airflow/example_dags/example_setup_teardown_taskflow.py
[2024-05-11T15:46:26.475+0000] {processor.py:830} INFO - Processing file /home/airflow/.local/lib/python3.12/site-packages/airflow/example_dags/example_setup_teardown_taskflow.py for tasks to queue
[2024-05-11T15:46:26.481+0000] {logging_mixin.py:188} INFO - [2024-05-11T15:46:26.481+0000] {dagbag.py:545} INFO - Filling up the DagBag from /home/airflow/.local/lib/python3.12/site-packages/airflow/example_dags/example_setup_teardown_taskflow.py
[2024-05-11T15:46:26.568+0000] {processor.py:840} INFO - DAG(s) 'example_setup_teardown_taskflow' retrieved from /home/airflow/.local/lib/python3.12/site-packages/airflow/example_dags/example_setup_teardown_taskflow.py
[2024-05-11T15:46:27.068+0000] {logging_mixin.py:188} INFO - [2024-05-11T15:46:27.067+0000] {dag.py:3096} INFO - Sync 1 DAGs
[2024-05-11T15:46:27.145+0000] {logging_mixin.py:188} INFO - [2024-05-11T15:46:27.144+0000] {dag.py:3954} INFO - Setting next_dagrun for example_setup_teardown_taskflow to 2024-05-10 00:00:00+00:00, run_after=2024-05-11 00:00:00+00:00
[2024-05-11T15:46:27.238+0000] {processor.py:183} INFO - Processing /home/airflow/.local/lib/python3.12/site-packages/airflow/example_dags/example_setup_teardown_taskflow.py took 0.794 seconds
[2024-05-11T15:46:57.693+0000] {processor.py:161} INFO - Started process (PID=137) to work on /home/airflow/.local/lib/python3.12/site-packages/airflow/example_dags/example_setup_teardown_taskflow.py
[2024-05-11T15:46:57.707+0000] {processor.py:830} INFO - Processing file /home/airflow/.local/lib/python3.12/site-packages/airflow/example_dags/example_setup_teardown_taskflow.py for tasks to queue
[2024-05-11T15:46:57.718+0000] {logging_mixin.py:188} INFO - [2024-05-11T15:46:57.718+0000] {dagbag.py:545} INFO - Filling up the DagBag from /home/airflow/.local/lib/python3.12/site-packages/airflow/example_dags/example_setup_teardown_taskflow.py
[2024-05-11T15:46:57.802+0000] {processor.py:840} INFO - DAG(s) 'example_setup_teardown_taskflow' retrieved from /home/airflow/.local/lib/python3.12/site-packages/airflow/example_dags/example_setup_teardown_taskflow.py
[2024-05-11T15:46:57.876+0000] {logging_mixin.py:188} INFO - [2024-05-11T15:46:57.875+0000] {dag.py:3096} INFO - Sync 1 DAGs
[2024-05-11T15:46:57.912+0000] {logging_mixin.py:188} INFO - [2024-05-11T15:46:57.911+0000] {dag.py:3954} INFO - Setting next_dagrun for example_setup_teardown_taskflow to 2024-05-10 00:00:00+00:00, run_after=2024-05-11 00:00:00+00:00
[2024-05-11T15:46:57.943+0000] {processor.py:183} INFO - Processing /home/airflow/.local/lib/python3.12/site-packages/airflow/example_dags/example_setup_teardown_taskflow.py took 0.323 seconds
[2024-05-11T15:47:28.086+0000] {processor.py:161} INFO - Started process (PID=195) to work on /home/airflow/.local/lib/python3.12/site-packages/airflow/example_dags/example_setup_teardown_taskflow.py
[2024-05-11T15:47:28.087+0000] {processor.py:830} INFO - Processing file /home/airflow/.local/lib/python3.12/site-packages/airflow/example_dags/example_setup_teardown_taskflow.py for tasks to queue
[2024-05-11T15:47:28.089+0000] {logging_mixin.py:188} INFO - [2024-05-11T15:47:28.089+0000] {dagbag.py:545} INFO - Filling up the DagBag from /home/airflow/.local/lib/python3.12/site-packages/airflow/example_dags/example_setup_teardown_taskflow.py
[2024-05-11T15:47:28.098+0000] {processor.py:840} INFO - DAG(s) 'example_setup_teardown_taskflow' retrieved from /home/airflow/.local/lib/python3.12/site-packages/airflow/example_dags/example_setup_teardown_taskflow.py
[2024-05-11T15:47:28.129+0000] {logging_mixin.py:188} INFO - [2024-05-11T15:47:28.129+0000] {dag.py:3096} INFO - Sync 1 DAGs
[2024-05-11T15:47:28.160+0000] {logging_mixin.py:188} INFO - [2024-05-11T15:47:28.160+0000] {dag.py:3954} INFO - Setting next_dagrun for example_setup_teardown_taskflow to 2024-05-10 00:00:00+00:00, run_after=2024-05-11 00:00:00+00:00
[2024-05-11T15:47:28.186+0000] {processor.py:183} INFO - Processing /home/airflow/.local/lib/python3.12/site-packages/airflow/example_dags/example_setup_teardown_taskflow.py took 0.104 seconds
[2024-05-11T15:47:58.592+0000] {processor.py:161} INFO - Started process (PID=253) to work on /home/airflow/.local/lib/python3.12/site-packages/airflow/example_dags/example_setup_teardown_taskflow.py
[2024-05-11T15:47:58.593+0000] {processor.py:830} INFO - Processing file /home/airflow/.local/lib/python3.12/site-packages/airflow/example_dags/example_setup_teardown_taskflow.py for tasks to queue
[2024-05-11T15:47:58.595+0000] {logging_mixin.py:188} INFO - [2024-05-11T15:47:58.594+0000] {dagbag.py:545} INFO - Filling up the DagBag from /home/airflow/.local/lib/python3.12/site-packages/airflow/example_dags/example_setup_teardown_taskflow.py
[2024-05-11T15:47:58.601+0000] {processor.py:840} INFO - DAG(s) 'example_setup_teardown_taskflow' retrieved from /home/airflow/.local/lib/python3.12/site-packages/airflow/example_dags/example_setup_teardown_taskflow.py
[2024-05-11T15:47:58.618+0000] {logging_mixin.py:188} INFO - [2024-05-11T15:47:58.618+0000] {dag.py:3096} INFO - Sync 1 DAGs
[2024-05-11T15:47:58.637+0000] {logging_mixin.py:188} INFO - [2024-05-11T15:47:58.636+0000] {dag.py:3954} INFO - Setting next_dagrun for example_setup_teardown_taskflow to 2024-05-10 00:00:00+00:00, run_after=2024-05-11 00:00:00+00:00
[2024-05-11T15:47:58.653+0000] {processor.py:183} INFO - Processing /home/airflow/.local/lib/python3.12/site-packages/airflow/example_dags/example_setup_teardown_taskflow.py took 0.064 seconds
[2024-05-11T15:48:28.919+0000] {processor.py:161} INFO - Started process (PID=311) to work on /home/airflow/.local/lib/python3.12/site-packages/airflow/example_dags/example_setup_teardown_taskflow.py
[2024-05-11T15:48:28.921+0000] {processor.py:830} INFO - Processing file /home/airflow/.local/lib/python3.12/site-packages/airflow/example_dags/example_setup_teardown_taskflow.py for tasks to queue
[2024-05-11T15:48:28.923+0000] {logging_mixin.py:188} INFO - [2024-05-11T15:48:28.922+0000] {dagbag.py:545} INFO - Filling up the DagBag from /home/airflow/.local/lib/python3.12/site-packages/airflow/example_dags/example_setup_teardown_taskflow.py
[2024-05-11T15:48:28.932+0000] {processor.py:840} INFO - DAG(s) 'example_setup_teardown_taskflow' retrieved from /home/airflow/.local/lib/python3.12/site-packages/airflow/example_dags/example_setup_teardown_taskflow.py
[2024-05-11T15:48:28.951+0000] {logging_mixin.py:188} INFO - [2024-05-11T15:48:28.951+0000] {dag.py:3096} INFO - Sync 1 DAGs
[2024-05-11T15:48:28.974+0000] {logging_mixin.py:188} INFO - [2024-05-11T15:48:28.973+0000] {dag.py:3954} INFO - Setting next_dagrun for example_setup_teardown_taskflow to 2024-05-10 00:00:00+00:00, run_after=2024-05-11 00:00:00+00:00
[2024-05-11T15:48:28.993+0000] {processor.py:183} INFO - Processing /home/airflow/.local/lib/python3.12/site-packages/airflow/example_dags/example_setup_teardown_taskflow.py took 0.079 seconds
[2024-05-11T15:48:59.229+0000] {processor.py:161} INFO - Started process (PID=369) to work on /home/airflow/.local/lib/python3.12/site-packages/airflow/example_dags/example_setup_teardown_taskflow.py
[2024-05-11T15:48:59.230+0000] {processor.py:830} INFO - Processing file /home/airflow/.local/lib/python3.12/site-packages/airflow/example_dags/example_setup_teardown_taskflow.py for tasks to queue
[2024-05-11T15:48:59.232+0000] {logging_mixin.py:188} INFO - [2024-05-11T15:48:59.232+0000] {dagbag.py:545} INFO - Filling up the DagBag from /home/airflow/.local/lib/python3.12/site-packages/airflow/example_dags/example_setup_teardown_taskflow.py
[2024-05-11T15:48:59.240+0000] {processor.py:840} INFO - DAG(s) 'example_setup_teardown_taskflow' retrieved from /home/airflow/.local/lib/python3.12/site-packages/airflow/example_dags/example_setup_teardown_taskflow.py
[2024-05-11T15:48:59.260+0000] {logging_mixin.py:188} INFO - [2024-05-11T15:48:59.260+0000] {dag.py:3096} INFO - Sync 1 DAGs
[2024-05-11T15:48:59.282+0000] {logging_mixin.py:188} INFO - [2024-05-11T15:48:59.282+0000] {dag.py:3954} INFO - Setting next_dagrun for example_setup_teardown_taskflow to 2024-05-10 00:00:00+00:00, run_after=2024-05-11 00:00:00+00:00
[2024-05-11T15:48:59.300+0000] {processor.py:183} INFO - Processing /home/airflow/.local/lib/python3.12/site-packages/airflow/example_dags/example_setup_teardown_taskflow.py took 0.076 seconds
[2024-05-11T15:49:29.744+0000] {processor.py:161} INFO - Started process (PID=427) to work on /home/airflow/.local/lib/python3.12/site-packages/airflow/example_dags/example_setup_teardown_taskflow.py
[2024-05-11T15:49:29.745+0000] {processor.py:830} INFO - Processing file /home/airflow/.local/lib/python3.12/site-packages/airflow/example_dags/example_setup_teardown_taskflow.py for tasks to queue
[2024-05-11T15:49:29.747+0000] {logging_mixin.py:188} INFO - [2024-05-11T15:49:29.746+0000] {dagbag.py:545} INFO - Filling up the DagBag from /home/airflow/.local/lib/python3.12/site-packages/airflow/example_dags/example_setup_teardown_taskflow.py
[2024-05-11T15:49:29.755+0000] {processor.py:840} INFO - DAG(s) 'example_setup_teardown_taskflow' retrieved from /home/airflow/.local/lib/python3.12/site-packages/airflow/example_dags/example_setup_teardown_taskflow.py
[2024-05-11T15:49:29.774+0000] {logging_mixin.py:188} INFO - [2024-05-11T15:49:29.774+0000] {dag.py:3096} INFO - Sync 1 DAGs
[2024-05-11T15:49:29.793+0000] {logging_mixin.py:188} INFO - [2024-05-11T15:49:29.793+0000] {dag.py:3954} INFO - Setting next_dagrun for example_setup_teardown_taskflow to 2024-05-10 00:00:00+00:00, run_after=2024-05-11 00:00:00+00:00
[2024-05-11T15:49:29.813+0000] {processor.py:183} INFO - Processing /home/airflow/.local/lib/python3.12/site-packages/airflow/example_dags/example_setup_teardown_taskflow.py took 0.074 seconds
[2024-05-11T15:49:59.994+0000] {processor.py:161} INFO - Started process (PID=486) to work on /home/airflow/.local/lib/python3.12/site-packages/airflow/example_dags/example_setup_teardown_taskflow.py
[2024-05-11T15:49:59.995+0000] {processor.py:830} INFO - Processing file /home/airflow/.local/lib/python3.12/site-packages/airflow/example_dags/example_setup_teardown_taskflow.py for tasks to queue
[2024-05-11T15:49:59.996+0000] {logging_mixin.py:188} INFO - [2024-05-11T15:49:59.996+0000] {dagbag.py:545} INFO - Filling up the DagBag from /home/airflow/.local/lib/python3.12/site-packages/airflow/example_dags/example_setup_teardown_taskflow.py
[2024-05-11T15:50:00.004+0000] {processor.py:840} INFO - DAG(s) 'example_setup_teardown_taskflow' retrieved from /home/airflow/.local/lib/python3.12/site-packages/airflow/example_dags/example_setup_teardown_taskflow.py
[2024-05-11T15:50:00.023+0000] {logging_mixin.py:188} INFO - [2024-05-11T15:50:00.023+0000] {dag.py:3096} INFO - Sync 1 DAGs
[2024-05-11T15:50:00.041+0000] {logging_mixin.py:188} INFO - [2024-05-11T15:50:00.041+0000] {dag.py:3954} INFO - Setting next_dagrun for example_setup_teardown_taskflow to 2024-05-10 00:00:00+00:00, run_after=2024-05-11 00:00:00+00:00
[2024-05-11T15:50:00.058+0000] {processor.py:183} INFO - Processing /home/airflow/.local/lib/python3.12/site-packages/airflow/example_dags/example_setup_teardown_taskflow.py took 0.069 seconds
[2024-05-11T15:50:30.332+0000] {processor.py:161} INFO - Started process (PID=544) to work on /home/airflow/.local/lib/python3.12/site-packages/airflow/example_dags/example_setup_teardown_taskflow.py
[2024-05-11T15:50:30.333+0000] {processor.py:830} INFO - Processing file /home/airflow/.local/lib/python3.12/site-packages/airflow/example_dags/example_setup_teardown_taskflow.py for tasks to queue
[2024-05-11T15:50:30.334+0000] {logging_mixin.py:188} INFO - [2024-05-11T15:50:30.334+0000] {dagbag.py:545} INFO - Filling up the DagBag from /home/airflow/.local/lib/python3.12/site-packages/airflow/example_dags/example_setup_teardown_taskflow.py
[2024-05-11T15:50:30.342+0000] {processor.py:840} INFO - DAG(s) 'example_setup_teardown_taskflow' retrieved from /home/airflow/.local/lib/python3.12/site-packages/airflow/example_dags/example_setup_teardown_taskflow.py
[2024-05-11T15:50:30.359+0000] {logging_mixin.py:188} INFO - [2024-05-11T15:50:30.358+0000] {dag.py:3096} INFO - Sync 1 DAGs
[2024-05-11T15:50:30.376+0000] {logging_mixin.py:188} INFO - [2024-05-11T15:50:30.376+0000] {dag.py:3954} INFO - Setting next_dagrun for example_setup_teardown_taskflow to 2024-05-10 00:00:00+00:00, run_after=2024-05-11 00:00:00+00:00
[2024-05-11T15:50:30.393+0000] {processor.py:183} INFO - Processing /home/airflow/.local/lib/python3.12/site-packages/airflow/example_dags/example_setup_teardown_taskflow.py took 0.066 seconds
[2024-05-11T15:51:00.881+0000] {processor.py:161} INFO - Started process (PID=602) to work on /home/airflow/.local/lib/python3.12/site-packages/airflow/example_dags/example_setup_teardown_taskflow.py
[2024-05-11T15:51:00.882+0000] {processor.py:830} INFO - Processing file /home/airflow/.local/lib/python3.12/site-packages/airflow/example_dags/example_setup_teardown_taskflow.py for tasks to queue
[2024-05-11T15:51:00.884+0000] {logging_mixin.py:188} INFO - [2024-05-11T15:51:00.884+0000] {dagbag.py:545} INFO - Filling up the DagBag from /home/airflow/.local/lib/python3.12/site-packages/airflow/example_dags/example_setup_teardown_taskflow.py
[2024-05-11T15:51:00.893+0000] {processor.py:840} INFO - DAG(s) 'example_setup_teardown_taskflow' retrieved from /home/airflow/.local/lib/python3.12/site-packages/airflow/example_dags/example_setup_teardown_taskflow.py
[2024-05-11T15:51:00.915+0000] {logging_mixin.py:188} INFO - [2024-05-11T15:51:00.914+0000] {dag.py:3096} INFO - Sync 1 DAGs
[2024-05-11T15:51:00.938+0000] {logging_mixin.py:188} INFO - [2024-05-11T15:51:00.938+0000] {dag.py:3954} INFO - Setting next_dagrun for example_setup_teardown_taskflow to 2024-05-10 00:00:00+00:00, run_after=2024-05-11 00:00:00+00:00
[2024-05-11T15:51:00.962+0000] {processor.py:183} INFO - Processing /home/airflow/.local/lib/python3.12/site-packages/airflow/example_dags/example_setup_teardown_taskflow.py took 0.086 seconds
[2024-05-11T15:51:31.003+0000] {processor.py:161} INFO - Started process (PID=660) to work on /home/airflow/.local/lib/python3.12/site-packages/airflow/example_dags/example_setup_teardown_taskflow.py
[2024-05-11T15:51:31.004+0000] {processor.py:830} INFO - Processing file /home/airflow/.local/lib/python3.12/site-packages/airflow/example_dags/example_setup_teardown_taskflow.py for tasks to queue
[2024-05-11T15:51:31.006+0000] {logging_mixin.py:188} INFO - [2024-05-11T15:51:31.006+0000] {dagbag.py:545} INFO - Filling up the DagBag from /home/airflow/.local/lib/python3.12/site-packages/airflow/example_dags/example_setup_teardown_taskflow.py
[2024-05-11T15:51:31.016+0000] {processor.py:840} INFO - DAG(s) 'example_setup_teardown_taskflow' retrieved from /home/airflow/.local/lib/python3.12/site-packages/airflow/example_dags/example_setup_teardown_taskflow.py
[2024-05-11T15:51:31.043+0000] {logging_mixin.py:188} INFO - [2024-05-11T15:51:31.043+0000] {dag.py:3096} INFO - Sync 1 DAGs
[2024-05-11T15:51:31.068+0000] {logging_mixin.py:188} INFO - [2024-05-11T15:51:31.068+0000] {dag.py:3954} INFO - Setting next_dagrun for example_setup_teardown_taskflow to 2024-05-10 00:00:00+00:00, run_after=2024-05-11 00:00:00+00:00
[2024-05-11T15:51:31.093+0000] {processor.py:183} INFO - Processing /home/airflow/.local/lib/python3.12/site-packages/airflow/example_dags/example_setup_teardown_taskflow.py took 0.098 seconds
[2024-05-11T15:52:01.667+0000] {processor.py:161} INFO - Started process (PID=718) to work on /home/airflow/.local/lib/python3.12/site-packages/airflow/example_dags/example_setup_teardown_taskflow.py
[2024-05-11T15:52:01.669+0000] {processor.py:830} INFO - Processing file /home/airflow/.local/lib/python3.12/site-packages/airflow/example_dags/example_setup_teardown_taskflow.py for tasks to queue
[2024-05-11T15:52:01.671+0000] {logging_mixin.py:188} INFO - [2024-05-11T15:52:01.671+0000] {dagbag.py:545} INFO - Filling up the DagBag from /home/airflow/.local/lib/python3.12/site-packages/airflow/example_dags/example_setup_teardown_taskflow.py
[2024-05-11T15:52:01.730+0000] {processor.py:840} INFO - DAG(s) 'example_setup_teardown_taskflow' retrieved from /home/airflow/.local/lib/python3.12/site-packages/airflow/example_dags/example_setup_teardown_taskflow.py
[2024-05-11T15:52:01.833+0000] {logging_mixin.py:188} INFO - [2024-05-11T15:52:01.833+0000] {dag.py:3096} INFO - Sync 1 DAGs
[2024-05-11T15:52:01.878+0000] {logging_mixin.py:188} INFO - [2024-05-11T15:52:01.878+0000] {dag.py:3954} INFO - Setting next_dagrun for example_setup_teardown_taskflow to 2024-05-10 00:00:00+00:00, run_after=2024-05-11 00:00:00+00:00
[2024-05-11T15:52:01.903+0000] {processor.py:183} INFO - Processing /home/airflow/.local/lib/python3.12/site-packages/airflow/example_dags/example_setup_teardown_taskflow.py took 0.285 seconds
[2024-05-11T15:52:32.430+0000] {processor.py:161} INFO - Started process (PID=776) to work on /home/airflow/.local/lib/python3.12/site-packages/airflow/example_dags/example_setup_teardown_taskflow.py
[2024-05-11T15:52:32.433+0000] {processor.py:830} INFO - Processing file /home/airflow/.local/lib/python3.12/site-packages/airflow/example_dags/example_setup_teardown_taskflow.py for tasks to queue
[2024-05-11T15:52:32.436+0000] {logging_mixin.py:188} INFO - [2024-05-11T15:52:32.435+0000] {dagbag.py:545} INFO - Filling up the DagBag from /home/airflow/.local/lib/python3.12/site-packages/airflow/example_dags/example_setup_teardown_taskflow.py
[2024-05-11T15:52:32.465+0000] {processor.py:840} INFO - DAG(s) 'example_setup_teardown_taskflow' retrieved from /home/airflow/.local/lib/python3.12/site-packages/airflow/example_dags/example_setup_teardown_taskflow.py
[2024-05-11T15:52:32.500+0000] {logging_mixin.py:188} INFO - [2024-05-11T15:52:32.499+0000] {dag.py:3096} INFO - Sync 1 DAGs
[2024-05-11T15:52:32.542+0000] {logging_mixin.py:188} INFO - [2024-05-11T15:52:32.542+0000] {dag.py:3954} INFO - Setting next_dagrun for example_setup_teardown_taskflow to 2024-05-10 00:00:00+00:00, run_after=2024-05-11 00:00:00+00:00
[2024-05-11T15:52:32.564+0000] {processor.py:183} INFO - Processing /home/airflow/.local/lib/python3.12/site-packages/airflow/example_dags/example_setup_teardown_taskflow.py took 0.146 seconds
[2024-05-11T15:53:03.128+0000] {processor.py:161} INFO - Started process (PID=834) to work on /home/airflow/.local/lib/python3.12/site-packages/airflow/example_dags/example_setup_teardown_taskflow.py
[2024-05-11T15:53:03.129+0000] {processor.py:830} INFO - Processing file /home/airflow/.local/lib/python3.12/site-packages/airflow/example_dags/example_setup_teardown_taskflow.py for tasks to queue
[2024-05-11T15:53:03.130+0000] {logging_mixin.py:188} INFO - [2024-05-11T15:53:03.130+0000] {dagbag.py:545} INFO - Filling up the DagBag from /home/airflow/.local/lib/python3.12/site-packages/airflow/example_dags/example_setup_teardown_taskflow.py
[2024-05-11T15:53:03.138+0000] {processor.py:840} INFO - DAG(s) 'example_setup_teardown_taskflow' retrieved from /home/airflow/.local/lib/python3.12/site-packages/airflow/example_dags/example_setup_teardown_taskflow.py
[2024-05-11T15:53:03.157+0000] {logging_mixin.py:188} INFO - [2024-05-11T15:53:03.157+0000] {dag.py:3096} INFO - Sync 1 DAGs
[2024-05-11T15:53:03.180+0000] {logging_mixin.py:188} INFO - [2024-05-11T15:53:03.180+0000] {dag.py:3954} INFO - Setting next_dagrun for example_setup_teardown_taskflow to 2024-05-10 00:00:00+00:00, run_after=2024-05-11 00:00:00+00:00
[2024-05-11T15:53:03.203+0000] {processor.py:183} INFO - Processing /home/airflow/.local/lib/python3.12/site-packages/airflow/example_dags/example_setup_teardown_taskflow.py took 0.079 seconds
[2024-05-11T15:53:33.596+0000] {processor.py:161} INFO - Started process (PID=892) to work on /home/airflow/.local/lib/python3.12/site-packages/airflow/example_dags/example_setup_teardown_taskflow.py
[2024-05-11T15:53:33.597+0000] {processor.py:830} INFO - Processing file /home/airflow/.local/lib/python3.12/site-packages/airflow/example_dags/example_setup_teardown_taskflow.py for tasks to queue
[2024-05-11T15:53:33.600+0000] {logging_mixin.py:188} INFO - [2024-05-11T15:53:33.599+0000] {dagbag.py:545} INFO - Filling up the DagBag from /home/airflow/.local/lib/python3.12/site-packages/airflow/example_dags/example_setup_teardown_taskflow.py
[2024-05-11T15:53:33.609+0000] {processor.py:840} INFO - DAG(s) 'example_setup_teardown_taskflow' retrieved from /home/airflow/.local/lib/python3.12/site-packages/airflow/example_dags/example_setup_teardown_taskflow.py
[2024-05-11T15:53:33.638+0000] {logging_mixin.py:188} INFO - [2024-05-11T15:53:33.638+0000] {dag.py:3096} INFO - Sync 1 DAGs
[2024-05-11T15:53:33.667+0000] {logging_mixin.py:188} INFO - [2024-05-11T15:53:33.667+0000] {dag.py:3954} INFO - Setting next_dagrun for example_setup_teardown_taskflow to 2024-05-10 00:00:00+00:00, run_after=2024-05-11 00:00:00+00:00
[2024-05-11T15:53:33.688+0000] {processor.py:183} INFO - Processing /home/airflow/.local/lib/python3.12/site-packages/airflow/example_dags/example_setup_teardown_taskflow.py took 0.100 seconds
[2024-05-11T15:54:03.977+0000] {processor.py:161} INFO - Started process (PID=950) to work on /home/airflow/.local/lib/python3.12/site-packages/airflow/example_dags/example_setup_teardown_taskflow.py
[2024-05-11T15:54:03.977+0000] {processor.py:830} INFO - Processing file /home/airflow/.local/lib/python3.12/site-packages/airflow/example_dags/example_setup_teardown_taskflow.py for tasks to queue
[2024-05-11T15:54:03.979+0000] {logging_mixin.py:188} INFO - [2024-05-11T15:54:03.979+0000] {dagbag.py:545} INFO - Filling up the DagBag from /home/airflow/.local/lib/python3.12/site-packages/airflow/example_dags/example_setup_teardown_taskflow.py
[2024-05-11T15:54:03.988+0000] {processor.py:840} INFO - DAG(s) 'example_setup_teardown_taskflow' retrieved from /home/airflow/.local/lib/python3.12/site-packages/airflow/example_dags/example_setup_teardown_taskflow.py
[2024-05-11T15:54:04.006+0000] {logging_mixin.py:188} INFO - [2024-05-11T15:54:04.005+0000] {dag.py:3096} INFO - Sync 1 DAGs
[2024-05-11T15:54:04.025+0000] {logging_mixin.py:188} INFO - [2024-05-11T15:54:04.025+0000] {dag.py:3954} INFO - Setting next_dagrun for example_setup_teardown_taskflow to 2024-05-10 00:00:00+00:00, run_after=2024-05-11 00:00:00+00:00
[2024-05-11T15:54:04.054+0000] {processor.py:183} INFO - Processing /home/airflow/.local/lib/python3.12/site-packages/airflow/example_dags/example_setup_teardown_taskflow.py took 0.082 seconds
[2024-05-11T15:54:34.161+0000] {processor.py:161} INFO - Started process (PID=1008) to work on /home/airflow/.local/lib/python3.12/site-packages/airflow/example_dags/example_setup_teardown_taskflow.py
[2024-05-11T15:54:34.162+0000] {processor.py:830} INFO - Processing file /home/airflow/.local/lib/python3.12/site-packages/airflow/example_dags/example_setup_teardown_taskflow.py for tasks to queue
[2024-05-11T15:54:34.163+0000] {logging_mixin.py:188} INFO - [2024-05-11T15:54:34.163+0000] {dagbag.py:545} INFO - Filling up the DagBag from /home/airflow/.local/lib/python3.12/site-packages/airflow/example_dags/example_setup_teardown_taskflow.py
[2024-05-11T15:54:34.170+0000] {processor.py:840} INFO - DAG(s) 'example_setup_teardown_taskflow' retrieved from /home/airflow/.local/lib/python3.12/site-packages/airflow/example_dags/example_setup_teardown_taskflow.py
[2024-05-11T15:54:34.187+0000] {logging_mixin.py:188} INFO - [2024-05-11T15:54:34.187+0000] {dag.py:3096} INFO - Sync 1 DAGs
[2024-05-11T15:54:34.205+0000] {logging_mixin.py:188} INFO - [2024-05-11T15:54:34.205+0000] {dag.py:3954} INFO - Setting next_dagrun for example_setup_teardown_taskflow to 2024-05-10 00:00:00+00:00, run_after=2024-05-11 00:00:00+00:00
[2024-05-11T15:54:34.223+0000] {processor.py:183} INFO - Processing /home/airflow/.local/lib/python3.12/site-packages/airflow/example_dags/example_setup_teardown_taskflow.py took 0.066 seconds
[2024-05-11T15:55:04.783+0000] {processor.py:161} INFO - Started process (PID=1066) to work on /home/airflow/.local/lib/python3.12/site-packages/airflow/example_dags/example_setup_teardown_taskflow.py
[2024-05-11T15:55:04.784+0000] {processor.py:830} INFO - Processing file /home/airflow/.local/lib/python3.12/site-packages/airflow/example_dags/example_setup_teardown_taskflow.py for tasks to queue
[2024-05-11T15:55:04.788+0000] {logging_mixin.py:188} INFO - [2024-05-11T15:55:04.787+0000] {dagbag.py:545} INFO - Filling up the DagBag from /home/airflow/.local/lib/python3.12/site-packages/airflow/example_dags/example_setup_teardown_taskflow.py
[2024-05-11T15:55:04.797+0000] {processor.py:840} INFO - DAG(s) 'example_setup_teardown_taskflow' retrieved from /home/airflow/.local/lib/python3.12/site-packages/airflow/example_dags/example_setup_teardown_taskflow.py
[2024-05-11T15:55:04.822+0000] {logging_mixin.py:188} INFO - [2024-05-11T15:55:04.822+0000] {dag.py:3096} INFO - Sync 1 DAGs
[2024-05-11T15:55:04.848+0000] {logging_mixin.py:188} INFO - [2024-05-11T15:55:04.848+0000] {dag.py:3954} INFO - Setting next_dagrun for example_setup_teardown_taskflow to 2024-05-10 00:00:00+00:00, run_after=2024-05-11 00:00:00+00:00
[2024-05-11T15:55:04.874+0000] {processor.py:183} INFO - Processing /home/airflow/.local/lib/python3.12/site-packages/airflow/example_dags/example_setup_teardown_taskflow.py took 0.096 seconds
[2024-05-11T15:55:35.586+0000] {processor.py:161} INFO - Started process (PID=1125) to work on /home/airflow/.local/lib/python3.12/site-packages/airflow/example_dags/example_setup_teardown_taskflow.py
[2024-05-11T15:55:35.587+0000] {processor.py:830} INFO - Processing file /home/airflow/.local/lib/python3.12/site-packages/airflow/example_dags/example_setup_teardown_taskflow.py for tasks to queue
[2024-05-11T15:55:35.589+0000] {logging_mixin.py:188} INFO - [2024-05-11T15:55:35.589+0000] {dagbag.py:545} INFO - Filling up the DagBag from /home/airflow/.local/lib/python3.12/site-packages/airflow/example_dags/example_setup_teardown_taskflow.py
[2024-05-11T15:55:35.599+0000] {processor.py:840} INFO - DAG(s) 'example_setup_teardown_taskflow' retrieved from /home/airflow/.local/lib/python3.12/site-packages/airflow/example_dags/example_setup_teardown_taskflow.py
[2024-05-11T15:55:35.620+0000] {logging_mixin.py:188} INFO - [2024-05-11T15:55:35.619+0000] {dag.py:3096} INFO - Sync 1 DAGs
[2024-05-11T15:55:35.642+0000] {logging_mixin.py:188} INFO - [2024-05-11T15:55:35.642+0000] {dag.py:3954} INFO - Setting next_dagrun for example_setup_teardown_taskflow to 2024-05-10 00:00:00+00:00, run_after=2024-05-11 00:00:00+00:00
[2024-05-11T15:55:35.664+0000] {processor.py:183} INFO - Processing /home/airflow/.local/lib/python3.12/site-packages/airflow/example_dags/example_setup_teardown_taskflow.py took 0.082 seconds
[2024-05-11T15:56:06.204+0000] {processor.py:161} INFO - Started process (PID=1183) to work on /home/airflow/.local/lib/python3.12/site-packages/airflow/example_dags/example_setup_teardown_taskflow.py
[2024-05-11T15:56:06.205+0000] {processor.py:830} INFO - Processing file /home/airflow/.local/lib/python3.12/site-packages/airflow/example_dags/example_setup_teardown_taskflow.py for tasks to queue
[2024-05-11T15:56:06.207+0000] {logging_mixin.py:188} INFO - [2024-05-11T15:56:06.207+0000] {dagbag.py:545} INFO - Filling up the DagBag from /home/airflow/.local/lib/python3.12/site-packages/airflow/example_dags/example_setup_teardown_taskflow.py
[2024-05-11T15:56:06.216+0000] {processor.py:840} INFO - DAG(s) 'example_setup_teardown_taskflow' retrieved from /home/airflow/.local/lib/python3.12/site-packages/airflow/example_dags/example_setup_teardown_taskflow.py
[2024-05-11T15:56:06.238+0000] {logging_mixin.py:188} INFO - [2024-05-11T15:56:06.237+0000] {dag.py:3096} INFO - Sync 1 DAGs
[2024-05-11T15:56:06.259+0000] {logging_mixin.py:188} INFO - [2024-05-11T15:56:06.258+0000] {dag.py:3954} INFO - Setting next_dagrun for example_setup_teardown_taskflow to 2024-05-10 00:00:00+00:00, run_after=2024-05-11 00:00:00+00:00
[2024-05-11T15:56:06.277+0000] {processor.py:183} INFO - Processing /home/airflow/.local/lib/python3.12/site-packages/airflow/example_dags/example_setup_teardown_taskflow.py took 0.077 seconds
[2024-05-11T15:56:36.771+0000] {processor.py:161} INFO - Started process (PID=1241) to work on /home/airflow/.local/lib/python3.12/site-packages/airflow/example_dags/example_setup_teardown_taskflow.py
[2024-05-11T15:56:36.773+0000] {processor.py:830} INFO - Processing file /home/airflow/.local/lib/python3.12/site-packages/airflow/example_dags/example_setup_teardown_taskflow.py for tasks to queue
[2024-05-11T15:56:36.777+0000] {logging_mixin.py:188} INFO - [2024-05-11T15:56:36.776+0000] {dagbag.py:545} INFO - Filling up the DagBag from /home/airflow/.local/lib/python3.12/site-packages/airflow/example_dags/example_setup_teardown_taskflow.py
[2024-05-11T15:56:36.789+0000] {processor.py:840} INFO - DAG(s) 'example_setup_teardown_taskflow' retrieved from /home/airflow/.local/lib/python3.12/site-packages/airflow/example_dags/example_setup_teardown_taskflow.py
[2024-05-11T15:56:36.818+0000] {logging_mixin.py:188} INFO - [2024-05-11T15:56:36.818+0000] {dag.py:3096} INFO - Sync 1 DAGs
[2024-05-11T15:56:36.850+0000] {logging_mixin.py:188} INFO - [2024-05-11T15:56:36.849+0000] {dag.py:3954} INFO - Setting next_dagrun for example_setup_teardown_taskflow to 2024-05-10 00:00:00+00:00, run_after=2024-05-11 00:00:00+00:00
[2024-05-11T15:56:36.874+0000] {processor.py:183} INFO - Processing /home/airflow/.local/lib/python3.12/site-packages/airflow/example_dags/example_setup_teardown_taskflow.py took 0.110 seconds
[2024-05-11T16:03:45.584+0000] {processor.py:161} INFO - Started process (PID=73) to work on /home/airflow/.local/lib/python3.12/site-packages/airflow/example_dags/example_setup_teardown_taskflow.py
[2024-05-11T16:03:45.585+0000] {processor.py:830} INFO - Processing file /home/airflow/.local/lib/python3.12/site-packages/airflow/example_dags/example_setup_teardown_taskflow.py for tasks to queue
[2024-05-11T16:03:45.588+0000] {logging_mixin.py:188} INFO - [2024-05-11T16:03:45.588+0000] {dagbag.py:545} INFO - Filling up the DagBag from /home/airflow/.local/lib/python3.12/site-packages/airflow/example_dags/example_setup_teardown_taskflow.py
[2024-05-11T16:03:45.603+0000] {processor.py:840} INFO - DAG(s) 'example_setup_teardown_taskflow' retrieved from /home/airflow/.local/lib/python3.12/site-packages/airflow/example_dags/example_setup_teardown_taskflow.py
[2024-05-11T16:03:45.803+0000] {logging_mixin.py:188} INFO - [2024-05-11T16:03:45.803+0000] {dag.py:3096} INFO - Sync 1 DAGs
[2024-05-11T16:03:45.849+0000] {logging_mixin.py:188} INFO - [2024-05-11T16:03:45.848+0000] {dag.py:3954} INFO - Setting next_dagrun for example_setup_teardown_taskflow to 2024-05-10 00:00:00+00:00, run_after=2024-05-11 00:00:00+00:00
[2024-05-11T16:03:45.881+0000] {processor.py:183} INFO - Processing /home/airflow/.local/lib/python3.12/site-packages/airflow/example_dags/example_setup_teardown_taskflow.py took 0.304 seconds
[2024-05-11T16:04:16.310+0000] {processor.py:161} INFO - Started process (PID=131) to work on /home/airflow/.local/lib/python3.12/site-packages/airflow/example_dags/example_setup_teardown_taskflow.py
[2024-05-11T16:04:16.311+0000] {processor.py:830} INFO - Processing file /home/airflow/.local/lib/python3.12/site-packages/airflow/example_dags/example_setup_teardown_taskflow.py for tasks to queue
[2024-05-11T16:04:16.312+0000] {logging_mixin.py:188} INFO - [2024-05-11T16:04:16.312+0000] {dagbag.py:545} INFO - Filling up the DagBag from /home/airflow/.local/lib/python3.12/site-packages/airflow/example_dags/example_setup_teardown_taskflow.py
[2024-05-11T16:04:16.320+0000] {processor.py:840} INFO - DAG(s) 'example_setup_teardown_taskflow' retrieved from /home/airflow/.local/lib/python3.12/site-packages/airflow/example_dags/example_setup_teardown_taskflow.py
[2024-05-11T16:04:16.340+0000] {logging_mixin.py:188} INFO - [2024-05-11T16:04:16.340+0000] {dag.py:3096} INFO - Sync 1 DAGs
[2024-05-11T16:04:16.363+0000] {logging_mixin.py:188} INFO - [2024-05-11T16:04:16.362+0000] {dag.py:3954} INFO - Setting next_dagrun for example_setup_teardown_taskflow to 2024-05-10 00:00:00+00:00, run_after=2024-05-11 00:00:00+00:00
[2024-05-11T16:04:16.381+0000] {processor.py:183} INFO - Processing /home/airflow/.local/lib/python3.12/site-packages/airflow/example_dags/example_setup_teardown_taskflow.py took 0.076 seconds
[2024-05-11T16:04:47.060+0000] {processor.py:161} INFO - Started process (PID=189) to work on /home/airflow/.local/lib/python3.12/site-packages/airflow/example_dags/example_setup_teardown_taskflow.py
[2024-05-11T16:04:47.062+0000] {processor.py:830} INFO - Processing file /home/airflow/.local/lib/python3.12/site-packages/airflow/example_dags/example_setup_teardown_taskflow.py for tasks to queue
[2024-05-11T16:04:47.064+0000] {logging_mixin.py:188} INFO - [2024-05-11T16:04:47.064+0000] {dagbag.py:545} INFO - Filling up the DagBag from /home/airflow/.local/lib/python3.12/site-packages/airflow/example_dags/example_setup_teardown_taskflow.py
[2024-05-11T16:04:47.073+0000] {processor.py:840} INFO - DAG(s) 'example_setup_teardown_taskflow' retrieved from /home/airflow/.local/lib/python3.12/site-packages/airflow/example_dags/example_setup_teardown_taskflow.py
[2024-05-11T16:04:47.098+0000] {logging_mixin.py:188} INFO - [2024-05-11T16:04:47.097+0000] {dag.py:3096} INFO - Sync 1 DAGs
[2024-05-11T16:04:47.123+0000] {logging_mixin.py:188} INFO - [2024-05-11T16:04:47.122+0000] {dag.py:3954} INFO - Setting next_dagrun for example_setup_teardown_taskflow to 2024-05-10 00:00:00+00:00, run_after=2024-05-11 00:00:00+00:00
[2024-05-11T16:04:47.139+0000] {processor.py:183} INFO - Processing /home/airflow/.local/lib/python3.12/site-packages/airflow/example_dags/example_setup_teardown_taskflow.py took 0.086 seconds
[2024-05-11T16:05:17.247+0000] {processor.py:161} INFO - Started process (PID=247) to work on /home/airflow/.local/lib/python3.12/site-packages/airflow/example_dags/example_setup_teardown_taskflow.py
[2024-05-11T16:05:17.248+0000] {processor.py:830} INFO - Processing file /home/airflow/.local/lib/python3.12/site-packages/airflow/example_dags/example_setup_teardown_taskflow.py for tasks to queue
[2024-05-11T16:05:17.251+0000] {logging_mixin.py:188} INFO - [2024-05-11T16:05:17.251+0000] {dagbag.py:545} INFO - Filling up the DagBag from /home/airflow/.local/lib/python3.12/site-packages/airflow/example_dags/example_setup_teardown_taskflow.py
[2024-05-11T16:05:17.260+0000] {processor.py:840} INFO - DAG(s) 'example_setup_teardown_taskflow' retrieved from /home/airflow/.local/lib/python3.12/site-packages/airflow/example_dags/example_setup_teardown_taskflow.py
[2024-05-11T16:05:17.282+0000] {logging_mixin.py:188} INFO - [2024-05-11T16:05:17.282+0000] {dag.py:3096} INFO - Sync 1 DAGs
[2024-05-11T16:05:17.300+0000] {logging_mixin.py:188} INFO - [2024-05-11T16:05:17.300+0000] {dag.py:3954} INFO - Setting next_dagrun for example_setup_teardown_taskflow to 2024-05-10 00:00:00+00:00, run_after=2024-05-11 00:00:00+00:00
[2024-05-11T16:05:17.320+0000] {processor.py:183} INFO - Processing /home/airflow/.local/lib/python3.12/site-packages/airflow/example_dags/example_setup_teardown_taskflow.py took 0.080 seconds
[2024-05-11T16:05:47.850+0000] {processor.py:161} INFO - Started process (PID=305) to work on /home/airflow/.local/lib/python3.12/site-packages/airflow/example_dags/example_setup_teardown_taskflow.py
[2024-05-11T16:05:47.852+0000] {processor.py:830} INFO - Processing file /home/airflow/.local/lib/python3.12/site-packages/airflow/example_dags/example_setup_teardown_taskflow.py for tasks to queue
[2024-05-11T16:05:47.856+0000] {logging_mixin.py:188} INFO - [2024-05-11T16:05:47.855+0000] {dagbag.py:545} INFO - Filling up the DagBag from /home/airflow/.local/lib/python3.12/site-packages/airflow/example_dags/example_setup_teardown_taskflow.py
[2024-05-11T16:05:47.876+0000] {processor.py:840} INFO - DAG(s) 'example_setup_teardown_taskflow' retrieved from /home/airflow/.local/lib/python3.12/site-packages/airflow/example_dags/example_setup_teardown_taskflow.py
[2024-05-11T16:05:47.913+0000] {logging_mixin.py:188} INFO - [2024-05-11T16:05:47.913+0000] {dag.py:3096} INFO - Sync 1 DAGs
[2024-05-11T16:05:47.966+0000] {logging_mixin.py:188} INFO - [2024-05-11T16:05:47.965+0000] {dag.py:3954} INFO - Setting next_dagrun for example_setup_teardown_taskflow to 2024-05-10 00:00:00+00:00, run_after=2024-05-11 00:00:00+00:00
[2024-05-11T16:05:48.001+0000] {processor.py:183} INFO - Processing /home/airflow/.local/lib/python3.12/site-packages/airflow/example_dags/example_setup_teardown_taskflow.py took 0.158 seconds
