[2024-05-11T11:30:41.367+0000] {processor.py:161} INFO - Started process (PID=68) to work on /home/airflow/.local/lib/python3.12/site-packages/airflow/example_dags/example_task_group.py
[2024-05-11T11:30:41.371+0000] {processor.py:830} INFO - Processing file /home/airflow/.local/lib/python3.12/site-packages/airflow/example_dags/example_task_group.py for tasks to queue
[2024-05-11T11:30:41.390+0000] {logging_mixin.py:188} INFO - [2024-05-11T11:30:41.382+0000] {dagbag.py:545} INFO - Filling up the DagBag from /home/airflow/.local/lib/python3.12/site-packages/airflow/example_dags/example_task_group.py
[2024-05-11T11:30:41.463+0000] {processor.py:840} INFO - DAG(s) 'example_task_group' retrieved from /home/airflow/.local/lib/python3.12/site-packages/airflow/example_dags/example_task_group.py
[2024-05-11T11:30:45.276+0000] {logging_mixin.py:188} INFO - [2024-05-11T11:30:45.241+0000] {override.py:1829} INFO - Created Permission View: can edit on DAG:example_task_group
[2024-05-11T11:30:45.328+0000] {logging_mixin.py:188} INFO - [2024-05-11T11:30:45.327+0000] {override.py:1829} INFO - Created Permission View: can read on DAG:example_task_group
[2024-05-11T11:30:45.342+0000] {logging_mixin.py:188} INFO - [2024-05-11T11:30:45.341+0000] {override.py:1829} INFO - Created Permission View: can delete on DAG:example_task_group
[2024-05-11T11:30:45.345+0000] {logging_mixin.py:188} INFO - [2024-05-11T11:30:45.344+0000] {dag.py:3096} INFO - Sync 1 DAGs
[2024-05-11T11:30:45.414+0000] {logging_mixin.py:188} INFO - [2024-05-11T11:30:45.413+0000] {dag.py:3118} INFO - Creating ORM DAG for example_task_group
[2024-05-11T11:30:45.488+0000] {logging_mixin.py:188} INFO - [2024-05-11T11:30:45.487+0000] {dag.py:3954} INFO - Setting next_dagrun for example_task_group to 2024-05-10 00:00:00+00:00, run_after=2024-05-11 00:00:00+00:00
[2024-05-11T11:30:45.695+0000] {processor.py:183} INFO - Processing /home/airflow/.local/lib/python3.12/site-packages/airflow/example_dags/example_task_group.py took 4.387 seconds
[2024-05-11T11:31:15.976+0000] {processor.py:161} INFO - Started process (PID=126) to work on /home/airflow/.local/lib/python3.12/site-packages/airflow/example_dags/example_task_group.py
[2024-05-11T11:31:15.977+0000] {processor.py:830} INFO - Processing file /home/airflow/.local/lib/python3.12/site-packages/airflow/example_dags/example_task_group.py for tasks to queue
[2024-05-11T11:31:15.979+0000] {logging_mixin.py:188} INFO - [2024-05-11T11:31:15.978+0000] {dagbag.py:545} INFO - Filling up the DagBag from /home/airflow/.local/lib/python3.12/site-packages/airflow/example_dags/example_task_group.py
[2024-05-11T11:31:15.987+0000] {processor.py:840} INFO - DAG(s) 'example_task_group' retrieved from /home/airflow/.local/lib/python3.12/site-packages/airflow/example_dags/example_task_group.py
[2024-05-11T11:31:16.010+0000] {logging_mixin.py:188} INFO - [2024-05-11T11:31:16.009+0000] {dag.py:3096} INFO - Sync 1 DAGs
[2024-05-11T11:31:16.034+0000] {logging_mixin.py:188} INFO - [2024-05-11T11:31:16.034+0000] {dag.py:3954} INFO - Setting next_dagrun for example_task_group to 2024-05-10 00:00:00+00:00, run_after=2024-05-11 00:00:00+00:00
[2024-05-11T11:31:16.054+0000] {processor.py:183} INFO - Processing /home/airflow/.local/lib/python3.12/site-packages/airflow/example_dags/example_task_group.py took 0.084 seconds
[2024-05-11T11:31:46.813+0000] {processor.py:161} INFO - Started process (PID=184) to work on /home/airflow/.local/lib/python3.12/site-packages/airflow/example_dags/example_task_group.py
[2024-05-11T11:31:46.813+0000] {processor.py:830} INFO - Processing file /home/airflow/.local/lib/python3.12/site-packages/airflow/example_dags/example_task_group.py for tasks to queue
[2024-05-11T11:31:46.815+0000] {logging_mixin.py:188} INFO - [2024-05-11T11:31:46.814+0000] {dagbag.py:545} INFO - Filling up the DagBag from /home/airflow/.local/lib/python3.12/site-packages/airflow/example_dags/example_task_group.py
[2024-05-11T11:31:46.822+0000] {processor.py:840} INFO - DAG(s) 'example_task_group' retrieved from /home/airflow/.local/lib/python3.12/site-packages/airflow/example_dags/example_task_group.py
[2024-05-11T11:31:46.843+0000] {logging_mixin.py:188} INFO - [2024-05-11T11:31:46.843+0000] {dag.py:3096} INFO - Sync 1 DAGs
[2024-05-11T11:31:46.864+0000] {logging_mixin.py:188} INFO - [2024-05-11T11:31:46.864+0000] {dag.py:3954} INFO - Setting next_dagrun for example_task_group to 2024-05-10 00:00:00+00:00, run_after=2024-05-11 00:00:00+00:00
[2024-05-11T11:31:46.958+0000] {processor.py:183} INFO - Processing /home/airflow/.local/lib/python3.12/site-packages/airflow/example_dags/example_task_group.py took 0.150 seconds
[2024-05-11T11:32:17.043+0000] {processor.py:161} INFO - Started process (PID=241) to work on /home/airflow/.local/lib/python3.12/site-packages/airflow/example_dags/example_task_group.py
[2024-05-11T11:32:17.044+0000] {processor.py:830} INFO - Processing file /home/airflow/.local/lib/python3.12/site-packages/airflow/example_dags/example_task_group.py for tasks to queue
[2024-05-11T11:32:17.046+0000] {logging_mixin.py:188} INFO - [2024-05-11T11:32:17.046+0000] {dagbag.py:545} INFO - Filling up the DagBag from /home/airflow/.local/lib/python3.12/site-packages/airflow/example_dags/example_task_group.py
[2024-05-11T11:32:17.052+0000] {processor.py:840} INFO - DAG(s) 'example_task_group' retrieved from /home/airflow/.local/lib/python3.12/site-packages/airflow/example_dags/example_task_group.py
[2024-05-11T11:32:17.072+0000] {logging_mixin.py:188} INFO - [2024-05-11T11:32:17.072+0000] {dag.py:3096} INFO - Sync 1 DAGs
[2024-05-11T11:32:17.091+0000] {logging_mixin.py:188} INFO - [2024-05-11T11:32:17.091+0000] {dag.py:3954} INFO - Setting next_dagrun for example_task_group to 2024-05-10 00:00:00+00:00, run_after=2024-05-11 00:00:00+00:00
[2024-05-11T11:32:17.108+0000] {processor.py:183} INFO - Processing /home/airflow/.local/lib/python3.12/site-packages/airflow/example_dags/example_task_group.py took 0.070 seconds
[2024-05-11T11:32:47.235+0000] {processor.py:161} INFO - Started process (PID=299) to work on /home/airflow/.local/lib/python3.12/site-packages/airflow/example_dags/example_task_group.py
[2024-05-11T11:32:47.236+0000] {processor.py:830} INFO - Processing file /home/airflow/.local/lib/python3.12/site-packages/airflow/example_dags/example_task_group.py for tasks to queue
[2024-05-11T11:32:47.238+0000] {logging_mixin.py:188} INFO - [2024-05-11T11:32:47.238+0000] {dagbag.py:545} INFO - Filling up the DagBag from /home/airflow/.local/lib/python3.12/site-packages/airflow/example_dags/example_task_group.py
[2024-05-11T11:32:47.246+0000] {processor.py:840} INFO - DAG(s) 'example_task_group' retrieved from /home/airflow/.local/lib/python3.12/site-packages/airflow/example_dags/example_task_group.py
[2024-05-11T11:32:47.273+0000] {logging_mixin.py:188} INFO - [2024-05-11T11:32:47.273+0000] {dag.py:3096} INFO - Sync 1 DAGs
[2024-05-11T11:32:47.296+0000] {logging_mixin.py:188} INFO - [2024-05-11T11:32:47.296+0000] {dag.py:3954} INFO - Setting next_dagrun for example_task_group to 2024-05-10 00:00:00+00:00, run_after=2024-05-11 00:00:00+00:00
[2024-05-11T11:32:47.314+0000] {processor.py:183} INFO - Processing /home/airflow/.local/lib/python3.12/site-packages/airflow/example_dags/example_task_group.py took 0.085 seconds
[2024-05-11T11:33:17.675+0000] {processor.py:161} INFO - Started process (PID=356) to work on /home/airflow/.local/lib/python3.12/site-packages/airflow/example_dags/example_task_group.py
[2024-05-11T11:33:17.689+0000] {processor.py:830} INFO - Processing file /home/airflow/.local/lib/python3.12/site-packages/airflow/example_dags/example_task_group.py for tasks to queue
[2024-05-11T11:33:17.692+0000] {logging_mixin.py:188} INFO - [2024-05-11T11:33:17.692+0000] {dagbag.py:545} INFO - Filling up the DagBag from /home/airflow/.local/lib/python3.12/site-packages/airflow/example_dags/example_task_group.py
[2024-05-11T11:33:17.700+0000] {processor.py:840} INFO - DAG(s) 'example_task_group' retrieved from /home/airflow/.local/lib/python3.12/site-packages/airflow/example_dags/example_task_group.py
[2024-05-11T11:33:17.722+0000] {logging_mixin.py:188} INFO - [2024-05-11T11:33:17.722+0000] {dag.py:3096} INFO - Sync 1 DAGs
[2024-05-11T11:33:17.749+0000] {logging_mixin.py:188} INFO - [2024-05-11T11:33:17.749+0000] {dag.py:3954} INFO - Setting next_dagrun for example_task_group to 2024-05-10 00:00:00+00:00, run_after=2024-05-11 00:00:00+00:00
[2024-05-11T11:33:17.773+0000] {processor.py:183} INFO - Processing /home/airflow/.local/lib/python3.12/site-packages/airflow/example_dags/example_task_group.py took 0.105 seconds
[2024-05-11T11:33:48.448+0000] {processor.py:161} INFO - Started process (PID=414) to work on /home/airflow/.local/lib/python3.12/site-packages/airflow/example_dags/example_task_group.py
[2024-05-11T11:33:48.451+0000] {processor.py:830} INFO - Processing file /home/airflow/.local/lib/python3.12/site-packages/airflow/example_dags/example_task_group.py for tasks to queue
[2024-05-11T11:33:48.454+0000] {logging_mixin.py:188} INFO - [2024-05-11T11:33:48.454+0000] {dagbag.py:545} INFO - Filling up the DagBag from /home/airflow/.local/lib/python3.12/site-packages/airflow/example_dags/example_task_group.py
[2024-05-11T11:33:48.466+0000] {processor.py:840} INFO - DAG(s) 'example_task_group' retrieved from /home/airflow/.local/lib/python3.12/site-packages/airflow/example_dags/example_task_group.py
[2024-05-11T11:33:48.497+0000] {logging_mixin.py:188} INFO - [2024-05-11T11:33:48.497+0000] {dag.py:3096} INFO - Sync 1 DAGs
[2024-05-11T11:33:48.527+0000] {logging_mixin.py:188} INFO - [2024-05-11T11:33:48.526+0000] {dag.py:3954} INFO - Setting next_dagrun for example_task_group to 2024-05-10 00:00:00+00:00, run_after=2024-05-11 00:00:00+00:00
[2024-05-11T11:33:48.554+0000] {processor.py:183} INFO - Processing /home/airflow/.local/lib/python3.12/site-packages/airflow/example_dags/example_task_group.py took 0.114 seconds
[2024-05-11T11:34:19.270+0000] {processor.py:161} INFO - Started process (PID=472) to work on /home/airflow/.local/lib/python3.12/site-packages/airflow/example_dags/example_task_group.py
[2024-05-11T11:34:19.272+0000] {processor.py:830} INFO - Processing file /home/airflow/.local/lib/python3.12/site-packages/airflow/example_dags/example_task_group.py for tasks to queue
[2024-05-11T11:34:19.274+0000] {logging_mixin.py:188} INFO - [2024-05-11T11:34:19.274+0000] {dagbag.py:545} INFO - Filling up the DagBag from /home/airflow/.local/lib/python3.12/site-packages/airflow/example_dags/example_task_group.py
[2024-05-11T11:34:19.284+0000] {processor.py:840} INFO - DAG(s) 'example_task_group' retrieved from /home/airflow/.local/lib/python3.12/site-packages/airflow/example_dags/example_task_group.py
[2024-05-11T11:34:19.308+0000] {logging_mixin.py:188} INFO - [2024-05-11T11:34:19.307+0000] {dag.py:3096} INFO - Sync 1 DAGs
[2024-05-11T11:34:19.342+0000] {logging_mixin.py:188} INFO - [2024-05-11T11:34:19.342+0000] {dag.py:3954} INFO - Setting next_dagrun for example_task_group to 2024-05-10 00:00:00+00:00, run_after=2024-05-11 00:00:00+00:00
[2024-05-11T11:34:19.372+0000] {processor.py:183} INFO - Processing /home/airflow/.local/lib/python3.12/site-packages/airflow/example_dags/example_task_group.py took 0.109 seconds
[2024-05-11T15:07:41.636+0000] {processor.py:161} INFO - Started process (PID=50) to work on /home/airflow/.local/lib/python3.12/site-packages/airflow/example_dags/example_task_group.py
[2024-05-11T15:07:41.638+0000] {processor.py:830} INFO - Processing file /home/airflow/.local/lib/python3.12/site-packages/airflow/example_dags/example_task_group.py for tasks to queue
[2024-05-11T15:07:41.641+0000] {logging_mixin.py:188} INFO - [2024-05-11T15:07:41.641+0000] {dagbag.py:545} INFO - Filling up the DagBag from /home/airflow/.local/lib/python3.12/site-packages/airflow/example_dags/example_task_group.py
[2024-05-11T15:07:41.663+0000] {processor.py:840} INFO - DAG(s) 'example_task_group' retrieved from /home/airflow/.local/lib/python3.12/site-packages/airflow/example_dags/example_task_group.py
[2024-05-11T15:07:41.919+0000] {logging_mixin.py:188} INFO - [2024-05-11T15:07:41.919+0000] {dag.py:3096} INFO - Sync 1 DAGs
[2024-05-11T15:07:41.946+0000] {logging_mixin.py:188} INFO - [2024-05-11T15:07:41.945+0000] {dag.py:3954} INFO - Setting next_dagrun for example_task_group to 2024-05-10 00:00:00+00:00, run_after=2024-05-11 00:00:00+00:00
[2024-05-11T15:07:41.977+0000] {processor.py:183} INFO - Processing /home/airflow/.local/lib/python3.12/site-packages/airflow/example_dags/example_task_group.py took 0.355 seconds
[2024-05-11T15:08:13.344+0000] {processor.py:161} INFO - Started process (PID=108) to work on /home/airflow/.local/lib/python3.12/site-packages/airflow/example_dags/example_task_group.py
[2024-05-11T15:08:13.346+0000] {processor.py:830} INFO - Processing file /home/airflow/.local/lib/python3.12/site-packages/airflow/example_dags/example_task_group.py for tasks to queue
[2024-05-11T15:08:13.348+0000] {logging_mixin.py:188} INFO - [2024-05-11T15:08:13.348+0000] {dagbag.py:545} INFO - Filling up the DagBag from /home/airflow/.local/lib/python3.12/site-packages/airflow/example_dags/example_task_group.py
[2024-05-11T15:08:13.355+0000] {processor.py:840} INFO - DAG(s) 'example_task_group' retrieved from /home/airflow/.local/lib/python3.12/site-packages/airflow/example_dags/example_task_group.py
[2024-05-11T15:08:13.378+0000] {logging_mixin.py:188} INFO - [2024-05-11T15:08:13.378+0000] {dag.py:3096} INFO - Sync 1 DAGs
[2024-05-11T15:08:13.407+0000] {logging_mixin.py:188} INFO - [2024-05-11T15:08:13.407+0000] {dag.py:3954} INFO - Setting next_dagrun for example_task_group to 2024-05-10 00:00:00+00:00, run_after=2024-05-11 00:00:00+00:00
[2024-05-11T15:08:13.428+0000] {processor.py:183} INFO - Processing /home/airflow/.local/lib/python3.12/site-packages/airflow/example_dags/example_task_group.py took 0.089 seconds
[2024-05-11T15:18:27.942+0000] {processor.py:161} INFO - Started process (PID=50) to work on /home/airflow/.local/lib/python3.12/site-packages/airflow/example_dags/example_task_group.py
[2024-05-11T15:18:27.945+0000] {processor.py:830} INFO - Processing file /home/airflow/.local/lib/python3.12/site-packages/airflow/example_dags/example_task_group.py for tasks to queue
[2024-05-11T15:18:27.949+0000] {logging_mixin.py:188} INFO - [2024-05-11T15:18:27.949+0000] {dagbag.py:545} INFO - Filling up the DagBag from /home/airflow/.local/lib/python3.12/site-packages/airflow/example_dags/example_task_group.py
[2024-05-11T15:18:27.962+0000] {processor.py:840} INFO - DAG(s) 'example_task_group' retrieved from /home/airflow/.local/lib/python3.12/site-packages/airflow/example_dags/example_task_group.py
[2024-05-11T15:18:27.986+0000] {logging_mixin.py:188} INFO - [2024-05-11T15:18:27.986+0000] {dag.py:3096} INFO - Sync 1 DAGs
[2024-05-11T15:18:28.044+0000] {logging_mixin.py:188} INFO - [2024-05-11T15:18:28.044+0000] {dag.py:3954} INFO - Setting next_dagrun for example_task_group to 2024-05-10 00:00:00+00:00, run_after=2024-05-11 00:00:00+00:00
[2024-05-11T15:18:28.080+0000] {processor.py:183} INFO - Processing /home/airflow/.local/lib/python3.12/site-packages/airflow/example_dags/example_task_group.py took 0.152 seconds
[2024-05-11T15:18:58.797+0000] {processor.py:161} INFO - Started process (PID=108) to work on /home/airflow/.local/lib/python3.12/site-packages/airflow/example_dags/example_task_group.py
[2024-05-11T15:18:58.799+0000] {processor.py:830} INFO - Processing file /home/airflow/.local/lib/python3.12/site-packages/airflow/example_dags/example_task_group.py for tasks to queue
[2024-05-11T15:18:58.800+0000] {logging_mixin.py:188} INFO - [2024-05-11T15:18:58.800+0000] {dagbag.py:545} INFO - Filling up the DagBag from /home/airflow/.local/lib/python3.12/site-packages/airflow/example_dags/example_task_group.py
[2024-05-11T15:18:58.807+0000] {processor.py:840} INFO - DAG(s) 'example_task_group' retrieved from /home/airflow/.local/lib/python3.12/site-packages/airflow/example_dags/example_task_group.py
[2024-05-11T15:18:58.822+0000] {logging_mixin.py:188} INFO - [2024-05-11T15:18:58.822+0000] {dag.py:3096} INFO - Sync 1 DAGs
[2024-05-11T15:18:58.849+0000] {logging_mixin.py:188} INFO - [2024-05-11T15:18:58.849+0000] {dag.py:3954} INFO - Setting next_dagrun for example_task_group to 2024-05-10 00:00:00+00:00, run_after=2024-05-11 00:00:00+00:00
[2024-05-11T15:18:58.873+0000] {processor.py:183} INFO - Processing /home/airflow/.local/lib/python3.12/site-packages/airflow/example_dags/example_task_group.py took 0.081 seconds
[2024-05-11T15:19:29.776+0000] {processor.py:161} INFO - Started process (PID=166) to work on /home/airflow/.local/lib/python3.12/site-packages/airflow/example_dags/example_task_group.py
[2024-05-11T15:19:29.777+0000] {processor.py:830} INFO - Processing file /home/airflow/.local/lib/python3.12/site-packages/airflow/example_dags/example_task_group.py for tasks to queue
[2024-05-11T15:19:29.778+0000] {logging_mixin.py:188} INFO - [2024-05-11T15:19:29.778+0000] {dagbag.py:545} INFO - Filling up the DagBag from /home/airflow/.local/lib/python3.12/site-packages/airflow/example_dags/example_task_group.py
[2024-05-11T15:19:29.784+0000] {processor.py:840} INFO - DAG(s) 'example_task_group' retrieved from /home/airflow/.local/lib/python3.12/site-packages/airflow/example_dags/example_task_group.py
[2024-05-11T15:19:29.874+0000] {logging_mixin.py:188} INFO - [2024-05-11T15:19:29.874+0000] {dag.py:3096} INFO - Sync 1 DAGs
[2024-05-11T15:19:29.892+0000] {logging_mixin.py:188} INFO - [2024-05-11T15:19:29.892+0000] {dag.py:3954} INFO - Setting next_dagrun for example_task_group to 2024-05-10 00:00:00+00:00, run_after=2024-05-11 00:00:00+00:00
[2024-05-11T15:19:29.908+0000] {processor.py:183} INFO - Processing /home/airflow/.local/lib/python3.12/site-packages/airflow/example_dags/example_task_group.py took 0.137 seconds
[2024-05-11T15:20:00.719+0000] {processor.py:161} INFO - Started process (PID=224) to work on /home/airflow/.local/lib/python3.12/site-packages/airflow/example_dags/example_task_group.py
[2024-05-11T15:20:00.719+0000] {processor.py:830} INFO - Processing file /home/airflow/.local/lib/python3.12/site-packages/airflow/example_dags/example_task_group.py for tasks to queue
[2024-05-11T15:20:00.721+0000] {logging_mixin.py:188} INFO - [2024-05-11T15:20:00.721+0000] {dagbag.py:545} INFO - Filling up the DagBag from /home/airflow/.local/lib/python3.12/site-packages/airflow/example_dags/example_task_group.py
[2024-05-11T15:20:00.727+0000] {processor.py:840} INFO - DAG(s) 'example_task_group' retrieved from /home/airflow/.local/lib/python3.12/site-packages/airflow/example_dags/example_task_group.py
[2024-05-11T15:20:00.745+0000] {logging_mixin.py:188} INFO - [2024-05-11T15:20:00.744+0000] {dag.py:3096} INFO - Sync 1 DAGs
[2024-05-11T15:20:00.763+0000] {logging_mixin.py:188} INFO - [2024-05-11T15:20:00.763+0000] {dag.py:3954} INFO - Setting next_dagrun for example_task_group to 2024-05-10 00:00:00+00:00, run_after=2024-05-11 00:00:00+00:00
[2024-05-11T15:20:00.779+0000] {processor.py:183} INFO - Processing /home/airflow/.local/lib/python3.12/site-packages/airflow/example_dags/example_task_group.py took 0.065 seconds
[2024-05-11T15:20:31.333+0000] {processor.py:161} INFO - Started process (PID=282) to work on /home/airflow/.local/lib/python3.12/site-packages/airflow/example_dags/example_task_group.py
[2024-05-11T15:20:31.335+0000] {processor.py:830} INFO - Processing file /home/airflow/.local/lib/python3.12/site-packages/airflow/example_dags/example_task_group.py for tasks to queue
[2024-05-11T15:20:31.339+0000] {logging_mixin.py:188} INFO - [2024-05-11T15:20:31.339+0000] {dagbag.py:545} INFO - Filling up the DagBag from /home/airflow/.local/lib/python3.12/site-packages/airflow/example_dags/example_task_group.py
[2024-05-11T15:20:31.348+0000] {processor.py:840} INFO - DAG(s) 'example_task_group' retrieved from /home/airflow/.local/lib/python3.12/site-packages/airflow/example_dags/example_task_group.py
[2024-05-11T15:20:31.386+0000] {logging_mixin.py:188} INFO - [2024-05-11T15:20:31.386+0000] {dag.py:3096} INFO - Sync 1 DAGs
[2024-05-11T15:20:31.424+0000] {logging_mixin.py:188} INFO - [2024-05-11T15:20:31.423+0000] {dag.py:3954} INFO - Setting next_dagrun for example_task_group to 2024-05-10 00:00:00+00:00, run_after=2024-05-11 00:00:00+00:00
[2024-05-11T15:20:31.456+0000] {processor.py:183} INFO - Processing /home/airflow/.local/lib/python3.12/site-packages/airflow/example_dags/example_task_group.py took 0.130 seconds
[2024-05-11T15:26:52.747+0000] {processor.py:161} INFO - Started process (PID=58) to work on /home/airflow/.local/lib/python3.12/site-packages/airflow/example_dags/example_task_group.py
[2024-05-11T15:26:52.750+0000] {processor.py:830} INFO - Processing file /home/airflow/.local/lib/python3.12/site-packages/airflow/example_dags/example_task_group.py for tasks to queue
[2024-05-11T15:26:52.767+0000] {logging_mixin.py:188} INFO - [2024-05-11T15:26:52.765+0000] {dagbag.py:545} INFO - Filling up the DagBag from /home/airflow/.local/lib/python3.12/site-packages/airflow/example_dags/example_task_group.py
[2024-05-11T15:26:52.785+0000] {processor.py:840} INFO - DAG(s) 'example_task_group' retrieved from /home/airflow/.local/lib/python3.12/site-packages/airflow/example_dags/example_task_group.py
[2024-05-11T15:26:58.024+0000] {logging_mixin.py:188} INFO - [2024-05-11T15:26:58.024+0000] {dag.py:3096} INFO - Sync 1 DAGs
[2024-05-11T15:26:58.111+0000] {logging_mixin.py:188} INFO - [2024-05-11T15:26:58.110+0000] {dag.py:3954} INFO - Setting next_dagrun for example_task_group to 2024-05-10 00:00:00+00:00, run_after=2024-05-11 00:00:00+00:00
[2024-05-11T15:26:58.227+0000] {processor.py:183} INFO - Processing /home/airflow/.local/lib/python3.12/site-packages/airflow/example_dags/example_task_group.py took 5.490 seconds
[2024-05-11T15:27:28.714+0000] {processor.py:161} INFO - Started process (PID=116) to work on /home/airflow/.local/lib/python3.12/site-packages/airflow/example_dags/example_task_group.py
[2024-05-11T15:27:28.779+0000] {processor.py:830} INFO - Processing file /home/airflow/.local/lib/python3.12/site-packages/airflow/example_dags/example_task_group.py for tasks to queue
[2024-05-11T15:27:29.084+0000] {logging_mixin.py:188} INFO - [2024-05-11T15:27:29.083+0000] {dagbag.py:545} INFO - Filling up the DagBag from /home/airflow/.local/lib/python3.12/site-packages/airflow/example_dags/example_task_group.py
[2024-05-11T15:27:29.154+0000] {processor.py:840} INFO - DAG(s) 'example_task_group' retrieved from /home/airflow/.local/lib/python3.12/site-packages/airflow/example_dags/example_task_group.py
[2024-05-11T15:27:29.932+0000] {logging_mixin.py:188} INFO - [2024-05-11T15:27:29.931+0000] {dag.py:3096} INFO - Sync 1 DAGs
[2024-05-11T15:27:29.964+0000] {logging_mixin.py:188} INFO - [2024-05-11T15:27:29.964+0000] {dag.py:3954} INFO - Setting next_dagrun for example_task_group to 2024-05-10 00:00:00+00:00, run_after=2024-05-11 00:00:00+00:00
[2024-05-11T15:27:30.023+0000] {processor.py:183} INFO - Processing /home/airflow/.local/lib/python3.12/site-packages/airflow/example_dags/example_task_group.py took 1.344 seconds
[2024-05-11T15:28:00.639+0000] {processor.py:161} INFO - Started process (PID=174) to work on /home/airflow/.local/lib/python3.12/site-packages/airflow/example_dags/example_task_group.py
[2024-05-11T15:28:00.640+0000] {processor.py:830} INFO - Processing file /home/airflow/.local/lib/python3.12/site-packages/airflow/example_dags/example_task_group.py for tasks to queue
[2024-05-11T15:28:00.642+0000] {logging_mixin.py:188} INFO - [2024-05-11T15:28:00.642+0000] {dagbag.py:545} INFO - Filling up the DagBag from /home/airflow/.local/lib/python3.12/site-packages/airflow/example_dags/example_task_group.py
[2024-05-11T15:28:00.647+0000] {processor.py:840} INFO - DAG(s) 'example_task_group' retrieved from /home/airflow/.local/lib/python3.12/site-packages/airflow/example_dags/example_task_group.py
[2024-05-11T15:28:00.663+0000] {logging_mixin.py:188} INFO - [2024-05-11T15:28:00.663+0000] {dag.py:3096} INFO - Sync 1 DAGs
[2024-05-11T15:28:00.680+0000] {logging_mixin.py:188} INFO - [2024-05-11T15:28:00.680+0000] {dag.py:3954} INFO - Setting next_dagrun for example_task_group to 2024-05-10 00:00:00+00:00, run_after=2024-05-11 00:00:00+00:00
[2024-05-11T15:28:00.696+0000] {processor.py:183} INFO - Processing /home/airflow/.local/lib/python3.12/site-packages/airflow/example_dags/example_task_group.py took 0.060 seconds
[2024-05-11T15:28:30.767+0000] {processor.py:161} INFO - Started process (PID=232) to work on /home/airflow/.local/lib/python3.12/site-packages/airflow/example_dags/example_task_group.py
[2024-05-11T15:28:30.769+0000] {processor.py:830} INFO - Processing file /home/airflow/.local/lib/python3.12/site-packages/airflow/example_dags/example_task_group.py for tasks to queue
[2024-05-11T15:28:30.770+0000] {logging_mixin.py:188} INFO - [2024-05-11T15:28:30.770+0000] {dagbag.py:545} INFO - Filling up the DagBag from /home/airflow/.local/lib/python3.12/site-packages/airflow/example_dags/example_task_group.py
[2024-05-11T15:28:30.776+0000] {processor.py:840} INFO - DAG(s) 'example_task_group' retrieved from /home/airflow/.local/lib/python3.12/site-packages/airflow/example_dags/example_task_group.py
[2024-05-11T15:28:30.796+0000] {logging_mixin.py:188} INFO - [2024-05-11T15:28:30.796+0000] {dag.py:3096} INFO - Sync 1 DAGs
[2024-05-11T15:28:30.816+0000] {logging_mixin.py:188} INFO - [2024-05-11T15:28:30.816+0000] {dag.py:3954} INFO - Setting next_dagrun for example_task_group to 2024-05-10 00:00:00+00:00, run_after=2024-05-11 00:00:00+00:00
[2024-05-11T15:28:30.834+0000] {processor.py:183} INFO - Processing /home/airflow/.local/lib/python3.12/site-packages/airflow/example_dags/example_task_group.py took 0.072 seconds
[2024-05-11T15:46:07.778+0000] {processor.py:161} INFO - Started process (PID=50) to work on /home/airflow/.local/lib/python3.12/site-packages/airflow/example_dags/example_task_group.py
[2024-05-11T15:46:07.779+0000] {processor.py:830} INFO - Processing file /home/airflow/.local/lib/python3.12/site-packages/airflow/example_dags/example_task_group.py for tasks to queue
[2024-05-11T15:46:07.782+0000] {logging_mixin.py:188} INFO - [2024-05-11T15:46:07.782+0000] {dagbag.py:545} INFO - Filling up the DagBag from /home/airflow/.local/lib/python3.12/site-packages/airflow/example_dags/example_task_group.py
[2024-05-11T15:46:07.796+0000] {processor.py:840} INFO - DAG(s) 'example_task_group' retrieved from /home/airflow/.local/lib/python3.12/site-packages/airflow/example_dags/example_task_group.py
[2024-05-11T15:46:07.932+0000] {logging_mixin.py:188} INFO - [2024-05-11T15:46:07.932+0000] {dag.py:3096} INFO - Sync 1 DAGs
[2024-05-11T15:46:08.005+0000] {logging_mixin.py:188} INFO - [2024-05-11T15:46:08.005+0000] {dag.py:3954} INFO - Setting next_dagrun for example_task_group to 2024-05-10 00:00:00+00:00, run_after=2024-05-11 00:00:00+00:00
[2024-05-11T15:46:08.110+0000] {processor.py:183} INFO - Processing /home/airflow/.local/lib/python3.12/site-packages/airflow/example_dags/example_task_group.py took 0.409 seconds
[2024-05-11T15:46:39.482+0000] {processor.py:161} INFO - Started process (PID=108) to work on /home/airflow/.local/lib/python3.12/site-packages/airflow/example_dags/example_task_group.py
[2024-05-11T15:46:39.483+0000] {processor.py:830} INFO - Processing file /home/airflow/.local/lib/python3.12/site-packages/airflow/example_dags/example_task_group.py for tasks to queue
[2024-05-11T15:46:39.486+0000] {logging_mixin.py:188} INFO - [2024-05-11T15:46:39.485+0000] {dagbag.py:545} INFO - Filling up the DagBag from /home/airflow/.local/lib/python3.12/site-packages/airflow/example_dags/example_task_group.py
[2024-05-11T15:46:39.501+0000] {processor.py:840} INFO - DAG(s) 'example_task_group' retrieved from /home/airflow/.local/lib/python3.12/site-packages/airflow/example_dags/example_task_group.py
[2024-05-11T15:46:39.618+0000] {logging_mixin.py:188} INFO - [2024-05-11T15:46:39.618+0000] {dag.py:3096} INFO - Sync 1 DAGs
[2024-05-11T15:46:39.670+0000] {logging_mixin.py:188} INFO - [2024-05-11T15:46:39.669+0000] {dag.py:3954} INFO - Setting next_dagrun for example_task_group to 2024-05-10 00:00:00+00:00, run_after=2024-05-11 00:00:00+00:00
[2024-05-11T15:46:39.705+0000] {processor.py:183} INFO - Processing /home/airflow/.local/lib/python3.12/site-packages/airflow/example_dags/example_task_group.py took 0.246 seconds
[2024-05-11T15:47:10.455+0000] {processor.py:161} INFO - Started process (PID=166) to work on /home/airflow/.local/lib/python3.12/site-packages/airflow/example_dags/example_task_group.py
[2024-05-11T15:47:10.514+0000] {processor.py:830} INFO - Processing file /home/airflow/.local/lib/python3.12/site-packages/airflow/example_dags/example_task_group.py for tasks to queue
[2024-05-11T15:47:10.516+0000] {logging_mixin.py:188} INFO - [2024-05-11T15:47:10.515+0000] {dagbag.py:545} INFO - Filling up the DagBag from /home/airflow/.local/lib/python3.12/site-packages/airflow/example_dags/example_task_group.py
[2024-05-11T15:47:10.584+0000] {processor.py:840} INFO - DAG(s) 'example_task_group' retrieved from /home/airflow/.local/lib/python3.12/site-packages/airflow/example_dags/example_task_group.py
[2024-05-11T15:47:10.602+0000] {logging_mixin.py:188} INFO - [2024-05-11T15:47:10.602+0000] {dag.py:3096} INFO - Sync 1 DAGs
[2024-05-11T15:47:10.621+0000] {logging_mixin.py:188} INFO - [2024-05-11T15:47:10.621+0000] {dag.py:3954} INFO - Setting next_dagrun for example_task_group to 2024-05-10 00:00:00+00:00, run_after=2024-05-11 00:00:00+00:00
[2024-05-11T15:47:10.895+0000] {processor.py:183} INFO - Processing /home/airflow/.local/lib/python3.12/site-packages/airflow/example_dags/example_task_group.py took 0.444 seconds
[2024-05-11T15:47:41.729+0000] {processor.py:161} INFO - Started process (PID=224) to work on /home/airflow/.local/lib/python3.12/site-packages/airflow/example_dags/example_task_group.py
[2024-05-11T15:47:41.729+0000] {processor.py:830} INFO - Processing file /home/airflow/.local/lib/python3.12/site-packages/airflow/example_dags/example_task_group.py for tasks to queue
[2024-05-11T15:47:41.731+0000] {logging_mixin.py:188} INFO - [2024-05-11T15:47:41.731+0000] {dagbag.py:545} INFO - Filling up the DagBag from /home/airflow/.local/lib/python3.12/site-packages/airflow/example_dags/example_task_group.py
[2024-05-11T15:47:41.736+0000] {processor.py:840} INFO - DAG(s) 'example_task_group' retrieved from /home/airflow/.local/lib/python3.12/site-packages/airflow/example_dags/example_task_group.py
[2024-05-11T15:47:41.753+0000] {logging_mixin.py:188} INFO - [2024-05-11T15:47:41.753+0000] {dag.py:3096} INFO - Sync 1 DAGs
[2024-05-11T15:47:41.771+0000] {logging_mixin.py:188} INFO - [2024-05-11T15:47:41.771+0000] {dag.py:3954} INFO - Setting next_dagrun for example_task_group to 2024-05-10 00:00:00+00:00, run_after=2024-05-11 00:00:00+00:00
[2024-05-11T15:47:41.822+0000] {processor.py:183} INFO - Processing /home/airflow/.local/lib/python3.12/site-packages/airflow/example_dags/example_task_group.py took 0.098 seconds
[2024-05-11T15:48:11.898+0000] {processor.py:161} INFO - Started process (PID=282) to work on /home/airflow/.local/lib/python3.12/site-packages/airflow/example_dags/example_task_group.py
[2024-05-11T15:48:11.899+0000] {processor.py:830} INFO - Processing file /home/airflow/.local/lib/python3.12/site-packages/airflow/example_dags/example_task_group.py for tasks to queue
[2024-05-11T15:48:11.900+0000] {logging_mixin.py:188} INFO - [2024-05-11T15:48:11.900+0000] {dagbag.py:545} INFO - Filling up the DagBag from /home/airflow/.local/lib/python3.12/site-packages/airflow/example_dags/example_task_group.py
[2024-05-11T15:48:11.906+0000] {processor.py:840} INFO - DAG(s) 'example_task_group' retrieved from /home/airflow/.local/lib/python3.12/site-packages/airflow/example_dags/example_task_group.py
[2024-05-11T15:48:11.925+0000] {logging_mixin.py:188} INFO - [2024-05-11T15:48:11.924+0000] {dag.py:3096} INFO - Sync 1 DAGs
[2024-05-11T15:48:11.943+0000] {logging_mixin.py:188} INFO - [2024-05-11T15:48:11.943+0000] {dag.py:3954} INFO - Setting next_dagrun for example_task_group to 2024-05-10 00:00:00+00:00, run_after=2024-05-11 00:00:00+00:00
[2024-05-11T15:48:11.966+0000] {processor.py:183} INFO - Processing /home/airflow/.local/lib/python3.12/site-packages/airflow/example_dags/example_task_group.py took 0.073 seconds
[2024-05-11T15:48:42.242+0000] {processor.py:161} INFO - Started process (PID=340) to work on /home/airflow/.local/lib/python3.12/site-packages/airflow/example_dags/example_task_group.py
[2024-05-11T15:48:42.243+0000] {processor.py:830} INFO - Processing file /home/airflow/.local/lib/python3.12/site-packages/airflow/example_dags/example_task_group.py for tasks to queue
[2024-05-11T15:48:42.244+0000] {logging_mixin.py:188} INFO - [2024-05-11T15:48:42.244+0000] {dagbag.py:545} INFO - Filling up the DagBag from /home/airflow/.local/lib/python3.12/site-packages/airflow/example_dags/example_task_group.py
[2024-05-11T15:48:42.250+0000] {processor.py:840} INFO - DAG(s) 'example_task_group' retrieved from /home/airflow/.local/lib/python3.12/site-packages/airflow/example_dags/example_task_group.py
[2024-05-11T15:48:42.267+0000] {logging_mixin.py:188} INFO - [2024-05-11T15:48:42.267+0000] {dag.py:3096} INFO - Sync 1 DAGs
[2024-05-11T15:48:42.286+0000] {logging_mixin.py:188} INFO - [2024-05-11T15:48:42.286+0000] {dag.py:3954} INFO - Setting next_dagrun for example_task_group to 2024-05-10 00:00:00+00:00, run_after=2024-05-11 00:00:00+00:00
[2024-05-11T15:48:42.316+0000] {processor.py:183} INFO - Processing /home/airflow/.local/lib/python3.12/site-packages/airflow/example_dags/example_task_group.py took 0.079 seconds
[2024-05-11T15:49:12.739+0000] {processor.py:161} INFO - Started process (PID=398) to work on /home/airflow/.local/lib/python3.12/site-packages/airflow/example_dags/example_task_group.py
[2024-05-11T15:49:12.740+0000] {processor.py:830} INFO - Processing file /home/airflow/.local/lib/python3.12/site-packages/airflow/example_dags/example_task_group.py for tasks to queue
[2024-05-11T15:49:12.741+0000] {logging_mixin.py:188} INFO - [2024-05-11T15:49:12.741+0000] {dagbag.py:545} INFO - Filling up the DagBag from /home/airflow/.local/lib/python3.12/site-packages/airflow/example_dags/example_task_group.py
[2024-05-11T15:49:12.747+0000] {processor.py:840} INFO - DAG(s) 'example_task_group' retrieved from /home/airflow/.local/lib/python3.12/site-packages/airflow/example_dags/example_task_group.py
[2024-05-11T15:49:12.766+0000] {logging_mixin.py:188} INFO - [2024-05-11T15:49:12.765+0000] {dag.py:3096} INFO - Sync 1 DAGs
[2024-05-11T15:49:12.784+0000] {logging_mixin.py:188} INFO - [2024-05-11T15:49:12.784+0000] {dag.py:3954} INFO - Setting next_dagrun for example_task_group to 2024-05-10 00:00:00+00:00, run_after=2024-05-11 00:00:00+00:00
[2024-05-11T15:49:12.801+0000] {processor.py:183} INFO - Processing /home/airflow/.local/lib/python3.12/site-packages/airflow/example_dags/example_task_group.py took 0.066 seconds
[2024-05-11T15:49:43.009+0000] {processor.py:161} INFO - Started process (PID=456) to work on /home/airflow/.local/lib/python3.12/site-packages/airflow/example_dags/example_task_group.py
[2024-05-11T15:49:43.010+0000] {processor.py:830} INFO - Processing file /home/airflow/.local/lib/python3.12/site-packages/airflow/example_dags/example_task_group.py for tasks to queue
[2024-05-11T15:49:43.011+0000] {logging_mixin.py:188} INFO - [2024-05-11T15:49:43.011+0000] {dagbag.py:545} INFO - Filling up the DagBag from /home/airflow/.local/lib/python3.12/site-packages/airflow/example_dags/example_task_group.py
[2024-05-11T15:49:43.018+0000] {processor.py:840} INFO - DAG(s) 'example_task_group' retrieved from /home/airflow/.local/lib/python3.12/site-packages/airflow/example_dags/example_task_group.py
[2024-05-11T15:49:43.042+0000] {logging_mixin.py:188} INFO - [2024-05-11T15:49:43.042+0000] {dag.py:3096} INFO - Sync 1 DAGs
[2024-05-11T15:49:43.063+0000] {logging_mixin.py:188} INFO - [2024-05-11T15:49:43.063+0000] {dag.py:3954} INFO - Setting next_dagrun for example_task_group to 2024-05-10 00:00:00+00:00, run_after=2024-05-11 00:00:00+00:00
[2024-05-11T15:49:43.085+0000] {processor.py:183} INFO - Processing /home/airflow/.local/lib/python3.12/site-packages/airflow/example_dags/example_task_group.py took 0.082 seconds
[2024-05-11T15:50:13.524+0000] {processor.py:161} INFO - Started process (PID=515) to work on /home/airflow/.local/lib/python3.12/site-packages/airflow/example_dags/example_task_group.py
[2024-05-11T15:50:13.525+0000] {processor.py:830} INFO - Processing file /home/airflow/.local/lib/python3.12/site-packages/airflow/example_dags/example_task_group.py for tasks to queue
[2024-05-11T15:50:13.526+0000] {logging_mixin.py:188} INFO - [2024-05-11T15:50:13.526+0000] {dagbag.py:545} INFO - Filling up the DagBag from /home/airflow/.local/lib/python3.12/site-packages/airflow/example_dags/example_task_group.py
[2024-05-11T15:50:13.532+0000] {processor.py:840} INFO - DAG(s) 'example_task_group' retrieved from /home/airflow/.local/lib/python3.12/site-packages/airflow/example_dags/example_task_group.py
[2024-05-11T15:50:13.561+0000] {logging_mixin.py:188} INFO - [2024-05-11T15:50:13.561+0000] {dag.py:3096} INFO - Sync 1 DAGs
[2024-05-11T15:50:13.584+0000] {logging_mixin.py:188} INFO - [2024-05-11T15:50:13.584+0000] {dag.py:3954} INFO - Setting next_dagrun for example_task_group to 2024-05-10 00:00:00+00:00, run_after=2024-05-11 00:00:00+00:00
[2024-05-11T15:50:13.601+0000] {processor.py:183} INFO - Processing /home/airflow/.local/lib/python3.12/site-packages/airflow/example_dags/example_task_group.py took 0.082 seconds
[2024-05-11T15:50:43.708+0000] {processor.py:161} INFO - Started process (PID=573) to work on /home/airflow/.local/lib/python3.12/site-packages/airflow/example_dags/example_task_group.py
[2024-05-11T15:50:43.708+0000] {processor.py:830} INFO - Processing file /home/airflow/.local/lib/python3.12/site-packages/airflow/example_dags/example_task_group.py for tasks to queue
[2024-05-11T15:50:43.710+0000] {logging_mixin.py:188} INFO - [2024-05-11T15:50:43.710+0000] {dagbag.py:545} INFO - Filling up the DagBag from /home/airflow/.local/lib/python3.12/site-packages/airflow/example_dags/example_task_group.py
[2024-05-11T15:50:43.716+0000] {processor.py:840} INFO - DAG(s) 'example_task_group' retrieved from /home/airflow/.local/lib/python3.12/site-packages/airflow/example_dags/example_task_group.py
[2024-05-11T15:50:43.732+0000] {logging_mixin.py:188} INFO - [2024-05-11T15:50:43.732+0000] {dag.py:3096} INFO - Sync 1 DAGs
[2024-05-11T15:50:43.751+0000] {logging_mixin.py:188} INFO - [2024-05-11T15:50:43.751+0000] {dag.py:3954} INFO - Setting next_dagrun for example_task_group to 2024-05-10 00:00:00+00:00, run_after=2024-05-11 00:00:00+00:00
[2024-05-11T15:50:43.771+0000] {processor.py:183} INFO - Processing /home/airflow/.local/lib/python3.12/site-packages/airflow/example_dags/example_task_group.py took 0.065 seconds
[2024-05-11T15:51:13.916+0000] {processor.py:161} INFO - Started process (PID=631) to work on /home/airflow/.local/lib/python3.12/site-packages/airflow/example_dags/example_task_group.py
[2024-05-11T15:51:13.917+0000] {processor.py:830} INFO - Processing file /home/airflow/.local/lib/python3.12/site-packages/airflow/example_dags/example_task_group.py for tasks to queue
[2024-05-11T15:51:13.918+0000] {logging_mixin.py:188} INFO - [2024-05-11T15:51:13.918+0000] {dagbag.py:545} INFO - Filling up the DagBag from /home/airflow/.local/lib/python3.12/site-packages/airflow/example_dags/example_task_group.py
[2024-05-11T15:51:13.924+0000] {processor.py:840} INFO - DAG(s) 'example_task_group' retrieved from /home/airflow/.local/lib/python3.12/site-packages/airflow/example_dags/example_task_group.py
[2024-05-11T15:51:13.940+0000] {logging_mixin.py:188} INFO - [2024-05-11T15:51:13.940+0000] {dag.py:3096} INFO - Sync 1 DAGs
[2024-05-11T15:51:13.957+0000] {logging_mixin.py:188} INFO - [2024-05-11T15:51:13.957+0000] {dag.py:3954} INFO - Setting next_dagrun for example_task_group to 2024-05-10 00:00:00+00:00, run_after=2024-05-11 00:00:00+00:00
[2024-05-11T15:51:13.974+0000] {processor.py:183} INFO - Processing /home/airflow/.local/lib/python3.12/site-packages/airflow/example_dags/example_task_group.py took 0.062 seconds
[2024-05-11T15:51:44.109+0000] {processor.py:161} INFO - Started process (PID=688) to work on /home/airflow/.local/lib/python3.12/site-packages/airflow/example_dags/example_task_group.py
[2024-05-11T15:51:44.116+0000] {processor.py:830} INFO - Processing file /home/airflow/.local/lib/python3.12/site-packages/airflow/example_dags/example_task_group.py for tasks to queue
[2024-05-11T15:51:44.118+0000] {logging_mixin.py:188} INFO - [2024-05-11T15:51:44.118+0000] {dagbag.py:545} INFO - Filling up the DagBag from /home/airflow/.local/lib/python3.12/site-packages/airflow/example_dags/example_task_group.py
[2024-05-11T15:51:44.125+0000] {processor.py:840} INFO - DAG(s) 'example_task_group' retrieved from /home/airflow/.local/lib/python3.12/site-packages/airflow/example_dags/example_task_group.py
[2024-05-11T15:51:44.151+0000] {logging_mixin.py:188} INFO - [2024-05-11T15:51:44.151+0000] {dag.py:3096} INFO - Sync 1 DAGs
[2024-05-11T15:51:44.179+0000] {logging_mixin.py:188} INFO - [2024-05-11T15:51:44.178+0000] {dag.py:3954} INFO - Setting next_dagrun for example_task_group to 2024-05-10 00:00:00+00:00, run_after=2024-05-11 00:00:00+00:00
[2024-05-11T15:51:44.205+0000] {processor.py:183} INFO - Processing /home/airflow/.local/lib/python3.12/site-packages/airflow/example_dags/example_task_group.py took 0.101 seconds
[2024-05-11T15:52:14.711+0000] {processor.py:161} INFO - Started process (PID=745) to work on /home/airflow/.local/lib/python3.12/site-packages/airflow/example_dags/example_task_group.py
[2024-05-11T15:52:14.712+0000] {processor.py:830} INFO - Processing file /home/airflow/.local/lib/python3.12/site-packages/airflow/example_dags/example_task_group.py for tasks to queue
[2024-05-11T15:52:14.717+0000] {logging_mixin.py:188} INFO - [2024-05-11T15:52:14.716+0000] {dagbag.py:545} INFO - Filling up the DagBag from /home/airflow/.local/lib/python3.12/site-packages/airflow/example_dags/example_task_group.py
[2024-05-11T15:52:14.729+0000] {processor.py:840} INFO - DAG(s) 'example_task_group' retrieved from /home/airflow/.local/lib/python3.12/site-packages/airflow/example_dags/example_task_group.py
[2024-05-11T15:52:14.762+0000] {logging_mixin.py:188} INFO - [2024-05-11T15:52:14.762+0000] {dag.py:3096} INFO - Sync 1 DAGs
[2024-05-11T15:52:14.810+0000] {logging_mixin.py:188} INFO - [2024-05-11T15:52:14.810+0000] {dag.py:3954} INFO - Setting next_dagrun for example_task_group to 2024-05-10 00:00:00+00:00, run_after=2024-05-11 00:00:00+00:00
[2024-05-11T15:52:14.846+0000] {processor.py:183} INFO - Processing /home/airflow/.local/lib/python3.12/site-packages/airflow/example_dags/example_task_group.py took 0.157 seconds
[2024-05-11T15:52:44.972+0000] {processor.py:161} INFO - Started process (PID=803) to work on /home/airflow/.local/lib/python3.12/site-packages/airflow/example_dags/example_task_group.py
[2024-05-11T15:52:44.974+0000] {processor.py:830} INFO - Processing file /home/airflow/.local/lib/python3.12/site-packages/airflow/example_dags/example_task_group.py for tasks to queue
[2024-05-11T15:52:44.975+0000] {logging_mixin.py:188} INFO - [2024-05-11T15:52:44.975+0000] {dagbag.py:545} INFO - Filling up the DagBag from /home/airflow/.local/lib/python3.12/site-packages/airflow/example_dags/example_task_group.py
[2024-05-11T15:52:44.981+0000] {processor.py:840} INFO - DAG(s) 'example_task_group' retrieved from /home/airflow/.local/lib/python3.12/site-packages/airflow/example_dags/example_task_group.py
[2024-05-11T15:52:44.998+0000] {logging_mixin.py:188} INFO - [2024-05-11T15:52:44.998+0000] {dag.py:3096} INFO - Sync 1 DAGs
[2024-05-11T15:52:45.016+0000] {logging_mixin.py:188} INFO - [2024-05-11T15:52:45.016+0000] {dag.py:3954} INFO - Setting next_dagrun for example_task_group to 2024-05-10 00:00:00+00:00, run_after=2024-05-11 00:00:00+00:00
[2024-05-11T15:52:45.032+0000] {processor.py:183} INFO - Processing /home/airflow/.local/lib/python3.12/site-packages/airflow/example_dags/example_task_group.py took 0.064 seconds
[2024-05-11T15:53:15.623+0000] {processor.py:161} INFO - Started process (PID=861) to work on /home/airflow/.local/lib/python3.12/site-packages/airflow/example_dags/example_task_group.py
[2024-05-11T15:53:15.624+0000] {processor.py:830} INFO - Processing file /home/airflow/.local/lib/python3.12/site-packages/airflow/example_dags/example_task_group.py for tasks to queue
[2024-05-11T15:53:15.626+0000] {logging_mixin.py:188} INFO - [2024-05-11T15:53:15.625+0000] {dagbag.py:545} INFO - Filling up the DagBag from /home/airflow/.local/lib/python3.12/site-packages/airflow/example_dags/example_task_group.py
[2024-05-11T15:53:15.633+0000] {processor.py:840} INFO - DAG(s) 'example_task_group' retrieved from /home/airflow/.local/lib/python3.12/site-packages/airflow/example_dags/example_task_group.py
[2024-05-11T15:53:15.653+0000] {logging_mixin.py:188} INFO - [2024-05-11T15:53:15.652+0000] {dag.py:3096} INFO - Sync 1 DAGs
[2024-05-11T15:53:15.674+0000] {logging_mixin.py:188} INFO - [2024-05-11T15:53:15.673+0000] {dag.py:3954} INFO - Setting next_dagrun for example_task_group to 2024-05-10 00:00:00+00:00, run_after=2024-05-11 00:00:00+00:00
[2024-05-11T15:53:15.692+0000] {processor.py:183} INFO - Processing /home/airflow/.local/lib/python3.12/site-packages/airflow/example_dags/example_task_group.py took 0.076 seconds
[2024-05-11T15:53:46.401+0000] {processor.py:161} INFO - Started process (PID=919) to work on /home/airflow/.local/lib/python3.12/site-packages/airflow/example_dags/example_task_group.py
[2024-05-11T15:53:46.402+0000] {processor.py:830} INFO - Processing file /home/airflow/.local/lib/python3.12/site-packages/airflow/example_dags/example_task_group.py for tasks to queue
[2024-05-11T15:53:46.404+0000] {logging_mixin.py:188} INFO - [2024-05-11T15:53:46.403+0000] {dagbag.py:545} INFO - Filling up the DagBag from /home/airflow/.local/lib/python3.12/site-packages/airflow/example_dags/example_task_group.py
[2024-05-11T15:53:46.412+0000] {processor.py:840} INFO - DAG(s) 'example_task_group' retrieved from /home/airflow/.local/lib/python3.12/site-packages/airflow/example_dags/example_task_group.py
[2024-05-11T15:53:46.434+0000] {logging_mixin.py:188} INFO - [2024-05-11T15:53:46.434+0000] {dag.py:3096} INFO - Sync 1 DAGs
[2024-05-11T15:53:46.457+0000] {logging_mixin.py:188} INFO - [2024-05-11T15:53:46.456+0000] {dag.py:3954} INFO - Setting next_dagrun for example_task_group to 2024-05-10 00:00:00+00:00, run_after=2024-05-11 00:00:00+00:00
[2024-05-11T15:53:46.485+0000] {processor.py:183} INFO - Processing /home/airflow/.local/lib/python3.12/site-packages/airflow/example_dags/example_task_group.py took 0.090 seconds
[2024-05-11T15:54:16.825+0000] {processor.py:161} INFO - Started process (PID=977) to work on /home/airflow/.local/lib/python3.12/site-packages/airflow/example_dags/example_task_group.py
[2024-05-11T15:54:16.826+0000] {processor.py:830} INFO - Processing file /home/airflow/.local/lib/python3.12/site-packages/airflow/example_dags/example_task_group.py for tasks to queue
[2024-05-11T15:54:16.827+0000] {logging_mixin.py:188} INFO - [2024-05-11T15:54:16.827+0000] {dagbag.py:545} INFO - Filling up the DagBag from /home/airflow/.local/lib/python3.12/site-packages/airflow/example_dags/example_task_group.py
[2024-05-11T15:54:16.833+0000] {processor.py:840} INFO - DAG(s) 'example_task_group' retrieved from /home/airflow/.local/lib/python3.12/site-packages/airflow/example_dags/example_task_group.py
[2024-05-11T15:54:16.851+0000] {logging_mixin.py:188} INFO - [2024-05-11T15:54:16.851+0000] {dag.py:3096} INFO - Sync 1 DAGs
[2024-05-11T15:54:16.870+0000] {logging_mixin.py:188} INFO - [2024-05-11T15:54:16.870+0000] {dag.py:3954} INFO - Setting next_dagrun for example_task_group to 2024-05-10 00:00:00+00:00, run_after=2024-05-11 00:00:00+00:00
[2024-05-11T15:54:16.888+0000] {processor.py:183} INFO - Processing /home/airflow/.local/lib/python3.12/site-packages/airflow/example_dags/example_task_group.py took 0.068 seconds
[2024-05-11T15:54:47.635+0000] {processor.py:161} INFO - Started process (PID=1035) to work on /home/airflow/.local/lib/python3.12/site-packages/airflow/example_dags/example_task_group.py
[2024-05-11T15:54:47.635+0000] {processor.py:830} INFO - Processing file /home/airflow/.local/lib/python3.12/site-packages/airflow/example_dags/example_task_group.py for tasks to queue
[2024-05-11T15:54:47.637+0000] {logging_mixin.py:188} INFO - [2024-05-11T15:54:47.637+0000] {dagbag.py:545} INFO - Filling up the DagBag from /home/airflow/.local/lib/python3.12/site-packages/airflow/example_dags/example_task_group.py
[2024-05-11T15:54:47.644+0000] {processor.py:840} INFO - DAG(s) 'example_task_group' retrieved from /home/airflow/.local/lib/python3.12/site-packages/airflow/example_dags/example_task_group.py
[2024-05-11T15:54:47.676+0000] {logging_mixin.py:188} INFO - [2024-05-11T15:54:47.675+0000] {dag.py:3096} INFO - Sync 1 DAGs
[2024-05-11T15:54:47.699+0000] {logging_mixin.py:188} INFO - [2024-05-11T15:54:47.699+0000] {dag.py:3954} INFO - Setting next_dagrun for example_task_group to 2024-05-10 00:00:00+00:00, run_after=2024-05-11 00:00:00+00:00
[2024-05-11T15:54:47.716+0000] {processor.py:183} INFO - Processing /home/airflow/.local/lib/python3.12/site-packages/airflow/example_dags/example_task_group.py took 0.086 seconds
[2024-05-11T15:55:18.267+0000] {processor.py:161} INFO - Started process (PID=1093) to work on /home/airflow/.local/lib/python3.12/site-packages/airflow/example_dags/example_task_group.py
[2024-05-11T15:55:18.269+0000] {processor.py:830} INFO - Processing file /home/airflow/.local/lib/python3.12/site-packages/airflow/example_dags/example_task_group.py for tasks to queue
[2024-05-11T15:55:18.270+0000] {logging_mixin.py:188} INFO - [2024-05-11T15:55:18.270+0000] {dagbag.py:545} INFO - Filling up the DagBag from /home/airflow/.local/lib/python3.12/site-packages/airflow/example_dags/example_task_group.py
[2024-05-11T15:55:18.283+0000] {processor.py:840} INFO - DAG(s) 'example_task_group' retrieved from /home/airflow/.local/lib/python3.12/site-packages/airflow/example_dags/example_task_group.py
[2024-05-11T15:55:18.315+0000] {logging_mixin.py:188} INFO - [2024-05-11T15:55:18.315+0000] {dag.py:3096} INFO - Sync 1 DAGs
[2024-05-11T15:55:18.345+0000] {logging_mixin.py:188} INFO - [2024-05-11T15:55:18.344+0000] {dag.py:3954} INFO - Setting next_dagrun for example_task_group to 2024-05-10 00:00:00+00:00, run_after=2024-05-11 00:00:00+00:00
[2024-05-11T15:55:18.382+0000] {processor.py:183} INFO - Processing /home/airflow/.local/lib/python3.12/site-packages/airflow/example_dags/example_task_group.py took 0.121 seconds
[2024-05-11T15:55:48.928+0000] {processor.py:161} INFO - Started process (PID=1158) to work on /home/airflow/.local/lib/python3.12/site-packages/airflow/example_dags/example_task_group.py
[2024-05-11T15:55:48.930+0000] {processor.py:830} INFO - Processing file /home/airflow/.local/lib/python3.12/site-packages/airflow/example_dags/example_task_group.py for tasks to queue
[2024-05-11T15:55:48.932+0000] {logging_mixin.py:188} INFO - [2024-05-11T15:55:48.932+0000] {dagbag.py:545} INFO - Filling up the DagBag from /home/airflow/.local/lib/python3.12/site-packages/airflow/example_dags/example_task_group.py
[2024-05-11T15:55:48.938+0000] {processor.py:840} INFO - DAG(s) 'example_task_group' retrieved from /home/airflow/.local/lib/python3.12/site-packages/airflow/example_dags/example_task_group.py
[2024-05-11T15:55:48.960+0000] {logging_mixin.py:188} INFO - [2024-05-11T15:55:48.959+0000] {dag.py:3096} INFO - Sync 1 DAGs
[2024-05-11T15:55:48.981+0000] {logging_mixin.py:188} INFO - [2024-05-11T15:55:48.981+0000] {dag.py:3954} INFO - Setting next_dagrun for example_task_group to 2024-05-10 00:00:00+00:00, run_after=2024-05-11 00:00:00+00:00
[2024-05-11T15:55:49.000+0000] {processor.py:183} INFO - Processing /home/airflow/.local/lib/python3.12/site-packages/airflow/example_dags/example_task_group.py took 0.076 seconds
[2024-05-11T15:56:19.572+0000] {processor.py:161} INFO - Started process (PID=1216) to work on /home/airflow/.local/lib/python3.12/site-packages/airflow/example_dags/example_task_group.py
[2024-05-11T15:56:19.574+0000] {processor.py:830} INFO - Processing file /home/airflow/.local/lib/python3.12/site-packages/airflow/example_dags/example_task_group.py for tasks to queue
[2024-05-11T15:56:19.576+0000] {logging_mixin.py:188} INFO - [2024-05-11T15:56:19.576+0000] {dagbag.py:545} INFO - Filling up the DagBag from /home/airflow/.local/lib/python3.12/site-packages/airflow/example_dags/example_task_group.py
[2024-05-11T15:56:19.584+0000] {processor.py:840} INFO - DAG(s) 'example_task_group' retrieved from /home/airflow/.local/lib/python3.12/site-packages/airflow/example_dags/example_task_group.py
[2024-05-11T15:56:19.608+0000] {logging_mixin.py:188} INFO - [2024-05-11T15:56:19.608+0000] {dag.py:3096} INFO - Sync 1 DAGs
[2024-05-11T15:56:19.631+0000] {logging_mixin.py:188} INFO - [2024-05-11T15:56:19.630+0000] {dag.py:3954} INFO - Setting next_dagrun for example_task_group to 2024-05-10 00:00:00+00:00, run_after=2024-05-11 00:00:00+00:00
[2024-05-11T15:56:19.648+0000] {processor.py:183} INFO - Processing /home/airflow/.local/lib/python3.12/site-packages/airflow/example_dags/example_task_group.py took 0.084 seconds
[2024-05-11T15:56:50.234+0000] {processor.py:161} INFO - Started process (PID=1274) to work on /home/airflow/.local/lib/python3.12/site-packages/airflow/example_dags/example_task_group.py
[2024-05-11T15:56:50.236+0000] {processor.py:830} INFO - Processing file /home/airflow/.local/lib/python3.12/site-packages/airflow/example_dags/example_task_group.py for tasks to queue
[2024-05-11T15:56:50.239+0000] {logging_mixin.py:188} INFO - [2024-05-11T15:56:50.238+0000] {dagbag.py:545} INFO - Filling up the DagBag from /home/airflow/.local/lib/python3.12/site-packages/airflow/example_dags/example_task_group.py
[2024-05-11T15:56:50.247+0000] {processor.py:840} INFO - DAG(s) 'example_task_group' retrieved from /home/airflow/.local/lib/python3.12/site-packages/airflow/example_dags/example_task_group.py
[2024-05-11T15:56:50.267+0000] {logging_mixin.py:188} INFO - [2024-05-11T15:56:50.267+0000] {dag.py:3096} INFO - Sync 1 DAGs
[2024-05-11T15:56:50.288+0000] {logging_mixin.py:188} INFO - [2024-05-11T15:56:50.288+0000] {dag.py:3954} INFO - Setting next_dagrun for example_task_group to 2024-05-10 00:00:00+00:00, run_after=2024-05-11 00:00:00+00:00
[2024-05-11T15:56:50.304+0000] {processor.py:183} INFO - Processing /home/airflow/.local/lib/python3.12/site-packages/airflow/example_dags/example_task_group.py took 0.078 seconds
[2024-05-11T16:03:41.605+0000] {processor.py:161} INFO - Started process (PID=50) to work on /home/airflow/.local/lib/python3.12/site-packages/airflow/example_dags/example_task_group.py
[2024-05-11T16:03:41.607+0000] {processor.py:830} INFO - Processing file /home/airflow/.local/lib/python3.12/site-packages/airflow/example_dags/example_task_group.py for tasks to queue
[2024-05-11T16:03:41.609+0000] {logging_mixin.py:188} INFO - [2024-05-11T16:03:41.608+0000] {dagbag.py:545} INFO - Filling up the DagBag from /home/airflow/.local/lib/python3.12/site-packages/airflow/example_dags/example_task_group.py
[2024-05-11T16:03:41.622+0000] {processor.py:840} INFO - DAG(s) 'example_task_group' retrieved from /home/airflow/.local/lib/python3.12/site-packages/airflow/example_dags/example_task_group.py
[2024-05-11T16:03:41.641+0000] {logging_mixin.py:188} INFO - [2024-05-11T16:03:41.640+0000] {dag.py:3096} INFO - Sync 1 DAGs
[2024-05-11T16:03:41.675+0000] {logging_mixin.py:188} INFO - [2024-05-11T16:03:41.675+0000] {dag.py:3954} INFO - Setting next_dagrun for example_task_group to 2024-05-10 00:00:00+00:00, run_after=2024-05-11 00:00:00+00:00
[2024-05-11T16:03:41.706+0000] {processor.py:183} INFO - Processing /home/airflow/.local/lib/python3.12/site-packages/airflow/example_dags/example_task_group.py took 0.111 seconds
[2024-05-11T16:04:11.912+0000] {processor.py:161} INFO - Started process (PID=108) to work on /home/airflow/.local/lib/python3.12/site-packages/airflow/example_dags/example_task_group.py
[2024-05-11T16:04:11.913+0000] {processor.py:830} INFO - Processing file /home/airflow/.local/lib/python3.12/site-packages/airflow/example_dags/example_task_group.py for tasks to queue
[2024-05-11T16:04:11.916+0000] {logging_mixin.py:188} INFO - [2024-05-11T16:04:11.915+0000] {dagbag.py:545} INFO - Filling up the DagBag from /home/airflow/.local/lib/python3.12/site-packages/airflow/example_dags/example_task_group.py
[2024-05-11T16:04:11.924+0000] {processor.py:840} INFO - DAG(s) 'example_task_group' retrieved from /home/airflow/.local/lib/python3.12/site-packages/airflow/example_dags/example_task_group.py
[2024-05-11T16:04:12.068+0000] {logging_mixin.py:188} INFO - [2024-05-11T16:04:12.068+0000] {dag.py:3096} INFO - Sync 1 DAGs
[2024-05-11T16:04:12.102+0000] {logging_mixin.py:188} INFO - [2024-05-11T16:04:12.102+0000] {dag.py:3954} INFO - Setting next_dagrun for example_task_group to 2024-05-10 00:00:00+00:00, run_after=2024-05-11 00:00:00+00:00
[2024-05-11T16:04:12.132+0000] {processor.py:183} INFO - Processing /home/airflow/.local/lib/python3.12/site-packages/airflow/example_dags/example_task_group.py took 0.228 seconds
[2024-05-11T16:04:42.762+0000] {processor.py:161} INFO - Started process (PID=166) to work on /home/airflow/.local/lib/python3.12/site-packages/airflow/example_dags/example_task_group.py
[2024-05-11T16:04:42.763+0000] {processor.py:830} INFO - Processing file /home/airflow/.local/lib/python3.12/site-packages/airflow/example_dags/example_task_group.py for tasks to queue
[2024-05-11T16:04:42.765+0000] {logging_mixin.py:188} INFO - [2024-05-11T16:04:42.764+0000] {dagbag.py:545} INFO - Filling up the DagBag from /home/airflow/.local/lib/python3.12/site-packages/airflow/example_dags/example_task_group.py
[2024-05-11T16:04:42.770+0000] {processor.py:840} INFO - DAG(s) 'example_task_group' retrieved from /home/airflow/.local/lib/python3.12/site-packages/airflow/example_dags/example_task_group.py
[2024-05-11T16:04:42.789+0000] {logging_mixin.py:188} INFO - [2024-05-11T16:04:42.789+0000] {dag.py:3096} INFO - Sync 1 DAGs
[2024-05-11T16:04:42.808+0000] {logging_mixin.py:188} INFO - [2024-05-11T16:04:42.808+0000] {dag.py:3954} INFO - Setting next_dagrun for example_task_group to 2024-05-10 00:00:00+00:00, run_after=2024-05-11 00:00:00+00:00
[2024-05-11T16:04:42.827+0000] {processor.py:183} INFO - Processing /home/airflow/.local/lib/python3.12/site-packages/airflow/example_dags/example_task_group.py took 0.069 seconds
[2024-05-11T16:05:12.922+0000] {processor.py:161} INFO - Started process (PID=224) to work on /home/airflow/.local/lib/python3.12/site-packages/airflow/example_dags/example_task_group.py
[2024-05-11T16:05:12.923+0000] {processor.py:830} INFO - Processing file /home/airflow/.local/lib/python3.12/site-packages/airflow/example_dags/example_task_group.py for tasks to queue
[2024-05-11T16:05:12.925+0000] {logging_mixin.py:188} INFO - [2024-05-11T16:05:12.925+0000] {dagbag.py:545} INFO - Filling up the DagBag from /home/airflow/.local/lib/python3.12/site-packages/airflow/example_dags/example_task_group.py
[2024-05-11T16:05:12.930+0000] {processor.py:840} INFO - DAG(s) 'example_task_group' retrieved from /home/airflow/.local/lib/python3.12/site-packages/airflow/example_dags/example_task_group.py
[2024-05-11T16:05:12.949+0000] {logging_mixin.py:188} INFO - [2024-05-11T16:05:12.948+0000] {dag.py:3096} INFO - Sync 1 DAGs
[2024-05-11T16:05:12.967+0000] {logging_mixin.py:188} INFO - [2024-05-11T16:05:12.967+0000] {dag.py:3954} INFO - Setting next_dagrun for example_task_group to 2024-05-10 00:00:00+00:00, run_after=2024-05-11 00:00:00+00:00
[2024-05-11T16:05:12.984+0000] {processor.py:183} INFO - Processing /home/airflow/.local/lib/python3.12/site-packages/airflow/example_dags/example_task_group.py took 0.066 seconds
[2024-05-11T16:05:43.475+0000] {processor.py:161} INFO - Started process (PID=282) to work on /home/airflow/.local/lib/python3.12/site-packages/airflow/example_dags/example_task_group.py
[2024-05-11T16:05:43.476+0000] {processor.py:830} INFO - Processing file /home/airflow/.local/lib/python3.12/site-packages/airflow/example_dags/example_task_group.py for tasks to queue
[2024-05-11T16:05:43.479+0000] {logging_mixin.py:188} INFO - [2024-05-11T16:05:43.478+0000] {dagbag.py:545} INFO - Filling up the DagBag from /home/airflow/.local/lib/python3.12/site-packages/airflow/example_dags/example_task_group.py
[2024-05-11T16:05:43.489+0000] {processor.py:840} INFO - DAG(s) 'example_task_group' retrieved from /home/airflow/.local/lib/python3.12/site-packages/airflow/example_dags/example_task_group.py
[2024-05-11T16:05:43.521+0000] {logging_mixin.py:188} INFO - [2024-05-11T16:05:43.520+0000] {dag.py:3096} INFO - Sync 1 DAGs
[2024-05-11T16:05:43.555+0000] {logging_mixin.py:188} INFO - [2024-05-11T16:05:43.554+0000] {dag.py:3954} INFO - Setting next_dagrun for example_task_group to 2024-05-10 00:00:00+00:00, run_after=2024-05-11 00:00:00+00:00
[2024-05-11T16:05:43.586+0000] {processor.py:183} INFO - Processing /home/airflow/.local/lib/python3.12/site-packages/airflow/example_dags/example_task_group.py took 0.116 seconds
