[2024-05-11T11:31:10.650+0000] {processor.py:161} INFO - Started process (PID=100) to work on /home/airflow/.local/lib/python3.12/site-packages/airflow/example_dags/example_display_name.py
[2024-05-11T11:31:10.651+0000] {processor.py:830} INFO - Processing file /home/airflow/.local/lib/python3.12/site-packages/airflow/example_dags/example_display_name.py for tasks to queue
[2024-05-11T11:31:10.654+0000] {logging_mixin.py:188} INFO - [2024-05-11T11:31:10.653+0000] {dagbag.py:545} INFO - Filling up the DagBag from /home/airflow/.local/lib/python3.12/site-packages/airflow/example_dags/example_display_name.py
[2024-05-11T11:31:10.663+0000] {processor.py:840} INFO - DAG(s) 'example_display_name' retrieved from /home/airflow/.local/lib/python3.12/site-packages/airflow/example_dags/example_display_name.py
[2024-05-11T11:31:10.805+0000] {logging_mixin.py:188} INFO - [2024-05-11T11:31:10.804+0000] {override.py:1829} INFO - Created Permission View: can edit on DAG:example_display_name
[2024-05-11T11:31:10.817+0000] {logging_mixin.py:188} INFO - [2024-05-11T11:31:10.816+0000] {override.py:1829} INFO - Created Permission View: can read on DAG:example_display_name
[2024-05-11T11:31:10.825+0000] {logging_mixin.py:188} INFO - [2024-05-11T11:31:10.825+0000] {override.py:1829} INFO - Created Permission View: can delete on DAG:example_display_name
[2024-05-11T11:31:10.826+0000] {logging_mixin.py:188} INFO - [2024-05-11T11:31:10.826+0000] {dag.py:3096} INFO - Sync 1 DAGs
[2024-05-11T11:31:10.838+0000] {logging_mixin.py:188} INFO - [2024-05-11T11:31:10.838+0000] {dag.py:3118} INFO - Creating ORM DAG for example_display_name
[2024-05-11T11:31:10.840+0000] {logging_mixin.py:188} INFO - [2024-05-11T11:31:10.839+0000] {dag.py:3954} INFO - Setting next_dagrun for example_display_name to None, run_after=None
[2024-05-11T11:31:10.859+0000] {processor.py:183} INFO - Processing /home/airflow/.local/lib/python3.12/site-packages/airflow/example_dags/example_display_name.py took 0.218 seconds
[2024-05-11T11:31:41.369+0000] {processor.py:161} INFO - Started process (PID=158) to work on /home/airflow/.local/lib/python3.12/site-packages/airflow/example_dags/example_display_name.py
[2024-05-11T11:31:41.370+0000] {processor.py:830} INFO - Processing file /home/airflow/.local/lib/python3.12/site-packages/airflow/example_dags/example_display_name.py for tasks to queue
[2024-05-11T11:31:41.372+0000] {logging_mixin.py:188} INFO - [2024-05-11T11:31:41.371+0000] {dagbag.py:545} INFO - Filling up the DagBag from /home/airflow/.local/lib/python3.12/site-packages/airflow/example_dags/example_display_name.py
[2024-05-11T11:31:41.378+0000] {processor.py:840} INFO - DAG(s) 'example_display_name' retrieved from /home/airflow/.local/lib/python3.12/site-packages/airflow/example_dags/example_display_name.py
[2024-05-11T11:31:41.399+0000] {logging_mixin.py:188} INFO - [2024-05-11T11:31:41.399+0000] {dag.py:3096} INFO - Sync 1 DAGs
[2024-05-11T11:31:41.413+0000] {logging_mixin.py:188} INFO - [2024-05-11T11:31:41.412+0000] {dag.py:3954} INFO - Setting next_dagrun for example_display_name to None, run_after=None
[2024-05-11T11:31:41.431+0000] {processor.py:183} INFO - Processing /home/airflow/.local/lib/python3.12/site-packages/airflow/example_dags/example_display_name.py took 0.068 seconds
[2024-05-11T11:32:11.756+0000] {processor.py:161} INFO - Started process (PID=216) to work on /home/airflow/.local/lib/python3.12/site-packages/airflow/example_dags/example_display_name.py
[2024-05-11T11:32:11.757+0000] {processor.py:830} INFO - Processing file /home/airflow/.local/lib/python3.12/site-packages/airflow/example_dags/example_display_name.py for tasks to queue
[2024-05-11T11:32:11.758+0000] {logging_mixin.py:188} INFO - [2024-05-11T11:32:11.758+0000] {dagbag.py:545} INFO - Filling up the DagBag from /home/airflow/.local/lib/python3.12/site-packages/airflow/example_dags/example_display_name.py
[2024-05-11T11:32:11.765+0000] {processor.py:840} INFO - DAG(s) 'example_display_name' retrieved from /home/airflow/.local/lib/python3.12/site-packages/airflow/example_dags/example_display_name.py
[2024-05-11T11:32:11.789+0000] {logging_mixin.py:188} INFO - [2024-05-11T11:32:11.788+0000] {dag.py:3096} INFO - Sync 1 DAGs
[2024-05-11T11:32:11.807+0000] {logging_mixin.py:188} INFO - [2024-05-11T11:32:11.806+0000] {dag.py:3954} INFO - Setting next_dagrun for example_display_name to None, run_after=None
[2024-05-11T11:32:11.828+0000] {processor.py:183} INFO - Processing /home/airflow/.local/lib/python3.12/site-packages/airflow/example_dags/example_display_name.py took 0.080 seconds
[2024-05-11T11:32:43.016+0000] {processor.py:161} INFO - Started process (PID=278) to work on /home/airflow/.local/lib/python3.12/site-packages/airflow/example_dags/example_display_name.py
[2024-05-11T11:32:43.018+0000] {processor.py:830} INFO - Processing file /home/airflow/.local/lib/python3.12/site-packages/airflow/example_dags/example_display_name.py for tasks to queue
[2024-05-11T11:32:43.020+0000] {logging_mixin.py:188} INFO - [2024-05-11T11:32:43.020+0000] {dagbag.py:545} INFO - Filling up the DagBag from /home/airflow/.local/lib/python3.12/site-packages/airflow/example_dags/example_display_name.py
[2024-05-11T11:32:43.027+0000] {processor.py:840} INFO - DAG(s) 'example_display_name' retrieved from /home/airflow/.local/lib/python3.12/site-packages/airflow/example_dags/example_display_name.py
[2024-05-11T11:32:43.075+0000] {logging_mixin.py:188} INFO - [2024-05-11T11:32:43.074+0000] {dag.py:3096} INFO - Sync 1 DAGs
[2024-05-11T11:32:43.100+0000] {logging_mixin.py:188} INFO - [2024-05-11T11:32:43.100+0000] {dag.py:3954} INFO - Setting next_dagrun for example_display_name to None, run_after=None
[2024-05-11T11:32:43.141+0000] {processor.py:183} INFO - Processing /home/airflow/.local/lib/python3.12/site-packages/airflow/example_dags/example_display_name.py took 0.130 seconds
[2024-05-11T11:33:13.229+0000] {processor.py:161} INFO - Started process (PID=336) to work on /home/airflow/.local/lib/python3.12/site-packages/airflow/example_dags/example_display_name.py
[2024-05-11T11:33:13.230+0000] {processor.py:830} INFO - Processing file /home/airflow/.local/lib/python3.12/site-packages/airflow/example_dags/example_display_name.py for tasks to queue
[2024-05-11T11:33:13.232+0000] {logging_mixin.py:188} INFO - [2024-05-11T11:33:13.232+0000] {dagbag.py:545} INFO - Filling up the DagBag from /home/airflow/.local/lib/python3.12/site-packages/airflow/example_dags/example_display_name.py
[2024-05-11T11:33:13.237+0000] {processor.py:840} INFO - DAG(s) 'example_display_name' retrieved from /home/airflow/.local/lib/python3.12/site-packages/airflow/example_dags/example_display_name.py
[2024-05-11T11:33:13.258+0000] {logging_mixin.py:188} INFO - [2024-05-11T11:33:13.257+0000] {dag.py:3096} INFO - Sync 1 DAGs
[2024-05-11T11:33:13.270+0000] {logging_mixin.py:188} INFO - [2024-05-11T11:33:13.270+0000] {dag.py:3954} INFO - Setting next_dagrun for example_display_name to None, run_after=None
[2024-05-11T11:33:13.288+0000] {processor.py:183} INFO - Processing /home/airflow/.local/lib/python3.12/site-packages/airflow/example_dags/example_display_name.py took 0.064 seconds
[2024-05-11T11:33:44.292+0000] {processor.py:161} INFO - Started process (PID=395) to work on /home/airflow/.local/lib/python3.12/site-packages/airflow/example_dags/example_display_name.py
[2024-05-11T11:33:44.293+0000] {processor.py:830} INFO - Processing file /home/airflow/.local/lib/python3.12/site-packages/airflow/example_dags/example_display_name.py for tasks to queue
[2024-05-11T11:33:44.295+0000] {logging_mixin.py:188} INFO - [2024-05-11T11:33:44.295+0000] {dagbag.py:545} INFO - Filling up the DagBag from /home/airflow/.local/lib/python3.12/site-packages/airflow/example_dags/example_display_name.py
[2024-05-11T11:33:44.300+0000] {processor.py:840} INFO - DAG(s) 'example_display_name' retrieved from /home/airflow/.local/lib/python3.12/site-packages/airflow/example_dags/example_display_name.py
[2024-05-11T11:33:44.319+0000] {logging_mixin.py:188} INFO - [2024-05-11T11:33:44.318+0000] {dag.py:3096} INFO - Sync 1 DAGs
[2024-05-11T11:33:44.332+0000] {logging_mixin.py:188} INFO - [2024-05-11T11:33:44.332+0000] {dag.py:3954} INFO - Setting next_dagrun for example_display_name to None, run_after=None
[2024-05-11T11:33:44.349+0000] {processor.py:183} INFO - Processing /home/airflow/.local/lib/python3.12/site-packages/airflow/example_dags/example_display_name.py took 0.066 seconds
[2024-05-11T11:34:15.135+0000] {processor.py:161} INFO - Started process (PID=453) to work on /home/airflow/.local/lib/python3.12/site-packages/airflow/example_dags/example_display_name.py
[2024-05-11T11:34:15.136+0000] {processor.py:830} INFO - Processing file /home/airflow/.local/lib/python3.12/site-packages/airflow/example_dags/example_display_name.py for tasks to queue
[2024-05-11T11:34:15.138+0000] {logging_mixin.py:188} INFO - [2024-05-11T11:34:15.137+0000] {dagbag.py:545} INFO - Filling up the DagBag from /home/airflow/.local/lib/python3.12/site-packages/airflow/example_dags/example_display_name.py
[2024-05-11T11:34:15.143+0000] {processor.py:840} INFO - DAG(s) 'example_display_name' retrieved from /home/airflow/.local/lib/python3.12/site-packages/airflow/example_dags/example_display_name.py
[2024-05-11T11:34:15.154+0000] {logging_mixin.py:188} INFO - [2024-05-11T11:34:15.153+0000] {dag.py:3096} INFO - Sync 1 DAGs
[2024-05-11T11:34:15.166+0000] {logging_mixin.py:188} INFO - [2024-05-11T11:34:15.166+0000] {dag.py:3954} INFO - Setting next_dagrun for example_display_name to None, run_after=None
[2024-05-11T11:34:15.183+0000] {processor.py:183} INFO - Processing /home/airflow/.local/lib/python3.12/site-packages/airflow/example_dags/example_display_name.py took 0.053 seconds
[2024-05-11T11:34:45.509+0000] {processor.py:161} INFO - Started process (PID=510) to work on /home/airflow/.local/lib/python3.12/site-packages/airflow/example_dags/example_display_name.py
[2024-05-11T11:34:45.510+0000] {processor.py:830} INFO - Processing file /home/airflow/.local/lib/python3.12/site-packages/airflow/example_dags/example_display_name.py for tasks to queue
[2024-05-11T11:34:45.512+0000] {logging_mixin.py:188} INFO - [2024-05-11T11:34:45.511+0000] {dagbag.py:545} INFO - Filling up the DagBag from /home/airflow/.local/lib/python3.12/site-packages/airflow/example_dags/example_display_name.py
[2024-05-11T11:34:45.517+0000] {processor.py:840} INFO - DAG(s) 'example_display_name' retrieved from /home/airflow/.local/lib/python3.12/site-packages/airflow/example_dags/example_display_name.py
[2024-05-11T11:34:45.606+0000] {logging_mixin.py:188} INFO - [2024-05-11T11:34:45.605+0000] {dag.py:3096} INFO - Sync 1 DAGs
[2024-05-11T11:34:45.616+0000] {logging_mixin.py:188} INFO - [2024-05-11T11:34:45.615+0000] {dag.py:3954} INFO - Setting next_dagrun for example_display_name to None, run_after=None
[2024-05-11T11:34:45.634+0000] {processor.py:183} INFO - Processing /home/airflow/.local/lib/python3.12/site-packages/airflow/example_dags/example_display_name.py took 0.129 seconds
[2024-05-11T15:07:51.818+0000] {processor.py:161} INFO - Started process (PID=82) to work on /home/airflow/.local/lib/python3.12/site-packages/airflow/example_dags/example_display_name.py
[2024-05-11T15:07:51.819+0000] {processor.py:830} INFO - Processing file /home/airflow/.local/lib/python3.12/site-packages/airflow/example_dags/example_display_name.py for tasks to queue
[2024-05-11T15:07:51.823+0000] {logging_mixin.py:188} INFO - [2024-05-11T15:07:51.822+0000] {dagbag.py:545} INFO - Filling up the DagBag from /home/airflow/.local/lib/python3.12/site-packages/airflow/example_dags/example_display_name.py
[2024-05-11T15:07:51.833+0000] {processor.py:840} INFO - DAG(s) 'example_display_name' retrieved from /home/airflow/.local/lib/python3.12/site-packages/airflow/example_dags/example_display_name.py
[2024-05-11T15:07:51.872+0000] {logging_mixin.py:188} INFO - [2024-05-11T15:07:51.871+0000] {dag.py:3096} INFO - Sync 1 DAGs
[2024-05-11T15:07:51.898+0000] {logging_mixin.py:188} INFO - [2024-05-11T15:07:51.897+0000] {dag.py:3954} INFO - Setting next_dagrun for example_display_name to None, run_after=None
[2024-05-11T15:07:51.943+0000] {processor.py:183} INFO - Processing /home/airflow/.local/lib/python3.12/site-packages/airflow/example_dags/example_display_name.py took 0.132 seconds
[2024-05-11T15:18:30.323+0000] {processor.py:161} INFO - Started process (PID=76) to work on /home/airflow/.local/lib/python3.12/site-packages/airflow/example_dags/example_display_name.py
[2024-05-11T15:18:30.325+0000] {processor.py:830} INFO - Processing file /home/airflow/.local/lib/python3.12/site-packages/airflow/example_dags/example_display_name.py for tasks to queue
[2024-05-11T15:18:30.328+0000] {logging_mixin.py:188} INFO - [2024-05-11T15:18:30.327+0000] {dagbag.py:545} INFO - Filling up the DagBag from /home/airflow/.local/lib/python3.12/site-packages/airflow/example_dags/example_display_name.py
[2024-05-11T15:18:30.337+0000] {processor.py:840} INFO - DAG(s) 'example_display_name' retrieved from /home/airflow/.local/lib/python3.12/site-packages/airflow/example_dags/example_display_name.py
[2024-05-11T15:18:30.352+0000] {logging_mixin.py:188} INFO - [2024-05-11T15:18:30.352+0000] {dag.py:3096} INFO - Sync 1 DAGs
[2024-05-11T15:18:30.372+0000] {logging_mixin.py:188} INFO - [2024-05-11T15:18:30.372+0000] {dag.py:3954} INFO - Setting next_dagrun for example_display_name to None, run_after=None
[2024-05-11T15:18:30.396+0000] {processor.py:183} INFO - Processing /home/airflow/.local/lib/python3.12/site-packages/airflow/example_dags/example_display_name.py took 0.079 seconds
[2024-05-11T15:19:01.416+0000] {processor.py:161} INFO - Started process (PID=134) to work on /home/airflow/.local/lib/python3.12/site-packages/airflow/example_dags/example_display_name.py
[2024-05-11T15:19:01.417+0000] {processor.py:830} INFO - Processing file /home/airflow/.local/lib/python3.12/site-packages/airflow/example_dags/example_display_name.py for tasks to queue
[2024-05-11T15:19:01.419+0000] {logging_mixin.py:188} INFO - [2024-05-11T15:19:01.419+0000] {dagbag.py:545} INFO - Filling up the DagBag from /home/airflow/.local/lib/python3.12/site-packages/airflow/example_dags/example_display_name.py
[2024-05-11T15:19:01.424+0000] {processor.py:840} INFO - DAG(s) 'example_display_name' retrieved from /home/airflow/.local/lib/python3.12/site-packages/airflow/example_dags/example_display_name.py
[2024-05-11T15:19:01.434+0000] {logging_mixin.py:188} INFO - [2024-05-11T15:19:01.434+0000] {dag.py:3096} INFO - Sync 1 DAGs
[2024-05-11T15:19:01.446+0000] {logging_mixin.py:188} INFO - [2024-05-11T15:19:01.446+0000] {dag.py:3954} INFO - Setting next_dagrun for example_display_name to None, run_after=None
[2024-05-11T15:19:01.464+0000] {processor.py:183} INFO - Processing /home/airflow/.local/lib/python3.12/site-packages/airflow/example_dags/example_display_name.py took 0.052 seconds
[2024-05-11T15:19:32.274+0000] {processor.py:161} INFO - Started process (PID=192) to work on /home/airflow/.local/lib/python3.12/site-packages/airflow/example_dags/example_display_name.py
[2024-05-11T15:19:32.275+0000] {processor.py:830} INFO - Processing file /home/airflow/.local/lib/python3.12/site-packages/airflow/example_dags/example_display_name.py for tasks to queue
[2024-05-11T15:19:32.277+0000] {logging_mixin.py:188} INFO - [2024-05-11T15:19:32.277+0000] {dagbag.py:545} INFO - Filling up the DagBag from /home/airflow/.local/lib/python3.12/site-packages/airflow/example_dags/example_display_name.py
[2024-05-11T15:19:32.281+0000] {processor.py:840} INFO - DAG(s) 'example_display_name' retrieved from /home/airflow/.local/lib/python3.12/site-packages/airflow/example_dags/example_display_name.py
[2024-05-11T15:19:32.371+0000] {logging_mixin.py:188} INFO - [2024-05-11T15:19:32.371+0000] {dag.py:3096} INFO - Sync 1 DAGs
[2024-05-11T15:19:32.383+0000] {logging_mixin.py:188} INFO - [2024-05-11T15:19:32.382+0000] {dag.py:3954} INFO - Setting next_dagrun for example_display_name to None, run_after=None
[2024-05-11T15:19:32.400+0000] {processor.py:183} INFO - Processing /home/airflow/.local/lib/python3.12/site-packages/airflow/example_dags/example_display_name.py took 0.131 seconds
[2024-05-11T15:20:03.141+0000] {processor.py:161} INFO - Started process (PID=250) to work on /home/airflow/.local/lib/python3.12/site-packages/airflow/example_dags/example_display_name.py
[2024-05-11T15:20:03.143+0000] {processor.py:830} INFO - Processing file /home/airflow/.local/lib/python3.12/site-packages/airflow/example_dags/example_display_name.py for tasks to queue
[2024-05-11T15:20:03.144+0000] {logging_mixin.py:188} INFO - [2024-05-11T15:20:03.144+0000] {dagbag.py:545} INFO - Filling up the DagBag from /home/airflow/.local/lib/python3.12/site-packages/airflow/example_dags/example_display_name.py
[2024-05-11T15:20:03.149+0000] {processor.py:840} INFO - DAG(s) 'example_display_name' retrieved from /home/airflow/.local/lib/python3.12/site-packages/airflow/example_dags/example_display_name.py
[2024-05-11T15:20:03.168+0000] {logging_mixin.py:188} INFO - [2024-05-11T15:20:03.167+0000] {dag.py:3096} INFO - Sync 1 DAGs
[2024-05-11T15:20:03.180+0000] {logging_mixin.py:188} INFO - [2024-05-11T15:20:03.180+0000] {dag.py:3954} INFO - Setting next_dagrun for example_display_name to None, run_after=None
[2024-05-11T15:20:03.199+0000] {processor.py:183} INFO - Processing /home/airflow/.local/lib/python3.12/site-packages/airflow/example_dags/example_display_name.py took 0.062 seconds
[2024-05-11T15:20:33.684+0000] {processor.py:161} INFO - Started process (PID=308) to work on /home/airflow/.local/lib/python3.12/site-packages/airflow/example_dags/example_display_name.py
[2024-05-11T15:20:33.686+0000] {processor.py:830} INFO - Processing file /home/airflow/.local/lib/python3.12/site-packages/airflow/example_dags/example_display_name.py for tasks to queue
[2024-05-11T15:20:33.688+0000] {logging_mixin.py:188} INFO - [2024-05-11T15:20:33.687+0000] {dagbag.py:545} INFO - Filling up the DagBag from /home/airflow/.local/lib/python3.12/site-packages/airflow/example_dags/example_display_name.py
[2024-05-11T15:20:33.694+0000] {processor.py:840} INFO - DAG(s) 'example_display_name' retrieved from /home/airflow/.local/lib/python3.12/site-packages/airflow/example_dags/example_display_name.py
[2024-05-11T15:20:33.714+0000] {logging_mixin.py:188} INFO - [2024-05-11T15:20:33.714+0000] {dag.py:3096} INFO - Sync 1 DAGs
[2024-05-11T15:20:33.730+0000] {logging_mixin.py:188} INFO - [2024-05-11T15:20:33.730+0000] {dag.py:3954} INFO - Setting next_dagrun for example_display_name to None, run_after=None
[2024-05-11T15:20:33.754+0000] {processor.py:183} INFO - Processing /home/airflow/.local/lib/python3.12/site-packages/airflow/example_dags/example_display_name.py took 0.076 seconds
[2024-05-11T15:27:08.351+0000] {processor.py:161} INFO - Started process (PID=84) to work on /home/airflow/.local/lib/python3.12/site-packages/airflow/example_dags/example_display_name.py
[2024-05-11T15:27:08.352+0000] {processor.py:830} INFO - Processing file /home/airflow/.local/lib/python3.12/site-packages/airflow/example_dags/example_display_name.py for tasks to queue
[2024-05-11T15:27:08.354+0000] {logging_mixin.py:188} INFO - [2024-05-11T15:27:08.354+0000] {dagbag.py:545} INFO - Filling up the DagBag from /home/airflow/.local/lib/python3.12/site-packages/airflow/example_dags/example_display_name.py
[2024-05-11T15:27:08.361+0000] {processor.py:840} INFO - DAG(s) 'example_display_name' retrieved from /home/airflow/.local/lib/python3.12/site-packages/airflow/example_dags/example_display_name.py
[2024-05-11T15:27:08.478+0000] {logging_mixin.py:188} INFO - [2024-05-11T15:27:08.477+0000] {dag.py:3096} INFO - Sync 1 DAGs
[2024-05-11T15:27:08.490+0000] {logging_mixin.py:188} INFO - [2024-05-11T15:27:08.489+0000] {dag.py:3954} INFO - Setting next_dagrun for example_display_name to None, run_after=None
[2024-05-11T15:27:08.510+0000] {processor.py:183} INFO - Processing /home/airflow/.local/lib/python3.12/site-packages/airflow/example_dags/example_display_name.py took 0.166 seconds
[2024-05-11T15:27:38.578+0000] {processor.py:161} INFO - Started process (PID=142) to work on /home/airflow/.local/lib/python3.12/site-packages/airflow/example_dags/example_display_name.py
[2024-05-11T15:27:38.579+0000] {processor.py:830} INFO - Processing file /home/airflow/.local/lib/python3.12/site-packages/airflow/example_dags/example_display_name.py for tasks to queue
[2024-05-11T15:27:38.581+0000] {logging_mixin.py:188} INFO - [2024-05-11T15:27:38.581+0000] {dagbag.py:545} INFO - Filling up the DagBag from /home/airflow/.local/lib/python3.12/site-packages/airflow/example_dags/example_display_name.py
[2024-05-11T15:27:38.587+0000] {processor.py:840} INFO - DAG(s) 'example_display_name' retrieved from /home/airflow/.local/lib/python3.12/site-packages/airflow/example_dags/example_display_name.py
[2024-05-11T15:27:38.604+0000] {logging_mixin.py:188} INFO - [2024-05-11T15:27:38.604+0000] {dag.py:3096} INFO - Sync 1 DAGs
[2024-05-11T15:27:38.616+0000] {logging_mixin.py:188} INFO - [2024-05-11T15:27:38.616+0000] {dag.py:3954} INFO - Setting next_dagrun for example_display_name to None, run_after=None
[2024-05-11T15:27:38.634+0000] {processor.py:183} INFO - Processing /home/airflow/.local/lib/python3.12/site-packages/airflow/example_dags/example_display_name.py took 0.060 seconds
[2024-05-11T15:28:08.934+0000] {processor.py:161} INFO - Started process (PID=200) to work on /home/airflow/.local/lib/python3.12/site-packages/airflow/example_dags/example_display_name.py
[2024-05-11T15:28:08.935+0000] {processor.py:830} INFO - Processing file /home/airflow/.local/lib/python3.12/site-packages/airflow/example_dags/example_display_name.py for tasks to queue
[2024-05-11T15:28:08.937+0000] {logging_mixin.py:188} INFO - [2024-05-11T15:28:08.937+0000] {dagbag.py:545} INFO - Filling up the DagBag from /home/airflow/.local/lib/python3.12/site-packages/airflow/example_dags/example_display_name.py
[2024-05-11T15:28:08.947+0000] {processor.py:840} INFO - DAG(s) 'example_display_name' retrieved from /home/airflow/.local/lib/python3.12/site-packages/airflow/example_dags/example_display_name.py
[2024-05-11T15:28:08.986+0000] {logging_mixin.py:188} INFO - [2024-05-11T15:28:08.985+0000] {dag.py:3096} INFO - Sync 1 DAGs
[2024-05-11T15:28:08.999+0000] {logging_mixin.py:188} INFO - [2024-05-11T15:28:08.999+0000] {dag.py:3954} INFO - Setting next_dagrun for example_display_name to None, run_after=None
[2024-05-11T15:28:09.016+0000] {processor.py:183} INFO - Processing /home/airflow/.local/lib/python3.12/site-packages/airflow/example_dags/example_display_name.py took 0.087 seconds
[2024-05-11T15:28:39.119+0000] {processor.py:161} INFO - Started process (PID=258) to work on /home/airflow/.local/lib/python3.12/site-packages/airflow/example_dags/example_display_name.py
[2024-05-11T15:28:39.119+0000] {processor.py:830} INFO - Processing file /home/airflow/.local/lib/python3.12/site-packages/airflow/example_dags/example_display_name.py for tasks to queue
[2024-05-11T15:28:39.121+0000] {logging_mixin.py:188} INFO - [2024-05-11T15:28:39.121+0000] {dagbag.py:545} INFO - Filling up the DagBag from /home/airflow/.local/lib/python3.12/site-packages/airflow/example_dags/example_display_name.py
[2024-05-11T15:28:39.125+0000] {processor.py:840} INFO - DAG(s) 'example_display_name' retrieved from /home/airflow/.local/lib/python3.12/site-packages/airflow/example_dags/example_display_name.py
[2024-05-11T15:28:39.141+0000] {logging_mixin.py:188} INFO - [2024-05-11T15:28:39.141+0000] {dag.py:3096} INFO - Sync 1 DAGs
[2024-05-11T15:28:39.151+0000] {logging_mixin.py:188} INFO - [2024-05-11T15:28:39.151+0000] {dag.py:3954} INFO - Setting next_dagrun for example_display_name to None, run_after=None
[2024-05-11T15:28:39.166+0000] {processor.py:183} INFO - Processing /home/airflow/.local/lib/python3.12/site-packages/airflow/example_dags/example_display_name.py took 0.051 seconds
[2024-05-11T15:46:27.873+0000] {processor.py:161} INFO - Started process (PID=82) to work on /home/airflow/.local/lib/python3.12/site-packages/airflow/example_dags/example_display_name.py
[2024-05-11T15:46:27.877+0000] {processor.py:830} INFO - Processing file /home/airflow/.local/lib/python3.12/site-packages/airflow/example_dags/example_display_name.py for tasks to queue
[2024-05-11T15:46:27.884+0000] {logging_mixin.py:188} INFO - [2024-05-11T15:46:27.883+0000] {dagbag.py:545} INFO - Filling up the DagBag from /home/airflow/.local/lib/python3.12/site-packages/airflow/example_dags/example_display_name.py
[2024-05-11T15:46:27.896+0000] {processor.py:840} INFO - DAG(s) 'example_display_name' retrieved from /home/airflow/.local/lib/python3.12/site-packages/airflow/example_dags/example_display_name.py
[2024-05-11T15:46:28.126+0000] {logging_mixin.py:188} INFO - [2024-05-11T15:46:28.126+0000] {dag.py:3096} INFO - Sync 1 DAGs
[2024-05-11T15:46:28.142+0000] {logging_mixin.py:188} INFO - [2024-05-11T15:46:28.142+0000] {dag.py:3954} INFO - Setting next_dagrun for example_display_name to None, run_after=None
[2024-05-11T15:46:28.182+0000] {processor.py:183} INFO - Processing /home/airflow/.local/lib/python3.12/site-packages/airflow/example_dags/example_display_name.py took 0.327 seconds
[2024-05-11T15:46:58.275+0000] {processor.py:161} INFO - Started process (PID=140) to work on /home/airflow/.local/lib/python3.12/site-packages/airflow/example_dags/example_display_name.py
[2024-05-11T15:46:58.278+0000] {processor.py:830} INFO - Processing file /home/airflow/.local/lib/python3.12/site-packages/airflow/example_dags/example_display_name.py for tasks to queue
[2024-05-11T15:46:58.280+0000] {logging_mixin.py:188} INFO - [2024-05-11T15:46:58.279+0000] {dagbag.py:545} INFO - Filling up the DagBag from /home/airflow/.local/lib/python3.12/site-packages/airflow/example_dags/example_display_name.py
[2024-05-11T15:46:58.286+0000] {processor.py:840} INFO - DAG(s) 'example_display_name' retrieved from /home/airflow/.local/lib/python3.12/site-packages/airflow/example_dags/example_display_name.py
[2024-05-11T15:46:58.306+0000] {logging_mixin.py:188} INFO - [2024-05-11T15:46:58.306+0000] {dag.py:3096} INFO - Sync 1 DAGs
[2024-05-11T15:46:58.320+0000] {logging_mixin.py:188} INFO - [2024-05-11T15:46:58.320+0000] {dag.py:3954} INFO - Setting next_dagrun for example_display_name to None, run_after=None
[2024-05-11T15:46:58.448+0000] {processor.py:183} INFO - Processing /home/airflow/.local/lib/python3.12/site-packages/airflow/example_dags/example_display_name.py took 0.178 seconds
[2024-05-11T15:47:29.332+0000] {processor.py:161} INFO - Started process (PID=198) to work on /home/airflow/.local/lib/python3.12/site-packages/airflow/example_dags/example_display_name.py
[2024-05-11T15:47:29.345+0000] {processor.py:830} INFO - Processing file /home/airflow/.local/lib/python3.12/site-packages/airflow/example_dags/example_display_name.py for tasks to queue
[2024-05-11T15:47:29.347+0000] {logging_mixin.py:188} INFO - [2024-05-11T15:47:29.346+0000] {dagbag.py:545} INFO - Filling up the DagBag from /home/airflow/.local/lib/python3.12/site-packages/airflow/example_dags/example_display_name.py
[2024-05-11T15:47:29.351+0000] {processor.py:840} INFO - DAG(s) 'example_display_name' retrieved from /home/airflow/.local/lib/python3.12/site-packages/airflow/example_dags/example_display_name.py
[2024-05-11T15:47:29.369+0000] {logging_mixin.py:188} INFO - [2024-05-11T15:47:29.369+0000] {dag.py:3096} INFO - Sync 1 DAGs
[2024-05-11T15:47:29.383+0000] {logging_mixin.py:188} INFO - [2024-05-11T15:47:29.383+0000] {dag.py:3954} INFO - Setting next_dagrun for example_display_name to None, run_after=None
[2024-05-11T15:47:29.403+0000] {processor.py:183} INFO - Processing /home/airflow/.local/lib/python3.12/site-packages/airflow/example_dags/example_display_name.py took 0.076 seconds
[2024-05-11T15:47:59.704+0000] {processor.py:161} INFO - Started process (PID=256) to work on /home/airflow/.local/lib/python3.12/site-packages/airflow/example_dags/example_display_name.py
[2024-05-11T15:47:59.705+0000] {processor.py:830} INFO - Processing file /home/airflow/.local/lib/python3.12/site-packages/airflow/example_dags/example_display_name.py for tasks to queue
[2024-05-11T15:47:59.706+0000] {logging_mixin.py:188} INFO - [2024-05-11T15:47:59.706+0000] {dagbag.py:545} INFO - Filling up the DagBag from /home/airflow/.local/lib/python3.12/site-packages/airflow/example_dags/example_display_name.py
[2024-05-11T15:47:59.712+0000] {processor.py:840} INFO - DAG(s) 'example_display_name' retrieved from /home/airflow/.local/lib/python3.12/site-packages/airflow/example_dags/example_display_name.py
[2024-05-11T15:47:59.728+0000] {logging_mixin.py:188} INFO - [2024-05-11T15:47:59.727+0000] {dag.py:3096} INFO - Sync 1 DAGs
[2024-05-11T15:47:59.739+0000] {logging_mixin.py:188} INFO - [2024-05-11T15:47:59.738+0000] {dag.py:3954} INFO - Setting next_dagrun for example_display_name to None, run_after=None
[2024-05-11T15:47:59.759+0000] {processor.py:183} INFO - Processing /home/airflow/.local/lib/python3.12/site-packages/airflow/example_dags/example_display_name.py took 0.060 seconds
[2024-05-11T15:48:30.118+0000] {processor.py:161} INFO - Started process (PID=314) to work on /home/airflow/.local/lib/python3.12/site-packages/airflow/example_dags/example_display_name.py
[2024-05-11T15:48:30.119+0000] {processor.py:830} INFO - Processing file /home/airflow/.local/lib/python3.12/site-packages/airflow/example_dags/example_display_name.py for tasks to queue
[2024-05-11T15:48:30.122+0000] {logging_mixin.py:188} INFO - [2024-05-11T15:48:30.121+0000] {dagbag.py:545} INFO - Filling up the DagBag from /home/airflow/.local/lib/python3.12/site-packages/airflow/example_dags/example_display_name.py
[2024-05-11T15:48:30.126+0000] {processor.py:840} INFO - DAG(s) 'example_display_name' retrieved from /home/airflow/.local/lib/python3.12/site-packages/airflow/example_dags/example_display_name.py
[2024-05-11T15:48:30.147+0000] {logging_mixin.py:188} INFO - [2024-05-11T15:48:30.147+0000] {dag.py:3096} INFO - Sync 1 DAGs
[2024-05-11T15:48:30.170+0000] {logging_mixin.py:188} INFO - [2024-05-11T15:48:30.169+0000] {dag.py:3954} INFO - Setting next_dagrun for example_display_name to None, run_after=None
[2024-05-11T15:48:30.200+0000] {processor.py:183} INFO - Processing /home/airflow/.local/lib/python3.12/site-packages/airflow/example_dags/example_display_name.py took 0.086 seconds
[2024-05-11T15:49:00.424+0000] {processor.py:161} INFO - Started process (PID=372) to work on /home/airflow/.local/lib/python3.12/site-packages/airflow/example_dags/example_display_name.py
[2024-05-11T15:49:00.425+0000] {processor.py:830} INFO - Processing file /home/airflow/.local/lib/python3.12/site-packages/airflow/example_dags/example_display_name.py for tasks to queue
[2024-05-11T15:49:00.427+0000] {logging_mixin.py:188} INFO - [2024-05-11T15:49:00.426+0000] {dagbag.py:545} INFO - Filling up the DagBag from /home/airflow/.local/lib/python3.12/site-packages/airflow/example_dags/example_display_name.py
[2024-05-11T15:49:00.431+0000] {processor.py:840} INFO - DAG(s) 'example_display_name' retrieved from /home/airflow/.local/lib/python3.12/site-packages/airflow/example_dags/example_display_name.py
[2024-05-11T15:49:00.450+0000] {logging_mixin.py:188} INFO - [2024-05-11T15:49:00.450+0000] {dag.py:3096} INFO - Sync 1 DAGs
[2024-05-11T15:49:00.465+0000] {logging_mixin.py:188} INFO - [2024-05-11T15:49:00.465+0000] {dag.py:3954} INFO - Setting next_dagrun for example_display_name to None, run_after=None
[2024-05-11T15:49:00.486+0000] {processor.py:183} INFO - Processing /home/airflow/.local/lib/python3.12/site-packages/airflow/example_dags/example_display_name.py took 0.067 seconds
[2024-05-11T15:49:30.930+0000] {processor.py:161} INFO - Started process (PID=430) to work on /home/airflow/.local/lib/python3.12/site-packages/airflow/example_dags/example_display_name.py
[2024-05-11T15:49:30.931+0000] {processor.py:830} INFO - Processing file /home/airflow/.local/lib/python3.12/site-packages/airflow/example_dags/example_display_name.py for tasks to queue
[2024-05-11T15:49:30.933+0000] {logging_mixin.py:188} INFO - [2024-05-11T15:49:30.932+0000] {dagbag.py:545} INFO - Filling up the DagBag from /home/airflow/.local/lib/python3.12/site-packages/airflow/example_dags/example_display_name.py
[2024-05-11T15:49:30.937+0000] {processor.py:840} INFO - DAG(s) 'example_display_name' retrieved from /home/airflow/.local/lib/python3.12/site-packages/airflow/example_dags/example_display_name.py
[2024-05-11T15:49:30.953+0000] {logging_mixin.py:188} INFO - [2024-05-11T15:49:30.953+0000] {dag.py:3096} INFO - Sync 1 DAGs
[2024-05-11T15:49:30.964+0000] {logging_mixin.py:188} INFO - [2024-05-11T15:49:30.964+0000] {dag.py:3954} INFO - Setting next_dagrun for example_display_name to None, run_after=None
[2024-05-11T15:49:30.980+0000] {processor.py:183} INFO - Processing /home/airflow/.local/lib/python3.12/site-packages/airflow/example_dags/example_display_name.py took 0.054 seconds
[2024-05-11T15:50:01.176+0000] {processor.py:161} INFO - Started process (PID=489) to work on /home/airflow/.local/lib/python3.12/site-packages/airflow/example_dags/example_display_name.py
[2024-05-11T15:50:01.176+0000] {processor.py:830} INFO - Processing file /home/airflow/.local/lib/python3.12/site-packages/airflow/example_dags/example_display_name.py for tasks to queue
[2024-05-11T15:50:01.178+0000] {logging_mixin.py:188} INFO - [2024-05-11T15:50:01.178+0000] {dagbag.py:545} INFO - Filling up the DagBag from /home/airflow/.local/lib/python3.12/site-packages/airflow/example_dags/example_display_name.py
[2024-05-11T15:50:01.182+0000] {processor.py:840} INFO - DAG(s) 'example_display_name' retrieved from /home/airflow/.local/lib/python3.12/site-packages/airflow/example_dags/example_display_name.py
[2024-05-11T15:50:01.199+0000] {logging_mixin.py:188} INFO - [2024-05-11T15:50:01.198+0000] {dag.py:3096} INFO - Sync 1 DAGs
[2024-05-11T15:50:01.210+0000] {logging_mixin.py:188} INFO - [2024-05-11T15:50:01.210+0000] {dag.py:3954} INFO - Setting next_dagrun for example_display_name to None, run_after=None
[2024-05-11T15:50:01.226+0000] {processor.py:183} INFO - Processing /home/airflow/.local/lib/python3.12/site-packages/airflow/example_dags/example_display_name.py took 0.055 seconds
[2024-05-11T15:50:31.509+0000] {processor.py:161} INFO - Started process (PID=547) to work on /home/airflow/.local/lib/python3.12/site-packages/airflow/example_dags/example_display_name.py
[2024-05-11T15:50:31.510+0000] {processor.py:830} INFO - Processing file /home/airflow/.local/lib/python3.12/site-packages/airflow/example_dags/example_display_name.py for tasks to queue
[2024-05-11T15:50:31.512+0000] {logging_mixin.py:188} INFO - [2024-05-11T15:50:31.511+0000] {dagbag.py:545} INFO - Filling up the DagBag from /home/airflow/.local/lib/python3.12/site-packages/airflow/example_dags/example_display_name.py
[2024-05-11T15:50:31.516+0000] {processor.py:840} INFO - DAG(s) 'example_display_name' retrieved from /home/airflow/.local/lib/python3.12/site-packages/airflow/example_dags/example_display_name.py
[2024-05-11T15:50:31.533+0000] {logging_mixin.py:188} INFO - [2024-05-11T15:50:31.532+0000] {dag.py:3096} INFO - Sync 1 DAGs
[2024-05-11T15:50:31.545+0000] {logging_mixin.py:188} INFO - [2024-05-11T15:50:31.545+0000] {dag.py:3954} INFO - Setting next_dagrun for example_display_name to None, run_after=None
[2024-05-11T15:50:31.561+0000] {processor.py:183} INFO - Processing /home/airflow/.local/lib/python3.12/site-packages/airflow/example_dags/example_display_name.py took 0.056 seconds
[2024-05-11T15:51:02.112+0000] {processor.py:161} INFO - Started process (PID=605) to work on /home/airflow/.local/lib/python3.12/site-packages/airflow/example_dags/example_display_name.py
[2024-05-11T15:51:02.113+0000] {processor.py:830} INFO - Processing file /home/airflow/.local/lib/python3.12/site-packages/airflow/example_dags/example_display_name.py for tasks to queue
[2024-05-11T15:51:02.115+0000] {logging_mixin.py:188} INFO - [2024-05-11T15:51:02.115+0000] {dagbag.py:545} INFO - Filling up the DagBag from /home/airflow/.local/lib/python3.12/site-packages/airflow/example_dags/example_display_name.py
[2024-05-11T15:51:02.120+0000] {processor.py:840} INFO - DAG(s) 'example_display_name' retrieved from /home/airflow/.local/lib/python3.12/site-packages/airflow/example_dags/example_display_name.py
[2024-05-11T15:51:02.139+0000] {logging_mixin.py:188} INFO - [2024-05-11T15:51:02.139+0000] {dag.py:3096} INFO - Sync 1 DAGs
[2024-05-11T15:51:02.152+0000] {logging_mixin.py:188} INFO - [2024-05-11T15:51:02.152+0000] {dag.py:3954} INFO - Setting next_dagrun for example_display_name to None, run_after=None
[2024-05-11T15:51:02.172+0000] {processor.py:183} INFO - Processing /home/airflow/.local/lib/python3.12/site-packages/airflow/example_dags/example_display_name.py took 0.065 seconds
[2024-05-11T15:51:32.200+0000] {processor.py:161} INFO - Started process (PID=663) to work on /home/airflow/.local/lib/python3.12/site-packages/airflow/example_dags/example_display_name.py
[2024-05-11T15:51:32.201+0000] {processor.py:830} INFO - Processing file /home/airflow/.local/lib/python3.12/site-packages/airflow/example_dags/example_display_name.py for tasks to queue
[2024-05-11T15:51:32.202+0000] {logging_mixin.py:188} INFO - [2024-05-11T15:51:32.202+0000] {dagbag.py:545} INFO - Filling up the DagBag from /home/airflow/.local/lib/python3.12/site-packages/airflow/example_dags/example_display_name.py
[2024-05-11T15:51:32.208+0000] {processor.py:840} INFO - DAG(s) 'example_display_name' retrieved from /home/airflow/.local/lib/python3.12/site-packages/airflow/example_dags/example_display_name.py
[2024-05-11T15:51:32.224+0000] {logging_mixin.py:188} INFO - [2024-05-11T15:51:32.224+0000] {dag.py:3096} INFO - Sync 1 DAGs
[2024-05-11T15:51:32.235+0000] {logging_mixin.py:188} INFO - [2024-05-11T15:51:32.234+0000] {dag.py:3954} INFO - Setting next_dagrun for example_display_name to None, run_after=None
[2024-05-11T15:51:32.253+0000] {processor.py:183} INFO - Processing /home/airflow/.local/lib/python3.12/site-packages/airflow/example_dags/example_display_name.py took 0.058 seconds
[2024-05-11T15:52:03.129+0000] {processor.py:161} INFO - Started process (PID=721) to work on /home/airflow/.local/lib/python3.12/site-packages/airflow/example_dags/example_display_name.py
[2024-05-11T15:52:03.130+0000] {processor.py:830} INFO - Processing file /home/airflow/.local/lib/python3.12/site-packages/airflow/example_dags/example_display_name.py for tasks to queue
[2024-05-11T15:52:03.131+0000] {logging_mixin.py:188} INFO - [2024-05-11T15:52:03.131+0000] {dagbag.py:545} INFO - Filling up the DagBag from /home/airflow/.local/lib/python3.12/site-packages/airflow/example_dags/example_display_name.py
[2024-05-11T15:52:03.138+0000] {processor.py:840} INFO - DAG(s) 'example_display_name' retrieved from /home/airflow/.local/lib/python3.12/site-packages/airflow/example_dags/example_display_name.py
[2024-05-11T15:52:03.154+0000] {logging_mixin.py:188} INFO - [2024-05-11T15:52:03.154+0000] {dag.py:3096} INFO - Sync 1 DAGs
[2024-05-11T15:52:03.165+0000] {logging_mixin.py:188} INFO - [2024-05-11T15:52:03.164+0000] {dag.py:3954} INFO - Setting next_dagrun for example_display_name to None, run_after=None
[2024-05-11T15:52:03.180+0000] {processor.py:183} INFO - Processing /home/airflow/.local/lib/python3.12/site-packages/airflow/example_dags/example_display_name.py took 0.057 seconds
[2024-05-11T15:52:33.698+0000] {processor.py:161} INFO - Started process (PID=779) to work on /home/airflow/.local/lib/python3.12/site-packages/airflow/example_dags/example_display_name.py
[2024-05-11T15:52:33.700+0000] {processor.py:830} INFO - Processing file /home/airflow/.local/lib/python3.12/site-packages/airflow/example_dags/example_display_name.py for tasks to queue
[2024-05-11T15:52:33.701+0000] {logging_mixin.py:188} INFO - [2024-05-11T15:52:33.701+0000] {dagbag.py:545} INFO - Filling up the DagBag from /home/airflow/.local/lib/python3.12/site-packages/airflow/example_dags/example_display_name.py
[2024-05-11T15:52:33.707+0000] {processor.py:840} INFO - DAG(s) 'example_display_name' retrieved from /home/airflow/.local/lib/python3.12/site-packages/airflow/example_dags/example_display_name.py
[2024-05-11T15:52:33.727+0000] {logging_mixin.py:188} INFO - [2024-05-11T15:52:33.727+0000] {dag.py:3096} INFO - Sync 1 DAGs
[2024-05-11T15:52:33.741+0000] {logging_mixin.py:188} INFO - [2024-05-11T15:52:33.740+0000] {dag.py:3954} INFO - Setting next_dagrun for example_display_name to None, run_after=None
[2024-05-11T15:52:33.761+0000] {processor.py:183} INFO - Processing /home/airflow/.local/lib/python3.12/site-packages/airflow/example_dags/example_display_name.py took 0.068 seconds
[2024-05-11T15:53:04.369+0000] {processor.py:161} INFO - Started process (PID=837) to work on /home/airflow/.local/lib/python3.12/site-packages/airflow/example_dags/example_display_name.py
[2024-05-11T15:53:04.370+0000] {processor.py:830} INFO - Processing file /home/airflow/.local/lib/python3.12/site-packages/airflow/example_dags/example_display_name.py for tasks to queue
[2024-05-11T15:53:04.372+0000] {logging_mixin.py:188} INFO - [2024-05-11T15:53:04.372+0000] {dagbag.py:545} INFO - Filling up the DagBag from /home/airflow/.local/lib/python3.12/site-packages/airflow/example_dags/example_display_name.py
[2024-05-11T15:53:04.377+0000] {processor.py:840} INFO - DAG(s) 'example_display_name' retrieved from /home/airflow/.local/lib/python3.12/site-packages/airflow/example_dags/example_display_name.py
[2024-05-11T15:53:04.397+0000] {logging_mixin.py:188} INFO - [2024-05-11T15:53:04.397+0000] {dag.py:3096} INFO - Sync 1 DAGs
[2024-05-11T15:53:04.410+0000] {logging_mixin.py:188} INFO - [2024-05-11T15:53:04.409+0000] {dag.py:3954} INFO - Setting next_dagrun for example_display_name to None, run_after=None
[2024-05-11T15:53:04.429+0000] {processor.py:183} INFO - Processing /home/airflow/.local/lib/python3.12/site-packages/airflow/example_dags/example_display_name.py took 0.065 seconds
[2024-05-11T15:53:34.829+0000] {processor.py:161} INFO - Started process (PID=895) to work on /home/airflow/.local/lib/python3.12/site-packages/airflow/example_dags/example_display_name.py
[2024-05-11T15:53:34.831+0000] {processor.py:830} INFO - Processing file /home/airflow/.local/lib/python3.12/site-packages/airflow/example_dags/example_display_name.py for tasks to queue
[2024-05-11T15:53:34.833+0000] {logging_mixin.py:188} INFO - [2024-05-11T15:53:34.833+0000] {dagbag.py:545} INFO - Filling up the DagBag from /home/airflow/.local/lib/python3.12/site-packages/airflow/example_dags/example_display_name.py
[2024-05-11T15:53:34.839+0000] {processor.py:840} INFO - DAG(s) 'example_display_name' retrieved from /home/airflow/.local/lib/python3.12/site-packages/airflow/example_dags/example_display_name.py
[2024-05-11T15:53:34.872+0000] {logging_mixin.py:188} INFO - [2024-05-11T15:53:34.871+0000] {dag.py:3096} INFO - Sync 1 DAGs
[2024-05-11T15:53:34.885+0000] {logging_mixin.py:188} INFO - [2024-05-11T15:53:34.884+0000] {dag.py:3954} INFO - Setting next_dagrun for example_display_name to None, run_after=None
[2024-05-11T15:53:34.913+0000] {processor.py:183} INFO - Processing /home/airflow/.local/lib/python3.12/site-packages/airflow/example_dags/example_display_name.py took 0.089 seconds
[2024-05-11T15:54:05.160+0000] {processor.py:161} INFO - Started process (PID=953) to work on /home/airflow/.local/lib/python3.12/site-packages/airflow/example_dags/example_display_name.py
[2024-05-11T15:54:05.160+0000] {processor.py:830} INFO - Processing file /home/airflow/.local/lib/python3.12/site-packages/airflow/example_dags/example_display_name.py for tasks to queue
[2024-05-11T15:54:05.162+0000] {logging_mixin.py:188} INFO - [2024-05-11T15:54:05.161+0000] {dagbag.py:545} INFO - Filling up the DagBag from /home/airflow/.local/lib/python3.12/site-packages/airflow/example_dags/example_display_name.py
[2024-05-11T15:54:05.167+0000] {processor.py:840} INFO - DAG(s) 'example_display_name' retrieved from /home/airflow/.local/lib/python3.12/site-packages/airflow/example_dags/example_display_name.py
[2024-05-11T15:54:05.183+0000] {logging_mixin.py:188} INFO - [2024-05-11T15:54:05.182+0000] {dag.py:3096} INFO - Sync 1 DAGs
[2024-05-11T15:54:05.194+0000] {logging_mixin.py:188} INFO - [2024-05-11T15:54:05.193+0000] {dag.py:3954} INFO - Setting next_dagrun for example_display_name to None, run_after=None
[2024-05-11T15:54:05.218+0000] {processor.py:183} INFO - Processing /home/airflow/.local/lib/python3.12/site-packages/airflow/example_dags/example_display_name.py took 0.062 seconds
[2024-05-11T15:54:35.349+0000] {processor.py:161} INFO - Started process (PID=1011) to work on /home/airflow/.local/lib/python3.12/site-packages/airflow/example_dags/example_display_name.py
[2024-05-11T15:54:35.350+0000] {processor.py:830} INFO - Processing file /home/airflow/.local/lib/python3.12/site-packages/airflow/example_dags/example_display_name.py for tasks to queue
[2024-05-11T15:54:35.351+0000] {logging_mixin.py:188} INFO - [2024-05-11T15:54:35.351+0000] {dagbag.py:545} INFO - Filling up the DagBag from /home/airflow/.local/lib/python3.12/site-packages/airflow/example_dags/example_display_name.py
[2024-05-11T15:54:35.356+0000] {processor.py:840} INFO - DAG(s) 'example_display_name' retrieved from /home/airflow/.local/lib/python3.12/site-packages/airflow/example_dags/example_display_name.py
[2024-05-11T15:54:35.372+0000] {logging_mixin.py:188} INFO - [2024-05-11T15:54:35.372+0000] {dag.py:3096} INFO - Sync 1 DAGs
[2024-05-11T15:54:35.383+0000] {logging_mixin.py:188} INFO - [2024-05-11T15:54:35.383+0000] {dag.py:3954} INFO - Setting next_dagrun for example_display_name to None, run_after=None
[2024-05-11T15:54:35.409+0000] {processor.py:183} INFO - Processing /home/airflow/.local/lib/python3.12/site-packages/airflow/example_dags/example_display_name.py took 0.065 seconds
[2024-05-11T15:55:06.002+0000] {processor.py:161} INFO - Started process (PID=1069) to work on /home/airflow/.local/lib/python3.12/site-packages/airflow/example_dags/example_display_name.py
[2024-05-11T15:55:06.003+0000] {processor.py:830} INFO - Processing file /home/airflow/.local/lib/python3.12/site-packages/airflow/example_dags/example_display_name.py for tasks to queue
[2024-05-11T15:55:06.005+0000] {logging_mixin.py:188} INFO - [2024-05-11T15:55:06.005+0000] {dagbag.py:545} INFO - Filling up the DagBag from /home/airflow/.local/lib/python3.12/site-packages/airflow/example_dags/example_display_name.py
[2024-05-11T15:55:06.011+0000] {processor.py:840} INFO - DAG(s) 'example_display_name' retrieved from /home/airflow/.local/lib/python3.12/site-packages/airflow/example_dags/example_display_name.py
[2024-05-11T15:55:06.028+0000] {logging_mixin.py:188} INFO - [2024-05-11T15:55:06.028+0000] {dag.py:3096} INFO - Sync 1 DAGs
[2024-05-11T15:55:06.041+0000] {logging_mixin.py:188} INFO - [2024-05-11T15:55:06.040+0000] {dag.py:3954} INFO - Setting next_dagrun for example_display_name to None, run_after=None
[2024-05-11T15:55:06.067+0000] {processor.py:183} INFO - Processing /home/airflow/.local/lib/python3.12/site-packages/airflow/example_dags/example_display_name.py took 0.071 seconds
[2024-05-11T15:55:36.793+0000] {processor.py:161} INFO - Started process (PID=1128) to work on /home/airflow/.local/lib/python3.12/site-packages/airflow/example_dags/example_display_name.py
[2024-05-11T15:55:36.793+0000] {processor.py:830} INFO - Processing file /home/airflow/.local/lib/python3.12/site-packages/airflow/example_dags/example_display_name.py for tasks to queue
[2024-05-11T15:55:36.796+0000] {logging_mixin.py:188} INFO - [2024-05-11T15:55:36.795+0000] {dagbag.py:545} INFO - Filling up the DagBag from /home/airflow/.local/lib/python3.12/site-packages/airflow/example_dags/example_display_name.py
[2024-05-11T15:55:36.800+0000] {processor.py:840} INFO - DAG(s) 'example_display_name' retrieved from /home/airflow/.local/lib/python3.12/site-packages/airflow/example_dags/example_display_name.py
[2024-05-11T15:55:36.817+0000] {logging_mixin.py:188} INFO - [2024-05-11T15:55:36.817+0000] {dag.py:3096} INFO - Sync 1 DAGs
[2024-05-11T15:55:36.829+0000] {logging_mixin.py:188} INFO - [2024-05-11T15:55:36.829+0000] {dag.py:3954} INFO - Setting next_dagrun for example_display_name to None, run_after=None
[2024-05-11T15:55:36.848+0000] {processor.py:183} INFO - Processing /home/airflow/.local/lib/python3.12/site-packages/airflow/example_dags/example_display_name.py took 0.060 seconds
[2024-05-11T15:56:07.400+0000] {processor.py:161} INFO - Started process (PID=1186) to work on /home/airflow/.local/lib/python3.12/site-packages/airflow/example_dags/example_display_name.py
[2024-05-11T15:56:07.402+0000] {processor.py:830} INFO - Processing file /home/airflow/.local/lib/python3.12/site-packages/airflow/example_dags/example_display_name.py for tasks to queue
[2024-05-11T15:56:07.404+0000] {logging_mixin.py:188} INFO - [2024-05-11T15:56:07.403+0000] {dagbag.py:545} INFO - Filling up the DagBag from /home/airflow/.local/lib/python3.12/site-packages/airflow/example_dags/example_display_name.py
[2024-05-11T15:56:07.408+0000] {processor.py:840} INFO - DAG(s) 'example_display_name' retrieved from /home/airflow/.local/lib/python3.12/site-packages/airflow/example_dags/example_display_name.py
[2024-05-11T15:56:07.427+0000] {logging_mixin.py:188} INFO - [2024-05-11T15:56:07.427+0000] {dag.py:3096} INFO - Sync 1 DAGs
[2024-05-11T15:56:07.440+0000] {logging_mixin.py:188} INFO - [2024-05-11T15:56:07.440+0000] {dag.py:3954} INFO - Setting next_dagrun for example_display_name to None, run_after=None
[2024-05-11T15:56:07.459+0000] {processor.py:183} INFO - Processing /home/airflow/.local/lib/python3.12/site-packages/airflow/example_dags/example_display_name.py took 0.063 seconds
[2024-05-11T15:56:38.012+0000] {processor.py:161} INFO - Started process (PID=1244) to work on /home/airflow/.local/lib/python3.12/site-packages/airflow/example_dags/example_display_name.py
[2024-05-11T15:56:38.013+0000] {processor.py:830} INFO - Processing file /home/airflow/.local/lib/python3.12/site-packages/airflow/example_dags/example_display_name.py for tasks to queue
[2024-05-11T15:56:38.014+0000] {logging_mixin.py:188} INFO - [2024-05-11T15:56:38.014+0000] {dagbag.py:545} INFO - Filling up the DagBag from /home/airflow/.local/lib/python3.12/site-packages/airflow/example_dags/example_display_name.py
[2024-05-11T15:56:38.019+0000] {processor.py:840} INFO - DAG(s) 'example_display_name' retrieved from /home/airflow/.local/lib/python3.12/site-packages/airflow/example_dags/example_display_name.py
[2024-05-11T15:56:38.037+0000] {logging_mixin.py:188} INFO - [2024-05-11T15:56:38.037+0000] {dag.py:3096} INFO - Sync 1 DAGs
[2024-05-11T15:56:38.049+0000] {logging_mixin.py:188} INFO - [2024-05-11T15:56:38.049+0000] {dag.py:3954} INFO - Setting next_dagrun for example_display_name to None, run_after=None
[2024-05-11T15:56:38.068+0000] {processor.py:183} INFO - Processing /home/airflow/.local/lib/python3.12/site-packages/airflow/example_dags/example_display_name.py took 0.061 seconds
[2024-05-11T16:03:46.147+0000] {processor.py:161} INFO - Started process (PID=76) to work on /home/airflow/.local/lib/python3.12/site-packages/airflow/example_dags/example_display_name.py
[2024-05-11T16:03:46.150+0000] {processor.py:830} INFO - Processing file /home/airflow/.local/lib/python3.12/site-packages/airflow/example_dags/example_display_name.py for tasks to queue
[2024-05-11T16:03:46.155+0000] {logging_mixin.py:188} INFO - [2024-05-11T16:03:46.154+0000] {dagbag.py:545} INFO - Filling up the DagBag from /home/airflow/.local/lib/python3.12/site-packages/airflow/example_dags/example_display_name.py
[2024-05-11T16:03:46.170+0000] {processor.py:840} INFO - DAG(s) 'example_display_name' retrieved from /home/airflow/.local/lib/python3.12/site-packages/airflow/example_dags/example_display_name.py
[2024-05-11T16:03:46.342+0000] {logging_mixin.py:188} INFO - [2024-05-11T16:03:46.342+0000] {dag.py:3096} INFO - Sync 1 DAGs
[2024-05-11T16:03:46.361+0000] {logging_mixin.py:188} INFO - [2024-05-11T16:03:46.361+0000] {dag.py:3954} INFO - Setting next_dagrun for example_display_name to None, run_after=None
[2024-05-11T16:03:46.396+0000] {processor.py:183} INFO - Processing /home/airflow/.local/lib/python3.12/site-packages/airflow/example_dags/example_display_name.py took 0.266 seconds
[2024-05-11T16:04:16.469+0000] {processor.py:161} INFO - Started process (PID=134) to work on /home/airflow/.local/lib/python3.12/site-packages/airflow/example_dags/example_display_name.py
[2024-05-11T16:04:16.470+0000] {processor.py:830} INFO - Processing file /home/airflow/.local/lib/python3.12/site-packages/airflow/example_dags/example_display_name.py for tasks to queue
[2024-05-11T16:04:16.471+0000] {logging_mixin.py:188} INFO - [2024-05-11T16:04:16.471+0000] {dagbag.py:545} INFO - Filling up the DagBag from /home/airflow/.local/lib/python3.12/site-packages/airflow/example_dags/example_display_name.py
[2024-05-11T16:04:16.476+0000] {processor.py:840} INFO - DAG(s) 'example_display_name' retrieved from /home/airflow/.local/lib/python3.12/site-packages/airflow/example_dags/example_display_name.py
[2024-05-11T16:04:16.494+0000] {logging_mixin.py:188} INFO - [2024-05-11T16:04:16.494+0000] {dag.py:3096} INFO - Sync 1 DAGs
[2024-05-11T16:04:16.505+0000] {logging_mixin.py:188} INFO - [2024-05-11T16:04:16.505+0000] {dag.py:3954} INFO - Setting next_dagrun for example_display_name to None, run_after=None
[2024-05-11T16:04:16.521+0000] {processor.py:183} INFO - Processing /home/airflow/.local/lib/python3.12/site-packages/airflow/example_dags/example_display_name.py took 0.057 seconds
[2024-05-11T16:04:47.310+0000] {processor.py:161} INFO - Started process (PID=192) to work on /home/airflow/.local/lib/python3.12/site-packages/airflow/example_dags/example_display_name.py
[2024-05-11T16:04:47.312+0000] {processor.py:830} INFO - Processing file /home/airflow/.local/lib/python3.12/site-packages/airflow/example_dags/example_display_name.py for tasks to queue
[2024-05-11T16:04:47.315+0000] {logging_mixin.py:188} INFO - [2024-05-11T16:04:47.314+0000] {dagbag.py:545} INFO - Filling up the DagBag from /home/airflow/.local/lib/python3.12/site-packages/airflow/example_dags/example_display_name.py
[2024-05-11T16:04:47.321+0000] {processor.py:840} INFO - DAG(s) 'example_display_name' retrieved from /home/airflow/.local/lib/python3.12/site-packages/airflow/example_dags/example_display_name.py
[2024-05-11T16:04:47.341+0000] {logging_mixin.py:188} INFO - [2024-05-11T16:04:47.341+0000] {dag.py:3096} INFO - Sync 1 DAGs
[2024-05-11T16:04:47.354+0000] {logging_mixin.py:188} INFO - [2024-05-11T16:04:47.354+0000] {dag.py:3954} INFO - Setting next_dagrun for example_display_name to None, run_after=None
[2024-05-11T16:04:47.373+0000] {processor.py:183} INFO - Processing /home/airflow/.local/lib/python3.12/site-packages/airflow/example_dags/example_display_name.py took 0.070 seconds
[2024-05-11T16:05:17.458+0000] {processor.py:161} INFO - Started process (PID=250) to work on /home/airflow/.local/lib/python3.12/site-packages/airflow/example_dags/example_display_name.py
[2024-05-11T16:05:17.458+0000] {processor.py:830} INFO - Processing file /home/airflow/.local/lib/python3.12/site-packages/airflow/example_dags/example_display_name.py for tasks to queue
[2024-05-11T16:05:17.460+0000] {logging_mixin.py:188} INFO - [2024-05-11T16:05:17.460+0000] {dagbag.py:545} INFO - Filling up the DagBag from /home/airflow/.local/lib/python3.12/site-packages/airflow/example_dags/example_display_name.py
[2024-05-11T16:05:17.464+0000] {processor.py:840} INFO - DAG(s) 'example_display_name' retrieved from /home/airflow/.local/lib/python3.12/site-packages/airflow/example_dags/example_display_name.py
[2024-05-11T16:05:17.480+0000] {logging_mixin.py:188} INFO - [2024-05-11T16:05:17.480+0000] {dag.py:3096} INFO - Sync 1 DAGs
[2024-05-11T16:05:17.492+0000] {logging_mixin.py:188} INFO - [2024-05-11T16:05:17.492+0000] {dag.py:3954} INFO - Setting next_dagrun for example_display_name to None, run_after=None
[2024-05-11T16:05:17.507+0000] {processor.py:183} INFO - Processing /home/airflow/.local/lib/python3.12/site-packages/airflow/example_dags/example_display_name.py took 0.054 seconds
[2024-05-11T16:05:48.135+0000] {processor.py:161} INFO - Started process (PID=308) to work on /home/airflow/.local/lib/python3.12/site-packages/airflow/example_dags/example_display_name.py
[2024-05-11T16:05:48.150+0000] {processor.py:830} INFO - Processing file /home/airflow/.local/lib/python3.12/site-packages/airflow/example_dags/example_display_name.py for tasks to queue
[2024-05-11T16:05:48.155+0000] {logging_mixin.py:188} INFO - [2024-05-11T16:05:48.154+0000] {dagbag.py:545} INFO - Filling up the DagBag from /home/airflow/.local/lib/python3.12/site-packages/airflow/example_dags/example_display_name.py
[2024-05-11T16:05:48.170+0000] {processor.py:840} INFO - DAG(s) 'example_display_name' retrieved from /home/airflow/.local/lib/python3.12/site-packages/airflow/example_dags/example_display_name.py
[2024-05-11T16:05:48.202+0000] {logging_mixin.py:188} INFO - [2024-05-11T16:05:48.202+0000] {dag.py:3096} INFO - Sync 1 DAGs
[2024-05-11T16:05:48.217+0000] {logging_mixin.py:188} INFO - [2024-05-11T16:05:48.217+0000] {dag.py:3954} INFO - Setting next_dagrun for example_display_name to None, run_after=None
[2024-05-11T16:05:48.238+0000] {processor.py:183} INFO - Processing /home/airflow/.local/lib/python3.12/site-packages/airflow/example_dags/example_display_name.py took 0.108 seconds
