[2024-05-11T11:31:01.801+0000] {processor.py:161} INFO - Started process (PID=84) to work on /home/airflow/.local/lib/python3.12/site-packages/airflow/example_dags/example_latest_only_with_trigger.py
[2024-05-11T11:31:01.803+0000] {processor.py:830} INFO - Processing file /home/airflow/.local/lib/python3.12/site-packages/airflow/example_dags/example_latest_only_with_trigger.py for tasks to queue
[2024-05-11T11:31:01.806+0000] {logging_mixin.py:188} INFO - [2024-05-11T11:31:01.805+0000] {dagbag.py:545} INFO - Filling up the DagBag from /home/airflow/.local/lib/python3.12/site-packages/airflow/example_dags/example_latest_only_with_trigger.py
[2024-05-11T11:31:01.815+0000] {processor.py:840} INFO - DAG(s) 'latest_only_with_trigger' retrieved from /home/airflow/.local/lib/python3.12/site-packages/airflow/example_dags/example_latest_only_with_trigger.py
[2024-05-11T11:31:02.248+0000] {logging_mixin.py:188} INFO - [2024-05-11T11:31:02.247+0000] {override.py:1829} INFO - Created Permission View: can edit on DAG:latest_only_with_trigger
[2024-05-11T11:31:02.283+0000] {logging_mixin.py:188} INFO - [2024-05-11T11:31:02.282+0000] {override.py:1829} INFO - Created Permission View: can read on DAG:latest_only_with_trigger
[2024-05-11T11:31:02.300+0000] {logging_mixin.py:188} INFO - [2024-05-11T11:31:02.300+0000] {override.py:1829} INFO - Created Permission View: can delete on DAG:latest_only_with_trigger
[2024-05-11T11:31:02.302+0000] {logging_mixin.py:188} INFO - [2024-05-11T11:31:02.301+0000] {dag.py:3096} INFO - Sync 1 DAGs
[2024-05-11T11:31:02.346+0000] {logging_mixin.py:188} INFO - [2024-05-11T11:31:02.345+0000] {dag.py:3118} INFO - Creating ORM DAG for latest_only_with_trigger
[2024-05-11T11:31:02.383+0000] {logging_mixin.py:188} INFO - [2024-05-11T11:31:02.383+0000] {dag.py:3954} INFO - Setting next_dagrun for latest_only_with_trigger to 2024-05-11 04:00:00+00:00, run_after=2024-05-11 08:00:00+00:00
[2024-05-11T11:31:02.434+0000] {processor.py:183} INFO - Processing /home/airflow/.local/lib/python3.12/site-packages/airflow/example_dags/example_latest_only_with_trigger.py took 0.642 seconds
[2024-05-11T11:31:32.771+0000] {processor.py:161} INFO - Started process (PID=142) to work on /home/airflow/.local/lib/python3.12/site-packages/airflow/example_dags/example_latest_only_with_trigger.py
[2024-05-11T11:31:32.799+0000] {processor.py:830} INFO - Processing file /home/airflow/.local/lib/python3.12/site-packages/airflow/example_dags/example_latest_only_with_trigger.py for tasks to queue
[2024-05-11T11:31:32.801+0000] {logging_mixin.py:188} INFO - [2024-05-11T11:31:32.801+0000] {dagbag.py:545} INFO - Filling up the DagBag from /home/airflow/.local/lib/python3.12/site-packages/airflow/example_dags/example_latest_only_with_trigger.py
[2024-05-11T11:31:32.811+0000] {processor.py:840} INFO - DAG(s) 'latest_only_with_trigger' retrieved from /home/airflow/.local/lib/python3.12/site-packages/airflow/example_dags/example_latest_only_with_trigger.py
[2024-05-11T11:31:32.838+0000] {logging_mixin.py:188} INFO - [2024-05-11T11:31:32.838+0000] {dag.py:3096} INFO - Sync 1 DAGs
[2024-05-11T11:31:32.915+0000] {logging_mixin.py:188} INFO - [2024-05-11T11:31:32.915+0000] {dag.py:3954} INFO - Setting next_dagrun for latest_only_with_trigger to 2024-05-11 04:00:00+00:00, run_after=2024-05-11 08:00:00+00:00
[2024-05-11T11:31:33.152+0000] {processor.py:183} INFO - Processing /home/airflow/.local/lib/python3.12/site-packages/airflow/example_dags/example_latest_only_with_trigger.py took 0.386 seconds
[2024-05-11T11:32:03.472+0000] {processor.py:161} INFO - Started process (PID=200) to work on /home/airflow/.local/lib/python3.12/site-packages/airflow/example_dags/example_latest_only_with_trigger.py
[2024-05-11T11:32:03.473+0000] {processor.py:830} INFO - Processing file /home/airflow/.local/lib/python3.12/site-packages/airflow/example_dags/example_latest_only_with_trigger.py for tasks to queue
[2024-05-11T11:32:03.475+0000] {logging_mixin.py:188} INFO - [2024-05-11T11:32:03.475+0000] {dagbag.py:545} INFO - Filling up the DagBag from /home/airflow/.local/lib/python3.12/site-packages/airflow/example_dags/example_latest_only_with_trigger.py
[2024-05-11T11:32:03.480+0000] {processor.py:840} INFO - DAG(s) 'latest_only_with_trigger' retrieved from /home/airflow/.local/lib/python3.12/site-packages/airflow/example_dags/example_latest_only_with_trigger.py
[2024-05-11T11:32:03.500+0000] {logging_mixin.py:188} INFO - [2024-05-11T11:32:03.500+0000] {dag.py:3096} INFO - Sync 1 DAGs
[2024-05-11T11:32:03.520+0000] {logging_mixin.py:188} INFO - [2024-05-11T11:32:03.520+0000] {dag.py:3954} INFO - Setting next_dagrun for latest_only_with_trigger to 2024-05-11 04:00:00+00:00, run_after=2024-05-11 08:00:00+00:00
[2024-05-11T11:32:03.636+0000] {processor.py:183} INFO - Processing /home/airflow/.local/lib/python3.12/site-packages/airflow/example_dags/example_latest_only_with_trigger.py took 0.169 seconds
[2024-05-11T11:32:33.709+0000] {processor.py:161} INFO - Started process (PID=257) to work on /home/airflow/.local/lib/python3.12/site-packages/airflow/example_dags/example_latest_only_with_trigger.py
[2024-05-11T11:32:33.710+0000] {processor.py:830} INFO - Processing file /home/airflow/.local/lib/python3.12/site-packages/airflow/example_dags/example_latest_only_with_trigger.py for tasks to queue
[2024-05-11T11:32:33.711+0000] {logging_mixin.py:188} INFO - [2024-05-11T11:32:33.711+0000] {dagbag.py:545} INFO - Filling up the DagBag from /home/airflow/.local/lib/python3.12/site-packages/airflow/example_dags/example_latest_only_with_trigger.py
[2024-05-11T11:32:33.716+0000] {processor.py:840} INFO - DAG(s) 'latest_only_with_trigger' retrieved from /home/airflow/.local/lib/python3.12/site-packages/airflow/example_dags/example_latest_only_with_trigger.py
[2024-05-11T11:32:33.734+0000] {logging_mixin.py:188} INFO - [2024-05-11T11:32:33.734+0000] {dag.py:3096} INFO - Sync 1 DAGs
[2024-05-11T11:32:33.755+0000] {logging_mixin.py:188} INFO - [2024-05-11T11:32:33.754+0000] {dag.py:3954} INFO - Setting next_dagrun for latest_only_with_trigger to 2024-05-11 04:00:00+00:00, run_after=2024-05-11 08:00:00+00:00
[2024-05-11T11:32:33.772+0000] {processor.py:183} INFO - Processing /home/airflow/.local/lib/python3.12/site-packages/airflow/example_dags/example_latest_only_with_trigger.py took 0.067 seconds
[2024-05-11T11:33:03.863+0000] {processor.py:161} INFO - Started process (PID=315) to work on /home/airflow/.local/lib/python3.12/site-packages/airflow/example_dags/example_latest_only_with_trigger.py
[2024-05-11T11:33:03.863+0000] {processor.py:830} INFO - Processing file /home/airflow/.local/lib/python3.12/site-packages/airflow/example_dags/example_latest_only_with_trigger.py for tasks to queue
[2024-05-11T11:33:03.865+0000] {logging_mixin.py:188} INFO - [2024-05-11T11:33:03.865+0000] {dagbag.py:545} INFO - Filling up the DagBag from /home/airflow/.local/lib/python3.12/site-packages/airflow/example_dags/example_latest_only_with_trigger.py
[2024-05-11T11:33:03.870+0000] {processor.py:840} INFO - DAG(s) 'latest_only_with_trigger' retrieved from /home/airflow/.local/lib/python3.12/site-packages/airflow/example_dags/example_latest_only_with_trigger.py
[2024-05-11T11:33:03.887+0000] {logging_mixin.py:188} INFO - [2024-05-11T11:33:03.887+0000] {dag.py:3096} INFO - Sync 1 DAGs
[2024-05-11T11:33:03.908+0000] {logging_mixin.py:188} INFO - [2024-05-11T11:33:03.907+0000] {dag.py:3954} INFO - Setting next_dagrun for latest_only_with_trigger to 2024-05-11 04:00:00+00:00, run_after=2024-05-11 08:00:00+00:00
[2024-05-11T11:33:03.924+0000] {processor.py:183} INFO - Processing /home/airflow/.local/lib/python3.12/site-packages/airflow/example_dags/example_latest_only_with_trigger.py took 0.066 seconds
[2024-05-11T11:33:34.138+0000] {processor.py:161} INFO - Started process (PID=373) to work on /home/airflow/.local/lib/python3.12/site-packages/airflow/example_dags/example_latest_only_with_trigger.py
[2024-05-11T11:33:34.139+0000] {processor.py:830} INFO - Processing file /home/airflow/.local/lib/python3.12/site-packages/airflow/example_dags/example_latest_only_with_trigger.py for tasks to queue
[2024-05-11T11:33:34.141+0000] {logging_mixin.py:188} INFO - [2024-05-11T11:33:34.141+0000] {dagbag.py:545} INFO - Filling up the DagBag from /home/airflow/.local/lib/python3.12/site-packages/airflow/example_dags/example_latest_only_with_trigger.py
[2024-05-11T11:33:34.146+0000] {processor.py:840} INFO - DAG(s) 'latest_only_with_trigger' retrieved from /home/airflow/.local/lib/python3.12/site-packages/airflow/example_dags/example_latest_only_with_trigger.py
[2024-05-11T11:33:34.164+0000] {logging_mixin.py:188} INFO - [2024-05-11T11:33:34.164+0000] {dag.py:3096} INFO - Sync 1 DAGs
[2024-05-11T11:33:34.188+0000] {logging_mixin.py:188} INFO - [2024-05-11T11:33:34.188+0000] {dag.py:3954} INFO - Setting next_dagrun for latest_only_with_trigger to 2024-05-11 04:00:00+00:00, run_after=2024-05-11 08:00:00+00:00
[2024-05-11T11:33:34.208+0000] {processor.py:183} INFO - Processing /home/airflow/.local/lib/python3.12/site-packages/airflow/example_dags/example_latest_only_with_trigger.py took 0.075 seconds
[2024-05-11T11:34:04.515+0000] {processor.py:161} INFO - Started process (PID=431) to work on /home/airflow/.local/lib/python3.12/site-packages/airflow/example_dags/example_latest_only_with_trigger.py
[2024-05-11T11:34:04.516+0000] {processor.py:830} INFO - Processing file /home/airflow/.local/lib/python3.12/site-packages/airflow/example_dags/example_latest_only_with_trigger.py for tasks to queue
[2024-05-11T11:34:04.518+0000] {logging_mixin.py:188} INFO - [2024-05-11T11:34:04.518+0000] {dagbag.py:545} INFO - Filling up the DagBag from /home/airflow/.local/lib/python3.12/site-packages/airflow/example_dags/example_latest_only_with_trigger.py
[2024-05-11T11:34:04.525+0000] {processor.py:840} INFO - DAG(s) 'latest_only_with_trigger' retrieved from /home/airflow/.local/lib/python3.12/site-packages/airflow/example_dags/example_latest_only_with_trigger.py
[2024-05-11T11:34:04.654+0000] {logging_mixin.py:188} INFO - [2024-05-11T11:34:04.653+0000] {dag.py:3096} INFO - Sync 1 DAGs
[2024-05-11T11:34:04.695+0000] {logging_mixin.py:188} INFO - [2024-05-11T11:34:04.695+0000] {dag.py:3954} INFO - Setting next_dagrun for latest_only_with_trigger to 2024-05-11 04:00:00+00:00, run_after=2024-05-11 08:00:00+00:00
[2024-05-11T11:34:04.730+0000] {processor.py:183} INFO - Processing /home/airflow/.local/lib/python3.12/site-packages/airflow/example_dags/example_latest_only_with_trigger.py took 0.223 seconds
[2024-05-11T11:34:34.813+0000] {processor.py:161} INFO - Started process (PID=488) to work on /home/airflow/.local/lib/python3.12/site-packages/airflow/example_dags/example_latest_only_with_trigger.py
[2024-05-11T11:34:34.814+0000] {processor.py:830} INFO - Processing file /home/airflow/.local/lib/python3.12/site-packages/airflow/example_dags/example_latest_only_with_trigger.py for tasks to queue
[2024-05-11T11:34:34.816+0000] {logging_mixin.py:188} INFO - [2024-05-11T11:34:34.816+0000] {dagbag.py:545} INFO - Filling up the DagBag from /home/airflow/.local/lib/python3.12/site-packages/airflow/example_dags/example_latest_only_with_trigger.py
[2024-05-11T11:34:34.821+0000] {processor.py:840} INFO - DAG(s) 'latest_only_with_trigger' retrieved from /home/airflow/.local/lib/python3.12/site-packages/airflow/example_dags/example_latest_only_with_trigger.py
[2024-05-11T11:34:34.831+0000] {logging_mixin.py:188} INFO - [2024-05-11T11:34:34.831+0000] {dag.py:3096} INFO - Sync 1 DAGs
[2024-05-11T11:34:34.853+0000] {logging_mixin.py:188} INFO - [2024-05-11T11:34:34.853+0000] {dag.py:3954} INFO - Setting next_dagrun for latest_only_with_trigger to 2024-05-11 04:00:00+00:00, run_after=2024-05-11 08:00:00+00:00
[2024-05-11T11:34:34.871+0000] {processor.py:183} INFO - Processing /home/airflow/.local/lib/python3.12/site-packages/airflow/example_dags/example_latest_only_with_trigger.py took 0.063 seconds
[2024-05-11T15:07:44.480+0000] {processor.py:161} INFO - Started process (PID=60) to work on /home/airflow/.local/lib/python3.12/site-packages/airflow/example_dags/example_latest_only_with_trigger.py
[2024-05-11T15:07:44.542+0000] {processor.py:830} INFO - Processing file /home/airflow/.local/lib/python3.12/site-packages/airflow/example_dags/example_latest_only_with_trigger.py for tasks to queue
[2024-05-11T15:07:44.576+0000] {logging_mixin.py:188} INFO - [2024-05-11T15:07:44.576+0000] {dagbag.py:545} INFO - Filling up the DagBag from /home/airflow/.local/lib/python3.12/site-packages/airflow/example_dags/example_latest_only_with_trigger.py
[2024-05-11T15:07:44.684+0000] {processor.py:840} INFO - DAG(s) 'latest_only_with_trigger' retrieved from /home/airflow/.local/lib/python3.12/site-packages/airflow/example_dags/example_latest_only_with_trigger.py
[2024-05-11T15:07:45.452+0000] {logging_mixin.py:188} INFO - [2024-05-11T15:07:45.452+0000] {dag.py:3096} INFO - Sync 1 DAGs
[2024-05-11T15:07:45.479+0000] {logging_mixin.py:188} INFO - [2024-05-11T15:07:45.478+0000] {dag.py:3954} INFO - Setting next_dagrun for latest_only_with_trigger to 2024-05-11 08:00:00+00:00, run_after=2024-05-11 12:00:00+00:00
[2024-05-11T15:07:45.743+0000] {processor.py:183} INFO - Processing /home/airflow/.local/lib/python3.12/site-packages/airflow/example_dags/example_latest_only_with_trigger.py took 1.382 seconds
[2024-05-11T15:18:28.823+0000] {processor.py:161} INFO - Started process (PID=60) to work on /home/airflow/.local/lib/python3.12/site-packages/airflow/example_dags/example_latest_only_with_trigger.py
[2024-05-11T15:18:28.825+0000] {processor.py:830} INFO - Processing file /home/airflow/.local/lib/python3.12/site-packages/airflow/example_dags/example_latest_only_with_trigger.py for tasks to queue
[2024-05-11T15:18:28.830+0000] {logging_mixin.py:188} INFO - [2024-05-11T15:18:28.828+0000] {dagbag.py:545} INFO - Filling up the DagBag from /home/airflow/.local/lib/python3.12/site-packages/airflow/example_dags/example_latest_only_with_trigger.py
[2024-05-11T15:18:28.843+0000] {processor.py:840} INFO - DAG(s) 'latest_only_with_trigger' retrieved from /home/airflow/.local/lib/python3.12/site-packages/airflow/example_dags/example_latest_only_with_trigger.py
[2024-05-11T15:18:28.863+0000] {logging_mixin.py:188} INFO - [2024-05-11T15:18:28.862+0000] {dag.py:3096} INFO - Sync 1 DAGs
[2024-05-11T15:18:28.919+0000] {logging_mixin.py:188} INFO - [2024-05-11T15:18:28.918+0000] {dag.py:3954} INFO - Setting next_dagrun for latest_only_with_trigger to 2024-05-11 08:00:00+00:00, run_after=2024-05-11 12:00:00+00:00
[2024-05-11T15:18:28.958+0000] {processor.py:183} INFO - Processing /home/airflow/.local/lib/python3.12/site-packages/airflow/example_dags/example_latest_only_with_trigger.py took 0.142 seconds
[2024-05-11T15:18:59.403+0000] {processor.py:161} INFO - Started process (PID=118) to work on /home/airflow/.local/lib/python3.12/site-packages/airflow/example_dags/example_latest_only_with_trigger.py
[2024-05-11T15:18:59.404+0000] {processor.py:830} INFO - Processing file /home/airflow/.local/lib/python3.12/site-packages/airflow/example_dags/example_latest_only_with_trigger.py for tasks to queue
[2024-05-11T15:18:59.406+0000] {logging_mixin.py:188} INFO - [2024-05-11T15:18:59.406+0000] {dagbag.py:545} INFO - Filling up the DagBag from /home/airflow/.local/lib/python3.12/site-packages/airflow/example_dags/example_latest_only_with_trigger.py
[2024-05-11T15:18:59.413+0000] {processor.py:840} INFO - DAG(s) 'latest_only_with_trigger' retrieved from /home/airflow/.local/lib/python3.12/site-packages/airflow/example_dags/example_latest_only_with_trigger.py
[2024-05-11T15:18:59.428+0000] {logging_mixin.py:188} INFO - [2024-05-11T15:18:59.427+0000] {dag.py:3096} INFO - Sync 1 DAGs
[2024-05-11T15:18:59.456+0000] {logging_mixin.py:188} INFO - [2024-05-11T15:18:59.456+0000] {dag.py:3954} INFO - Setting next_dagrun for latest_only_with_trigger to 2024-05-11 08:00:00+00:00, run_after=2024-05-11 12:00:00+00:00
[2024-05-11T15:18:59.478+0000] {processor.py:183} INFO - Processing /home/airflow/.local/lib/python3.12/site-packages/airflow/example_dags/example_latest_only_with_trigger.py took 0.081 seconds
[2024-05-11T15:19:30.818+0000] {processor.py:161} INFO - Started process (PID=176) to work on /home/airflow/.local/lib/python3.12/site-packages/airflow/example_dags/example_latest_only_with_trigger.py
[2024-05-11T15:19:30.819+0000] {processor.py:830} INFO - Processing file /home/airflow/.local/lib/python3.12/site-packages/airflow/example_dags/example_latest_only_with_trigger.py for tasks to queue
[2024-05-11T15:19:30.820+0000] {logging_mixin.py:188} INFO - [2024-05-11T15:19:30.820+0000] {dagbag.py:545} INFO - Filling up the DagBag from /home/airflow/.local/lib/python3.12/site-packages/airflow/example_dags/example_latest_only_with_trigger.py
[2024-05-11T15:19:30.825+0000] {processor.py:840} INFO - DAG(s) 'latest_only_with_trigger' retrieved from /home/airflow/.local/lib/python3.12/site-packages/airflow/example_dags/example_latest_only_with_trigger.py
[2024-05-11T15:19:30.912+0000] {logging_mixin.py:188} INFO - [2024-05-11T15:19:30.911+0000] {dag.py:3096} INFO - Sync 1 DAGs
[2024-05-11T15:19:30.931+0000] {logging_mixin.py:188} INFO - [2024-05-11T15:19:30.931+0000] {dag.py:3954} INFO - Setting next_dagrun for latest_only_with_trigger to 2024-05-11 08:00:00+00:00, run_after=2024-05-11 12:00:00+00:00
[2024-05-11T15:19:30.949+0000] {processor.py:183} INFO - Processing /home/airflow/.local/lib/python3.12/site-packages/airflow/example_dags/example_latest_only_with_trigger.py took 0.135 seconds
[2024-05-11T15:20:01.305+0000] {processor.py:161} INFO - Started process (PID=234) to work on /home/airflow/.local/lib/python3.12/site-packages/airflow/example_dags/example_latest_only_with_trigger.py
[2024-05-11T15:20:01.306+0000] {processor.py:830} INFO - Processing file /home/airflow/.local/lib/python3.12/site-packages/airflow/example_dags/example_latest_only_with_trigger.py for tasks to queue
[2024-05-11T15:20:01.307+0000] {logging_mixin.py:188} INFO - [2024-05-11T15:20:01.307+0000] {dagbag.py:545} INFO - Filling up the DagBag from /home/airflow/.local/lib/python3.12/site-packages/airflow/example_dags/example_latest_only_with_trigger.py
[2024-05-11T15:20:01.312+0000] {processor.py:840} INFO - DAG(s) 'latest_only_with_trigger' retrieved from /home/airflow/.local/lib/python3.12/site-packages/airflow/example_dags/example_latest_only_with_trigger.py
[2024-05-11T15:20:01.331+0000] {logging_mixin.py:188} INFO - [2024-05-11T15:20:01.330+0000] {dag.py:3096} INFO - Sync 1 DAGs
[2024-05-11T15:20:01.351+0000] {logging_mixin.py:188} INFO - [2024-05-11T15:20:01.351+0000] {dag.py:3954} INFO - Setting next_dagrun for latest_only_with_trigger to 2024-05-11 08:00:00+00:00, run_after=2024-05-11 12:00:00+00:00
[2024-05-11T15:20:01.368+0000] {processor.py:183} INFO - Processing /home/airflow/.local/lib/python3.12/site-packages/airflow/example_dags/example_latest_only_with_trigger.py took 0.067 seconds
[2024-05-11T15:20:32.353+0000] {processor.py:161} INFO - Started process (PID=292) to work on /home/airflow/.local/lib/python3.12/site-packages/airflow/example_dags/example_latest_only_with_trigger.py
[2024-05-11T15:20:32.354+0000] {processor.py:830} INFO - Processing file /home/airflow/.local/lib/python3.12/site-packages/airflow/example_dags/example_latest_only_with_trigger.py for tasks to queue
[2024-05-11T15:20:32.356+0000] {logging_mixin.py:188} INFO - [2024-05-11T15:20:32.355+0000] {dagbag.py:545} INFO - Filling up the DagBag from /home/airflow/.local/lib/python3.12/site-packages/airflow/example_dags/example_latest_only_with_trigger.py
[2024-05-11T15:20:32.361+0000] {processor.py:840} INFO - DAG(s) 'latest_only_with_trigger' retrieved from /home/airflow/.local/lib/python3.12/site-packages/airflow/example_dags/example_latest_only_with_trigger.py
[2024-05-11T15:20:32.383+0000] {logging_mixin.py:188} INFO - [2024-05-11T15:20:32.383+0000] {dag.py:3096} INFO - Sync 1 DAGs
[2024-05-11T15:20:32.416+0000] {logging_mixin.py:188} INFO - [2024-05-11T15:20:32.416+0000] {dag.py:3954} INFO - Setting next_dagrun for latest_only_with_trigger to 2024-05-11 08:00:00+00:00, run_after=2024-05-11 12:00:00+00:00
[2024-05-11T15:20:32.447+0000] {processor.py:183} INFO - Processing /home/airflow/.local/lib/python3.12/site-packages/airflow/example_dags/example_latest_only_with_trigger.py took 0.100 seconds
[2024-05-11T15:27:03.584+0000] {processor.py:161} INFO - Started process (PID=68) to work on /home/airflow/.local/lib/python3.12/site-packages/airflow/example_dags/example_latest_only_with_trigger.py
[2024-05-11T15:27:03.599+0000] {processor.py:830} INFO - Processing file /home/airflow/.local/lib/python3.12/site-packages/airflow/example_dags/example_latest_only_with_trigger.py for tasks to queue
[2024-05-11T15:27:03.625+0000] {logging_mixin.py:188} INFO - [2024-05-11T15:27:03.620+0000] {dagbag.py:545} INFO - Filling up the DagBag from /home/airflow/.local/lib/python3.12/site-packages/airflow/example_dags/example_latest_only_with_trigger.py
[2024-05-11T15:27:03.722+0000] {processor.py:840} INFO - DAG(s) 'latest_only_with_trigger' retrieved from /home/airflow/.local/lib/python3.12/site-packages/airflow/example_dags/example_latest_only_with_trigger.py
[2024-05-11T15:27:04.566+0000] {logging_mixin.py:188} INFO - [2024-05-11T15:27:04.566+0000] {dag.py:3096} INFO - Sync 1 DAGs
[2024-05-11T15:27:04.638+0000] {logging_mixin.py:188} INFO - [2024-05-11T15:27:04.637+0000] {dag.py:3954} INFO - Setting next_dagrun for latest_only_with_trigger to 2024-05-11 08:00:00+00:00, run_after=2024-05-11 12:00:00+00:00
[2024-05-11T15:27:04.718+0000] {processor.py:183} INFO - Processing /home/airflow/.local/lib/python3.12/site-packages/airflow/example_dags/example_latest_only_with_trigger.py took 1.181 seconds
[2024-05-11T15:27:34.939+0000] {processor.py:161} INFO - Started process (PID=126) to work on /home/airflow/.local/lib/python3.12/site-packages/airflow/example_dags/example_latest_only_with_trigger.py
[2024-05-11T15:27:34.940+0000] {processor.py:830} INFO - Processing file /home/airflow/.local/lib/python3.12/site-packages/airflow/example_dags/example_latest_only_with_trigger.py for tasks to queue
[2024-05-11T15:27:34.942+0000] {logging_mixin.py:188} INFO - [2024-05-11T15:27:34.942+0000] {dagbag.py:545} INFO - Filling up the DagBag from /home/airflow/.local/lib/python3.12/site-packages/airflow/example_dags/example_latest_only_with_trigger.py
[2024-05-11T15:27:34.968+0000] {processor.py:840} INFO - DAG(s) 'latest_only_with_trigger' retrieved from /home/airflow/.local/lib/python3.12/site-packages/airflow/example_dags/example_latest_only_with_trigger.py
[2024-05-11T15:27:35.017+0000] {logging_mixin.py:188} INFO - [2024-05-11T15:27:35.017+0000] {dag.py:3096} INFO - Sync 1 DAGs
[2024-05-11T15:27:35.074+0000] {logging_mixin.py:188} INFO - [2024-05-11T15:27:35.074+0000] {dag.py:3954} INFO - Setting next_dagrun for latest_only_with_trigger to 2024-05-11 08:00:00+00:00, run_after=2024-05-11 12:00:00+00:00
[2024-05-11T15:27:35.099+0000] {processor.py:183} INFO - Processing /home/airflow/.local/lib/python3.12/site-packages/airflow/example_dags/example_latest_only_with_trigger.py took 0.166 seconds
[2024-05-11T15:28:06.115+0000] {processor.py:161} INFO - Started process (PID=184) to work on /home/airflow/.local/lib/python3.12/site-packages/airflow/example_dags/example_latest_only_with_trigger.py
[2024-05-11T15:28:06.116+0000] {processor.py:830} INFO - Processing file /home/airflow/.local/lib/python3.12/site-packages/airflow/example_dags/example_latest_only_with_trigger.py for tasks to queue
[2024-05-11T15:28:06.117+0000] {logging_mixin.py:188} INFO - [2024-05-11T15:28:06.117+0000] {dagbag.py:545} INFO - Filling up the DagBag from /home/airflow/.local/lib/python3.12/site-packages/airflow/example_dags/example_latest_only_with_trigger.py
[2024-05-11T15:28:06.121+0000] {processor.py:840} INFO - DAG(s) 'latest_only_with_trigger' retrieved from /home/airflow/.local/lib/python3.12/site-packages/airflow/example_dags/example_latest_only_with_trigger.py
[2024-05-11T15:28:06.137+0000] {logging_mixin.py:188} INFO - [2024-05-11T15:28:06.136+0000] {dag.py:3096} INFO - Sync 1 DAGs
[2024-05-11T15:28:06.154+0000] {logging_mixin.py:188} INFO - [2024-05-11T15:28:06.154+0000] {dag.py:3954} INFO - Setting next_dagrun for latest_only_with_trigger to 2024-05-11 08:00:00+00:00, run_after=2024-05-11 12:00:00+00:00
[2024-05-11T15:28:06.170+0000] {processor.py:183} INFO - Processing /home/airflow/.local/lib/python3.12/site-packages/airflow/example_dags/example_latest_only_with_trigger.py took 0.060 seconds
[2024-05-11T15:28:36.314+0000] {processor.py:161} INFO - Started process (PID=242) to work on /home/airflow/.local/lib/python3.12/site-packages/airflow/example_dags/example_latest_only_with_trigger.py
[2024-05-11T15:28:36.315+0000] {processor.py:830} INFO - Processing file /home/airflow/.local/lib/python3.12/site-packages/airflow/example_dags/example_latest_only_with_trigger.py for tasks to queue
[2024-05-11T15:28:36.316+0000] {logging_mixin.py:188} INFO - [2024-05-11T15:28:36.316+0000] {dagbag.py:545} INFO - Filling up the DagBag from /home/airflow/.local/lib/python3.12/site-packages/airflow/example_dags/example_latest_only_with_trigger.py
[2024-05-11T15:28:36.321+0000] {processor.py:840} INFO - DAG(s) 'latest_only_with_trigger' retrieved from /home/airflow/.local/lib/python3.12/site-packages/airflow/example_dags/example_latest_only_with_trigger.py
[2024-05-11T15:28:36.339+0000] {logging_mixin.py:188} INFO - [2024-05-11T15:28:36.338+0000] {dag.py:3096} INFO - Sync 1 DAGs
[2024-05-11T15:28:36.359+0000] {logging_mixin.py:188} INFO - [2024-05-11T15:28:36.358+0000] {dag.py:3954} INFO - Setting next_dagrun for latest_only_with_trigger to 2024-05-11 08:00:00+00:00, run_after=2024-05-11 12:00:00+00:00
[2024-05-11T15:28:36.376+0000] {processor.py:183} INFO - Processing /home/airflow/.local/lib/python3.12/site-packages/airflow/example_dags/example_latest_only_with_trigger.py took 0.067 seconds
[2024-05-11T15:46:18.560+0000] {processor.py:161} INFO - Started process (PID=66) to work on /home/airflow/.local/lib/python3.12/site-packages/airflow/example_dags/example_latest_only_with_trigger.py
[2024-05-11T15:46:18.564+0000] {processor.py:830} INFO - Processing file /home/airflow/.local/lib/python3.12/site-packages/airflow/example_dags/example_latest_only_with_trigger.py for tasks to queue
[2024-05-11T15:46:18.571+0000] {logging_mixin.py:188} INFO - [2024-05-11T15:46:18.570+0000] {dagbag.py:545} INFO - Filling up the DagBag from /home/airflow/.local/lib/python3.12/site-packages/airflow/example_dags/example_latest_only_with_trigger.py
[2024-05-11T15:46:18.604+0000] {processor.py:840} INFO - DAG(s) 'latest_only_with_trigger' retrieved from /home/airflow/.local/lib/python3.12/site-packages/airflow/example_dags/example_latest_only_with_trigger.py
[2024-05-11T15:46:19.488+0000] {logging_mixin.py:188} INFO - [2024-05-11T15:46:19.487+0000] {dag.py:3096} INFO - Sync 1 DAGs
[2024-05-11T15:46:19.597+0000] {logging_mixin.py:188} INFO - [2024-05-11T15:46:19.596+0000] {dag.py:3954} INFO - Setting next_dagrun for latest_only_with_trigger to 2024-05-11 08:00:00+00:00, run_after=2024-05-11 12:00:00+00:00
[2024-05-11T15:46:19.716+0000] {processor.py:183} INFO - Processing /home/airflow/.local/lib/python3.12/site-packages/airflow/example_dags/example_latest_only_with_trigger.py took 1.170 seconds
[2024-05-11T15:46:49.824+0000] {processor.py:161} INFO - Started process (PID=124) to work on /home/airflow/.local/lib/python3.12/site-packages/airflow/example_dags/example_latest_only_with_trigger.py
[2024-05-11T15:46:49.832+0000] {processor.py:830} INFO - Processing file /home/airflow/.local/lib/python3.12/site-packages/airflow/example_dags/example_latest_only_with_trigger.py for tasks to queue
[2024-05-11T15:46:49.834+0000] {logging_mixin.py:188} INFO - [2024-05-11T15:46:49.833+0000] {dagbag.py:545} INFO - Filling up the DagBag from /home/airflow/.local/lib/python3.12/site-packages/airflow/example_dags/example_latest_only_with_trigger.py
[2024-05-11T15:46:49.838+0000] {processor.py:840} INFO - DAG(s) 'latest_only_with_trigger' retrieved from /home/airflow/.local/lib/python3.12/site-packages/airflow/example_dags/example_latest_only_with_trigger.py
[2024-05-11T15:46:49.856+0000] {logging_mixin.py:188} INFO - [2024-05-11T15:46:49.856+0000] {dag.py:3096} INFO - Sync 1 DAGs
[2024-05-11T15:46:49.876+0000] {logging_mixin.py:188} INFO - [2024-05-11T15:46:49.876+0000] {dag.py:3954} INFO - Setting next_dagrun for latest_only_with_trigger to 2024-05-11 08:00:00+00:00, run_after=2024-05-11 12:00:00+00:00
[2024-05-11T15:46:49.893+0000] {processor.py:183} INFO - Processing /home/airflow/.local/lib/python3.12/site-packages/airflow/example_dags/example_latest_only_with_trigger.py took 0.073 seconds
[2024-05-11T15:47:20.223+0000] {processor.py:161} INFO - Started process (PID=182) to work on /home/airflow/.local/lib/python3.12/site-packages/airflow/example_dags/example_latest_only_with_trigger.py
[2024-05-11T15:47:20.224+0000] {processor.py:830} INFO - Processing file /home/airflow/.local/lib/python3.12/site-packages/airflow/example_dags/example_latest_only_with_trigger.py for tasks to queue
[2024-05-11T15:47:20.225+0000] {logging_mixin.py:188} INFO - [2024-05-11T15:47:20.225+0000] {dagbag.py:545} INFO - Filling up the DagBag from /home/airflow/.local/lib/python3.12/site-packages/airflow/example_dags/example_latest_only_with_trigger.py
[2024-05-11T15:47:20.231+0000] {processor.py:840} INFO - DAG(s) 'latest_only_with_trigger' retrieved from /home/airflow/.local/lib/python3.12/site-packages/airflow/example_dags/example_latest_only_with_trigger.py
[2024-05-11T15:47:20.247+0000] {logging_mixin.py:188} INFO - [2024-05-11T15:47:20.247+0000] {dag.py:3096} INFO - Sync 1 DAGs
[2024-05-11T15:47:20.266+0000] {logging_mixin.py:188} INFO - [2024-05-11T15:47:20.266+0000] {dag.py:3954} INFO - Setting next_dagrun for latest_only_with_trigger to 2024-05-11 08:00:00+00:00, run_after=2024-05-11 12:00:00+00:00
[2024-05-11T15:47:20.283+0000] {processor.py:183} INFO - Processing /home/airflow/.local/lib/python3.12/site-packages/airflow/example_dags/example_latest_only_with_trigger.py took 0.065 seconds
[2024-05-11T15:47:51.084+0000] {processor.py:161} INFO - Started process (PID=240) to work on /home/airflow/.local/lib/python3.12/site-packages/airflow/example_dags/example_latest_only_with_trigger.py
[2024-05-11T15:47:51.085+0000] {processor.py:830} INFO - Processing file /home/airflow/.local/lib/python3.12/site-packages/airflow/example_dags/example_latest_only_with_trigger.py for tasks to queue
[2024-05-11T15:47:51.086+0000] {logging_mixin.py:188} INFO - [2024-05-11T15:47:51.086+0000] {dagbag.py:545} INFO - Filling up the DagBag from /home/airflow/.local/lib/python3.12/site-packages/airflow/example_dags/example_latest_only_with_trigger.py
[2024-05-11T15:47:51.091+0000] {processor.py:840} INFO - DAG(s) 'latest_only_with_trigger' retrieved from /home/airflow/.local/lib/python3.12/site-packages/airflow/example_dags/example_latest_only_with_trigger.py
[2024-05-11T15:47:51.108+0000] {logging_mixin.py:188} INFO - [2024-05-11T15:47:51.108+0000] {dag.py:3096} INFO - Sync 1 DAGs
[2024-05-11T15:47:51.127+0000] {logging_mixin.py:188} INFO - [2024-05-11T15:47:51.127+0000] {dag.py:3954} INFO - Setting next_dagrun for latest_only_with_trigger to 2024-05-11 08:00:00+00:00, run_after=2024-05-11 12:00:00+00:00
[2024-05-11T15:47:51.150+0000] {processor.py:183} INFO - Processing /home/airflow/.local/lib/python3.12/site-packages/airflow/example_dags/example_latest_only_with_trigger.py took 0.070 seconds
[2024-05-11T15:48:21.312+0000] {processor.py:161} INFO - Started process (PID=298) to work on /home/airflow/.local/lib/python3.12/site-packages/airflow/example_dags/example_latest_only_with_trigger.py
[2024-05-11T15:48:21.313+0000] {processor.py:830} INFO - Processing file /home/airflow/.local/lib/python3.12/site-packages/airflow/example_dags/example_latest_only_with_trigger.py for tasks to queue
[2024-05-11T15:48:21.314+0000] {logging_mixin.py:188} INFO - [2024-05-11T15:48:21.314+0000] {dagbag.py:545} INFO - Filling up the DagBag from /home/airflow/.local/lib/python3.12/site-packages/airflow/example_dags/example_latest_only_with_trigger.py
[2024-05-11T15:48:21.318+0000] {processor.py:840} INFO - DAG(s) 'latest_only_with_trigger' retrieved from /home/airflow/.local/lib/python3.12/site-packages/airflow/example_dags/example_latest_only_with_trigger.py
[2024-05-11T15:48:21.336+0000] {logging_mixin.py:188} INFO - [2024-05-11T15:48:21.335+0000] {dag.py:3096} INFO - Sync 1 DAGs
[2024-05-11T15:48:21.355+0000] {logging_mixin.py:188} INFO - [2024-05-11T15:48:21.355+0000] {dag.py:3954} INFO - Setting next_dagrun for latest_only_with_trigger to 2024-05-11 08:00:00+00:00, run_after=2024-05-11 12:00:00+00:00
[2024-05-11T15:48:21.372+0000] {processor.py:183} INFO - Processing /home/airflow/.local/lib/python3.12/site-packages/airflow/example_dags/example_latest_only_with_trigger.py took 0.064 seconds
[2024-05-11T15:48:51.612+0000] {processor.py:161} INFO - Started process (PID=356) to work on /home/airflow/.local/lib/python3.12/site-packages/airflow/example_dags/example_latest_only_with_trigger.py
[2024-05-11T15:48:51.613+0000] {processor.py:830} INFO - Processing file /home/airflow/.local/lib/python3.12/site-packages/airflow/example_dags/example_latest_only_with_trigger.py for tasks to queue
[2024-05-11T15:48:51.614+0000] {logging_mixin.py:188} INFO - [2024-05-11T15:48:51.614+0000] {dagbag.py:545} INFO - Filling up the DagBag from /home/airflow/.local/lib/python3.12/site-packages/airflow/example_dags/example_latest_only_with_trigger.py
[2024-05-11T15:48:51.618+0000] {processor.py:840} INFO - DAG(s) 'latest_only_with_trigger' retrieved from /home/airflow/.local/lib/python3.12/site-packages/airflow/example_dags/example_latest_only_with_trigger.py
[2024-05-11T15:48:51.636+0000] {logging_mixin.py:188} INFO - [2024-05-11T15:48:51.636+0000] {dag.py:3096} INFO - Sync 1 DAGs
[2024-05-11T15:48:51.654+0000] {logging_mixin.py:188} INFO - [2024-05-11T15:48:51.654+0000] {dag.py:3954} INFO - Setting next_dagrun for latest_only_with_trigger to 2024-05-11 08:00:00+00:00, run_after=2024-05-11 12:00:00+00:00
[2024-05-11T15:48:51.671+0000] {processor.py:183} INFO - Processing /home/airflow/.local/lib/python3.12/site-packages/airflow/example_dags/example_latest_only_with_trigger.py took 0.064 seconds
[2024-05-11T15:49:22.208+0000] {processor.py:161} INFO - Started process (PID=414) to work on /home/airflow/.local/lib/python3.12/site-packages/airflow/example_dags/example_latest_only_with_trigger.py
[2024-05-11T15:49:22.209+0000] {processor.py:830} INFO - Processing file /home/airflow/.local/lib/python3.12/site-packages/airflow/example_dags/example_latest_only_with_trigger.py for tasks to queue
[2024-05-11T15:49:22.210+0000] {logging_mixin.py:188} INFO - [2024-05-11T15:49:22.210+0000] {dagbag.py:545} INFO - Filling up the DagBag from /home/airflow/.local/lib/python3.12/site-packages/airflow/example_dags/example_latest_only_with_trigger.py
[2024-05-11T15:49:22.215+0000] {processor.py:840} INFO - DAG(s) 'latest_only_with_trigger' retrieved from /home/airflow/.local/lib/python3.12/site-packages/airflow/example_dags/example_latest_only_with_trigger.py
[2024-05-11T15:49:22.231+0000] {logging_mixin.py:188} INFO - [2024-05-11T15:49:22.231+0000] {dag.py:3096} INFO - Sync 1 DAGs
[2024-05-11T15:49:22.250+0000] {logging_mixin.py:188} INFO - [2024-05-11T15:49:22.250+0000] {dag.py:3954} INFO - Setting next_dagrun for latest_only_with_trigger to 2024-05-11 08:00:00+00:00, run_after=2024-05-11 12:00:00+00:00
[2024-05-11T15:49:22.266+0000] {processor.py:183} INFO - Processing /home/airflow/.local/lib/python3.12/site-packages/airflow/example_dags/example_latest_only_with_trigger.py took 0.062 seconds
[2024-05-11T15:49:52.346+0000] {processor.py:161} INFO - Started process (PID=473) to work on /home/airflow/.local/lib/python3.12/site-packages/airflow/example_dags/example_latest_only_with_trigger.py
[2024-05-11T15:49:52.347+0000] {processor.py:830} INFO - Processing file /home/airflow/.local/lib/python3.12/site-packages/airflow/example_dags/example_latest_only_with_trigger.py for tasks to queue
[2024-05-11T15:49:52.349+0000] {logging_mixin.py:188} INFO - [2024-05-11T15:49:52.349+0000] {dagbag.py:545} INFO - Filling up the DagBag from /home/airflow/.local/lib/python3.12/site-packages/airflow/example_dags/example_latest_only_with_trigger.py
[2024-05-11T15:49:52.353+0000] {processor.py:840} INFO - DAG(s) 'latest_only_with_trigger' retrieved from /home/airflow/.local/lib/python3.12/site-packages/airflow/example_dags/example_latest_only_with_trigger.py
[2024-05-11T15:49:52.371+0000] {logging_mixin.py:188} INFO - [2024-05-11T15:49:52.370+0000] {dag.py:3096} INFO - Sync 1 DAGs
[2024-05-11T15:49:52.390+0000] {logging_mixin.py:188} INFO - [2024-05-11T15:49:52.389+0000] {dag.py:3954} INFO - Setting next_dagrun for latest_only_with_trigger to 2024-05-11 08:00:00+00:00, run_after=2024-05-11 12:00:00+00:00
[2024-05-11T15:49:52.406+0000] {processor.py:183} INFO - Processing /home/airflow/.local/lib/python3.12/site-packages/airflow/example_dags/example_latest_only_with_trigger.py took 0.064 seconds
[2024-05-11T15:50:22.875+0000] {processor.py:161} INFO - Started process (PID=531) to work on /home/airflow/.local/lib/python3.12/site-packages/airflow/example_dags/example_latest_only_with_trigger.py
[2024-05-11T15:50:22.876+0000] {processor.py:830} INFO - Processing file /home/airflow/.local/lib/python3.12/site-packages/airflow/example_dags/example_latest_only_with_trigger.py for tasks to queue
[2024-05-11T15:50:22.878+0000] {logging_mixin.py:188} INFO - [2024-05-11T15:50:22.877+0000] {dagbag.py:545} INFO - Filling up the DagBag from /home/airflow/.local/lib/python3.12/site-packages/airflow/example_dags/example_latest_only_with_trigger.py
[2024-05-11T15:50:22.882+0000] {processor.py:840} INFO - DAG(s) 'latest_only_with_trigger' retrieved from /home/airflow/.local/lib/python3.12/site-packages/airflow/example_dags/example_latest_only_with_trigger.py
[2024-05-11T15:50:22.901+0000] {logging_mixin.py:188} INFO - [2024-05-11T15:50:22.901+0000] {dag.py:3096} INFO - Sync 1 DAGs
[2024-05-11T15:50:22.921+0000] {logging_mixin.py:188} INFO - [2024-05-11T15:50:22.921+0000] {dag.py:3954} INFO - Setting next_dagrun for latest_only_with_trigger to 2024-05-11 08:00:00+00:00, run_after=2024-05-11 12:00:00+00:00
[2024-05-11T15:50:22.938+0000] {processor.py:183} INFO - Processing /home/airflow/.local/lib/python3.12/site-packages/airflow/example_dags/example_latest_only_with_trigger.py took 0.068 seconds
[2024-05-11T15:50:53.165+0000] {processor.py:161} INFO - Started process (PID=589) to work on /home/airflow/.local/lib/python3.12/site-packages/airflow/example_dags/example_latest_only_with_trigger.py
[2024-05-11T15:50:53.166+0000] {processor.py:830} INFO - Processing file /home/airflow/.local/lib/python3.12/site-packages/airflow/example_dags/example_latest_only_with_trigger.py for tasks to queue
[2024-05-11T15:50:53.168+0000] {logging_mixin.py:188} INFO - [2024-05-11T15:50:53.168+0000] {dagbag.py:545} INFO - Filling up the DagBag from /home/airflow/.local/lib/python3.12/site-packages/airflow/example_dags/example_latest_only_with_trigger.py
[2024-05-11T15:50:53.174+0000] {processor.py:840} INFO - DAG(s) 'latest_only_with_trigger' retrieved from /home/airflow/.local/lib/python3.12/site-packages/airflow/example_dags/example_latest_only_with_trigger.py
[2024-05-11T15:50:53.198+0000] {logging_mixin.py:188} INFO - [2024-05-11T15:50:53.198+0000] {dag.py:3096} INFO - Sync 1 DAGs
[2024-05-11T15:50:53.223+0000] {logging_mixin.py:188} INFO - [2024-05-11T15:50:53.223+0000] {dag.py:3954} INFO - Setting next_dagrun for latest_only_with_trigger to 2024-05-11 08:00:00+00:00, run_after=2024-05-11 12:00:00+00:00
[2024-05-11T15:50:53.250+0000] {processor.py:183} INFO - Processing /home/airflow/.local/lib/python3.12/site-packages/airflow/example_dags/example_latest_only_with_trigger.py took 0.090 seconds
[2024-05-11T15:51:23.321+0000] {processor.py:161} INFO - Started process (PID=647) to work on /home/airflow/.local/lib/python3.12/site-packages/airflow/example_dags/example_latest_only_with_trigger.py
[2024-05-11T15:51:23.322+0000] {processor.py:830} INFO - Processing file /home/airflow/.local/lib/python3.12/site-packages/airflow/example_dags/example_latest_only_with_trigger.py for tasks to queue
[2024-05-11T15:51:23.324+0000] {logging_mixin.py:188} INFO - [2024-05-11T15:51:23.324+0000] {dagbag.py:545} INFO - Filling up the DagBag from /home/airflow/.local/lib/python3.12/site-packages/airflow/example_dags/example_latest_only_with_trigger.py
[2024-05-11T15:51:23.328+0000] {processor.py:840} INFO - DAG(s) 'latest_only_with_trigger' retrieved from /home/airflow/.local/lib/python3.12/site-packages/airflow/example_dags/example_latest_only_with_trigger.py
[2024-05-11T15:51:23.345+0000] {logging_mixin.py:188} INFO - [2024-05-11T15:51:23.345+0000] {dag.py:3096} INFO - Sync 1 DAGs
[2024-05-11T15:51:23.364+0000] {logging_mixin.py:188} INFO - [2024-05-11T15:51:23.363+0000] {dag.py:3954} INFO - Setting next_dagrun for latest_only_with_trigger to 2024-05-11 08:00:00+00:00, run_after=2024-05-11 12:00:00+00:00
[2024-05-11T15:51:23.379+0000] {processor.py:183} INFO - Processing /home/airflow/.local/lib/python3.12/site-packages/airflow/example_dags/example_latest_only_with_trigger.py took 0.063 seconds
[2024-05-11T15:51:54.306+0000] {processor.py:161} INFO - Started process (PID=705) to work on /home/airflow/.local/lib/python3.12/site-packages/airflow/example_dags/example_latest_only_with_trigger.py
[2024-05-11T15:51:54.307+0000] {processor.py:830} INFO - Processing file /home/airflow/.local/lib/python3.12/site-packages/airflow/example_dags/example_latest_only_with_trigger.py for tasks to queue
[2024-05-11T15:51:54.338+0000] {logging_mixin.py:188} INFO - [2024-05-11T15:51:54.337+0000] {dagbag.py:545} INFO - Filling up the DagBag from /home/airflow/.local/lib/python3.12/site-packages/airflow/example_dags/example_latest_only_with_trigger.py
[2024-05-11T15:51:54.344+0000] {processor.py:840} INFO - DAG(s) 'latest_only_with_trigger' retrieved from /home/airflow/.local/lib/python3.12/site-packages/airflow/example_dags/example_latest_only_with_trigger.py
[2024-05-11T15:51:54.363+0000] {logging_mixin.py:188} INFO - [2024-05-11T15:51:54.362+0000] {dag.py:3096} INFO - Sync 1 DAGs
[2024-05-11T15:51:54.400+0000] {logging_mixin.py:188} INFO - [2024-05-11T15:51:54.400+0000] {dag.py:3954} INFO - Setting next_dagrun for latest_only_with_trigger to 2024-05-11 08:00:00+00:00, run_after=2024-05-11 12:00:00+00:00
[2024-05-11T15:51:54.420+0000] {processor.py:183} INFO - Processing /home/airflow/.local/lib/python3.12/site-packages/airflow/example_dags/example_latest_only_with_trigger.py took 0.119 seconds
[2024-05-11T15:52:25.321+0000] {processor.py:161} INFO - Started process (PID=763) to work on /home/airflow/.local/lib/python3.12/site-packages/airflow/example_dags/example_latest_only_with_trigger.py
[2024-05-11T15:52:25.324+0000] {processor.py:830} INFO - Processing file /home/airflow/.local/lib/python3.12/site-packages/airflow/example_dags/example_latest_only_with_trigger.py for tasks to queue
[2024-05-11T15:52:25.332+0000] {logging_mixin.py:188} INFO - [2024-05-11T15:52:25.331+0000] {dagbag.py:545} INFO - Filling up the DagBag from /home/airflow/.local/lib/python3.12/site-packages/airflow/example_dags/example_latest_only_with_trigger.py
[2024-05-11T15:52:25.374+0000] {processor.py:840} INFO - DAG(s) 'latest_only_with_trigger' retrieved from /home/airflow/.local/lib/python3.12/site-packages/airflow/example_dags/example_latest_only_with_trigger.py
[2024-05-11T15:52:25.431+0000] {logging_mixin.py:188} INFO - [2024-05-11T15:52:25.430+0000] {dag.py:3096} INFO - Sync 1 DAGs
[2024-05-11T15:52:25.486+0000] {logging_mixin.py:188} INFO - [2024-05-11T15:52:25.485+0000] {dag.py:3954} INFO - Setting next_dagrun for latest_only_with_trigger to 2024-05-11 08:00:00+00:00, run_after=2024-05-11 12:00:00+00:00
[2024-05-11T15:52:25.517+0000] {processor.py:183} INFO - Processing /home/airflow/.local/lib/python3.12/site-packages/airflow/example_dags/example_latest_only_with_trigger.py took 0.222 seconds
[2024-05-11T15:52:56.496+0000] {processor.py:161} INFO - Started process (PID=821) to work on /home/airflow/.local/lib/python3.12/site-packages/airflow/example_dags/example_latest_only_with_trigger.py
[2024-05-11T15:52:56.496+0000] {processor.py:830} INFO - Processing file /home/airflow/.local/lib/python3.12/site-packages/airflow/example_dags/example_latest_only_with_trigger.py for tasks to queue
[2024-05-11T15:52:56.498+0000] {logging_mixin.py:188} INFO - [2024-05-11T15:52:56.498+0000] {dagbag.py:545} INFO - Filling up the DagBag from /home/airflow/.local/lib/python3.12/site-packages/airflow/example_dags/example_latest_only_with_trigger.py
[2024-05-11T15:52:56.502+0000] {processor.py:840} INFO - DAG(s) 'latest_only_with_trigger' retrieved from /home/airflow/.local/lib/python3.12/site-packages/airflow/example_dags/example_latest_only_with_trigger.py
[2024-05-11T15:52:56.519+0000] {logging_mixin.py:188} INFO - [2024-05-11T15:52:56.519+0000] {dag.py:3096} INFO - Sync 1 DAGs
[2024-05-11T15:52:56.537+0000] {logging_mixin.py:188} INFO - [2024-05-11T15:52:56.537+0000] {dag.py:3954} INFO - Setting next_dagrun for latest_only_with_trigger to 2024-05-11 08:00:00+00:00, run_after=2024-05-11 12:00:00+00:00
[2024-05-11T15:52:56.552+0000] {processor.py:183} INFO - Processing /home/airflow/.local/lib/python3.12/site-packages/airflow/example_dags/example_latest_only_with_trigger.py took 0.061 seconds
[2024-05-11T15:53:26.746+0000] {processor.py:161} INFO - Started process (PID=879) to work on /home/airflow/.local/lib/python3.12/site-packages/airflow/example_dags/example_latest_only_with_trigger.py
[2024-05-11T15:53:26.746+0000] {processor.py:830} INFO - Processing file /home/airflow/.local/lib/python3.12/site-packages/airflow/example_dags/example_latest_only_with_trigger.py for tasks to queue
[2024-05-11T15:53:26.748+0000] {logging_mixin.py:188} INFO - [2024-05-11T15:53:26.748+0000] {dagbag.py:545} INFO - Filling up the DagBag from /home/airflow/.local/lib/python3.12/site-packages/airflow/example_dags/example_latest_only_with_trigger.py
[2024-05-11T15:53:26.753+0000] {processor.py:840} INFO - DAG(s) 'latest_only_with_trigger' retrieved from /home/airflow/.local/lib/python3.12/site-packages/airflow/example_dags/example_latest_only_with_trigger.py
[2024-05-11T15:53:26.770+0000] {logging_mixin.py:188} INFO - [2024-05-11T15:53:26.770+0000] {dag.py:3096} INFO - Sync 1 DAGs
[2024-05-11T15:53:26.790+0000] {logging_mixin.py:188} INFO - [2024-05-11T15:53:26.790+0000] {dag.py:3954} INFO - Setting next_dagrun for latest_only_with_trigger to 2024-05-11 08:00:00+00:00, run_after=2024-05-11 12:00:00+00:00
[2024-05-11T15:53:26.807+0000] {processor.py:183} INFO - Processing /home/airflow/.local/lib/python3.12/site-packages/airflow/example_dags/example_latest_only_with_trigger.py took 0.065 seconds
[2024-05-11T15:53:57.217+0000] {processor.py:161} INFO - Started process (PID=937) to work on /home/airflow/.local/lib/python3.12/site-packages/airflow/example_dags/example_latest_only_with_trigger.py
[2024-05-11T15:53:57.218+0000] {processor.py:830} INFO - Processing file /home/airflow/.local/lib/python3.12/site-packages/airflow/example_dags/example_latest_only_with_trigger.py for tasks to queue
[2024-05-11T15:53:57.220+0000] {logging_mixin.py:188} INFO - [2024-05-11T15:53:57.219+0000] {dagbag.py:545} INFO - Filling up the DagBag from /home/airflow/.local/lib/python3.12/site-packages/airflow/example_dags/example_latest_only_with_trigger.py
[2024-05-11T15:53:57.224+0000] {processor.py:840} INFO - DAG(s) 'latest_only_with_trigger' retrieved from /home/airflow/.local/lib/python3.12/site-packages/airflow/example_dags/example_latest_only_with_trigger.py
[2024-05-11T15:53:57.241+0000] {logging_mixin.py:188} INFO - [2024-05-11T15:53:57.241+0000] {dag.py:3096} INFO - Sync 1 DAGs
[2024-05-11T15:53:57.261+0000] {logging_mixin.py:188} INFO - [2024-05-11T15:53:57.260+0000] {dag.py:3954} INFO - Setting next_dagrun for latest_only_with_trigger to 2024-05-11 08:00:00+00:00, run_after=2024-05-11 12:00:00+00:00
[2024-05-11T15:53:57.287+0000] {processor.py:183} INFO - Processing /home/airflow/.local/lib/python3.12/site-packages/airflow/example_dags/example_latest_only_with_trigger.py took 0.074 seconds
[2024-05-11T15:54:27.535+0000] {processor.py:161} INFO - Started process (PID=995) to work on /home/airflow/.local/lib/python3.12/site-packages/airflow/example_dags/example_latest_only_with_trigger.py
[2024-05-11T15:54:27.536+0000] {processor.py:830} INFO - Processing file /home/airflow/.local/lib/python3.12/site-packages/airflow/example_dags/example_latest_only_with_trigger.py for tasks to queue
[2024-05-11T15:54:27.537+0000] {logging_mixin.py:188} INFO - [2024-05-11T15:54:27.537+0000] {dagbag.py:545} INFO - Filling up the DagBag from /home/airflow/.local/lib/python3.12/site-packages/airflow/example_dags/example_latest_only_with_trigger.py
[2024-05-11T15:54:27.541+0000] {processor.py:840} INFO - DAG(s) 'latest_only_with_trigger' retrieved from /home/airflow/.local/lib/python3.12/site-packages/airflow/example_dags/example_latest_only_with_trigger.py
[2024-05-11T15:54:27.568+0000] {logging_mixin.py:188} INFO - [2024-05-11T15:54:27.567+0000] {dag.py:3096} INFO - Sync 1 DAGs
[2024-05-11T15:54:27.585+0000] {logging_mixin.py:188} INFO - [2024-05-11T15:54:27.585+0000] {dag.py:3954} INFO - Setting next_dagrun for latest_only_with_trigger to 2024-05-11 08:00:00+00:00, run_after=2024-05-11 12:00:00+00:00
[2024-05-11T15:54:27.624+0000] {processor.py:183} INFO - Processing /home/airflow/.local/lib/python3.12/site-packages/airflow/example_dags/example_latest_only_with_trigger.py took 0.093 seconds
[2024-05-11T15:54:58.138+0000] {processor.py:161} INFO - Started process (PID=1053) to work on /home/airflow/.local/lib/python3.12/site-packages/airflow/example_dags/example_latest_only_with_trigger.py
[2024-05-11T15:54:58.138+0000] {processor.py:830} INFO - Processing file /home/airflow/.local/lib/python3.12/site-packages/airflow/example_dags/example_latest_only_with_trigger.py for tasks to queue
[2024-05-11T15:54:58.140+0000] {logging_mixin.py:188} INFO - [2024-05-11T15:54:58.140+0000] {dagbag.py:545} INFO - Filling up the DagBag from /home/airflow/.local/lib/python3.12/site-packages/airflow/example_dags/example_latest_only_with_trigger.py
[2024-05-11T15:54:58.144+0000] {processor.py:840} INFO - DAG(s) 'latest_only_with_trigger' retrieved from /home/airflow/.local/lib/python3.12/site-packages/airflow/example_dags/example_latest_only_with_trigger.py
[2024-05-11T15:54:58.161+0000] {logging_mixin.py:188} INFO - [2024-05-11T15:54:58.161+0000] {dag.py:3096} INFO - Sync 1 DAGs
[2024-05-11T15:54:58.181+0000] {logging_mixin.py:188} INFO - [2024-05-11T15:54:58.181+0000] {dag.py:3954} INFO - Setting next_dagrun for latest_only_with_trigger to 2024-05-11 08:00:00+00:00, run_after=2024-05-11 12:00:00+00:00
[2024-05-11T15:54:58.199+0000] {processor.py:183} INFO - Processing /home/airflow/.local/lib/python3.12/site-packages/airflow/example_dags/example_latest_only_with_trigger.py took 0.065 seconds
[2024-05-11T15:55:28.916+0000] {processor.py:161} INFO - Started process (PID=1112) to work on /home/airflow/.local/lib/python3.12/site-packages/airflow/example_dags/example_latest_only_with_trigger.py
[2024-05-11T15:55:28.917+0000] {processor.py:830} INFO - Processing file /home/airflow/.local/lib/python3.12/site-packages/airflow/example_dags/example_latest_only_with_trigger.py for tasks to queue
[2024-05-11T15:55:28.918+0000] {logging_mixin.py:188} INFO - [2024-05-11T15:55:28.918+0000] {dagbag.py:545} INFO - Filling up the DagBag from /home/airflow/.local/lib/python3.12/site-packages/airflow/example_dags/example_latest_only_with_trigger.py
[2024-05-11T15:55:28.923+0000] {processor.py:840} INFO - DAG(s) 'latest_only_with_trigger' retrieved from /home/airflow/.local/lib/python3.12/site-packages/airflow/example_dags/example_latest_only_with_trigger.py
[2024-05-11T15:55:28.942+0000] {logging_mixin.py:188} INFO - [2024-05-11T15:55:28.942+0000] {dag.py:3096} INFO - Sync 1 DAGs
[2024-05-11T15:55:28.963+0000] {logging_mixin.py:188} INFO - [2024-05-11T15:55:28.963+0000] {dag.py:3954} INFO - Setting next_dagrun for latest_only_with_trigger to 2024-05-11 08:00:00+00:00, run_after=2024-05-11 12:00:00+00:00
[2024-05-11T15:55:28.979+0000] {processor.py:183} INFO - Processing /home/airflow/.local/lib/python3.12/site-packages/airflow/example_dags/example_latest_only_with_trigger.py took 0.068 seconds
[2024-05-11T15:55:59.472+0000] {processor.py:161} INFO - Started process (PID=1170) to work on /home/airflow/.local/lib/python3.12/site-packages/airflow/example_dags/example_latest_only_with_trigger.py
[2024-05-11T15:55:59.473+0000] {processor.py:830} INFO - Processing file /home/airflow/.local/lib/python3.12/site-packages/airflow/example_dags/example_latest_only_with_trigger.py for tasks to queue
[2024-05-11T15:55:59.475+0000] {logging_mixin.py:188} INFO - [2024-05-11T15:55:59.474+0000] {dagbag.py:545} INFO - Filling up the DagBag from /home/airflow/.local/lib/python3.12/site-packages/airflow/example_dags/example_latest_only_with_trigger.py
[2024-05-11T15:55:59.480+0000] {processor.py:840} INFO - DAG(s) 'latest_only_with_trigger' retrieved from /home/airflow/.local/lib/python3.12/site-packages/airflow/example_dags/example_latest_only_with_trigger.py
[2024-05-11T15:55:59.498+0000] {logging_mixin.py:188} INFO - [2024-05-11T15:55:59.497+0000] {dag.py:3096} INFO - Sync 1 DAGs
[2024-05-11T15:55:59.518+0000] {logging_mixin.py:188} INFO - [2024-05-11T15:55:59.518+0000] {dag.py:3954} INFO - Setting next_dagrun for latest_only_with_trigger to 2024-05-11 08:00:00+00:00, run_after=2024-05-11 12:00:00+00:00
[2024-05-11T15:55:59.534+0000] {processor.py:183} INFO - Processing /home/airflow/.local/lib/python3.12/site-packages/airflow/example_dags/example_latest_only_with_trigger.py took 0.067 seconds
[2024-05-11T15:56:30.076+0000] {processor.py:161} INFO - Started process (PID=1228) to work on /home/airflow/.local/lib/python3.12/site-packages/airflow/example_dags/example_latest_only_with_trigger.py
[2024-05-11T15:56:30.077+0000] {processor.py:830} INFO - Processing file /home/airflow/.local/lib/python3.12/site-packages/airflow/example_dags/example_latest_only_with_trigger.py for tasks to queue
[2024-05-11T15:56:30.078+0000] {logging_mixin.py:188} INFO - [2024-05-11T15:56:30.078+0000] {dagbag.py:545} INFO - Filling up the DagBag from /home/airflow/.local/lib/python3.12/site-packages/airflow/example_dags/example_latest_only_with_trigger.py
[2024-05-11T15:56:30.083+0000] {processor.py:840} INFO - DAG(s) 'latest_only_with_trigger' retrieved from /home/airflow/.local/lib/python3.12/site-packages/airflow/example_dags/example_latest_only_with_trigger.py
[2024-05-11T15:56:30.102+0000] {logging_mixin.py:188} INFO - [2024-05-11T15:56:30.101+0000] {dag.py:3096} INFO - Sync 1 DAGs
[2024-05-11T15:56:30.122+0000] {logging_mixin.py:188} INFO - [2024-05-11T15:56:30.121+0000] {dag.py:3954} INFO - Setting next_dagrun for latest_only_with_trigger to 2024-05-11 08:00:00+00:00, run_after=2024-05-11 12:00:00+00:00
[2024-05-11T15:56:30.138+0000] {processor.py:183} INFO - Processing /home/airflow/.local/lib/python3.12/site-packages/airflow/example_dags/example_latest_only_with_trigger.py took 0.066 seconds
[2024-05-11T15:57:00.724+0000] {processor.py:161} INFO - Started process (PID=1286) to work on /home/airflow/.local/lib/python3.12/site-packages/airflow/example_dags/example_latest_only_with_trigger.py
[2024-05-11T15:57:00.725+0000] {processor.py:830} INFO - Processing file /home/airflow/.local/lib/python3.12/site-packages/airflow/example_dags/example_latest_only_with_trigger.py for tasks to queue
[2024-05-11T15:57:00.727+0000] {logging_mixin.py:188} INFO - [2024-05-11T15:57:00.727+0000] {dagbag.py:545} INFO - Filling up the DagBag from /home/airflow/.local/lib/python3.12/site-packages/airflow/example_dags/example_latest_only_with_trigger.py
[2024-05-11T15:57:00.732+0000] {processor.py:840} INFO - DAG(s) 'latest_only_with_trigger' retrieved from /home/airflow/.local/lib/python3.12/site-packages/airflow/example_dags/example_latest_only_with_trigger.py
[2024-05-11T15:57:00.750+0000] {logging_mixin.py:188} INFO - [2024-05-11T15:57:00.750+0000] {dag.py:3096} INFO - Sync 1 DAGs
[2024-05-11T15:57:00.771+0000] {logging_mixin.py:188} INFO - [2024-05-11T15:57:00.771+0000] {dag.py:3954} INFO - Setting next_dagrun for latest_only_with_trigger to 2024-05-11 08:00:00+00:00, run_after=2024-05-11 12:00:00+00:00
[2024-05-11T15:57:00.787+0000] {processor.py:183} INFO - Processing /home/airflow/.local/lib/python3.12/site-packages/airflow/example_dags/example_latest_only_with_trigger.py took 0.067 seconds
[2024-05-11T16:03:42.871+0000] {processor.py:161} INFO - Started process (PID=60) to work on /home/airflow/.local/lib/python3.12/site-packages/airflow/example_dags/example_latest_only_with_trigger.py
[2024-05-11T16:03:42.874+0000] {processor.py:830} INFO - Processing file /home/airflow/.local/lib/python3.12/site-packages/airflow/example_dags/example_latest_only_with_trigger.py for tasks to queue
[2024-05-11T16:03:42.877+0000] {logging_mixin.py:188} INFO - [2024-05-11T16:03:42.876+0000] {dagbag.py:545} INFO - Filling up the DagBag from /home/airflow/.local/lib/python3.12/site-packages/airflow/example_dags/example_latest_only_with_trigger.py
[2024-05-11T16:03:42.888+0000] {processor.py:840} INFO - DAG(s) 'latest_only_with_trigger' retrieved from /home/airflow/.local/lib/python3.12/site-packages/airflow/example_dags/example_latest_only_with_trigger.py
[2024-05-11T16:03:43.023+0000] {logging_mixin.py:188} INFO - [2024-05-11T16:03:43.022+0000] {dag.py:3096} INFO - Sync 1 DAGs
[2024-05-11T16:03:43.050+0000] {logging_mixin.py:188} INFO - [2024-05-11T16:03:43.049+0000] {dag.py:3954} INFO - Setting next_dagrun for latest_only_with_trigger to 2024-05-11 12:00:00+00:00, run_after=2024-05-11 16:00:00+00:00
[2024-05-11T16:03:43.082+0000] {processor.py:183} INFO - Processing /home/airflow/.local/lib/python3.12/site-packages/airflow/example_dags/example_latest_only_with_trigger.py took 0.219 seconds
[2024-05-11T16:04:13.898+0000] {processor.py:161} INFO - Started process (PID=118) to work on /home/airflow/.local/lib/python3.12/site-packages/airflow/example_dags/example_latest_only_with_trigger.py
[2024-05-11T16:04:13.899+0000] {processor.py:830} INFO - Processing file /home/airflow/.local/lib/python3.12/site-packages/airflow/example_dags/example_latest_only_with_trigger.py for tasks to queue
[2024-05-11T16:04:13.901+0000] {logging_mixin.py:188} INFO - [2024-05-11T16:04:13.901+0000] {dagbag.py:545} INFO - Filling up the DagBag from /home/airflow/.local/lib/python3.12/site-packages/airflow/example_dags/example_latest_only_with_trigger.py
[2024-05-11T16:04:13.906+0000] {processor.py:840} INFO - DAG(s) 'latest_only_with_trigger' retrieved from /home/airflow/.local/lib/python3.12/site-packages/airflow/example_dags/example_latest_only_with_trigger.py
[2024-05-11T16:04:13.926+0000] {logging_mixin.py:188} INFO - [2024-05-11T16:04:13.926+0000] {dag.py:3096} INFO - Sync 1 DAGs
[2024-05-11T16:04:13.951+0000] {logging_mixin.py:188} INFO - [2024-05-11T16:04:13.951+0000] {dag.py:3954} INFO - Setting next_dagrun for latest_only_with_trigger to 2024-05-11 12:00:00+00:00, run_after=2024-05-11 16:00:00+00:00
[2024-05-11T16:04:13.972+0000] {processor.py:183} INFO - Processing /home/airflow/.local/lib/python3.12/site-packages/airflow/example_dags/example_latest_only_with_trigger.py took 0.079 seconds
[2024-05-11T16:04:44.290+0000] {processor.py:161} INFO - Started process (PID=176) to work on /home/airflow/.local/lib/python3.12/site-packages/airflow/example_dags/example_latest_only_with_trigger.py
[2024-05-11T16:04:44.291+0000] {processor.py:830} INFO - Processing file /home/airflow/.local/lib/python3.12/site-packages/airflow/example_dags/example_latest_only_with_trigger.py for tasks to queue
[2024-05-11T16:04:44.292+0000] {logging_mixin.py:188} INFO - [2024-05-11T16:04:44.292+0000] {dagbag.py:545} INFO - Filling up the DagBag from /home/airflow/.local/lib/python3.12/site-packages/airflow/example_dags/example_latest_only_with_trigger.py
[2024-05-11T16:04:44.297+0000] {processor.py:840} INFO - DAG(s) 'latest_only_with_trigger' retrieved from /home/airflow/.local/lib/python3.12/site-packages/airflow/example_dags/example_latest_only_with_trigger.py
[2024-05-11T16:04:44.314+0000] {logging_mixin.py:188} INFO - [2024-05-11T16:04:44.313+0000] {dag.py:3096} INFO - Sync 1 DAGs
[2024-05-11T16:04:44.335+0000] {logging_mixin.py:188} INFO - [2024-05-11T16:04:44.334+0000] {dag.py:3954} INFO - Setting next_dagrun for latest_only_with_trigger to 2024-05-11 12:00:00+00:00, run_after=2024-05-11 16:00:00+00:00
[2024-05-11T16:04:44.359+0000] {processor.py:183} INFO - Processing /home/airflow/.local/lib/python3.12/site-packages/airflow/example_dags/example_latest_only_with_trigger.py took 0.073 seconds
[2024-05-11T16:05:14.561+0000] {processor.py:161} INFO - Started process (PID=234) to work on /home/airflow/.local/lib/python3.12/site-packages/airflow/example_dags/example_latest_only_with_trigger.py
[2024-05-11T16:05:14.562+0000] {processor.py:830} INFO - Processing file /home/airflow/.local/lib/python3.12/site-packages/airflow/example_dags/example_latest_only_with_trigger.py for tasks to queue
[2024-05-11T16:05:14.564+0000] {logging_mixin.py:188} INFO - [2024-05-11T16:05:14.564+0000] {dagbag.py:545} INFO - Filling up the DagBag from /home/airflow/.local/lib/python3.12/site-packages/airflow/example_dags/example_latest_only_with_trigger.py
[2024-05-11T16:05:14.571+0000] {processor.py:840} INFO - DAG(s) 'latest_only_with_trigger' retrieved from /home/airflow/.local/lib/python3.12/site-packages/airflow/example_dags/example_latest_only_with_trigger.py
[2024-05-11T16:05:14.592+0000] {logging_mixin.py:188} INFO - [2024-05-11T16:05:14.591+0000] {dag.py:3096} INFO - Sync 1 DAGs
[2024-05-11T16:05:14.623+0000] {logging_mixin.py:188} INFO - [2024-05-11T16:05:14.623+0000] {dag.py:3954} INFO - Setting next_dagrun for latest_only_with_trigger to 2024-05-11 12:00:00+00:00, run_after=2024-05-11 16:00:00+00:00
[2024-05-11T16:05:14.645+0000] {processor.py:183} INFO - Processing /home/airflow/.local/lib/python3.12/site-packages/airflow/example_dags/example_latest_only_with_trigger.py took 0.091 seconds
[2024-05-11T16:05:45.191+0000] {processor.py:161} INFO - Started process (PID=292) to work on /home/airflow/.local/lib/python3.12/site-packages/airflow/example_dags/example_latest_only_with_trigger.py
[2024-05-11T16:05:45.192+0000] {processor.py:830} INFO - Processing file /home/airflow/.local/lib/python3.12/site-packages/airflow/example_dags/example_latest_only_with_trigger.py for tasks to queue
[2024-05-11T16:05:45.194+0000] {logging_mixin.py:188} INFO - [2024-05-11T16:05:45.193+0000] {dagbag.py:545} INFO - Filling up the DagBag from /home/airflow/.local/lib/python3.12/site-packages/airflow/example_dags/example_latest_only_with_trigger.py
[2024-05-11T16:05:45.198+0000] {processor.py:840} INFO - DAG(s) 'latest_only_with_trigger' retrieved from /home/airflow/.local/lib/python3.12/site-packages/airflow/example_dags/example_latest_only_with_trigger.py
[2024-05-11T16:05:45.217+0000] {logging_mixin.py:188} INFO - [2024-05-11T16:05:45.216+0000] {dag.py:3096} INFO - Sync 1 DAGs
[2024-05-11T16:05:45.238+0000] {logging_mixin.py:188} INFO - [2024-05-11T16:05:45.238+0000] {dag.py:3954} INFO - Setting next_dagrun for latest_only_with_trigger to 2024-05-11 12:00:00+00:00, run_after=2024-05-11 16:00:00+00:00
[2024-05-11T16:05:45.256+0000] {processor.py:183} INFO - Processing /home/airflow/.local/lib/python3.12/site-packages/airflow/example_dags/example_latest_only_with_trigger.py took 0.069 seconds
