[2024-05-11T11:30:56.689+0000] {processor.py:161} INFO - Started process (PID=73) to work on /home/airflow/.local/lib/python3.12/site-packages/airflow/example_dags/example_dag_decorator.py
[2024-05-11T11:30:56.694+0000] {processor.py:830} INFO - Processing file /home/airflow/.local/lib/python3.12/site-packages/airflow/example_dags/example_dag_decorator.py for tasks to queue
[2024-05-11T11:30:56.703+0000] {logging_mixin.py:188} INFO - [2024-05-11T11:30:56.702+0000] {dagbag.py:545} INFO - Filling up the DagBag from /home/airflow/.local/lib/python3.12/site-packages/airflow/example_dags/example_dag_decorator.py
[2024-05-11T11:30:59.329+0000] {processor.py:840} INFO - DAG(s) 'example_dag_decorator' retrieved from /home/airflow/.local/lib/python3.12/site-packages/airflow/example_dags/example_dag_decorator.py
[2024-05-11T11:30:59.837+0000] {logging_mixin.py:188} INFO - [2024-05-11T11:30:59.835+0000] {override.py:1829} INFO - Created Permission View: can edit on DAG:example_dag_decorator
[2024-05-11T11:30:59.888+0000] {logging_mixin.py:188} INFO - [2024-05-11T11:30:59.887+0000] {override.py:1829} INFO - Created Permission View: can read on DAG:example_dag_decorator
[2024-05-11T11:30:59.910+0000] {logging_mixin.py:188} INFO - [2024-05-11T11:30:59.909+0000] {override.py:1829} INFO - Created Permission View: can delete on DAG:example_dag_decorator
[2024-05-11T11:30:59.911+0000] {logging_mixin.py:188} INFO - [2024-05-11T11:30:59.911+0000] {dag.py:3096} INFO - Sync 1 DAGs
[2024-05-11T11:31:00.121+0000] {logging_mixin.py:188} INFO - [2024-05-11T11:31:00.121+0000] {dag.py:3118} INFO - Creating ORM DAG for example_dag_decorator
[2024-05-11T11:31:00.125+0000] {logging_mixin.py:188} INFO - [2024-05-11T11:31:00.125+0000] {dag.py:3954} INFO - Setting next_dagrun for example_dag_decorator to None, run_after=None
[2024-05-11T11:31:01.208+0000] {processor.py:183} INFO - Processing /home/airflow/.local/lib/python3.12/site-packages/airflow/example_dags/example_dag_decorator.py took 4.538 seconds
[2024-05-11T11:31:31.665+0000] {processor.py:161} INFO - Started process (PID=139) to work on /home/airflow/.local/lib/python3.12/site-packages/airflow/example_dags/example_dag_decorator.py
[2024-05-11T11:31:31.667+0000] {processor.py:830} INFO - Processing file /home/airflow/.local/lib/python3.12/site-packages/airflow/example_dags/example_dag_decorator.py for tasks to queue
[2024-05-11T11:31:31.671+0000] {logging_mixin.py:188} INFO - [2024-05-11T11:31:31.670+0000] {dagbag.py:545} INFO - Filling up the DagBag from /home/airflow/.local/lib/python3.12/site-packages/airflow/example_dags/example_dag_decorator.py
[2024-05-11T11:31:32.224+0000] {processor.py:840} INFO - DAG(s) 'example_dag_decorator' retrieved from /home/airflow/.local/lib/python3.12/site-packages/airflow/example_dags/example_dag_decorator.py
[2024-05-11T11:31:32.576+0000] {logging_mixin.py:188} INFO - [2024-05-11T11:31:32.576+0000] {dag.py:3096} INFO - Sync 1 DAGs
[2024-05-11T11:31:32.592+0000] {logging_mixin.py:188} INFO - [2024-05-11T11:31:32.591+0000] {dag.py:3954} INFO - Setting next_dagrun for example_dag_decorator to None, run_after=None
[2024-05-11T11:31:32.741+0000] {processor.py:183} INFO - Processing /home/airflow/.local/lib/python3.12/site-packages/airflow/example_dags/example_dag_decorator.py took 1.088 seconds
[2024-05-11T11:32:02.867+0000] {processor.py:161} INFO - Started process (PID=197) to work on /home/airflow/.local/lib/python3.12/site-packages/airflow/example_dags/example_dag_decorator.py
[2024-05-11T11:32:02.868+0000] {processor.py:830} INFO - Processing file /home/airflow/.local/lib/python3.12/site-packages/airflow/example_dags/example_dag_decorator.py for tasks to queue
[2024-05-11T11:32:02.870+0000] {logging_mixin.py:188} INFO - [2024-05-11T11:32:02.870+0000] {dagbag.py:545} INFO - Filling up the DagBag from /home/airflow/.local/lib/python3.12/site-packages/airflow/example_dags/example_dag_decorator.py
[2024-05-11T11:32:02.995+0000] {processor.py:840} INFO - DAG(s) 'example_dag_decorator' retrieved from /home/airflow/.local/lib/python3.12/site-packages/airflow/example_dags/example_dag_decorator.py
[2024-05-11T11:32:03.120+0000] {logging_mixin.py:188} INFO - [2024-05-11T11:32:03.120+0000] {dag.py:3096} INFO - Sync 1 DAGs
[2024-05-11T11:32:03.133+0000] {logging_mixin.py:188} INFO - [2024-05-11T11:32:03.133+0000] {dag.py:3954} INFO - Setting next_dagrun for example_dag_decorator to None, run_after=None
[2024-05-11T11:32:03.368+0000] {processor.py:183} INFO - Processing /home/airflow/.local/lib/python3.12/site-packages/airflow/example_dags/example_dag_decorator.py took 0.509 seconds
[2024-05-11T11:32:33.445+0000] {processor.py:161} INFO - Started process (PID=255) to work on /home/airflow/.local/lib/python3.12/site-packages/airflow/example_dags/example_dag_decorator.py
[2024-05-11T11:32:33.446+0000] {processor.py:830} INFO - Processing file /home/airflow/.local/lib/python3.12/site-packages/airflow/example_dags/example_dag_decorator.py for tasks to queue
[2024-05-11T11:32:33.448+0000] {logging_mixin.py:188} INFO - [2024-05-11T11:32:33.448+0000] {dagbag.py:545} INFO - Filling up the DagBag from /home/airflow/.local/lib/python3.12/site-packages/airflow/example_dags/example_dag_decorator.py
[2024-05-11T11:32:33.542+0000] {processor.py:840} INFO - DAG(s) 'example_dag_decorator' retrieved from /home/airflow/.local/lib/python3.12/site-packages/airflow/example_dags/example_dag_decorator.py
[2024-05-11T11:32:33.641+0000] {logging_mixin.py:188} INFO - [2024-05-11T11:32:33.641+0000] {dag.py:3096} INFO - Sync 1 DAGs
[2024-05-11T11:32:33.651+0000] {logging_mixin.py:188} INFO - [2024-05-11T11:32:33.651+0000] {dag.py:3954} INFO - Setting next_dagrun for example_dag_decorator to None, run_after=None
[2024-05-11T11:32:33.671+0000] {processor.py:183} INFO - Processing /home/airflow/.local/lib/python3.12/site-packages/airflow/example_dags/example_dag_decorator.py took 0.231 seconds
[2024-05-11T11:33:03.776+0000] {processor.py:161} INFO - Started process (PID=313) to work on /home/airflow/.local/lib/python3.12/site-packages/airflow/example_dags/example_dag_decorator.py
[2024-05-11T11:33:03.777+0000] {processor.py:830} INFO - Processing file /home/airflow/.local/lib/python3.12/site-packages/airflow/example_dags/example_dag_decorator.py for tasks to queue
[2024-05-11T11:33:03.779+0000] {logging_mixin.py:188} INFO - [2024-05-11T11:33:03.778+0000] {dagbag.py:545} INFO - Filling up the DagBag from /home/airflow/.local/lib/python3.12/site-packages/airflow/example_dags/example_dag_decorator.py
[2024-05-11T11:33:03.864+0000] {processor.py:840} INFO - DAG(s) 'example_dag_decorator' retrieved from /home/airflow/.local/lib/python3.12/site-packages/airflow/example_dags/example_dag_decorator.py
[2024-05-11T11:33:03.956+0000] {logging_mixin.py:188} INFO - [2024-05-11T11:33:03.956+0000] {dag.py:3096} INFO - Sync 1 DAGs
[2024-05-11T11:33:03.965+0000] {logging_mixin.py:188} INFO - [2024-05-11T11:33:03.965+0000] {dag.py:3954} INFO - Setting next_dagrun for example_dag_decorator to None, run_after=None
[2024-05-11T11:33:03.983+0000] {processor.py:183} INFO - Processing /home/airflow/.local/lib/python3.12/site-packages/airflow/example_dags/example_dag_decorator.py took 0.211 seconds
[2024-05-11T11:33:34.046+0000] {processor.py:161} INFO - Started process (PID=371) to work on /home/airflow/.local/lib/python3.12/site-packages/airflow/example_dags/example_dag_decorator.py
[2024-05-11T11:33:34.047+0000] {processor.py:830} INFO - Processing file /home/airflow/.local/lib/python3.12/site-packages/airflow/example_dags/example_dag_decorator.py for tasks to queue
[2024-05-11T11:33:34.049+0000] {logging_mixin.py:188} INFO - [2024-05-11T11:33:34.048+0000] {dagbag.py:545} INFO - Filling up the DagBag from /home/airflow/.local/lib/python3.12/site-packages/airflow/example_dags/example_dag_decorator.py
[2024-05-11T11:33:34.136+0000] {processor.py:840} INFO - DAG(s) 'example_dag_decorator' retrieved from /home/airflow/.local/lib/python3.12/site-packages/airflow/example_dags/example_dag_decorator.py
[2024-05-11T11:33:34.233+0000] {logging_mixin.py:188} INFO - [2024-05-11T11:33:34.233+0000] {dag.py:3096} INFO - Sync 1 DAGs
[2024-05-11T11:33:34.243+0000] {logging_mixin.py:188} INFO - [2024-05-11T11:33:34.243+0000] {dag.py:3954} INFO - Setting next_dagrun for example_dag_decorator to None, run_after=None
[2024-05-11T11:33:34.262+0000] {processor.py:183} INFO - Processing /home/airflow/.local/lib/python3.12/site-packages/airflow/example_dags/example_dag_decorator.py took 0.221 seconds
[2024-05-11T11:34:04.391+0000] {processor.py:161} INFO - Started process (PID=429) to work on /home/airflow/.local/lib/python3.12/site-packages/airflow/example_dags/example_dag_decorator.py
[2024-05-11T11:34:04.392+0000] {processor.py:830} INFO - Processing file /home/airflow/.local/lib/python3.12/site-packages/airflow/example_dags/example_dag_decorator.py for tasks to queue
[2024-05-11T11:34:04.394+0000] {logging_mixin.py:188} INFO - [2024-05-11T11:34:04.394+0000] {dagbag.py:545} INFO - Filling up the DagBag from /home/airflow/.local/lib/python3.12/site-packages/airflow/example_dags/example_dag_decorator.py
[2024-05-11T11:34:04.513+0000] {processor.py:840} INFO - DAG(s) 'example_dag_decorator' retrieved from /home/airflow/.local/lib/python3.12/site-packages/airflow/example_dags/example_dag_decorator.py
[2024-05-11T11:34:04.754+0000] {logging_mixin.py:188} INFO - [2024-05-11T11:34:04.753+0000] {dag.py:3096} INFO - Sync 1 DAGs
[2024-05-11T11:34:04.770+0000] {logging_mixin.py:188} INFO - [2024-05-11T11:34:04.769+0000] {dag.py:3954} INFO - Setting next_dagrun for example_dag_decorator to None, run_after=None
[2024-05-11T11:34:04.791+0000] {processor.py:183} INFO - Processing /home/airflow/.local/lib/python3.12/site-packages/airflow/example_dags/example_dag_decorator.py took 0.406 seconds
[2024-05-11T11:34:34.907+0000] {processor.py:161} INFO - Started process (PID=489) to work on /home/airflow/.local/lib/python3.12/site-packages/airflow/example_dags/example_dag_decorator.py
[2024-05-11T11:34:34.908+0000] {processor.py:830} INFO - Processing file /home/airflow/.local/lib/python3.12/site-packages/airflow/example_dags/example_dag_decorator.py for tasks to queue
[2024-05-11T11:34:34.909+0000] {logging_mixin.py:188} INFO - [2024-05-11T11:34:34.909+0000] {dagbag.py:545} INFO - Filling up the DagBag from /home/airflow/.local/lib/python3.12/site-packages/airflow/example_dags/example_dag_decorator.py
[2024-05-11T11:34:35.019+0000] {processor.py:840} INFO - DAG(s) 'example_dag_decorator' retrieved from /home/airflow/.local/lib/python3.12/site-packages/airflow/example_dags/example_dag_decorator.py
[2024-05-11T11:34:35.029+0000] {logging_mixin.py:188} INFO - [2024-05-11T11:34:35.029+0000] {dag.py:3096} INFO - Sync 1 DAGs
[2024-05-11T11:34:35.044+0000] {logging_mixin.py:188} INFO - [2024-05-11T11:34:35.044+0000] {dag.py:3954} INFO - Setting next_dagrun for example_dag_decorator to None, run_after=None
[2024-05-11T11:34:35.062+0000] {processor.py:183} INFO - Processing /home/airflow/.local/lib/python3.12/site-packages/airflow/example_dags/example_dag_decorator.py took 0.161 seconds
[2024-05-11T15:07:42.530+0000] {processor.py:161} INFO - Started process (PID=55) to work on /home/airflow/.local/lib/python3.12/site-packages/airflow/example_dags/example_dag_decorator.py
[2024-05-11T15:07:42.533+0000] {processor.py:830} INFO - Processing file /home/airflow/.local/lib/python3.12/site-packages/airflow/example_dags/example_dag_decorator.py for tasks to queue
[2024-05-11T15:07:42.535+0000] {logging_mixin.py:188} INFO - [2024-05-11T15:07:42.534+0000] {dagbag.py:545} INFO - Filling up the DagBag from /home/airflow/.local/lib/python3.12/site-packages/airflow/example_dags/example_dag_decorator.py
[2024-05-11T15:07:42.873+0000] {processor.py:840} INFO - DAG(s) 'example_dag_decorator' retrieved from /home/airflow/.local/lib/python3.12/site-packages/airflow/example_dags/example_dag_decorator.py
[2024-05-11T15:07:43.118+0000] {logging_mixin.py:188} INFO - [2024-05-11T15:07:43.118+0000] {dag.py:3096} INFO - Sync 1 DAGs
[2024-05-11T15:07:43.148+0000] {logging_mixin.py:188} INFO - [2024-05-11T15:07:43.148+0000] {dag.py:3954} INFO - Setting next_dagrun for example_dag_decorator to None, run_after=None
[2024-05-11T15:07:43.197+0000] {processor.py:183} INFO - Processing /home/airflow/.local/lib/python3.12/site-packages/airflow/example_dags/example_dag_decorator.py took 0.673 seconds
[2024-05-11T15:08:13.690+0000] {processor.py:161} INFO - Started process (PID=113) to work on /home/airflow/.local/lib/python3.12/site-packages/airflow/example_dags/example_dag_decorator.py
[2024-05-11T15:08:13.691+0000] {processor.py:830} INFO - Processing file /home/airflow/.local/lib/python3.12/site-packages/airflow/example_dags/example_dag_decorator.py for tasks to queue
[2024-05-11T15:08:13.693+0000] {logging_mixin.py:188} INFO - [2024-05-11T15:08:13.693+0000] {dagbag.py:545} INFO - Filling up the DagBag from /home/airflow/.local/lib/python3.12/site-packages/airflow/example_dags/example_dag_decorator.py
[2024-05-11T15:08:13.797+0000] {processor.py:840} INFO - DAG(s) 'example_dag_decorator' retrieved from /home/airflow/.local/lib/python3.12/site-packages/airflow/example_dags/example_dag_decorator.py
[2024-05-11T15:08:13.926+0000] {logging_mixin.py:188} INFO - [2024-05-11T15:08:13.925+0000] {dag.py:3096} INFO - Sync 1 DAGs
[2024-05-11T15:08:13.937+0000] {logging_mixin.py:188} INFO - [2024-05-11T15:08:13.937+0000] {dag.py:3954} INFO - Setting next_dagrun for example_dag_decorator to None, run_after=None
[2024-05-11T15:08:13.957+0000] {processor.py:183} INFO - Processing /home/airflow/.local/lib/python3.12/site-packages/airflow/example_dags/example_dag_decorator.py took 0.273 seconds
[2024-05-11T15:18:28.354+0000] {processor.py:161} INFO - Started process (PID=55) to work on /home/airflow/.local/lib/python3.12/site-packages/airflow/example_dags/example_dag_decorator.py
[2024-05-11T15:18:28.356+0000] {processor.py:830} INFO - Processing file /home/airflow/.local/lib/python3.12/site-packages/airflow/example_dags/example_dag_decorator.py for tasks to queue
[2024-05-11T15:18:28.360+0000] {logging_mixin.py:188} INFO - [2024-05-11T15:18:28.360+0000] {dagbag.py:545} INFO - Filling up the DagBag from /home/airflow/.local/lib/python3.12/site-packages/airflow/example_dags/example_dag_decorator.py
[2024-05-11T15:18:28.595+0000] {processor.py:840} INFO - DAG(s) 'example_dag_decorator' retrieved from /home/airflow/.local/lib/python3.12/site-packages/airflow/example_dags/example_dag_decorator.py
[2024-05-11T15:18:28.613+0000] {logging_mixin.py:188} INFO - [2024-05-11T15:18:28.613+0000] {dag.py:3096} INFO - Sync 1 DAGs
[2024-05-11T15:18:28.634+0000] {logging_mixin.py:188} INFO - [2024-05-11T15:18:28.634+0000] {dag.py:3954} INFO - Setting next_dagrun for example_dag_decorator to None, run_after=None
[2024-05-11T15:18:28.665+0000] {processor.py:183} INFO - Processing /home/airflow/.local/lib/python3.12/site-packages/airflow/example_dags/example_dag_decorator.py took 0.322 seconds
[2024-05-11T15:18:59.091+0000] {processor.py:161} INFO - Started process (PID=113) to work on /home/airflow/.local/lib/python3.12/site-packages/airflow/example_dags/example_dag_decorator.py
[2024-05-11T15:18:59.092+0000] {processor.py:830} INFO - Processing file /home/airflow/.local/lib/python3.12/site-packages/airflow/example_dags/example_dag_decorator.py for tasks to queue
[2024-05-11T15:18:59.094+0000] {logging_mixin.py:188} INFO - [2024-05-11T15:18:59.094+0000] {dagbag.py:545} INFO - Filling up the DagBag from /home/airflow/.local/lib/python3.12/site-packages/airflow/example_dags/example_dag_decorator.py
[2024-05-11T15:18:59.232+0000] {processor.py:840} INFO - DAG(s) 'example_dag_decorator' retrieved from /home/airflow/.local/lib/python3.12/site-packages/airflow/example_dags/example_dag_decorator.py
[2024-05-11T15:18:59.246+0000] {logging_mixin.py:188} INFO - [2024-05-11T15:18:59.246+0000] {dag.py:3096} INFO - Sync 1 DAGs
[2024-05-11T15:18:59.274+0000] {logging_mixin.py:188} INFO - [2024-05-11T15:18:59.274+0000] {dag.py:3954} INFO - Setting next_dagrun for example_dag_decorator to None, run_after=None
[2024-05-11T15:18:59.296+0000] {processor.py:183} INFO - Processing /home/airflow/.local/lib/python3.12/site-packages/airflow/example_dags/example_dag_decorator.py took 0.211 seconds
[2024-05-11T15:19:30.262+0000] {processor.py:161} INFO - Started process (PID=171) to work on /home/airflow/.local/lib/python3.12/site-packages/airflow/example_dags/example_dag_decorator.py
[2024-05-11T15:19:30.263+0000] {processor.py:830} INFO - Processing file /home/airflow/.local/lib/python3.12/site-packages/airflow/example_dags/example_dag_decorator.py for tasks to queue
[2024-05-11T15:19:30.264+0000] {logging_mixin.py:188} INFO - [2024-05-11T15:19:30.264+0000] {dagbag.py:545} INFO - Filling up the DagBag from /home/airflow/.local/lib/python3.12/site-packages/airflow/example_dags/example_dag_decorator.py
[2024-05-11T15:19:30.346+0000] {processor.py:840} INFO - DAG(s) 'example_dag_decorator' retrieved from /home/airflow/.local/lib/python3.12/site-packages/airflow/example_dags/example_dag_decorator.py
[2024-05-11T15:19:30.433+0000] {logging_mixin.py:188} INFO - [2024-05-11T15:19:30.433+0000] {dag.py:3096} INFO - Sync 1 DAGs
[2024-05-11T15:19:30.442+0000] {logging_mixin.py:188} INFO - [2024-05-11T15:19:30.442+0000] {dag.py:3954} INFO - Setting next_dagrun for example_dag_decorator to None, run_after=None
[2024-05-11T15:19:30.460+0000] {processor.py:183} INFO - Processing /home/airflow/.local/lib/python3.12/site-packages/airflow/example_dags/example_dag_decorator.py took 0.203 seconds
[2024-05-11T15:20:00.984+0000] {processor.py:161} INFO - Started process (PID=229) to work on /home/airflow/.local/lib/python3.12/site-packages/airflow/example_dags/example_dag_decorator.py
[2024-05-11T15:20:00.984+0000] {processor.py:830} INFO - Processing file /home/airflow/.local/lib/python3.12/site-packages/airflow/example_dags/example_dag_decorator.py for tasks to queue
[2024-05-11T15:20:00.986+0000] {logging_mixin.py:188} INFO - [2024-05-11T15:20:00.986+0000] {dagbag.py:545} INFO - Filling up the DagBag from /home/airflow/.local/lib/python3.12/site-packages/airflow/example_dags/example_dag_decorator.py
[2024-05-11T15:20:01.072+0000] {processor.py:840} INFO - DAG(s) 'example_dag_decorator' retrieved from /home/airflow/.local/lib/python3.12/site-packages/airflow/example_dags/example_dag_decorator.py
[2024-05-11T15:20:01.165+0000] {logging_mixin.py:188} INFO - [2024-05-11T15:20:01.164+0000] {dag.py:3096} INFO - Sync 1 DAGs
[2024-05-11T15:20:01.174+0000] {logging_mixin.py:188} INFO - [2024-05-11T15:20:01.174+0000] {dag.py:3954} INFO - Setting next_dagrun for example_dag_decorator to None, run_after=None
[2024-05-11T15:20:01.191+0000] {processor.py:183} INFO - Processing /home/airflow/.local/lib/python3.12/site-packages/airflow/example_dags/example_dag_decorator.py took 0.212 seconds
[2024-05-11T15:20:31.824+0000] {processor.py:161} INFO - Started process (PID=287) to work on /home/airflow/.local/lib/python3.12/site-packages/airflow/example_dags/example_dag_decorator.py
[2024-05-11T15:20:31.826+0000] {processor.py:830} INFO - Processing file /home/airflow/.local/lib/python3.12/site-packages/airflow/example_dags/example_dag_decorator.py for tasks to queue
[2024-05-11T15:20:31.828+0000] {logging_mixin.py:188} INFO - [2024-05-11T15:20:31.828+0000] {dagbag.py:545} INFO - Filling up the DagBag from /home/airflow/.local/lib/python3.12/site-packages/airflow/example_dags/example_dag_decorator.py
[2024-05-11T15:20:31.967+0000] {processor.py:840} INFO - DAG(s) 'example_dag_decorator' retrieved from /home/airflow/.local/lib/python3.12/site-packages/airflow/example_dags/example_dag_decorator.py
[2024-05-11T15:20:32.122+0000] {logging_mixin.py:188} INFO - [2024-05-11T15:20:32.122+0000] {dag.py:3096} INFO - Sync 1 DAGs
[2024-05-11T15:20:32.141+0000] {logging_mixin.py:188} INFO - [2024-05-11T15:20:32.140+0000] {dag.py:3954} INFO - Setting next_dagrun for example_dag_decorator to None, run_after=None
[2024-05-11T15:20:32.167+0000] {processor.py:183} INFO - Processing /home/airflow/.local/lib/python3.12/site-packages/airflow/example_dags/example_dag_decorator.py took 0.351 seconds
[2024-05-11T15:27:00.394+0000] {processor.py:161} INFO - Started process (PID=63) to work on /home/airflow/.local/lib/python3.12/site-packages/airflow/example_dags/example_dag_decorator.py
[2024-05-11T15:27:00.400+0000] {processor.py:830} INFO - Processing file /home/airflow/.local/lib/python3.12/site-packages/airflow/example_dags/example_dag_decorator.py for tasks to queue
[2024-05-11T15:27:00.416+0000] {logging_mixin.py:188} INFO - [2024-05-11T15:27:00.414+0000] {dagbag.py:545} INFO - Filling up the DagBag from /home/airflow/.local/lib/python3.12/site-packages/airflow/example_dags/example_dag_decorator.py
[2024-05-11T15:27:01.375+0000] {processor.py:840} INFO - DAG(s) 'example_dag_decorator' retrieved from /home/airflow/.local/lib/python3.12/site-packages/airflow/example_dags/example_dag_decorator.py
[2024-05-11T15:27:01.998+0000] {logging_mixin.py:188} INFO - [2024-05-11T15:27:01.997+0000] {dag.py:3096} INFO - Sync 1 DAGs
[2024-05-11T15:27:02.071+0000] {logging_mixin.py:188} INFO - [2024-05-11T15:27:02.071+0000] {dag.py:3954} INFO - Setting next_dagrun for example_dag_decorator to None, run_after=None
[2024-05-11T15:27:02.142+0000] {processor.py:183} INFO - Processing /home/airflow/.local/lib/python3.12/site-packages/airflow/example_dags/example_dag_decorator.py took 1.772 seconds
[2024-05-11T15:27:32.722+0000] {processor.py:161} INFO - Started process (PID=121) to work on /home/airflow/.local/lib/python3.12/site-packages/airflow/example_dags/example_dag_decorator.py
[2024-05-11T15:27:32.727+0000] {processor.py:830} INFO - Processing file /home/airflow/.local/lib/python3.12/site-packages/airflow/example_dags/example_dag_decorator.py for tasks to queue
[2024-05-11T15:27:32.739+0000] {logging_mixin.py:188} INFO - [2024-05-11T15:27:32.737+0000] {dagbag.py:545} INFO - Filling up the DagBag from /home/airflow/.local/lib/python3.12/site-packages/airflow/example_dags/example_dag_decorator.py
[2024-05-11T15:27:33.108+0000] {processor.py:840} INFO - DAG(s) 'example_dag_decorator' retrieved from /home/airflow/.local/lib/python3.12/site-packages/airflow/example_dags/example_dag_decorator.py
[2024-05-11T15:27:33.352+0000] {logging_mixin.py:188} INFO - [2024-05-11T15:27:33.351+0000] {dag.py:3096} INFO - Sync 1 DAGs
[2024-05-11T15:27:33.385+0000] {logging_mixin.py:188} INFO - [2024-05-11T15:27:33.385+0000] {dag.py:3954} INFO - Setting next_dagrun for example_dag_decorator to None, run_after=None
[2024-05-11T15:27:33.437+0000] {processor.py:183} INFO - Processing /home/airflow/.local/lib/python3.12/site-packages/airflow/example_dags/example_dag_decorator.py took 0.740 seconds
[2024-05-11T15:28:03.833+0000] {processor.py:161} INFO - Started process (PID=179) to work on /home/airflow/.local/lib/python3.12/site-packages/airflow/example_dags/example_dag_decorator.py
[2024-05-11T15:28:03.834+0000] {processor.py:830} INFO - Processing file /home/airflow/.local/lib/python3.12/site-packages/airflow/example_dags/example_dag_decorator.py for tasks to queue
[2024-05-11T15:28:03.835+0000] {logging_mixin.py:188} INFO - [2024-05-11T15:28:03.835+0000] {dagbag.py:545} INFO - Filling up the DagBag from /home/airflow/.local/lib/python3.12/site-packages/airflow/example_dags/example_dag_decorator.py
[2024-05-11T15:28:03.922+0000] {processor.py:840} INFO - DAG(s) 'example_dag_decorator' retrieved from /home/airflow/.local/lib/python3.12/site-packages/airflow/example_dags/example_dag_decorator.py
[2024-05-11T15:28:04.012+0000] {logging_mixin.py:188} INFO - [2024-05-11T15:28:04.012+0000] {dag.py:3096} INFO - Sync 1 DAGs
[2024-05-11T15:28:04.021+0000] {logging_mixin.py:188} INFO - [2024-05-11T15:28:04.021+0000] {dag.py:3954} INFO - Setting next_dagrun for example_dag_decorator to None, run_after=None
[2024-05-11T15:28:04.038+0000] {processor.py:183} INFO - Processing /home/airflow/.local/lib/python3.12/site-packages/airflow/example_dags/example_dag_decorator.py took 0.209 seconds
[2024-05-11T15:28:34.090+0000] {processor.py:161} INFO - Started process (PID=238) to work on /home/airflow/.local/lib/python3.12/site-packages/airflow/example_dags/example_dag_decorator.py
[2024-05-11T15:28:34.091+0000] {processor.py:830} INFO - Processing file /home/airflow/.local/lib/python3.12/site-packages/airflow/example_dags/example_dag_decorator.py for tasks to queue
[2024-05-11T15:28:34.093+0000] {logging_mixin.py:188} INFO - [2024-05-11T15:28:34.093+0000] {dagbag.py:545} INFO - Filling up the DagBag from /home/airflow/.local/lib/python3.12/site-packages/airflow/example_dags/example_dag_decorator.py
[2024-05-11T15:28:34.180+0000] {processor.py:840} INFO - DAG(s) 'example_dag_decorator' retrieved from /home/airflow/.local/lib/python3.12/site-packages/airflow/example_dags/example_dag_decorator.py
[2024-05-11T15:28:34.272+0000] {logging_mixin.py:188} INFO - [2024-05-11T15:28:34.272+0000] {dag.py:3096} INFO - Sync 1 DAGs
[2024-05-11T15:28:34.281+0000] {logging_mixin.py:188} INFO - [2024-05-11T15:28:34.281+0000] {dag.py:3954} INFO - Setting next_dagrun for example_dag_decorator to None, run_after=None
[2024-05-11T15:28:34.299+0000] {processor.py:183} INFO - Processing /home/airflow/.local/lib/python3.12/site-packages/airflow/example_dags/example_dag_decorator.py took 0.214 seconds
[2024-05-11T15:46:12.919+0000] {processor.py:161} INFO - Started process (PID=55) to work on /home/airflow/.local/lib/python3.12/site-packages/airflow/example_dags/example_dag_decorator.py
[2024-05-11T15:46:12.932+0000] {processor.py:830} INFO - Processing file /home/airflow/.local/lib/python3.12/site-packages/airflow/example_dags/example_dag_decorator.py for tasks to queue
[2024-05-11T15:46:12.959+0000] {logging_mixin.py:188} INFO - [2024-05-11T15:46:12.956+0000] {dagbag.py:545} INFO - Filling up the DagBag from /home/airflow/.local/lib/python3.12/site-packages/airflow/example_dags/example_dag_decorator.py
[2024-05-11T15:46:13.822+0000] {processor.py:840} INFO - DAG(s) 'example_dag_decorator' retrieved from /home/airflow/.local/lib/python3.12/site-packages/airflow/example_dags/example_dag_decorator.py
[2024-05-11T15:46:14.462+0000] {logging_mixin.py:188} INFO - [2024-05-11T15:46:14.462+0000] {dag.py:3096} INFO - Sync 1 DAGs
[2024-05-11T15:46:14.510+0000] {logging_mixin.py:188} INFO - [2024-05-11T15:46:14.510+0000] {dag.py:3954} INFO - Setting next_dagrun for example_dag_decorator to None, run_after=None
[2024-05-11T15:46:14.658+0000] {processor.py:183} INFO - Processing /home/airflow/.local/lib/python3.12/site-packages/airflow/example_dags/example_dag_decorator.py took 1.758 seconds
[2024-05-11T15:46:45.805+0000] {processor.py:161} INFO - Started process (PID=119) to work on /home/airflow/.local/lib/python3.12/site-packages/airflow/example_dags/example_dag_decorator.py
[2024-05-11T15:46:45.853+0000] {processor.py:830} INFO - Processing file /home/airflow/.local/lib/python3.12/site-packages/airflow/example_dags/example_dag_decorator.py for tasks to queue
[2024-05-11T15:46:45.856+0000] {logging_mixin.py:188} INFO - [2024-05-11T15:46:45.855+0000] {dagbag.py:545} INFO - Filling up the DagBag from /home/airflow/.local/lib/python3.12/site-packages/airflow/example_dags/example_dag_decorator.py
[2024-05-11T15:46:46.458+0000] {processor.py:840} INFO - DAG(s) 'example_dag_decorator' retrieved from /home/airflow/.local/lib/python3.12/site-packages/airflow/example_dags/example_dag_decorator.py
[2024-05-11T15:46:46.717+0000] {logging_mixin.py:188} INFO - [2024-05-11T15:46:46.716+0000] {dag.py:3096} INFO - Sync 1 DAGs
[2024-05-11T15:46:46.726+0000] {logging_mixin.py:188} INFO - [2024-05-11T15:46:46.726+0000] {dag.py:3954} INFO - Setting next_dagrun for example_dag_decorator to None, run_after=None
[2024-05-11T15:46:46.781+0000] {processor.py:183} INFO - Processing /home/airflow/.local/lib/python3.12/site-packages/airflow/example_dags/example_dag_decorator.py took 0.980 seconds
[2024-05-11T15:47:16.865+0000] {processor.py:161} INFO - Started process (PID=177) to work on /home/airflow/.local/lib/python3.12/site-packages/airflow/example_dags/example_dag_decorator.py
[2024-05-11T15:47:16.889+0000] {processor.py:830} INFO - Processing file /home/airflow/.local/lib/python3.12/site-packages/airflow/example_dags/example_dag_decorator.py for tasks to queue
[2024-05-11T15:47:16.892+0000] {logging_mixin.py:188} INFO - [2024-05-11T15:47:16.892+0000] {dagbag.py:545} INFO - Filling up the DagBag from /home/airflow/.local/lib/python3.12/site-packages/airflow/example_dags/example_dag_decorator.py
[2024-05-11T15:47:17.362+0000] {processor.py:840} INFO - DAG(s) 'example_dag_decorator' retrieved from /home/airflow/.local/lib/python3.12/site-packages/airflow/example_dags/example_dag_decorator.py
[2024-05-11T15:47:17.455+0000] {logging_mixin.py:188} INFO - [2024-05-11T15:47:17.455+0000] {dag.py:3096} INFO - Sync 1 DAGs
[2024-05-11T15:47:17.465+0000] {logging_mixin.py:188} INFO - [2024-05-11T15:47:17.464+0000] {dag.py:3954} INFO - Setting next_dagrun for example_dag_decorator to None, run_after=None
[2024-05-11T15:47:17.491+0000] {processor.py:183} INFO - Processing /home/airflow/.local/lib/python3.12/site-packages/airflow/example_dags/example_dag_decorator.py took 0.631 seconds
[2024-05-11T15:47:47.951+0000] {processor.py:161} INFO - Started process (PID=235) to work on /home/airflow/.local/lib/python3.12/site-packages/airflow/example_dags/example_dag_decorator.py
[2024-05-11T15:47:47.952+0000] {processor.py:830} INFO - Processing file /home/airflow/.local/lib/python3.12/site-packages/airflow/example_dags/example_dag_decorator.py for tasks to queue
[2024-05-11T15:47:47.954+0000] {logging_mixin.py:188} INFO - [2024-05-11T15:47:47.954+0000] {dagbag.py:545} INFO - Filling up the DagBag from /home/airflow/.local/lib/python3.12/site-packages/airflow/example_dags/example_dag_decorator.py
[2024-05-11T15:47:48.037+0000] {processor.py:840} INFO - DAG(s) 'example_dag_decorator' retrieved from /home/airflow/.local/lib/python3.12/site-packages/airflow/example_dags/example_dag_decorator.py
[2024-05-11T15:47:48.125+0000] {logging_mixin.py:188} INFO - [2024-05-11T15:47:48.125+0000] {dag.py:3096} INFO - Sync 1 DAGs
[2024-05-11T15:47:48.134+0000] {logging_mixin.py:188} INFO - [2024-05-11T15:47:48.134+0000] {dag.py:3954} INFO - Setting next_dagrun for example_dag_decorator to None, run_after=None
[2024-05-11T15:47:48.158+0000] {processor.py:183} INFO - Processing /home/airflow/.local/lib/python3.12/site-packages/airflow/example_dags/example_dag_decorator.py took 0.212 seconds
[2024-05-11T15:48:18.194+0000] {processor.py:161} INFO - Started process (PID=294) to work on /home/airflow/.local/lib/python3.12/site-packages/airflow/example_dags/example_dag_decorator.py
[2024-05-11T15:48:18.195+0000] {processor.py:830} INFO - Processing file /home/airflow/.local/lib/python3.12/site-packages/airflow/example_dags/example_dag_decorator.py for tasks to queue
[2024-05-11T15:48:18.197+0000] {logging_mixin.py:188} INFO - [2024-05-11T15:48:18.196+0000] {dagbag.py:545} INFO - Filling up the DagBag from /home/airflow/.local/lib/python3.12/site-packages/airflow/example_dags/example_dag_decorator.py
[2024-05-11T15:48:18.280+0000] {processor.py:840} INFO - DAG(s) 'example_dag_decorator' retrieved from /home/airflow/.local/lib/python3.12/site-packages/airflow/example_dags/example_dag_decorator.py
[2024-05-11T15:48:18.368+0000] {logging_mixin.py:188} INFO - [2024-05-11T15:48:18.368+0000] {dag.py:3096} INFO - Sync 1 DAGs
[2024-05-11T15:48:18.378+0000] {logging_mixin.py:188} INFO - [2024-05-11T15:48:18.378+0000] {dag.py:3954} INFO - Setting next_dagrun for example_dag_decorator to None, run_after=None
[2024-05-11T15:48:18.400+0000] {processor.py:183} INFO - Processing /home/airflow/.local/lib/python3.12/site-packages/airflow/example_dags/example_dag_decorator.py took 0.210 seconds
[2024-05-11T15:48:48.473+0000] {processor.py:161} INFO - Started process (PID=351) to work on /home/airflow/.local/lib/python3.12/site-packages/airflow/example_dags/example_dag_decorator.py
[2024-05-11T15:48:48.475+0000] {processor.py:830} INFO - Processing file /home/airflow/.local/lib/python3.12/site-packages/airflow/example_dags/example_dag_decorator.py for tasks to queue
[2024-05-11T15:48:48.477+0000] {logging_mixin.py:188} INFO - [2024-05-11T15:48:48.476+0000] {dagbag.py:545} INFO - Filling up the DagBag from /home/airflow/.local/lib/python3.12/site-packages/airflow/example_dags/example_dag_decorator.py
[2024-05-11T15:48:48.572+0000] {processor.py:840} INFO - DAG(s) 'example_dag_decorator' retrieved from /home/airflow/.local/lib/python3.12/site-packages/airflow/example_dags/example_dag_decorator.py
[2024-05-11T15:48:48.685+0000] {logging_mixin.py:188} INFO - [2024-05-11T15:48:48.685+0000] {dag.py:3096} INFO - Sync 1 DAGs
[2024-05-11T15:48:48.696+0000] {logging_mixin.py:188} INFO - [2024-05-11T15:48:48.695+0000] {dag.py:3954} INFO - Setting next_dagrun for example_dag_decorator to None, run_after=None
[2024-05-11T15:48:48.716+0000] {processor.py:183} INFO - Processing /home/airflow/.local/lib/python3.12/site-packages/airflow/example_dags/example_dag_decorator.py took 0.253 seconds
[2024-05-11T15:49:18.944+0000] {processor.py:161} INFO - Started process (PID=409) to work on /home/airflow/.local/lib/python3.12/site-packages/airflow/example_dags/example_dag_decorator.py
[2024-05-11T15:49:18.944+0000] {processor.py:830} INFO - Processing file /home/airflow/.local/lib/python3.12/site-packages/airflow/example_dags/example_dag_decorator.py for tasks to queue
[2024-05-11T15:49:18.946+0000] {logging_mixin.py:188} INFO - [2024-05-11T15:49:18.946+0000] {dagbag.py:545} INFO - Filling up the DagBag from /home/airflow/.local/lib/python3.12/site-packages/airflow/example_dags/example_dag_decorator.py
[2024-05-11T15:49:19.056+0000] {processor.py:840} INFO - DAG(s) 'example_dag_decorator' retrieved from /home/airflow/.local/lib/python3.12/site-packages/airflow/example_dags/example_dag_decorator.py
[2024-05-11T15:49:19.195+0000] {logging_mixin.py:188} INFO - [2024-05-11T15:49:19.195+0000] {dag.py:3096} INFO - Sync 1 DAGs
[2024-05-11T15:49:19.209+0000] {logging_mixin.py:188} INFO - [2024-05-11T15:49:19.208+0000] {dag.py:3954} INFO - Setting next_dagrun for example_dag_decorator to None, run_after=None
[2024-05-11T15:49:19.231+0000] {processor.py:183} INFO - Processing /home/airflow/.local/lib/python3.12/site-packages/airflow/example_dags/example_dag_decorator.py took 0.292 seconds
[2024-05-11T15:49:49.311+0000] {processor.py:161} INFO - Started process (PID=469) to work on /home/airflow/.local/lib/python3.12/site-packages/airflow/example_dags/example_dag_decorator.py
[2024-05-11T15:49:49.312+0000] {processor.py:830} INFO - Processing file /home/airflow/.local/lib/python3.12/site-packages/airflow/example_dags/example_dag_decorator.py for tasks to queue
[2024-05-11T15:49:49.314+0000] {logging_mixin.py:188} INFO - [2024-05-11T15:49:49.314+0000] {dagbag.py:545} INFO - Filling up the DagBag from /home/airflow/.local/lib/python3.12/site-packages/airflow/example_dags/example_dag_decorator.py
[2024-05-11T15:49:49.396+0000] {processor.py:840} INFO - DAG(s) 'example_dag_decorator' retrieved from /home/airflow/.local/lib/python3.12/site-packages/airflow/example_dags/example_dag_decorator.py
[2024-05-11T15:49:49.491+0000] {logging_mixin.py:188} INFO - [2024-05-11T15:49:49.490+0000] {dag.py:3096} INFO - Sync 1 DAGs
[2024-05-11T15:49:49.500+0000] {logging_mixin.py:188} INFO - [2024-05-11T15:49:49.500+0000] {dag.py:3954} INFO - Setting next_dagrun for example_dag_decorator to None, run_after=None
[2024-05-11T15:49:49.516+0000] {processor.py:183} INFO - Processing /home/airflow/.local/lib/python3.12/site-packages/airflow/example_dags/example_dag_decorator.py took 0.209 seconds
[2024-05-11T15:50:19.755+0000] {processor.py:161} INFO - Started process (PID=526) to work on /home/airflow/.local/lib/python3.12/site-packages/airflow/example_dags/example_dag_decorator.py
[2024-05-11T15:50:19.755+0000] {processor.py:830} INFO - Processing file /home/airflow/.local/lib/python3.12/site-packages/airflow/example_dags/example_dag_decorator.py for tasks to queue
[2024-05-11T15:50:19.757+0000] {logging_mixin.py:188} INFO - [2024-05-11T15:50:19.757+0000] {dagbag.py:545} INFO - Filling up the DagBag from /home/airflow/.local/lib/python3.12/site-packages/airflow/example_dags/example_dag_decorator.py
[2024-05-11T15:50:19.838+0000] {processor.py:840} INFO - DAG(s) 'example_dag_decorator' retrieved from /home/airflow/.local/lib/python3.12/site-packages/airflow/example_dags/example_dag_decorator.py
[2024-05-11T15:50:19.923+0000] {logging_mixin.py:188} INFO - [2024-05-11T15:50:19.923+0000] {dag.py:3096} INFO - Sync 1 DAGs
[2024-05-11T15:50:19.933+0000] {logging_mixin.py:188} INFO - [2024-05-11T15:50:19.933+0000] {dag.py:3954} INFO - Setting next_dagrun for example_dag_decorator to None, run_after=None
[2024-05-11T15:50:19.950+0000] {processor.py:183} INFO - Processing /home/airflow/.local/lib/python3.12/site-packages/airflow/example_dags/example_dag_decorator.py took 0.199 seconds
[2024-05-11T15:50:50.011+0000] {processor.py:161} INFO - Started process (PID=585) to work on /home/airflow/.local/lib/python3.12/site-packages/airflow/example_dags/example_dag_decorator.py
[2024-05-11T15:50:50.012+0000] {processor.py:830} INFO - Processing file /home/airflow/.local/lib/python3.12/site-packages/airflow/example_dags/example_dag_decorator.py for tasks to queue
[2024-05-11T15:50:50.014+0000] {logging_mixin.py:188} INFO - [2024-05-11T15:50:50.014+0000] {dagbag.py:545} INFO - Filling up the DagBag from /home/airflow/.local/lib/python3.12/site-packages/airflow/example_dags/example_dag_decorator.py
[2024-05-11T15:50:50.096+0000] {processor.py:840} INFO - DAG(s) 'example_dag_decorator' retrieved from /home/airflow/.local/lib/python3.12/site-packages/airflow/example_dags/example_dag_decorator.py
[2024-05-11T15:50:50.186+0000] {logging_mixin.py:188} INFO - [2024-05-11T15:50:50.186+0000] {dag.py:3096} INFO - Sync 1 DAGs
[2024-05-11T15:50:50.196+0000] {logging_mixin.py:188} INFO - [2024-05-11T15:50:50.196+0000] {dag.py:3954} INFO - Setting next_dagrun for example_dag_decorator to None, run_after=None
[2024-05-11T15:50:50.213+0000] {processor.py:183} INFO - Processing /home/airflow/.local/lib/python3.12/site-packages/airflow/example_dags/example_dag_decorator.py took 0.206 seconds
[2024-05-11T15:51:21.139+0000] {processor.py:161} INFO - Started process (PID=643) to work on /home/airflow/.local/lib/python3.12/site-packages/airflow/example_dags/example_dag_decorator.py
[2024-05-11T15:51:21.141+0000] {processor.py:830} INFO - Processing file /home/airflow/.local/lib/python3.12/site-packages/airflow/example_dags/example_dag_decorator.py for tasks to queue
[2024-05-11T15:51:21.142+0000] {logging_mixin.py:188} INFO - [2024-05-11T15:51:21.142+0000] {dagbag.py:545} INFO - Filling up the DagBag from /home/airflow/.local/lib/python3.12/site-packages/airflow/example_dags/example_dag_decorator.py
[2024-05-11T15:51:21.234+0000] {processor.py:840} INFO - DAG(s) 'example_dag_decorator' retrieved from /home/airflow/.local/lib/python3.12/site-packages/airflow/example_dags/example_dag_decorator.py
[2024-05-11T15:51:21.324+0000] {logging_mixin.py:188} INFO - [2024-05-11T15:51:21.324+0000] {dag.py:3096} INFO - Sync 1 DAGs
[2024-05-11T15:51:21.335+0000] {logging_mixin.py:188} INFO - [2024-05-11T15:51:21.335+0000] {dag.py:3954} INFO - Setting next_dagrun for example_dag_decorator to None, run_after=None
[2024-05-11T15:51:21.358+0000] {processor.py:183} INFO - Processing /home/airflow/.local/lib/python3.12/site-packages/airflow/example_dags/example_dag_decorator.py took 0.224 seconds
[2024-05-11T15:51:51.896+0000] {processor.py:161} INFO - Started process (PID=701) to work on /home/airflow/.local/lib/python3.12/site-packages/airflow/example_dags/example_dag_decorator.py
[2024-05-11T15:51:51.900+0000] {processor.py:830} INFO - Processing file /home/airflow/.local/lib/python3.12/site-packages/airflow/example_dags/example_dag_decorator.py for tasks to queue
[2024-05-11T15:51:51.916+0000] {logging_mixin.py:188} INFO - [2024-05-11T15:51:51.915+0000] {dagbag.py:545} INFO - Filling up the DagBag from /home/airflow/.local/lib/python3.12/site-packages/airflow/example_dags/example_dag_decorator.py
[2024-05-11T15:51:52.234+0000] {processor.py:840} INFO - DAG(s) 'example_dag_decorator' retrieved from /home/airflow/.local/lib/python3.12/site-packages/airflow/example_dags/example_dag_decorator.py
[2024-05-11T15:51:52.551+0000] {logging_mixin.py:188} INFO - [2024-05-11T15:51:52.550+0000] {dag.py:3096} INFO - Sync 1 DAGs
[2024-05-11T15:51:52.592+0000] {logging_mixin.py:188} INFO - [2024-05-11T15:51:52.592+0000] {dag.py:3954} INFO - Setting next_dagrun for example_dag_decorator to None, run_after=None
[2024-05-11T15:51:52.750+0000] {processor.py:183} INFO - Processing /home/airflow/.local/lib/python3.12/site-packages/airflow/example_dags/example_dag_decorator.py took 0.885 seconds
[2024-05-11T15:52:23.064+0000] {processor.py:161} INFO - Started process (PID=759) to work on /home/airflow/.local/lib/python3.12/site-packages/airflow/example_dags/example_dag_decorator.py
[2024-05-11T15:52:23.067+0000] {processor.py:830} INFO - Processing file /home/airflow/.local/lib/python3.12/site-packages/airflow/example_dags/example_dag_decorator.py for tasks to queue
[2024-05-11T15:52:23.071+0000] {logging_mixin.py:188} INFO - [2024-05-11T15:52:23.071+0000] {dagbag.py:545} INFO - Filling up the DagBag from /home/airflow/.local/lib/python3.12/site-packages/airflow/example_dags/example_dag_decorator.py
[2024-05-11T15:52:23.345+0000] {processor.py:840} INFO - DAG(s) 'example_dag_decorator' retrieved from /home/airflow/.local/lib/python3.12/site-packages/airflow/example_dags/example_dag_decorator.py
[2024-05-11T15:52:23.565+0000] {logging_mixin.py:188} INFO - [2024-05-11T15:52:23.564+0000] {dag.py:3096} INFO - Sync 1 DAGs
[2024-05-11T15:52:23.584+0000] {logging_mixin.py:188} INFO - [2024-05-11T15:52:23.584+0000] {dag.py:3954} INFO - Setting next_dagrun for example_dag_decorator to None, run_after=None
[2024-05-11T15:52:24.073+0000] {processor.py:183} INFO - Processing /home/airflow/.local/lib/python3.12/site-packages/airflow/example_dags/example_dag_decorator.py took 1.042 seconds
[2024-05-11T15:52:54.146+0000] {processor.py:161} INFO - Started process (PID=817) to work on /home/airflow/.local/lib/python3.12/site-packages/airflow/example_dags/example_dag_decorator.py
[2024-05-11T15:52:54.147+0000] {processor.py:830} INFO - Processing file /home/airflow/.local/lib/python3.12/site-packages/airflow/example_dags/example_dag_decorator.py for tasks to queue
[2024-05-11T15:52:54.148+0000] {logging_mixin.py:188} INFO - [2024-05-11T15:52:54.148+0000] {dagbag.py:545} INFO - Filling up the DagBag from /home/airflow/.local/lib/python3.12/site-packages/airflow/example_dags/example_dag_decorator.py
[2024-05-11T15:52:54.233+0000] {processor.py:840} INFO - DAG(s) 'example_dag_decorator' retrieved from /home/airflow/.local/lib/python3.12/site-packages/airflow/example_dags/example_dag_decorator.py
[2024-05-11T15:52:54.333+0000] {logging_mixin.py:188} INFO - [2024-05-11T15:52:54.333+0000] {dag.py:3096} INFO - Sync 1 DAGs
[2024-05-11T15:52:54.342+0000] {logging_mixin.py:188} INFO - [2024-05-11T15:52:54.342+0000] {dag.py:3954} INFO - Setting next_dagrun for example_dag_decorator to None, run_after=None
[2024-05-11T15:52:54.358+0000] {processor.py:183} INFO - Processing /home/airflow/.local/lib/python3.12/site-packages/airflow/example_dags/example_dag_decorator.py took 0.217 seconds
[2024-05-11T15:53:25.323+0000] {processor.py:161} INFO - Started process (PID=875) to work on /home/airflow/.local/lib/python3.12/site-packages/airflow/example_dags/example_dag_decorator.py
[2024-05-11T15:53:25.324+0000] {processor.py:830} INFO - Processing file /home/airflow/.local/lib/python3.12/site-packages/airflow/example_dags/example_dag_decorator.py for tasks to queue
[2024-05-11T15:53:25.325+0000] {logging_mixin.py:188} INFO - [2024-05-11T15:53:25.325+0000] {dagbag.py:545} INFO - Filling up the DagBag from /home/airflow/.local/lib/python3.12/site-packages/airflow/example_dags/example_dag_decorator.py
[2024-05-11T15:53:25.425+0000] {processor.py:840} INFO - DAG(s) 'example_dag_decorator' retrieved from /home/airflow/.local/lib/python3.12/site-packages/airflow/example_dags/example_dag_decorator.py
[2024-05-11T15:53:25.682+0000] {logging_mixin.py:188} INFO - [2024-05-11T15:53:25.682+0000] {dag.py:3096} INFO - Sync 1 DAGs
[2024-05-11T15:53:25.691+0000] {logging_mixin.py:188} INFO - [2024-05-11T15:53:25.691+0000] {dag.py:3954} INFO - Setting next_dagrun for example_dag_decorator to None, run_after=None
[2024-05-11T15:53:25.706+0000] {processor.py:183} INFO - Processing /home/airflow/.local/lib/python3.12/site-packages/airflow/example_dags/example_dag_decorator.py took 0.389 seconds
[2024-05-11T15:53:55.818+0000] {processor.py:161} INFO - Started process (PID=935) to work on /home/airflow/.local/lib/python3.12/site-packages/airflow/example_dags/example_dag_decorator.py
[2024-05-11T15:53:55.819+0000] {processor.py:830} INFO - Processing file /home/airflow/.local/lib/python3.12/site-packages/airflow/example_dags/example_dag_decorator.py for tasks to queue
[2024-05-11T15:53:55.821+0000] {logging_mixin.py:188} INFO - [2024-05-11T15:53:55.820+0000] {dagbag.py:545} INFO - Filling up the DagBag from /home/airflow/.local/lib/python3.12/site-packages/airflow/example_dags/example_dag_decorator.py
[2024-05-11T15:53:55.902+0000] {processor.py:840} INFO - DAG(s) 'example_dag_decorator' retrieved from /home/airflow/.local/lib/python3.12/site-packages/airflow/example_dags/example_dag_decorator.py
[2024-05-11T15:53:55.995+0000] {logging_mixin.py:188} INFO - [2024-05-11T15:53:55.995+0000] {dag.py:3096} INFO - Sync 1 DAGs
[2024-05-11T15:53:56.005+0000] {logging_mixin.py:188} INFO - [2024-05-11T15:53:56.004+0000] {dag.py:3954} INFO - Setting next_dagrun for example_dag_decorator to None, run_after=None
[2024-05-11T15:53:56.164+0000] {processor.py:183} INFO - Processing /home/airflow/.local/lib/python3.12/site-packages/airflow/example_dags/example_dag_decorator.py took 0.351 seconds
[2024-05-11T15:54:26.283+0000] {processor.py:161} INFO - Started process (PID=993) to work on /home/airflow/.local/lib/python3.12/site-packages/airflow/example_dags/example_dag_decorator.py
[2024-05-11T15:54:26.284+0000] {processor.py:830} INFO - Processing file /home/airflow/.local/lib/python3.12/site-packages/airflow/example_dags/example_dag_decorator.py for tasks to queue
[2024-05-11T15:54:26.285+0000] {logging_mixin.py:188} INFO - [2024-05-11T15:54:26.285+0000] {dagbag.py:545} INFO - Filling up the DagBag from /home/airflow/.local/lib/python3.12/site-packages/airflow/example_dags/example_dag_decorator.py
[2024-05-11T15:54:26.368+0000] {processor.py:840} INFO - DAG(s) 'example_dag_decorator' retrieved from /home/airflow/.local/lib/python3.12/site-packages/airflow/example_dags/example_dag_decorator.py
[2024-05-11T15:54:26.462+0000] {logging_mixin.py:188} INFO - [2024-05-11T15:54:26.462+0000] {dag.py:3096} INFO - Sync 1 DAGs
[2024-05-11T15:54:26.472+0000] {logging_mixin.py:188} INFO - [2024-05-11T15:54:26.472+0000] {dag.py:3954} INFO - Setting next_dagrun for example_dag_decorator to None, run_after=None
[2024-05-11T15:54:26.489+0000] {processor.py:183} INFO - Processing /home/airflow/.local/lib/python3.12/site-packages/airflow/example_dags/example_dag_decorator.py took 0.210 seconds
[2024-05-11T15:54:56.612+0000] {processor.py:161} INFO - Started process (PID=1051) to work on /home/airflow/.local/lib/python3.12/site-packages/airflow/example_dags/example_dag_decorator.py
[2024-05-11T15:54:56.613+0000] {processor.py:830} INFO - Processing file /home/airflow/.local/lib/python3.12/site-packages/airflow/example_dags/example_dag_decorator.py for tasks to queue
[2024-05-11T15:54:56.614+0000] {logging_mixin.py:188} INFO - [2024-05-11T15:54:56.614+0000] {dagbag.py:545} INFO - Filling up the DagBag from /home/airflow/.local/lib/python3.12/site-packages/airflow/example_dags/example_dag_decorator.py
[2024-05-11T15:54:56.693+0000] {processor.py:840} INFO - DAG(s) 'example_dag_decorator' retrieved from /home/airflow/.local/lib/python3.12/site-packages/airflow/example_dags/example_dag_decorator.py
[2024-05-11T15:54:57.051+0000] {logging_mixin.py:188} INFO - [2024-05-11T15:54:57.051+0000] {dag.py:3096} INFO - Sync 1 DAGs
[2024-05-11T15:54:57.063+0000] {logging_mixin.py:188} INFO - [2024-05-11T15:54:57.063+0000] {dag.py:3954} INFO - Setting next_dagrun for example_dag_decorator to None, run_after=None
[2024-05-11T15:54:57.090+0000] {processor.py:183} INFO - Processing /home/airflow/.local/lib/python3.12/site-packages/airflow/example_dags/example_dag_decorator.py took 0.483 seconds
[2024-05-11T15:55:27.908+0000] {processor.py:161} INFO - Started process (PID=1110) to work on /home/airflow/.local/lib/python3.12/site-packages/airflow/example_dags/example_dag_decorator.py
[2024-05-11T15:55:27.909+0000] {processor.py:830} INFO - Processing file /home/airflow/.local/lib/python3.12/site-packages/airflow/example_dags/example_dag_decorator.py for tasks to queue
[2024-05-11T15:55:27.910+0000] {logging_mixin.py:188} INFO - [2024-05-11T15:55:27.910+0000] {dagbag.py:545} INFO - Filling up the DagBag from /home/airflow/.local/lib/python3.12/site-packages/airflow/example_dags/example_dag_decorator.py
[2024-05-11T15:55:27.994+0000] {processor.py:840} INFO - DAG(s) 'example_dag_decorator' retrieved from /home/airflow/.local/lib/python3.12/site-packages/airflow/example_dags/example_dag_decorator.py
[2024-05-11T15:55:28.086+0000] {logging_mixin.py:188} INFO - [2024-05-11T15:55:28.086+0000] {dag.py:3096} INFO - Sync 1 DAGs
[2024-05-11T15:55:28.096+0000] {logging_mixin.py:188} INFO - [2024-05-11T15:55:28.096+0000] {dag.py:3954} INFO - Setting next_dagrun for example_dag_decorator to None, run_after=None
[2024-05-11T15:55:28.114+0000] {processor.py:183} INFO - Processing /home/airflow/.local/lib/python3.12/site-packages/airflow/example_dags/example_dag_decorator.py took 0.210 seconds
[2024-05-11T15:55:58.377+0000] {processor.py:161} INFO - Started process (PID=1168) to work on /home/airflow/.local/lib/python3.12/site-packages/airflow/example_dags/example_dag_decorator.py
[2024-05-11T15:55:58.377+0000] {processor.py:830} INFO - Processing file /home/airflow/.local/lib/python3.12/site-packages/airflow/example_dags/example_dag_decorator.py for tasks to queue
[2024-05-11T15:55:58.379+0000] {logging_mixin.py:188} INFO - [2024-05-11T15:55:58.379+0000] {dagbag.py:545} INFO - Filling up the DagBag from /home/airflow/.local/lib/python3.12/site-packages/airflow/example_dags/example_dag_decorator.py
[2024-05-11T15:55:58.458+0000] {processor.py:840} INFO - DAG(s) 'example_dag_decorator' retrieved from /home/airflow/.local/lib/python3.12/site-packages/airflow/example_dags/example_dag_decorator.py
[2024-05-11T15:55:58.673+0000] {logging_mixin.py:188} INFO - [2024-05-11T15:55:58.672+0000] {dag.py:3096} INFO - Sync 1 DAGs
[2024-05-11T15:55:58.681+0000] {logging_mixin.py:188} INFO - [2024-05-11T15:55:58.681+0000] {dag.py:3954} INFO - Setting next_dagrun for example_dag_decorator to None, run_after=None
[2024-05-11T15:55:58.697+0000] {processor.py:183} INFO - Processing /home/airflow/.local/lib/python3.12/site-packages/airflow/example_dags/example_dag_decorator.py took 0.325 seconds
[2024-05-11T15:56:29.062+0000] {processor.py:161} INFO - Started process (PID=1226) to work on /home/airflow/.local/lib/python3.12/site-packages/airflow/example_dags/example_dag_decorator.py
[2024-05-11T15:56:29.063+0000] {processor.py:830} INFO - Processing file /home/airflow/.local/lib/python3.12/site-packages/airflow/example_dags/example_dag_decorator.py for tasks to queue
[2024-05-11T15:56:29.065+0000] {logging_mixin.py:188} INFO - [2024-05-11T15:56:29.064+0000] {dagbag.py:545} INFO - Filling up the DagBag from /home/airflow/.local/lib/python3.12/site-packages/airflow/example_dags/example_dag_decorator.py
[2024-05-11T15:56:29.150+0000] {processor.py:840} INFO - DAG(s) 'example_dag_decorator' retrieved from /home/airflow/.local/lib/python3.12/site-packages/airflow/example_dags/example_dag_decorator.py
[2024-05-11T15:56:29.376+0000] {logging_mixin.py:188} INFO - [2024-05-11T15:56:29.376+0000] {dag.py:3096} INFO - Sync 1 DAGs
[2024-05-11T15:56:29.386+0000] {logging_mixin.py:188} INFO - [2024-05-11T15:56:29.386+0000] {dag.py:3954} INFO - Setting next_dagrun for example_dag_decorator to None, run_after=None
[2024-05-11T15:56:29.408+0000] {processor.py:183} INFO - Processing /home/airflow/.local/lib/python3.12/site-packages/airflow/example_dags/example_dag_decorator.py took 0.351 seconds
[2024-05-11T15:56:59.639+0000] {processor.py:161} INFO - Started process (PID=1284) to work on /home/airflow/.local/lib/python3.12/site-packages/airflow/example_dags/example_dag_decorator.py
[2024-05-11T15:56:59.640+0000] {processor.py:830} INFO - Processing file /home/airflow/.local/lib/python3.12/site-packages/airflow/example_dags/example_dag_decorator.py for tasks to queue
[2024-05-11T15:56:59.642+0000] {logging_mixin.py:188} INFO - [2024-05-11T15:56:59.641+0000] {dagbag.py:545} INFO - Filling up the DagBag from /home/airflow/.local/lib/python3.12/site-packages/airflow/example_dags/example_dag_decorator.py
[2024-05-11T15:56:59.729+0000] {processor.py:840} INFO - DAG(s) 'example_dag_decorator' retrieved from /home/airflow/.local/lib/python3.12/site-packages/airflow/example_dags/example_dag_decorator.py
[2024-05-11T15:56:59.826+0000] {logging_mixin.py:188} INFO - [2024-05-11T15:56:59.825+0000] {dag.py:3096} INFO - Sync 1 DAGs
[2024-05-11T15:56:59.839+0000] {logging_mixin.py:188} INFO - [2024-05-11T15:56:59.839+0000] {dag.py:3954} INFO - Setting next_dagrun for example_dag_decorator to None, run_after=None
[2024-05-11T15:57:00.015+0000] {processor.py:183} INFO - Processing /home/airflow/.local/lib/python3.12/site-packages/airflow/example_dags/example_dag_decorator.py took 0.381 seconds
[2024-05-11T16:03:41.947+0000] {processor.py:161} INFO - Started process (PID=55) to work on /home/airflow/.local/lib/python3.12/site-packages/airflow/example_dags/example_dag_decorator.py
[2024-05-11T16:03:41.949+0000] {processor.py:830} INFO - Processing file /home/airflow/.local/lib/python3.12/site-packages/airflow/example_dags/example_dag_decorator.py for tasks to queue
[2024-05-11T16:03:41.954+0000] {logging_mixin.py:188} INFO - [2024-05-11T16:03:41.953+0000] {dagbag.py:545} INFO - Filling up the DagBag from /home/airflow/.local/lib/python3.12/site-packages/airflow/example_dags/example_dag_decorator.py
[2024-05-11T16:03:42.319+0000] {processor.py:840} INFO - DAG(s) 'example_dag_decorator' retrieved from /home/airflow/.local/lib/python3.12/site-packages/airflow/example_dags/example_dag_decorator.py
[2024-05-11T16:03:42.496+0000] {logging_mixin.py:188} INFO - [2024-05-11T16:03:42.496+0000] {dag.py:3096} INFO - Sync 1 DAGs
[2024-05-11T16:03:42.519+0000] {logging_mixin.py:188} INFO - [2024-05-11T16:03:42.519+0000] {dag.py:3954} INFO - Setting next_dagrun for example_dag_decorator to None, run_after=None
[2024-05-11T16:03:42.557+0000] {processor.py:183} INFO - Processing /home/airflow/.local/lib/python3.12/site-packages/airflow/example_dags/example_dag_decorator.py took 0.621 seconds
[2024-05-11T16:04:13.496+0000] {processor.py:161} INFO - Started process (PID=113) to work on /home/airflow/.local/lib/python3.12/site-packages/airflow/example_dags/example_dag_decorator.py
[2024-05-11T16:04:13.498+0000] {processor.py:830} INFO - Processing file /home/airflow/.local/lib/python3.12/site-packages/airflow/example_dags/example_dag_decorator.py for tasks to queue
[2024-05-11T16:04:13.501+0000] {logging_mixin.py:188} INFO - [2024-05-11T16:04:13.500+0000] {dagbag.py:545} INFO - Filling up the DagBag from /home/airflow/.local/lib/python3.12/site-packages/airflow/example_dags/example_dag_decorator.py
[2024-05-11T16:04:13.640+0000] {processor.py:840} INFO - DAG(s) 'example_dag_decorator' retrieved from /home/airflow/.local/lib/python3.12/site-packages/airflow/example_dags/example_dag_decorator.py
[2024-05-11T16:04:13.769+0000] {logging_mixin.py:188} INFO - [2024-05-11T16:04:13.768+0000] {dag.py:3096} INFO - Sync 1 DAGs
[2024-05-11T16:04:13.784+0000] {logging_mixin.py:188} INFO - [2024-05-11T16:04:13.784+0000] {dag.py:3954} INFO - Setting next_dagrun for example_dag_decorator to None, run_after=None
[2024-05-11T16:04:13.803+0000] {processor.py:183} INFO - Processing /home/airflow/.local/lib/python3.12/site-packages/airflow/example_dags/example_dag_decorator.py took 0.316 seconds
[2024-05-11T16:04:44.018+0000] {processor.py:161} INFO - Started process (PID=171) to work on /home/airflow/.local/lib/python3.12/site-packages/airflow/example_dags/example_dag_decorator.py
[2024-05-11T16:04:44.019+0000] {processor.py:830} INFO - Processing file /home/airflow/.local/lib/python3.12/site-packages/airflow/example_dags/example_dag_decorator.py for tasks to queue
[2024-05-11T16:04:44.021+0000] {logging_mixin.py:188} INFO - [2024-05-11T16:04:44.020+0000] {dagbag.py:545} INFO - Filling up the DagBag from /home/airflow/.local/lib/python3.12/site-packages/airflow/example_dags/example_dag_decorator.py
[2024-05-11T16:04:44.109+0000] {processor.py:840} INFO - DAG(s) 'example_dag_decorator' retrieved from /home/airflow/.local/lib/python3.12/site-packages/airflow/example_dags/example_dag_decorator.py
[2024-05-11T16:04:44.203+0000] {logging_mixin.py:188} INFO - [2024-05-11T16:04:44.202+0000] {dag.py:3096} INFO - Sync 1 DAGs
[2024-05-11T16:04:44.213+0000] {logging_mixin.py:188} INFO - [2024-05-11T16:04:44.213+0000] {dag.py:3954} INFO - Setting next_dagrun for example_dag_decorator to None, run_after=None
[2024-05-11T16:04:44.229+0000] {processor.py:183} INFO - Processing /home/airflow/.local/lib/python3.12/site-packages/airflow/example_dags/example_dag_decorator.py took 0.216 seconds
[2024-05-11T16:05:14.261+0000] {processor.py:161} INFO - Started process (PID=230) to work on /home/airflow/.local/lib/python3.12/site-packages/airflow/example_dags/example_dag_decorator.py
[2024-05-11T16:05:14.261+0000] {processor.py:830} INFO - Processing file /home/airflow/.local/lib/python3.12/site-packages/airflow/example_dags/example_dag_decorator.py for tasks to queue
[2024-05-11T16:05:14.263+0000] {logging_mixin.py:188} INFO - [2024-05-11T16:05:14.263+0000] {dagbag.py:545} INFO - Filling up the DagBag from /home/airflow/.local/lib/python3.12/site-packages/airflow/example_dags/example_dag_decorator.py
[2024-05-11T16:05:14.369+0000] {processor.py:840} INFO - DAG(s) 'example_dag_decorator' retrieved from /home/airflow/.local/lib/python3.12/site-packages/airflow/example_dags/example_dag_decorator.py
[2024-05-11T16:05:14.483+0000] {logging_mixin.py:188} INFO - [2024-05-11T16:05:14.483+0000] {dag.py:3096} INFO - Sync 1 DAGs
[2024-05-11T16:05:14.494+0000] {logging_mixin.py:188} INFO - [2024-05-11T16:05:14.494+0000] {dag.py:3954} INFO - Setting next_dagrun for example_dag_decorator to None, run_after=None
[2024-05-11T16:05:14.516+0000] {processor.py:183} INFO - Processing /home/airflow/.local/lib/python3.12/site-packages/airflow/example_dags/example_dag_decorator.py took 0.260 seconds
[2024-05-11T16:05:44.904+0000] {processor.py:161} INFO - Started process (PID=287) to work on /home/airflow/.local/lib/python3.12/site-packages/airflow/example_dags/example_dag_decorator.py
[2024-05-11T16:05:44.914+0000] {processor.py:830} INFO - Processing file /home/airflow/.local/lib/python3.12/site-packages/airflow/example_dags/example_dag_decorator.py for tasks to queue
[2024-05-11T16:05:44.916+0000] {logging_mixin.py:188} INFO - [2024-05-11T16:05:44.916+0000] {dagbag.py:545} INFO - Filling up the DagBag from /home/airflow/.local/lib/python3.12/site-packages/airflow/example_dags/example_dag_decorator.py
[2024-05-11T16:05:45.001+0000] {processor.py:840} INFO - DAG(s) 'example_dag_decorator' retrieved from /home/airflow/.local/lib/python3.12/site-packages/airflow/example_dags/example_dag_decorator.py
[2024-05-11T16:05:45.096+0000] {logging_mixin.py:188} INFO - [2024-05-11T16:05:45.096+0000] {dag.py:3096} INFO - Sync 1 DAGs
[2024-05-11T16:05:45.107+0000] {logging_mixin.py:188} INFO - [2024-05-11T16:05:45.107+0000] {dag.py:3954} INFO - Setting next_dagrun for example_dag_decorator to None, run_after=None
[2024-05-11T16:05:45.125+0000] {processor.py:183} INFO - Processing /home/airflow/.local/lib/python3.12/site-packages/airflow/example_dags/example_dag_decorator.py took 0.228 seconds
