[2024-05-11T11:31:06.913+0000] {processor.py:161} INFO - Started process (PID=88) to work on /home/airflow/.local/lib/python3.12/site-packages/airflow/example_dags/example_skip_dag.py
[2024-05-11T11:31:06.915+0000] {processor.py:830} INFO - Processing file /home/airflow/.local/lib/python3.12/site-packages/airflow/example_dags/example_skip_dag.py for tasks to queue
[2024-05-11T11:31:06.918+0000] {logging_mixin.py:188} INFO - [2024-05-11T11:31:06.918+0000] {dagbag.py:545} INFO - Filling up the DagBag from /home/airflow/.local/lib/python3.12/site-packages/airflow/example_dags/example_skip_dag.py
[2024-05-11T11:31:06.936+0000] {processor.py:840} INFO - DAG(s) 'example_skip_dag' retrieved from /home/airflow/.local/lib/python3.12/site-packages/airflow/example_dags/example_skip_dag.py
[2024-05-11T11:31:07.520+0000] {logging_mixin.py:188} INFO - [2024-05-11T11:31:07.519+0000] {override.py:1829} INFO - Created Permission View: can edit on DAG:example_skip_dag
[2024-05-11T11:31:07.575+0000] {logging_mixin.py:188} INFO - [2024-05-11T11:31:07.574+0000] {override.py:1829} INFO - Created Permission View: can read on DAG:example_skip_dag
[2024-05-11T11:31:07.587+0000] {logging_mixin.py:188} INFO - [2024-05-11T11:31:07.587+0000] {override.py:1829} INFO - Created Permission View: can delete on DAG:example_skip_dag
[2024-05-11T11:31:07.588+0000] {logging_mixin.py:188} INFO - [2024-05-11T11:31:07.588+0000] {dag.py:3096} INFO - Sync 1 DAGs
[2024-05-11T11:31:07.619+0000] {logging_mixin.py:188} INFO - [2024-05-11T11:31:07.619+0000] {dag.py:3118} INFO - Creating ORM DAG for example_skip_dag
[2024-05-11T11:31:07.642+0000] {logging_mixin.py:188} INFO - [2024-05-11T11:31:07.641+0000] {dag.py:3954} INFO - Setting next_dagrun for example_skip_dag to 2024-05-10 00:00:00+00:00, run_after=2024-05-11 00:00:00+00:00
[2024-05-11T11:31:07.676+0000] {processor.py:183} INFO - Processing /home/airflow/.local/lib/python3.12/site-packages/airflow/example_dags/example_skip_dag.py took 0.773 seconds
[2024-05-11T11:31:38.510+0000] {processor.py:161} INFO - Started process (PID=146) to work on /home/airflow/.local/lib/python3.12/site-packages/airflow/example_dags/example_skip_dag.py
[2024-05-11T11:31:38.511+0000] {processor.py:830} INFO - Processing file /home/airflow/.local/lib/python3.12/site-packages/airflow/example_dags/example_skip_dag.py for tasks to queue
[2024-05-11T11:31:38.513+0000] {logging_mixin.py:188} INFO - [2024-05-11T11:31:38.513+0000] {dagbag.py:545} INFO - Filling up the DagBag from /home/airflow/.local/lib/python3.12/site-packages/airflow/example_dags/example_skip_dag.py
[2024-05-11T11:31:38.519+0000] {processor.py:840} INFO - DAG(s) 'example_skip_dag' retrieved from /home/airflow/.local/lib/python3.12/site-packages/airflow/example_dags/example_skip_dag.py
[2024-05-11T11:31:38.543+0000] {logging_mixin.py:188} INFO - [2024-05-11T11:31:38.543+0000] {dag.py:3096} INFO - Sync 1 DAGs
[2024-05-11T11:31:38.565+0000] {logging_mixin.py:188} INFO - [2024-05-11T11:31:38.565+0000] {dag.py:3954} INFO - Setting next_dagrun for example_skip_dag to 2024-05-10 00:00:00+00:00, run_after=2024-05-11 00:00:00+00:00
[2024-05-11T11:31:38.586+0000] {processor.py:183} INFO - Processing /home/airflow/.local/lib/python3.12/site-packages/airflow/example_dags/example_skip_dag.py took 0.080 seconds
[2024-05-11T11:32:08.835+0000] {processor.py:161} INFO - Started process (PID=204) to work on /home/airflow/.local/lib/python3.12/site-packages/airflow/example_dags/example_skip_dag.py
[2024-05-11T11:32:08.837+0000] {processor.py:830} INFO - Processing file /home/airflow/.local/lib/python3.12/site-packages/airflow/example_dags/example_skip_dag.py for tasks to queue
[2024-05-11T11:32:08.840+0000] {logging_mixin.py:188} INFO - [2024-05-11T11:32:08.839+0000] {dagbag.py:545} INFO - Filling up the DagBag from /home/airflow/.local/lib/python3.12/site-packages/airflow/example_dags/example_skip_dag.py
[2024-05-11T11:32:08.858+0000] {processor.py:840} INFO - DAG(s) 'example_skip_dag' retrieved from /home/airflow/.local/lib/python3.12/site-packages/airflow/example_dags/example_skip_dag.py
[2024-05-11T11:32:08.895+0000] {logging_mixin.py:188} INFO - [2024-05-11T11:32:08.894+0000] {dag.py:3096} INFO - Sync 1 DAGs
[2024-05-11T11:32:08.933+0000] {logging_mixin.py:188} INFO - [2024-05-11T11:32:08.933+0000] {dag.py:3954} INFO - Setting next_dagrun for example_skip_dag to 2024-05-10 00:00:00+00:00, run_after=2024-05-11 00:00:00+00:00
[2024-05-11T11:32:08.977+0000] {processor.py:183} INFO - Processing /home/airflow/.local/lib/python3.12/site-packages/airflow/example_dags/example_skip_dag.py took 0.148 seconds
[2024-05-11T11:32:39.092+0000] {processor.py:161} INFO - Started process (PID=262) to work on /home/airflow/.local/lib/python3.12/site-packages/airflow/example_dags/example_skip_dag.py
[2024-05-11T11:32:39.094+0000] {processor.py:830} INFO - Processing file /home/airflow/.local/lib/python3.12/site-packages/airflow/example_dags/example_skip_dag.py for tasks to queue
[2024-05-11T11:32:39.096+0000] {logging_mixin.py:188} INFO - [2024-05-11T11:32:39.096+0000] {dagbag.py:545} INFO - Filling up the DagBag from /home/airflow/.local/lib/python3.12/site-packages/airflow/example_dags/example_skip_dag.py
[2024-05-11T11:32:39.105+0000] {processor.py:840} INFO - DAG(s) 'example_skip_dag' retrieved from /home/airflow/.local/lib/python3.12/site-packages/airflow/example_dags/example_skip_dag.py
[2024-05-11T11:32:39.126+0000] {logging_mixin.py:188} INFO - [2024-05-11T11:32:39.126+0000] {dag.py:3096} INFO - Sync 1 DAGs
[2024-05-11T11:32:39.153+0000] {logging_mixin.py:188} INFO - [2024-05-11T11:32:39.152+0000] {dag.py:3954} INFO - Setting next_dagrun for example_skip_dag to 2024-05-10 00:00:00+00:00, run_after=2024-05-11 00:00:00+00:00
[2024-05-11T11:32:39.176+0000] {processor.py:183} INFO - Processing /home/airflow/.local/lib/python3.12/site-packages/airflow/example_dags/example_skip_dag.py took 0.090 seconds
[2024-05-11T11:33:09.323+0000] {processor.py:161} INFO - Started process (PID=320) to work on /home/airflow/.local/lib/python3.12/site-packages/airflow/example_dags/example_skip_dag.py
[2024-05-11T11:33:09.324+0000] {processor.py:830} INFO - Processing file /home/airflow/.local/lib/python3.12/site-packages/airflow/example_dags/example_skip_dag.py for tasks to queue
[2024-05-11T11:33:09.327+0000] {logging_mixin.py:188} INFO - [2024-05-11T11:33:09.326+0000] {dagbag.py:545} INFO - Filling up the DagBag from /home/airflow/.local/lib/python3.12/site-packages/airflow/example_dags/example_skip_dag.py
[2024-05-11T11:33:09.332+0000] {processor.py:840} INFO - DAG(s) 'example_skip_dag' retrieved from /home/airflow/.local/lib/python3.12/site-packages/airflow/example_dags/example_skip_dag.py
[2024-05-11T11:33:09.353+0000] {logging_mixin.py:188} INFO - [2024-05-11T11:33:09.353+0000] {dag.py:3096} INFO - Sync 1 DAGs
[2024-05-11T11:33:09.375+0000] {logging_mixin.py:188} INFO - [2024-05-11T11:33:09.375+0000] {dag.py:3954} INFO - Setting next_dagrun for example_skip_dag to 2024-05-10 00:00:00+00:00, run_after=2024-05-11 00:00:00+00:00
[2024-05-11T11:33:09.394+0000] {processor.py:183} INFO - Processing /home/airflow/.local/lib/python3.12/site-packages/airflow/example_dags/example_skip_dag.py took 0.077 seconds
[2024-05-11T11:33:39.487+0000] {processor.py:161} INFO - Started process (PID=378) to work on /home/airflow/.local/lib/python3.12/site-packages/airflow/example_dags/example_skip_dag.py
[2024-05-11T11:33:39.488+0000] {processor.py:830} INFO - Processing file /home/airflow/.local/lib/python3.12/site-packages/airflow/example_dags/example_skip_dag.py for tasks to queue
[2024-05-11T11:33:39.490+0000] {logging_mixin.py:188} INFO - [2024-05-11T11:33:39.490+0000] {dagbag.py:545} INFO - Filling up the DagBag from /home/airflow/.local/lib/python3.12/site-packages/airflow/example_dags/example_skip_dag.py
[2024-05-11T11:33:39.497+0000] {processor.py:840} INFO - DAG(s) 'example_skip_dag' retrieved from /home/airflow/.local/lib/python3.12/site-packages/airflow/example_dags/example_skip_dag.py
[2024-05-11T11:33:39.520+0000] {logging_mixin.py:188} INFO - [2024-05-11T11:33:39.519+0000] {dag.py:3096} INFO - Sync 1 DAGs
[2024-05-11T11:33:39.545+0000] {logging_mixin.py:188} INFO - [2024-05-11T11:33:39.544+0000] {dag.py:3954} INFO - Setting next_dagrun for example_skip_dag to 2024-05-10 00:00:00+00:00, run_after=2024-05-11 00:00:00+00:00
[2024-05-11T11:33:39.568+0000] {processor.py:183} INFO - Processing /home/airflow/.local/lib/python3.12/site-packages/airflow/example_dags/example_skip_dag.py took 0.088 seconds
[2024-05-11T11:34:10.139+0000] {processor.py:161} INFO - Started process (PID=436) to work on /home/airflow/.local/lib/python3.12/site-packages/airflow/example_dags/example_skip_dag.py
[2024-05-11T11:34:10.140+0000] {processor.py:830} INFO - Processing file /home/airflow/.local/lib/python3.12/site-packages/airflow/example_dags/example_skip_dag.py for tasks to queue
[2024-05-11T11:34:10.142+0000] {logging_mixin.py:188} INFO - [2024-05-11T11:34:10.142+0000] {dagbag.py:545} INFO - Filling up the DagBag from /home/airflow/.local/lib/python3.12/site-packages/airflow/example_dags/example_skip_dag.py
[2024-05-11T11:34:10.149+0000] {processor.py:840} INFO - DAG(s) 'example_skip_dag' retrieved from /home/airflow/.local/lib/python3.12/site-packages/airflow/example_dags/example_skip_dag.py
[2024-05-11T11:34:10.187+0000] {logging_mixin.py:188} INFO - [2024-05-11T11:34:10.186+0000] {dag.py:3096} INFO - Sync 1 DAGs
[2024-05-11T11:34:10.221+0000] {logging_mixin.py:188} INFO - [2024-05-11T11:34:10.221+0000] {dag.py:3954} INFO - Setting next_dagrun for example_skip_dag to 2024-05-10 00:00:00+00:00, run_after=2024-05-11 00:00:00+00:00
[2024-05-11T11:34:10.249+0000] {processor.py:183} INFO - Processing /home/airflow/.local/lib/python3.12/site-packages/airflow/example_dags/example_skip_dag.py took 0.116 seconds
[2024-05-11T11:34:40.305+0000] {processor.py:161} INFO - Started process (PID=494) to work on /home/airflow/.local/lib/python3.12/site-packages/airflow/example_dags/example_skip_dag.py
[2024-05-11T11:34:40.306+0000] {processor.py:830} INFO - Processing file /home/airflow/.local/lib/python3.12/site-packages/airflow/example_dags/example_skip_dag.py for tasks to queue
[2024-05-11T11:34:40.307+0000] {logging_mixin.py:188} INFO - [2024-05-11T11:34:40.307+0000] {dagbag.py:545} INFO - Filling up the DagBag from /home/airflow/.local/lib/python3.12/site-packages/airflow/example_dags/example_skip_dag.py
[2024-05-11T11:34:40.312+0000] {processor.py:840} INFO - DAG(s) 'example_skip_dag' retrieved from /home/airflow/.local/lib/python3.12/site-packages/airflow/example_dags/example_skip_dag.py
[2024-05-11T11:34:40.323+0000] {logging_mixin.py:188} INFO - [2024-05-11T11:34:40.322+0000] {dag.py:3096} INFO - Sync 1 DAGs
[2024-05-11T11:34:40.343+0000] {logging_mixin.py:188} INFO - [2024-05-11T11:34:40.342+0000] {dag.py:3954} INFO - Setting next_dagrun for example_skip_dag to 2024-05-10 00:00:00+00:00, run_after=2024-05-11 00:00:00+00:00
[2024-05-11T11:34:40.359+0000] {processor.py:183} INFO - Processing /home/airflow/.local/lib/python3.12/site-packages/airflow/example_dags/example_skip_dag.py took 0.059 seconds
[2024-05-11T15:07:47.936+0000] {processor.py:161} INFO - Started process (PID=64) to work on /home/airflow/.local/lib/python3.12/site-packages/airflow/example_dags/example_skip_dag.py
[2024-05-11T15:07:48.011+0000] {processor.py:830} INFO - Processing file /home/airflow/.local/lib/python3.12/site-packages/airflow/example_dags/example_skip_dag.py for tasks to queue
[2024-05-11T15:07:48.013+0000] {logging_mixin.py:188} INFO - [2024-05-11T15:07:48.012+0000] {dagbag.py:545} INFO - Filling up the DagBag from /home/airflow/.local/lib/python3.12/site-packages/airflow/example_dags/example_skip_dag.py
[2024-05-11T15:07:48.018+0000] {processor.py:840} INFO - DAG(s) 'example_skip_dag' retrieved from /home/airflow/.local/lib/python3.12/site-packages/airflow/example_dags/example_skip_dag.py
[2024-05-11T15:07:48.166+0000] {logging_mixin.py:188} INFO - [2024-05-11T15:07:48.166+0000] {dag.py:3096} INFO - Sync 1 DAGs
[2024-05-11T15:07:48.206+0000] {logging_mixin.py:188} INFO - [2024-05-11T15:07:48.205+0000] {dag.py:3954} INFO - Setting next_dagrun for example_skip_dag to 2024-05-10 00:00:00+00:00, run_after=2024-05-11 00:00:00+00:00
[2024-05-11T15:07:48.241+0000] {processor.py:183} INFO - Processing /home/airflow/.local/lib/python3.12/site-packages/airflow/example_dags/example_skip_dag.py took 0.309 seconds
[2024-05-11T15:18:29.323+0000] {processor.py:161} INFO - Started process (PID=64) to work on /home/airflow/.local/lib/python3.12/site-packages/airflow/example_dags/example_skip_dag.py
[2024-05-11T15:18:29.325+0000] {processor.py:830} INFO - Processing file /home/airflow/.local/lib/python3.12/site-packages/airflow/example_dags/example_skip_dag.py for tasks to queue
[2024-05-11T15:18:29.327+0000] {logging_mixin.py:188} INFO - [2024-05-11T15:18:29.327+0000] {dagbag.py:545} INFO - Filling up the DagBag from /home/airflow/.local/lib/python3.12/site-packages/airflow/example_dags/example_skip_dag.py
[2024-05-11T15:18:29.338+0000] {processor.py:840} INFO - DAG(s) 'example_skip_dag' retrieved from /home/airflow/.local/lib/python3.12/site-packages/airflow/example_dags/example_skip_dag.py
[2024-05-11T15:18:29.356+0000] {logging_mixin.py:188} INFO - [2024-05-11T15:18:29.356+0000] {dag.py:3096} INFO - Sync 1 DAGs
[2024-05-11T15:18:29.410+0000] {logging_mixin.py:188} INFO - [2024-05-11T15:18:29.410+0000] {dag.py:3954} INFO - Setting next_dagrun for example_skip_dag to 2024-05-10 00:00:00+00:00, run_after=2024-05-11 00:00:00+00:00
[2024-05-11T15:18:29.450+0000] {processor.py:183} INFO - Processing /home/airflow/.local/lib/python3.12/site-packages/airflow/example_dags/example_skip_dag.py took 0.137 seconds
[2024-05-11T15:18:59.658+0000] {processor.py:161} INFO - Started process (PID=122) to work on /home/airflow/.local/lib/python3.12/site-packages/airflow/example_dags/example_skip_dag.py
[2024-05-11T15:18:59.660+0000] {processor.py:830} INFO - Processing file /home/airflow/.local/lib/python3.12/site-packages/airflow/example_dags/example_skip_dag.py for tasks to queue
[2024-05-11T15:18:59.662+0000] {logging_mixin.py:188} INFO - [2024-05-11T15:18:59.662+0000] {dagbag.py:545} INFO - Filling up the DagBag from /home/airflow/.local/lib/python3.12/site-packages/airflow/example_dags/example_skip_dag.py
[2024-05-11T15:18:59.689+0000] {processor.py:840} INFO - DAG(s) 'example_skip_dag' retrieved from /home/airflow/.local/lib/python3.12/site-packages/airflow/example_dags/example_skip_dag.py
[2024-05-11T15:18:59.703+0000] {logging_mixin.py:188} INFO - [2024-05-11T15:18:59.703+0000] {dag.py:3096} INFO - Sync 1 DAGs
[2024-05-11T15:18:59.728+0000] {logging_mixin.py:188} INFO - [2024-05-11T15:18:59.728+0000] {dag.py:3954} INFO - Setting next_dagrun for example_skip_dag to 2024-05-10 00:00:00+00:00, run_after=2024-05-11 00:00:00+00:00
[2024-05-11T15:18:59.754+0000] {processor.py:183} INFO - Processing /home/airflow/.local/lib/python3.12/site-packages/airflow/example_dags/example_skip_dag.py took 0.102 seconds
[2024-05-11T15:19:31.272+0000] {processor.py:161} INFO - Started process (PID=180) to work on /home/airflow/.local/lib/python3.12/site-packages/airflow/example_dags/example_skip_dag.py
[2024-05-11T15:19:31.273+0000] {processor.py:830} INFO - Processing file /home/airflow/.local/lib/python3.12/site-packages/airflow/example_dags/example_skip_dag.py for tasks to queue
[2024-05-11T15:19:31.275+0000] {logging_mixin.py:188} INFO - [2024-05-11T15:19:31.274+0000] {dagbag.py:545} INFO - Filling up the DagBag from /home/airflow/.local/lib/python3.12/site-packages/airflow/example_dags/example_skip_dag.py
[2024-05-11T15:19:31.280+0000] {processor.py:840} INFO - DAG(s) 'example_skip_dag' retrieved from /home/airflow/.local/lib/python3.12/site-packages/airflow/example_dags/example_skip_dag.py
[2024-05-11T15:19:31.375+0000] {logging_mixin.py:188} INFO - [2024-05-11T15:19:31.375+0000] {dag.py:3096} INFO - Sync 1 DAGs
[2024-05-11T15:19:31.393+0000] {logging_mixin.py:188} INFO - [2024-05-11T15:19:31.393+0000] {dag.py:3954} INFO - Setting next_dagrun for example_skip_dag to 2024-05-10 00:00:00+00:00, run_after=2024-05-11 00:00:00+00:00
[2024-05-11T15:19:31.410+0000] {processor.py:183} INFO - Processing /home/airflow/.local/lib/python3.12/site-packages/airflow/example_dags/example_skip_dag.py took 0.141 seconds
[2024-05-11T15:20:01.587+0000] {processor.py:161} INFO - Started process (PID=238) to work on /home/airflow/.local/lib/python3.12/site-packages/airflow/example_dags/example_skip_dag.py
[2024-05-11T15:20:01.588+0000] {processor.py:830} INFO - Processing file /home/airflow/.local/lib/python3.12/site-packages/airflow/example_dags/example_skip_dag.py for tasks to queue
[2024-05-11T15:20:01.590+0000] {logging_mixin.py:188} INFO - [2024-05-11T15:20:01.590+0000] {dagbag.py:545} INFO - Filling up the DagBag from /home/airflow/.local/lib/python3.12/site-packages/airflow/example_dags/example_skip_dag.py
[2024-05-11T15:20:01.595+0000] {processor.py:840} INFO - DAG(s) 'example_skip_dag' retrieved from /home/airflow/.local/lib/python3.12/site-packages/airflow/example_dags/example_skip_dag.py
[2024-05-11T15:20:01.614+0000] {logging_mixin.py:188} INFO - [2024-05-11T15:20:01.613+0000] {dag.py:3096} INFO - Sync 1 DAGs
[2024-05-11T15:20:01.632+0000] {logging_mixin.py:188} INFO - [2024-05-11T15:20:01.632+0000] {dag.py:3954} INFO - Setting next_dagrun for example_skip_dag to 2024-05-10 00:00:00+00:00, run_after=2024-05-11 00:00:00+00:00
[2024-05-11T15:20:01.649+0000] {processor.py:183} INFO - Processing /home/airflow/.local/lib/python3.12/site-packages/airflow/example_dags/example_skip_dag.py took 0.066 seconds
[2024-05-11T15:20:32.690+0000] {processor.py:161} INFO - Started process (PID=296) to work on /home/airflow/.local/lib/python3.12/site-packages/airflow/example_dags/example_skip_dag.py
[2024-05-11T15:20:32.692+0000] {processor.py:830} INFO - Processing file /home/airflow/.local/lib/python3.12/site-packages/airflow/example_dags/example_skip_dag.py for tasks to queue
[2024-05-11T15:20:32.695+0000] {logging_mixin.py:188} INFO - [2024-05-11T15:20:32.695+0000] {dagbag.py:545} INFO - Filling up the DagBag from /home/airflow/.local/lib/python3.12/site-packages/airflow/example_dags/example_skip_dag.py
[2024-05-11T15:20:32.703+0000] {processor.py:840} INFO - DAG(s) 'example_skip_dag' retrieved from /home/airflow/.local/lib/python3.12/site-packages/airflow/example_dags/example_skip_dag.py
[2024-05-11T15:20:32.735+0000] {logging_mixin.py:188} INFO - [2024-05-11T15:20:32.735+0000] {dag.py:3096} INFO - Sync 1 DAGs
[2024-05-11T15:20:32.782+0000] {logging_mixin.py:188} INFO - [2024-05-11T15:20:32.782+0000] {dag.py:3954} INFO - Setting next_dagrun for example_skip_dag to 2024-05-10 00:00:00+00:00, run_after=2024-05-11 00:00:00+00:00
[2024-05-11T15:20:32.816+0000] {processor.py:183} INFO - Processing /home/airflow/.local/lib/python3.12/site-packages/airflow/example_dags/example_skip_dag.py took 0.136 seconds
[2024-05-11T15:27:06.110+0000] {processor.py:161} INFO - Started process (PID=72) to work on /home/airflow/.local/lib/python3.12/site-packages/airflow/example_dags/example_skip_dag.py
[2024-05-11T15:27:06.111+0000] {processor.py:830} INFO - Processing file /home/airflow/.local/lib/python3.12/site-packages/airflow/example_dags/example_skip_dag.py for tasks to queue
[2024-05-11T15:27:06.114+0000] {logging_mixin.py:188} INFO - [2024-05-11T15:27:06.113+0000] {dagbag.py:545} INFO - Filling up the DagBag from /home/airflow/.local/lib/python3.12/site-packages/airflow/example_dags/example_skip_dag.py
[2024-05-11T15:27:06.125+0000] {processor.py:840} INFO - DAG(s) 'example_skip_dag' retrieved from /home/airflow/.local/lib/python3.12/site-packages/airflow/example_dags/example_skip_dag.py
[2024-05-11T15:27:06.508+0000] {logging_mixin.py:188} INFO - [2024-05-11T15:27:06.507+0000] {dag.py:3096} INFO - Sync 1 DAGs
[2024-05-11T15:27:06.580+0000] {logging_mixin.py:188} INFO - [2024-05-11T15:27:06.579+0000] {dag.py:3954} INFO - Setting next_dagrun for example_skip_dag to 2024-05-10 00:00:00+00:00, run_after=2024-05-11 00:00:00+00:00
[2024-05-11T15:27:06.677+0000] {processor.py:183} INFO - Processing /home/airflow/.local/lib/python3.12/site-packages/airflow/example_dags/example_skip_dag.py took 0.577 seconds
[2024-05-11T15:27:36.808+0000] {processor.py:161} INFO - Started process (PID=130) to work on /home/airflow/.local/lib/python3.12/site-packages/airflow/example_dags/example_skip_dag.py
[2024-05-11T15:27:36.810+0000] {processor.py:830} INFO - Processing file /home/airflow/.local/lib/python3.12/site-packages/airflow/example_dags/example_skip_dag.py for tasks to queue
[2024-05-11T15:27:36.812+0000] {logging_mixin.py:188} INFO - [2024-05-11T15:27:36.811+0000] {dagbag.py:545} INFO - Filling up the DagBag from /home/airflow/.local/lib/python3.12/site-packages/airflow/example_dags/example_skip_dag.py
[2024-05-11T15:27:36.828+0000] {processor.py:840} INFO - DAG(s) 'example_skip_dag' retrieved from /home/airflow/.local/lib/python3.12/site-packages/airflow/example_dags/example_skip_dag.py
[2024-05-11T15:27:36.862+0000] {logging_mixin.py:188} INFO - [2024-05-11T15:27:36.862+0000] {dag.py:3096} INFO - Sync 1 DAGs
[2024-05-11T15:27:36.887+0000] {logging_mixin.py:188} INFO - [2024-05-11T15:27:36.887+0000] {dag.py:3954} INFO - Setting next_dagrun for example_skip_dag to 2024-05-10 00:00:00+00:00, run_after=2024-05-11 00:00:00+00:00
[2024-05-11T15:27:36.936+0000] {processor.py:183} INFO - Processing /home/airflow/.local/lib/python3.12/site-packages/airflow/example_dags/example_skip_dag.py took 0.150 seconds
[2024-05-11T15:28:07.289+0000] {processor.py:161} INFO - Started process (PID=188) to work on /home/airflow/.local/lib/python3.12/site-packages/airflow/example_dags/example_skip_dag.py
[2024-05-11T15:28:07.291+0000] {processor.py:830} INFO - Processing file /home/airflow/.local/lib/python3.12/site-packages/airflow/example_dags/example_skip_dag.py for tasks to queue
[2024-05-11T15:28:07.292+0000] {logging_mixin.py:188} INFO - [2024-05-11T15:28:07.292+0000] {dagbag.py:545} INFO - Filling up the DagBag from /home/airflow/.local/lib/python3.12/site-packages/airflow/example_dags/example_skip_dag.py
[2024-05-11T15:28:07.298+0000] {processor.py:840} INFO - DAG(s) 'example_skip_dag' retrieved from /home/airflow/.local/lib/python3.12/site-packages/airflow/example_dags/example_skip_dag.py
[2024-05-11T15:28:07.317+0000] {logging_mixin.py:188} INFO - [2024-05-11T15:28:07.317+0000] {dag.py:3096} INFO - Sync 1 DAGs
[2024-05-11T15:28:07.340+0000] {logging_mixin.py:188} INFO - [2024-05-11T15:28:07.340+0000] {dag.py:3954} INFO - Setting next_dagrun for example_skip_dag to 2024-05-10 00:00:00+00:00, run_after=2024-05-11 00:00:00+00:00
[2024-05-11T15:28:07.358+0000] {processor.py:183} INFO - Processing /home/airflow/.local/lib/python3.12/site-packages/airflow/example_dags/example_skip_dag.py took 0.073 seconds
[2024-05-11T15:28:37.489+0000] {processor.py:161} INFO - Started process (PID=246) to work on /home/airflow/.local/lib/python3.12/site-packages/airflow/example_dags/example_skip_dag.py
[2024-05-11T15:28:37.490+0000] {processor.py:830} INFO - Processing file /home/airflow/.local/lib/python3.12/site-packages/airflow/example_dags/example_skip_dag.py for tasks to queue
[2024-05-11T15:28:37.492+0000] {logging_mixin.py:188} INFO - [2024-05-11T15:28:37.492+0000] {dagbag.py:545} INFO - Filling up the DagBag from /home/airflow/.local/lib/python3.12/site-packages/airflow/example_dags/example_skip_dag.py
[2024-05-11T15:28:37.497+0000] {processor.py:840} INFO - DAG(s) 'example_skip_dag' retrieved from /home/airflow/.local/lib/python3.12/site-packages/airflow/example_dags/example_skip_dag.py
[2024-05-11T15:28:37.517+0000] {logging_mixin.py:188} INFO - [2024-05-11T15:28:37.516+0000] {dag.py:3096} INFO - Sync 1 DAGs
[2024-05-11T15:28:37.536+0000] {logging_mixin.py:188} INFO - [2024-05-11T15:28:37.536+0000] {dag.py:3954} INFO - Setting next_dagrun for example_skip_dag to 2024-05-10 00:00:00+00:00, run_after=2024-05-11 00:00:00+00:00
[2024-05-11T15:28:37.552+0000] {processor.py:183} INFO - Processing /home/airflow/.local/lib/python3.12/site-packages/airflow/example_dags/example_skip_dag.py took 0.068 seconds
[2024-05-11T15:46:21.618+0000] {processor.py:161} INFO - Started process (PID=70) to work on /home/airflow/.local/lib/python3.12/site-packages/airflow/example_dags/example_skip_dag.py
[2024-05-11T15:46:21.633+0000] {processor.py:830} INFO - Processing file /home/airflow/.local/lib/python3.12/site-packages/airflow/example_dags/example_skip_dag.py for tasks to queue
[2024-05-11T15:46:21.657+0000] {logging_mixin.py:188} INFO - [2024-05-11T15:46:21.655+0000] {dagbag.py:545} INFO - Filling up the DagBag from /home/airflow/.local/lib/python3.12/site-packages/airflow/example_dags/example_skip_dag.py
[2024-05-11T15:46:21.690+0000] {processor.py:840} INFO - DAG(s) 'example_skip_dag' retrieved from /home/airflow/.local/lib/python3.12/site-packages/airflow/example_dags/example_skip_dag.py
[2024-05-11T15:46:22.463+0000] {logging_mixin.py:188} INFO - [2024-05-11T15:46:22.462+0000] {dag.py:3096} INFO - Sync 1 DAGs
[2024-05-11T15:46:22.655+0000] {logging_mixin.py:188} INFO - [2024-05-11T15:46:22.655+0000] {dag.py:3954} INFO - Setting next_dagrun for example_skip_dag to 2024-05-10 00:00:00+00:00, run_after=2024-05-11 00:00:00+00:00
[2024-05-11T15:46:22.794+0000] {processor.py:183} INFO - Processing /home/airflow/.local/lib/python3.12/site-packages/airflow/example_dags/example_skip_dag.py took 1.201 seconds
[2024-05-11T15:46:53.068+0000] {processor.py:161} INFO - Started process (PID=128) to work on /home/airflow/.local/lib/python3.12/site-packages/airflow/example_dags/example_skip_dag.py
[2024-05-11T15:46:53.069+0000] {processor.py:830} INFO - Processing file /home/airflow/.local/lib/python3.12/site-packages/airflow/example_dags/example_skip_dag.py for tasks to queue
[2024-05-11T15:46:53.071+0000] {logging_mixin.py:188} INFO - [2024-05-11T15:46:53.070+0000] {dagbag.py:545} INFO - Filling up the DagBag from /home/airflow/.local/lib/python3.12/site-packages/airflow/example_dags/example_skip_dag.py
[2024-05-11T15:46:53.076+0000] {processor.py:840} INFO - DAG(s) 'example_skip_dag' retrieved from /home/airflow/.local/lib/python3.12/site-packages/airflow/example_dags/example_skip_dag.py
[2024-05-11T15:46:53.094+0000] {logging_mixin.py:188} INFO - [2024-05-11T15:46:53.094+0000] {dag.py:3096} INFO - Sync 1 DAGs
[2024-05-11T15:46:53.114+0000] {logging_mixin.py:188} INFO - [2024-05-11T15:46:53.114+0000] {dag.py:3954} INFO - Setting next_dagrun for example_skip_dag to 2024-05-10 00:00:00+00:00, run_after=2024-05-11 00:00:00+00:00
[2024-05-11T15:46:53.138+0000] {processor.py:183} INFO - Processing /home/airflow/.local/lib/python3.12/site-packages/airflow/example_dags/example_skip_dag.py took 0.074 seconds
[2024-05-11T15:47:23.655+0000] {processor.py:161} INFO - Started process (PID=186) to work on /home/airflow/.local/lib/python3.12/site-packages/airflow/example_dags/example_skip_dag.py
[2024-05-11T15:47:23.656+0000] {processor.py:830} INFO - Processing file /home/airflow/.local/lib/python3.12/site-packages/airflow/example_dags/example_skip_dag.py for tasks to queue
[2024-05-11T15:47:23.658+0000] {logging_mixin.py:188} INFO - [2024-05-11T15:47:23.657+0000] {dagbag.py:545} INFO - Filling up the DagBag from /home/airflow/.local/lib/python3.12/site-packages/airflow/example_dags/example_skip_dag.py
[2024-05-11T15:47:23.662+0000] {processor.py:840} INFO - DAG(s) 'example_skip_dag' retrieved from /home/airflow/.local/lib/python3.12/site-packages/airflow/example_dags/example_skip_dag.py
[2024-05-11T15:47:23.679+0000] {logging_mixin.py:188} INFO - [2024-05-11T15:47:23.679+0000] {dag.py:3096} INFO - Sync 1 DAGs
[2024-05-11T15:47:23.697+0000] {logging_mixin.py:188} INFO - [2024-05-11T15:47:23.697+0000] {dag.py:3954} INFO - Setting next_dagrun for example_skip_dag to 2024-05-10 00:00:00+00:00, run_after=2024-05-11 00:00:00+00:00
[2024-05-11T15:47:23.713+0000] {processor.py:183} INFO - Processing /home/airflow/.local/lib/python3.12/site-packages/airflow/example_dags/example_skip_dag.py took 0.062 seconds
[2024-05-11T15:47:54.205+0000] {processor.py:161} INFO - Started process (PID=244) to work on /home/airflow/.local/lib/python3.12/site-packages/airflow/example_dags/example_skip_dag.py
[2024-05-11T15:47:54.206+0000] {processor.py:830} INFO - Processing file /home/airflow/.local/lib/python3.12/site-packages/airflow/example_dags/example_skip_dag.py for tasks to queue
[2024-05-11T15:47:54.207+0000] {logging_mixin.py:188} INFO - [2024-05-11T15:47:54.207+0000] {dagbag.py:545} INFO - Filling up the DagBag from /home/airflow/.local/lib/python3.12/site-packages/airflow/example_dags/example_skip_dag.py
[2024-05-11T15:47:54.212+0000] {processor.py:840} INFO - DAG(s) 'example_skip_dag' retrieved from /home/airflow/.local/lib/python3.12/site-packages/airflow/example_dags/example_skip_dag.py
[2024-05-11T15:47:54.231+0000] {logging_mixin.py:188} INFO - [2024-05-11T15:47:54.231+0000] {dag.py:3096} INFO - Sync 1 DAGs
[2024-05-11T15:47:54.250+0000] {logging_mixin.py:188} INFO - [2024-05-11T15:47:54.250+0000] {dag.py:3954} INFO - Setting next_dagrun for example_skip_dag to 2024-05-10 00:00:00+00:00, run_after=2024-05-11 00:00:00+00:00
[2024-05-11T15:47:54.266+0000] {processor.py:183} INFO - Processing /home/airflow/.local/lib/python3.12/site-packages/airflow/example_dags/example_skip_dag.py took 0.065 seconds
[2024-05-11T15:48:24.497+0000] {processor.py:161} INFO - Started process (PID=302) to work on /home/airflow/.local/lib/python3.12/site-packages/airflow/example_dags/example_skip_dag.py
[2024-05-11T15:48:24.498+0000] {processor.py:830} INFO - Processing file /home/airflow/.local/lib/python3.12/site-packages/airflow/example_dags/example_skip_dag.py for tasks to queue
[2024-05-11T15:48:24.499+0000] {logging_mixin.py:188} INFO - [2024-05-11T15:48:24.499+0000] {dagbag.py:545} INFO - Filling up the DagBag from /home/airflow/.local/lib/python3.12/site-packages/airflow/example_dags/example_skip_dag.py
[2024-05-11T15:48:24.505+0000] {processor.py:840} INFO - DAG(s) 'example_skip_dag' retrieved from /home/airflow/.local/lib/python3.12/site-packages/airflow/example_dags/example_skip_dag.py
[2024-05-11T15:48:24.524+0000] {logging_mixin.py:188} INFO - [2024-05-11T15:48:24.524+0000] {dag.py:3096} INFO - Sync 1 DAGs
[2024-05-11T15:48:24.544+0000] {logging_mixin.py:188} INFO - [2024-05-11T15:48:24.544+0000] {dag.py:3954} INFO - Setting next_dagrun for example_skip_dag to 2024-05-10 00:00:00+00:00, run_after=2024-05-11 00:00:00+00:00
[2024-05-11T15:48:24.566+0000] {processor.py:183} INFO - Processing /home/airflow/.local/lib/python3.12/site-packages/airflow/example_dags/example_skip_dag.py took 0.074 seconds
[2024-05-11T15:48:54.745+0000] {processor.py:161} INFO - Started process (PID=360) to work on /home/airflow/.local/lib/python3.12/site-packages/airflow/example_dags/example_skip_dag.py
[2024-05-11T15:48:54.746+0000] {processor.py:830} INFO - Processing file /home/airflow/.local/lib/python3.12/site-packages/airflow/example_dags/example_skip_dag.py for tasks to queue
[2024-05-11T15:48:54.749+0000] {logging_mixin.py:188} INFO - [2024-05-11T15:48:54.748+0000] {dagbag.py:545} INFO - Filling up the DagBag from /home/airflow/.local/lib/python3.12/site-packages/airflow/example_dags/example_skip_dag.py
[2024-05-11T15:48:54.756+0000] {processor.py:840} INFO - DAG(s) 'example_skip_dag' retrieved from /home/airflow/.local/lib/python3.12/site-packages/airflow/example_dags/example_skip_dag.py
[2024-05-11T15:48:54.780+0000] {logging_mixin.py:188} INFO - [2024-05-11T15:48:54.780+0000] {dag.py:3096} INFO - Sync 1 DAGs
[2024-05-11T15:48:54.804+0000] {logging_mixin.py:188} INFO - [2024-05-11T15:48:54.804+0000] {dag.py:3954} INFO - Setting next_dagrun for example_skip_dag to 2024-05-10 00:00:00+00:00, run_after=2024-05-11 00:00:00+00:00
[2024-05-11T15:48:54.827+0000] {processor.py:183} INFO - Processing /home/airflow/.local/lib/python3.12/site-packages/airflow/example_dags/example_skip_dag.py took 0.088 seconds
[2024-05-11T15:49:25.406+0000] {processor.py:161} INFO - Started process (PID=418) to work on /home/airflow/.local/lib/python3.12/site-packages/airflow/example_dags/example_skip_dag.py
[2024-05-11T15:49:25.407+0000] {processor.py:830} INFO - Processing file /home/airflow/.local/lib/python3.12/site-packages/airflow/example_dags/example_skip_dag.py for tasks to queue
[2024-05-11T15:49:25.409+0000] {logging_mixin.py:188} INFO - [2024-05-11T15:49:25.408+0000] {dagbag.py:545} INFO - Filling up the DagBag from /home/airflow/.local/lib/python3.12/site-packages/airflow/example_dags/example_skip_dag.py
[2024-05-11T15:49:25.414+0000] {processor.py:840} INFO - DAG(s) 'example_skip_dag' retrieved from /home/airflow/.local/lib/python3.12/site-packages/airflow/example_dags/example_skip_dag.py
[2024-05-11T15:49:25.431+0000] {logging_mixin.py:188} INFO - [2024-05-11T15:49:25.431+0000] {dag.py:3096} INFO - Sync 1 DAGs
[2024-05-11T15:49:25.449+0000] {logging_mixin.py:188} INFO - [2024-05-11T15:49:25.449+0000] {dag.py:3954} INFO - Setting next_dagrun for example_skip_dag to 2024-05-10 00:00:00+00:00, run_after=2024-05-11 00:00:00+00:00
[2024-05-11T15:49:25.469+0000] {processor.py:183} INFO - Processing /home/airflow/.local/lib/python3.12/site-packages/airflow/example_dags/example_skip_dag.py took 0.067 seconds
[2024-05-11T15:49:55.591+0000] {processor.py:161} INFO - Started process (PID=477) to work on /home/airflow/.local/lib/python3.12/site-packages/airflow/example_dags/example_skip_dag.py
[2024-05-11T15:49:55.592+0000] {processor.py:830} INFO - Processing file /home/airflow/.local/lib/python3.12/site-packages/airflow/example_dags/example_skip_dag.py for tasks to queue
[2024-05-11T15:49:55.594+0000] {logging_mixin.py:188} INFO - [2024-05-11T15:49:55.593+0000] {dagbag.py:545} INFO - Filling up the DagBag from /home/airflow/.local/lib/python3.12/site-packages/airflow/example_dags/example_skip_dag.py
[2024-05-11T15:49:55.602+0000] {processor.py:840} INFO - DAG(s) 'example_skip_dag' retrieved from /home/airflow/.local/lib/python3.12/site-packages/airflow/example_dags/example_skip_dag.py
[2024-05-11T15:49:55.619+0000] {logging_mixin.py:188} INFO - [2024-05-11T15:49:55.618+0000] {dag.py:3096} INFO - Sync 1 DAGs
[2024-05-11T15:49:55.637+0000] {logging_mixin.py:188} INFO - [2024-05-11T15:49:55.636+0000] {dag.py:3954} INFO - Setting next_dagrun for example_skip_dag to 2024-05-10 00:00:00+00:00, run_after=2024-05-11 00:00:00+00:00
[2024-05-11T15:49:55.653+0000] {processor.py:183} INFO - Processing /home/airflow/.local/lib/python3.12/site-packages/airflow/example_dags/example_skip_dag.py took 0.066 seconds
[2024-05-11T15:50:25.991+0000] {processor.py:161} INFO - Started process (PID=535) to work on /home/airflow/.local/lib/python3.12/site-packages/airflow/example_dags/example_skip_dag.py
[2024-05-11T15:50:25.992+0000] {processor.py:830} INFO - Processing file /home/airflow/.local/lib/python3.12/site-packages/airflow/example_dags/example_skip_dag.py for tasks to queue
[2024-05-11T15:50:25.995+0000] {logging_mixin.py:188} INFO - [2024-05-11T15:50:25.995+0000] {dagbag.py:545} INFO - Filling up the DagBag from /home/airflow/.local/lib/python3.12/site-packages/airflow/example_dags/example_skip_dag.py
[2024-05-11T15:50:26.001+0000] {processor.py:840} INFO - DAG(s) 'example_skip_dag' retrieved from /home/airflow/.local/lib/python3.12/site-packages/airflow/example_dags/example_skip_dag.py
[2024-05-11T15:50:26.025+0000] {logging_mixin.py:188} INFO - [2024-05-11T15:50:26.025+0000] {dag.py:3096} INFO - Sync 1 DAGs
[2024-05-11T15:50:26.045+0000] {logging_mixin.py:188} INFO - [2024-05-11T15:50:26.045+0000] {dag.py:3954} INFO - Setting next_dagrun for example_skip_dag to 2024-05-10 00:00:00+00:00, run_after=2024-05-11 00:00:00+00:00
[2024-05-11T15:50:26.060+0000] {processor.py:183} INFO - Processing /home/airflow/.local/lib/python3.12/site-packages/airflow/example_dags/example_skip_dag.py took 0.073 seconds
[2024-05-11T15:50:56.459+0000] {processor.py:161} INFO - Started process (PID=593) to work on /home/airflow/.local/lib/python3.12/site-packages/airflow/example_dags/example_skip_dag.py
[2024-05-11T15:50:56.460+0000] {processor.py:830} INFO - Processing file /home/airflow/.local/lib/python3.12/site-packages/airflow/example_dags/example_skip_dag.py for tasks to queue
[2024-05-11T15:50:56.461+0000] {logging_mixin.py:188} INFO - [2024-05-11T15:50:56.461+0000] {dagbag.py:545} INFO - Filling up the DagBag from /home/airflow/.local/lib/python3.12/site-packages/airflow/example_dags/example_skip_dag.py
[2024-05-11T15:50:56.468+0000] {processor.py:840} INFO - DAG(s) 'example_skip_dag' retrieved from /home/airflow/.local/lib/python3.12/site-packages/airflow/example_dags/example_skip_dag.py
[2024-05-11T15:50:56.486+0000] {logging_mixin.py:188} INFO - [2024-05-11T15:50:56.486+0000] {dag.py:3096} INFO - Sync 1 DAGs
[2024-05-11T15:50:56.505+0000] {logging_mixin.py:188} INFO - [2024-05-11T15:50:56.505+0000] {dag.py:3954} INFO - Setting next_dagrun for example_skip_dag to 2024-05-10 00:00:00+00:00, run_after=2024-05-11 00:00:00+00:00
[2024-05-11T15:50:56.522+0000] {processor.py:183} INFO - Processing /home/airflow/.local/lib/python3.12/site-packages/airflow/example_dags/example_skip_dag.py took 0.067 seconds
[2024-05-11T15:51:26.584+0000] {processor.py:161} INFO - Started process (PID=651) to work on /home/airflow/.local/lib/python3.12/site-packages/airflow/example_dags/example_skip_dag.py
[2024-05-11T15:51:26.585+0000] {processor.py:830} INFO - Processing file /home/airflow/.local/lib/python3.12/site-packages/airflow/example_dags/example_skip_dag.py for tasks to queue
[2024-05-11T15:51:26.586+0000] {logging_mixin.py:188} INFO - [2024-05-11T15:51:26.586+0000] {dagbag.py:545} INFO - Filling up the DagBag from /home/airflow/.local/lib/python3.12/site-packages/airflow/example_dags/example_skip_dag.py
[2024-05-11T15:51:26.591+0000] {processor.py:840} INFO - DAG(s) 'example_skip_dag' retrieved from /home/airflow/.local/lib/python3.12/site-packages/airflow/example_dags/example_skip_dag.py
[2024-05-11T15:51:26.608+0000] {logging_mixin.py:188} INFO - [2024-05-11T15:51:26.608+0000] {dag.py:3096} INFO - Sync 1 DAGs
[2024-05-11T15:51:26.626+0000] {logging_mixin.py:188} INFO - [2024-05-11T15:51:26.626+0000] {dag.py:3954} INFO - Setting next_dagrun for example_skip_dag to 2024-05-10 00:00:00+00:00, run_after=2024-05-11 00:00:00+00:00
[2024-05-11T15:51:26.641+0000] {processor.py:183} INFO - Processing /home/airflow/.local/lib/python3.12/site-packages/airflow/example_dags/example_skip_dag.py took 0.062 seconds
[2024-05-11T15:51:57.593+0000] {processor.py:161} INFO - Started process (PID=709) to work on /home/airflow/.local/lib/python3.12/site-packages/airflow/example_dags/example_skip_dag.py
[2024-05-11T15:51:57.593+0000] {processor.py:830} INFO - Processing file /home/airflow/.local/lib/python3.12/site-packages/airflow/example_dags/example_skip_dag.py for tasks to queue
[2024-05-11T15:51:57.595+0000] {logging_mixin.py:188} INFO - [2024-05-11T15:51:57.595+0000] {dagbag.py:545} INFO - Filling up the DagBag from /home/airflow/.local/lib/python3.12/site-packages/airflow/example_dags/example_skip_dag.py
[2024-05-11T15:51:57.603+0000] {processor.py:840} INFO - DAG(s) 'example_skip_dag' retrieved from /home/airflow/.local/lib/python3.12/site-packages/airflow/example_dags/example_skip_dag.py
[2024-05-11T15:51:57.648+0000] {logging_mixin.py:188} INFO - [2024-05-11T15:51:57.648+0000] {dag.py:3096} INFO - Sync 1 DAGs
[2024-05-11T15:51:57.679+0000] {logging_mixin.py:188} INFO - [2024-05-11T15:51:57.679+0000] {dag.py:3954} INFO - Setting next_dagrun for example_skip_dag to 2024-05-10 00:00:00+00:00, run_after=2024-05-11 00:00:00+00:00
[2024-05-11T15:51:57.714+0000] {processor.py:183} INFO - Processing /home/airflow/.local/lib/python3.12/site-packages/airflow/example_dags/example_skip_dag.py took 0.127 seconds
[2024-05-11T15:52:27.936+0000] {processor.py:161} INFO - Started process (PID=767) to work on /home/airflow/.local/lib/python3.12/site-packages/airflow/example_dags/example_skip_dag.py
[2024-05-11T15:52:27.937+0000] {processor.py:830} INFO - Processing file /home/airflow/.local/lib/python3.12/site-packages/airflow/example_dags/example_skip_dag.py for tasks to queue
[2024-05-11T15:52:27.941+0000] {logging_mixin.py:188} INFO - [2024-05-11T15:52:27.941+0000] {dagbag.py:545} INFO - Filling up the DagBag from /home/airflow/.local/lib/python3.12/site-packages/airflow/example_dags/example_skip_dag.py
[2024-05-11T15:52:27.952+0000] {processor.py:840} INFO - DAG(s) 'example_skip_dag' retrieved from /home/airflow/.local/lib/python3.12/site-packages/airflow/example_dags/example_skip_dag.py
[2024-05-11T15:52:28.016+0000] {logging_mixin.py:188} INFO - [2024-05-11T15:52:28.015+0000] {dag.py:3096} INFO - Sync 1 DAGs
[2024-05-11T15:52:28.047+0000] {logging_mixin.py:188} INFO - [2024-05-11T15:52:28.047+0000] {dag.py:3954} INFO - Setting next_dagrun for example_skip_dag to 2024-05-10 00:00:00+00:00, run_after=2024-05-11 00:00:00+00:00
[2024-05-11T15:52:28.082+0000] {processor.py:183} INFO - Processing /home/airflow/.local/lib/python3.12/site-packages/airflow/example_dags/example_skip_dag.py took 0.165 seconds
[2024-05-11T15:52:58.683+0000] {processor.py:161} INFO - Started process (PID=825) to work on /home/airflow/.local/lib/python3.12/site-packages/airflow/example_dags/example_skip_dag.py
[2024-05-11T15:52:58.685+0000] {processor.py:830} INFO - Processing file /home/airflow/.local/lib/python3.12/site-packages/airflow/example_dags/example_skip_dag.py for tasks to queue
[2024-05-11T15:52:58.686+0000] {logging_mixin.py:188} INFO - [2024-05-11T15:52:58.686+0000] {dagbag.py:545} INFO - Filling up the DagBag from /home/airflow/.local/lib/python3.12/site-packages/airflow/example_dags/example_skip_dag.py
[2024-05-11T15:52:58.692+0000] {processor.py:840} INFO - DAG(s) 'example_skip_dag' retrieved from /home/airflow/.local/lib/python3.12/site-packages/airflow/example_dags/example_skip_dag.py
[2024-05-11T15:52:58.712+0000] {logging_mixin.py:188} INFO - [2024-05-11T15:52:58.711+0000] {dag.py:3096} INFO - Sync 1 DAGs
[2024-05-11T15:52:58.733+0000] {logging_mixin.py:188} INFO - [2024-05-11T15:52:58.732+0000] {dag.py:3954} INFO - Setting next_dagrun for example_skip_dag to 2024-05-10 00:00:00+00:00, run_after=2024-05-11 00:00:00+00:00
[2024-05-11T15:52:58.753+0000] {processor.py:183} INFO - Processing /home/airflow/.local/lib/python3.12/site-packages/airflow/example_dags/example_skip_dag.py took 0.075 seconds
[2024-05-11T15:53:29.188+0000] {processor.py:161} INFO - Started process (PID=883) to work on /home/airflow/.local/lib/python3.12/site-packages/airflow/example_dags/example_skip_dag.py
[2024-05-11T15:53:29.189+0000] {processor.py:830} INFO - Processing file /home/airflow/.local/lib/python3.12/site-packages/airflow/example_dags/example_skip_dag.py for tasks to queue
[2024-05-11T15:53:29.190+0000] {logging_mixin.py:188} INFO - [2024-05-11T15:53:29.190+0000] {dagbag.py:545} INFO - Filling up the DagBag from /home/airflow/.local/lib/python3.12/site-packages/airflow/example_dags/example_skip_dag.py
[2024-05-11T15:53:29.195+0000] {processor.py:840} INFO - DAG(s) 'example_skip_dag' retrieved from /home/airflow/.local/lib/python3.12/site-packages/airflow/example_dags/example_skip_dag.py
[2024-05-11T15:53:29.212+0000] {logging_mixin.py:188} INFO - [2024-05-11T15:53:29.211+0000] {dag.py:3096} INFO - Sync 1 DAGs
[2024-05-11T15:53:29.231+0000] {logging_mixin.py:188} INFO - [2024-05-11T15:53:29.231+0000] {dag.py:3954} INFO - Setting next_dagrun for example_skip_dag to 2024-05-10 00:00:00+00:00, run_after=2024-05-11 00:00:00+00:00
[2024-05-11T15:53:29.378+0000] {processor.py:183} INFO - Processing /home/airflow/.local/lib/python3.12/site-packages/airflow/example_dags/example_skip_dag.py took 0.195 seconds
[2024-05-11T15:53:59.487+0000] {processor.py:161} INFO - Started process (PID=941) to work on /home/airflow/.local/lib/python3.12/site-packages/airflow/example_dags/example_skip_dag.py
[2024-05-11T15:53:59.489+0000] {processor.py:830} INFO - Processing file /home/airflow/.local/lib/python3.12/site-packages/airflow/example_dags/example_skip_dag.py for tasks to queue
[2024-05-11T15:53:59.492+0000] {logging_mixin.py:188} INFO - [2024-05-11T15:53:59.492+0000] {dagbag.py:545} INFO - Filling up the DagBag from /home/airflow/.local/lib/python3.12/site-packages/airflow/example_dags/example_skip_dag.py
[2024-05-11T15:53:59.500+0000] {processor.py:840} INFO - DAG(s) 'example_skip_dag' retrieved from /home/airflow/.local/lib/python3.12/site-packages/airflow/example_dags/example_skip_dag.py
[2024-05-11T15:53:59.534+0000] {logging_mixin.py:188} INFO - [2024-05-11T15:53:59.532+0000] {dag.py:3096} INFO - Sync 1 DAGs
[2024-05-11T15:53:59.573+0000] {logging_mixin.py:188} INFO - [2024-05-11T15:53:59.573+0000] {dag.py:3954} INFO - Setting next_dagrun for example_skip_dag to 2024-05-10 00:00:00+00:00, run_after=2024-05-11 00:00:00+00:00
[2024-05-11T15:53:59.605+0000] {processor.py:183} INFO - Processing /home/airflow/.local/lib/python3.12/site-packages/airflow/example_dags/example_skip_dag.py took 0.124 seconds
[2024-05-11T15:54:29.695+0000] {processor.py:161} INFO - Started process (PID=999) to work on /home/airflow/.local/lib/python3.12/site-packages/airflow/example_dags/example_skip_dag.py
[2024-05-11T15:54:29.696+0000] {processor.py:830} INFO - Processing file /home/airflow/.local/lib/python3.12/site-packages/airflow/example_dags/example_skip_dag.py for tasks to queue
[2024-05-11T15:54:29.697+0000] {logging_mixin.py:188} INFO - [2024-05-11T15:54:29.697+0000] {dagbag.py:545} INFO - Filling up the DagBag from /home/airflow/.local/lib/python3.12/site-packages/airflow/example_dags/example_skip_dag.py
[2024-05-11T15:54:29.703+0000] {processor.py:840} INFO - DAG(s) 'example_skip_dag' retrieved from /home/airflow/.local/lib/python3.12/site-packages/airflow/example_dags/example_skip_dag.py
[2024-05-11T15:54:29.727+0000] {logging_mixin.py:188} INFO - [2024-05-11T15:54:29.727+0000] {dag.py:3096} INFO - Sync 1 DAGs
[2024-05-11T15:54:29.748+0000] {logging_mixin.py:188} INFO - [2024-05-11T15:54:29.748+0000] {dag.py:3954} INFO - Setting next_dagrun for example_skip_dag to 2024-05-10 00:00:00+00:00, run_after=2024-05-11 00:00:00+00:00
[2024-05-11T15:54:29.774+0000] {processor.py:183} INFO - Processing /home/airflow/.local/lib/python3.12/site-packages/airflow/example_dags/example_skip_dag.py took 0.084 seconds
[2024-05-11T15:55:00.327+0000] {processor.py:161} INFO - Started process (PID=1057) to work on /home/airflow/.local/lib/python3.12/site-packages/airflow/example_dags/example_skip_dag.py
[2024-05-11T15:55:00.328+0000] {processor.py:830} INFO - Processing file /home/airflow/.local/lib/python3.12/site-packages/airflow/example_dags/example_skip_dag.py for tasks to queue
[2024-05-11T15:55:00.329+0000] {logging_mixin.py:188} INFO - [2024-05-11T15:55:00.329+0000] {dagbag.py:545} INFO - Filling up the DagBag from /home/airflow/.local/lib/python3.12/site-packages/airflow/example_dags/example_skip_dag.py
[2024-05-11T15:55:00.334+0000] {processor.py:840} INFO - DAG(s) 'example_skip_dag' retrieved from /home/airflow/.local/lib/python3.12/site-packages/airflow/example_dags/example_skip_dag.py
[2024-05-11T15:55:00.352+0000] {logging_mixin.py:188} INFO - [2024-05-11T15:55:00.352+0000] {dag.py:3096} INFO - Sync 1 DAGs
[2024-05-11T15:55:00.376+0000] {logging_mixin.py:188} INFO - [2024-05-11T15:55:00.376+0000] {dag.py:3954} INFO - Setting next_dagrun for example_skip_dag to 2024-05-10 00:00:00+00:00, run_after=2024-05-11 00:00:00+00:00
[2024-05-11T15:55:00.400+0000] {processor.py:183} INFO - Processing /home/airflow/.local/lib/python3.12/site-packages/airflow/example_dags/example_skip_dag.py took 0.078 seconds
[2024-05-11T15:55:31.092+0000] {processor.py:161} INFO - Started process (PID=1116) to work on /home/airflow/.local/lib/python3.12/site-packages/airflow/example_dags/example_skip_dag.py
[2024-05-11T15:55:31.093+0000] {processor.py:830} INFO - Processing file /home/airflow/.local/lib/python3.12/site-packages/airflow/example_dags/example_skip_dag.py for tasks to queue
[2024-05-11T15:55:31.095+0000] {logging_mixin.py:188} INFO - [2024-05-11T15:55:31.094+0000] {dagbag.py:545} INFO - Filling up the DagBag from /home/airflow/.local/lib/python3.12/site-packages/airflow/example_dags/example_skip_dag.py
[2024-05-11T15:55:31.100+0000] {processor.py:840} INFO - DAG(s) 'example_skip_dag' retrieved from /home/airflow/.local/lib/python3.12/site-packages/airflow/example_dags/example_skip_dag.py
[2024-05-11T15:55:31.119+0000] {logging_mixin.py:188} INFO - [2024-05-11T15:55:31.119+0000] {dag.py:3096} INFO - Sync 1 DAGs
[2024-05-11T15:55:31.139+0000] {logging_mixin.py:188} INFO - [2024-05-11T15:55:31.139+0000] {dag.py:3954} INFO - Setting next_dagrun for example_skip_dag to 2024-05-10 00:00:00+00:00, run_after=2024-05-11 00:00:00+00:00
[2024-05-11T15:55:31.156+0000] {processor.py:183} INFO - Processing /home/airflow/.local/lib/python3.12/site-packages/airflow/example_dags/example_skip_dag.py took 0.068 seconds
[2024-05-11T15:56:01.737+0000] {processor.py:161} INFO - Started process (PID=1174) to work on /home/airflow/.local/lib/python3.12/site-packages/airflow/example_dags/example_skip_dag.py
[2024-05-11T15:56:01.738+0000] {processor.py:830} INFO - Processing file /home/airflow/.local/lib/python3.12/site-packages/airflow/example_dags/example_skip_dag.py for tasks to queue
[2024-05-11T15:56:01.740+0000] {logging_mixin.py:188} INFO - [2024-05-11T15:56:01.739+0000] {dagbag.py:545} INFO - Filling up the DagBag from /home/airflow/.local/lib/python3.12/site-packages/airflow/example_dags/example_skip_dag.py
[2024-05-11T15:56:01.746+0000] {processor.py:840} INFO - DAG(s) 'example_skip_dag' retrieved from /home/airflow/.local/lib/python3.12/site-packages/airflow/example_dags/example_skip_dag.py
[2024-05-11T15:56:01.767+0000] {logging_mixin.py:188} INFO - [2024-05-11T15:56:01.766+0000] {dag.py:3096} INFO - Sync 1 DAGs
[2024-05-11T15:56:01.789+0000] {logging_mixin.py:188} INFO - [2024-05-11T15:56:01.789+0000] {dag.py:3954} INFO - Setting next_dagrun for example_skip_dag to 2024-05-10 00:00:00+00:00, run_after=2024-05-11 00:00:00+00:00
[2024-05-11T15:56:01.807+0000] {processor.py:183} INFO - Processing /home/airflow/.local/lib/python3.12/site-packages/airflow/example_dags/example_skip_dag.py took 0.078 seconds
[2024-05-11T15:56:32.344+0000] {processor.py:161} INFO - Started process (PID=1232) to work on /home/airflow/.local/lib/python3.12/site-packages/airflow/example_dags/example_skip_dag.py
[2024-05-11T15:56:32.344+0000] {processor.py:830} INFO - Processing file /home/airflow/.local/lib/python3.12/site-packages/airflow/example_dags/example_skip_dag.py for tasks to queue
[2024-05-11T15:56:32.346+0000] {logging_mixin.py:188} INFO - [2024-05-11T15:56:32.346+0000] {dagbag.py:545} INFO - Filling up the DagBag from /home/airflow/.local/lib/python3.12/site-packages/airflow/example_dags/example_skip_dag.py
[2024-05-11T15:56:32.351+0000] {processor.py:840} INFO - DAG(s) 'example_skip_dag' retrieved from /home/airflow/.local/lib/python3.12/site-packages/airflow/example_dags/example_skip_dag.py
[2024-05-11T15:56:32.370+0000] {logging_mixin.py:188} INFO - [2024-05-11T15:56:32.370+0000] {dag.py:3096} INFO - Sync 1 DAGs
[2024-05-11T15:56:32.392+0000] {logging_mixin.py:188} INFO - [2024-05-11T15:56:32.392+0000] {dag.py:3954} INFO - Setting next_dagrun for example_skip_dag to 2024-05-10 00:00:00+00:00, run_after=2024-05-11 00:00:00+00:00
[2024-05-11T15:56:32.411+0000] {processor.py:183} INFO - Processing /home/airflow/.local/lib/python3.12/site-packages/airflow/example_dags/example_skip_dag.py took 0.072 seconds
[2024-05-11T15:57:03.066+0000] {processor.py:161} INFO - Started process (PID=1290) to work on /home/airflow/.local/lib/python3.12/site-packages/airflow/example_dags/example_skip_dag.py
[2024-05-11T15:57:03.075+0000] {processor.py:830} INFO - Processing file /home/airflow/.local/lib/python3.12/site-packages/airflow/example_dags/example_skip_dag.py for tasks to queue
[2024-05-11T15:57:03.079+0000] {logging_mixin.py:188} INFO - [2024-05-11T15:57:03.078+0000] {dagbag.py:545} INFO - Filling up the DagBag from /home/airflow/.local/lib/python3.12/site-packages/airflow/example_dags/example_skip_dag.py
[2024-05-11T15:57:03.086+0000] {processor.py:840} INFO - DAG(s) 'example_skip_dag' retrieved from /home/airflow/.local/lib/python3.12/site-packages/airflow/example_dags/example_skip_dag.py
[2024-05-11T15:57:03.118+0000] {logging_mixin.py:188} INFO - [2024-05-11T15:57:03.117+0000] {dag.py:3096} INFO - Sync 1 DAGs
[2024-05-11T15:57:03.152+0000] {logging_mixin.py:188} INFO - [2024-05-11T15:57:03.151+0000] {dag.py:3954} INFO - Setting next_dagrun for example_skip_dag to 2024-05-10 00:00:00+00:00, run_after=2024-05-11 00:00:00+00:00
[2024-05-11T15:57:03.208+0000] {processor.py:183} INFO - Processing /home/airflow/.local/lib/python3.12/site-packages/airflow/example_dags/example_skip_dag.py took 0.147 seconds
[2024-05-11T16:03:43.563+0000] {processor.py:161} INFO - Started process (PID=64) to work on /home/airflow/.local/lib/python3.12/site-packages/airflow/example_dags/example_skip_dag.py
[2024-05-11T16:03:43.565+0000] {processor.py:830} INFO - Processing file /home/airflow/.local/lib/python3.12/site-packages/airflow/example_dags/example_skip_dag.py for tasks to queue
[2024-05-11T16:03:43.567+0000] {logging_mixin.py:188} INFO - [2024-05-11T16:03:43.567+0000] {dagbag.py:545} INFO - Filling up the DagBag from /home/airflow/.local/lib/python3.12/site-packages/airflow/example_dags/example_skip_dag.py
[2024-05-11T16:03:43.576+0000] {processor.py:840} INFO - DAG(s) 'example_skip_dag' retrieved from /home/airflow/.local/lib/python3.12/site-packages/airflow/example_dags/example_skip_dag.py
[2024-05-11T16:03:43.767+0000] {logging_mixin.py:188} INFO - [2024-05-11T16:03:43.767+0000] {dag.py:3096} INFO - Sync 1 DAGs
[2024-05-11T16:03:43.842+0000] {logging_mixin.py:188} INFO - [2024-05-11T16:03:43.842+0000] {dag.py:3954} INFO - Setting next_dagrun for example_skip_dag to 2024-05-10 00:00:00+00:00, run_after=2024-05-11 00:00:00+00:00
[2024-05-11T16:03:43.886+0000] {processor.py:183} INFO - Processing /home/airflow/.local/lib/python3.12/site-packages/airflow/example_dags/example_skip_dag.py took 0.329 seconds
[2024-05-11T16:04:14.561+0000] {processor.py:161} INFO - Started process (PID=122) to work on /home/airflow/.local/lib/python3.12/site-packages/airflow/example_dags/example_skip_dag.py
[2024-05-11T16:04:14.563+0000] {processor.py:830} INFO - Processing file /home/airflow/.local/lib/python3.12/site-packages/airflow/example_dags/example_skip_dag.py for tasks to queue
[2024-05-11T16:04:14.565+0000] {logging_mixin.py:188} INFO - [2024-05-11T16:04:14.564+0000] {dagbag.py:545} INFO - Filling up the DagBag from /home/airflow/.local/lib/python3.12/site-packages/airflow/example_dags/example_skip_dag.py
[2024-05-11T16:04:14.572+0000] {processor.py:840} INFO - DAG(s) 'example_skip_dag' retrieved from /home/airflow/.local/lib/python3.12/site-packages/airflow/example_dags/example_skip_dag.py
[2024-05-11T16:04:14.606+0000] {logging_mixin.py:188} INFO - [2024-05-11T16:04:14.606+0000] {dag.py:3096} INFO - Sync 1 DAGs
[2024-05-11T16:04:14.646+0000] {logging_mixin.py:188} INFO - [2024-05-11T16:04:14.646+0000] {dag.py:3954} INFO - Setting next_dagrun for example_skip_dag to 2024-05-10 00:00:00+00:00, run_after=2024-05-11 00:00:00+00:00
[2024-05-11T16:04:14.701+0000] {processor.py:183} INFO - Processing /home/airflow/.local/lib/python3.12/site-packages/airflow/example_dags/example_skip_dag.py took 0.151 seconds
[2024-05-11T16:04:45.486+0000] {processor.py:161} INFO - Started process (PID=180) to work on /home/airflow/.local/lib/python3.12/site-packages/airflow/example_dags/example_skip_dag.py
[2024-05-11T16:04:45.487+0000] {processor.py:830} INFO - Processing file /home/airflow/.local/lib/python3.12/site-packages/airflow/example_dags/example_skip_dag.py for tasks to queue
[2024-05-11T16:04:45.488+0000] {logging_mixin.py:188} INFO - [2024-05-11T16:04:45.488+0000] {dagbag.py:545} INFO - Filling up the DagBag from /home/airflow/.local/lib/python3.12/site-packages/airflow/example_dags/example_skip_dag.py
[2024-05-11T16:04:45.494+0000] {processor.py:840} INFO - DAG(s) 'example_skip_dag' retrieved from /home/airflow/.local/lib/python3.12/site-packages/airflow/example_dags/example_skip_dag.py
[2024-05-11T16:04:45.511+0000] {logging_mixin.py:188} INFO - [2024-05-11T16:04:45.511+0000] {dag.py:3096} INFO - Sync 1 DAGs
[2024-05-11T16:04:45.530+0000] {logging_mixin.py:188} INFO - [2024-05-11T16:04:45.530+0000] {dag.py:3954} INFO - Setting next_dagrun for example_skip_dag to 2024-05-10 00:00:00+00:00, run_after=2024-05-11 00:00:00+00:00
[2024-05-11T16:04:45.548+0000] {processor.py:183} INFO - Processing /home/airflow/.local/lib/python3.12/site-packages/airflow/example_dags/example_skip_dag.py took 0.066 seconds
[2024-05-11T16:05:15.772+0000] {processor.py:161} INFO - Started process (PID=238) to work on /home/airflow/.local/lib/python3.12/site-packages/airflow/example_dags/example_skip_dag.py
[2024-05-11T16:05:15.773+0000] {processor.py:830} INFO - Processing file /home/airflow/.local/lib/python3.12/site-packages/airflow/example_dags/example_skip_dag.py for tasks to queue
[2024-05-11T16:05:15.774+0000] {logging_mixin.py:188} INFO - [2024-05-11T16:05:15.774+0000] {dagbag.py:545} INFO - Filling up the DagBag from /home/airflow/.local/lib/python3.12/site-packages/airflow/example_dags/example_skip_dag.py
[2024-05-11T16:05:15.779+0000] {processor.py:840} INFO - DAG(s) 'example_skip_dag' retrieved from /home/airflow/.local/lib/python3.12/site-packages/airflow/example_dags/example_skip_dag.py
[2024-05-11T16:05:15.796+0000] {logging_mixin.py:188} INFO - [2024-05-11T16:05:15.796+0000] {dag.py:3096} INFO - Sync 1 DAGs
[2024-05-11T16:05:15.816+0000] {logging_mixin.py:188} INFO - [2024-05-11T16:05:15.816+0000] {dag.py:3954} INFO - Setting next_dagrun for example_skip_dag to 2024-05-10 00:00:00+00:00, run_after=2024-05-11 00:00:00+00:00
[2024-05-11T16:05:15.834+0000] {processor.py:183} INFO - Processing /home/airflow/.local/lib/python3.12/site-packages/airflow/example_dags/example_skip_dag.py took 0.066 seconds
[2024-05-11T16:05:46.404+0000] {processor.py:161} INFO - Started process (PID=296) to work on /home/airflow/.local/lib/python3.12/site-packages/airflow/example_dags/example_skip_dag.py
[2024-05-11T16:05:46.405+0000] {processor.py:830} INFO - Processing file /home/airflow/.local/lib/python3.12/site-packages/airflow/example_dags/example_skip_dag.py for tasks to queue
[2024-05-11T16:05:46.407+0000] {logging_mixin.py:188} INFO - [2024-05-11T16:05:46.407+0000] {dagbag.py:545} INFO - Filling up the DagBag from /home/airflow/.local/lib/python3.12/site-packages/airflow/example_dags/example_skip_dag.py
[2024-05-11T16:05:46.413+0000] {processor.py:840} INFO - DAG(s) 'example_skip_dag' retrieved from /home/airflow/.local/lib/python3.12/site-packages/airflow/example_dags/example_skip_dag.py
[2024-05-11T16:05:46.435+0000] {logging_mixin.py:188} INFO - [2024-05-11T16:05:46.435+0000] {dag.py:3096} INFO - Sync 1 DAGs
[2024-05-11T16:05:46.460+0000] {logging_mixin.py:188} INFO - [2024-05-11T16:05:46.459+0000] {dag.py:3954} INFO - Setting next_dagrun for example_skip_dag to 2024-05-10 00:00:00+00:00, run_after=2024-05-11 00:00:00+00:00
[2024-05-11T16:05:46.482+0000] {processor.py:183} INFO - Processing /home/airflow/.local/lib/python3.12/site-packages/airflow/example_dags/example_skip_dag.py took 0.083 seconds
