[2024-05-11T11:30:37.387+0000] {processor.py:161} INFO - Started process (PID=64) to work on /home/airflow/.local/lib/python3.12/site-packages/airflow/example_dags/example_python_decorator.py
[2024-05-11T11:30:37.390+0000] {processor.py:830} INFO - Processing file /home/airflow/.local/lib/python3.12/site-packages/airflow/example_dags/example_python_decorator.py for tasks to queue
[2024-05-11T11:30:37.394+0000] {logging_mixin.py:188} INFO - [2024-05-11T11:30:37.393+0000] {dagbag.py:545} INFO - Filling up the DagBag from /home/airflow/.local/lib/python3.12/site-packages/airflow/example_dags/example_python_decorator.py
[2024-05-11T11:30:37.541+0000] {processor.py:840} INFO - DAG(s) 'example_python_decorator' retrieved from /home/airflow/.local/lib/python3.12/site-packages/airflow/example_dags/example_python_decorator.py
[2024-05-11T11:30:38.848+0000] {logging_mixin.py:188} INFO - [2024-05-11T11:30:38.810+0000] {override.py:1829} INFO - Created Permission View: can edit on DAG:example_python_decorator
[2024-05-11T11:30:38.920+0000] {logging_mixin.py:188} INFO - [2024-05-11T11:30:38.918+0000] {override.py:1829} INFO - Created Permission View: can read on DAG:example_python_decorator
[2024-05-11T11:30:38.942+0000] {logging_mixin.py:188} INFO - [2024-05-11T11:30:38.940+0000] {override.py:1829} INFO - Created Permission View: can delete on DAG:example_python_decorator
[2024-05-11T11:30:38.943+0000] {logging_mixin.py:188} INFO - [2024-05-11T11:30:38.943+0000] {dag.py:3096} INFO - Sync 1 DAGs
[2024-05-11T11:30:39.086+0000] {logging_mixin.py:188} INFO - [2024-05-11T11:30:39.086+0000] {dag.py:3118} INFO - Creating ORM DAG for example_python_decorator
[2024-05-11T11:30:39.113+0000] {logging_mixin.py:188} INFO - [2024-05-11T11:30:39.113+0000] {dag.py:3954} INFO - Setting next_dagrun for example_python_decorator to None, run_after=None
[2024-05-11T11:30:39.185+0000] {processor.py:183} INFO - Processing /home/airflow/.local/lib/python3.12/site-packages/airflow/example_dags/example_python_decorator.py took 1.843 seconds
[2024-05-11T11:31:13.543+0000] {processor.py:161} INFO - Started process (PID=122) to work on /home/airflow/.local/lib/python3.12/site-packages/airflow/example_dags/example_python_decorator.py
[2024-05-11T11:31:13.544+0000] {processor.py:830} INFO - Processing file /home/airflow/.local/lib/python3.12/site-packages/airflow/example_dags/example_python_decorator.py for tasks to queue
[2024-05-11T11:31:13.546+0000] {logging_mixin.py:188} INFO - [2024-05-11T11:31:13.546+0000] {dagbag.py:545} INFO - Filling up the DagBag from /home/airflow/.local/lib/python3.12/site-packages/airflow/example_dags/example_python_decorator.py
[2024-05-11T11:31:13.562+0000] {processor.py:840} INFO - DAG(s) 'example_python_decorator' retrieved from /home/airflow/.local/lib/python3.12/site-packages/airflow/example_dags/example_python_decorator.py
[2024-05-11T11:31:13.596+0000] {logging_mixin.py:188} INFO - [2024-05-11T11:31:13.595+0000] {dag.py:3096} INFO - Sync 1 DAGs
[2024-05-11T11:31:13.625+0000] {logging_mixin.py:188} INFO - [2024-05-11T11:31:13.625+0000] {dag.py:3954} INFO - Setting next_dagrun for example_python_decorator to None, run_after=None
[2024-05-11T11:31:13.653+0000] {processor.py:183} INFO - Processing /home/airflow/.local/lib/python3.12/site-packages/airflow/example_dags/example_python_decorator.py took 0.116 seconds
[2024-05-11T11:31:43.816+0000] {processor.py:161} INFO - Started process (PID=178) to work on /home/airflow/.local/lib/python3.12/site-packages/airflow/example_dags/example_python_decorator.py
[2024-05-11T11:31:43.818+0000] {processor.py:830} INFO - Processing file /home/airflow/.local/lib/python3.12/site-packages/airflow/example_dags/example_python_decorator.py for tasks to queue
[2024-05-11T11:31:43.821+0000] {logging_mixin.py:188} INFO - [2024-05-11T11:31:43.820+0000] {dagbag.py:545} INFO - Filling up the DagBag from /home/airflow/.local/lib/python3.12/site-packages/airflow/example_dags/example_python_decorator.py
[2024-05-11T11:31:43.838+0000] {processor.py:840} INFO - DAG(s) 'example_python_decorator' retrieved from /home/airflow/.local/lib/python3.12/site-packages/airflow/example_dags/example_python_decorator.py
[2024-05-11T11:31:43.866+0000] {logging_mixin.py:188} INFO - [2024-05-11T11:31:43.866+0000] {dag.py:3096} INFO - Sync 1 DAGs
[2024-05-11T11:31:43.885+0000] {logging_mixin.py:188} INFO - [2024-05-11T11:31:43.884+0000] {dag.py:3954} INFO - Setting next_dagrun for example_python_decorator to None, run_after=None
[2024-05-11T11:31:43.908+0000] {processor.py:183} INFO - Processing /home/airflow/.local/lib/python3.12/site-packages/airflow/example_dags/example_python_decorator.py took 0.100 seconds
[2024-05-11T11:32:14.799+0000] {processor.py:161} INFO - Started process (PID=236) to work on /home/airflow/.local/lib/python3.12/site-packages/airflow/example_dags/example_python_decorator.py
[2024-05-11T11:32:14.800+0000] {processor.py:830} INFO - Processing file /home/airflow/.local/lib/python3.12/site-packages/airflow/example_dags/example_python_decorator.py for tasks to queue
[2024-05-11T11:32:14.801+0000] {logging_mixin.py:188} INFO - [2024-05-11T11:32:14.801+0000] {dagbag.py:545} INFO - Filling up the DagBag from /home/airflow/.local/lib/python3.12/site-packages/airflow/example_dags/example_python_decorator.py
[2024-05-11T11:32:14.814+0000] {processor.py:840} INFO - DAG(s) 'example_python_decorator' retrieved from /home/airflow/.local/lib/python3.12/site-packages/airflow/example_dags/example_python_decorator.py
[2024-05-11T11:32:14.838+0000] {logging_mixin.py:188} INFO - [2024-05-11T11:32:14.838+0000] {dag.py:3096} INFO - Sync 1 DAGs
[2024-05-11T11:32:14.853+0000] {logging_mixin.py:188} INFO - [2024-05-11T11:32:14.853+0000] {dag.py:3954} INFO - Setting next_dagrun for example_python_decorator to None, run_after=None
[2024-05-11T11:32:14.870+0000] {processor.py:183} INFO - Processing /home/airflow/.local/lib/python3.12/site-packages/airflow/example_dags/example_python_decorator.py took 0.076 seconds
[2024-05-11T11:32:44.936+0000] {processor.py:161} INFO - Started process (PID=294) to work on /home/airflow/.local/lib/python3.12/site-packages/airflow/example_dags/example_python_decorator.py
[2024-05-11T11:32:44.937+0000] {processor.py:830} INFO - Processing file /home/airflow/.local/lib/python3.12/site-packages/airflow/example_dags/example_python_decorator.py for tasks to queue
[2024-05-11T11:32:44.940+0000] {logging_mixin.py:188} INFO - [2024-05-11T11:32:44.939+0000] {dagbag.py:545} INFO - Filling up the DagBag from /home/airflow/.local/lib/python3.12/site-packages/airflow/example_dags/example_python_decorator.py
[2024-05-11T11:32:44.957+0000] {processor.py:840} INFO - DAG(s) 'example_python_decorator' retrieved from /home/airflow/.local/lib/python3.12/site-packages/airflow/example_dags/example_python_decorator.py
[2024-05-11T11:32:44.982+0000] {logging_mixin.py:188} INFO - [2024-05-11T11:32:44.982+0000] {dag.py:3096} INFO - Sync 1 DAGs
[2024-05-11T11:32:44.996+0000] {logging_mixin.py:188} INFO - [2024-05-11T11:32:44.996+0000] {dag.py:3954} INFO - Setting next_dagrun for example_python_decorator to None, run_after=None
[2024-05-11T11:32:45.017+0000] {processor.py:183} INFO - Processing /home/airflow/.local/lib/python3.12/site-packages/airflow/example_dags/example_python_decorator.py took 0.088 seconds
[2024-05-11T11:33:15.522+0000] {processor.py:161} INFO - Started process (PID=352) to work on /home/airflow/.local/lib/python3.12/site-packages/airflow/example_dags/example_python_decorator.py
[2024-05-11T11:33:15.523+0000] {processor.py:830} INFO - Processing file /home/airflow/.local/lib/python3.12/site-packages/airflow/example_dags/example_python_decorator.py for tasks to queue
[2024-05-11T11:33:15.526+0000] {logging_mixin.py:188} INFO - [2024-05-11T11:33:15.525+0000] {dagbag.py:545} INFO - Filling up the DagBag from /home/airflow/.local/lib/python3.12/site-packages/airflow/example_dags/example_python_decorator.py
[2024-05-11T11:33:15.542+0000] {processor.py:840} INFO - DAG(s) 'example_python_decorator' retrieved from /home/airflow/.local/lib/python3.12/site-packages/airflow/example_dags/example_python_decorator.py
[2024-05-11T11:33:15.571+0000] {logging_mixin.py:188} INFO - [2024-05-11T11:33:15.570+0000] {dag.py:3096} INFO - Sync 1 DAGs
[2024-05-11T11:33:15.585+0000] {logging_mixin.py:188} INFO - [2024-05-11T11:33:15.585+0000] {dag.py:3954} INFO - Setting next_dagrun for example_python_decorator to None, run_after=None
[2024-05-11T11:33:15.609+0000] {processor.py:183} INFO - Processing /home/airflow/.local/lib/python3.12/site-packages/airflow/example_dags/example_python_decorator.py took 0.095 seconds
[2024-05-11T11:33:46.295+0000] {processor.py:161} INFO - Started process (PID=410) to work on /home/airflow/.local/lib/python3.12/site-packages/airflow/example_dags/example_python_decorator.py
[2024-05-11T11:33:46.297+0000] {processor.py:830} INFO - Processing file /home/airflow/.local/lib/python3.12/site-packages/airflow/example_dags/example_python_decorator.py for tasks to queue
[2024-05-11T11:33:46.299+0000] {logging_mixin.py:188} INFO - [2024-05-11T11:33:46.299+0000] {dagbag.py:545} INFO - Filling up the DagBag from /home/airflow/.local/lib/python3.12/site-packages/airflow/example_dags/example_python_decorator.py
[2024-05-11T11:33:46.315+0000] {processor.py:840} INFO - DAG(s) 'example_python_decorator' retrieved from /home/airflow/.local/lib/python3.12/site-packages/airflow/example_dags/example_python_decorator.py
[2024-05-11T11:33:46.339+0000] {logging_mixin.py:188} INFO - [2024-05-11T11:33:46.339+0000] {dag.py:3096} INFO - Sync 1 DAGs
[2024-05-11T11:33:46.355+0000] {logging_mixin.py:188} INFO - [2024-05-11T11:33:46.354+0000] {dag.py:3954} INFO - Setting next_dagrun for example_python_decorator to None, run_after=None
[2024-05-11T11:33:46.374+0000] {processor.py:183} INFO - Processing /home/airflow/.local/lib/python3.12/site-packages/airflow/example_dags/example_python_decorator.py took 0.086 seconds
[2024-05-11T11:34:17.027+0000] {processor.py:161} INFO - Started process (PID=468) to work on /home/airflow/.local/lib/python3.12/site-packages/airflow/example_dags/example_python_decorator.py
[2024-05-11T11:34:17.028+0000] {processor.py:830} INFO - Processing file /home/airflow/.local/lib/python3.12/site-packages/airflow/example_dags/example_python_decorator.py for tasks to queue
[2024-05-11T11:34:17.031+0000] {logging_mixin.py:188} INFO - [2024-05-11T11:34:17.030+0000] {dagbag.py:545} INFO - Filling up the DagBag from /home/airflow/.local/lib/python3.12/site-packages/airflow/example_dags/example_python_decorator.py
[2024-05-11T11:34:17.053+0000] {processor.py:840} INFO - DAG(s) 'example_python_decorator' retrieved from /home/airflow/.local/lib/python3.12/site-packages/airflow/example_dags/example_python_decorator.py
[2024-05-11T11:34:17.069+0000] {logging_mixin.py:188} INFO - [2024-05-11T11:34:17.068+0000] {dag.py:3096} INFO - Sync 1 DAGs
[2024-05-11T11:34:17.090+0000] {logging_mixin.py:188} INFO - [2024-05-11T11:34:17.089+0000] {dag.py:3954} INFO - Setting next_dagrun for example_python_decorator to None, run_after=None
[2024-05-11T11:34:17.117+0000] {processor.py:183} INFO - Processing /home/airflow/.local/lib/python3.12/site-packages/airflow/example_dags/example_python_decorator.py took 0.097 seconds
[2024-05-11T11:34:47.690+0000] {processor.py:161} INFO - Started process (PID=526) to work on /home/airflow/.local/lib/python3.12/site-packages/airflow/example_dags/example_python_decorator.py
[2024-05-11T11:34:47.691+0000] {processor.py:830} INFO - Processing file /home/airflow/.local/lib/python3.12/site-packages/airflow/example_dags/example_python_decorator.py for tasks to queue
[2024-05-11T11:34:47.692+0000] {logging_mixin.py:188} INFO - [2024-05-11T11:34:47.692+0000] {dagbag.py:545} INFO - Filling up the DagBag from /home/airflow/.local/lib/python3.12/site-packages/airflow/example_dags/example_python_decorator.py
[2024-05-11T11:34:47.704+0000] {processor.py:840} INFO - DAG(s) 'example_python_decorator' retrieved from /home/airflow/.local/lib/python3.12/site-packages/airflow/example_dags/example_python_decorator.py
[2024-05-11T11:34:47.794+0000] {logging_mixin.py:188} INFO - [2024-05-11T11:34:47.794+0000] {dag.py:3096} INFO - Sync 1 DAGs
[2024-05-11T11:34:47.804+0000] {logging_mixin.py:188} INFO - [2024-05-11T11:34:47.804+0000] {dag.py:3954} INFO - Setting next_dagrun for example_python_decorator to None, run_after=None
[2024-05-11T11:34:47.822+0000] {processor.py:183} INFO - Processing /home/airflow/.local/lib/python3.12/site-packages/airflow/example_dags/example_python_decorator.py took 0.136 seconds
[2024-05-11T15:07:41.183+0000] {processor.py:161} INFO - Started process (PID=46) to work on /home/airflow/.local/lib/python3.12/site-packages/airflow/example_dags/example_python_decorator.py
[2024-05-11T15:07:41.185+0000] {processor.py:830} INFO - Processing file /home/airflow/.local/lib/python3.12/site-packages/airflow/example_dags/example_python_decorator.py for tasks to queue
[2024-05-11T15:07:41.187+0000] {logging_mixin.py:188} INFO - [2024-05-11T15:07:41.187+0000] {dagbag.py:545} INFO - Filling up the DagBag from /home/airflow/.local/lib/python3.12/site-packages/airflow/example_dags/example_python_decorator.py
[2024-05-11T15:07:41.204+0000] {processor.py:840} INFO - DAG(s) 'example_python_decorator' retrieved from /home/airflow/.local/lib/python3.12/site-packages/airflow/example_dags/example_python_decorator.py
[2024-05-11T15:07:41.318+0000] {logging_mixin.py:188} INFO - [2024-05-11T15:07:41.318+0000] {dag.py:3096} INFO - Sync 1 DAGs
[2024-05-11T15:07:41.329+0000] {logging_mixin.py:188} INFO - [2024-05-11T15:07:41.329+0000] {dag.py:3954} INFO - Setting next_dagrun for example_python_decorator to None, run_after=None
[2024-05-11T15:07:41.363+0000] {processor.py:183} INFO - Processing /home/airflow/.local/lib/python3.12/site-packages/airflow/example_dags/example_python_decorator.py took 0.188 seconds
[2024-05-11T15:08:11.421+0000] {processor.py:161} INFO - Started process (PID=104) to work on /home/airflow/.local/lib/python3.12/site-packages/airflow/example_dags/example_python_decorator.py
[2024-05-11T15:08:11.423+0000] {processor.py:830} INFO - Processing file /home/airflow/.local/lib/python3.12/site-packages/airflow/example_dags/example_python_decorator.py for tasks to queue
[2024-05-11T15:08:11.425+0000] {logging_mixin.py:188} INFO - [2024-05-11T15:08:11.424+0000] {dagbag.py:545} INFO - Filling up the DagBag from /home/airflow/.local/lib/python3.12/site-packages/airflow/example_dags/example_python_decorator.py
[2024-05-11T15:08:11.436+0000] {processor.py:840} INFO - DAG(s) 'example_python_decorator' retrieved from /home/airflow/.local/lib/python3.12/site-packages/airflow/example_dags/example_python_decorator.py
[2024-05-11T15:08:11.461+0000] {logging_mixin.py:188} INFO - [2024-05-11T15:08:11.460+0000] {dag.py:3096} INFO - Sync 1 DAGs
[2024-05-11T15:08:11.472+0000] {logging_mixin.py:188} INFO - [2024-05-11T15:08:11.472+0000] {dag.py:3954} INFO - Setting next_dagrun for example_python_decorator to None, run_after=None
[2024-05-11T15:08:11.490+0000] {processor.py:183} INFO - Processing /home/airflow/.local/lib/python3.12/site-packages/airflow/example_dags/example_python_decorator.py took 0.074 seconds
[2024-05-11T15:18:27.491+0000] {processor.py:161} INFO - Started process (PID=46) to work on /home/airflow/.local/lib/python3.12/site-packages/airflow/example_dags/example_python_decorator.py
[2024-05-11T15:18:27.492+0000] {processor.py:830} INFO - Processing file /home/airflow/.local/lib/python3.12/site-packages/airflow/example_dags/example_python_decorator.py for tasks to queue
[2024-05-11T15:18:27.494+0000] {logging_mixin.py:188} INFO - [2024-05-11T15:18:27.493+0000] {dagbag.py:545} INFO - Filling up the DagBag from /home/airflow/.local/lib/python3.12/site-packages/airflow/example_dags/example_python_decorator.py
[2024-05-11T15:18:27.514+0000] {processor.py:840} INFO - DAG(s) 'example_python_decorator' retrieved from /home/airflow/.local/lib/python3.12/site-packages/airflow/example_dags/example_python_decorator.py
[2024-05-11T15:18:27.528+0000] {logging_mixin.py:188} INFO - [2024-05-11T15:18:27.528+0000] {dag.py:3096} INFO - Sync 1 DAGs
[2024-05-11T15:18:27.543+0000] {logging_mixin.py:188} INFO - [2024-05-11T15:18:27.542+0000] {dag.py:3954} INFO - Setting next_dagrun for example_python_decorator to None, run_after=None
[2024-05-11T15:18:27.560+0000] {processor.py:183} INFO - Processing /home/airflow/.local/lib/python3.12/site-packages/airflow/example_dags/example_python_decorator.py took 0.079 seconds
[2024-05-11T15:18:58.605+0000] {processor.py:161} INFO - Started process (PID=104) to work on /home/airflow/.local/lib/python3.12/site-packages/airflow/example_dags/example_python_decorator.py
[2024-05-11T15:18:58.606+0000] {processor.py:830} INFO - Processing file /home/airflow/.local/lib/python3.12/site-packages/airflow/example_dags/example_python_decorator.py for tasks to queue
[2024-05-11T15:18:58.608+0000] {logging_mixin.py:188} INFO - [2024-05-11T15:18:58.608+0000] {dagbag.py:545} INFO - Filling up the DagBag from /home/airflow/.local/lib/python3.12/site-packages/airflow/example_dags/example_python_decorator.py
[2024-05-11T15:18:58.622+0000] {processor.py:840} INFO - DAG(s) 'example_python_decorator' retrieved from /home/airflow/.local/lib/python3.12/site-packages/airflow/example_dags/example_python_decorator.py
[2024-05-11T15:18:58.632+0000] {logging_mixin.py:188} INFO - [2024-05-11T15:18:58.632+0000] {dag.py:3096} INFO - Sync 1 DAGs
[2024-05-11T15:18:58.645+0000] {logging_mixin.py:188} INFO - [2024-05-11T15:18:58.645+0000] {dag.py:3954} INFO - Setting next_dagrun for example_python_decorator to None, run_after=None
[2024-05-11T15:18:58.663+0000] {processor.py:183} INFO - Processing /home/airflow/.local/lib/python3.12/site-packages/airflow/example_dags/example_python_decorator.py took 0.064 seconds
[2024-05-11T15:19:29.419+0000] {processor.py:161} INFO - Started process (PID=162) to work on /home/airflow/.local/lib/python3.12/site-packages/airflow/example_dags/example_python_decorator.py
[2024-05-11T15:19:29.420+0000] {processor.py:830} INFO - Processing file /home/airflow/.local/lib/python3.12/site-packages/airflow/example_dags/example_python_decorator.py for tasks to queue
[2024-05-11T15:19:29.422+0000] {logging_mixin.py:188} INFO - [2024-05-11T15:19:29.422+0000] {dagbag.py:545} INFO - Filling up the DagBag from /home/airflow/.local/lib/python3.12/site-packages/airflow/example_dags/example_python_decorator.py
[2024-05-11T15:19:29.433+0000] {processor.py:840} INFO - DAG(s) 'example_python_decorator' retrieved from /home/airflow/.local/lib/python3.12/site-packages/airflow/example_dags/example_python_decorator.py
[2024-05-11T15:19:29.528+0000] {logging_mixin.py:188} INFO - [2024-05-11T15:19:29.528+0000] {dag.py:3096} INFO - Sync 1 DAGs
[2024-05-11T15:19:29.538+0000] {logging_mixin.py:188} INFO - [2024-05-11T15:19:29.538+0000] {dag.py:3954} INFO - Setting next_dagrun for example_python_decorator to None, run_after=None
[2024-05-11T15:19:29.556+0000] {processor.py:183} INFO - Processing /home/airflow/.local/lib/python3.12/site-packages/airflow/example_dags/example_python_decorator.py took 0.141 seconds
[2024-05-11T15:20:00.517+0000] {processor.py:161} INFO - Started process (PID=220) to work on /home/airflow/.local/lib/python3.12/site-packages/airflow/example_dags/example_python_decorator.py
[2024-05-11T15:20:00.517+0000] {processor.py:830} INFO - Processing file /home/airflow/.local/lib/python3.12/site-packages/airflow/example_dags/example_python_decorator.py for tasks to queue
[2024-05-11T15:20:00.519+0000] {logging_mixin.py:188} INFO - [2024-05-11T15:20:00.519+0000] {dagbag.py:545} INFO - Filling up the DagBag from /home/airflow/.local/lib/python3.12/site-packages/airflow/example_dags/example_python_decorator.py
[2024-05-11T15:20:00.530+0000] {processor.py:840} INFO - DAG(s) 'example_python_decorator' retrieved from /home/airflow/.local/lib/python3.12/site-packages/airflow/example_dags/example_python_decorator.py
[2024-05-11T15:20:00.547+0000] {logging_mixin.py:188} INFO - [2024-05-11T15:20:00.546+0000] {dag.py:3096} INFO - Sync 1 DAGs
[2024-05-11T15:20:00.557+0000] {logging_mixin.py:188} INFO - [2024-05-11T15:20:00.557+0000] {dag.py:3954} INFO - Setting next_dagrun for example_python_decorator to None, run_after=None
[2024-05-11T15:20:00.575+0000] {processor.py:183} INFO - Processing /home/airflow/.local/lib/python3.12/site-packages/airflow/example_dags/example_python_decorator.py took 0.063 seconds
[2024-05-11T15:20:30.844+0000] {processor.py:161} INFO - Started process (PID=278) to work on /home/airflow/.local/lib/python3.12/site-packages/airflow/example_dags/example_python_decorator.py
[2024-05-11T15:20:30.845+0000] {processor.py:830} INFO - Processing file /home/airflow/.local/lib/python3.12/site-packages/airflow/example_dags/example_python_decorator.py for tasks to queue
[2024-05-11T15:20:30.849+0000] {logging_mixin.py:188} INFO - [2024-05-11T15:20:30.848+0000] {dagbag.py:545} INFO - Filling up the DagBag from /home/airflow/.local/lib/python3.12/site-packages/airflow/example_dags/example_python_decorator.py
[2024-05-11T15:20:30.904+0000] {processor.py:840} INFO - DAG(s) 'example_python_decorator' retrieved from /home/airflow/.local/lib/python3.12/site-packages/airflow/example_dags/example_python_decorator.py
[2024-05-11T15:20:30.963+0000] {logging_mixin.py:188} INFO - [2024-05-11T15:20:30.962+0000] {dag.py:3096} INFO - Sync 1 DAGs
[2024-05-11T15:20:31.008+0000] {logging_mixin.py:188} INFO - [2024-05-11T15:20:31.007+0000] {dag.py:3954} INFO - Setting next_dagrun for example_python_decorator to None, run_after=None
[2024-05-11T15:20:31.042+0000] {processor.py:183} INFO - Processing /home/airflow/.local/lib/python3.12/site-packages/airflow/example_dags/example_python_decorator.py took 0.204 seconds
[2024-05-11T15:26:50.027+0000] {processor.py:161} INFO - Started process (PID=47) to work on /home/airflow/.local/lib/python3.12/site-packages/airflow/example_dags/example_python_decorator.py
[2024-05-11T15:26:50.029+0000] {processor.py:830} INFO - Processing file /home/airflow/.local/lib/python3.12/site-packages/airflow/example_dags/example_python_decorator.py for tasks to queue
[2024-05-11T15:26:50.034+0000] {logging_mixin.py:188} INFO - [2024-05-11T15:26:50.033+0000] {dagbag.py:545} INFO - Filling up the DagBag from /home/airflow/.local/lib/python3.12/site-packages/airflow/example_dags/example_python_decorator.py
[2024-05-11T15:26:50.053+0000] {processor.py:840} INFO - DAG(s) 'example_python_decorator' retrieved from /home/airflow/.local/lib/python3.12/site-packages/airflow/example_dags/example_python_decorator.py
[2024-05-11T15:26:50.184+0000] {logging_mixin.py:188} INFO - [2024-05-11T15:26:50.184+0000] {dag.py:3096} INFO - Sync 1 DAGs
[2024-05-11T15:26:50.199+0000] {logging_mixin.py:188} INFO - [2024-05-11T15:26:50.199+0000] {dag.py:3954} INFO - Setting next_dagrun for example_python_decorator to None, run_after=None
[2024-05-11T15:26:50.237+0000] {processor.py:183} INFO - Processing /home/airflow/.local/lib/python3.12/site-packages/airflow/example_dags/example_python_decorator.py took 0.220 seconds
[2024-05-11T15:27:22.090+0000] {processor.py:161} INFO - Started process (PID=112) to work on /home/airflow/.local/lib/python3.12/site-packages/airflow/example_dags/example_python_decorator.py
[2024-05-11T15:27:22.091+0000] {processor.py:830} INFO - Processing file /home/airflow/.local/lib/python3.12/site-packages/airflow/example_dags/example_python_decorator.py for tasks to queue
[2024-05-11T15:27:22.094+0000] {logging_mixin.py:188} INFO - [2024-05-11T15:27:22.093+0000] {dagbag.py:545} INFO - Filling up the DagBag from /home/airflow/.local/lib/python3.12/site-packages/airflow/example_dags/example_python_decorator.py
[2024-05-11T15:27:22.148+0000] {processor.py:840} INFO - DAG(s) 'example_python_decorator' retrieved from /home/airflow/.local/lib/python3.12/site-packages/airflow/example_dags/example_python_decorator.py
[2024-05-11T15:27:22.186+0000] {logging_mixin.py:188} INFO - [2024-05-11T15:27:22.185+0000] {dag.py:3096} INFO - Sync 1 DAGs
[2024-05-11T15:27:22.208+0000] {logging_mixin.py:188} INFO - [2024-05-11T15:27:22.208+0000] {dag.py:3954} INFO - Setting next_dagrun for example_python_decorator to None, run_after=None
[2024-05-11T15:27:22.246+0000] {processor.py:183} INFO - Processing /home/airflow/.local/lib/python3.12/site-packages/airflow/example_dags/example_python_decorator.py took 0.167 seconds
[2024-05-11T15:27:52.398+0000] {processor.py:161} INFO - Started process (PID=170) to work on /home/airflow/.local/lib/python3.12/site-packages/airflow/example_dags/example_python_decorator.py
[2024-05-11T15:27:52.406+0000] {processor.py:830} INFO - Processing file /home/airflow/.local/lib/python3.12/site-packages/airflow/example_dags/example_python_decorator.py for tasks to queue
[2024-05-11T15:27:52.408+0000] {logging_mixin.py:188} INFO - [2024-05-11T15:27:52.408+0000] {dagbag.py:545} INFO - Filling up the DagBag from /home/airflow/.local/lib/python3.12/site-packages/airflow/example_dags/example_python_decorator.py
[2024-05-11T15:27:52.419+0000] {processor.py:840} INFO - DAG(s) 'example_python_decorator' retrieved from /home/airflow/.local/lib/python3.12/site-packages/airflow/example_dags/example_python_decorator.py
[2024-05-11T15:27:52.437+0000] {logging_mixin.py:188} INFO - [2024-05-11T15:27:52.437+0000] {dag.py:3096} INFO - Sync 1 DAGs
[2024-05-11T15:27:52.448+0000] {logging_mixin.py:188} INFO - [2024-05-11T15:27:52.448+0000] {dag.py:3954} INFO - Setting next_dagrun for example_python_decorator to None, run_after=None
[2024-05-11T15:27:52.464+0000] {processor.py:183} INFO - Processing /home/airflow/.local/lib/python3.12/site-packages/airflow/example_dags/example_python_decorator.py took 0.070 seconds
[2024-05-11T15:28:22.525+0000] {processor.py:161} INFO - Started process (PID=228) to work on /home/airflow/.local/lib/python3.12/site-packages/airflow/example_dags/example_python_decorator.py
[2024-05-11T15:28:22.526+0000] {processor.py:830} INFO - Processing file /home/airflow/.local/lib/python3.12/site-packages/airflow/example_dags/example_python_decorator.py for tasks to queue
[2024-05-11T15:28:22.528+0000] {logging_mixin.py:188} INFO - [2024-05-11T15:28:22.528+0000] {dagbag.py:545} INFO - Filling up the DagBag from /home/airflow/.local/lib/python3.12/site-packages/airflow/example_dags/example_python_decorator.py
[2024-05-11T15:28:22.538+0000] {processor.py:840} INFO - DAG(s) 'example_python_decorator' retrieved from /home/airflow/.local/lib/python3.12/site-packages/airflow/example_dags/example_python_decorator.py
[2024-05-11T15:28:22.556+0000] {logging_mixin.py:188} INFO - [2024-05-11T15:28:22.556+0000] {dag.py:3096} INFO - Sync 1 DAGs
[2024-05-11T15:28:22.568+0000] {logging_mixin.py:188} INFO - [2024-05-11T15:28:22.567+0000] {dag.py:3954} INFO - Setting next_dagrun for example_python_decorator to None, run_after=None
[2024-05-11T15:28:22.584+0000] {processor.py:183} INFO - Processing /home/airflow/.local/lib/python3.12/site-packages/airflow/example_dags/example_python_decorator.py took 0.063 seconds
[2024-05-11T15:28:53.419+0000] {processor.py:161} INFO - Started process (PID=286) to work on /home/airflow/.local/lib/python3.12/site-packages/airflow/example_dags/example_python_decorator.py
[2024-05-11T15:28:53.421+0000] {processor.py:830} INFO - Processing file /home/airflow/.local/lib/python3.12/site-packages/airflow/example_dags/example_python_decorator.py for tasks to queue
[2024-05-11T15:28:53.439+0000] {logging_mixin.py:188} INFO - [2024-05-11T15:28:53.439+0000] {dagbag.py:545} INFO - Filling up the DagBag from /home/airflow/.local/lib/python3.12/site-packages/airflow/example_dags/example_python_decorator.py
[2024-05-11T15:28:53.486+0000] {processor.py:840} INFO - DAG(s) 'example_python_decorator' retrieved from /home/airflow/.local/lib/python3.12/site-packages/airflow/example_dags/example_python_decorator.py
[2024-05-11T15:28:53.621+0000] {logging_mixin.py:188} INFO - [2024-05-11T15:28:53.621+0000] {dag.py:3096} INFO - Sync 1 DAGs
[2024-05-11T15:28:53.805+0000] {logging_mixin.py:188} INFO - [2024-05-11T15:28:53.805+0000] {dag.py:3954} INFO - Setting next_dagrun for example_python_decorator to None, run_after=None
[2024-05-11T15:46:06.705+0000] {processor.py:161} INFO - Started process (PID=46) to work on /home/airflow/.local/lib/python3.12/site-packages/airflow/example_dags/example_python_decorator.py
[2024-05-11T15:46:06.717+0000] {processor.py:830} INFO - Processing file /home/airflow/.local/lib/python3.12/site-packages/airflow/example_dags/example_python_decorator.py for tasks to queue
[2024-05-11T15:46:06.719+0000] {logging_mixin.py:188} INFO - [2024-05-11T15:46:06.718+0000] {dagbag.py:545} INFO - Filling up the DagBag from /home/airflow/.local/lib/python3.12/site-packages/airflow/example_dags/example_python_decorator.py
[2024-05-11T15:46:06.734+0000] {processor.py:840} INFO - DAG(s) 'example_python_decorator' retrieved from /home/airflow/.local/lib/python3.12/site-packages/airflow/example_dags/example_python_decorator.py
[2024-05-11T15:46:06.857+0000] {logging_mixin.py:188} INFO - [2024-05-11T15:46:06.856+0000] {dag.py:3096} INFO - Sync 1 DAGs
[2024-05-11T15:46:06.871+0000] {logging_mixin.py:188} INFO - [2024-05-11T15:46:06.871+0000] {dag.py:3954} INFO - Setting next_dagrun for example_python_decorator to None, run_after=None
[2024-05-11T15:46:06.894+0000] {processor.py:183} INFO - Processing /home/airflow/.local/lib/python3.12/site-packages/airflow/example_dags/example_python_decorator.py took 0.194 seconds
[2024-05-11T15:46:37.120+0000] {processor.py:161} INFO - Started process (PID=104) to work on /home/airflow/.local/lib/python3.12/site-packages/airflow/example_dags/example_python_decorator.py
[2024-05-11T15:46:37.121+0000] {processor.py:830} INFO - Processing file /home/airflow/.local/lib/python3.12/site-packages/airflow/example_dags/example_python_decorator.py for tasks to queue
[2024-05-11T15:46:37.123+0000] {logging_mixin.py:188} INFO - [2024-05-11T15:46:37.123+0000] {dagbag.py:545} INFO - Filling up the DagBag from /home/airflow/.local/lib/python3.12/site-packages/airflow/example_dags/example_python_decorator.py
[2024-05-11T15:46:37.136+0000] {processor.py:840} INFO - DAG(s) 'example_python_decorator' retrieved from /home/airflow/.local/lib/python3.12/site-packages/airflow/example_dags/example_python_decorator.py
[2024-05-11T15:46:37.162+0000] {logging_mixin.py:188} INFO - [2024-05-11T15:46:37.162+0000] {dag.py:3096} INFO - Sync 1 DAGs
[2024-05-11T15:46:37.190+0000] {logging_mixin.py:188} INFO - [2024-05-11T15:46:37.189+0000] {dag.py:3954} INFO - Setting next_dagrun for example_python_decorator to None, run_after=None
[2024-05-11T15:46:37.224+0000] {processor.py:183} INFO - Processing /home/airflow/.local/lib/python3.12/site-packages/airflow/example_dags/example_python_decorator.py took 0.110 seconds
[2024-05-11T15:47:09.790+0000] {processor.py:161} INFO - Started process (PID=162) to work on /home/airflow/.local/lib/python3.12/site-packages/airflow/example_dags/example_python_decorator.py
[2024-05-11T15:47:09.825+0000] {processor.py:830} INFO - Processing file /home/airflow/.local/lib/python3.12/site-packages/airflow/example_dags/example_python_decorator.py for tasks to queue
[2024-05-11T15:47:09.827+0000] {logging_mixin.py:188} INFO - [2024-05-11T15:47:09.827+0000] {dagbag.py:545} INFO - Filling up the DagBag from /home/airflow/.local/lib/python3.12/site-packages/airflow/example_dags/example_python_decorator.py
[2024-05-11T15:47:09.839+0000] {processor.py:840} INFO - DAG(s) 'example_python_decorator' retrieved from /home/airflow/.local/lib/python3.12/site-packages/airflow/example_dags/example_python_decorator.py
[2024-05-11T15:47:09.861+0000] {logging_mixin.py:188} INFO - [2024-05-11T15:47:09.860+0000] {dag.py:3096} INFO - Sync 1 DAGs
[2024-05-11T15:47:09.875+0000] {logging_mixin.py:188} INFO - [2024-05-11T15:47:09.874+0000] {dag.py:3954} INFO - Setting next_dagrun for example_python_decorator to None, run_after=None
[2024-05-11T15:47:10.063+0000] {processor.py:183} INFO - Processing /home/airflow/.local/lib/python3.12/site-packages/airflow/example_dags/example_python_decorator.py took 0.278 seconds
[2024-05-11T15:47:40.502+0000] {processor.py:161} INFO - Started process (PID=220) to work on /home/airflow/.local/lib/python3.12/site-packages/airflow/example_dags/example_python_decorator.py
[2024-05-11T15:47:40.504+0000] {processor.py:830} INFO - Processing file /home/airflow/.local/lib/python3.12/site-packages/airflow/example_dags/example_python_decorator.py for tasks to queue
[2024-05-11T15:47:40.505+0000] {logging_mixin.py:188} INFO - [2024-05-11T15:47:40.505+0000] {dagbag.py:545} INFO - Filling up the DagBag from /home/airflow/.local/lib/python3.12/site-packages/airflow/example_dags/example_python_decorator.py
[2024-05-11T15:47:40.517+0000] {processor.py:840} INFO - DAG(s) 'example_python_decorator' retrieved from /home/airflow/.local/lib/python3.12/site-packages/airflow/example_dags/example_python_decorator.py
[2024-05-11T15:47:40.539+0000] {logging_mixin.py:188} INFO - [2024-05-11T15:47:40.539+0000] {dag.py:3096} INFO - Sync 1 DAGs
[2024-05-11T15:47:40.550+0000] {logging_mixin.py:188} INFO - [2024-05-11T15:47:40.550+0000] {dag.py:3954} INFO - Setting next_dagrun for example_python_decorator to None, run_after=None
[2024-05-11T15:47:40.566+0000] {processor.py:183} INFO - Processing /home/airflow/.local/lib/python3.12/site-packages/airflow/example_dags/example_python_decorator.py took 0.070 seconds
[2024-05-11T15:48:10.656+0000] {processor.py:161} INFO - Started process (PID=278) to work on /home/airflow/.local/lib/python3.12/site-packages/airflow/example_dags/example_python_decorator.py
[2024-05-11T15:48:10.657+0000] {processor.py:830} INFO - Processing file /home/airflow/.local/lib/python3.12/site-packages/airflow/example_dags/example_python_decorator.py for tasks to queue
[2024-05-11T15:48:10.658+0000] {logging_mixin.py:188} INFO - [2024-05-11T15:48:10.658+0000] {dagbag.py:545} INFO - Filling up the DagBag from /home/airflow/.local/lib/python3.12/site-packages/airflow/example_dags/example_python_decorator.py
[2024-05-11T15:48:10.670+0000] {processor.py:840} INFO - DAG(s) 'example_python_decorator' retrieved from /home/airflow/.local/lib/python3.12/site-packages/airflow/example_dags/example_python_decorator.py
[2024-05-11T15:48:10.691+0000] {logging_mixin.py:188} INFO - [2024-05-11T15:48:10.690+0000] {dag.py:3096} INFO - Sync 1 DAGs
[2024-05-11T15:48:10.703+0000] {logging_mixin.py:188} INFO - [2024-05-11T15:48:10.702+0000] {dag.py:3954} INFO - Setting next_dagrun for example_python_decorator to None, run_after=None
[2024-05-11T15:48:10.724+0000] {processor.py:183} INFO - Processing /home/airflow/.local/lib/python3.12/site-packages/airflow/example_dags/example_python_decorator.py took 0.074 seconds
[2024-05-11T15:48:40.918+0000] {processor.py:161} INFO - Started process (PID=336) to work on /home/airflow/.local/lib/python3.12/site-packages/airflow/example_dags/example_python_decorator.py
[2024-05-11T15:48:40.919+0000] {processor.py:830} INFO - Processing file /home/airflow/.local/lib/python3.12/site-packages/airflow/example_dags/example_python_decorator.py for tasks to queue
[2024-05-11T15:48:40.920+0000] {logging_mixin.py:188} INFO - [2024-05-11T15:48:40.920+0000] {dagbag.py:545} INFO - Filling up the DagBag from /home/airflow/.local/lib/python3.12/site-packages/airflow/example_dags/example_python_decorator.py
[2024-05-11T15:48:40.934+0000] {processor.py:840} INFO - DAG(s) 'example_python_decorator' retrieved from /home/airflow/.local/lib/python3.12/site-packages/airflow/example_dags/example_python_decorator.py
[2024-05-11T15:48:40.957+0000] {logging_mixin.py:188} INFO - [2024-05-11T15:48:40.957+0000] {dag.py:3096} INFO - Sync 1 DAGs
[2024-05-11T15:48:40.970+0000] {logging_mixin.py:188} INFO - [2024-05-11T15:48:40.970+0000] {dag.py:3954} INFO - Setting next_dagrun for example_python_decorator to None, run_after=None
[2024-05-11T15:48:40.990+0000] {processor.py:183} INFO - Processing /home/airflow/.local/lib/python3.12/site-packages/airflow/example_dags/example_python_decorator.py took 0.078 seconds
[2024-05-11T15:49:11.509+0000] {processor.py:161} INFO - Started process (PID=394) to work on /home/airflow/.local/lib/python3.12/site-packages/airflow/example_dags/example_python_decorator.py
[2024-05-11T15:49:11.510+0000] {processor.py:830} INFO - Processing file /home/airflow/.local/lib/python3.12/site-packages/airflow/example_dags/example_python_decorator.py for tasks to queue
[2024-05-11T15:49:11.511+0000] {logging_mixin.py:188} INFO - [2024-05-11T15:49:11.511+0000] {dagbag.py:545} INFO - Filling up the DagBag from /home/airflow/.local/lib/python3.12/site-packages/airflow/example_dags/example_python_decorator.py
[2024-05-11T15:49:11.525+0000] {processor.py:840} INFO - DAG(s) 'example_python_decorator' retrieved from /home/airflow/.local/lib/python3.12/site-packages/airflow/example_dags/example_python_decorator.py
[2024-05-11T15:49:11.546+0000] {logging_mixin.py:188} INFO - [2024-05-11T15:49:11.545+0000] {dag.py:3096} INFO - Sync 1 DAGs
[2024-05-11T15:49:11.559+0000] {logging_mixin.py:188} INFO - [2024-05-11T15:49:11.559+0000] {dag.py:3954} INFO - Setting next_dagrun for example_python_decorator to None, run_after=None
[2024-05-11T15:49:11.575+0000] {processor.py:183} INFO - Processing /home/airflow/.local/lib/python3.12/site-packages/airflow/example_dags/example_python_decorator.py took 0.071 seconds
[2024-05-11T15:49:41.675+0000] {processor.py:161} INFO - Started process (PID=452) to work on /home/airflow/.local/lib/python3.12/site-packages/airflow/example_dags/example_python_decorator.py
[2024-05-11T15:49:41.676+0000] {processor.py:830} INFO - Processing file /home/airflow/.local/lib/python3.12/site-packages/airflow/example_dags/example_python_decorator.py for tasks to queue
[2024-05-11T15:49:41.679+0000] {logging_mixin.py:188} INFO - [2024-05-11T15:49:41.678+0000] {dagbag.py:545} INFO - Filling up the DagBag from /home/airflow/.local/lib/python3.12/site-packages/airflow/example_dags/example_python_decorator.py
[2024-05-11T15:49:41.690+0000] {processor.py:840} INFO - DAG(s) 'example_python_decorator' retrieved from /home/airflow/.local/lib/python3.12/site-packages/airflow/example_dags/example_python_decorator.py
[2024-05-11T15:49:41.713+0000] {logging_mixin.py:188} INFO - [2024-05-11T15:49:41.712+0000] {dag.py:3096} INFO - Sync 1 DAGs
[2024-05-11T15:49:41.725+0000] {logging_mixin.py:188} INFO - [2024-05-11T15:49:41.725+0000] {dag.py:3954} INFO - Setting next_dagrun for example_python_decorator to None, run_after=None
[2024-05-11T15:49:41.744+0000] {processor.py:183} INFO - Processing /home/airflow/.local/lib/python3.12/site-packages/airflow/example_dags/example_python_decorator.py took 0.075 seconds
[2024-05-11T15:50:12.220+0000] {processor.py:161} INFO - Started process (PID=511) to work on /home/airflow/.local/lib/python3.12/site-packages/airflow/example_dags/example_python_decorator.py
[2024-05-11T15:50:12.221+0000] {processor.py:830} INFO - Processing file /home/airflow/.local/lib/python3.12/site-packages/airflow/example_dags/example_python_decorator.py for tasks to queue
[2024-05-11T15:50:12.223+0000] {logging_mixin.py:188} INFO - [2024-05-11T15:50:12.223+0000] {dagbag.py:545} INFO - Filling up the DagBag from /home/airflow/.local/lib/python3.12/site-packages/airflow/example_dags/example_python_decorator.py
[2024-05-11T15:50:12.234+0000] {processor.py:840} INFO - DAG(s) 'example_python_decorator' retrieved from /home/airflow/.local/lib/python3.12/site-packages/airflow/example_dags/example_python_decorator.py
[2024-05-11T15:50:12.254+0000] {logging_mixin.py:188} INFO - [2024-05-11T15:50:12.253+0000] {dag.py:3096} INFO - Sync 1 DAGs
[2024-05-11T15:50:12.267+0000] {logging_mixin.py:188} INFO - [2024-05-11T15:50:12.266+0000] {dag.py:3954} INFO - Setting next_dagrun for example_python_decorator to None, run_after=None
[2024-05-11T15:50:12.283+0000] {processor.py:183} INFO - Processing /home/airflow/.local/lib/python3.12/site-packages/airflow/example_dags/example_python_decorator.py took 0.068 seconds
[2024-05-11T15:50:42.516+0000] {processor.py:161} INFO - Started process (PID=569) to work on /home/airflow/.local/lib/python3.12/site-packages/airflow/example_dags/example_python_decorator.py
[2024-05-11T15:50:42.517+0000] {processor.py:830} INFO - Processing file /home/airflow/.local/lib/python3.12/site-packages/airflow/example_dags/example_python_decorator.py for tasks to queue
[2024-05-11T15:50:42.518+0000] {logging_mixin.py:188} INFO - [2024-05-11T15:50:42.518+0000] {dagbag.py:545} INFO - Filling up the DagBag from /home/airflow/.local/lib/python3.12/site-packages/airflow/example_dags/example_python_decorator.py
[2024-05-11T15:50:42.529+0000] {processor.py:840} INFO - DAG(s) 'example_python_decorator' retrieved from /home/airflow/.local/lib/python3.12/site-packages/airflow/example_dags/example_python_decorator.py
[2024-05-11T15:50:42.547+0000] {logging_mixin.py:188} INFO - [2024-05-11T15:50:42.547+0000] {dag.py:3096} INFO - Sync 1 DAGs
[2024-05-11T15:50:42.558+0000] {logging_mixin.py:188} INFO - [2024-05-11T15:50:42.558+0000] {dag.py:3954} INFO - Setting next_dagrun for example_python_decorator to None, run_after=None
[2024-05-11T15:50:42.573+0000] {processor.py:183} INFO - Processing /home/airflow/.local/lib/python3.12/site-packages/airflow/example_dags/example_python_decorator.py took 0.061 seconds
[2024-05-11T15:51:12.632+0000] {processor.py:161} INFO - Started process (PID=627) to work on /home/airflow/.local/lib/python3.12/site-packages/airflow/example_dags/example_python_decorator.py
[2024-05-11T15:51:12.632+0000] {processor.py:830} INFO - Processing file /home/airflow/.local/lib/python3.12/site-packages/airflow/example_dags/example_python_decorator.py for tasks to queue
[2024-05-11T15:51:12.634+0000] {logging_mixin.py:188} INFO - [2024-05-11T15:51:12.634+0000] {dagbag.py:545} INFO - Filling up the DagBag from /home/airflow/.local/lib/python3.12/site-packages/airflow/example_dags/example_python_decorator.py
[2024-05-11T15:51:12.644+0000] {processor.py:840} INFO - DAG(s) 'example_python_decorator' retrieved from /home/airflow/.local/lib/python3.12/site-packages/airflow/example_dags/example_python_decorator.py
[2024-05-11T15:51:12.662+0000] {logging_mixin.py:188} INFO - [2024-05-11T15:51:12.662+0000] {dag.py:3096} INFO - Sync 1 DAGs
[2024-05-11T15:51:12.673+0000] {logging_mixin.py:188} INFO - [2024-05-11T15:51:12.673+0000] {dag.py:3954} INFO - Setting next_dagrun for example_python_decorator to None, run_after=None
[2024-05-11T15:51:12.689+0000] {processor.py:183} INFO - Processing /home/airflow/.local/lib/python3.12/site-packages/airflow/example_dags/example_python_decorator.py took 0.062 seconds
[2024-05-11T15:51:43.721+0000] {processor.py:161} INFO - Started process (PID=683) to work on /home/airflow/.local/lib/python3.12/site-packages/airflow/example_dags/example_python_decorator.py
[2024-05-11T15:51:43.726+0000] {processor.py:830} INFO - Processing file /home/airflow/.local/lib/python3.12/site-packages/airflow/example_dags/example_python_decorator.py for tasks to queue
[2024-05-11T15:51:43.728+0000] {logging_mixin.py:188} INFO - [2024-05-11T15:51:43.728+0000] {dagbag.py:545} INFO - Filling up the DagBag from /home/airflow/.local/lib/python3.12/site-packages/airflow/example_dags/example_python_decorator.py
[2024-05-11T15:51:43.741+0000] {processor.py:840} INFO - DAG(s) 'example_python_decorator' retrieved from /home/airflow/.local/lib/python3.12/site-packages/airflow/example_dags/example_python_decorator.py
[2024-05-11T15:51:43.765+0000] {logging_mixin.py:188} INFO - [2024-05-11T15:51:43.764+0000] {dag.py:3096} INFO - Sync 1 DAGs
[2024-05-11T15:51:43.803+0000] {logging_mixin.py:188} INFO - [2024-05-11T15:51:43.803+0000] {dag.py:3954} INFO - Setting next_dagrun for example_python_decorator to None, run_after=None
[2024-05-11T15:51:43.840+0000] {processor.py:183} INFO - Processing /home/airflow/.local/lib/python3.12/site-packages/airflow/example_dags/example_python_decorator.py took 0.126 seconds
[2024-05-11T15:52:14.251+0000] {processor.py:161} INFO - Started process (PID=741) to work on /home/airflow/.local/lib/python3.12/site-packages/airflow/example_dags/example_python_decorator.py
[2024-05-11T15:52:14.253+0000] {processor.py:830} INFO - Processing file /home/airflow/.local/lib/python3.12/site-packages/airflow/example_dags/example_python_decorator.py for tasks to queue
[2024-05-11T15:52:14.255+0000] {logging_mixin.py:188} INFO - [2024-05-11T15:52:14.255+0000] {dagbag.py:545} INFO - Filling up the DagBag from /home/airflow/.local/lib/python3.12/site-packages/airflow/example_dags/example_python_decorator.py
[2024-05-11T15:52:14.266+0000] {processor.py:840} INFO - DAG(s) 'example_python_decorator' retrieved from /home/airflow/.local/lib/python3.12/site-packages/airflow/example_dags/example_python_decorator.py
[2024-05-11T15:52:14.292+0000] {logging_mixin.py:188} INFO - [2024-05-11T15:52:14.292+0000] {dag.py:3096} INFO - Sync 1 DAGs
[2024-05-11T15:52:14.323+0000] {logging_mixin.py:188} INFO - [2024-05-11T15:52:14.323+0000] {dag.py:3954} INFO - Setting next_dagrun for example_python_decorator to None, run_after=None
[2024-05-11T15:52:14.350+0000] {processor.py:183} INFO - Processing /home/airflow/.local/lib/python3.12/site-packages/airflow/example_dags/example_python_decorator.py took 0.107 seconds
[2024-05-11T15:52:44.745+0000] {processor.py:161} INFO - Started process (PID=799) to work on /home/airflow/.local/lib/python3.12/site-packages/airflow/example_dags/example_python_decorator.py
[2024-05-11T15:52:44.746+0000] {processor.py:830} INFO - Processing file /home/airflow/.local/lib/python3.12/site-packages/airflow/example_dags/example_python_decorator.py for tasks to queue
[2024-05-11T15:52:44.748+0000] {logging_mixin.py:188} INFO - [2024-05-11T15:52:44.747+0000] {dagbag.py:545} INFO - Filling up the DagBag from /home/airflow/.local/lib/python3.12/site-packages/airflow/example_dags/example_python_decorator.py
[2024-05-11T15:52:44.760+0000] {processor.py:840} INFO - DAG(s) 'example_python_decorator' retrieved from /home/airflow/.local/lib/python3.12/site-packages/airflow/example_dags/example_python_decorator.py
[2024-05-11T15:52:44.780+0000] {logging_mixin.py:188} INFO - [2024-05-11T15:52:44.780+0000] {dag.py:3096} INFO - Sync 1 DAGs
[2024-05-11T15:52:44.792+0000] {logging_mixin.py:188} INFO - [2024-05-11T15:52:44.791+0000] {dag.py:3954} INFO - Setting next_dagrun for example_python_decorator to None, run_after=None
[2024-05-11T15:52:44.808+0000] {processor.py:183} INFO - Processing /home/airflow/.local/lib/python3.12/site-packages/airflow/example_dags/example_python_decorator.py took 0.069 seconds
[2024-05-11T15:53:15.299+0000] {processor.py:161} INFO - Started process (PID=857) to work on /home/airflow/.local/lib/python3.12/site-packages/airflow/example_dags/example_python_decorator.py
[2024-05-11T15:53:15.300+0000] {processor.py:830} INFO - Processing file /home/airflow/.local/lib/python3.12/site-packages/airflow/example_dags/example_python_decorator.py for tasks to queue
[2024-05-11T15:53:15.302+0000] {logging_mixin.py:188} INFO - [2024-05-11T15:53:15.302+0000] {dagbag.py:545} INFO - Filling up the DagBag from /home/airflow/.local/lib/python3.12/site-packages/airflow/example_dags/example_python_decorator.py
[2024-05-11T15:53:15.317+0000] {processor.py:840} INFO - DAG(s) 'example_python_decorator' retrieved from /home/airflow/.local/lib/python3.12/site-packages/airflow/example_dags/example_python_decorator.py
[2024-05-11T15:53:15.345+0000] {logging_mixin.py:188} INFO - [2024-05-11T15:53:15.345+0000] {dag.py:3096} INFO - Sync 1 DAGs
[2024-05-11T15:53:15.362+0000] {logging_mixin.py:188} INFO - [2024-05-11T15:53:15.362+0000] {dag.py:3954} INFO - Setting next_dagrun for example_python_decorator to None, run_after=None
[2024-05-11T15:53:15.386+0000] {processor.py:183} INFO - Processing /home/airflow/.local/lib/python3.12/site-packages/airflow/example_dags/example_python_decorator.py took 0.093 seconds
[2024-05-11T15:53:46.148+0000] {processor.py:161} INFO - Started process (PID=915) to work on /home/airflow/.local/lib/python3.12/site-packages/airflow/example_dags/example_python_decorator.py
[2024-05-11T15:53:46.149+0000] {processor.py:830} INFO - Processing file /home/airflow/.local/lib/python3.12/site-packages/airflow/example_dags/example_python_decorator.py for tasks to queue
[2024-05-11T15:53:46.151+0000] {logging_mixin.py:188} INFO - [2024-05-11T15:53:46.150+0000] {dagbag.py:545} INFO - Filling up the DagBag from /home/airflow/.local/lib/python3.12/site-packages/airflow/example_dags/example_python_decorator.py
[2024-05-11T15:53:46.163+0000] {processor.py:840} INFO - DAG(s) 'example_python_decorator' retrieved from /home/airflow/.local/lib/python3.12/site-packages/airflow/example_dags/example_python_decorator.py
[2024-05-11T15:53:46.188+0000] {logging_mixin.py:188} INFO - [2024-05-11T15:53:46.188+0000] {dag.py:3096} INFO - Sync 1 DAGs
[2024-05-11T15:53:46.204+0000] {logging_mixin.py:188} INFO - [2024-05-11T15:53:46.204+0000] {dag.py:3954} INFO - Setting next_dagrun for example_python_decorator to None, run_after=None
[2024-05-11T15:53:46.223+0000] {processor.py:183} INFO - Processing /home/airflow/.local/lib/python3.12/site-packages/airflow/example_dags/example_python_decorator.py took 0.081 seconds
[2024-05-11T15:54:16.608+0000] {processor.py:161} INFO - Started process (PID=973) to work on /home/airflow/.local/lib/python3.12/site-packages/airflow/example_dags/example_python_decorator.py
[2024-05-11T15:54:16.609+0000] {processor.py:830} INFO - Processing file /home/airflow/.local/lib/python3.12/site-packages/airflow/example_dags/example_python_decorator.py for tasks to queue
[2024-05-11T15:54:16.611+0000] {logging_mixin.py:188} INFO - [2024-05-11T15:54:16.611+0000] {dagbag.py:545} INFO - Filling up the DagBag from /home/airflow/.local/lib/python3.12/site-packages/airflow/example_dags/example_python_decorator.py
[2024-05-11T15:54:16.624+0000] {processor.py:840} INFO - DAG(s) 'example_python_decorator' retrieved from /home/airflow/.local/lib/python3.12/site-packages/airflow/example_dags/example_python_decorator.py
[2024-05-11T15:54:16.646+0000] {logging_mixin.py:188} INFO - [2024-05-11T15:54:16.646+0000] {dag.py:3096} INFO - Sync 1 DAGs
[2024-05-11T15:54:16.658+0000] {logging_mixin.py:188} INFO - [2024-05-11T15:54:16.658+0000] {dag.py:3954} INFO - Setting next_dagrun for example_python_decorator to None, run_after=None
[2024-05-11T15:54:16.675+0000] {processor.py:183} INFO - Processing /home/airflow/.local/lib/python3.12/site-packages/airflow/example_dags/example_python_decorator.py took 0.071 seconds
[2024-05-11T15:54:47.339+0000] {processor.py:161} INFO - Started process (PID=1031) to work on /home/airflow/.local/lib/python3.12/site-packages/airflow/example_dags/example_python_decorator.py
[2024-05-11T15:54:47.340+0000] {processor.py:830} INFO - Processing file /home/airflow/.local/lib/python3.12/site-packages/airflow/example_dags/example_python_decorator.py for tasks to queue
[2024-05-11T15:54:47.341+0000] {logging_mixin.py:188} INFO - [2024-05-11T15:54:47.341+0000] {dagbag.py:545} INFO - Filling up the DagBag from /home/airflow/.local/lib/python3.12/site-packages/airflow/example_dags/example_python_decorator.py
[2024-05-11T15:54:47.354+0000] {processor.py:840} INFO - DAG(s) 'example_python_decorator' retrieved from /home/airflow/.local/lib/python3.12/site-packages/airflow/example_dags/example_python_decorator.py
[2024-05-11T15:54:47.378+0000] {logging_mixin.py:188} INFO - [2024-05-11T15:54:47.378+0000] {dag.py:3096} INFO - Sync 1 DAGs
[2024-05-11T15:54:47.391+0000] {logging_mixin.py:188} INFO - [2024-05-11T15:54:47.391+0000] {dag.py:3954} INFO - Setting next_dagrun for example_python_decorator to None, run_after=None
[2024-05-11T15:54:47.409+0000] {processor.py:183} INFO - Processing /home/airflow/.local/lib/python3.12/site-packages/airflow/example_dags/example_python_decorator.py took 0.075 seconds
[2024-05-11T15:55:18.002+0000] {processor.py:161} INFO - Started process (PID=1089) to work on /home/airflow/.local/lib/python3.12/site-packages/airflow/example_dags/example_python_decorator.py
[2024-05-11T15:55:18.002+0000] {processor.py:830} INFO - Processing file /home/airflow/.local/lib/python3.12/site-packages/airflow/example_dags/example_python_decorator.py for tasks to queue
[2024-05-11T15:55:18.004+0000] {logging_mixin.py:188} INFO - [2024-05-11T15:55:18.004+0000] {dagbag.py:545} INFO - Filling up the DagBag from /home/airflow/.local/lib/python3.12/site-packages/airflow/example_dags/example_python_decorator.py
[2024-05-11T15:55:18.015+0000] {processor.py:840} INFO - DAG(s) 'example_python_decorator' retrieved from /home/airflow/.local/lib/python3.12/site-packages/airflow/example_dags/example_python_decorator.py
[2024-05-11T15:55:18.035+0000] {logging_mixin.py:188} INFO - [2024-05-11T15:55:18.035+0000] {dag.py:3096} INFO - Sync 1 DAGs
[2024-05-11T15:55:18.049+0000] {logging_mixin.py:188} INFO - [2024-05-11T15:55:18.049+0000] {dag.py:3954} INFO - Setting next_dagrun for example_python_decorator to None, run_after=None
[2024-05-11T15:55:18.073+0000] {processor.py:183} INFO - Processing /home/airflow/.local/lib/python3.12/site-packages/airflow/example_dags/example_python_decorator.py took 0.076 seconds
[2024-05-11T15:55:48.701+0000] {processor.py:161} INFO - Started process (PID=1154) to work on /home/airflow/.local/lib/python3.12/site-packages/airflow/example_dags/example_python_decorator.py
[2024-05-11T15:55:48.702+0000] {processor.py:830} INFO - Processing file /home/airflow/.local/lib/python3.12/site-packages/airflow/example_dags/example_python_decorator.py for tasks to queue
[2024-05-11T15:55:48.703+0000] {logging_mixin.py:188} INFO - [2024-05-11T15:55:48.703+0000] {dagbag.py:545} INFO - Filling up the DagBag from /home/airflow/.local/lib/python3.12/site-packages/airflow/example_dags/example_python_decorator.py
[2024-05-11T15:55:48.716+0000] {processor.py:840} INFO - DAG(s) 'example_python_decorator' retrieved from /home/airflow/.local/lib/python3.12/site-packages/airflow/example_dags/example_python_decorator.py
[2024-05-11T15:55:48.738+0000] {logging_mixin.py:188} INFO - [2024-05-11T15:55:48.737+0000] {dag.py:3096} INFO - Sync 1 DAGs
[2024-05-11T15:55:48.750+0000] {logging_mixin.py:188} INFO - [2024-05-11T15:55:48.750+0000] {dag.py:3954} INFO - Setting next_dagrun for example_python_decorator to None, run_after=None
[2024-05-11T15:55:48.767+0000] {processor.py:183} INFO - Processing /home/airflow/.local/lib/python3.12/site-packages/airflow/example_dags/example_python_decorator.py took 0.071 seconds
[2024-05-11T15:56:19.316+0000] {processor.py:161} INFO - Started process (PID=1212) to work on /home/airflow/.local/lib/python3.12/site-packages/airflow/example_dags/example_python_decorator.py
[2024-05-11T15:56:19.317+0000] {processor.py:830} INFO - Processing file /home/airflow/.local/lib/python3.12/site-packages/airflow/example_dags/example_python_decorator.py for tasks to queue
[2024-05-11T15:56:19.319+0000] {logging_mixin.py:188} INFO - [2024-05-11T15:56:19.318+0000] {dagbag.py:545} INFO - Filling up the DagBag from /home/airflow/.local/lib/python3.12/site-packages/airflow/example_dags/example_python_decorator.py
[2024-05-11T15:56:19.331+0000] {processor.py:840} INFO - DAG(s) 'example_python_decorator' retrieved from /home/airflow/.local/lib/python3.12/site-packages/airflow/example_dags/example_python_decorator.py
[2024-05-11T15:56:19.356+0000] {logging_mixin.py:188} INFO - [2024-05-11T15:56:19.356+0000] {dag.py:3096} INFO - Sync 1 DAGs
[2024-05-11T15:56:19.372+0000] {logging_mixin.py:188} INFO - [2024-05-11T15:56:19.371+0000] {dag.py:3954} INFO - Setting next_dagrun for example_python_decorator to None, run_after=None
[2024-05-11T15:56:19.392+0000] {processor.py:183} INFO - Processing /home/airflow/.local/lib/python3.12/site-packages/airflow/example_dags/example_python_decorator.py took 0.081 seconds
[2024-05-11T15:56:49.983+0000] {processor.py:161} INFO - Started process (PID=1270) to work on /home/airflow/.local/lib/python3.12/site-packages/airflow/example_dags/example_python_decorator.py
[2024-05-11T15:56:49.984+0000] {processor.py:830} INFO - Processing file /home/airflow/.local/lib/python3.12/site-packages/airflow/example_dags/example_python_decorator.py for tasks to queue
[2024-05-11T15:56:49.985+0000] {logging_mixin.py:188} INFO - [2024-05-11T15:56:49.985+0000] {dagbag.py:545} INFO - Filling up the DagBag from /home/airflow/.local/lib/python3.12/site-packages/airflow/example_dags/example_python_decorator.py
[2024-05-11T15:56:49.998+0000] {processor.py:840} INFO - DAG(s) 'example_python_decorator' retrieved from /home/airflow/.local/lib/python3.12/site-packages/airflow/example_dags/example_python_decorator.py
[2024-05-11T15:56:50.021+0000] {logging_mixin.py:188} INFO - [2024-05-11T15:56:50.021+0000] {dag.py:3096} INFO - Sync 1 DAGs
[2024-05-11T15:56:50.033+0000] {logging_mixin.py:188} INFO - [2024-05-11T15:56:50.033+0000] {dag.py:3954} INFO - Setting next_dagrun for example_python_decorator to None, run_after=None
[2024-05-11T15:56:50.052+0000] {processor.py:183} INFO - Processing /home/airflow/.local/lib/python3.12/site-packages/airflow/example_dags/example_python_decorator.py took 0.074 seconds
[2024-05-11T16:03:41.000+0000] {processor.py:161} INFO - Started process (PID=46) to work on /home/airflow/.local/lib/python3.12/site-packages/airflow/example_dags/example_python_decorator.py
[2024-05-11T16:03:41.002+0000] {processor.py:830} INFO - Processing file /home/airflow/.local/lib/python3.12/site-packages/airflow/example_dags/example_python_decorator.py for tasks to queue
[2024-05-11T16:03:41.004+0000] {logging_mixin.py:188} INFO - [2024-05-11T16:03:41.004+0000] {dagbag.py:545} INFO - Filling up the DagBag from /home/airflow/.local/lib/python3.12/site-packages/airflow/example_dags/example_python_decorator.py
[2024-05-11T16:03:41.019+0000] {processor.py:840} INFO - DAG(s) 'example_python_decorator' retrieved from /home/airflow/.local/lib/python3.12/site-packages/airflow/example_dags/example_python_decorator.py
[2024-05-11T16:03:41.043+0000] {logging_mixin.py:188} INFO - [2024-05-11T16:03:41.042+0000] {dag.py:3096} INFO - Sync 1 DAGs
[2024-05-11T16:03:41.059+0000] {logging_mixin.py:188} INFO - [2024-05-11T16:03:41.058+0000] {dag.py:3954} INFO - Setting next_dagrun for example_python_decorator to None, run_after=None
[2024-05-11T16:03:41.086+0000] {processor.py:183} INFO - Processing /home/airflow/.local/lib/python3.12/site-packages/airflow/example_dags/example_python_decorator.py took 0.092 seconds
[2024-05-11T16:04:11.515+0000] {processor.py:161} INFO - Started process (PID=104) to work on /home/airflow/.local/lib/python3.12/site-packages/airflow/example_dags/example_python_decorator.py
[2024-05-11T16:04:11.516+0000] {processor.py:830} INFO - Processing file /home/airflow/.local/lib/python3.12/site-packages/airflow/example_dags/example_python_decorator.py for tasks to queue
[2024-05-11T16:04:11.518+0000] {logging_mixin.py:188} INFO - [2024-05-11T16:04:11.517+0000] {dagbag.py:545} INFO - Filling up the DagBag from /home/airflow/.local/lib/python3.12/site-packages/airflow/example_dags/example_python_decorator.py
[2024-05-11T16:04:11.529+0000] {processor.py:840} INFO - DAG(s) 'example_python_decorator' retrieved from /home/airflow/.local/lib/python3.12/site-packages/airflow/example_dags/example_python_decorator.py
[2024-05-11T16:04:11.624+0000] {logging_mixin.py:188} INFO - [2024-05-11T16:04:11.624+0000] {dag.py:3096} INFO - Sync 1 DAGs
[2024-05-11T16:04:11.636+0000] {logging_mixin.py:188} INFO - [2024-05-11T16:04:11.635+0000] {dag.py:3954} INFO - Setting next_dagrun for example_python_decorator to None, run_after=None
[2024-05-11T16:04:11.654+0000] {processor.py:183} INFO - Processing /home/airflow/.local/lib/python3.12/site-packages/airflow/example_dags/example_python_decorator.py took 0.144 seconds
[2024-05-11T16:04:42.535+0000] {processor.py:161} INFO - Started process (PID=162) to work on /home/airflow/.local/lib/python3.12/site-packages/airflow/example_dags/example_python_decorator.py
[2024-05-11T16:04:42.536+0000] {processor.py:830} INFO - Processing file /home/airflow/.local/lib/python3.12/site-packages/airflow/example_dags/example_python_decorator.py for tasks to queue
[2024-05-11T16:04:42.538+0000] {logging_mixin.py:188} INFO - [2024-05-11T16:04:42.537+0000] {dagbag.py:545} INFO - Filling up the DagBag from /home/airflow/.local/lib/python3.12/site-packages/airflow/example_dags/example_python_decorator.py
[2024-05-11T16:04:42.549+0000] {processor.py:840} INFO - DAG(s) 'example_python_decorator' retrieved from /home/airflow/.local/lib/python3.12/site-packages/airflow/example_dags/example_python_decorator.py
[2024-05-11T16:04:42.568+0000] {logging_mixin.py:188} INFO - [2024-05-11T16:04:42.568+0000] {dag.py:3096} INFO - Sync 1 DAGs
[2024-05-11T16:04:42.580+0000] {logging_mixin.py:188} INFO - [2024-05-11T16:04:42.580+0000] {dag.py:3954} INFO - Setting next_dagrun for example_python_decorator to None, run_after=None
[2024-05-11T16:04:42.600+0000] {processor.py:183} INFO - Processing /home/airflow/.local/lib/python3.12/site-packages/airflow/example_dags/example_python_decorator.py took 0.069 seconds
[2024-05-11T16:05:12.712+0000] {processor.py:161} INFO - Started process (PID=220) to work on /home/airflow/.local/lib/python3.12/site-packages/airflow/example_dags/example_python_decorator.py
[2024-05-11T16:05:12.713+0000] {processor.py:830} INFO - Processing file /home/airflow/.local/lib/python3.12/site-packages/airflow/example_dags/example_python_decorator.py for tasks to queue
[2024-05-11T16:05:12.714+0000] {logging_mixin.py:188} INFO - [2024-05-11T16:05:12.714+0000] {dagbag.py:545} INFO - Filling up the DagBag from /home/airflow/.local/lib/python3.12/site-packages/airflow/example_dags/example_python_decorator.py
[2024-05-11T16:05:12.724+0000] {processor.py:840} INFO - DAG(s) 'example_python_decorator' retrieved from /home/airflow/.local/lib/python3.12/site-packages/airflow/example_dags/example_python_decorator.py
[2024-05-11T16:05:12.742+0000] {logging_mixin.py:188} INFO - [2024-05-11T16:05:12.742+0000] {dag.py:3096} INFO - Sync 1 DAGs
[2024-05-11T16:05:12.753+0000] {logging_mixin.py:188} INFO - [2024-05-11T16:05:12.753+0000] {dag.py:3954} INFO - Setting next_dagrun for example_python_decorator to None, run_after=None
[2024-05-11T16:05:12.769+0000] {processor.py:183} INFO - Processing /home/airflow/.local/lib/python3.12/site-packages/airflow/example_dags/example_python_decorator.py took 0.061 seconds
[2024-05-11T16:05:42.845+0000] {processor.py:161} INFO - Started process (PID=278) to work on /home/airflow/.local/lib/python3.12/site-packages/airflow/example_dags/example_python_decorator.py
[2024-05-11T16:05:42.846+0000] {processor.py:830} INFO - Processing file /home/airflow/.local/lib/python3.12/site-packages/airflow/example_dags/example_python_decorator.py for tasks to queue
[2024-05-11T16:05:42.849+0000] {logging_mixin.py:188} INFO - [2024-05-11T16:05:42.848+0000] {dagbag.py:545} INFO - Filling up the DagBag from /home/airflow/.local/lib/python3.12/site-packages/airflow/example_dags/example_python_decorator.py
[2024-05-11T16:05:42.869+0000] {processor.py:840} INFO - DAG(s) 'example_python_decorator' retrieved from /home/airflow/.local/lib/python3.12/site-packages/airflow/example_dags/example_python_decorator.py
[2024-05-11T16:05:42.929+0000] {logging_mixin.py:188} INFO - [2024-05-11T16:05:42.928+0000] {dag.py:3096} INFO - Sync 1 DAGs
[2024-05-11T16:05:42.957+0000] {logging_mixin.py:188} INFO - [2024-05-11T16:05:42.957+0000] {dag.py:3954} INFO - Setting next_dagrun for example_python_decorator to None, run_after=None
[2024-05-11T16:05:43.023+0000] {processor.py:183} INFO - Processing /home/airflow/.local/lib/python3.12/site-packages/airflow/example_dags/example_python_decorator.py took 0.188 seconds
