[2024-05-11T11:31:08.514+0000] {processor.py:161} INFO - Started process (PID=94) to work on /home/airflow/.local/lib/python3.12/site-packages/airflow/example_dags/example_branch_datetime_operator.py
[2024-05-11T11:31:08.516+0000] {processor.py:830} INFO - Processing file /home/airflow/.local/lib/python3.12/site-packages/airflow/example_dags/example_branch_datetime_operator.py for tasks to queue
[2024-05-11T11:31:08.519+0000] {logging_mixin.py:188} INFO - [2024-05-11T11:31:08.518+0000] {dagbag.py:545} INFO - Filling up the DagBag from /home/airflow/.local/lib/python3.12/site-packages/airflow/example_dags/example_branch_datetime_operator.py
[2024-05-11T11:31:08.532+0000] {processor.py:840} INFO - DAG(s) 'example_branch_datetime_operator_3', 'example_branch_datetime_operator', 'example_branch_datetime_operator_2' retrieved from /home/airflow/.local/lib/python3.12/site-packages/airflow/example_dags/example_branch_datetime_operator.py
[2024-05-11T11:31:08.696+0000] {logging_mixin.py:188} INFO - [2024-05-11T11:31:08.695+0000] {override.py:1829} INFO - Created Permission View: can edit on DAG:example_branch_datetime_operator_3
[2024-05-11T11:31:08.712+0000] {logging_mixin.py:188} INFO - [2024-05-11T11:31:08.712+0000] {override.py:1829} INFO - Created Permission View: can read on DAG:example_branch_datetime_operator_3
[2024-05-11T11:31:08.721+0000] {logging_mixin.py:188} INFO - [2024-05-11T11:31:08.720+0000] {override.py:1829} INFO - Created Permission View: can delete on DAG:example_branch_datetime_operator_3
[2024-05-11T11:31:08.741+0000] {logging_mixin.py:188} INFO - [2024-05-11T11:31:08.740+0000] {override.py:1829} INFO - Created Permission View: can edit on DAG:example_branch_datetime_operator
[2024-05-11T11:31:08.751+0000] {logging_mixin.py:188} INFO - [2024-05-11T11:31:08.751+0000] {override.py:1829} INFO - Created Permission View: can read on DAG:example_branch_datetime_operator
[2024-05-11T11:31:08.758+0000] {logging_mixin.py:188} INFO - [2024-05-11T11:31:08.758+0000] {override.py:1829} INFO - Created Permission View: can delete on DAG:example_branch_datetime_operator
[2024-05-11T11:31:08.772+0000] {logging_mixin.py:188} INFO - [2024-05-11T11:31:08.772+0000] {override.py:1829} INFO - Created Permission View: can edit on DAG:example_branch_datetime_operator_2
[2024-05-11T11:31:08.780+0000] {logging_mixin.py:188} INFO - [2024-05-11T11:31:08.780+0000] {override.py:1829} INFO - Created Permission View: can read on DAG:example_branch_datetime_operator_2
[2024-05-11T11:31:08.788+0000] {logging_mixin.py:188} INFO - [2024-05-11T11:31:08.787+0000] {override.py:1829} INFO - Created Permission View: can delete on DAG:example_branch_datetime_operator_2
[2024-05-11T11:31:08.789+0000] {logging_mixin.py:188} INFO - [2024-05-11T11:31:08.789+0000] {dag.py:3096} INFO - Sync 3 DAGs
[2024-05-11T11:31:08.811+0000] {logging_mixin.py:188} INFO - [2024-05-11T11:31:08.811+0000] {dag.py:3118} INFO - Creating ORM DAG for example_branch_datetime_operator_2
[2024-05-11T11:31:08.813+0000] {logging_mixin.py:188} INFO - [2024-05-11T11:31:08.813+0000] {dag.py:3118} INFO - Creating ORM DAG for example_branch_datetime_operator_3
[2024-05-11T11:31:08.814+0000] {logging_mixin.py:188} INFO - [2024-05-11T11:31:08.814+0000] {dag.py:3118} INFO - Creating ORM DAG for example_branch_datetime_operator
[2024-05-11T11:31:08.838+0000] {logging_mixin.py:188} INFO - [2024-05-11T11:31:08.838+0000] {dag.py:3954} INFO - Setting next_dagrun for example_branch_datetime_operator to 2024-05-10 00:00:00+00:00, run_after=2024-05-11 00:00:00+00:00
[2024-05-11T11:31:08.844+0000] {logging_mixin.py:188} INFO - [2024-05-11T11:31:08.844+0000] {dag.py:3954} INFO - Setting next_dagrun for example_branch_datetime_operator_2 to 2024-05-10 00:00:00+00:00, run_after=2024-05-11 00:00:00+00:00
[2024-05-11T11:31:08.846+0000] {logging_mixin.py:188} INFO - [2024-05-11T11:31:08.846+0000] {dag.py:3954} INFO - Setting next_dagrun for example_branch_datetime_operator_3 to 2024-05-10 00:00:00+00:00, run_after=2024-05-11 00:00:00+00:00
[2024-05-11T11:31:09.283+0000] {processor.py:183} INFO - Processing /home/airflow/.local/lib/python3.12/site-packages/airflow/example_dags/example_branch_datetime_operator.py took 0.714 seconds
[2024-05-11T11:31:40.003+0000] {processor.py:161} INFO - Started process (PID=152) to work on /home/airflow/.local/lib/python3.12/site-packages/airflow/example_dags/example_branch_datetime_operator.py
[2024-05-11T11:31:40.004+0000] {processor.py:830} INFO - Processing file /home/airflow/.local/lib/python3.12/site-packages/airflow/example_dags/example_branch_datetime_operator.py for tasks to queue
[2024-05-11T11:31:40.006+0000] {logging_mixin.py:188} INFO - [2024-05-11T11:31:40.005+0000] {dagbag.py:545} INFO - Filling up the DagBag from /home/airflow/.local/lib/python3.12/site-packages/airflow/example_dags/example_branch_datetime_operator.py
[2024-05-11T11:31:40.019+0000] {processor.py:840} INFO - DAG(s) 'example_branch_datetime_operator_3', 'example_branch_datetime_operator_2', 'example_branch_datetime_operator' retrieved from /home/airflow/.local/lib/python3.12/site-packages/airflow/example_dags/example_branch_datetime_operator.py
[2024-05-11T11:31:40.063+0000] {logging_mixin.py:188} INFO - [2024-05-11T11:31:40.062+0000] {dag.py:3096} INFO - Sync 3 DAGs
[2024-05-11T11:31:40.123+0000] {logging_mixin.py:188} INFO - [2024-05-11T11:31:40.123+0000] {dag.py:3954} INFO - Setting next_dagrun for example_branch_datetime_operator to 2024-05-10 00:00:00+00:00, run_after=2024-05-11 00:00:00+00:00
[2024-05-11T11:31:40.131+0000] {logging_mixin.py:188} INFO - [2024-05-11T11:31:40.131+0000] {dag.py:3954} INFO - Setting next_dagrun for example_branch_datetime_operator_2 to 2024-05-10 00:00:00+00:00, run_after=2024-05-11 00:00:00+00:00
[2024-05-11T11:31:40.135+0000] {logging_mixin.py:188} INFO - [2024-05-11T11:31:40.134+0000] {dag.py:3954} INFO - Setting next_dagrun for example_branch_datetime_operator_3 to 2024-05-10 00:00:00+00:00, run_after=2024-05-11 00:00:00+00:00
[2024-05-11T11:31:40.167+0000] {processor.py:183} INFO - Processing /home/airflow/.local/lib/python3.12/site-packages/airflow/example_dags/example_branch_datetime_operator.py took 0.171 seconds
[2024-05-11T11:32:10.459+0000] {processor.py:161} INFO - Started process (PID=210) to work on /home/airflow/.local/lib/python3.12/site-packages/airflow/example_dags/example_branch_datetime_operator.py
[2024-05-11T11:32:10.461+0000] {processor.py:830} INFO - Processing file /home/airflow/.local/lib/python3.12/site-packages/airflow/example_dags/example_branch_datetime_operator.py for tasks to queue
[2024-05-11T11:32:10.463+0000] {logging_mixin.py:188} INFO - [2024-05-11T11:32:10.462+0000] {dagbag.py:545} INFO - Filling up the DagBag from /home/airflow/.local/lib/python3.12/site-packages/airflow/example_dags/example_branch_datetime_operator.py
[2024-05-11T11:32:10.473+0000] {processor.py:840} INFO - DAG(s) 'example_branch_datetime_operator_3', 'example_branch_datetime_operator_2', 'example_branch_datetime_operator' retrieved from /home/airflow/.local/lib/python3.12/site-packages/airflow/example_dags/example_branch_datetime_operator.py
[2024-05-11T11:32:10.508+0000] {logging_mixin.py:188} INFO - [2024-05-11T11:32:10.507+0000] {dag.py:3096} INFO - Sync 3 DAGs
[2024-05-11T11:32:10.533+0000] {logging_mixin.py:188} INFO - [2024-05-11T11:32:10.533+0000] {dag.py:3954} INFO - Setting next_dagrun for example_branch_datetime_operator to 2024-05-10 00:00:00+00:00, run_after=2024-05-11 00:00:00+00:00
[2024-05-11T11:32:10.541+0000] {logging_mixin.py:188} INFO - [2024-05-11T11:32:10.541+0000] {dag.py:3954} INFO - Setting next_dagrun for example_branch_datetime_operator_2 to 2024-05-10 00:00:00+00:00, run_after=2024-05-11 00:00:00+00:00
[2024-05-11T11:32:10.545+0000] {logging_mixin.py:188} INFO - [2024-05-11T11:32:10.544+0000] {dag.py:3954} INFO - Setting next_dagrun for example_branch_datetime_operator_3 to 2024-05-10 00:00:00+00:00, run_after=2024-05-11 00:00:00+00:00
[2024-05-11T11:32:10.565+0000] {processor.py:183} INFO - Processing /home/airflow/.local/lib/python3.12/site-packages/airflow/example_dags/example_branch_datetime_operator.py took 0.111 seconds
[2024-05-11T11:32:41.409+0000] {processor.py:161} INFO - Started process (PID=268) to work on /home/airflow/.local/lib/python3.12/site-packages/airflow/example_dags/example_branch_datetime_operator.py
[2024-05-11T11:32:41.411+0000] {processor.py:830} INFO - Processing file /home/airflow/.local/lib/python3.12/site-packages/airflow/example_dags/example_branch_datetime_operator.py for tasks to queue
[2024-05-11T11:32:41.412+0000] {logging_mixin.py:188} INFO - [2024-05-11T11:32:41.412+0000] {dagbag.py:545} INFO - Filling up the DagBag from /home/airflow/.local/lib/python3.12/site-packages/airflow/example_dags/example_branch_datetime_operator.py
[2024-05-11T11:32:41.422+0000] {processor.py:840} INFO - DAG(s) 'example_branch_datetime_operator', 'example_branch_datetime_operator_3', 'example_branch_datetime_operator_2' retrieved from /home/airflow/.local/lib/python3.12/site-packages/airflow/example_dags/example_branch_datetime_operator.py
[2024-05-11T11:32:41.454+0000] {logging_mixin.py:188} INFO - [2024-05-11T11:32:41.454+0000] {dag.py:3096} INFO - Sync 3 DAGs
[2024-05-11T11:32:41.491+0000] {logging_mixin.py:188} INFO - [2024-05-11T11:32:41.491+0000] {dag.py:3954} INFO - Setting next_dagrun for example_branch_datetime_operator to 2024-05-10 00:00:00+00:00, run_after=2024-05-11 00:00:00+00:00
[2024-05-11T11:32:41.497+0000] {logging_mixin.py:188} INFO - [2024-05-11T11:32:41.497+0000] {dag.py:3954} INFO - Setting next_dagrun for example_branch_datetime_operator_2 to 2024-05-10 00:00:00+00:00, run_after=2024-05-11 00:00:00+00:00
[2024-05-11T11:32:41.500+0000] {logging_mixin.py:188} INFO - [2024-05-11T11:32:41.500+0000] {dag.py:3954} INFO - Setting next_dagrun for example_branch_datetime_operator_3 to 2024-05-10 00:00:00+00:00, run_after=2024-05-11 00:00:00+00:00
[2024-05-11T11:32:41.519+0000] {processor.py:183} INFO - Processing /home/airflow/.local/lib/python3.12/site-packages/airflow/example_dags/example_branch_datetime_operator.py took 0.115 seconds
[2024-05-11T11:33:11.646+0000] {processor.py:161} INFO - Started process (PID=326) to work on /home/airflow/.local/lib/python3.12/site-packages/airflow/example_dags/example_branch_datetime_operator.py
[2024-05-11T11:33:11.647+0000] {processor.py:830} INFO - Processing file /home/airflow/.local/lib/python3.12/site-packages/airflow/example_dags/example_branch_datetime_operator.py for tasks to queue
[2024-05-11T11:33:11.650+0000] {logging_mixin.py:188} INFO - [2024-05-11T11:33:11.649+0000] {dagbag.py:545} INFO - Filling up the DagBag from /home/airflow/.local/lib/python3.12/site-packages/airflow/example_dags/example_branch_datetime_operator.py
[2024-05-11T11:33:11.659+0000] {processor.py:840} INFO - DAG(s) 'example_branch_datetime_operator', 'example_branch_datetime_operator_3', 'example_branch_datetime_operator_2' retrieved from /home/airflow/.local/lib/python3.12/site-packages/airflow/example_dags/example_branch_datetime_operator.py
[2024-05-11T11:33:11.689+0000] {logging_mixin.py:188} INFO - [2024-05-11T11:33:11.689+0000] {dag.py:3096} INFO - Sync 3 DAGs
[2024-05-11T11:33:11.718+0000] {logging_mixin.py:188} INFO - [2024-05-11T11:33:11.717+0000] {dag.py:3954} INFO - Setting next_dagrun for example_branch_datetime_operator to 2024-05-10 00:00:00+00:00, run_after=2024-05-11 00:00:00+00:00
[2024-05-11T11:33:11.724+0000] {logging_mixin.py:188} INFO - [2024-05-11T11:33:11.723+0000] {dag.py:3954} INFO - Setting next_dagrun for example_branch_datetime_operator_2 to 2024-05-10 00:00:00+00:00, run_after=2024-05-11 00:00:00+00:00
[2024-05-11T11:33:11.727+0000] {logging_mixin.py:188} INFO - [2024-05-11T11:33:11.727+0000] {dag.py:3954} INFO - Setting next_dagrun for example_branch_datetime_operator_3 to 2024-05-10 00:00:00+00:00, run_after=2024-05-11 00:00:00+00:00
[2024-05-11T11:33:11.746+0000] {processor.py:183} INFO - Processing /home/airflow/.local/lib/python3.12/site-packages/airflow/example_dags/example_branch_datetime_operator.py took 0.105 seconds
[2024-05-11T11:33:41.862+0000] {processor.py:161} INFO - Started process (PID=384) to work on /home/airflow/.local/lib/python3.12/site-packages/airflow/example_dags/example_branch_datetime_operator.py
[2024-05-11T11:33:41.863+0000] {processor.py:830} INFO - Processing file /home/airflow/.local/lib/python3.12/site-packages/airflow/example_dags/example_branch_datetime_operator.py for tasks to queue
[2024-05-11T11:33:41.865+0000] {logging_mixin.py:188} INFO - [2024-05-11T11:33:41.865+0000] {dagbag.py:545} INFO - Filling up the DagBag from /home/airflow/.local/lib/python3.12/site-packages/airflow/example_dags/example_branch_datetime_operator.py
[2024-05-11T11:33:41.873+0000] {processor.py:840} INFO - DAG(s) 'example_branch_datetime_operator', 'example_branch_datetime_operator_2', 'example_branch_datetime_operator_3' retrieved from /home/airflow/.local/lib/python3.12/site-packages/airflow/example_dags/example_branch_datetime_operator.py
[2024-05-11T11:33:41.898+0000] {logging_mixin.py:188} INFO - [2024-05-11T11:33:41.897+0000] {dag.py:3096} INFO - Sync 3 DAGs
[2024-05-11T11:33:41.919+0000] {logging_mixin.py:188} INFO - [2024-05-11T11:33:41.919+0000] {dag.py:3954} INFO - Setting next_dagrun for example_branch_datetime_operator to 2024-05-10 00:00:00+00:00, run_after=2024-05-11 00:00:00+00:00
[2024-05-11T11:33:41.924+0000] {logging_mixin.py:188} INFO - [2024-05-11T11:33:41.924+0000] {dag.py:3954} INFO - Setting next_dagrun for example_branch_datetime_operator_2 to 2024-05-10 00:00:00+00:00, run_after=2024-05-11 00:00:00+00:00
[2024-05-11T11:33:41.927+0000] {logging_mixin.py:188} INFO - [2024-05-11T11:33:41.927+0000] {dag.py:3954} INFO - Setting next_dagrun for example_branch_datetime_operator_3 to 2024-05-10 00:00:00+00:00, run_after=2024-05-11 00:00:00+00:00
[2024-05-11T11:33:41.948+0000] {processor.py:183} INFO - Processing /home/airflow/.local/lib/python3.12/site-packages/airflow/example_dags/example_branch_datetime_operator.py took 0.091 seconds
[2024-05-11T11:34:12.466+0000] {processor.py:161} INFO - Started process (PID=442) to work on /home/airflow/.local/lib/python3.12/site-packages/airflow/example_dags/example_branch_datetime_operator.py
[2024-05-11T11:34:12.468+0000] {processor.py:830} INFO - Processing file /home/airflow/.local/lib/python3.12/site-packages/airflow/example_dags/example_branch_datetime_operator.py for tasks to queue
[2024-05-11T11:34:12.471+0000] {logging_mixin.py:188} INFO - [2024-05-11T11:34:12.470+0000] {dagbag.py:545} INFO - Filling up the DagBag from /home/airflow/.local/lib/python3.12/site-packages/airflow/example_dags/example_branch_datetime_operator.py
[2024-05-11T11:34:12.481+0000] {processor.py:840} INFO - DAG(s) 'example_branch_datetime_operator_2', 'example_branch_datetime_operator', 'example_branch_datetime_operator_3' retrieved from /home/airflow/.local/lib/python3.12/site-packages/airflow/example_dags/example_branch_datetime_operator.py
[2024-05-11T11:34:12.518+0000] {logging_mixin.py:188} INFO - [2024-05-11T11:34:12.518+0000] {dag.py:3096} INFO - Sync 3 DAGs
[2024-05-11T11:34:12.557+0000] {logging_mixin.py:188} INFO - [2024-05-11T11:34:12.557+0000] {dag.py:3954} INFO - Setting next_dagrun for example_branch_datetime_operator to 2024-05-10 00:00:00+00:00, run_after=2024-05-11 00:00:00+00:00
[2024-05-11T11:34:12.563+0000] {logging_mixin.py:188} INFO - [2024-05-11T11:34:12.563+0000] {dag.py:3954} INFO - Setting next_dagrun for example_branch_datetime_operator_2 to 2024-05-10 00:00:00+00:00, run_after=2024-05-11 00:00:00+00:00
[2024-05-11T11:34:12.566+0000] {logging_mixin.py:188} INFO - [2024-05-11T11:34:12.566+0000] {dag.py:3954} INFO - Setting next_dagrun for example_branch_datetime_operator_3 to 2024-05-10 00:00:00+00:00, run_after=2024-05-11 00:00:00+00:00
[2024-05-11T11:34:12.586+0000] {processor.py:183} INFO - Processing /home/airflow/.local/lib/python3.12/site-packages/airflow/example_dags/example_branch_datetime_operator.py took 0.125 seconds
[2024-05-11T11:34:42.716+0000] {processor.py:161} INFO - Started process (PID=500) to work on /home/airflow/.local/lib/python3.12/site-packages/airflow/example_dags/example_branch_datetime_operator.py
[2024-05-11T11:34:42.717+0000] {processor.py:830} INFO - Processing file /home/airflow/.local/lib/python3.12/site-packages/airflow/example_dags/example_branch_datetime_operator.py for tasks to queue
[2024-05-11T11:34:42.719+0000] {logging_mixin.py:188} INFO - [2024-05-11T11:34:42.718+0000] {dagbag.py:545} INFO - Filling up the DagBag from /home/airflow/.local/lib/python3.12/site-packages/airflow/example_dags/example_branch_datetime_operator.py
[2024-05-11T11:34:42.727+0000] {processor.py:840} INFO - DAG(s) 'example_branch_datetime_operator_3', 'example_branch_datetime_operator_2', 'example_branch_datetime_operator' retrieved from /home/airflow/.local/lib/python3.12/site-packages/airflow/example_dags/example_branch_datetime_operator.py
[2024-05-11T11:34:42.739+0000] {logging_mixin.py:188} INFO - [2024-05-11T11:34:42.738+0000] {dag.py:3096} INFO - Sync 3 DAGs
[2024-05-11T11:34:42.761+0000] {logging_mixin.py:188} INFO - [2024-05-11T11:34:42.760+0000] {dag.py:3954} INFO - Setting next_dagrun for example_branch_datetime_operator to 2024-05-10 00:00:00+00:00, run_after=2024-05-11 00:00:00+00:00
[2024-05-11T11:34:42.766+0000] {logging_mixin.py:188} INFO - [2024-05-11T11:34:42.766+0000] {dag.py:3954} INFO - Setting next_dagrun for example_branch_datetime_operator_2 to 2024-05-10 00:00:00+00:00, run_after=2024-05-11 00:00:00+00:00
[2024-05-11T11:34:42.769+0000] {logging_mixin.py:188} INFO - [2024-05-11T11:34:42.769+0000] {dag.py:3954} INFO - Setting next_dagrun for example_branch_datetime_operator_3 to 2024-05-10 00:00:00+00:00, run_after=2024-05-11 00:00:00+00:00
[2024-05-11T11:34:42.785+0000] {processor.py:183} INFO - Processing /home/airflow/.local/lib/python3.12/site-packages/airflow/example_dags/example_branch_datetime_operator.py took 0.074 seconds
[2024-05-11T15:07:49.607+0000] {processor.py:161} INFO - Started process (PID=70) to work on /home/airflow/.local/lib/python3.12/site-packages/airflow/example_dags/example_branch_datetime_operator.py
[2024-05-11T15:07:49.688+0000] {processor.py:830} INFO - Processing file /home/airflow/.local/lib/python3.12/site-packages/airflow/example_dags/example_branch_datetime_operator.py for tasks to queue
[2024-05-11T15:07:49.690+0000] {logging_mixin.py:188} INFO - [2024-05-11T15:07:49.689+0000] {dagbag.py:545} INFO - Filling up the DagBag from /home/airflow/.local/lib/python3.12/site-packages/airflow/example_dags/example_branch_datetime_operator.py
[2024-05-11T15:07:49.699+0000] {processor.py:840} INFO - DAG(s) 'example_branch_datetime_operator_2', 'example_branch_datetime_operator_3', 'example_branch_datetime_operator' retrieved from /home/airflow/.local/lib/python3.12/site-packages/airflow/example_dags/example_branch_datetime_operator.py
[2024-05-11T15:07:49.808+0000] {logging_mixin.py:188} INFO - [2024-05-11T15:07:49.808+0000] {dag.py:3096} INFO - Sync 3 DAGs
[2024-05-11T15:07:49.828+0000] {logging_mixin.py:188} INFO - [2024-05-11T15:07:49.828+0000] {dag.py:3954} INFO - Setting next_dagrun for example_branch_datetime_operator to 2024-05-10 00:00:00+00:00, run_after=2024-05-11 00:00:00+00:00
[2024-05-11T15:07:49.832+0000] {logging_mixin.py:188} INFO - [2024-05-11T15:07:49.832+0000] {dag.py:3954} INFO - Setting next_dagrun for example_branch_datetime_operator_2 to 2024-05-10 00:00:00+00:00, run_after=2024-05-11 00:00:00+00:00
[2024-05-11T15:07:49.834+0000] {logging_mixin.py:188} INFO - [2024-05-11T15:07:49.834+0000] {dag.py:3954} INFO - Setting next_dagrun for example_branch_datetime_operator_3 to 2024-05-10 00:00:00+00:00, run_after=2024-05-11 00:00:00+00:00
[2024-05-11T15:07:50.024+0000] {processor.py:183} INFO - Processing /home/airflow/.local/lib/python3.12/site-packages/airflow/example_dags/example_branch_datetime_operator.py took 0.422 seconds
[2024-05-11T15:18:29.821+0000] {processor.py:161} INFO - Started process (PID=70) to work on /home/airflow/.local/lib/python3.12/site-packages/airflow/example_dags/example_branch_datetime_operator.py
[2024-05-11T15:18:29.827+0000] {processor.py:830} INFO - Processing file /home/airflow/.local/lib/python3.12/site-packages/airflow/example_dags/example_branch_datetime_operator.py for tasks to queue
[2024-05-11T15:18:29.831+0000] {logging_mixin.py:188} INFO - [2024-05-11T15:18:29.830+0000] {dagbag.py:545} INFO - Filling up the DagBag from /home/airflow/.local/lib/python3.12/site-packages/airflow/example_dags/example_branch_datetime_operator.py
[2024-05-11T15:18:29.857+0000] {processor.py:840} INFO - DAG(s) 'example_branch_datetime_operator_3', 'example_branch_datetime_operator', 'example_branch_datetime_operator_2' retrieved from /home/airflow/.local/lib/python3.12/site-packages/airflow/example_dags/example_branch_datetime_operator.py
[2024-05-11T15:18:29.887+0000] {logging_mixin.py:188} INFO - [2024-05-11T15:18:29.886+0000] {dag.py:3096} INFO - Sync 3 DAGs
[2024-05-11T15:18:29.948+0000] {logging_mixin.py:188} INFO - [2024-05-11T15:18:29.948+0000] {dag.py:3954} INFO - Setting next_dagrun for example_branch_datetime_operator to 2024-05-10 00:00:00+00:00, run_after=2024-05-11 00:00:00+00:00
[2024-05-11T15:18:29.958+0000] {logging_mixin.py:188} INFO - [2024-05-11T15:18:29.958+0000] {dag.py:3954} INFO - Setting next_dagrun for example_branch_datetime_operator_2 to 2024-05-10 00:00:00+00:00, run_after=2024-05-11 00:00:00+00:00
[2024-05-11T15:18:29.965+0000] {logging_mixin.py:188} INFO - [2024-05-11T15:18:29.964+0000] {dag.py:3954} INFO - Setting next_dagrun for example_branch_datetime_operator_3 to 2024-05-10 00:00:00+00:00, run_after=2024-05-11 00:00:00+00:00
[2024-05-11T15:18:29.998+0000] {processor.py:183} INFO - Processing /home/airflow/.local/lib/python3.12/site-packages/airflow/example_dags/example_branch_datetime_operator.py took 0.189 seconds
[2024-05-11T15:19:00.073+0000] {processor.py:161} INFO - Started process (PID=128) to work on /home/airflow/.local/lib/python3.12/site-packages/airflow/example_dags/example_branch_datetime_operator.py
[2024-05-11T15:19:00.075+0000] {processor.py:830} INFO - Processing file /home/airflow/.local/lib/python3.12/site-packages/airflow/example_dags/example_branch_datetime_operator.py for tasks to queue
[2024-05-11T15:19:00.076+0000] {logging_mixin.py:188} INFO - [2024-05-11T15:19:00.076+0000] {dagbag.py:545} INFO - Filling up the DagBag from /home/airflow/.local/lib/python3.12/site-packages/airflow/example_dags/example_branch_datetime_operator.py
[2024-05-11T15:19:00.086+0000] {processor.py:840} INFO - DAG(s) 'example_branch_datetime_operator', 'example_branch_datetime_operator_3', 'example_branch_datetime_operator_2' retrieved from /home/airflow/.local/lib/python3.12/site-packages/airflow/example_dags/example_branch_datetime_operator.py
[2024-05-11T15:19:00.098+0000] {logging_mixin.py:188} INFO - [2024-05-11T15:19:00.098+0000] {dag.py:3096} INFO - Sync 3 DAGs
[2024-05-11T15:19:00.122+0000] {logging_mixin.py:188} INFO - [2024-05-11T15:19:00.121+0000] {dag.py:3954} INFO - Setting next_dagrun for example_branch_datetime_operator to 2024-05-10 00:00:00+00:00, run_after=2024-05-11 00:00:00+00:00
[2024-05-11T15:19:00.127+0000] {logging_mixin.py:188} INFO - [2024-05-11T15:19:00.127+0000] {dag.py:3954} INFO - Setting next_dagrun for example_branch_datetime_operator_2 to 2024-05-10 00:00:00+00:00, run_after=2024-05-11 00:00:00+00:00
[2024-05-11T15:19:00.130+0000] {logging_mixin.py:188} INFO - [2024-05-11T15:19:00.130+0000] {dag.py:3954} INFO - Setting next_dagrun for example_branch_datetime_operator_3 to 2024-05-10 00:00:00+00:00, run_after=2024-05-11 00:00:00+00:00
[2024-05-11T15:19:00.145+0000] {processor.py:183} INFO - Processing /home/airflow/.local/lib/python3.12/site-packages/airflow/example_dags/example_branch_datetime_operator.py took 0.078 seconds
[2024-05-11T15:19:31.767+0000] {processor.py:161} INFO - Started process (PID=186) to work on /home/airflow/.local/lib/python3.12/site-packages/airflow/example_dags/example_branch_datetime_operator.py
[2024-05-11T15:19:31.768+0000] {processor.py:830} INFO - Processing file /home/airflow/.local/lib/python3.12/site-packages/airflow/example_dags/example_branch_datetime_operator.py for tasks to queue
[2024-05-11T15:19:31.769+0000] {logging_mixin.py:188} INFO - [2024-05-11T15:19:31.769+0000] {dagbag.py:545} INFO - Filling up the DagBag from /home/airflow/.local/lib/python3.12/site-packages/airflow/example_dags/example_branch_datetime_operator.py
[2024-05-11T15:19:31.778+0000] {processor.py:840} INFO - DAG(s) 'example_branch_datetime_operator', 'example_branch_datetime_operator_3', 'example_branch_datetime_operator_2' retrieved from /home/airflow/.local/lib/python3.12/site-packages/airflow/example_dags/example_branch_datetime_operator.py
[2024-05-11T15:19:31.889+0000] {logging_mixin.py:188} INFO - [2024-05-11T15:19:31.889+0000] {dag.py:3096} INFO - Sync 3 DAGs
[2024-05-11T15:19:31.911+0000] {logging_mixin.py:188} INFO - [2024-05-11T15:19:31.911+0000] {dag.py:3954} INFO - Setting next_dagrun for example_branch_datetime_operator to 2024-05-10 00:00:00+00:00, run_after=2024-05-11 00:00:00+00:00
[2024-05-11T15:19:31.916+0000] {logging_mixin.py:188} INFO - [2024-05-11T15:19:31.916+0000] {dag.py:3954} INFO - Setting next_dagrun for example_branch_datetime_operator_2 to 2024-05-10 00:00:00+00:00, run_after=2024-05-11 00:00:00+00:00
[2024-05-11T15:19:31.919+0000] {logging_mixin.py:188} INFO - [2024-05-11T15:19:31.918+0000] {dag.py:3954} INFO - Setting next_dagrun for example_branch_datetime_operator_3 to 2024-05-10 00:00:00+00:00, run_after=2024-05-11 00:00:00+00:00
[2024-05-11T15:19:31.936+0000] {processor.py:183} INFO - Processing /home/airflow/.local/lib/python3.12/site-packages/airflow/example_dags/example_branch_datetime_operator.py took 0.174 seconds
[2024-05-11T15:20:02.871+0000] {processor.py:161} INFO - Started process (PID=244) to work on /home/airflow/.local/lib/python3.12/site-packages/airflow/example_dags/example_branch_datetime_operator.py
[2024-05-11T15:20:02.872+0000] {processor.py:830} INFO - Processing file /home/airflow/.local/lib/python3.12/site-packages/airflow/example_dags/example_branch_datetime_operator.py for tasks to queue
[2024-05-11T15:20:02.874+0000] {logging_mixin.py:188} INFO - [2024-05-11T15:20:02.873+0000] {dagbag.py:545} INFO - Filling up the DagBag from /home/airflow/.local/lib/python3.12/site-packages/airflow/example_dags/example_branch_datetime_operator.py
[2024-05-11T15:20:02.881+0000] {processor.py:840} INFO - DAG(s) 'example_branch_datetime_operator', 'example_branch_datetime_operator_3', 'example_branch_datetime_operator_2' retrieved from /home/airflow/.local/lib/python3.12/site-packages/airflow/example_dags/example_branch_datetime_operator.py
[2024-05-11T15:20:02.904+0000] {logging_mixin.py:188} INFO - [2024-05-11T15:20:02.904+0000] {dag.py:3096} INFO - Sync 3 DAGs
[2024-05-11T15:20:02.924+0000] {logging_mixin.py:188} INFO - [2024-05-11T15:20:02.923+0000] {dag.py:3954} INFO - Setting next_dagrun for example_branch_datetime_operator to 2024-05-10 00:00:00+00:00, run_after=2024-05-11 00:00:00+00:00
[2024-05-11T15:20:02.928+0000] {logging_mixin.py:188} INFO - [2024-05-11T15:20:02.928+0000] {dag.py:3954} INFO - Setting next_dagrun for example_branch_datetime_operator_2 to 2024-05-10 00:00:00+00:00, run_after=2024-05-11 00:00:00+00:00
[2024-05-11T15:20:02.931+0000] {logging_mixin.py:188} INFO - [2024-05-11T15:20:02.930+0000] {dag.py:3954} INFO - Setting next_dagrun for example_branch_datetime_operator_3 to 2024-05-10 00:00:00+00:00, run_after=2024-05-11 00:00:00+00:00
[2024-05-11T15:20:02.945+0000] {processor.py:183} INFO - Processing /home/airflow/.local/lib/python3.12/site-packages/airflow/example_dags/example_branch_datetime_operator.py took 0.078 seconds
[2024-05-11T15:20:33.260+0000] {processor.py:161} INFO - Started process (PID=302) to work on /home/airflow/.local/lib/python3.12/site-packages/airflow/example_dags/example_branch_datetime_operator.py
[2024-05-11T15:20:33.263+0000] {processor.py:830} INFO - Processing file /home/airflow/.local/lib/python3.12/site-packages/airflow/example_dags/example_branch_datetime_operator.py for tasks to queue
[2024-05-11T15:20:33.265+0000] {logging_mixin.py:188} INFO - [2024-05-11T15:20:33.264+0000] {dagbag.py:545} INFO - Filling up the DagBag from /home/airflow/.local/lib/python3.12/site-packages/airflow/example_dags/example_branch_datetime_operator.py
[2024-05-11T15:20:33.277+0000] {processor.py:840} INFO - DAG(s) 'example_branch_datetime_operator_3', 'example_branch_datetime_operator', 'example_branch_datetime_operator_2' retrieved from /home/airflow/.local/lib/python3.12/site-packages/airflow/example_dags/example_branch_datetime_operator.py
[2024-05-11T15:20:33.310+0000] {logging_mixin.py:188} INFO - [2024-05-11T15:20:33.310+0000] {dag.py:3096} INFO - Sync 3 DAGs
[2024-05-11T15:20:33.339+0000] {logging_mixin.py:188} INFO - [2024-05-11T15:20:33.339+0000] {dag.py:3954} INFO - Setting next_dagrun for example_branch_datetime_operator to 2024-05-10 00:00:00+00:00, run_after=2024-05-11 00:00:00+00:00
[2024-05-11T15:20:33.347+0000] {logging_mixin.py:188} INFO - [2024-05-11T15:20:33.346+0000] {dag.py:3954} INFO - Setting next_dagrun for example_branch_datetime_operator_2 to 2024-05-10 00:00:00+00:00, run_after=2024-05-11 00:00:00+00:00
[2024-05-11T15:20:33.351+0000] {logging_mixin.py:188} INFO - [2024-05-11T15:20:33.351+0000] {dag.py:3954} INFO - Setting next_dagrun for example_branch_datetime_operator_3 to 2024-05-10 00:00:00+00:00, run_after=2024-05-11 00:00:00+00:00
[2024-05-11T15:20:33.389+0000] {processor.py:183} INFO - Processing /home/airflow/.local/lib/python3.12/site-packages/airflow/example_dags/example_branch_datetime_operator.py took 0.136 seconds
[2024-05-11T15:27:07.627+0000] {processor.py:161} INFO - Started process (PID=78) to work on /home/airflow/.local/lib/python3.12/site-packages/airflow/example_dags/example_branch_datetime_operator.py
[2024-05-11T15:27:07.629+0000] {processor.py:830} INFO - Processing file /home/airflow/.local/lib/python3.12/site-packages/airflow/example_dags/example_branch_datetime_operator.py for tasks to queue
[2024-05-11T15:27:07.631+0000] {logging_mixin.py:188} INFO - [2024-05-11T15:27:07.630+0000] {dagbag.py:545} INFO - Filling up the DagBag from /home/airflow/.local/lib/python3.12/site-packages/airflow/example_dags/example_branch_datetime_operator.py
[2024-05-11T15:27:07.648+0000] {processor.py:840} INFO - DAG(s) 'example_branch_datetime_operator_2', 'example_branch_datetime_operator', 'example_branch_datetime_operator_3' retrieved from /home/airflow/.local/lib/python3.12/site-packages/airflow/example_dags/example_branch_datetime_operator.py
[2024-05-11T15:27:07.803+0000] {logging_mixin.py:188} INFO - [2024-05-11T15:27:07.803+0000] {dag.py:3096} INFO - Sync 3 DAGs
[2024-05-11T15:27:07.835+0000] {logging_mixin.py:188} INFO - [2024-05-11T15:27:07.835+0000] {dag.py:3954} INFO - Setting next_dagrun for example_branch_datetime_operator to 2024-05-10 00:00:00+00:00, run_after=2024-05-11 00:00:00+00:00
[2024-05-11T15:27:07.841+0000] {logging_mixin.py:188} INFO - [2024-05-11T15:27:07.841+0000] {dag.py:3954} INFO - Setting next_dagrun for example_branch_datetime_operator_2 to 2024-05-10 00:00:00+00:00, run_after=2024-05-11 00:00:00+00:00
[2024-05-11T15:27:07.846+0000] {logging_mixin.py:188} INFO - [2024-05-11T15:27:07.845+0000] {dag.py:3954} INFO - Setting next_dagrun for example_branch_datetime_operator_3 to 2024-05-10 00:00:00+00:00, run_after=2024-05-11 00:00:00+00:00
[2024-05-11T15:27:07.871+0000] {processor.py:183} INFO - Processing /home/airflow/.local/lib/python3.12/site-packages/airflow/example_dags/example_branch_datetime_operator.py took 0.252 seconds
[2024-05-11T15:27:38.188+0000] {processor.py:161} INFO - Started process (PID=136) to work on /home/airflow/.local/lib/python3.12/site-packages/airflow/example_dags/example_branch_datetime_operator.py
[2024-05-11T15:27:38.190+0000] {processor.py:830} INFO - Processing file /home/airflow/.local/lib/python3.12/site-packages/airflow/example_dags/example_branch_datetime_operator.py for tasks to queue
[2024-05-11T15:27:38.191+0000] {logging_mixin.py:188} INFO - [2024-05-11T15:27:38.191+0000] {dagbag.py:545} INFO - Filling up the DagBag from /home/airflow/.local/lib/python3.12/site-packages/airflow/example_dags/example_branch_datetime_operator.py
[2024-05-11T15:27:38.201+0000] {processor.py:840} INFO - DAG(s) 'example_branch_datetime_operator_2', 'example_branch_datetime_operator', 'example_branch_datetime_operator_3' retrieved from /home/airflow/.local/lib/python3.12/site-packages/airflow/example_dags/example_branch_datetime_operator.py
[2024-05-11T15:27:38.227+0000] {logging_mixin.py:188} INFO - [2024-05-11T15:27:38.227+0000] {dag.py:3096} INFO - Sync 3 DAGs
[2024-05-11T15:27:38.251+0000] {logging_mixin.py:188} INFO - [2024-05-11T15:27:38.251+0000] {dag.py:3954} INFO - Setting next_dagrun for example_branch_datetime_operator to 2024-05-10 00:00:00+00:00, run_after=2024-05-11 00:00:00+00:00
[2024-05-11T15:27:38.257+0000] {logging_mixin.py:188} INFO - [2024-05-11T15:27:38.256+0000] {dag.py:3954} INFO - Setting next_dagrun for example_branch_datetime_operator_2 to 2024-05-10 00:00:00+00:00, run_after=2024-05-11 00:00:00+00:00
[2024-05-11T15:27:38.259+0000] {logging_mixin.py:188} INFO - [2024-05-11T15:27:38.259+0000] {dag.py:3954} INFO - Setting next_dagrun for example_branch_datetime_operator_3 to 2024-05-10 00:00:00+00:00, run_after=2024-05-11 00:00:00+00:00
[2024-05-11T15:27:38.275+0000] {processor.py:183} INFO - Processing /home/airflow/.local/lib/python3.12/site-packages/airflow/example_dags/example_branch_datetime_operator.py took 0.092 seconds
[2024-05-11T15:28:08.608+0000] {processor.py:161} INFO - Started process (PID=194) to work on /home/airflow/.local/lib/python3.12/site-packages/airflow/example_dags/example_branch_datetime_operator.py
[2024-05-11T15:28:08.609+0000] {processor.py:830} INFO - Processing file /home/airflow/.local/lib/python3.12/site-packages/airflow/example_dags/example_branch_datetime_operator.py for tasks to queue
[2024-05-11T15:28:08.610+0000] {logging_mixin.py:188} INFO - [2024-05-11T15:28:08.610+0000] {dagbag.py:545} INFO - Filling up the DagBag from /home/airflow/.local/lib/python3.12/site-packages/airflow/example_dags/example_branch_datetime_operator.py
[2024-05-11T15:28:08.620+0000] {processor.py:840} INFO - DAG(s) 'example_branch_datetime_operator_3', 'example_branch_datetime_operator', 'example_branch_datetime_operator_2' retrieved from /home/airflow/.local/lib/python3.12/site-packages/airflow/example_dags/example_branch_datetime_operator.py
[2024-05-11T15:28:08.647+0000] {logging_mixin.py:188} INFO - [2024-05-11T15:28:08.647+0000] {dag.py:3096} INFO - Sync 3 DAGs
[2024-05-11T15:28:08.671+0000] {logging_mixin.py:188} INFO - [2024-05-11T15:28:08.671+0000] {dag.py:3954} INFO - Setting next_dagrun for example_branch_datetime_operator to 2024-05-10 00:00:00+00:00, run_after=2024-05-11 00:00:00+00:00
[2024-05-11T15:28:08.676+0000] {logging_mixin.py:188} INFO - [2024-05-11T15:28:08.676+0000] {dag.py:3954} INFO - Setting next_dagrun for example_branch_datetime_operator_2 to 2024-05-10 00:00:00+00:00, run_after=2024-05-11 00:00:00+00:00
[2024-05-11T15:28:08.679+0000] {logging_mixin.py:188} INFO - [2024-05-11T15:28:08.679+0000] {dag.py:3954} INFO - Setting next_dagrun for example_branch_datetime_operator_3 to 2024-05-10 00:00:00+00:00, run_after=2024-05-11 00:00:00+00:00
[2024-05-11T15:28:08.701+0000] {processor.py:183} INFO - Processing /home/airflow/.local/lib/python3.12/site-packages/airflow/example_dags/example_branch_datetime_operator.py took 0.098 seconds
[2024-05-11T15:28:38.755+0000] {processor.py:161} INFO - Started process (PID=252) to work on /home/airflow/.local/lib/python3.12/site-packages/airflow/example_dags/example_branch_datetime_operator.py
[2024-05-11T15:28:38.755+0000] {processor.py:830} INFO - Processing file /home/airflow/.local/lib/python3.12/site-packages/airflow/example_dags/example_branch_datetime_operator.py for tasks to queue
[2024-05-11T15:28:38.757+0000] {logging_mixin.py:188} INFO - [2024-05-11T15:28:38.757+0000] {dagbag.py:545} INFO - Filling up the DagBag from /home/airflow/.local/lib/python3.12/site-packages/airflow/example_dags/example_branch_datetime_operator.py
[2024-05-11T15:28:38.766+0000] {processor.py:840} INFO - DAG(s) 'example_branch_datetime_operator_3', 'example_branch_datetime_operator_2', 'example_branch_datetime_operator' retrieved from /home/airflow/.local/lib/python3.12/site-packages/airflow/example_dags/example_branch_datetime_operator.py
[2024-05-11T15:28:38.791+0000] {logging_mixin.py:188} INFO - [2024-05-11T15:28:38.790+0000] {dag.py:3096} INFO - Sync 3 DAGs
[2024-05-11T15:28:38.812+0000] {logging_mixin.py:188} INFO - [2024-05-11T15:28:38.812+0000] {dag.py:3954} INFO - Setting next_dagrun for example_branch_datetime_operator to 2024-05-10 00:00:00+00:00, run_after=2024-05-11 00:00:00+00:00
[2024-05-11T15:28:38.817+0000] {logging_mixin.py:188} INFO - [2024-05-11T15:28:38.817+0000] {dag.py:3954} INFO - Setting next_dagrun for example_branch_datetime_operator_2 to 2024-05-10 00:00:00+00:00, run_after=2024-05-11 00:00:00+00:00
[2024-05-11T15:28:38.819+0000] {logging_mixin.py:188} INFO - [2024-05-11T15:28:38.819+0000] {dag.py:3954} INFO - Setting next_dagrun for example_branch_datetime_operator_3 to 2024-05-10 00:00:00+00:00, run_after=2024-05-11 00:00:00+00:00
[2024-05-11T15:28:38.833+0000] {processor.py:183} INFO - Processing /home/airflow/.local/lib/python3.12/site-packages/airflow/example_dags/example_branch_datetime_operator.py took 0.083 seconds
[2024-05-11T15:46:25.227+0000] {processor.py:161} INFO - Started process (PID=76) to work on /home/airflow/.local/lib/python3.12/site-packages/airflow/example_dags/example_branch_datetime_operator.py
[2024-05-11T15:46:25.239+0000] {processor.py:830} INFO - Processing file /home/airflow/.local/lib/python3.12/site-packages/airflow/example_dags/example_branch_datetime_operator.py for tasks to queue
[2024-05-11T15:46:25.300+0000] {logging_mixin.py:188} INFO - [2024-05-11T15:46:25.297+0000] {dagbag.py:545} INFO - Filling up the DagBag from /home/airflow/.local/lib/python3.12/site-packages/airflow/example_dags/example_branch_datetime_operator.py
[2024-05-11T15:46:25.427+0000] {processor.py:840} INFO - DAG(s) 'example_branch_datetime_operator', 'example_branch_datetime_operator_3', 'example_branch_datetime_operator_2' retrieved from /home/airflow/.local/lib/python3.12/site-packages/airflow/example_dags/example_branch_datetime_operator.py
[2024-05-11T15:46:25.939+0000] {logging_mixin.py:188} INFO - [2024-05-11T15:46:25.938+0000] {dag.py:3096} INFO - Sync 3 DAGs
[2024-05-11T15:46:26.009+0000] {logging_mixin.py:188} INFO - [2024-05-11T15:46:26.008+0000] {dag.py:3954} INFO - Setting next_dagrun for example_branch_datetime_operator to 2024-05-10 00:00:00+00:00, run_after=2024-05-11 00:00:00+00:00
[2024-05-11T15:46:26.019+0000] {logging_mixin.py:188} INFO - [2024-05-11T15:46:26.019+0000] {dag.py:3954} INFO - Setting next_dagrun for example_branch_datetime_operator_2 to 2024-05-10 00:00:00+00:00, run_after=2024-05-11 00:00:00+00:00
[2024-05-11T15:46:26.023+0000] {logging_mixin.py:188} INFO - [2024-05-11T15:46:26.022+0000] {dag.py:3954} INFO - Setting next_dagrun for example_branch_datetime_operator_3 to 2024-05-10 00:00:00+00:00, run_after=2024-05-11 00:00:00+00:00
[2024-05-11T15:46:26.055+0000] {processor.py:183} INFO - Processing /home/airflow/.local/lib/python3.12/site-packages/airflow/example_dags/example_branch_datetime_operator.py took 0.920 seconds
[2024-05-11T15:46:56.315+0000] {processor.py:161} INFO - Started process (PID=134) to work on /home/airflow/.local/lib/python3.12/site-packages/airflow/example_dags/example_branch_datetime_operator.py
[2024-05-11T15:46:56.317+0000] {processor.py:830} INFO - Processing file /home/airflow/.local/lib/python3.12/site-packages/airflow/example_dags/example_branch_datetime_operator.py for tasks to queue
[2024-05-11T15:46:56.320+0000] {logging_mixin.py:188} INFO - [2024-05-11T15:46:56.319+0000] {dagbag.py:545} INFO - Filling up the DagBag from /home/airflow/.local/lib/python3.12/site-packages/airflow/example_dags/example_branch_datetime_operator.py
[2024-05-11T15:46:56.331+0000] {processor.py:840} INFO - DAG(s) 'example_branch_datetime_operator', 'example_branch_datetime_operator_3', 'example_branch_datetime_operator_2' retrieved from /home/airflow/.local/lib/python3.12/site-packages/airflow/example_dags/example_branch_datetime_operator.py
[2024-05-11T15:46:56.426+0000] {logging_mixin.py:188} INFO - [2024-05-11T15:46:56.426+0000] {dag.py:3096} INFO - Sync 3 DAGs
[2024-05-11T15:46:56.484+0000] {logging_mixin.py:188} INFO - [2024-05-11T15:46:56.483+0000] {dag.py:3954} INFO - Setting next_dagrun for example_branch_datetime_operator to 2024-05-10 00:00:00+00:00, run_after=2024-05-11 00:00:00+00:00
[2024-05-11T15:46:56.490+0000] {logging_mixin.py:188} INFO - [2024-05-11T15:46:56.490+0000] {dag.py:3954} INFO - Setting next_dagrun for example_branch_datetime_operator_2 to 2024-05-10 00:00:00+00:00, run_after=2024-05-11 00:00:00+00:00
[2024-05-11T15:46:56.493+0000] {logging_mixin.py:188} INFO - [2024-05-11T15:46:56.493+0000] {dag.py:3954} INFO - Setting next_dagrun for example_branch_datetime_operator_3 to 2024-05-10 00:00:00+00:00, run_after=2024-05-11 00:00:00+00:00
[2024-05-11T15:46:56.519+0000] {processor.py:183} INFO - Processing /home/airflow/.local/lib/python3.12/site-packages/airflow/example_dags/example_branch_datetime_operator.py took 0.209 seconds
[2024-05-11T15:47:26.963+0000] {processor.py:161} INFO - Started process (PID=192) to work on /home/airflow/.local/lib/python3.12/site-packages/airflow/example_dags/example_branch_datetime_operator.py
[2024-05-11T15:47:26.964+0000] {processor.py:830} INFO - Processing file /home/airflow/.local/lib/python3.12/site-packages/airflow/example_dags/example_branch_datetime_operator.py for tasks to queue
[2024-05-11T15:47:26.966+0000] {logging_mixin.py:188} INFO - [2024-05-11T15:47:26.965+0000] {dagbag.py:545} INFO - Filling up the DagBag from /home/airflow/.local/lib/python3.12/site-packages/airflow/example_dags/example_branch_datetime_operator.py
[2024-05-11T15:47:26.974+0000] {processor.py:840} INFO - DAG(s) 'example_branch_datetime_operator_3', 'example_branch_datetime_operator_2', 'example_branch_datetime_operator' retrieved from /home/airflow/.local/lib/python3.12/site-packages/airflow/example_dags/example_branch_datetime_operator.py
[2024-05-11T15:47:26.997+0000] {logging_mixin.py:188} INFO - [2024-05-11T15:47:26.997+0000] {dag.py:3096} INFO - Sync 3 DAGs
[2024-05-11T15:47:27.017+0000] {logging_mixin.py:188} INFO - [2024-05-11T15:47:27.017+0000] {dag.py:3954} INFO - Setting next_dagrun for example_branch_datetime_operator to 2024-05-10 00:00:00+00:00, run_after=2024-05-11 00:00:00+00:00
[2024-05-11T15:47:27.022+0000] {logging_mixin.py:188} INFO - [2024-05-11T15:47:27.022+0000] {dag.py:3954} INFO - Setting next_dagrun for example_branch_datetime_operator_2 to 2024-05-10 00:00:00+00:00, run_after=2024-05-11 00:00:00+00:00
[2024-05-11T15:47:27.024+0000] {logging_mixin.py:188} INFO - [2024-05-11T15:47:27.024+0000] {dag.py:3954} INFO - Setting next_dagrun for example_branch_datetime_operator_3 to 2024-05-10 00:00:00+00:00, run_after=2024-05-11 00:00:00+00:00
[2024-05-11T15:47:27.044+0000] {processor.py:183} INFO - Processing /home/airflow/.local/lib/python3.12/site-packages/airflow/example_dags/example_branch_datetime_operator.py took 0.085 seconds
[2024-05-11T15:47:57.460+0000] {processor.py:161} INFO - Started process (PID=250) to work on /home/airflow/.local/lib/python3.12/site-packages/airflow/example_dags/example_branch_datetime_operator.py
[2024-05-11T15:47:57.461+0000] {processor.py:830} INFO - Processing file /home/airflow/.local/lib/python3.12/site-packages/airflow/example_dags/example_branch_datetime_operator.py for tasks to queue
[2024-05-11T15:47:57.463+0000] {logging_mixin.py:188} INFO - [2024-05-11T15:47:57.462+0000] {dagbag.py:545} INFO - Filling up the DagBag from /home/airflow/.local/lib/python3.12/site-packages/airflow/example_dags/example_branch_datetime_operator.py
[2024-05-11T15:47:57.471+0000] {processor.py:840} INFO - DAG(s) 'example_branch_datetime_operator_3', 'example_branch_datetime_operator_2', 'example_branch_datetime_operator' retrieved from /home/airflow/.local/lib/python3.12/site-packages/airflow/example_dags/example_branch_datetime_operator.py
[2024-05-11T15:47:57.496+0000] {logging_mixin.py:188} INFO - [2024-05-11T15:47:57.496+0000] {dag.py:3096} INFO - Sync 3 DAGs
[2024-05-11T15:47:57.519+0000] {logging_mixin.py:188} INFO - [2024-05-11T15:47:57.519+0000] {dag.py:3954} INFO - Setting next_dagrun for example_branch_datetime_operator to 2024-05-10 00:00:00+00:00, run_after=2024-05-11 00:00:00+00:00
[2024-05-11T15:47:57.526+0000] {logging_mixin.py:188} INFO - [2024-05-11T15:47:57.525+0000] {dag.py:3954} INFO - Setting next_dagrun for example_branch_datetime_operator_2 to 2024-05-10 00:00:00+00:00, run_after=2024-05-11 00:00:00+00:00
[2024-05-11T15:47:57.528+0000] {logging_mixin.py:188} INFO - [2024-05-11T15:47:57.528+0000] {dag.py:3954} INFO - Setting next_dagrun for example_branch_datetime_operator_3 to 2024-05-10 00:00:00+00:00, run_after=2024-05-11 00:00:00+00:00
[2024-05-11T15:47:57.554+0000] {processor.py:183} INFO - Processing /home/airflow/.local/lib/python3.12/site-packages/airflow/example_dags/example_branch_datetime_operator.py took 0.098 seconds
[2024-05-11T15:48:27.752+0000] {processor.py:161} INFO - Started process (PID=308) to work on /home/airflow/.local/lib/python3.12/site-packages/airflow/example_dags/example_branch_datetime_operator.py
[2024-05-11T15:48:27.754+0000] {processor.py:830} INFO - Processing file /home/airflow/.local/lib/python3.12/site-packages/airflow/example_dags/example_branch_datetime_operator.py for tasks to queue
[2024-05-11T15:48:27.757+0000] {logging_mixin.py:188} INFO - [2024-05-11T15:48:27.756+0000] {dagbag.py:545} INFO - Filling up the DagBag from /home/airflow/.local/lib/python3.12/site-packages/airflow/example_dags/example_branch_datetime_operator.py
[2024-05-11T15:48:27.772+0000] {processor.py:840} INFO - DAG(s) 'example_branch_datetime_operator', 'example_branch_datetime_operator_3', 'example_branch_datetime_operator_2' retrieved from /home/airflow/.local/lib/python3.12/site-packages/airflow/example_dags/example_branch_datetime_operator.py
[2024-05-11T15:48:27.808+0000] {logging_mixin.py:188} INFO - [2024-05-11T15:48:27.807+0000] {dag.py:3096} INFO - Sync 3 DAGs
[2024-05-11T15:48:27.840+0000] {logging_mixin.py:188} INFO - [2024-05-11T15:48:27.840+0000] {dag.py:3954} INFO - Setting next_dagrun for example_branch_datetime_operator to 2024-05-10 00:00:00+00:00, run_after=2024-05-11 00:00:00+00:00
[2024-05-11T15:48:27.847+0000] {logging_mixin.py:188} INFO - [2024-05-11T15:48:27.847+0000] {dag.py:3954} INFO - Setting next_dagrun for example_branch_datetime_operator_2 to 2024-05-10 00:00:00+00:00, run_after=2024-05-11 00:00:00+00:00
[2024-05-11T15:48:27.851+0000] {logging_mixin.py:188} INFO - [2024-05-11T15:48:27.851+0000] {dag.py:3954} INFO - Setting next_dagrun for example_branch_datetime_operator_3 to 2024-05-10 00:00:00+00:00, run_after=2024-05-11 00:00:00+00:00
[2024-05-11T15:48:27.875+0000] {processor.py:183} INFO - Processing /home/airflow/.local/lib/python3.12/site-packages/airflow/example_dags/example_branch_datetime_operator.py took 0.131 seconds
[2024-05-11T15:48:58.024+0000] {processor.py:161} INFO - Started process (PID=366) to work on /home/airflow/.local/lib/python3.12/site-packages/airflow/example_dags/example_branch_datetime_operator.py
[2024-05-11T15:48:58.025+0000] {processor.py:830} INFO - Processing file /home/airflow/.local/lib/python3.12/site-packages/airflow/example_dags/example_branch_datetime_operator.py for tasks to queue
[2024-05-11T15:48:58.028+0000] {logging_mixin.py:188} INFO - [2024-05-11T15:48:58.027+0000] {dagbag.py:545} INFO - Filling up the DagBag from /home/airflow/.local/lib/python3.12/site-packages/airflow/example_dags/example_branch_datetime_operator.py
[2024-05-11T15:48:58.041+0000] {processor.py:840} INFO - DAG(s) 'example_branch_datetime_operator_3', 'example_branch_datetime_operator_2', 'example_branch_datetime_operator' retrieved from /home/airflow/.local/lib/python3.12/site-packages/airflow/example_dags/example_branch_datetime_operator.py
[2024-05-11T15:48:58.098+0000] {logging_mixin.py:188} INFO - [2024-05-11T15:48:58.097+0000] {dag.py:3096} INFO - Sync 3 DAGs
[2024-05-11T15:48:58.136+0000] {logging_mixin.py:188} INFO - [2024-05-11T15:48:58.135+0000] {dag.py:3954} INFO - Setting next_dagrun for example_branch_datetime_operator to 2024-05-10 00:00:00+00:00, run_after=2024-05-11 00:00:00+00:00
[2024-05-11T15:48:58.144+0000] {logging_mixin.py:188} INFO - [2024-05-11T15:48:58.144+0000] {dag.py:3954} INFO - Setting next_dagrun for example_branch_datetime_operator_2 to 2024-05-10 00:00:00+00:00, run_after=2024-05-11 00:00:00+00:00
[2024-05-11T15:48:58.148+0000] {logging_mixin.py:188} INFO - [2024-05-11T15:48:58.147+0000] {dag.py:3954} INFO - Setting next_dagrun for example_branch_datetime_operator_3 to 2024-05-10 00:00:00+00:00, run_after=2024-05-11 00:00:00+00:00
[2024-05-11T15:48:58.180+0000] {processor.py:183} INFO - Processing /home/airflow/.local/lib/python3.12/site-packages/airflow/example_dags/example_branch_datetime_operator.py took 0.163 seconds
[2024-05-11T15:49:28.628+0000] {processor.py:161} INFO - Started process (PID=424) to work on /home/airflow/.local/lib/python3.12/site-packages/airflow/example_dags/example_branch_datetime_operator.py
[2024-05-11T15:49:28.629+0000] {processor.py:830} INFO - Processing file /home/airflow/.local/lib/python3.12/site-packages/airflow/example_dags/example_branch_datetime_operator.py for tasks to queue
[2024-05-11T15:49:28.631+0000] {logging_mixin.py:188} INFO - [2024-05-11T15:49:28.631+0000] {dagbag.py:545} INFO - Filling up the DagBag from /home/airflow/.local/lib/python3.12/site-packages/airflow/example_dags/example_branch_datetime_operator.py
[2024-05-11T15:49:28.639+0000] {processor.py:840} INFO - DAG(s) 'example_branch_datetime_operator', 'example_branch_datetime_operator_2', 'example_branch_datetime_operator_3' retrieved from /home/airflow/.local/lib/python3.12/site-packages/airflow/example_dags/example_branch_datetime_operator.py
[2024-05-11T15:49:28.661+0000] {logging_mixin.py:188} INFO - [2024-05-11T15:49:28.661+0000] {dag.py:3096} INFO - Sync 3 DAGs
[2024-05-11T15:49:28.683+0000] {logging_mixin.py:188} INFO - [2024-05-11T15:49:28.683+0000] {dag.py:3954} INFO - Setting next_dagrun for example_branch_datetime_operator to 2024-05-10 00:00:00+00:00, run_after=2024-05-11 00:00:00+00:00
[2024-05-11T15:49:28.688+0000] {logging_mixin.py:188} INFO - [2024-05-11T15:49:28.688+0000] {dag.py:3954} INFO - Setting next_dagrun for example_branch_datetime_operator_2 to 2024-05-10 00:00:00+00:00, run_after=2024-05-11 00:00:00+00:00
[2024-05-11T15:49:28.690+0000] {logging_mixin.py:188} INFO - [2024-05-11T15:49:28.690+0000] {dag.py:3954} INFO - Setting next_dagrun for example_branch_datetime_operator_3 to 2024-05-10 00:00:00+00:00, run_after=2024-05-11 00:00:00+00:00
[2024-05-11T15:49:28.706+0000] {processor.py:183} INFO - Processing /home/airflow/.local/lib/python3.12/site-packages/airflow/example_dags/example_branch_datetime_operator.py took 0.081 seconds
[2024-05-11T15:49:58.866+0000] {processor.py:161} INFO - Started process (PID=483) to work on /home/airflow/.local/lib/python3.12/site-packages/airflow/example_dags/example_branch_datetime_operator.py
[2024-05-11T15:49:58.867+0000] {processor.py:830} INFO - Processing file /home/airflow/.local/lib/python3.12/site-packages/airflow/example_dags/example_branch_datetime_operator.py for tasks to queue
[2024-05-11T15:49:58.869+0000] {logging_mixin.py:188} INFO - [2024-05-11T15:49:58.868+0000] {dagbag.py:545} INFO - Filling up the DagBag from /home/airflow/.local/lib/python3.12/site-packages/airflow/example_dags/example_branch_datetime_operator.py
[2024-05-11T15:49:58.878+0000] {processor.py:840} INFO - DAG(s) 'example_branch_datetime_operator_2', 'example_branch_datetime_operator_3', 'example_branch_datetime_operator' retrieved from /home/airflow/.local/lib/python3.12/site-packages/airflow/example_dags/example_branch_datetime_operator.py
[2024-05-11T15:49:58.902+0000] {logging_mixin.py:188} INFO - [2024-05-11T15:49:58.902+0000] {dag.py:3096} INFO - Sync 3 DAGs
[2024-05-11T15:49:58.929+0000] {logging_mixin.py:188} INFO - [2024-05-11T15:49:58.929+0000] {dag.py:3954} INFO - Setting next_dagrun for example_branch_datetime_operator to 2024-05-10 00:00:00+00:00, run_after=2024-05-11 00:00:00+00:00
[2024-05-11T15:49:58.935+0000] {logging_mixin.py:188} INFO - [2024-05-11T15:49:58.935+0000] {dag.py:3954} INFO - Setting next_dagrun for example_branch_datetime_operator_2 to 2024-05-10 00:00:00+00:00, run_after=2024-05-11 00:00:00+00:00
[2024-05-11T15:49:58.938+0000] {logging_mixin.py:188} INFO - [2024-05-11T15:49:58.938+0000] {dag.py:3954} INFO - Setting next_dagrun for example_branch_datetime_operator_3 to 2024-05-10 00:00:00+00:00, run_after=2024-05-11 00:00:00+00:00
[2024-05-11T15:49:58.956+0000] {processor.py:183} INFO - Processing /home/airflow/.local/lib/python3.12/site-packages/airflow/example_dags/example_branch_datetime_operator.py took 0.094 seconds
[2024-05-11T15:50:29.212+0000] {processor.py:161} INFO - Started process (PID=541) to work on /home/airflow/.local/lib/python3.12/site-packages/airflow/example_dags/example_branch_datetime_operator.py
[2024-05-11T15:50:29.213+0000] {processor.py:830} INFO - Processing file /home/airflow/.local/lib/python3.12/site-packages/airflow/example_dags/example_branch_datetime_operator.py for tasks to queue
[2024-05-11T15:50:29.214+0000] {logging_mixin.py:188} INFO - [2024-05-11T15:50:29.214+0000] {dagbag.py:545} INFO - Filling up the DagBag from /home/airflow/.local/lib/python3.12/site-packages/airflow/example_dags/example_branch_datetime_operator.py
[2024-05-11T15:50:29.223+0000] {processor.py:840} INFO - DAG(s) 'example_branch_datetime_operator', 'example_branch_datetime_operator_3', 'example_branch_datetime_operator_2' retrieved from /home/airflow/.local/lib/python3.12/site-packages/airflow/example_dags/example_branch_datetime_operator.py
[2024-05-11T15:50:29.248+0000] {logging_mixin.py:188} INFO - [2024-05-11T15:50:29.247+0000] {dag.py:3096} INFO - Sync 3 DAGs
[2024-05-11T15:50:29.271+0000] {logging_mixin.py:188} INFO - [2024-05-11T15:50:29.271+0000] {dag.py:3954} INFO - Setting next_dagrun for example_branch_datetime_operator to 2024-05-10 00:00:00+00:00, run_after=2024-05-11 00:00:00+00:00
[2024-05-11T15:50:29.276+0000] {logging_mixin.py:188} INFO - [2024-05-11T15:50:29.276+0000] {dag.py:3954} INFO - Setting next_dagrun for example_branch_datetime_operator_2 to 2024-05-10 00:00:00+00:00, run_after=2024-05-11 00:00:00+00:00
[2024-05-11T15:50:29.279+0000] {logging_mixin.py:188} INFO - [2024-05-11T15:50:29.279+0000] {dag.py:3954} INFO - Setting next_dagrun for example_branch_datetime_operator_3 to 2024-05-10 00:00:00+00:00, run_after=2024-05-11 00:00:00+00:00
[2024-05-11T15:50:29.294+0000] {processor.py:183} INFO - Processing /home/airflow/.local/lib/python3.12/site-packages/airflow/example_dags/example_branch_datetime_operator.py took 0.087 seconds
[2024-05-11T15:50:59.725+0000] {processor.py:161} INFO - Started process (PID=599) to work on /home/airflow/.local/lib/python3.12/site-packages/airflow/example_dags/example_branch_datetime_operator.py
[2024-05-11T15:50:59.726+0000] {processor.py:830} INFO - Processing file /home/airflow/.local/lib/python3.12/site-packages/airflow/example_dags/example_branch_datetime_operator.py for tasks to queue
[2024-05-11T15:50:59.728+0000] {logging_mixin.py:188} INFO - [2024-05-11T15:50:59.728+0000] {dagbag.py:545} INFO - Filling up the DagBag from /home/airflow/.local/lib/python3.12/site-packages/airflow/example_dags/example_branch_datetime_operator.py
[2024-05-11T15:50:59.738+0000] {processor.py:840} INFO - DAG(s) 'example_branch_datetime_operator_2', 'example_branch_datetime_operator_3', 'example_branch_datetime_operator' retrieved from /home/airflow/.local/lib/python3.12/site-packages/airflow/example_dags/example_branch_datetime_operator.py
[2024-05-11T15:50:59.770+0000] {logging_mixin.py:188} INFO - [2024-05-11T15:50:59.769+0000] {dag.py:3096} INFO - Sync 3 DAGs
[2024-05-11T15:50:59.798+0000] {logging_mixin.py:188} INFO - [2024-05-11T15:50:59.798+0000] {dag.py:3954} INFO - Setting next_dagrun for example_branch_datetime_operator to 2024-05-10 00:00:00+00:00, run_after=2024-05-11 00:00:00+00:00
[2024-05-11T15:50:59.806+0000] {logging_mixin.py:188} INFO - [2024-05-11T15:50:59.806+0000] {dag.py:3954} INFO - Setting next_dagrun for example_branch_datetime_operator_2 to 2024-05-10 00:00:00+00:00, run_after=2024-05-11 00:00:00+00:00
[2024-05-11T15:50:59.811+0000] {logging_mixin.py:188} INFO - [2024-05-11T15:50:59.811+0000] {dag.py:3954} INFO - Setting next_dagrun for example_branch_datetime_operator_3 to 2024-05-10 00:00:00+00:00, run_after=2024-05-11 00:00:00+00:00
[2024-05-11T15:50:59.833+0000] {processor.py:183} INFO - Processing /home/airflow/.local/lib/python3.12/site-packages/airflow/example_dags/example_branch_datetime_operator.py took 0.114 seconds
[2024-05-11T15:51:29.882+0000] {processor.py:161} INFO - Started process (PID=657) to work on /home/airflow/.local/lib/python3.12/site-packages/airflow/example_dags/example_branch_datetime_operator.py
[2024-05-11T15:51:29.883+0000] {processor.py:830} INFO - Processing file /home/airflow/.local/lib/python3.12/site-packages/airflow/example_dags/example_branch_datetime_operator.py for tasks to queue
[2024-05-11T15:51:29.884+0000] {logging_mixin.py:188} INFO - [2024-05-11T15:51:29.884+0000] {dagbag.py:545} INFO - Filling up the DagBag from /home/airflow/.local/lib/python3.12/site-packages/airflow/example_dags/example_branch_datetime_operator.py
[2024-05-11T15:51:29.892+0000] {processor.py:840} INFO - DAG(s) 'example_branch_datetime_operator', 'example_branch_datetime_operator_2', 'example_branch_datetime_operator_3' retrieved from /home/airflow/.local/lib/python3.12/site-packages/airflow/example_dags/example_branch_datetime_operator.py
[2024-05-11T15:51:29.913+0000] {logging_mixin.py:188} INFO - [2024-05-11T15:51:29.913+0000] {dag.py:3096} INFO - Sync 3 DAGs
[2024-05-11T15:51:29.933+0000] {logging_mixin.py:188} INFO - [2024-05-11T15:51:29.933+0000] {dag.py:3954} INFO - Setting next_dagrun for example_branch_datetime_operator to 2024-05-10 00:00:00+00:00, run_after=2024-05-11 00:00:00+00:00
[2024-05-11T15:51:29.937+0000] {logging_mixin.py:188} INFO - [2024-05-11T15:51:29.937+0000] {dag.py:3954} INFO - Setting next_dagrun for example_branch_datetime_operator_2 to 2024-05-10 00:00:00+00:00, run_after=2024-05-11 00:00:00+00:00
[2024-05-11T15:51:29.940+0000] {logging_mixin.py:188} INFO - [2024-05-11T15:51:29.940+0000] {dag.py:3954} INFO - Setting next_dagrun for example_branch_datetime_operator_3 to 2024-05-10 00:00:00+00:00, run_after=2024-05-11 00:00:00+00:00
[2024-05-11T15:51:29.956+0000] {processor.py:183} INFO - Processing /home/airflow/.local/lib/python3.12/site-packages/airflow/example_dags/example_branch_datetime_operator.py took 0.078 seconds
[2024-05-11T15:52:00.314+0000] {processor.py:161} INFO - Started process (PID=715) to work on /home/airflow/.local/lib/python3.12/site-packages/airflow/example_dags/example_branch_datetime_operator.py
[2024-05-11T15:52:00.315+0000] {processor.py:830} INFO - Processing file /home/airflow/.local/lib/python3.12/site-packages/airflow/example_dags/example_branch_datetime_operator.py for tasks to queue
[2024-05-11T15:52:00.319+0000] {logging_mixin.py:188} INFO - [2024-05-11T15:52:00.319+0000] {dagbag.py:545} INFO - Filling up the DagBag from /home/airflow/.local/lib/python3.12/site-packages/airflow/example_dags/example_branch_datetime_operator.py
[2024-05-11T15:52:00.330+0000] {processor.py:840} INFO - DAG(s) 'example_branch_datetime_operator_2', 'example_branch_datetime_operator_3', 'example_branch_datetime_operator' retrieved from /home/airflow/.local/lib/python3.12/site-packages/airflow/example_dags/example_branch_datetime_operator.py
[2024-05-11T15:52:00.357+0000] {logging_mixin.py:188} INFO - [2024-05-11T15:52:00.357+0000] {dag.py:3096} INFO - Sync 3 DAGs
[2024-05-11T15:52:00.389+0000] {logging_mixin.py:188} INFO - [2024-05-11T15:52:00.389+0000] {dag.py:3954} INFO - Setting next_dagrun for example_branch_datetime_operator to 2024-05-10 00:00:00+00:00, run_after=2024-05-11 00:00:00+00:00
[2024-05-11T15:52:00.399+0000] {logging_mixin.py:188} INFO - [2024-05-11T15:52:00.399+0000] {dag.py:3954} INFO - Setting next_dagrun for example_branch_datetime_operator_2 to 2024-05-10 00:00:00+00:00, run_after=2024-05-11 00:00:00+00:00
[2024-05-11T15:52:00.402+0000] {logging_mixin.py:188} INFO - [2024-05-11T15:52:00.402+0000] {dag.py:3954} INFO - Setting next_dagrun for example_branch_datetime_operator_3 to 2024-05-10 00:00:00+00:00, run_after=2024-05-11 00:00:00+00:00
[2024-05-11T15:52:00.467+0000] {processor.py:183} INFO - Processing /home/airflow/.local/lib/python3.12/site-packages/airflow/example_dags/example_branch_datetime_operator.py took 0.159 seconds
[2024-05-11T15:52:31.095+0000] {processor.py:161} INFO - Started process (PID=773) to work on /home/airflow/.local/lib/python3.12/site-packages/airflow/example_dags/example_branch_datetime_operator.py
[2024-05-11T15:52:31.098+0000] {processor.py:830} INFO - Processing file /home/airflow/.local/lib/python3.12/site-packages/airflow/example_dags/example_branch_datetime_operator.py for tasks to queue
[2024-05-11T15:52:31.101+0000] {logging_mixin.py:188} INFO - [2024-05-11T15:52:31.100+0000] {dagbag.py:545} INFO - Filling up the DagBag from /home/airflow/.local/lib/python3.12/site-packages/airflow/example_dags/example_branch_datetime_operator.py
[2024-05-11T15:52:31.120+0000] {processor.py:840} INFO - DAG(s) 'example_branch_datetime_operator_3', 'example_branch_datetime_operator_2', 'example_branch_datetime_operator' retrieved from /home/airflow/.local/lib/python3.12/site-packages/airflow/example_dags/example_branch_datetime_operator.py
[2024-05-11T15:52:31.166+0000] {logging_mixin.py:188} INFO - [2024-05-11T15:52:31.165+0000] {dag.py:3096} INFO - Sync 3 DAGs
[2024-05-11T15:52:31.291+0000] {logging_mixin.py:188} INFO - [2024-05-11T15:52:31.291+0000] {dag.py:3954} INFO - Setting next_dagrun for example_branch_datetime_operator to 2024-05-10 00:00:00+00:00, run_after=2024-05-11 00:00:00+00:00
[2024-05-11T15:52:31.302+0000] {logging_mixin.py:188} INFO - [2024-05-11T15:52:31.301+0000] {dag.py:3954} INFO - Setting next_dagrun for example_branch_datetime_operator_2 to 2024-05-10 00:00:00+00:00, run_after=2024-05-11 00:00:00+00:00
[2024-05-11T15:52:31.310+0000] {logging_mixin.py:188} INFO - [2024-05-11T15:52:31.310+0000] {dag.py:3954} INFO - Setting next_dagrun for example_branch_datetime_operator_3 to 2024-05-10 00:00:00+00:00, run_after=2024-05-11 00:00:00+00:00
[2024-05-11T15:52:31.345+0000] {processor.py:183} INFO - Processing /home/airflow/.local/lib/python3.12/site-packages/airflow/example_dags/example_branch_datetime_operator.py took 0.259 seconds
[2024-05-11T15:53:02.005+0000] {processor.py:161} INFO - Started process (PID=831) to work on /home/airflow/.local/lib/python3.12/site-packages/airflow/example_dags/example_branch_datetime_operator.py
[2024-05-11T15:53:02.006+0000] {processor.py:830} INFO - Processing file /home/airflow/.local/lib/python3.12/site-packages/airflow/example_dags/example_branch_datetime_operator.py for tasks to queue
[2024-05-11T15:53:02.008+0000] {logging_mixin.py:188} INFO - [2024-05-11T15:53:02.008+0000] {dagbag.py:545} INFO - Filling up the DagBag from /home/airflow/.local/lib/python3.12/site-packages/airflow/example_dags/example_branch_datetime_operator.py
[2024-05-11T15:53:02.018+0000] {processor.py:840} INFO - DAG(s) 'example_branch_datetime_operator', 'example_branch_datetime_operator_2', 'example_branch_datetime_operator_3' retrieved from /home/airflow/.local/lib/python3.12/site-packages/airflow/example_dags/example_branch_datetime_operator.py
[2024-05-11T15:53:02.045+0000] {logging_mixin.py:188} INFO - [2024-05-11T15:53:02.044+0000] {dag.py:3096} INFO - Sync 3 DAGs
[2024-05-11T15:53:02.067+0000] {logging_mixin.py:188} INFO - [2024-05-11T15:53:02.066+0000] {dag.py:3954} INFO - Setting next_dagrun for example_branch_datetime_operator to 2024-05-10 00:00:00+00:00, run_after=2024-05-11 00:00:00+00:00
[2024-05-11T15:53:02.072+0000] {logging_mixin.py:188} INFO - [2024-05-11T15:53:02.072+0000] {dag.py:3954} INFO - Setting next_dagrun for example_branch_datetime_operator_2 to 2024-05-10 00:00:00+00:00, run_after=2024-05-11 00:00:00+00:00
[2024-05-11T15:53:02.075+0000] {logging_mixin.py:188} INFO - [2024-05-11T15:53:02.074+0000] {dag.py:3954} INFO - Setting next_dagrun for example_branch_datetime_operator_3 to 2024-05-10 00:00:00+00:00, run_after=2024-05-11 00:00:00+00:00
[2024-05-11T15:53:02.090+0000] {processor.py:183} INFO - Processing /home/airflow/.local/lib/python3.12/site-packages/airflow/example_dags/example_branch_datetime_operator.py took 0.090 seconds
[2024-05-11T15:53:32.448+0000] {processor.py:161} INFO - Started process (PID=889) to work on /home/airflow/.local/lib/python3.12/site-packages/airflow/example_dags/example_branch_datetime_operator.py
[2024-05-11T15:53:32.449+0000] {processor.py:830} INFO - Processing file /home/airflow/.local/lib/python3.12/site-packages/airflow/example_dags/example_branch_datetime_operator.py for tasks to queue
[2024-05-11T15:53:32.451+0000] {logging_mixin.py:188} INFO - [2024-05-11T15:53:32.451+0000] {dagbag.py:545} INFO - Filling up the DagBag from /home/airflow/.local/lib/python3.12/site-packages/airflow/example_dags/example_branch_datetime_operator.py
[2024-05-11T15:53:32.460+0000] {processor.py:840} INFO - DAG(s) 'example_branch_datetime_operator', 'example_branch_datetime_operator_2', 'example_branch_datetime_operator_3' retrieved from /home/airflow/.local/lib/python3.12/site-packages/airflow/example_dags/example_branch_datetime_operator.py
[2024-05-11T15:53:32.484+0000] {logging_mixin.py:188} INFO - [2024-05-11T15:53:32.484+0000] {dag.py:3096} INFO - Sync 3 DAGs
[2024-05-11T15:53:32.505+0000] {logging_mixin.py:188} INFO - [2024-05-11T15:53:32.505+0000] {dag.py:3954} INFO - Setting next_dagrun for example_branch_datetime_operator to 2024-05-10 00:00:00+00:00, run_after=2024-05-11 00:00:00+00:00
[2024-05-11T15:53:32.510+0000] {logging_mixin.py:188} INFO - [2024-05-11T15:53:32.510+0000] {dag.py:3954} INFO - Setting next_dagrun for example_branch_datetime_operator_2 to 2024-05-10 00:00:00+00:00, run_after=2024-05-11 00:00:00+00:00
[2024-05-11T15:53:32.512+0000] {logging_mixin.py:188} INFO - [2024-05-11T15:53:32.512+0000] {dag.py:3954} INFO - Setting next_dagrun for example_branch_datetime_operator_3 to 2024-05-10 00:00:00+00:00, run_after=2024-05-11 00:00:00+00:00
[2024-05-11T15:53:32.542+0000] {processor.py:183} INFO - Processing /home/airflow/.local/lib/python3.12/site-packages/airflow/example_dags/example_branch_datetime_operator.py took 0.099 seconds
[2024-05-11T15:54:02.860+0000] {processor.py:161} INFO - Started process (PID=947) to work on /home/airflow/.local/lib/python3.12/site-packages/airflow/example_dags/example_branch_datetime_operator.py
[2024-05-11T15:54:02.861+0000] {processor.py:830} INFO - Processing file /home/airflow/.local/lib/python3.12/site-packages/airflow/example_dags/example_branch_datetime_operator.py for tasks to queue
[2024-05-11T15:54:02.863+0000] {logging_mixin.py:188} INFO - [2024-05-11T15:54:02.863+0000] {dagbag.py:545} INFO - Filling up the DagBag from /home/airflow/.local/lib/python3.12/site-packages/airflow/example_dags/example_branch_datetime_operator.py
[2024-05-11T15:54:02.872+0000] {processor.py:840} INFO - DAG(s) 'example_branch_datetime_operator_3', 'example_branch_datetime_operator_2', 'example_branch_datetime_operator' retrieved from /home/airflow/.local/lib/python3.12/site-packages/airflow/example_dags/example_branch_datetime_operator.py
[2024-05-11T15:54:02.896+0000] {logging_mixin.py:188} INFO - [2024-05-11T15:54:02.896+0000] {dag.py:3096} INFO - Sync 3 DAGs
[2024-05-11T15:54:02.917+0000] {logging_mixin.py:188} INFO - [2024-05-11T15:54:02.916+0000] {dag.py:3954} INFO - Setting next_dagrun for example_branch_datetime_operator to 2024-05-10 00:00:00+00:00, run_after=2024-05-11 00:00:00+00:00
[2024-05-11T15:54:02.921+0000] {logging_mixin.py:188} INFO - [2024-05-11T15:54:02.921+0000] {dag.py:3954} INFO - Setting next_dagrun for example_branch_datetime_operator_2 to 2024-05-10 00:00:00+00:00, run_after=2024-05-11 00:00:00+00:00
[2024-05-11T15:54:02.924+0000] {logging_mixin.py:188} INFO - [2024-05-11T15:54:02.924+0000] {dag.py:3954} INFO - Setting next_dagrun for example_branch_datetime_operator_3 to 2024-05-10 00:00:00+00:00, run_after=2024-05-11 00:00:00+00:00
[2024-05-11T15:54:02.939+0000] {processor.py:183} INFO - Processing /home/airflow/.local/lib/python3.12/site-packages/airflow/example_dags/example_branch_datetime_operator.py took 0.084 seconds
[2024-05-11T15:54:33.027+0000] {processor.py:161} INFO - Started process (PID=1005) to work on /home/airflow/.local/lib/python3.12/site-packages/airflow/example_dags/example_branch_datetime_operator.py
[2024-05-11T15:54:33.029+0000] {processor.py:830} INFO - Processing file /home/airflow/.local/lib/python3.12/site-packages/airflow/example_dags/example_branch_datetime_operator.py for tasks to queue
[2024-05-11T15:54:33.030+0000] {logging_mixin.py:188} INFO - [2024-05-11T15:54:33.030+0000] {dagbag.py:545} INFO - Filling up the DagBag from /home/airflow/.local/lib/python3.12/site-packages/airflow/example_dags/example_branch_datetime_operator.py
[2024-05-11T15:54:33.039+0000] {processor.py:840} INFO - DAG(s) 'example_branch_datetime_operator', 'example_branch_datetime_operator_2', 'example_branch_datetime_operator_3' retrieved from /home/airflow/.local/lib/python3.12/site-packages/airflow/example_dags/example_branch_datetime_operator.py
[2024-05-11T15:54:33.061+0000] {logging_mixin.py:188} INFO - [2024-05-11T15:54:33.061+0000] {dag.py:3096} INFO - Sync 3 DAGs
[2024-05-11T15:54:33.081+0000] {logging_mixin.py:188} INFO - [2024-05-11T15:54:33.081+0000] {dag.py:3954} INFO - Setting next_dagrun for example_branch_datetime_operator to 2024-05-10 00:00:00+00:00, run_after=2024-05-11 00:00:00+00:00
[2024-05-11T15:54:33.086+0000] {logging_mixin.py:188} INFO - [2024-05-11T15:54:33.086+0000] {dag.py:3954} INFO - Setting next_dagrun for example_branch_datetime_operator_2 to 2024-05-10 00:00:00+00:00, run_after=2024-05-11 00:00:00+00:00
[2024-05-11T15:54:33.089+0000] {logging_mixin.py:188} INFO - [2024-05-11T15:54:33.089+0000] {dag.py:3954} INFO - Setting next_dagrun for example_branch_datetime_operator_3 to 2024-05-10 00:00:00+00:00, run_after=2024-05-11 00:00:00+00:00
[2024-05-11T15:54:33.118+0000] {processor.py:183} INFO - Processing /home/airflow/.local/lib/python3.12/site-packages/airflow/example_dags/example_branch_datetime_operator.py took 0.095 seconds
[2024-05-11T15:55:03.650+0000] {processor.py:161} INFO - Started process (PID=1063) to work on /home/airflow/.local/lib/python3.12/site-packages/airflow/example_dags/example_branch_datetime_operator.py
[2024-05-11T15:55:03.650+0000] {processor.py:830} INFO - Processing file /home/airflow/.local/lib/python3.12/site-packages/airflow/example_dags/example_branch_datetime_operator.py for tasks to queue
[2024-05-11T15:55:03.652+0000] {logging_mixin.py:188} INFO - [2024-05-11T15:55:03.652+0000] {dagbag.py:545} INFO - Filling up the DagBag from /home/airflow/.local/lib/python3.12/site-packages/airflow/example_dags/example_branch_datetime_operator.py
[2024-05-11T15:55:03.660+0000] {processor.py:840} INFO - DAG(s) 'example_branch_datetime_operator_3', 'example_branch_datetime_operator', 'example_branch_datetime_operator_2' retrieved from /home/airflow/.local/lib/python3.12/site-packages/airflow/example_dags/example_branch_datetime_operator.py
[2024-05-11T15:55:03.684+0000] {logging_mixin.py:188} INFO - [2024-05-11T15:55:03.683+0000] {dag.py:3096} INFO - Sync 3 DAGs
[2024-05-11T15:55:03.704+0000] {logging_mixin.py:188} INFO - [2024-05-11T15:55:03.703+0000] {dag.py:3954} INFO - Setting next_dagrun for example_branch_datetime_operator to 2024-05-10 00:00:00+00:00, run_after=2024-05-11 00:00:00+00:00
[2024-05-11T15:55:03.709+0000] {logging_mixin.py:188} INFO - [2024-05-11T15:55:03.709+0000] {dag.py:3954} INFO - Setting next_dagrun for example_branch_datetime_operator_2 to 2024-05-10 00:00:00+00:00, run_after=2024-05-11 00:00:00+00:00
[2024-05-11T15:55:03.711+0000] {logging_mixin.py:188} INFO - [2024-05-11T15:55:03.711+0000] {dag.py:3954} INFO - Setting next_dagrun for example_branch_datetime_operator_3 to 2024-05-10 00:00:00+00:00, run_after=2024-05-11 00:00:00+00:00
[2024-05-11T15:55:03.733+0000] {processor.py:183} INFO - Processing /home/airflow/.local/lib/python3.12/site-packages/airflow/example_dags/example_branch_datetime_operator.py took 0.088 seconds
[2024-05-11T15:55:34.452+0000] {processor.py:161} INFO - Started process (PID=1122) to work on /home/airflow/.local/lib/python3.12/site-packages/airflow/example_dags/example_branch_datetime_operator.py
[2024-05-11T15:55:34.454+0000] {processor.py:830} INFO - Processing file /home/airflow/.local/lib/python3.12/site-packages/airflow/example_dags/example_branch_datetime_operator.py for tasks to queue
[2024-05-11T15:55:34.456+0000] {logging_mixin.py:188} INFO - [2024-05-11T15:55:34.456+0000] {dagbag.py:545} INFO - Filling up the DagBag from /home/airflow/.local/lib/python3.12/site-packages/airflow/example_dags/example_branch_datetime_operator.py
[2024-05-11T15:55:34.468+0000] {processor.py:840} INFO - DAG(s) 'example_branch_datetime_operator', 'example_branch_datetime_operator_3', 'example_branch_datetime_operator_2' retrieved from /home/airflow/.local/lib/python3.12/site-packages/airflow/example_dags/example_branch_datetime_operator.py
[2024-05-11T15:55:34.497+0000] {logging_mixin.py:188} INFO - [2024-05-11T15:55:34.496+0000] {dag.py:3096} INFO - Sync 3 DAGs
[2024-05-11T15:55:34.520+0000] {logging_mixin.py:188} INFO - [2024-05-11T15:55:34.520+0000] {dag.py:3954} INFO - Setting next_dagrun for example_branch_datetime_operator to 2024-05-10 00:00:00+00:00, run_after=2024-05-11 00:00:00+00:00
[2024-05-11T15:55:34.525+0000] {logging_mixin.py:188} INFO - [2024-05-11T15:55:34.525+0000] {dag.py:3954} INFO - Setting next_dagrun for example_branch_datetime_operator_2 to 2024-05-10 00:00:00+00:00, run_after=2024-05-11 00:00:00+00:00
[2024-05-11T15:55:34.527+0000] {logging_mixin.py:188} INFO - [2024-05-11T15:55:34.527+0000] {dag.py:3954} INFO - Setting next_dagrun for example_branch_datetime_operator_3 to 2024-05-10 00:00:00+00:00, run_after=2024-05-11 00:00:00+00:00
[2024-05-11T15:55:34.543+0000] {processor.py:183} INFO - Processing /home/airflow/.local/lib/python3.12/site-packages/airflow/example_dags/example_branch_datetime_operator.py took 0.101 seconds
[2024-05-11T15:56:05.016+0000] {processor.py:161} INFO - Started process (PID=1180) to work on /home/airflow/.local/lib/python3.12/site-packages/airflow/example_dags/example_branch_datetime_operator.py
[2024-05-11T15:56:05.017+0000] {processor.py:830} INFO - Processing file /home/airflow/.local/lib/python3.12/site-packages/airflow/example_dags/example_branch_datetime_operator.py for tasks to queue
[2024-05-11T15:56:05.019+0000] {logging_mixin.py:188} INFO - [2024-05-11T15:56:05.019+0000] {dagbag.py:545} INFO - Filling up the DagBag from /home/airflow/.local/lib/python3.12/site-packages/airflow/example_dags/example_branch_datetime_operator.py
[2024-05-11T15:56:05.028+0000] {processor.py:840} INFO - DAG(s) 'example_branch_datetime_operator_3', 'example_branch_datetime_operator', 'example_branch_datetime_operator_2' retrieved from /home/airflow/.local/lib/python3.12/site-packages/airflow/example_dags/example_branch_datetime_operator.py
[2024-05-11T15:56:05.055+0000] {logging_mixin.py:188} INFO - [2024-05-11T15:56:05.055+0000] {dag.py:3096} INFO - Sync 3 DAGs
[2024-05-11T15:56:05.083+0000] {logging_mixin.py:188} INFO - [2024-05-11T15:56:05.083+0000] {dag.py:3954} INFO - Setting next_dagrun for example_branch_datetime_operator to 2024-05-10 00:00:00+00:00, run_after=2024-05-11 00:00:00+00:00
[2024-05-11T15:56:05.090+0000] {logging_mixin.py:188} INFO - [2024-05-11T15:56:05.090+0000] {dag.py:3954} INFO - Setting next_dagrun for example_branch_datetime_operator_2 to 2024-05-10 00:00:00+00:00, run_after=2024-05-11 00:00:00+00:00
[2024-05-11T15:56:05.093+0000] {logging_mixin.py:188} INFO - [2024-05-11T15:56:05.093+0000] {dag.py:3954} INFO - Setting next_dagrun for example_branch_datetime_operator_3 to 2024-05-10 00:00:00+00:00, run_after=2024-05-11 00:00:00+00:00
[2024-05-11T15:56:05.112+0000] {processor.py:183} INFO - Processing /home/airflow/.local/lib/python3.12/site-packages/airflow/example_dags/example_branch_datetime_operator.py took 0.101 seconds
[2024-05-11T15:56:35.642+0000] {processor.py:161} INFO - Started process (PID=1238) to work on /home/airflow/.local/lib/python3.12/site-packages/airflow/example_dags/example_branch_datetime_operator.py
[2024-05-11T15:56:35.643+0000] {processor.py:830} INFO - Processing file /home/airflow/.local/lib/python3.12/site-packages/airflow/example_dags/example_branch_datetime_operator.py for tasks to queue
[2024-05-11T15:56:35.644+0000] {logging_mixin.py:188} INFO - [2024-05-11T15:56:35.644+0000] {dagbag.py:545} INFO - Filling up the DagBag from /home/airflow/.local/lib/python3.12/site-packages/airflow/example_dags/example_branch_datetime_operator.py
[2024-05-11T15:56:35.652+0000] {processor.py:840} INFO - DAG(s) 'example_branch_datetime_operator', 'example_branch_datetime_operator_2', 'example_branch_datetime_operator_3' retrieved from /home/airflow/.local/lib/python3.12/site-packages/airflow/example_dags/example_branch_datetime_operator.py
[2024-05-11T15:56:35.675+0000] {logging_mixin.py:188} INFO - [2024-05-11T15:56:35.675+0000] {dag.py:3096} INFO - Sync 3 DAGs
[2024-05-11T15:56:35.695+0000] {logging_mixin.py:188} INFO - [2024-05-11T15:56:35.695+0000] {dag.py:3954} INFO - Setting next_dagrun for example_branch_datetime_operator to 2024-05-10 00:00:00+00:00, run_after=2024-05-11 00:00:00+00:00
[2024-05-11T15:56:35.700+0000] {logging_mixin.py:188} INFO - [2024-05-11T15:56:35.700+0000] {dag.py:3954} INFO - Setting next_dagrun for example_branch_datetime_operator_2 to 2024-05-10 00:00:00+00:00, run_after=2024-05-11 00:00:00+00:00
[2024-05-11T15:56:35.703+0000] {logging_mixin.py:188} INFO - [2024-05-11T15:56:35.702+0000] {dag.py:3954} INFO - Setting next_dagrun for example_branch_datetime_operator_3 to 2024-05-10 00:00:00+00:00, run_after=2024-05-11 00:00:00+00:00
[2024-05-11T15:56:35.717+0000] {processor.py:183} INFO - Processing /home/airflow/.local/lib/python3.12/site-packages/airflow/example_dags/example_branch_datetime_operator.py took 0.079 seconds
[2024-05-11T16:03:45.014+0000] {processor.py:161} INFO - Started process (PID=70) to work on /home/airflow/.local/lib/python3.12/site-packages/airflow/example_dags/example_branch_datetime_operator.py
[2024-05-11T16:03:45.017+0000] {processor.py:830} INFO - Processing file /home/airflow/.local/lib/python3.12/site-packages/airflow/example_dags/example_branch_datetime_operator.py for tasks to queue
[2024-05-11T16:03:45.023+0000] {logging_mixin.py:188} INFO - [2024-05-11T16:03:45.022+0000] {dagbag.py:545} INFO - Filling up the DagBag from /home/airflow/.local/lib/python3.12/site-packages/airflow/example_dags/example_branch_datetime_operator.py
[2024-05-11T16:03:45.072+0000] {processor.py:840} INFO - DAG(s) 'example_branch_datetime_operator_3', 'example_branch_datetime_operator', 'example_branch_datetime_operator_2' retrieved from /home/airflow/.local/lib/python3.12/site-packages/airflow/example_dags/example_branch_datetime_operator.py
[2024-05-11T16:03:45.340+0000] {logging_mixin.py:188} INFO - [2024-05-11T16:03:45.339+0000] {dag.py:3096} INFO - Sync 3 DAGs
[2024-05-11T16:03:45.374+0000] {logging_mixin.py:188} INFO - [2024-05-11T16:03:45.374+0000] {dag.py:3954} INFO - Setting next_dagrun for example_branch_datetime_operator to 2024-05-10 00:00:00+00:00, run_after=2024-05-11 00:00:00+00:00
[2024-05-11T16:03:45.381+0000] {logging_mixin.py:188} INFO - [2024-05-11T16:03:45.381+0000] {dag.py:3954} INFO - Setting next_dagrun for example_branch_datetime_operator_2 to 2024-05-10 00:00:00+00:00, run_after=2024-05-11 00:00:00+00:00
[2024-05-11T16:03:45.386+0000] {logging_mixin.py:188} INFO - [2024-05-11T16:03:45.385+0000] {dag.py:3954} INFO - Setting next_dagrun for example_branch_datetime_operator_3 to 2024-05-10 00:00:00+00:00, run_after=2024-05-11 00:00:00+00:00
[2024-05-11T16:03:45.416+0000] {processor.py:183} INFO - Processing /home/airflow/.local/lib/python3.12/site-packages/airflow/example_dags/example_branch_datetime_operator.py took 0.421 seconds
[2024-05-11T16:04:16.189+0000] {processor.py:161} INFO - Started process (PID=128) to work on /home/airflow/.local/lib/python3.12/site-packages/airflow/example_dags/example_branch_datetime_operator.py
[2024-05-11T16:04:16.191+0000] {processor.py:830} INFO - Processing file /home/airflow/.local/lib/python3.12/site-packages/airflow/example_dags/example_branch_datetime_operator.py for tasks to queue
[2024-05-11T16:04:16.192+0000] {logging_mixin.py:188} INFO - [2024-05-11T16:04:16.192+0000] {dagbag.py:545} INFO - Filling up the DagBag from /home/airflow/.local/lib/python3.12/site-packages/airflow/example_dags/example_branch_datetime_operator.py
[2024-05-11T16:04:16.201+0000] {processor.py:840} INFO - DAG(s) 'example_branch_datetime_operator', 'example_branch_datetime_operator_3', 'example_branch_datetime_operator_2' retrieved from /home/airflow/.local/lib/python3.12/site-packages/airflow/example_dags/example_branch_datetime_operator.py
[2024-05-11T16:04:16.225+0000] {logging_mixin.py:188} INFO - [2024-05-11T16:04:16.224+0000] {dag.py:3096} INFO - Sync 3 DAGs
[2024-05-11T16:04:16.247+0000] {logging_mixin.py:188} INFO - [2024-05-11T16:04:16.246+0000] {dag.py:3954} INFO - Setting next_dagrun for example_branch_datetime_operator to 2024-05-10 00:00:00+00:00, run_after=2024-05-11 00:00:00+00:00
[2024-05-11T16:04:16.252+0000] {logging_mixin.py:188} INFO - [2024-05-11T16:04:16.251+0000] {dag.py:3954} INFO - Setting next_dagrun for example_branch_datetime_operator_2 to 2024-05-10 00:00:00+00:00, run_after=2024-05-11 00:00:00+00:00
[2024-05-11T16:04:16.254+0000] {logging_mixin.py:188} INFO - [2024-05-11T16:04:16.254+0000] {dag.py:3954} INFO - Setting next_dagrun for example_branch_datetime_operator_3 to 2024-05-10 00:00:00+00:00, run_after=2024-05-11 00:00:00+00:00
[2024-05-11T16:04:16.268+0000] {processor.py:183} INFO - Processing /home/airflow/.local/lib/python3.12/site-packages/airflow/example_dags/example_branch_datetime_operator.py took 0.084 seconds
[2024-05-11T16:04:46.807+0000] {processor.py:161} INFO - Started process (PID=186) to work on /home/airflow/.local/lib/python3.12/site-packages/airflow/example_dags/example_branch_datetime_operator.py
[2024-05-11T16:04:46.808+0000] {processor.py:830} INFO - Processing file /home/airflow/.local/lib/python3.12/site-packages/airflow/example_dags/example_branch_datetime_operator.py for tasks to queue
[2024-05-11T16:04:46.810+0000] {logging_mixin.py:188} INFO - [2024-05-11T16:04:46.810+0000] {dagbag.py:545} INFO - Filling up the DagBag from /home/airflow/.local/lib/python3.12/site-packages/airflow/example_dags/example_branch_datetime_operator.py
[2024-05-11T16:04:46.821+0000] {processor.py:840} INFO - DAG(s) 'example_branch_datetime_operator', 'example_branch_datetime_operator_2', 'example_branch_datetime_operator_3' retrieved from /home/airflow/.local/lib/python3.12/site-packages/airflow/example_dags/example_branch_datetime_operator.py
[2024-05-11T16:04:46.851+0000] {logging_mixin.py:188} INFO - [2024-05-11T16:04:46.851+0000] {dag.py:3096} INFO - Sync 3 DAGs
[2024-05-11T16:04:46.877+0000] {logging_mixin.py:188} INFO - [2024-05-11T16:04:46.876+0000] {dag.py:3954} INFO - Setting next_dagrun for example_branch_datetime_operator to 2024-05-10 00:00:00+00:00, run_after=2024-05-11 00:00:00+00:00
[2024-05-11T16:04:46.884+0000] {logging_mixin.py:188} INFO - [2024-05-11T16:04:46.884+0000] {dag.py:3954} INFO - Setting next_dagrun for example_branch_datetime_operator_2 to 2024-05-10 00:00:00+00:00, run_after=2024-05-11 00:00:00+00:00
[2024-05-11T16:04:46.888+0000] {logging_mixin.py:188} INFO - [2024-05-11T16:04:46.888+0000] {dag.py:3954} INFO - Setting next_dagrun for example_branch_datetime_operator_3 to 2024-05-10 00:00:00+00:00, run_after=2024-05-11 00:00:00+00:00
[2024-05-11T16:04:46.910+0000] {processor.py:183} INFO - Processing /home/airflow/.local/lib/python3.12/site-packages/airflow/example_dags/example_branch_datetime_operator.py took 0.109 seconds
[2024-05-11T16:05:17.055+0000] {processor.py:161} INFO - Started process (PID=244) to work on /home/airflow/.local/lib/python3.12/site-packages/airflow/example_dags/example_branch_datetime_operator.py
[2024-05-11T16:05:17.056+0000] {processor.py:830} INFO - Processing file /home/airflow/.local/lib/python3.12/site-packages/airflow/example_dags/example_branch_datetime_operator.py for tasks to queue
[2024-05-11T16:05:17.057+0000] {logging_mixin.py:188} INFO - [2024-05-11T16:05:17.057+0000] {dagbag.py:545} INFO - Filling up the DagBag from /home/airflow/.local/lib/python3.12/site-packages/airflow/example_dags/example_branch_datetime_operator.py
[2024-05-11T16:05:17.066+0000] {processor.py:840} INFO - DAG(s) 'example_branch_datetime_operator_3', 'example_branch_datetime_operator', 'example_branch_datetime_operator_2' retrieved from /home/airflow/.local/lib/python3.12/site-packages/airflow/example_dags/example_branch_datetime_operator.py
[2024-05-11T16:05:17.089+0000] {logging_mixin.py:188} INFO - [2024-05-11T16:05:17.089+0000] {dag.py:3096} INFO - Sync 3 DAGs
[2024-05-11T16:05:17.109+0000] {logging_mixin.py:188} INFO - [2024-05-11T16:05:17.109+0000] {dag.py:3954} INFO - Setting next_dagrun for example_branch_datetime_operator to 2024-05-10 00:00:00+00:00, run_after=2024-05-11 00:00:00+00:00
[2024-05-11T16:05:17.114+0000] {logging_mixin.py:188} INFO - [2024-05-11T16:05:17.114+0000] {dag.py:3954} INFO - Setting next_dagrun for example_branch_datetime_operator_2 to 2024-05-10 00:00:00+00:00, run_after=2024-05-11 00:00:00+00:00
[2024-05-11T16:05:17.116+0000] {logging_mixin.py:188} INFO - [2024-05-11T16:05:17.116+0000] {dag.py:3954} INFO - Setting next_dagrun for example_branch_datetime_operator_3 to 2024-05-10 00:00:00+00:00, run_after=2024-05-11 00:00:00+00:00
[2024-05-11T16:05:17.130+0000] {processor.py:183} INFO - Processing /home/airflow/.local/lib/python3.12/site-packages/airflow/example_dags/example_branch_datetime_operator.py took 0.080 seconds
[2024-05-11T16:05:47.712+0000] {processor.py:161} INFO - Started process (PID=302) to work on /home/airflow/.local/lib/python3.12/site-packages/airflow/example_dags/example_branch_datetime_operator.py
[2024-05-11T16:05:47.713+0000] {processor.py:830} INFO - Processing file /home/airflow/.local/lib/python3.12/site-packages/airflow/example_dags/example_branch_datetime_operator.py for tasks to queue
[2024-05-11T16:05:47.715+0000] {logging_mixin.py:188} INFO - [2024-05-11T16:05:47.715+0000] {dagbag.py:545} INFO - Filling up the DagBag from /home/airflow/.local/lib/python3.12/site-packages/airflow/example_dags/example_branch_datetime_operator.py
[2024-05-11T16:05:47.723+0000] {processor.py:840} INFO - DAG(s) 'example_branch_datetime_operator', 'example_branch_datetime_operator_2', 'example_branch_datetime_operator_3' retrieved from /home/airflow/.local/lib/python3.12/site-packages/airflow/example_dags/example_branch_datetime_operator.py
[2024-05-11T16:05:47.747+0000] {logging_mixin.py:188} INFO - [2024-05-11T16:05:47.747+0000] {dag.py:3096} INFO - Sync 3 DAGs
[2024-05-11T16:05:47.767+0000] {logging_mixin.py:188} INFO - [2024-05-11T16:05:47.766+0000] {dag.py:3954} INFO - Setting next_dagrun for example_branch_datetime_operator to 2024-05-10 00:00:00+00:00, run_after=2024-05-11 00:00:00+00:00
[2024-05-11T16:05:47.771+0000] {logging_mixin.py:188} INFO - [2024-05-11T16:05:47.771+0000] {dag.py:3954} INFO - Setting next_dagrun for example_branch_datetime_operator_2 to 2024-05-10 00:00:00+00:00, run_after=2024-05-11 00:00:00+00:00
[2024-05-11T16:05:47.774+0000] {logging_mixin.py:188} INFO - [2024-05-11T16:05:47.774+0000] {dag.py:3954} INFO - Setting next_dagrun for example_branch_datetime_operator_3 to 2024-05-10 00:00:00+00:00, run_after=2024-05-11 00:00:00+00:00
[2024-05-11T16:05:47.788+0000] {processor.py:183} INFO - Processing /home/airflow/.local/lib/python3.12/site-packages/airflow/example_dags/example_branch_datetime_operator.py took 0.080 seconds
